[2022-11-16 20:45:35,903] [builder.py:193]            [INFO]     |====================================================================================================|
[2022-11-16 20:45:35,903] [builder.py:193]            [INFO]     |                              TMDb Trending Collection in Kids Movies                               |
[2022-11-16 20:45:35,903] [builder.py:193]            [INFO]     |====================================================================================================|
[2022-11-16 20:45:35,904] [builder.py:194]            [INFO]     |                                                                                                    |
[2022-11-16 20:45:35,904] [builder.py:199]            [INFO]     |================================ Building Definition From Templates ================================|
[2022-11-16 20:45:35,904] [builder.py:209]            [DEBUG]    |                                                                                                    |
[2022-11-16 20:45:35,904] [builder.py:210]            [DEBUG]    | Validating Method: variables                                                                       |
[2022-11-16 20:45:35,905] [builder.py:215]            [DEBUG]    |                                                                                                    |
[2022-11-16 20:45:35,905] [meta.py:210]               [DEBUG]    |========================================== Template tmdb ===========================================|
[2022-11-16 20:45:35,905] [meta.py:451]               [DEBUG]    |                                                                                                    |
[2022-11-16 20:45:35,907] [meta.py:210]               [DEBUG]    |========================================= Template shared ==========================================|
[2022-11-16 20:45:35,908] [meta.py:451]               [DEBUG]    |                                                                                                    |
[2022-11-16 20:45:35,926] [meta.py:210]               [DEBUG]    |=========================================== Template arr ===========================================|
[2022-11-16 20:45:35,928] [meta.py:451]               [DEBUG]    |                                                                                                    |
[2022-11-16 20:45:35,936] [meta.py:210]               [DEBUG]    |========================================= Template custom ==========================================|
[2022-11-16 20:45:35,937] [meta.py:451]               [DEBUG]    |                                                                                                    |
[2022-11-16 20:45:35,942] [meta.py:210]               [DEBUG]    |======================================= Template translation =======================================|
[2022-11-16 20:45:35,943] [meta.py:451]               [DEBUG]    |                                                                                                    |
[2022-11-16 20:45:35,947] [meta.py:512]               [DEBUG]    |                                                                                                    |
[2022-11-16 20:45:35,947] [meta.py:513]               [DEBUG]    |==================================== Final Template Attributes =====================================|
[2022-11-16 20:45:35,947] [meta.py:514]               [DEBUG]    |                                                                                                    |
[2022-11-16 20:45:35,947] [meta.py:515]               [DEBUG]    | {'tmdb_trending_weekly': 100, 'ignore_blank_results': True, 'collection_mode': 'hide', 'sort_title': '!01_TMDb Trending', 'url_poster': 'https://raw.githubusercontent.com/meisnate12/Plex-Meta-Manager-Images/master/chart/TMDb%20Trending.jpg', 'collection_order': 'custom', 'sync_mode': 'sync', 'cache_builders': 1, 'summary': 'A collection of movies trending on TMDb.', 'name': 'TMDb Trending'} |
[2022-11-16 20:45:35,947] [meta.py:516]               [DEBUG]    |                                                                                                    |
[2022-11-16 20:45:35,947] [builder.py:223]            [INFO]     |=============================== Validating TMDb Trending Attributes ================================|
[2022-11-16 20:45:35,947] [builder.py:226]            [DEBUG]    |                                                                                                    |
[2022-11-16 20:45:35,948] [builder.py:227]            [DEBUG]    | Validating Method: name                                                                            |
[2022-11-16 20:45:35,948] [builder.py:230]            [DEBUG]    | Value: TMDb Trending                                                                               |
[2022-11-16 20:45:35,948] [builder.py:502]            [DEBUG]    |                                                                                                    |
[2022-11-16 20:45:35,948] [builder.py:503]            [DEBUG]    | Validating Method: ignore_blank_results                                                            |
[2022-11-16 20:45:35,948] [builder.py:504]            [DEBUG]    | Value: True                                                                                        |
[2022-11-16 20:45:35,948] [builder.py:516]            [DEBUG]    |                                                                                                    |
[2022-11-16 20:45:35,948] [builder.py:517]            [DEBUG]    | Validating Method: sync_mode                                                                       |
[2022-11-16 20:45:35,948] [builder.py:521]            [DEBUG]    | Value: sync                                                                                        |
[2022-11-16 20:45:35,948] [builder.py:613]            [DEBUG]    |                                                                                                    |
[2022-11-16 20:45:35,948] [builder.py:614]            [DEBUG]    | Validating Method: collection_order                                                                |
[2022-11-16 20:45:35,948] [builder.py:615]            [DEBUG]    | Value: custom                                                                                      |
[2022-11-16 20:45:35,949] [builder.py:646]            [DEBUG]    |                                                                                                    |
[2022-11-16 20:45:35,949] [builder.py:650]            [DEBUG]    | Validating Method: tmdb_trending_weekly                                                            |
[2022-11-16 20:45:35,949] [builder.py:651]            [DEBUG]    | Value: 100                                                                                         |
[2022-11-16 20:45:35,949] [builder.py:646]            [DEBUG]    |                                                                                                    |
[2022-11-16 20:45:35,949] [builder.py:650]            [DEBUG]    | Validating Method: collection_mode                                                                 |
[2022-11-16 20:45:35,949] [builder.py:651]            [DEBUG]    | Value: hide                                                                                        |
[2022-11-16 20:45:35,949] [builder.py:646]            [DEBUG]    |                                                                                                    |
[2022-11-16 20:45:35,949] [builder.py:650]            [DEBUG]    | Validating Method: sort_title                                                                      |
[2022-11-16 20:45:35,949] [builder.py:651]            [DEBUG]    | Value: !01_TMDb Trending                                                                           |
[2022-11-16 20:45:35,949] [builder.py:646]            [DEBUG]    |                                                                                                    |
[2022-11-16 20:45:35,949] [builder.py:650]            [DEBUG]    | Validating Method: url_poster                                                                      |
[2022-11-16 20:45:35,950] [builder.py:651]            [DEBUG]    | Value: https://raw.githubusercontent.com/meisnate12/Plex-Meta-Manager-Images/master/chart/TMDb%20Trending.jpg |
[2022-11-16 20:45:36,128] [builder.py:646]            [DEBUG]    |                                                                                                    |
[2022-11-16 20:45:36,128] [builder.py:650]            [DEBUG]    | Validating Method: cache_builders                                                                  |
[2022-11-16 20:45:36,128] [builder.py:651]            [DEBUG]    | Value: 1                                                                                           |
[2022-11-16 20:45:36,128] [builder.py:646]            [DEBUG]    |                                                                                                    |
[2022-11-16 20:45:36,128] [builder.py:650]            [DEBUG]    | Validating Method: summary                                                                         |
[2022-11-16 20:45:36,128] [builder.py:651]            [DEBUG]    | Value: A collection of movies trending on TMDb.                                                    |
[2022-11-16 20:45:36,135] [plex.py:835]               [DEBUG]    |                                                                                                    |
[2022-11-16 20:45:36,136] [plex.py:838]               [DEBUG]    | Looking for: TMDb Trending                                                                         |
[2022-11-16 20:45:36,136] [builder.py:814]            [INFO]     |                                                                                                    |
[2022-11-16 20:45:36,136] [builder.py:815]            [INFO]     | Validation Successful                                                                              |
[2022-11-16 20:45:36,136] [plex_meta_manager.py:594]  [INFO]     |                                                                                                    |
[2022-11-16 20:45:36,137] [plex_meta_manager.py:596]  [INFO]     |================================= Running TMDb Trending Collection =================================|
[2022-11-16 20:45:36,137] [plex_meta_manager.py:608]  [INFO]     |                                                                                                    |
[2022-11-16 20:45:36,137] [plex_meta_manager.py:609]  [INFO]     | Sync Mode: sync                                                                                    |
[2022-11-16 20:45:36,137] [plex_meta_manager.py:612]  [DEBUG]    |                                                                                                    |
[2022-11-16 20:45:36,137] [plex_meta_manager.py:613]  [DEBUG]    | Builder: tmdb_trending_weekly: 100                                                                 |
[2022-11-16 20:45:36,137] [plex_meta_manager.py:614]  [INFO]     |                                                                                                    |
[2022-11-16 20:45:36,138] [builder.py:1523]           [INFO]     | Builder: tmdb_trending_weekly loaded from Cache                                                    |
[2022-11-16 20:45:36,140] [builder.py:1574]           [DEBUG]    |                                                                                                    |
[2022-11-16 20:45:36,140] [builder.py:1575]           [DEBUG]    | 100 IDs Found                                                                                      |
[2022-11-16 20:45:36,140] [builder.py:1577]           [DEBUG]    |                                                                                                    |
[2022-11-16 20:45:36,141] [builder.py:2158]           [INFO]     |                                                                                                    |
[2022-11-16 20:45:36,141] [builder.py:2159]           [INFO]     |================================ Adding to TMDb Trending Collection ================================|
[2022-11-16 20:45:36,141] [builder.py:2160]           [INFO]     |                                                                                                    |
[2022-11-16 20:45:36,141] [builder.py:2174]           [INFO]     | 1/5 | TMDb Trending Collection | + | My Father's Dragon (2022)                                     |
[2022-11-16 20:45:36,291] [builder.py:2174]           [INFO]     | 2/5 | TMDb Trending Collection | + | Minions: The Rise of Gru (2022)                               |
[2022-11-16 20:45:36,429] [builder.py:2174]           [INFO]     | 3/5 | TMDb Trending Collection | + | Everything Everywhere All at Once (2022)                      |
[2022-11-16 20:45:38,644] [builder.py:2174]           [INFO]     | 4/5 | TMDb Trending Collection | + | Tom and Jerry: Snowman's Land (2022)                          |
[2022-11-16 20:45:38,771] [builder.py:2174]           [INFO]     | 5/5 | TMDb Trending Collection | + | DC League of Super-Pets (2022)                                |
[2022-11-16 20:45:43,644] [builder.py:2194]           [INFO]     |                                                                                                    |
[2022-11-16 20:45:43,644] [builder.py:2196]           [INFO]     | 5 Movies Processed 5 Movies Added                                                                  |
[2022-11-16 20:45:43,644] [builder.py:2306]           [INFO]     |                                                                                                    |
[2022-11-16 20:45:43,644] [builder.py:2307]           [INFO]     |============================= Missing Movies from Library: Kids Movies =============================|
[2022-11-16 20:45:43,644] [builder.py:2308]           [INFO]     |                                                                                                    |
[2022-11-16 20:45:43,660] [builder.py:2321]           [INFO]     | TMDb Trending Collection | ? | Black Panther: Wakanda Forever (2022) (TMDb: 505642)                |
[2022-11-16 20:45:43,670] [builder.py:2321]           [INFO]     | TMDb Trending Collection | ? | Enola Holmes 2 (2022) (TMDb: 829280)                                |
[2022-11-16 20:45:43,686] [builder.py:2321]           [INFO]     | TMDb Trending Collection | ? | Black Adam (2022) (TMDb: 436270)                                    |
[2022-11-16 20:45:43,698] [builder.py:2321]           [INFO]     | TMDb Trending Collection | ? | Smile (2022) (TMDb: 882598)                                         |
[2022-11-16 20:45:43,709] [builder.py:2321]           [INFO]     | TMDb Trending Collection | ? | All Quiet on the Western Front (2022) (TMDb: 49046)                 |
[2022-11-16 20:45:43,726] [builder.py:2321]           [INFO]     | TMDb Trending Collection | ? | Amsterdam (2022) (TMDb: 664469)                                     |
[2022-11-16 20:45:43,738] [builder.py:2321]           [INFO]     | TMDb Trending Collection | ? | Top Gun: Maverick (2022) (TMDb: 361743)                             |
[2022-11-16 20:45:43,750] [builder.py:2321]           [INFO]     | TMDb Trending Collection | ? | Lost Bullet 2 (2022) (TMDb: 948276)                                 |
[2022-11-16 20:45:43,759] [builder.py:2321]           [INFO]     | TMDb Trending Collection | ? | See How They Run (2022) (TMDb: 766475)                              |
[2022-11-16 20:45:43,773] [builder.py:2321]           [INFO]     | TMDb Trending Collection | ? | Barbarian (2022) (TMDb: 913290)                                     |
[2022-11-16 20:45:43,784] [builder.py:2321]           [INFO]     | TMDb Trending Collection | ? | Bullet Train (2022) (TMDb: 718930)                                  |
[2022-11-16 20:45:43,795] [builder.py:2321]           [INFO]     | TMDb Trending Collection | ? | R.I.P.D. 2: Rise of the Damned (2022) (TMDb: 1013860)               |
[2022-11-16 20:45:43,805] [builder.py:2321]           [INFO]     | TMDb Trending Collection | ? | Causeway (2022) (TMDb: 595586)                                      |
[2022-11-16 20:45:43,819] [builder.py:2321]           [INFO]     | TMDb Trending Collection | ? | Don't Worry Darling (2022) (TMDb: 619730)                           |
[2022-11-16 20:45:43,829] [builder.py:2321]           [INFO]     | TMDb Trending Collection | ? | Falling for Christmas (2022) (TMDb: 833097)                         |
[2022-11-16 20:45:43,841] [builder.py:2321]           [INFO]     | TMDb Trending Collection | ? | The Woman King (2022) (TMDb: 724495)                                |
[2022-11-16 20:45:43,853] [builder.py:2321]           [INFO]     | TMDb Trending Collection | ? | Nope (2022) (TMDb: 762504)                                          |
[2022-11-16 20:45:43,863] [builder.py:2321]           [INFO]     | TMDb Trending Collection | ? | Thor: Love and Thunder (2022) (TMDb: 616037)                        |
[2022-11-16 20:45:43,877] [builder.py:2321]           [INFO]     | TMDb Trending Collection | ? | Weird: The Al Yankovic Story (2022) (TMDb: 928344)                  |
[2022-11-16 20:45:43,888] [builder.py:2321]           [INFO]     | TMDb Trending Collection | ? | Ticket to Paradise (2022) (TMDb: 800939)                            |
[2022-11-16 20:45:43,899] [builder.py:2321]           [INFO]     | TMDb Trending Collection | ? | My Policeman (2022) (TMDb: 744114)                                  |
[2022-11-16 20:45:43,910] [builder.py:2321]           [INFO]     | TMDb Trending Collection | ? | Spider-Man: No Way Home (2021) (TMDb: 634649)                       |
[2022-11-16 20:45:43,921] [builder.py:2321]           [INFO]     | TMDb Trending Collection | ? | On the Line (2022) (TMDb: 979924)                                   |
[2022-11-16 20:45:43,931] [builder.py:2321]           [INFO]     | TMDb Trending Collection | ? | Overdose (2022) (TMDb: 896485)                                      |
[2022-11-16 20:45:43,942] [builder.py:2321]           [INFO]     | TMDb Trending Collection | ? | Poker Face (2022) (TMDb: 842934)                                    |
[2022-11-16 20:45:43,954] [builder.py:2321]           [INFO]     | TMDb Trending Collection | ? | The Good Nurse (2022) (TMDb: 541134)                                |
[2022-11-16 20:45:43,969] [builder.py:2321]           [INFO]     | TMDb Trending Collection | ? | Halloween Ends (2022) (TMDb: 616820)                                |
[2022-11-16 20:45:43,980] [builder.py:2321]           [INFO]     | TMDb Trending Collection | ? | Terrifier 2 (2022) (TMDb: 663712)                                   |
[2022-11-16 20:45:44,012] [builder.py:2321]           [INFO]     | TMDb Trending Collection | ? | Medieval (2022) (TMDb: 551271)                                      |
[2022-11-16 20:45:44,028] [builder.py:2321]           [INFO]     | TMDb Trending Collection | ? | The Soccer Football Movie (2022) (TMDb: 1037858)                    |
[2022-11-16 20:45:44,040] [builder.py:2321]           [INFO]     | TMDb Trending Collection | ? | TÁR (2022) (TMDb: 817758)                                           |
[2022-11-16 20:45:44,051] [builder.py:2325]           [INFO]     | TMDb Trending Collection | X | Avatar: The Way of Water (2022) (TMDb: 76600)                       |
[2022-11-16 20:45:44,062] [builder.py:2321]           [INFO]     | TMDb Trending Collection | ? | Tad the Lost Explorer and the Curse of the Mummy (2022) (TMDb: 676701) |
[2022-11-16 20:45:44,073] [builder.py:2321]           [INFO]     | TMDb Trending Collection | ? | Pearl (2022) (TMDb: 949423)                                         |
[2022-11-16 20:45:44,076] [builder.py:2321]           [INFO]     | TMDb Trending Collection | ? | The School for Good and Evil (2022) (TMDb: 779782)                  |
[2022-11-16 20:45:44,100] [builder.py:2321]           [INFO]     | TMDb Trending Collection | ? | Don't Leave (2022) (TMDb: 1040263)                                  |
[2022-11-16 20:45:44,112] [builder.py:2321]           [INFO]     | TMDb Trending Collection | ? | The Takeover (2022) (TMDb: 944864)                                  |
[2022-11-16 20:45:44,125] [builder.py:2321]           [INFO]     | TMDb Trending Collection | ? | Enola Holmes (2020) (TMDb: 497582)                                  |
[2022-11-16 20:45:44,135] [builder.py:2321]           [INFO]     | TMDb Trending Collection | ? | Paradise City (2022) (TMDb: 829799)                                 |
[2022-11-16 20:45:44,144] [builder.py:2321]           [INFO]     | TMDb Trending Collection | ? | Doctor Strange in the Multiverse of Madness (2022) (TMDb: 453395)   |
[2022-11-16 20:45:44,161] [builder.py:2321]           [INFO]     | TMDb Trending Collection | ? | The Batman (2022) (TMDb: 414906)                                    |
[2022-11-16 20:45:44,171] [builder.py:2321]           [INFO]     | TMDb Trending Collection | ? | Black Panther (2018) (TMDb: 284054)                                 |
[2022-11-16 20:45:44,182] [builder.py:2321]           [INFO]     | TMDb Trending Collection | ? | Wendell & Wild (2022) (TMDb: 511817)                                |
[2022-11-16 20:45:44,193] [builder.py:2321]           [INFO]     | TMDb Trending Collection | ? | Avatar (2009) (TMDb: 19995)                                         |
[2022-11-16 20:45:44,204] [builder.py:2321]           [INFO]     | TMDb Trending Collection | ? | One Piece Film Red (2022) (TMDb: 900667)                            |
[2022-11-16 20:45:44,215] [builder.py:2321]           [INFO]     | TMDb Trending Collection | ? | Where the Crawdads Sing (2022) (TMDb: 682507)                       |
[2022-11-16 20:45:44,232] [builder.py:2321]           [INFO]     | TMDb Trending Collection | ? | Monica, O My Darling (2022) (TMDb: 915831)                          |
[2022-11-16 20:45:44,251] [builder.py:2321]           [INFO]     | TMDb Trending Collection | ? | Harry Potter and the Philosopher's Stone (2001) (TMDb: 671)         |
[2022-11-16 20:45:44,273] [builder.py:2321]           [INFO]     | TMDb Trending Collection | ? | The Wonder (2022) (TMDb: 823766)                                    |
[2022-11-16 20:45:44,295] [builder.py:2321]           [INFO]     | TMDb Trending Collection | ? | Jurassic World Dominion (2022) (TMDb: 507086)                       |
[2022-11-16 20:45:44,308] [builder.py:2321]           [INFO]     | TMDb Trending Collection | ? | Werewolf by Night (2022) (TMDb: 894205)                             |
[2022-11-16 20:45:44,324] [builder.py:2321]           [INFO]     | TMDb Trending Collection | ? | Emily the Criminal (2022) (TMDb: 862965)                            |
[2022-11-16 20:45:44,336] [builder.py:2321]           [INFO]     | TMDb Trending Collection | ? | The Lord of the Rings: The Fellowship of the Ring (2001) (TMDb: 120) |
[2022-11-16 20:45:44,346] [builder.py:2321]           [INFO]     | TMDb Trending Collection | ? | Beast (2022) (TMDb: 760741)                                         |
[2022-11-16 20:45:44,358] [builder.py:2321]           [INFO]     | TMDb Trending Collection | ? | Detective Conan: The Bride of Halloween (2022) (TMDb: 903939)       |
[2022-11-16 20:45:44,369] [builder.py:2321]           [INFO]     | TMDb Trending Collection | ? | Brahmāstra Part One: Shiva (2022) (TMDb: 496331)                    |
[2022-11-16 20:45:44,393] [builder.py:2321]           [INFO]     | TMDb Trending Collection | ? | X (2022) (TMDb: 760104)                                             |
[2022-11-16 20:45:44,408] [builder.py:2321]           [INFO]     | TMDb Trending Collection | ? | Run Sweetheart Run (2020) (TMDb: 532870)                            |
[2022-11-16 20:45:44,421] [builder.py:2321]           [INFO]     | TMDb Trending Collection | ? | Capturing the Killer Nurse (2022) (TMDb: 1018647)                   |
[2022-11-16 20:45:44,433] [builder.py:2321]           [INFO]     | TMDb Trending Collection | ? | Avengers: Endgame (2019) (TMDb: 299534)                             |
[2022-11-16 20:45:44,445] [builder.py:2321]           [INFO]     | TMDb Trending Collection | ? | Matriarch (2022) (TMDb: 1024535)                                    |
[2022-11-16 20:45:44,458] [builder.py:2321]           [INFO]     | TMDb Trending Collection | ? | The Invitation (2022) (TMDb: 830788)                                |
[2022-11-16 20:45:44,476] [builder.py:2321]           [INFO]     | TMDb Trending Collection | ? | Fall (2022) (TMDb: 985939)                                          |
[2022-11-16 20:45:44,488] [builder.py:2321]           [INFO]     | TMDb Trending Collection | ? | Terrifier (2016) (TMDb: 420634)                                     |
[2022-11-16 20:45:44,502] [builder.py:2321]           [INFO]     | TMDb Trending Collection | ? | Pulp Fiction (1994) (TMDb: 680)                                     |
[2022-11-16 20:45:44,514] [builder.py:2321]           [INFO]     | TMDb Trending Collection | ? | Star Wars (1977) (TMDb: 11)                                         |
[2022-11-16 20:45:44,528] [builder.py:2321]           [INFO]     | TMDb Trending Collection | ? | Avengers: Infinity War (2018) (TMDb: 299536)                        |
[2022-11-16 20:45:44,550] [builder.py:2321]           [INFO]     | TMDb Trending Collection | ? | The Stranger (2022) (TMDb: 848791)                                  |
[2022-11-16 20:45:44,571] [builder.py:2321]           [INFO]     | TMDb Trending Collection | ? | Interstellar (2014) (TMDb: 157336)                                  |
[2022-11-16 20:45:44,587] [builder.py:2321]           [INFO]     | TMDb Trending Collection | ? | Decision to Leave (2022) (TMDb: 705996)                             |
[2022-11-16 20:45:44,603] [builder.py:2321]           [INFO]     | TMDb Trending Collection | ? | Men (2022) (TMDb: 780609)                                           |
[2022-11-16 20:45:44,618] [builder.py:2321]           [INFO]     | TMDb Trending Collection | ? | The Minute You Wake Up Dead (2022) (TMDb: 934641)                   |
[2022-11-16 20:45:44,630] [builder.py:2321]           [INFO]     | TMDb Trending Collection | ? | Last Seen Alive (2022) (TMDb: 961484)                               |
[2022-11-16 20:45:44,643] [builder.py:2321]           [INFO]     | TMDb Trending Collection | ? | Beyond the Universe (2022) (TMDb: 962232)                           |
[2022-11-16 20:45:44,661] [builder.py:2321]           [INFO]     | TMDb Trending Collection | ? | Iron Man (2008) (TMDb: 1726)                                        |
[2022-11-16 20:45:44,677] [builder.py:2321]           [INFO]     | TMDb Trending Collection | ? | Robbing Mussolini (2022) (TMDb: 873125)                             |
[2022-11-16 20:45:44,689] [builder.py:2321]           [INFO]     | TMDb Trending Collection | ? | Confidential Assignment 2: International (2022) (TMDb: 736820)      |
[2022-11-16 20:45:44,700] [builder.py:2321]           [INFO]     | TMDb Trending Collection | ? | Lost Bullet (2020) (TMDb: 706503)                                   |
[2022-11-16 20:45:44,715] [builder.py:2325]           [INFO]     | TMDb Trending Collection | X | The Menu (2022) (TMDb: 593643)                                      |
[2022-11-16 20:45:44,728] [builder.py:2321]           [INFO]     | TMDb Trending Collection | ? | Emily (2022) (TMDb: 707103)                                         |
[2022-11-16 20:45:44,740] [builder.py:2321]           [INFO]     | TMDb Trending Collection | ? | Selena Gomez: My Mind & Me (2022) (TMDb: 1022256)                   |
[2022-11-16 20:45:44,751] [builder.py:2321]           [INFO]     | TMDb Trending Collection | ? | Prey for the Devil (2022) (TMDb: 676547)                            |
[2022-11-16 20:45:44,763] [builder.py:2321]           [INFO]     | TMDb Trending Collection | ? | 20th Century Girl (2022) (TMDb: 851644)                             |
[2022-11-16 20:45:44,773] [builder.py:2321]           [INFO]     | TMDb Trending Collection | ? | Dune (2021) (TMDb: 438631)                                          |
[2022-11-16 20:45:44,785] [builder.py:2321]           [INFO]     | TMDb Trending Collection | ? | Jeepers Creepers: Reborn (2022) (TMDb: 717728)                      |
[2022-11-16 20:45:44,795] [builder.py:2321]           [INFO]     | TMDb Trending Collection | ? | Fantastic Beasts: The Secrets of Dumbledore (2022) (TMDb: 338953)   |
[2022-11-16 20:45:44,806] [builder.py:2321]           [INFO]     | TMDb Trending Collection | ? | Shadow Master (2022) (TMDb: 1036561)                                |
[2022-11-16 20:45:44,822] [builder.py:2321]           [INFO]     | TMDb Trending Collection | ? | Orphan: First Kill (2022) (TMDb: 760161)                            |
[2022-11-16 20:45:44,850] [builder.py:2321]           [INFO]     | TMDb Trending Collection | ? | Hocus Pocus 2 (2022) (TMDb: 642885)                                 |
[2022-11-16 20:45:44,862] [builder.py:2321]           [INFO]     | TMDb Trending Collection | ? | Hellhole (2022) (TMDb: 1032950)                                     |
[2022-11-16 20:45:44,872] [builder.py:2321]           [INFO]     | TMDb Trending Collection | ? | Watcher (2022) (TMDb: 807356)                                       |
[2022-11-16 20:45:44,883] [builder.py:2321]           [INFO]     | TMDb Trending Collection | ? | Aqua Teen Forever: Plantasm (2022) (TMDb: 828900)                   |
[2022-11-16 20:45:44,894] [builder.py:2321]           [INFO]     | TMDb Trending Collection | ? | Raymond & Ray (2022) (TMDb: 869025)                                 |
[2022-11-16 20:45:44,905] [builder.py:2321]           [INFO]     | TMDb Trending Collection | ? | Minions & More 2 (2022) (TMDb: 1045644)                             |
[2022-11-16 20:45:44,917] [builder.py:2321]           [INFO]     | TMDb Trending Collection | ? | Lyle, Lyle, Crocodile (2022) (TMDb: 830784)                         |
[2022-11-16 20:45:44,917] [builder.py:2326]           [INFO]     |                                                                                                    |
[2022-11-16 20:45:44,918] [builder.py:2327]           [INFO]     | 93 Movies Missing                                                                                  |
[2022-11-16 20:45:51,967] [builder.py:2527]           [INFO]     |                                                                                                    |
[2022-11-16 20:45:51,967] [builder.py:2528]           [INFO]     |=========================== Updating Details of TMDb Trending Collection ===========================|
[2022-11-16 20:45:51,967] [builder.py:2529]           [INFO]     |                                                                                                    |
[2022-11-16 20:45:51,975] [builder.py:2595]           [INFO]     | Collection Metadata Edits                                                                          |
                                                                 | Summary (summary) | A collection of movies trending on TMDb.
                                                                 | Sort Title | !01_TMDb Trending
                                                                 | Label | +PMM
[2022-11-16 20:45:53,623] [builder.py:2599]           [INFO]     | Details: have been updated
[2022-11-16 20:45:53,624] [builder.py:2603]           [INFO]     | 
[2022-11-16 20:45:55,639] [builder.py:2615]           [INFO]     | Collection Mode | hide
[2022-11-16 20:45:57,613] [builder.py:2629]           [INFO]     | Collection Order | custom
[2022-11-16 20:45:57,625] [plex.py:1203]              [WARNING]  | Asset Warning: Asset Directory Not Found and Created: config/Kids_Movies/Assets/TMDb Trending
[2022-11-16 20:45:57,625] [util.py:174]               [DEBUG]    | 1 poster found:
[2022-11-16 20:45:57,626] [util.py:176]               [DEBUG]    | Method: url_poster Poster: https://raw.githubusercontent.com/meisnate12/Plex-Meta-Manager-Images/master/chart/TMDb%20Trending.jpg
[2022-11-16 20:45:57,945] [library.py:178]            [INFO]     | Detail: asset_directory updated TMDb Trending's poster to [File] config/Kids_Movies/Assets/TMDb Trending/poster.jpg
[2022-11-16 20:45:58,032] [builder.py:2686]           [INFO]     | 
[2022-11-16 20:45:58,032] [builder.py:2687]           [INFO]     |================================= Sorting TMDb Trending Collection =================================|
[2022-11-16 20:45:58,032] [builder.py:2688]           [INFO]     |                                                                                                    |
[2022-11-16 20:45:58,032] [builder.py:2704]           [INFO]     | Moving Minions: The Rise of Gru (2022) after My Father's Dragon (2022)                             |
[2022-11-16 20:45:58,072] [builder.py:2704]           [INFO]     | Moving Everything Everywhere All at Once (2022) after Minions: The Rise of Gru (2022)              |
[2022-11-16 20:45:58,156] [builder.py:2704]           [INFO]     | Moving Tom and Jerry: Snowman's Land (2022) after Everything Everywhere All at Once (2022)         |
[2022-11-16 20:45:58,203] [builder.py:2704]           [INFO]     | Moving DC League of Super-Pets (2022) after Tom and Jerry: Snowman's Land (2022)                   |
[2022-11-16 20:45:58,254] [plex_meta_manager.py:736]  [INFO]     |                                                                                                    |
[2022-11-16 20:45:58,254] [plex_meta_manager.py:737]  [INFO]     |====================================================================================================|
[2022-11-16 20:45:58,254] [plex_meta_manager.py:737]  [INFO]     |                                 Finished TMDb Trending Collection                                  |
[2022-11-16 20:45:58,255] [plex_meta_manager.py:737]  [INFO]     |                                    Collection Run Time: 0:00:22                                    |
[2022-11-16 20:45:58,255] [plex_meta_manager.py:737]  [INFO]     |====================================================================================================|
