[2022-11-17 00:34:20,095] [builder.py:193]            [INFO]     |====================================================================================================|
[2022-11-17 00:34:20,095] [builder.py:193]            [INFO]     |                             Ryan Reynolds Collection in Marvel Movies                              |
[2022-11-17 00:34:20,095] [builder.py:193]            [INFO]     |====================================================================================================|
[2022-11-17 00:34:20,096] [builder.py:194]            [INFO]     |                                                                                                    |
[2022-11-17 00:34:20,096] [builder.py:199]            [INFO]     |================================ Building Definition From Templates ================================|
[2022-11-17 00:34:20,096] [builder.py:215]            [DEBUG]    |                                                                                                    |
[2022-11-17 00:34:20,096] [meta.py:210]               [DEBUG]    |========================================= Template people ==========================================|
[2022-11-17 00:34:20,096] [meta.py:451]               [DEBUG]    |                                                                                                    |
[2022-11-17 00:34:20,098] [meta.py:512]               [DEBUG]    |                                                                                                    |
[2022-11-17 00:34:20,098] [meta.py:513]               [DEBUG]    |==================================== Final Template Attributes =====================================|
[2022-11-17 00:34:20,098] [meta.py:514]               [DEBUG]    |                                                                                                    |
[2022-11-17 00:34:20,098] [meta.py:515]               [DEBUG]    | {'actor': 'tmdb', 'tmdb_person': 10859, 'sort_title': '++_Ryan Reynolds', 'collection_order': 'release'} |
[2022-11-17 00:34:20,098] [meta.py:516]               [DEBUG]    |                                                                                                    |
[2022-11-17 00:34:20,098] [builder.py:223]            [INFO]     |=============================== Validating Ryan Reynolds Attributes ================================|
[2022-11-17 00:34:20,098] [builder.py:528]            [DEBUG]    |                                                                                                    |
[2022-11-17 00:34:20,098] [builder.py:529]            [DEBUG]    | Validating Method: tmdb_person                                                                     |
[2022-11-17 00:34:20,099] [builder.py:533]            [DEBUG]    | Value: 10859                                                                                       |
[2022-11-17 00:34:20,106] [builder.py:613]            [DEBUG]    |                                                                                                    |
[2022-11-17 00:34:20,106] [builder.py:614]            [DEBUG]    | Validating Method: collection_order                                                                |
[2022-11-17 00:34:20,107] [builder.py:615]            [DEBUG]    | Value: release                                                                                     |
[2022-11-17 00:34:20,107] [builder.py:646]            [DEBUG]    |                                                                                                    |
[2022-11-17 00:34:20,107] [builder.py:650]            [DEBUG]    | Validating Method: actor                                                                           |
[2022-11-17 00:34:20,107] [builder.py:651]            [DEBUG]    | Value: tmdb                                                                                        |
[2022-11-17 00:34:20,356] [builder.py:646]            [DEBUG]    |                                                                                                    |
[2022-11-17 00:34:20,356] [builder.py:650]            [DEBUG]    | Validating Method: sort_title                                                                      |
[2022-11-17 00:34:20,357] [builder.py:651]            [DEBUG]    | Value: ++_Ryan Reynolds                                                                            |
[2022-11-17 00:34:20,363] [builder.py:795]            [INFO]     |                                                                                                    |
[2022-11-17 00:34:20,363] [builder.py:796]            [ERROR]    | Collection Error: Converting Ryan Reynolds to a normal collection                                  |
[2022-11-17 00:34:20,371] [builder.py:814]            [INFO]     |                                                                                                    |
[2022-11-17 00:34:20,374] [builder.py:815]            [INFO]     | Validation Successful                                                                              |
[2022-11-17 00:34:20,376] [plex_meta_manager.py:594]  [INFO]     |                                                                                                    |
[2022-11-17 00:34:20,376] [plex_meta_manager.py:596]  [INFO]     |================================= Running Ryan Reynolds Collection =================================|
[2022-11-17 00:34:20,377] [plex_meta_manager.py:608]  [INFO]     |                                                                                                    |
[2022-11-17 00:34:20,377] [plex_meta_manager.py:609]  [INFO]     | Sync Mode: append                                                                                  |
[2022-11-17 00:34:20,379] [plex_meta_manager.py:612]  [DEBUG]    |                                                                                                    |
[2022-11-17 00:34:20,379] [plex_meta_manager.py:613]  [DEBUG]    | Builder: plex_search: (1, "Plex Movie Search\nSort By: ['title.asc']\nFilter:\n  Match any of the following:\n    Actor is Ryan Reynolds", '?type=1&sort=titleSort&push=1&actor=28228&pop=1') |
[2022-11-17 00:34:20,379] [plex_meta_manager.py:614]  [INFO]     |                                                                                                    |
[2022-11-17 00:34:20,381] [plex.py:924]               [INFO]     | Processing Plex Movie Search                                                                       |
                                                                 | Sort By: ['title.asc']
                                                                 | Filter:
                                                                 |   Match any of the following:
                                                                 |     Actor is Ryan Reynolds
[2022-11-17 00:34:20,405] [builder.py:1574]           [DEBUG]    | 
[2022-11-17 00:34:20,410] [builder.py:1575]           [DEBUG]    | 3 IDs Found
[2022-11-17 00:34:20,410] [builder.py:1577]           [DEBUG]    | 
[2022-11-17 00:34:20,411] [builder.py:2158]           [INFO]     | 
[2022-11-17 00:34:20,411] [builder.py:2159]           [INFO]     |================================ Adding to Ryan Reynolds Collection ================================|
[2022-11-17 00:34:20,411] [builder.py:2160]           [INFO]     |                                                                                                    |
[2022-11-17 00:34:20,411] [builder.py:2174]           [INFO]     | 1/3 | Ryan Reynolds Collection | + | Deadpool (2016)                                               |
[2022-11-17 00:34:22,250] [builder.py:2174]           [INFO]     | 2/3 | Ryan Reynolds Collection | + | Deadpool 2 (2018)                                             |
[2022-11-17 00:34:24,107] [builder.py:2174]           [INFO]     | 3/3 | Ryan Reynolds Collection | + | Green Lantern (2011)                                          |
[2022-11-17 00:34:28,327] [builder.py:2194]           [INFO]     |                                                                                                    |
[2022-11-17 00:34:28,328] [builder.py:2196]           [INFO]     | 3 Movies Processed 3 Movies Added                                                                  |
[2022-11-17 00:34:28,335] [builder.py:2527]           [INFO]     |                                                                                                    |
[2022-11-17 00:34:28,336] [builder.py:2528]           [INFO]     |=========================== Updating Details of Ryan Reynolds Collection ===========================|
[2022-11-17 00:34:28,336] [builder.py:2529]           [INFO]     |                                                                                                    |
[2022-11-17 00:34:28,346] [builder.py:2595]           [INFO]     | Collection Metadata Edits                                                                          |
                                                                 | Summary (tmdb_person) | Ryan Rodney Reynolds (born October 23, 1976) is a Canadian actor and film producer. He began his career starring in the Canadian teen soap opera Hillside (1991–1993), and had minor roles before landing the lead role on the sitcom Two Guys and a Girl between 1998 and 2001. Reynolds then starred in a range of films, including comedies such as National Lampoon's Van Wilder (2002), Waiting... (2005), and The Proposal (2009). He also performed in dramatic roles in Buried (2010), Woman in Gold (2015), and Life (2017), starred in action films such as Blade: Trinity (2004), Green Lantern (2011), 6 Underground (2019) and Free Guy (2021), and provided voice acting in the animated features The Croods (2013), Turbo (2013), Pokémon: Detective Pikachu (2019) and The Croods: A New Age (2020).
                                                                 | 
                                                                 | Reynolds' biggest commercial success came with the superhero films Deadpool (2016) and Deadpool 2 (2018), in which he played the title character. The former set numerous records at the time of its release for an R-rated comedy and his performance earned him nominations at the Critics' Choice Movie Awards and the Golden Globe Awards.
                                                                 | Sort Title | ++_Ryan Reynolds
                                                                 | Label | +PMM
[2022-11-17 00:34:29,967] [builder.py:2599]           [INFO]     | Details: have been updated
[2022-11-17 00:34:29,968] [builder.py:2603]           [INFO]     | 
[2022-11-17 00:34:29,969] [util.py:174]               [DEBUG]    | 1 poster found:
[2022-11-17 00:34:29,970] [util.py:176]               [DEBUG]    | Method: tmdb_person Poster: https://image.tmdb.org/t/p/original/4SYTH5FdB0dAORV98Nwg3llgVnY.jpg
[2022-11-17 00:34:30,017] [library.py:178]            [INFO]     | Detail: tmdb_person updated poster to [URL] https://image.tmdb.org/t/p/original/4SYTH5FdB0dAORV98Nwg3llgVnY.jpg
[2022-11-17 00:34:30,046] [plex_meta_manager.py:736]  [INFO]     | 
[2022-11-17 00:34:30,046] [plex_meta_manager.py:737]  [INFO]     |====================================================================================================|
[2022-11-17 00:34:30,046] [plex_meta_manager.py:737]  [INFO]     |                                 Finished Ryan Reynolds Collection                                  |
[2022-11-17 00:34:30,046] [plex_meta_manager.py:737]  [INFO]     |                                    Collection Run Time: 0:00:09                                    |
[2022-11-17 00:34:30,046] [plex_meta_manager.py:737]  [INFO]     |====================================================================================================|
