[2022-11-17 00:40:46,740] [builder.py:193]            [INFO]     |====================================================================================================|
[2022-11-17 00:40:46,740] [builder.py:193]            [INFO]     |                          Oscars Winners 1957 Collection in Marvel Movies                           |
[2022-11-17 00:40:46,740] [builder.py:193]            [INFO]     |====================================================================================================|
[2022-11-17 00:40:46,740] [builder.py:194]            [INFO]     |                                                                                                    |
[2022-11-17 00:40:46,741] [builder.py:199]            [INFO]     |================================ Building Definition From Templates ================================|
[2022-11-17 00:40:46,741] [builder.py:215]            [DEBUG]    |                                                                                                    |
[2022-11-17 00:40:46,741] [meta.py:210]               [DEBUG]    |================================== Template use_year_collections ===================================|
[2022-11-17 00:40:46,742] [meta.py:451]               [DEBUG]    |                                                                                                    |
[2022-11-17 00:40:46,743] [meta.py:210]               [DEBUG]    |========================================== Template imdb ===========================================|
[2022-11-17 00:40:46,743] [meta.py:451]               [DEBUG]    |                                                                                                    |
[2022-11-17 00:40:46,746] [meta.py:210]               [DEBUG]    |======================================= Template translation =======================================|
[2022-11-17 00:40:46,746] [meta.py:451]               [DEBUG]    |                                                                                                    |
[2022-11-17 00:40:46,753] [meta.py:210]               [DEBUG]    |========================================= Template shared ==========================================|
[2022-11-17 00:40:46,754] [meta.py:451]               [DEBUG]    |                                                                                                    |
[2022-11-17 00:40:46,777] [meta.py:210]               [DEBUG]    |=========================================== Template arr ===========================================|
[2022-11-17 00:40:46,778] [meta.py:451]               [DEBUG]    |                                                                                                    |
[2022-11-17 00:40:46,786] [meta.py:210]               [DEBUG]    |========================================= Template custom ==========================================|
[2022-11-17 00:40:46,787] [meta.py:451]               [DEBUG]    |                                                                                                    |
[2022-11-17 00:40:46,791] [meta.py:512]               [DEBUG]    |                                                                                                    |
[2022-11-17 00:40:46,791] [meta.py:513]               [DEBUG]    |==================================== Final Template Attributes =====================================|
[2022-11-17 00:40:46,791] [meta.py:514]               [DEBUG]    |                                                                                                    |
[2022-11-17 00:40:46,791] [meta.py:515]               [DEBUG]    | {'imdb_list': 'https://www.imdb.com/search/title/?release_date=1957-01-01,1957-12-31&groups=oscar_winner&sort=moviemeter,asc', 'summary': 'Academy Awards (Oscars) Winners for 1957.', 'name': 'Oscars Winners 1957', 'allowed_library_types': ['movie'], 'ignore_blank_results': True, 'collection_mode': 'hide', 'sort_title': '!16_Oscars Winners 1957', 'url_poster': 'https://raw.githubusercontent.com/meisnate12/Plex-Meta-Manager-Images/master/award/oscars/winner/1957.jpg', 'collection_order': 'custom', 'sync_mode': 'sync', 'cache_builders': 1} |
[2022-11-17 00:40:46,791] [meta.py:516]               [DEBUG]    |                                                                                                    |
[2022-11-17 00:40:46,792] [builder.py:223]            [INFO]     |============================ Validating Oscars Winners 1957 Attributes =============================|
[2022-11-17 00:40:46,792] [builder.py:226]            [DEBUG]    |                                                                                                    |
[2022-11-17 00:40:46,792] [builder.py:227]            [DEBUG]    | Validating Method: name                                                                            |
[2022-11-17 00:40:46,792] [builder.py:230]            [DEBUG]    | Value: Oscars Winners 1957                                                                         |
[2022-11-17 00:40:46,792] [builder.py:236]            [DEBUG]    |                                                                                                    |
[2022-11-17 00:40:46,792] [builder.py:237]            [DEBUG]    | Validating Method: allowed_library_types                                                           |
[2022-11-17 00:40:46,792] [builder.py:240]            [DEBUG]    | Value: ['movie']                                                                                   |
[2022-11-17 00:40:46,792] [builder.py:502]            [DEBUG]    |                                                                                                    |
[2022-11-17 00:40:46,792] [builder.py:503]            [DEBUG]    | Validating Method: ignore_blank_results                                                            |
[2022-11-17 00:40:46,793] [builder.py:504]            [DEBUG]    | Value: True                                                                                        |
[2022-11-17 00:40:46,793] [builder.py:516]            [DEBUG]    |                                                                                                    |
[2022-11-17 00:40:46,793] [builder.py:517]            [DEBUG]    | Validating Method: sync_mode                                                                       |
[2022-11-17 00:40:46,793] [builder.py:521]            [DEBUG]    | Value: sync                                                                                        |
[2022-11-17 00:40:46,793] [builder.py:613]            [DEBUG]    |                                                                                                    |
[2022-11-17 00:40:46,793] [builder.py:614]            [DEBUG]    | Validating Method: collection_order                                                                |
[2022-11-17 00:40:46,793] [builder.py:615]            [DEBUG]    | Value: custom                                                                                      |
[2022-11-17 00:40:46,793] [builder.py:646]            [DEBUG]    |                                                                                                    |
[2022-11-17 00:40:46,793] [builder.py:650]            [DEBUG]    | Validating Method: label                                                                           |
[2022-11-17 00:40:46,793] [builder.py:651]            [DEBUG]    | Value: Oscars Winners Awards                                                                       |
[2022-11-17 00:40:46,793] [builder.py:646]            [DEBUG]    |                                                                                                    |
[2022-11-17 00:40:46,794] [builder.py:650]            [DEBUG]    | Validating Method: imdb_list                                                                       |
[2022-11-17 00:40:46,794] [builder.py:651]            [DEBUG]    | Value: https://www.imdb.com/search/title/?release_date=1957-01-01,1957-12-31&groups=oscar_winner&sort=moviemeter,asc |
[2022-11-17 00:40:46,956] [builder.py:646]            [DEBUG]    |                                                                                                    |
[2022-11-17 00:40:46,957] [builder.py:650]            [DEBUG]    | Validating Method: summary                                                                         |
[2022-11-17 00:40:46,957] [builder.py:651]            [DEBUG]    | Value: Academy Awards (Oscars) Winners for 1957.                                                   |
[2022-11-17 00:40:46,957] [builder.py:646]            [DEBUG]    |                                                                                                    |
[2022-11-17 00:40:46,957] [builder.py:650]            [DEBUG]    | Validating Method: collection_mode                                                                 |
[2022-11-17 00:40:46,957] [builder.py:651]            [DEBUG]    | Value: hide                                                                                        |
[2022-11-17 00:40:46,957] [builder.py:646]            [DEBUG]    |                                                                                                    |
[2022-11-17 00:40:46,957] [builder.py:650]            [DEBUG]    | Validating Method: sort_title                                                                      |
[2022-11-17 00:40:46,957] [builder.py:651]            [DEBUG]    | Value: !16_Oscars Winners 1957                                                                     |
[2022-11-17 00:40:46,958] [builder.py:646]            [DEBUG]    |                                                                                                    |
[2022-11-17 00:40:46,958] [builder.py:650]            [DEBUG]    | Validating Method: url_poster                                                                      |
[2022-11-17 00:40:46,958] [builder.py:651]            [DEBUG]    | Value: https://raw.githubusercontent.com/meisnate12/Plex-Meta-Manager-Images/master/award/oscars/winner/1957.jpg |
[2022-11-17 00:40:47,038] [builder.py:646]            [DEBUG]    |                                                                                                    |
[2022-11-17 00:40:47,039] [builder.py:650]            [DEBUG]    | Validating Method: cache_builders                                                                  |
[2022-11-17 00:40:47,039] [builder.py:651]            [DEBUG]    | Value: 1                                                                                           |
[2022-11-17 00:40:47,043] [plex.py:835]               [DEBUG]    |                                                                                                    |
[2022-11-17 00:40:47,043] [plex.py:838]               [DEBUG]    | Looking for: Oscars Winners 1957                                                                   |
[2022-11-17 00:40:47,044] [builder.py:814]            [INFO]     |                                                                                                    |
[2022-11-17 00:40:47,044] [builder.py:815]            [INFO]     | Validation Successful                                                                              |
[2022-11-17 00:40:47,044] [plex_meta_manager.py:594]  [INFO]     |                                                                                                    |
[2022-11-17 00:40:47,044] [plex_meta_manager.py:596]  [INFO]     |============================== Running Oscars Winners 1957 Collection ==============================|
[2022-11-17 00:40:47,044] [plex_meta_manager.py:608]  [INFO]     |                                                                                                    |
[2022-11-17 00:40:47,044] [plex_meta_manager.py:609]  [INFO]     | Sync Mode: sync                                                                                    |
[2022-11-17 00:40:47,044] [plex_meta_manager.py:612]  [DEBUG]    |                                                                                                    |
[2022-11-17 00:40:47,044] [plex_meta_manager.py:613]  [DEBUG]    | Builder: imdb_list: {'url': 'https://www.imdb.com/search/title/?release_date=1957-01-01,1957-12-31&groups=oscar_winner&sort=moviemeter,asc', 'limit': 0} |
[2022-11-17 00:40:47,044] [plex_meta_manager.py:614]  [INFO]     |                                                                                                    |
[2022-11-17 00:40:47,046] [builder.py:1523]           [INFO]     | Builder: imdb_list loaded from Cache                                                               |
[2022-11-17 00:40:47,048] [builder.py:1574]           [DEBUG]    |                                                                                                    |
[2022-11-17 00:40:47,049] [builder.py:1575]           [DEBUG]    | 12 IDs Found                                                                                       |
[2022-11-17 00:40:47,049] [builder.py:1577]           [DEBUG]    |                                                                                                    |
[2022-11-17 00:40:47,058] [plex_meta_manager.py:711]  [WARNING]  | Collection Warning: No items found                                                                 |
[2022-11-17 00:40:47,058] [plex_meta_manager.py:736]  [INFO]     |                                                                                                    |
[2022-11-17 00:40:47,059] [plex_meta_manager.py:737]  [INFO]     |====================================================================================================|
[2022-11-17 00:40:47,059] [plex_meta_manager.py:737]  [INFO]     |                              Finished Oscars Winners 1957 Collection                               |
[2022-11-17 00:40:47,059] [plex_meta_manager.py:737]  [INFO]     |                                    Collection Run Time: 0:00:00                                    |
[2022-11-17 00:40:47,059] [plex_meta_manager.py:737]  [INFO]     |====================================================================================================|
