[2022-11-17 00:21:34,126] [builder.py:193]            [INFO]     |====================================================================================================|
[2022-11-17 00:21:34,126] [builder.py:193]            [INFO]     |                         Valentine's Day Movies Collection in Marvel Movies                         |
[2022-11-17 00:21:34,126] [builder.py:193]            [INFO]     |====================================================================================================|
[2022-11-17 00:21:34,126] [builder.py:194]            [INFO]     |                                                                                                    |
[2022-11-17 00:21:34,126] [builder.py:199]            [INFO]     |================================ Building Definition From Templates ================================|
[2022-11-17 00:21:34,127] [builder.py:215]            [DEBUG]    |                                                                                                    |
[2022-11-17 00:21:34,127] [meta.py:210]               [DEBUG]    |========================================= Template Holiday =========================================|
[2022-11-17 00:21:34,127] [meta.py:451]               [DEBUG]    |                                                                                                    |
[2022-11-17 00:21:34,130] [meta.py:512]               [DEBUG]    |                                                                                                    |
[2022-11-17 00:21:34,130] [meta.py:513]               [DEBUG]    |==================================== Final Template Attributes =====================================|
[2022-11-17 00:21:34,130] [meta.py:514]               [DEBUG]    |                                                                                                    |
[2022-11-17 00:21:34,130] [meta.py:515]               [DEBUG]    | {'url_poster': 'https://theposterdb.com/api/assets/212641', 'collection_order': 'release.desc', 'collection_mode': 'hide', 'delete_not_scheduled': False, 'run_again': True, 'sync_mode': 'sync'} |
[2022-11-17 00:21:34,130] [meta.py:516]               [DEBUG]    |                                                                                                    |
[2022-11-17 00:21:34,130] [builder.py:223]            [INFO]     |=========================== Validating Valentine's Day Movies Attributes ===========================|
[2022-11-17 00:21:34,131] [builder.py:443]            [DEBUG]    |                                                                                                    |
[2022-11-17 00:21:34,131] [builder.py:444]            [DEBUG]    | Validating Method: delete_not_scheduled                                                            |
[2022-11-17 00:21:34,131] [builder.py:445]            [DEBUG]    | Value: False                                                                                       |
[2022-11-17 00:21:34,131] [builder.py:488]            [DEBUG]    |                                                                                                    |
[2022-11-17 00:21:34,131] [builder.py:489]            [DEBUG]    | Validating Method: run_again                                                                       |
[2022-11-17 00:21:34,131] [builder.py:490]            [DEBUG]    | Value: True                                                                                        |
[2022-11-17 00:21:34,131] [builder.py:516]            [DEBUG]    |                                                                                                    |
[2022-11-17 00:21:34,131] [builder.py:517]            [DEBUG]    | Validating Method: sync_mode                                                                       |
[2022-11-17 00:21:34,131] [builder.py:521]            [DEBUG]    | Value: sync                                                                                        |
[2022-11-17 00:21:34,132] [builder.py:613]            [DEBUG]    |                                                                                                    |
[2022-11-17 00:21:34,132] [builder.py:614]            [DEBUG]    | Validating Method: collection_order                                                                |
[2022-11-17 00:21:34,132] [builder.py:615]            [DEBUG]    | Value: release.desc                                                                                |
[2022-11-17 00:21:34,132] [builder.py:646]            [DEBUG]    |                                                                                                    |
[2022-11-17 00:21:34,132] [builder.py:650]            [DEBUG]    | Validating Method: visible_home                                                                    |
[2022-11-17 00:21:34,132] [builder.py:651]            [DEBUG]    | Value: range(02/01-02/14)                                                                          |
[2022-11-17 00:21:34,132] [builder.py:646]            [DEBUG]    |                                                                                                    |
[2022-11-17 00:21:34,133] [builder.py:650]            [DEBUG]    | Validating Method: visible_shared                                                                  |
[2022-11-17 00:21:34,133] [builder.py:651]            [DEBUG]    | Value: range(02/01-02/14)                                                                          |
[2022-11-17 00:21:34,133] [builder.py:646]            [DEBUG]    |                                                                                                    |
[2022-11-17 00:21:34,133] [builder.py:650]            [DEBUG]    | Validating Method: sort_title                                                                      |
[2022-11-17 00:21:34,133] [builder.py:651]            [DEBUG]    | Value: +++++++_Valentine                                                                           |
[2022-11-17 00:21:34,133] [builder.py:646]            [DEBUG]    |                                                                                                    |
[2022-11-17 00:21:34,133] [builder.py:650]            [DEBUG]    | Validating Method: imdb_list                                                                       |
[2022-11-17 00:21:34,133] [builder.py:651]            [DEBUG]    | Value: ['https://www.imdb.com/list/ls000094398/', 'https://www.imdb.com/list/ls057783436/', 'https://www.imdb.com/list/ls064427905/'] |
[2022-11-17 00:21:38,107] [builder.py:646]            [DEBUG]    |                                                                                                    |
[2022-11-17 00:21:38,110] [builder.py:650]            [DEBUG]    | Validating Method: summary                                                                         |
[2022-11-17 00:21:38,113] [builder.py:651]            [DEBUG]    | Value: This collection revolves around the plot involving Valentine's Day.                         |
[2022-11-17 00:21:38,116] [builder.py:646]            [DEBUG]    |                                                                                                    |
[2022-11-17 00:21:38,118] [builder.py:650]            [DEBUG]    | Validating Method: url_poster                                                                      |
[2022-11-17 00:21:38,118] [builder.py:651]            [DEBUG]    | Value: https://theposterdb.com/api/assets/212641                                                   |
[2022-11-17 00:21:38,729] [builder.py:646]            [DEBUG]    |                                                                                                    |
[2022-11-17 00:21:38,729] [builder.py:650]            [DEBUG]    | Validating Method: collection_mode                                                                 |
[2022-11-17 00:21:38,730] [builder.py:651]            [DEBUG]    | Value: hide                                                                                        |
[2022-11-17 00:21:38,733] [plex.py:835]               [DEBUG]    |                                                                                                    |
[2022-11-17 00:21:38,734] [plex.py:838]               [DEBUG]    | Looking for: Valentine's Day Movies                                                                |
[2022-11-17 00:21:38,734] [builder.py:814]            [INFO]     |                                                                                                    |
[2022-11-17 00:21:38,734] [builder.py:815]            [INFO]     | Validation Successful                                                                              |
[2022-11-17 00:21:38,734] [plex_meta_manager.py:594]  [INFO]     |                                                                                                    |
[2022-11-17 00:21:38,734] [plex_meta_manager.py:596]  [INFO]     |============================ Running Valentine's Day Movies Collection =============================|
[2022-11-17 00:21:38,734] [plex_meta_manager.py:608]  [INFO]     |                                                                                                    |
[2022-11-17 00:21:38,734] [plex_meta_manager.py:609]  [INFO]     | Sync Mode: sync                                                                                    |
[2022-11-17 00:21:38,734] [plex_meta_manager.py:612]  [DEBUG]    |                                                                                                    |
[2022-11-17 00:21:38,735] [plex_meta_manager.py:613]  [DEBUG]    | Builder: imdb_list: {'url': 'https://www.imdb.com/list/ls000094398/', 'limit': 0}                  |
[2022-11-17 00:21:38,735] [plex_meta_manager.py:614]  [INFO]     |                                                                                                    |
[2022-11-17 00:21:38,735] [imdb.py:202]               [INFO]     | Processing IMDb List: https://www.imdb.com/list/ls000094398/                                       |
[2022-11-17 00:21:42,788] [builder.py:1574]           [DEBUG]    |                                                                                                    |
[2022-11-17 00:21:42,788] [builder.py:1575]           [DEBUG]    | 50 IDs Found                                                                                       |
[2022-11-17 00:21:42,788] [builder.py:1577]           [DEBUG]    |                                                                                                    |
[2022-11-17 00:21:42,856] [plex_meta_manager.py:612]  [DEBUG]    |                                                                                                    |
[2022-11-17 00:21:42,860] [plex_meta_manager.py:613]  [DEBUG]    | Builder: imdb_list: {'url': 'https://www.imdb.com/list/ls057783436/', 'limit': 0}                  |
[2022-11-17 00:21:42,863] [plex_meta_manager.py:614]  [INFO]     |                                                                                                    |
[2022-11-17 00:21:42,864] [imdb.py:202]               [INFO]     | Processing IMDb List: https://www.imdb.com/list/ls057783436/                                       |
[2022-11-17 00:21:46,928] [builder.py:1574]           [DEBUG]    |                                                                                                    |
[2022-11-17 00:21:46,928] [builder.py:1575]           [DEBUG]    | 49 IDs Found                                                                                       |
[2022-11-17 00:21:46,928] [builder.py:1577]           [DEBUG]    |                                                                                                    |
[2022-11-17 00:21:46,945] [builder.py:1637]           [WARNING]  | Convert Error: No TMDb ID Found for IMDb ID: tt0380791                                             |
[2022-11-17 00:21:46,955] [builder.py:1637]           [WARNING]  | Convert Error: No TMDb ID Found for IMDb ID: tt1485139                                             |
[2022-11-17 00:21:46,974] [builder.py:1637]           [WARNING]  | Convert Error: No TMDb ID Found for IMDb ID: tt0818667                                             |
[2022-11-17 00:21:46,990] [builder.py:1637]           [WARNING]  | Convert Error: No TMDb ID Found for IMDb ID: tt1310676                                             |
[2022-11-17 00:21:47,000] [builder.py:1637]           [WARNING]  | Convert Error: No TMDb ID Found for IMDb ID: tt0312662                                             |
[2022-11-17 00:21:47,009] [builder.py:1637]           [WARNING]  | Convert Error: No TMDb ID Found for IMDb ID: tt0451823                                             |
[2022-11-17 00:21:47,018] [builder.py:1637]           [WARNING]  | Convert Error: No TMDb ID Found for IMDb ID: tt0349848                                             |
[2022-11-17 00:21:47,027] [builder.py:1637]           [WARNING]  | Convert Error: No TMDb ID Found for IMDb ID: tt1975961                                             |
[2022-11-17 00:21:47,036] [builder.py:1637]           [WARNING]  | Convert Error: No TMDb ID Found for IMDb ID: tt0595426                                             |
[2022-11-17 00:21:47,049] [builder.py:1637]           [WARNING]  | Convert Error: No TMDb ID Found for IMDb ID: tt0111585                                             |
[2022-11-17 00:21:47,058] [builder.py:1637]           [WARNING]  | Convert Error: No TMDb ID Found for IMDb ID: tt2084139                                             |
[2022-11-17 00:21:47,071] [builder.py:1637]           [WARNING]  | Convert Error: No TMDb ID Found for IMDb ID: tt3370596                                             |
[2022-11-17 00:21:47,080] [builder.py:1637]           [WARNING]  | Convert Error: No TMDb ID Found for IMDb ID: tt3370596                                             |
[2022-11-17 00:21:47,089] [builder.py:1637]           [WARNING]  | Convert Error: No TMDb ID Found for IMDb ID: tt1046196                                             |
[2022-11-17 00:21:47,089] [plex_meta_manager.py:612]  [DEBUG]    |                                                                                                    |
[2022-11-17 00:21:47,089] [plex_meta_manager.py:613]  [DEBUG]    | Builder: imdb_list: {'url': 'https://www.imdb.com/list/ls064427905/', 'limit': 0}                  |
[2022-11-17 00:21:47,089] [plex_meta_manager.py:614]  [INFO]     |                                                                                                    |
[2022-11-17 00:21:47,089] [imdb.py:202]               [INFO]     | Processing IMDb List: https://www.imdb.com/list/ls064427905/                                       |
[2022-11-17 00:21:52,497] [builder.py:1574]           [DEBUG]    |                                                                                                    |
[2022-11-17 00:21:52,497] [builder.py:1575]           [DEBUG]    | 100 IDs Found                                                                                      |
[2022-11-17 00:21:52,497] [builder.py:1577]           [DEBUG]    |                                                                                                    |
[2022-11-17 00:21:52,606] [builder.py:2306]           [INFO]     |                                                                                                    |
[2022-11-17 00:21:52,613] [builder.py:2307]           [INFO]     |============================ Missing Movies from Library: Marvel Movies ============================|
[2022-11-17 00:21:52,615] [builder.py:2308]           [INFO]     |                                                                                                    |
[2022-11-17 00:21:52,637] [builder.py:2321]           [INFO]     | Valentine's Day Movies Collection | ? | Valentine's Day (2010) (TMDb: 32856)                       |
[2022-11-17 00:21:52,652] [builder.py:2321]           [INFO]     | Valentine's Day Movies Collection | ? | I Hate Valentine's Day (2009) (TMDb: 20825)                |
[2022-11-17 00:21:52,664] [builder.py:2321]           [INFO]     | Valentine's Day Movies Collection | ? | The Phantom of the Opera (2004) (TMDb: 9833)               |
[2022-11-17 00:21:52,677] [builder.py:2321]           [INFO]     | Valentine's Day Movies Collection | ? | Romeo + Juliet (1996) (TMDb: 454)                          |
[2022-11-17 00:21:52,689] [builder.py:2321]           [INFO]     | Valentine's Day Movies Collection | ? | Moulin Rouge! (2001) (TMDb: 824)                           |
[2022-11-17 00:21:52,700] [builder.py:2321]           [INFO]     | Valentine's Day Movies Collection | ? | Titanic (1997) (TMDb: 597)                                 |
[2022-11-17 00:21:52,711] [builder.py:2321]           [INFO]     | Valentine's Day Movies Collection | ? | Stardust (2007) (TMDb: 2270)                               |
[2022-11-17 00:21:52,721] [builder.py:2321]           [INFO]     | Valentine's Day Movies Collection | ? | Becoming Jane (2007) (TMDb: 2977)                          |
[2022-11-17 00:21:52,732] [builder.py:2321]           [INFO]     | Valentine's Day Movies Collection | ? | EverAfter (1998) (TMDb: 9454)                              |
[2022-11-17 00:21:52,744] [builder.py:2321]           [INFO]     | Valentine's Day Movies Collection | ? | Beauty and the Beast (1991) (TMDb: 10020)                  |
[2022-11-17 00:21:52,755] [builder.py:2321]           [INFO]     | Valentine's Day Movies Collection | ? | The Nightmare Before Christmas (1993) (TMDb: 9479)         |
[2022-11-17 00:21:52,766] [builder.py:2321]           [INFO]     | Valentine's Day Movies Collection | ? | Edward Scissorhands (1990) (TMDb: 162)                     |
[2022-11-17 00:21:52,782] [builder.py:2321]           [INFO]     | Valentine's Day Movies Collection | ? | The Jane Austen Book Club (2007) (TMDb: 5951)              |
[2022-11-17 00:21:52,792] [builder.py:2321]           [INFO]     | Valentine's Day Movies Collection | ? | Just Married (2003) (TMDb: 12090)                          |
[2022-11-17 00:21:52,804] [builder.py:2321]           [INFO]     | Valentine's Day Movies Collection | ? | Penelope (2006) (TMDb: 7985)                               |
[2022-11-17 00:21:52,817] [builder.py:2321]           [INFO]     | Valentine's Day Movies Collection | ? | Bridget Jones's Diary (2001) (TMDb: 634)                   |
[2022-11-17 00:21:52,829] [builder.py:2321]           [INFO]     | Valentine's Day Movies Collection | ? | A Walk to Remember (2002) (TMDb: 10229)                    |
[2022-11-17 00:21:52,840] [builder.py:2321]           [INFO]     | Valentine's Day Movies Collection | ? | Atonement (2007) (TMDb: 4347)                              |
[2022-11-17 00:21:52,852] [builder.py:2321]           [INFO]     | Valentine's Day Movies Collection | ? | The Notebook (2004) (TMDb: 11036)                          |
[2022-11-17 00:21:52,863] [builder.py:2321]           [INFO]     | Valentine's Day Movies Collection | ? | The Lake House (2006) (TMDb: 2044)                         |
[2022-11-17 00:21:52,872] [builder.py:2321]           [INFO]     | Valentine's Day Movies Collection | ? | The Time Traveler's Wife (2009) (TMDb: 24420)              |
[2022-11-17 00:21:52,888] [builder.py:2321]           [INFO]     | Valentine's Day Movies Collection | ? | Dear John (2010) (TMDb: 22971)                             |
[2022-11-17 00:21:52,899] [builder.py:2321]           [INFO]     | Valentine's Day Movies Collection | ? | Bridget Jones: The Edge of Reason (2004) (TMDb: 9801)      |
[2022-11-17 00:21:52,909] [builder.py:2321]           [INFO]     | Valentine's Day Movies Collection | ? | Everything You Want (2005) (TMDb: 21753)                   |
[2022-11-17 00:21:52,926] [builder.py:2321]           [INFO]     | Valentine's Day Movies Collection | ? | Corpse Bride (2005) (TMDb: 3933)                           |
[2022-11-17 00:21:52,936] [builder.py:2321]           [INFO]     | Valentine's Day Movies Collection | ? | City of Angels (1998) (TMDb: 795)                          |
[2022-11-17 00:21:52,947] [builder.py:2321]           [INFO]     | Valentine's Day Movies Collection | ? | Just Like Heaven (2005) (TMDb: 9007)                       |
[2022-11-17 00:21:52,957] [builder.py:2321]           [INFO]     | Valentine's Day Movies Collection | ? | The Last Song (2010) (TMDb: 35690)                         |
[2022-11-17 00:21:52,967] [builder.py:2321]           [INFO]     | Valentine's Day Movies Collection | ? | Love Actually (2003) (TMDb: 508)                           |
[2022-11-17 00:21:52,978] [builder.py:2321]           [INFO]     | Valentine's Day Movies Collection | ? | The Holiday (2006) (TMDb: 1581)                            |
[2022-11-17 00:21:52,989] [builder.py:2321]           [INFO]     | Valentine's Day Movies Collection | ? | Maid in Manhattan (2002) (TMDb: 7303)                      |
[2022-11-17 00:21:52,999] [builder.py:2321]           [INFO]     | Valentine's Day Movies Collection | ? | He's Just Not That Into You (2009) (TMDb: 10184)           |
[2022-11-17 00:21:53,009] [builder.py:2321]           [INFO]     | Valentine's Day Movies Collection | ? | Soul Survivors (2001) (TMDb: 14033)                        |
[2022-11-17 00:21:53,019] [builder.py:2321]           [INFO]     | Valentine's Day Movies Collection | ? | Strictly Ballroom (1992) (TMDb: 10409)                     |
[2022-11-17 00:21:53,031] [builder.py:2321]           [INFO]     | Valentine's Day Movies Collection | ? | Kate & Leopold (2001) (TMDb: 11232)                        |
[2022-11-17 00:21:53,042] [builder.py:2321]           [INFO]     | Valentine's Day Movies Collection | ? | The Wedding Planner (2001) (TMDb: 2018)                    |
[2022-11-17 00:21:53,052] [builder.py:2321]           [INFO]     | Valentine's Day Movies Collection | ? | How to Lose a Guy in 10 Days (2003) (TMDb: 9919)           |
[2022-11-17 00:21:53,063] [builder.py:2321]           [INFO]     | Valentine's Day Movies Collection | ? | The Princess Diaries 2: Royal Engagement (2004) (TMDb: 11130) |
[2022-11-17 00:21:53,075] [builder.py:2321]           [INFO]     | Valentine's Day Movies Collection | ? | The Prince & Me (2004) (TMDb: 11137)                       |
[2022-11-17 00:21:53,090] [builder.py:2321]           [INFO]     | Valentine's Day Movies Collection | ? | Sleeping Beauty (1959) (TMDb: 10882)                       |
[2022-11-17 00:21:53,106] [builder.py:2321]           [INFO]     | Valentine's Day Movies Collection | ? | Twilight (2008) (TMDb: 8966)                               |
[2022-11-17 00:21:53,117] [builder.py:2321]           [INFO]     | Valentine's Day Movies Collection | ? | Letters to Juliet (2010) (TMDb: 37056)                     |
[2022-11-17 00:21:53,128] [builder.py:2321]           [INFO]     | Valentine's Day Movies Collection | ? | Sweet Home Alabama (2002) (TMDb: 11529)                    |
[2022-11-17 00:21:53,139] [builder.py:2321]           [INFO]     | Valentine's Day Movies Collection | ? | Three to Tango (1999) (TMDb: 10563)                        |
[2022-11-17 00:21:53,155] [builder.py:2321]           [INFO]     | Valentine's Day Movies Collection | ? | Music and Lyrics (2007) (TMDb: 11172)                      |
[2022-11-17 00:21:53,167] [builder.py:2321]           [INFO]     | Valentine's Day Movies Collection | ? | Never Been Kissed (1999) (TMDb: 11355)                     |
[2022-11-17 00:21:53,183] [builder.py:2321]           [INFO]     | Valentine's Day Movies Collection | ? | Valentine (2001) (TMDb: 10984)                             |
[2022-11-17 00:21:53,195] [builder.py:2321]           [INFO]     | Valentine's Day Movies Collection | ? | On Valentine's Day (1986) (TMDb: 143414)                   |
[2022-11-17 00:21:53,207] [builder.py:2321]           [INFO]     | Valentine's Day Movies Collection | ? | Be My Valentine, Charlie Brown (1975) (TMDb: 31726)        |
[2022-11-17 00:21:53,219] [builder.py:2321]           [INFO]     | Valentine's Day Movies Collection | ? | My Bloody Valentine (1981) (TMDb: 39874)                   |
[2022-11-17 00:21:53,229] [builder.py:2321]           [INFO]     | Valentine's Day Movies Collection | ? | My Bloody Valentine (2009) (TMDb: 14435)                   |
[2022-11-17 00:21:53,240] [builder.py:2321]           [INFO]     | Valentine's Day Movies Collection | ? | Lovers Lane (1999) (TMDb: 113957)                          |
[2022-11-17 00:21:53,251] [builder.py:2321]           [INFO]     | Valentine's Day Movies Collection | ? | Sleepless in Seattle (1993) (TMDb: 858)                    |
[2022-11-17 00:21:53,264] [builder.py:2321]           [INFO]     | Valentine's Day Movies Collection | ? | Valentine (1979) (TMDb: 462023)                            |
[2022-11-17 00:21:53,275] [builder.py:2321]           [INFO]     | Valentine's Day Movies Collection | ? | The Caveman's Valentine (2001) (TMDb: 25208)               |
[2022-11-17 00:21:53,286] [builder.py:2321]           [INFO]     | Valentine's Day Movies Collection | ? | The Lost Valentine (2011) (TMDb: 61348)                    |
[2022-11-17 00:21:53,297] [builder.py:2321]           [INFO]     | Valentine's Day Movies Collection | ? | White Valentine (1999) (TMDb: 50892)                       |
[2022-11-17 00:21:53,308] [builder.py:2321]           [INFO]     | Valentine's Day Movies Collection | ? | Surrogate Valentine (2011) (TMDb: 103204)                  |
[2022-11-17 00:21:53,310] [builder.py:2321]           [INFO]     | Valentine's Day Movies Collection | ? | A Valentine Carol (2007) (TMDb: 239496)                    |
[2022-11-17 00:21:53,321] [builder.py:2321]           [INFO]     | Valentine's Day Movies Collection | ? | Funny Valentine (2005) (TMDb: 61393)                       |
[2022-11-17 00:21:53,335] [builder.py:2321]           [INFO]     | Valentine's Day Movies Collection | ? | Valentine Days (2003) (TMDb: 380880)                       |
[2022-11-17 00:21:53,346] [builder.py:2321]           [INFO]     | Valentine's Day Movies Collection | ? | For Better or for Worse: A Valentine from the Heart (1993) (TMDb: 662177) |
[2022-11-17 00:21:53,358] [builder.py:2321]           [INFO]     | Valentine's Day Movies Collection | ? | My Valentine Girls (2011) (TMDb: 63895)                    |
[2022-11-17 00:21:53,369] [builder.py:2321]           [INFO]     | Valentine's Day Movies Collection | ? | Sugar Valentine (2004) (TMDb: 613943)                      |
[2022-11-17 00:21:53,379] [builder.py:2321]           [INFO]     | Valentine's Day Movies Collection | ? | Sweet Valentine (2010) (TMDb: 59931)                       |
[2022-11-17 00:21:53,391] [builder.py:2321]           [INFO]     | Valentine's Day Movies Collection | ? | Valentine Magic on Love Island (1980) (TMDb: 416593)       |
[2022-11-17 00:21:53,403] [builder.py:2321]           [INFO]     | Valentine's Day Movies Collection | ? | Be My Valentine (2013) (TMDb: 226167)                      |
[2022-11-17 00:21:53,415] [builder.py:2321]           [INFO]     | Valentine's Day Movies Collection | ? | Cathy's Valentine (1989) (TMDb: 593725)                    |
[2022-11-17 00:21:53,425] [builder.py:2321]           [INFO]     | Valentine's Day Movies Collection | ? | My Funny Valentine (1990) (TMDb: 1001406)                  |
[2022-11-17 00:21:53,437] [builder.py:2321]           [INFO]     | Valentine's Day Movies Collection | ? | My Funny Valentine (2012) (TMDb: 518182)                   |
[2022-11-17 00:21:53,459] [builder.py:2321]           [INFO]     | Valentine's Day Movies Collection | ? | Valentine: Satanic Day (2010) (TMDb: 1008934)              |
[2022-11-17 00:21:53,470] [builder.py:2321]           [INFO]     | Valentine's Day Movies Collection | ? | Valentine Sweety (2012) (TMDb: 119161)                     |
[2022-11-17 00:21:53,490] [builder.py:2321]           [INFO]     | Valentine's Day Movies Collection | ? | Valentine's Day (2008) (TMDb: 440970)                      |
[2022-11-17 00:21:53,509] [builder.py:2321]           [INFO]     | Valentine's Day Movies Collection | ? | Valentine's Day (1959) (TMDb: 138290)                      |
[2022-11-17 00:21:53,519] [builder.py:2321]           [INFO]     | Valentine's Day Movies Collection | ? | Overnight (2012) (TMDb: 118065)                            |
[2022-11-17 00:21:53,533] [builder.py:2321]           [INFO]     | Valentine's Day Movies Collection | ? | Pontypool (2009) (TMDb: 23963)                             |
[2022-11-17 00:21:53,545] [builder.py:2321]           [INFO]     | Valentine's Day Movies Collection | ? | What Love Is (2007) (TMDb: 25973)                          |
[2022-11-17 00:21:53,556] [builder.py:2321]           [INFO]     | Valentine's Day Movies Collection | ? | Blue Valentine (2010) (TMDb: 46705)                        |
[2022-11-17 00:21:53,567] [builder.py:2321]           [INFO]     | Valentine's Day Movies Collection | ? | New York, I Love You (2008) (TMDb: 12572)                  |
[2022-11-17 00:21:53,578] [builder.py:2321]           [INFO]     | Valentine's Day Movies Collection | ? | Sing Street (2016) (TMDb: 369557)                          |
[2022-11-17 00:21:53,588] [builder.py:2321]           [INFO]     | Valentine's Day Movies Collection | ? | Notting Hill (1999) (TMDb: 509)                            |
[2022-11-17 00:21:53,598] [builder.py:2321]           [INFO]     | Valentine's Day Movies Collection | ? | You've Got Mail (1998) (TMDb: 9489)                        |
[2022-11-17 00:21:53,610] [builder.py:2321]           [INFO]     | Valentine's Day Movies Collection | ? | Me Before You (2016) (TMDb: 296096)                        |
[2022-11-17 00:21:53,622] [builder.py:2321]           [INFO]     | Valentine's Day Movies Collection | ? | La La Land (2016) (TMDb: 313369)                           |
[2022-11-17 00:21:53,634] [builder.py:2321]           [INFO]     | Valentine's Day Movies Collection | ? | Four Weddings and a Funeral (1994) (TMDb: 712)             |
[2022-11-17 00:21:53,645] [builder.py:2321]           [INFO]     | Valentine's Day Movies Collection | ? | Dark Eyes (1987) (TMDb: 44658)                             |
[2022-11-17 00:21:53,657] [builder.py:2321]           [INFO]     | Valentine's Day Movies Collection | ? | Paperback Hero (1999) (TMDb: 68044)                        |
[2022-11-17 00:21:53,672] [builder.py:2321]           [INFO]     | Valentine's Day Movies Collection | ? | Butterflies Are Free (1972) (TMDb: 55106)                  |
[2022-11-17 00:21:53,683] [builder.py:2321]           [INFO]     | Valentine's Day Movies Collection | ? | When Harry Met Sally... (1989) (TMDb: 639)                 |
[2022-11-17 00:21:53,694] [builder.py:2321]           [INFO]     | Valentine's Day Movies Collection | ? | When Brendan Met Trudy (2000) (TMDb: 49929)                |
[2022-11-17 00:21:53,710] [builder.py:2321]           [INFO]     | Valentine's Day Movies Collection | ? | How to Steal a Million (1966) (TMDb: 3001)                 |
[2022-11-17 00:21:53,721] [builder.py:2321]           [INFO]     | Valentine's Day Movies Collection | ? | Harold and Maude (1971) (TMDb: 343)                        |
[2022-11-17 00:21:53,737] [builder.py:2321]           [INFO]     | Valentine's Day Movies Collection | ? | Love Is All You Need (2012) (TMDb: 126250)                 |
[2022-11-17 00:21:53,748] [builder.py:2321]           [INFO]     | Valentine's Day Movies Collection | ? | The Thomas Crown Affair (1968) (TMDb: 912)                 |
[2022-11-17 00:21:53,760] [builder.py:2321]           [INFO]     | Valentine's Day Movies Collection | ? | Educating Rita (1983) (TMDb: 38291)                        |
[2022-11-17 00:21:53,770] [builder.py:2321]           [INFO]     | Valentine's Day Movies Collection | ? | Chocolat (2000) (TMDb: 392)                                |
[2022-11-17 00:21:53,780] [builder.py:2321]           [INFO]     | Valentine's Day Movies Collection | ? | A Room with a View (1985) (TMDb: 11257)                    |
[2022-11-17 00:21:53,790] [builder.py:2321]           [INFO]     | Valentine's Day Movies Collection | ? | Winter's Tale (2014) (TMDb: 137321)                        |
[2022-11-17 00:21:53,801] [builder.py:2321]           [INFO]     | Valentine's Day Movies Collection | ? | Ruby Sparks (2012) (TMDb: 103332)                          |
[2022-11-17 00:21:53,817] [builder.py:2321]           [INFO]     | Valentine's Day Movies Collection | ? | Once (2007) (TMDb: 5723)                                   |
[2022-11-17 00:21:53,828] [builder.py:2321]           [INFO]     | Valentine's Day Movies Collection | ? | About Time (2013) (TMDb: 122906)                           |
[2022-11-17 00:21:53,838] [builder.py:2321]           [INFO]     | Valentine's Day Movies Collection | ? | Danny Deckchair (2003) (TMDb: 14389)                       |
[2022-11-17 00:21:53,849] [builder.py:2321]           [INFO]     | Valentine's Day Movies Collection | ? | Love, Rosie (2014) (TMDb: 200727)                          |
[2022-11-17 00:21:53,859] [builder.py:2321]           [INFO]     | Valentine's Day Movies Collection | ? | My Big Fat Greek Wedding (2002) (TMDb: 8346)               |
[2022-11-17 00:21:53,870] [builder.py:2321]           [INFO]     | Valentine's Day Movies Collection | ? | Creator (1985) (TMDb: 41243)                               |
[2022-11-17 00:21:53,886] [builder.py:2321]           [INFO]     | Valentine's Day Movies Collection | ? | Time Share (2000) (TMDb: 20310)                            |
[2022-11-17 00:21:53,897] [builder.py:2321]           [INFO]     | Valentine's Day Movies Collection | ? | Two Weeks Notice (2002) (TMDb: 2642)                       |
[2022-11-17 00:21:53,910] [builder.py:2321]           [INFO]     | Valentine's Day Movies Collection | ? | The Proposal (2009) (TMDb: 18240)                          |
[2022-11-17 00:21:53,922] [builder.py:2321]           [INFO]     | Valentine's Day Movies Collection | ? | I.Q. (1994) (TMDb: 11777)                                  |
[2022-11-17 00:21:53,946] [builder.py:2321]           [INFO]     | Valentine's Day Movies Collection | ? | Must Love Dogs (2005) (TMDb: 11648)                        |
[2022-11-17 00:21:53,964] [builder.py:2321]           [INFO]     | Valentine's Day Movies Collection | ? | Mickey Blue Eyes (1999) (TMDb: 10154)                      |
[2022-11-17 00:21:53,977] [builder.py:2321]           [INFO]     | Valentine's Day Movies Collection | ? | P.S. I Love You (2007) (TMDb: 6023)                        |
[2022-11-17 00:21:53,988] [builder.py:2321]           [INFO]     | Valentine's Day Movies Collection | ? | Holiday (1938) (TMDb: 16274)                               |
[2022-11-17 00:21:53,999] [builder.py:2321]           [INFO]     | Valentine's Day Movies Collection | ? | The Tamarind Seed (1974) (TMDb: 52960)                     |
[2022-11-17 00:21:54,010] [builder.py:2321]           [INFO]     | Valentine's Day Movies Collection | ? | Doctor Zhivago (1965) (TMDb: 907)                          |
[2022-11-17 00:21:54,030] [builder.py:2321]           [INFO]     | Valentine's Day Movies Collection | ? | At First Sight (1999) (TMDb: 15556)                        |
[2022-11-17 00:21:54,046] [builder.py:2321]           [INFO]     | Valentine's Day Movies Collection | ? | The Age of Adaline (2015) (TMDb: 293863)                   |
[2022-11-17 00:21:54,057] [builder.py:2321]           [INFO]     | Valentine's Day Movies Collection | ? | Magic in the Moonlight (2014) (TMDb: 229297)               |
[2022-11-17 00:21:54,068] [builder.py:2321]           [INFO]     | Valentine's Day Movies Collection | ? | Serendipity (2001) (TMDb: 9778)                            |
[2022-11-17 00:21:54,079] [builder.py:2321]           [INFO]     | Valentine's Day Movies Collection | ? | Truly Madly Deeply (1990) (TMDb: 18317)                    |
[2022-11-17 00:21:54,090] [builder.py:2321]           [INFO]     | Valentine's Day Movies Collection | ? | Onegin (1999) (TMDb: 30237)                                |
[2022-11-17 00:21:54,092] [builder.py:2321]           [INFO]     | Valentine's Day Movies Collection | ? | One Day (2011) (TMDb: 51828)                               |
[2022-11-17 00:21:54,108] [builder.py:2321]           [INFO]     | Valentine's Day Movies Collection | ? | Tim (1979) (TMDb: 31179)                                   |
[2022-11-17 00:21:54,120] [builder.py:2321]           [INFO]     | Valentine's Day Movies Collection | ? | Runaway Bride (1999) (TMDb: 4806)                          |
[2022-11-17 00:21:54,132] [builder.py:2321]           [INFO]     | Valentine's Day Movies Collection | ? | Amélie (2001) (TMDb: 194)                                  |
[2022-11-17 00:21:54,142] [builder.py:2321]           [INFO]     | Valentine's Day Movies Collection | ? | The Purple Rose of Cairo (1985) (TMDb: 10849)              |
[2022-11-17 00:21:54,154] [builder.py:2321]           [INFO]     | Valentine's Day Movies Collection | ? | Tristan & Isolde (2006) (TMDb: 9044)                       |
[2022-11-17 00:21:54,170] [builder.py:2321]           [INFO]     | Valentine's Day Movies Collection | ? | The Bridges of Madison County (1995) (TMDb: 688)           |
[2022-11-17 00:21:54,182] [builder.py:2321]           [INFO]     | Valentine's Day Movies Collection | ? | Out of Africa (1985) (TMDb: 606)                           |
[2022-11-17 00:21:54,192] [builder.py:2321]           [INFO]     | Valentine's Day Movies Collection | ? | Station for Two (1982) (TMDb: 32336)                       |
[2022-11-17 00:21:54,211] [builder.py:2321]           [INFO]     | Valentine's Day Movies Collection | ? | Ghost (1990) (TMDb: 251)                                   |
[2022-11-17 00:21:54,223] [builder.py:2321]           [INFO]     | Valentine's Day Movies Collection | ? | Sense and Sensibility (1995) (TMDb: 4584)                  |
[2022-11-17 00:21:54,250] [builder.py:2321]           [INFO]     | Valentine's Day Movies Collection | ? | Pretty Woman (1990) (TMDb: 114)                            |
[2022-11-17 00:21:54,274] [builder.py:2321]           [INFO]     | Valentine's Day Movies Collection | ? | Gone with the Wind (1939) (TMDb: 770)                      |
[2022-11-17 00:21:54,285] [builder.py:2321]           [INFO]     | Valentine's Day Movies Collection | ? | It Happened One Night (1934) (TMDb: 3078)                  |
[2022-11-17 00:21:54,296] [builder.py:2321]           [INFO]     | Valentine's Day Movies Collection | ? | Casanova (2005) (TMDb: 9681)                               |
[2022-11-17 00:21:54,309] [builder.py:2321]           [INFO]     | Valentine's Day Movies Collection | ? | Annie Hall (1977) (TMDb: 703)                              |
[2022-11-17 00:21:54,536] [builder.py:2321]           [INFO]     | Valentine's Day Movies Collection | ? | The Thomas Crown Affair (1999) (TMDb: 913)                 |
[2022-11-17 00:21:54,548] [builder.py:2321]           [INFO]     | Valentine's Day Movies Collection | ? | The White Countess (2005) (TMDb: 18840)                    |
[2022-11-17 00:21:54,558] [builder.py:2321]           [INFO]     | Valentine's Day Movies Collection | ? | The English Patient (1996) (TMDb: 409)                     |
[2022-11-17 00:21:54,569] [builder.py:2321]           [INFO]     | Valentine's Day Movies Collection | ? | Shakespeare in Love (1998) (TMDb: 1934)                    |
[2022-11-17 00:21:54,585] [builder.py:2321]           [INFO]     | Valentine's Day Movies Collection | ? | Roman Holiday (1953) (TMDb: 804)                           |
[2022-11-17 00:21:54,603] [builder.py:2321]           [INFO]     | Valentine's Day Movies Collection | ? | Love Story (1970) (TMDb: 9062)                             |
[2022-11-17 00:21:54,614] [builder.py:2321]           [INFO]     | Valentine's Day Movies Collection | ? | Ninotchka (1939) (TMDb: 1859)                              |
[2022-11-17 00:21:54,625] [builder.py:2321]           [INFO]     | Valentine's Day Movies Collection | ? | Nine Months (1995) (TMDb: 11472)                           |
[2022-11-17 00:21:54,636] [builder.py:2321]           [INFO]     | Valentine's Day Movies Collection | ? | Goodbye, Mr. Chips (1969) (TMDb: 42607)                    |
[2022-11-17 00:21:54,647] [builder.py:2321]           [INFO]     | Valentine's Day Movies Collection | ? | Indiscreet (1958) (TMDb: 22874)                            |
[2022-11-17 00:21:54,659] [builder.py:2321]           [INFO]     | Valentine's Day Movies Collection | ? | Leap Year (2010) (TMDb: 25195)                             |
[2022-11-17 00:21:54,674] [builder.py:2321]           [INFO]     | Valentine's Day Movies Collection | ? | The Quiet Man (1952) (TMDb: 3109)                          |
[2022-11-17 00:21:54,699] [builder.py:2321]           [INFO]     | Valentine's Day Movies Collection | ? | Made of Honor (2008) (TMDb: 10761)                         |
[2022-11-17 00:21:54,711] [builder.py:2321]           [INFO]     | Valentine's Day Movies Collection | ? | Dirty Dancing (1987) (TMDb: 88)                            |
[2022-11-17 00:21:54,722] [builder.py:2321]           [INFO]     | Valentine's Day Movies Collection | ? | Scott Pilgrim vs. the World (2010) (TMDb: 22538)           |
[2022-11-17 00:21:54,734] [builder.py:2321]           [INFO]     | Valentine's Day Movies Collection | ? | Hampstead (2017) (TMDb: 441728)                            |
[2022-11-17 00:21:54,748] [builder.py:2321]           [INFO]     | Valentine's Day Movies Collection | ? | Ondine (2009) (TMDb: 38448)                                |
[2022-11-17 00:21:54,763] [builder.py:2321]           [INFO]     | Valentine's Day Movies Collection | ? | The Decoy Bride (2011) (TMDb: 40161)                       |
[2022-11-17 00:21:54,775] [builder.py:2321]           [INFO]     | Valentine's Day Movies Collection | ? | (500) Days of Summer (2009) (TMDb: 19913)                  |
[2022-11-17 00:21:54,786] [builder.py:2321]           [INFO]     | Valentine's Day Movies Collection | ? | Wimbledon (2004) (TMDb: 11823)                             |
[2022-11-17 00:21:54,819] [builder.py:2321]           [INFO]     | Valentine's Day Movies Collection | ? | Populaire (2012) (TMDb: 136403)                            |
[2022-11-17 00:21:54,838] [builder.py:2321]           [INFO]     | Valentine's Day Movies Collection | ? | A Month by the Lake (1995) (TMDb: 41007)                   |
[2022-11-17 00:21:54,852] [builder.py:2321]           [INFO]     | Valentine's Day Movies Collection | ? | The Fault in Our Stars (2014) (TMDb: 222935)               |
[2022-11-17 00:21:54,865] [builder.py:2321]           [INFO]     | Valentine's Day Movies Collection | ? | Watching the Detectives (2007) (TMDb: 22100)               |
[2022-11-17 00:21:54,877] [builder.py:2321]           [INFO]     | Valentine's Day Movies Collection | ? | The Tall Guy (1989) (TMDb: 24077)                          |
[2022-11-17 00:21:54,889] [builder.py:2321]           [INFO]     | Valentine's Day Movies Collection | ? | The Fountain (2006) (TMDb: 1381)                           |
[2022-11-17 00:21:54,899] [builder.py:2321]           [INFO]     | Valentine's Day Movies Collection | ? | Crazy Rich Asians (2018) (TMDb: 455207)                    |
[2022-11-17 00:21:54,910] [builder.py:2321]           [INFO]     | Valentine's Day Movies Collection | ? | Juliet, Naked (2018) (TMDb: 458344)                        |
[2022-11-17 00:21:54,920] [builder.py:2321]           [INFO]     | Valentine's Day Movies Collection | ? | Isn't It Romantic (2019) (TMDb: 449563)                    |
[2022-11-17 00:21:54,932] [builder.py:2321]           [INFO]     | Valentine's Day Movies Collection | ? | Under the Eiffel Tower (2019) (TMDb: 486269)               |
[2022-11-17 00:21:54,943] [builder.py:2321]           [INFO]     | Valentine's Day Movies Collection | ? | What Women Want (2000) (TMDb: 3981)                        |
[2022-11-17 00:21:54,954] [builder.py:2321]           [INFO]     | Valentine's Day Movies Collection | ? | Before Sunrise (1995) (TMDb: 76)                           |
[2022-11-17 00:21:54,965] [builder.py:2321]           [INFO]     | Valentine's Day Movies Collection | ? | Before Sunset (2004) (TMDb: 80)                            |
[2022-11-17 00:21:54,966] [builder.py:2326]           [INFO]     |                                                                                                    |
[2022-11-17 00:21:54,966] [builder.py:2327]           [INFO]     | 170 Movies Missing                                                                                 |
[2022-11-17 00:21:57,194] [plex_meta_manager.py:652]  [INFO]     |                                                                                                    |
[2022-11-17 00:21:57,194] [plex_meta_manager.py:653]  [INFO]     | Collection Minimum: 2 not met for Valentine's Day Movies Collection                                |
[2022-11-17 00:21:57,194] [plex_meta_manager.py:736]  [INFO]     |                                                                                                    |
[2022-11-17 00:21:57,194] [plex_meta_manager.py:737]  [INFO]     |====================================================================================================|
[2022-11-17 00:21:57,195] [plex_meta_manager.py:737]  [INFO]     |                             Finished Valentine's Day Movies Collection                             |
[2022-11-17 00:21:57,195] [plex_meta_manager.py:737]  [INFO]     |                                    Collection Run Time: 0:00:23                                    |
[2022-11-17 00:21:57,195] [plex_meta_manager.py:737]  [INFO]     |====================================================================================================|
