[2022-11-25 15:33:03,814] [builder.py:193]            [INFO]     |====================================================================================================|
[2022-11-25 15:33:03,815] [builder.py:193]            [INFO]     |                             Trending Reality TV Collection in TV Shows                             |
[2022-11-25 15:33:03,815] [builder.py:193]            [INFO]     |====================================================================================================|
[2022-11-25 15:33:03,816] [builder.py:194]            [INFO]     |                                                                                                    |
[2022-11-25 15:33:03,816] [builder.py:199]            [INFO]     |================================ Building Definition From Templates ================================|
[2022-11-25 15:33:03,817] [builder.py:215]            [DEBUG]    |                                                                                                    |
[2022-11-25 15:33:03,818] [meta.py:210]               [DEBUG]    |======================================== Template TraktList ========================================|
[2022-11-25 15:33:03,819] [meta.py:451]               [DEBUG]    |                                                                                                    |
[2022-11-25 15:33:03,820] [meta.py:512]               [DEBUG]    |                                                                                                    |
[2022-11-25 15:33:03,821] [meta.py:513]               [DEBUG]    |==================================== Final Template Attributes =====================================|
[2022-11-25 15:33:03,821] [meta.py:514]               [DEBUG]    |                                                                                                    |
[2022-11-25 15:33:03,821] [meta.py:515]               [DEBUG]    | {'sort_title': '+2_2Trending Reality TV', 'sync_mode': 'sync', 'collection_order': 'custom', 'item_refresh': True} |
[2022-11-25 15:33:03,821] [meta.py:516]               [DEBUG]    |                                                                                                    |
[2022-11-25 15:33:03,822] [builder.py:223]            [INFO]     |============================ Validating Trending Reality TV Attributes =============================|
[2022-11-25 15:33:03,822] [builder.py:516]            [DEBUG]    |                                                                                                    |
[2022-11-25 15:33:03,822] [builder.py:517]            [DEBUG]    | Validating Method: sync_mode                                                                       |
[2022-11-25 15:33:03,822] [builder.py:521]            [DEBUG]    | Value: sync                                                                                        |
[2022-11-25 15:33:03,822] [builder.py:613]            [DEBUG]    |                                                                                                    |
[2022-11-25 15:33:03,822] [builder.py:614]            [DEBUG]    | Validating Method: collection_order                                                                |
[2022-11-25 15:33:03,823] [builder.py:615]            [DEBUG]    | Value: custom                                                                                      |
[2022-11-25 15:33:03,823] [builder.py:646]            [DEBUG]    |                                                                                                    |
[2022-11-25 15:33:03,823] [builder.py:650]            [DEBUG]    | Validating Method: trakt_list                                                                      |
[2022-11-25 15:33:03,823] [builder.py:651]            [DEBUG]    | Value: https://trakt.tv/users/benmooney/lists/trending-reality-tv?sort=rank,asc                    |
[2022-11-25 15:33:03,911] [builder.py:646]            [DEBUG]    |                                                                                                    |
[2022-11-25 15:33:03,911] [builder.py:650]            [DEBUG]    | Validating Method: summary                                                                         |
[2022-11-25 15:33:03,912] [builder.py:651]            [DEBUG]    | Value: Currently trending reality TV shows.                                                        |
[2022-11-25 15:33:03,912] [builder.py:646]            [DEBUG]    |                                                                                                    |
[2022-11-25 15:33:03,912] [builder.py:650]            [DEBUG]    | Validating Method: sort_title                                                                      |
[2022-11-25 15:33:03,912] [builder.py:651]            [DEBUG]    | Value: +2_2Trending Reality TV                                                                     |
[2022-11-25 15:33:03,912] [builder.py:646]            [DEBUG]    |                                                                                                    |
[2022-11-25 15:33:03,913] [builder.py:650]            [DEBUG]    | Validating Method: item_refresh                                                                    |
[2022-11-25 15:33:03,913] [builder.py:651]            [DEBUG]    | Value: True                                                                                        |
[2022-11-25 15:33:03,923] [plex.py:835]               [DEBUG]    |                                                                                                    |
[2022-11-25 15:33:03,923] [plex.py:838]               [DEBUG]    | Looking for: Trending Reality TV                                                                   |
[2022-11-25 15:33:03,923] [builder.py:814]            [INFO]     |                                                                                                    |
[2022-11-25 15:33:03,924] [builder.py:815]            [INFO]     | Validation Successful                                                                              |
[2022-11-25 15:33:03,924] [plex_meta_manager.py:594]  [INFO]     |                                                                                                    |
[2022-11-25 15:33:03,924] [plex_meta_manager.py:596]  [INFO]     |============================== Running Trending Reality TV Collection ==============================|
[2022-11-25 15:33:03,925] [plex_meta_manager.py:608]  [INFO]     |                                                                                                    |
[2022-11-25 15:33:03,926] [plex_meta_manager.py:609]  [INFO]     | Sync Mode: sync                                                                                    |
[2022-11-25 15:33:03,926] [plex_meta_manager.py:612]  [DEBUG]    |                                                                                                    |
[2022-11-25 15:33:03,926] [plex_meta_manager.py:613]  [DEBUG]    | Builder: trakt_list: https://trakt.tv/users/benmooney/lists/trending-reality-tv?sort=rank,asc      |
[2022-11-25 15:33:03,926] [plex_meta_manager.py:614]  [INFO]     |                                                                                                    |
[2022-11-25 15:33:03,926] [trakt.py:493]              [INFO]     | Processing Trakt List: https://trakt.tv/users/benmooney/lists/trending-reality-tv?sort=rank,asc    |
[2022-11-25 15:33:03,983] [builder.py:1574]           [DEBUG]    |                                                                                                    |
[2022-11-25 15:33:03,983] [builder.py:1575]           [DEBUG]    | 44 IDs Found                                                                                       |
[2022-11-25 15:33:03,983] [builder.py:1577]           [DEBUG]    |                                                                                                    |
[2022-11-25 15:33:03,984] [builder.py:2352]           [INFO]     |                                                                                                    |
[2022-11-25 15:33:03,984] [builder.py:2353]           [INFO]     |========================= Missing Shows from Library: Trending Reality TV ==========================|
[2022-11-25 15:33:03,985] [builder.py:2354]           [INFO]     |                                                                                                    |
[2022-11-25 15:33:04,057] [builder.py:2366]           [INFO]     | Trending Reality TV Collection | ? | Taskmaster (TVDb: 298905)                                     |
[2022-11-25 15:33:04,111] [builder.py:2366]           [INFO]     | Trending Reality TV Collection | ? | QI (TVDb: 72716)                                              |
[2022-11-25 15:33:04,154] [builder.py:2366]           [INFO]     | Trending Reality TV Collection | ? | Impractical Jokers (TVDb: 254243)                             |
[2022-11-25 15:33:04,190] [builder.py:2366]           [INFO]     | Trending Reality TV Collection | ? | The Grand Tour (2016) (TVDb: 314087)                          |
[2022-11-25 15:33:04,259] [builder.py:2366]           [INFO]     | Trending Reality TV Collection | ? | Last Week Tonight with John Oliver (TVDb: 278518)             |
[2022-11-25 15:33:04,348] [builder.py:2366]           [INFO]     | Trending Reality TV Collection | ? | Top Gear (TVDb: 74608)                                        |
[2022-11-25 15:33:04,395] [builder.py:2366]           [INFO]     | Trending Reality TV Collection | ? | Ghost Adventures (TVDb: 83929)                                |
[2022-11-25 15:33:04,437] [builder.py:2366]           [INFO]     | Trending Reality TV Collection | ? | Penn & Teller: Fool Us (TVDb: 239851)                         |
[2022-11-25 15:33:04,481] [builder.py:2366]           [INFO]     | Trending Reality TV Collection | ? | The Amazing Race (TVDb: 77666)                                |
[2022-11-25 15:33:04,525] [builder.py:2366]           [INFO]     | Trending Reality TV Collection | ? | The First 48 (TVDb: 81275)                                    |
[2022-11-25 15:33:04,572] [builder.py:2366]           [INFO]     | Trending Reality TV Collection | ? | The Curse of Oak Island (TVDb: 276515)                        |
[2022-11-25 15:33:04,607] [builder.py:2366]           [INFO]     | Trending Reality TV Collection | ? | Shark Tank (TVDb: 100981)                                     |
[2022-11-25 15:33:04,658] [builder.py:2366]           [INFO]     | Trending Reality TV Collection | ? | RuPaul's Drag Race UK (TVDb: 356338)                          |
[2022-11-25 15:33:04,720] [builder.py:2366]           [INFO]     | Trending Reality TV Collection | ? | Gold Rush (TVDb: 208111)                                      |
[2022-11-25 15:33:04,763] [builder.py:2366]           [INFO]     | Trending Reality TV Collection | ? | The Voice (TVDb: 247824)                                      |
[2022-11-25 15:33:04,825] [builder.py:2366]           [INFO]     | Trending Reality TV Collection | ? | Real Time with Bill Maher (TVDb: 72231)                       |
[2022-11-25 15:33:04,867] [builder.py:2366]           [INFO]     | Trending Reality TV Collection | ? | The Masked Singer (TVDb: 351030)                              |
[2022-11-25 15:33:04,898] [builder.py:2366]           [INFO]     | Trending Reality TV Collection | ? | Love Is Blind (TVDb: 376459)                                  |
[2022-11-25 15:33:04,939] [builder.py:2366]           [INFO]     | Trending Reality TV Collection | ? | LEGO Masters (US) (TVDb: 370166)                              |
[2022-11-25 15:33:04,987] [builder.py:2366]           [INFO]     | Trending Reality TV Collection | ? | Below Deck (TVDb: 270205)                                     |
[2022-11-25 15:33:05,183] [builder.py:2366]           [INFO]     | Trending Reality TV Collection | ? | Below Deck Mediterranean (TVDb: 305621)                       |
[2022-11-25 15:33:05,237] [builder.py:2366]           [INFO]     | Trending Reality TV Collection | ? | Dancing with the Stars (TVDb: 79590)                          |
[2022-11-25 15:33:05,286] [builder.py:2366]           [INFO]     | Trending Reality TV Collection | ? | Alaskan Bush People (TVDb: 281414)                            |
[2022-11-25 15:33:05,315] [builder.py:2366]           [INFO]     | Trending Reality TV Collection | ? | The Kardashians (TVDb: 414093)                                |
[2022-11-25 15:33:05,352] [builder.py:2366]           [INFO]     | Trending Reality TV Collection | ? | The Bachelorette (TVDb: 71187)                                |
[2022-11-25 15:33:05,474] [builder.py:2366]           [INFO]     | Trending Reality TV Collection | ? | Gogglebox (TVDb: 268009)                                      |
[2022-11-25 15:33:05,528] [builder.py:2366]           [INFO]     | Trending Reality TV Collection | ? | Sister Wives (TVDb: 193711)                                   |
[2022-11-25 15:33:05,573] [builder.py:2366]           [INFO]     | Trending Reality TV Collection | ? | Moonshiners (TVDb: 253695)                                    |
[2022-11-25 15:33:05,616] [builder.py:2366]           [INFO]     | Trending Reality TV Collection | ? | Mountain Men (TVDb: 259203)                                   |
[2022-11-25 15:33:05,658] [builder.py:2366]           [INFO]     | Trending Reality TV Collection | ? | I'm a Celebrity... Get Me Out of Here! (TVDb: 71067)          |
[2022-11-25 15:33:05,692] [builder.py:2366]           [INFO]     | Trending Reality TV Collection | ? | Bachelor in Paradise (TVDb: 280009)                           |
[2022-11-25 15:33:05,730] [builder.py:2366]           [INFO]     | Trending Reality TV Collection | ? | The Real Housewives of Potomac (TVDb: 303252)                 |
[2022-11-25 15:33:05,845] [builder.py:2366]           [INFO]     | Trending Reality TV Collection | ? | 90 Day Fiancé: Happily Ever After? (TVDb: 316934)             |
[2022-11-25 15:33:05,886] [builder.py:2366]           [INFO]     | Trending Reality TV Collection | ? | Gold Rush: White Water (TVDb: 339227)                         |
[2022-11-25 15:33:06,052] [builder.py:2366]           [INFO]     | Trending Reality TV Collection | ? | Siesta Key (TVDb: 332373)                                     |
[2022-11-25 15:33:06,195] [builder.py:2366]           [INFO]     | Trending Reality TV Collection | ? | Street Outlaws: No Prep Kings (TVDb: 341695)                  |
[2022-11-25 15:33:06,348] [builder.py:2366]           [INFO]     | Trending Reality TV Collection | ? | On Patrol: Live (TVDb: 421076)                                |
[2022-11-25 15:33:06,382] [builder.py:2366]           [INFO]     | Trending Reality TV Collection | ? | Richard Hammond's Workshop (TVDb: 411496)                     |
[2022-11-25 15:33:06,480] [builder.py:2366]           [INFO]     | Trending Reality TV Collection | ? | Winter House (TVDb: 409755)                                   |
[2022-11-25 15:33:06,521] [builder.py:2366]           [INFO]     | Trending Reality TV Collection | ? | Below Deck Adventure (TVDb: 412504)                           |
[2022-11-25 15:33:06,545] [builder.py:2366]           [INFO]     | Trending Reality TV Collection | ? | 90 Day: The Single Life (TVDb: 395870)                        |
[2022-11-25 15:33:06,756] [builder.py:2366]           [INFO]     | Trending Reality TV Collection | ? | The Real Housewives of Salt Lake City (TVDb: 372309)          |
[2022-11-25 15:33:06,861] [builder.py:2366]           [INFO]     | Trending Reality TV Collection | ? | MasterChef: The Professionals (TVDb: 82817)                   |
[2022-11-25 15:33:06,861] [builder.py:2371]           [INFO]     |                                                                                                    |
[2022-11-25 15:33:06,861] [builder.py:2372]           [INFO]     | 43 Shows Missing                                                                                   |
[2022-11-25 15:33:08,105] [sonarr.py:70]              [INFO]     |                                                                                                    |
[2022-11-25 15:33:08,106] [sonarr.py:71]              [INFO]     |===================================== Adding Missing to Sonarr =====================================|
[2022-11-25 15:33:08,106] [sonarr.py:72]              [DEBUG]    |                                                                                                    |
[2022-11-25 15:33:08,107] [sonarr.py:73]              [DEBUG]    | Sonarr Adds: [298905, 72716, 254243, 314087, 278518, 74608, 83929, 239851, 77666, 81275, 276515, 100981, 356338, 208111, 247824, 72231, 351030, 376459, 370166, 270205, 305621, 79590, 281414, 414093, 71187, 268009, 193711, 253695, 259203, 71067, 280009, 303252, 316934, 339227, 332373, 341695, 421076, 411496, 409755, 412504, 395870, 372309, 82817] |
[2022-11-25 15:33:43,762] [sonarr.py:170]             [INFO]     |                                                                                                    |
[2022-11-25 15:33:43,762] [sonarr.py:186]             [INFO]     | Skipped: In Cache | 298905                                                                         |
[2022-11-25 15:33:43,763] [sonarr.py:186]             [INFO]     | Skipped: In Cache | 72716                                                                          |
[2022-11-25 15:33:43,763] [sonarr.py:186]             [INFO]     | Skipped: In Cache | 254243                                                                         |
[2022-11-25 15:33:43,763] [sonarr.py:186]             [INFO]     | Skipped: In Cache | 314087                                                                         |
[2022-11-25 15:33:43,763] [sonarr.py:186]             [INFO]     | Skipped: In Cache | 278518                                                                         |
[2022-11-25 15:33:43,763] [sonarr.py:186]             [INFO]     | Skipped: In Cache | 74608                                                                          |
[2022-11-25 15:33:43,763] [sonarr.py:186]             [INFO]     | Skipped: In Cache | 83929                                                                          |
[2022-11-25 15:33:43,764] [sonarr.py:186]             [INFO]     | Skipped: In Cache | 239851                                                                         |
[2022-11-25 15:33:43,764] [sonarr.py:186]             [INFO]     | Skipped: In Cache | 77666                                                                          |
[2022-11-25 15:33:43,764] [sonarr.py:186]             [INFO]     | Skipped: In Cache | 81275                                                                          |
[2022-11-25 15:33:43,764] [sonarr.py:186]             [INFO]     | Skipped: In Cache | 276515                                                                         |
[2022-11-25 15:33:43,764] [sonarr.py:186]             [INFO]     | Skipped: In Cache | 100981                                                                         |
[2022-11-25 15:33:43,764] [sonarr.py:186]             [INFO]     | Skipped: In Cache | 356338                                                                         |
[2022-11-25 15:33:43,764] [sonarr.py:186]             [INFO]     | Skipped: In Cache | 208111                                                                         |
[2022-11-25 15:33:43,765] [sonarr.py:186]             [INFO]     | Skipped: In Cache | 247824                                                                         |
[2022-11-25 15:33:43,765] [sonarr.py:186]             [INFO]     | Skipped: In Cache | 72231                                                                          |
[2022-11-25 15:33:43,765] [sonarr.py:186]             [INFO]     | Skipped: In Cache | 351030                                                                         |
[2022-11-25 15:33:43,765] [sonarr.py:186]             [INFO]     | Skipped: In Cache | 376459                                                                         |
[2022-11-25 15:33:43,765] [sonarr.py:186]             [INFO]     | Skipped: In Cache | 370166                                                                         |
[2022-11-25 15:33:43,765] [sonarr.py:186]             [INFO]     | Skipped: In Cache | 270205                                                                         |
[2022-11-25 15:33:43,766] [sonarr.py:186]             [INFO]     | Skipped: In Cache | 305621                                                                         |
[2022-11-25 15:33:43,766] [sonarr.py:186]             [INFO]     | Skipped: In Cache | 79590                                                                          |
[2022-11-25 15:33:43,766] [sonarr.py:186]             [INFO]     | Skipped: In Cache | 281414                                                                         |
[2022-11-25 15:33:43,766] [sonarr.py:186]             [INFO]     | Skipped: In Cache | 414093                                                                         |
[2022-11-25 15:33:43,766] [sonarr.py:186]             [INFO]     | Skipped: In Cache | 71187                                                                          |
[2022-11-25 15:33:43,766] [sonarr.py:186]             [INFO]     | Skipped: In Cache | 268009                                                                         |
[2022-11-25 15:33:43,766] [sonarr.py:186]             [INFO]     | Skipped: In Cache | 193711                                                                         |
[2022-11-25 15:33:43,766] [sonarr.py:186]             [INFO]     | Skipped: In Cache | 253695                                                                         |
[2022-11-25 15:33:43,767] [sonarr.py:186]             [INFO]     | Skipped: In Cache | 259203                                                                         |
[2022-11-25 15:33:43,767] [sonarr.py:186]             [INFO]     | Skipped: In Cache | 71067                                                                          |
[2022-11-25 15:33:43,767] [sonarr.py:186]             [INFO]     | Skipped: In Cache | 280009                                                                         |
[2022-11-25 15:33:43,767] [sonarr.py:186]             [INFO]     | Skipped: In Cache | 303252                                                                         |
[2022-11-25 15:33:43,767] [sonarr.py:186]             [INFO]     | Skipped: In Cache | 316934                                                                         |
[2022-11-25 15:33:43,767] [sonarr.py:186]             [INFO]     | Skipped: In Cache | 339227                                                                         |
[2022-11-25 15:33:43,767] [sonarr.py:186]             [INFO]     | Skipped: In Cache | 332373                                                                         |
[2022-11-25 15:33:43,767] [sonarr.py:186]             [INFO]     | Skipped: In Cache | 341695                                                                         |
[2022-11-25 15:33:43,768] [sonarr.py:186]             [INFO]     | Skipped: In Cache | 421076                                                                         |
[2022-11-25 15:33:43,768] [sonarr.py:186]             [INFO]     | Skipped: In Cache | 411496                                                                         |
[2022-11-25 15:33:43,768] [sonarr.py:186]             [INFO]     | Skipped: In Cache | 409755                                                                         |
[2022-11-25 15:33:43,768] [sonarr.py:186]             [INFO]     | Skipped: In Cache | 412504                                                                         |
[2022-11-25 15:33:43,768] [sonarr.py:186]             [INFO]     | Skipped: In Cache | 395870                                                                         |
[2022-11-25 15:33:43,768] [sonarr.py:186]             [INFO]     | Skipped: In Cache | 372309                                                                         |
[2022-11-25 15:33:43,768] [sonarr.py:186]             [INFO]     | Skipped: In Cache | 82817                                                                          |
[2022-11-25 15:33:43,769] [sonarr.py:187]             [INFO]     | 43 Series already exist in Sonarr                                                                  |
[2022-11-25 15:33:43,807] [plex_meta_manager.py:652]  [INFO]     |                                                                                                    |
[2022-11-25 15:33:43,808] [plex_meta_manager.py:653]  [INFO]     | Collection Minimum: 2 not met for Trending Reality TV Collection                                   |
[2022-11-25 15:33:43,808] [plex_meta_manager.py:736]  [INFO]     |                                                                                                    |
[2022-11-25 15:33:43,808] [plex_meta_manager.py:737]  [INFO]     |====================================================================================================|
[2022-11-25 15:33:43,809] [plex_meta_manager.py:737]  [INFO]     |                              Finished Trending Reality TV Collection                               |
[2022-11-25 15:33:43,809] [plex_meta_manager.py:737]  [INFO]     |                                    Collection Run Time: 0:00:39                                    |
[2022-11-25 15:33:43,809] [plex_meta_manager.py:737]  [INFO]     |====================================================================================================|
