[2022-11-16 20:37:19,076] [builder.py:193]            [INFO]     |====================================================================================================|
[2022-11-16 20:37:19,076] [builder.py:193]            [INFO]     |                           Oscars Winners 2013 Collection in Kids Movies                            |
[2022-11-16 20:37:19,076] [builder.py:193]            [INFO]     |====================================================================================================|
[2022-11-16 20:37:19,077] [builder.py:194]            [INFO]     |                                                                                                    |
[2022-11-16 20:37:19,077] [builder.py:199]            [INFO]     |================================ Building Definition From Templates ================================|
[2022-11-16 20:37:19,077] [builder.py:215]            [DEBUG]    |                                                                                                    |
[2022-11-16 20:37:19,077] [meta.py:210]               [DEBUG]    |================================== Template use_year_collections ===================================|
[2022-11-16 20:37:19,077] [meta.py:451]               [DEBUG]    |                                                                                                    |
[2022-11-16 20:37:19,078] [meta.py:210]               [DEBUG]    |========================================== Template imdb ===========================================|
[2022-11-16 20:37:19,079] [meta.py:451]               [DEBUG]    |                                                                                                    |
[2022-11-16 20:37:19,080] [meta.py:210]               [DEBUG]    |======================================= Template translation =======================================|
[2022-11-16 20:37:19,080] [meta.py:451]               [DEBUG]    |                                                                                                    |
[2022-11-16 20:37:19,083] [meta.py:210]               [DEBUG]    |========================================= Template shared ==========================================|
[2022-11-16 20:37:19,083] [meta.py:451]               [DEBUG]    |                                                                                                    |
[2022-11-16 20:37:19,095] [meta.py:210]               [DEBUG]    |=========================================== Template arr ===========================================|
[2022-11-16 20:37:19,095] [meta.py:451]               [DEBUG]    |                                                                                                    |
[2022-11-16 20:37:19,101] [meta.py:210]               [DEBUG]    |========================================= Template custom ==========================================|
[2022-11-16 20:37:19,101] [meta.py:451]               [DEBUG]    |                                                                                                    |
[2022-11-16 20:37:19,105] [meta.py:512]               [DEBUG]    |                                                                                                    |
[2022-11-16 20:37:19,105] [meta.py:513]               [DEBUG]    |==================================== Final Template Attributes =====================================|
[2022-11-16 20:37:19,105] [meta.py:514]               [DEBUG]    |                                                                                                    |
[2022-11-16 20:37:19,105] [meta.py:515]               [DEBUG]    | {'imdb_list': 'https://www.imdb.com/search/title/?release_date=2013-01-01,2013-12-31&groups=oscar_winner&sort=moviemeter,asc', 'summary': 'Academy Awards (Oscars) Winners for 2013.', 'name': 'Oscars Winners 2013', 'allowed_library_types': ['movie'], 'ignore_blank_results': True, 'collection_mode': 'hide', 'sort_title': '!16_Oscars Winners 2013', 'url_poster': 'https://raw.githubusercontent.com/meisnate12/Plex-Meta-Manager-Images/master/award/oscars/winner/2013.jpg', 'collection_order': 'custom', 'sync_mode': 'sync', 'cache_builders': 1} |
[2022-11-16 20:37:19,105] [meta.py:516]               [DEBUG]    |                                                                                                    |
[2022-11-16 20:37:19,105] [builder.py:223]            [INFO]     |============================ Validating Oscars Winners 2013 Attributes =============================|
[2022-11-16 20:37:19,105] [builder.py:226]            [DEBUG]    |                                                                                                    |
[2022-11-16 20:37:19,106] [builder.py:227]            [DEBUG]    | Validating Method: name                                                                            |
[2022-11-16 20:37:19,106] [builder.py:230]            [DEBUG]    | Value: Oscars Winners 2013                                                                         |
[2022-11-16 20:37:19,106] [builder.py:236]            [DEBUG]    |                                                                                                    |
[2022-11-16 20:37:19,106] [builder.py:237]            [DEBUG]    | Validating Method: allowed_library_types                                                           |
[2022-11-16 20:37:19,106] [builder.py:240]            [DEBUG]    | Value: ['movie']                                                                                   |
[2022-11-16 20:37:19,106] [builder.py:502]            [DEBUG]    |                                                                                                    |
[2022-11-16 20:37:19,106] [builder.py:503]            [DEBUG]    | Validating Method: ignore_blank_results                                                            |
[2022-11-16 20:37:19,106] [builder.py:504]            [DEBUG]    | Value: True                                                                                        |
[2022-11-16 20:37:19,106] [builder.py:516]            [DEBUG]    |                                                                                                    |
[2022-11-16 20:37:19,106] [builder.py:517]            [DEBUG]    | Validating Method: sync_mode                                                                       |
[2022-11-16 20:37:19,106] [builder.py:521]            [DEBUG]    | Value: sync                                                                                        |
[2022-11-16 20:37:19,106] [builder.py:613]            [DEBUG]    |                                                                                                    |
[2022-11-16 20:37:19,107] [builder.py:614]            [DEBUG]    | Validating Method: collection_order                                                                |
[2022-11-16 20:37:19,107] [builder.py:615]            [DEBUG]    | Value: custom                                                                                      |
[2022-11-16 20:37:19,107] [builder.py:646]            [DEBUG]    |                                                                                                    |
[2022-11-16 20:37:19,107] [builder.py:650]            [DEBUG]    | Validating Method: label                                                                           |
[2022-11-16 20:37:19,107] [builder.py:651]            [DEBUG]    | Value: Oscars Winners Awards                                                                       |
[2022-11-16 20:37:19,107] [builder.py:646]            [DEBUG]    |                                                                                                    |
[2022-11-16 20:37:19,107] [builder.py:650]            [DEBUG]    | Validating Method: imdb_list                                                                       |
[2022-11-16 20:37:19,107] [builder.py:651]            [DEBUG]    | Value: https://www.imdb.com/search/title/?release_date=2013-01-01,2013-12-31&groups=oscar_winner&sort=moviemeter,asc |
[2022-11-16 20:37:19,332] [builder.py:646]            [DEBUG]    |                                                                                                    |
[2022-11-16 20:37:19,334] [builder.py:650]            [DEBUG]    | Validating Method: summary                                                                         |
[2022-11-16 20:37:19,334] [builder.py:651]            [DEBUG]    | Value: Academy Awards (Oscars) Winners for 2013.                                                   |
[2022-11-16 20:37:19,334] [builder.py:646]            [DEBUG]    |                                                                                                    |
[2022-11-16 20:37:19,334] [builder.py:650]            [DEBUG]    | Validating Method: collection_mode                                                                 |
[2022-11-16 20:37:19,334] [builder.py:651]            [DEBUG]    | Value: hide                                                                                        |
[2022-11-16 20:37:19,334] [builder.py:646]            [DEBUG]    |                                                                                                    |
[2022-11-16 20:37:19,334] [builder.py:650]            [DEBUG]    | Validating Method: sort_title                                                                      |
[2022-11-16 20:37:19,334] [builder.py:651]            [DEBUG]    | Value: !16_Oscars Winners 2013                                                                     |
[2022-11-16 20:37:19,334] [builder.py:646]            [DEBUG]    |                                                                                                    |
[2022-11-16 20:37:19,334] [builder.py:650]            [DEBUG]    | Validating Method: url_poster                                                                      |
[2022-11-16 20:37:19,335] [builder.py:651]            [DEBUG]    | Value: https://raw.githubusercontent.com/meisnate12/Plex-Meta-Manager-Images/master/award/oscars/winner/2013.jpg |
[2022-11-16 20:37:19,454] [builder.py:646]            [DEBUG]    |                                                                                                    |
[2022-11-16 20:37:19,455] [builder.py:650]            [DEBUG]    | Validating Method: cache_builders                                                                  |
[2022-11-16 20:37:19,455] [builder.py:651]            [DEBUG]    | Value: 1                                                                                           |
[2022-11-16 20:37:19,459] [plex.py:835]               [DEBUG]    |                                                                                                    |
[2022-11-16 20:37:19,459] [plex.py:838]               [DEBUG]    | Looking for: Oscars Winners 2013                                                                   |
[2022-11-16 20:37:19,460] [builder.py:814]            [INFO]     |                                                                                                    |
[2022-11-16 20:37:19,460] [builder.py:815]            [INFO]     | Validation Successful                                                                              |
[2022-11-16 20:37:19,460] [plex_meta_manager.py:594]  [INFO]     |                                                                                                    |
[2022-11-16 20:37:19,460] [plex_meta_manager.py:596]  [INFO]     |============================== Running Oscars Winners 2013 Collection ==============================|
[2022-11-16 20:37:19,460] [plex_meta_manager.py:608]  [INFO]     |                                                                                                    |
[2022-11-16 20:37:19,460] [plex_meta_manager.py:609]  [INFO]     | Sync Mode: sync                                                                                    |
[2022-11-16 20:37:19,460] [plex_meta_manager.py:612]  [DEBUG]    |                                                                                                    |
[2022-11-16 20:37:19,461] [plex_meta_manager.py:613]  [DEBUG]    | Builder: imdb_list: {'url': 'https://www.imdb.com/search/title/?release_date=2013-01-01,2013-12-31&groups=oscar_winner&sort=moviemeter,asc', 'limit': 0} |
[2022-11-16 20:37:19,461] [plex_meta_manager.py:614]  [INFO]     |                                                                                                    |
[2022-11-16 20:37:19,461] [builder.py:1523]           [INFO]     | Builder: imdb_list loaded from Cache                                                               |
[2022-11-16 20:37:19,463] [builder.py:1574]           [DEBUG]    |                                                                                                    |
[2022-11-16 20:37:19,463] [builder.py:1575]           [DEBUG]    | 15 IDs Found                                                                                       |
[2022-11-16 20:37:19,464] [builder.py:1577]           [DEBUG]    |                                                                                                    |
[2022-11-16 20:37:19,476] [builder.py:2306]           [INFO]     |                                                                                                    |
[2022-11-16 20:37:19,476] [builder.py:2307]           [INFO]     |============================= Missing Movies from Library: Kids Movies =============================|
[2022-11-16 20:37:19,477] [builder.py:2308]           [INFO]     |                                                                                                    |
[2022-11-16 20:37:19,499] [builder.py:2321]           [INFO]     | Oscars Winners 2013 Collection | ? | The Great Gatsby (2013) (TMDb: 64682)                         |
[2022-11-16 20:37:19,511] [builder.py:2321]           [INFO]     | Oscars Winners 2013 Collection | ? | Her (2013) (TMDb: 152601)                                     |
[2022-11-16 20:37:19,522] [builder.py:2321]           [INFO]     | Oscars Winners 2013 Collection | ? | 12 Years a Slave (2013) (TMDb: 76203)                         |
[2022-11-16 20:37:19,534] [builder.py:2321]           [INFO]     | Oscars Winners 2013 Collection | ? | Gravity (2013) (TMDb: 49047)                                  |
[2022-11-16 20:37:19,548] [builder.py:2321]           [INFO]     | Oscars Winners 2013 Collection | ? | Dallas Buyers Club (2013) (TMDb: 152532)                      |
[2022-11-16 20:37:19,560] [builder.py:2321]           [INFO]     | Oscars Winners 2013 Collection | ? | Blue Jasmine (2013) (TMDb: 160588)                            |
[2022-11-16 20:37:19,572] [builder.py:2321]           [INFO]     | Oscars Winners 2013 Collection | ? | The Great Beauty (2013) (TMDb: 179144)                        |
[2022-11-16 20:37:19,582] [builder.py:2321]           [INFO]     | Oscars Winners 2013 Collection | ? | Ida (2013) (TMDb: 209274)                                     |
[2022-11-16 20:37:19,593] [builder.py:2321]           [INFO]     | Oscars Winners 2013 Collection | ? | 20 Feet from Stardom (2013) (TMDb: 159014)                    |
[2022-11-16 20:37:19,603] [builder.py:2321]           [INFO]     | Oscars Winners 2013 Collection | ? | The Phone Call (2013) (TMDb: 220809)                          |
[2022-11-16 20:37:19,614] [builder.py:2321]           [INFO]     | Oscars Winners 2013 Collection | ? | Mr Hublot (2013) (TMDb: 234862)                               |
[2022-11-16 20:37:19,627] [builder.py:2321]           [INFO]     | Oscars Winners 2013 Collection | ? | Helium (2014) (TMDb: 249699)                                  |
[2022-11-16 20:37:19,637] [builder.py:2321]           [INFO]     | Oscars Winners 2013 Collection | ? | The Lady in Number 6: Music Saved My Life (2013) (TMDb: 249724) |
[2022-11-16 20:37:19,648] [builder.py:2321]           [INFO]     | Oscars Winners 2013 Collection | ? | Crisis Hotline: Veterans Press 1 (2013) (TMDb: 248808)        |
[2022-11-16 20:37:19,649] [builder.py:2326]           [INFO]     |                                                                                                    |
[2022-11-16 20:37:19,649] [builder.py:2327]           [INFO]     | 14 Movies Missing                                                                                  |
[2022-11-16 20:37:23,683] [plex_meta_manager.py:652]  [INFO]     |                                                                                                    |
[2022-11-16 20:37:23,683] [plex_meta_manager.py:653]  [INFO]     | Collection Minimum: 2 not met for Oscars Winners 2013 Collection                                   |
[2022-11-16 20:37:23,683] [plex_meta_manager.py:736]  [INFO]     |                                                                                                    |
[2022-11-16 20:37:23,683] [plex_meta_manager.py:737]  [INFO]     |====================================================================================================|
[2022-11-16 20:37:23,684] [plex_meta_manager.py:737]  [INFO]     |                              Finished Oscars Winners 2013 Collection                               |
[2022-11-16 20:37:23,684] [plex_meta_manager.py:737]  [INFO]     |                                    Collection Run Time: 0:00:04                                    |
[2022-11-16 20:37:23,684] [plex_meta_manager.py:737]  [INFO]     |====================================================================================================|
