[2022-11-25 14:32:30,845] [builder.py:193]            [INFO]     |====================================================================================================|
[2022-11-25 14:32:30,845] [builder.py:193]            [INFO]     |                         Oscars Winners 1965 Collection in Christmas Movies                         |
[2022-11-25 14:32:30,845] [builder.py:193]            [INFO]     |====================================================================================================|
[2022-11-25 14:32:30,845] [builder.py:194]            [INFO]     |                                                                                                    |
[2022-11-25 14:32:30,845] [builder.py:199]            [INFO]     |================================ Building Definition From Templates ================================|
[2022-11-25 14:32:30,845] [builder.py:215]            [DEBUG]    |                                                                                                    |
[2022-11-25 14:32:30,846] [meta.py:210]               [DEBUG]    |================================== Template use_year_collections ===================================|
[2022-11-25 14:32:30,847] [meta.py:451]               [DEBUG]    |                                                                                                    |
[2022-11-25 14:32:30,848] [meta.py:210]               [DEBUG]    |========================================== Template imdb ===========================================|
[2022-11-25 14:32:30,850] [meta.py:451]               [DEBUG]    |                                                                                                    |
[2022-11-25 14:32:30,852] [meta.py:210]               [DEBUG]    |======================================= Template translation =======================================|
[2022-11-25 14:32:30,857] [meta.py:451]               [DEBUG]    |                                                                                                    |
[2022-11-25 14:32:30,860] [meta.py:210]               [DEBUG]    |========================================= Template shared ==========================================|
[2022-11-25 14:32:30,861] [meta.py:451]               [DEBUG]    |                                                                                                    |
[2022-11-25 14:32:30,884] [meta.py:210]               [DEBUG]    |=========================================== Template arr ===========================================|
[2022-11-25 14:32:30,891] [meta.py:451]               [DEBUG]    |                                                                                                    |
[2022-11-25 14:32:30,898] [meta.py:210]               [DEBUG]    |========================================= Template custom ==========================================|
[2022-11-25 14:32:30,905] [meta.py:451]               [DEBUG]    |                                                                                                    |
[2022-11-25 14:32:30,910] [meta.py:512]               [DEBUG]    |                                                                                                    |
[2022-11-25 14:32:30,911] [meta.py:513]               [DEBUG]    |==================================== Final Template Attributes =====================================|
[2022-11-25 14:32:30,911] [meta.py:514]               [DEBUG]    |                                                                                                    |
[2022-11-25 14:32:30,911] [meta.py:515]               [DEBUG]    | {'imdb_list': 'https://www.imdb.com/search/title/?release_date=1965-01-01,1965-12-31&groups=oscar_winner&sort=moviemeter,asc', 'summary': 'Academy Awards (Oscars) Winners for 1965.', 'name': 'Oscars Winners 1965', 'allowed_library_types': ['movie'], 'ignore_blank_results': True, 'collection_mode': 'hide', 'sort_title': '!16_Oscars Winners 1965', 'url_poster': 'https://raw.githubusercontent.com/meisnate12/Plex-Meta-Manager-Images/master/award/oscars/winner/1965.jpg', 'collection_order': 'custom', 'sync_mode': 'sync', 'cache_builders': 1} |
[2022-11-25 14:32:30,911] [meta.py:516]               [DEBUG]    |                                                                                                    |
[2022-11-25 14:32:30,911] [builder.py:223]            [INFO]     |============================ Validating Oscars Winners 1965 Attributes =============================|
[2022-11-25 14:32:30,911] [builder.py:226]            [DEBUG]    |                                                                                                    |
[2022-11-25 14:32:30,912] [builder.py:227]            [DEBUG]    | Validating Method: name                                                                            |
[2022-11-25 14:32:30,912] [builder.py:230]            [DEBUG]    | Value: Oscars Winners 1965                                                                         |
[2022-11-25 14:32:30,912] [builder.py:236]            [DEBUG]    |                                                                                                    |
[2022-11-25 14:32:30,912] [builder.py:237]            [DEBUG]    | Validating Method: allowed_library_types                                                           |
[2022-11-25 14:32:30,912] [builder.py:240]            [DEBUG]    | Value: ['movie']                                                                                   |
[2022-11-25 14:32:30,912] [builder.py:502]            [DEBUG]    |                                                                                                    |
[2022-11-25 14:32:30,912] [builder.py:503]            [DEBUG]    | Validating Method: ignore_blank_results                                                            |
[2022-11-25 14:32:30,913] [builder.py:504]            [DEBUG]    | Value: True                                                                                        |
[2022-11-25 14:32:30,913] [builder.py:516]            [DEBUG]    |                                                                                                    |
[2022-11-25 14:32:30,913] [builder.py:517]            [DEBUG]    | Validating Method: sync_mode                                                                       |
[2022-11-25 14:32:30,916] [builder.py:521]            [DEBUG]    | Value: sync                                                                                        |
[2022-11-25 14:32:30,917] [builder.py:613]            [DEBUG]    |                                                                                                    |
[2022-11-25 14:32:30,917] [builder.py:614]            [DEBUG]    | Validating Method: collection_order                                                                |
[2022-11-25 14:32:30,917] [builder.py:615]            [DEBUG]    | Value: custom                                                                                      |
[2022-11-25 14:32:30,917] [builder.py:646]            [DEBUG]    |                                                                                                    |
[2022-11-25 14:32:30,917] [builder.py:650]            [DEBUG]    | Validating Method: label                                                                           |
[2022-11-25 14:32:30,918] [builder.py:651]            [DEBUG]    | Value: Oscars Winners Awards                                                                       |
[2022-11-25 14:32:30,918] [builder.py:646]            [DEBUG]    |                                                                                                    |
[2022-11-25 14:32:30,918] [builder.py:650]            [DEBUG]    | Validating Method: imdb_list                                                                       |
[2022-11-25 14:32:30,918] [builder.py:651]            [DEBUG]    | Value: https://www.imdb.com/search/title/?release_date=1965-01-01,1965-12-31&groups=oscar_winner&sort=moviemeter,asc |
[2022-11-25 14:32:31,092] [builder.py:646]            [DEBUG]    |                                                                                                    |
[2022-11-25 14:32:31,096] [builder.py:650]            [DEBUG]    | Validating Method: summary                                                                         |
[2022-11-25 14:32:31,096] [builder.py:651]            [DEBUG]    | Value: Academy Awards (Oscars) Winners for 1965.                                                   |
[2022-11-25 14:32:31,096] [builder.py:646]            [DEBUG]    |                                                                                                    |
[2022-11-25 14:32:31,096] [builder.py:650]            [DEBUG]    | Validating Method: collection_mode                                                                 |
[2022-11-25 14:32:31,097] [builder.py:651]            [DEBUG]    | Value: hide                                                                                        |
[2022-11-25 14:32:31,097] [builder.py:646]            [DEBUG]    |                                                                                                    |
[2022-11-25 14:32:31,097] [builder.py:650]            [DEBUG]    | Validating Method: sort_title                                                                      |
[2022-11-25 14:32:31,097] [builder.py:651]            [DEBUG]    | Value: !16_Oscars Winners 1965                                                                     |
[2022-11-25 14:32:31,097] [builder.py:646]            [DEBUG]    |                                                                                                    |
[2022-11-25 14:32:31,097] [builder.py:650]            [DEBUG]    | Validating Method: url_poster                                                                      |
[2022-11-25 14:32:31,098] [builder.py:651]            [DEBUG]    | Value: https://raw.githubusercontent.com/meisnate12/Plex-Meta-Manager-Images/master/award/oscars/winner/1965.jpg |
[2022-11-25 14:32:31,220] [builder.py:646]            [DEBUG]    |                                                                                                    |
[2022-11-25 14:32:31,220] [builder.py:650]            [DEBUG]    | Validating Method: cache_builders                                                                  |
[2022-11-25 14:32:31,220] [builder.py:651]            [DEBUG]    | Value: 1                                                                                           |
[2022-11-25 14:32:31,235] [plex.py:835]               [DEBUG]    |                                                                                                    |
[2022-11-25 14:32:31,236] [plex.py:838]               [DEBUG]    | Looking for: Oscars Winners 1965                                                                   |
[2022-11-25 14:32:31,236] [builder.py:814]            [INFO]     |                                                                                                    |
[2022-11-25 14:32:31,236] [builder.py:815]            [INFO]     | Validation Successful                                                                              |
[2022-11-25 14:32:31,236] [plex_meta_manager.py:594]  [INFO]     |                                                                                                    |
[2022-11-25 14:32:31,236] [plex_meta_manager.py:596]  [INFO]     |============================== Running Oscars Winners 1965 Collection ==============================|
[2022-11-25 14:32:31,237] [plex_meta_manager.py:608]  [INFO]     |                                                                                                    |
[2022-11-25 14:32:31,237] [plex_meta_manager.py:609]  [INFO]     | Sync Mode: sync                                                                                    |
[2022-11-25 14:32:31,237] [plex_meta_manager.py:612]  [DEBUG]    |                                                                                                    |
[2022-11-25 14:32:31,237] [plex_meta_manager.py:613]  [DEBUG]    | Builder: imdb_list: {'url': 'https://www.imdb.com/search/title/?release_date=1965-01-01,1965-12-31&groups=oscar_winner&sort=moviemeter,asc', 'limit': 0} |
[2022-11-25 14:32:31,237] [plex_meta_manager.py:614]  [INFO]     |                                                                                                    |
[2022-11-25 14:32:31,238] [builder.py:1523]           [INFO]     | Builder: imdb_list loaded from Cache                                                               |
[2022-11-25 14:32:31,243] [builder.py:1574]           [DEBUG]    |                                                                                                    |
[2022-11-25 14:32:31,244] [builder.py:1575]           [DEBUG]    | 15 IDs Found                                                                                       |
[2022-11-25 14:32:31,244] [builder.py:1577]           [DEBUG]    |                                                                                                    |
[2022-11-25 14:32:31,271] [plex_meta_manager.py:711]  [WARNING]  | Collection Warning: No items found                                                                 |
[2022-11-25 14:32:31,275] [plex_meta_manager.py:736]  [INFO]     |                                                                                                    |
[2022-11-25 14:32:31,275] [plex_meta_manager.py:737]  [INFO]     |====================================================================================================|
[2022-11-25 14:32:31,275] [plex_meta_manager.py:737]  [INFO]     |                              Finished Oscars Winners 1965 Collection                               |
[2022-11-25 14:32:31,275] [plex_meta_manager.py:737]  [INFO]     |                                    Collection Run Time: 0:00:00                                    |
[2022-11-25 14:32:31,276] [plex_meta_manager.py:737]  [INFO]     |====================================================================================================|
