[2022-11-17 09:22:26,933] [builder.py:193]            [INFO]     |====================================================================================================|
[2022-11-17 09:22:26,933] [builder.py:193]            [INFO]     |                        Jeff Dunham Stand Up Collection in Christmas Movies                         |
[2022-11-17 09:22:26,933] [builder.py:193]            [INFO]     |====================================================================================================|
[2022-11-17 09:22:26,933] [builder.py:194]            [INFO]     |                                                                                                    |
[2022-11-17 09:22:26,933] [builder.py:199]            [INFO]     |================================ Building Definition From Templates ================================|
[2022-11-17 09:22:26,933] [builder.py:215]            [DEBUG]    |                                                                                                    |
[2022-11-17 09:22:26,934] [meta.py:210]               [DEBUG]    |======================================= Template Collection ========================================|
[2022-11-17 09:22:26,934] [meta.py:451]               [DEBUG]    |                                                                                                    |
[2022-11-17 09:22:26,936] [meta.py:512]               [DEBUG]    |                                                                                                    |
[2022-11-17 09:22:26,937] [meta.py:513]               [DEBUG]    |==================================== Final Template Attributes =====================================|
[2022-11-17 09:22:26,937] [meta.py:514]               [DEBUG]    |                                                                                                    |
[2022-11-17 09:22:26,937] [meta.py:515]               [DEBUG]    | {'tmdb_summary': '<<summary>>', 'url_poster': '<<poster>>', 'sort_title': '+4_Jeff Dunham Stand Up', 'sync_mode': 'sync', 'collection_order': 'release'} |
[2022-11-17 09:22:26,937] [meta.py:516]               [DEBUG]    |                                                                                                    |
[2022-11-17 09:22:26,938] [builder.py:223]            [INFO]     |============================ Validating Jeff Dunham Stand Up Attributes ============================|
[2022-11-17 09:22:26,938] [builder.py:516]            [DEBUG]    |                                                                                                    |
[2022-11-17 09:22:26,938] [builder.py:517]            [DEBUG]    | Validating Method: sync_mode                                                                       |
[2022-11-17 09:22:26,938] [builder.py:521]            [DEBUG]    | Value: sync                                                                                        |
[2022-11-17 09:22:26,939] [builder.py:613]            [DEBUG]    |                                                                                                    |
[2022-11-17 09:22:26,939] [builder.py:614]            [DEBUG]    | Validating Method: collection_order                                                                |
[2022-11-17 09:22:26,939] [builder.py:615]            [DEBUG]    | Value: release                                                                                     |
[2022-11-17 09:22:26,939] [builder.py:646]            [DEBUG]    |                                                                                                    |
[2022-11-17 09:22:26,939] [builder.py:650]            [DEBUG]    | Validating Method: imdb_list                                                                       |
[2022-11-17 09:22:26,940] [builder.py:651]            [DEBUG]    | Value: https://www.imdb.com/list/ls086022668/                                                      |
[2022-11-17 09:22:27,389] [builder.py:646]            [DEBUG]    |                                                                                                    |
[2022-11-17 09:22:27,391] [builder.py:650]            [DEBUG]    | Validating Method: summary                                                                         |
[2022-11-17 09:22:27,392] [builder.py:651]            [DEBUG]    | Value: Collection of Jeff Dunham's Stand Up Comedy Specials                                        |
[2022-11-17 09:22:27,392] [builder.py:646]            [DEBUG]    |                                                                                                    |
[2022-11-17 09:22:27,392] [builder.py:650]            [DEBUG]    | Validating Method: tmdb_summary                                                                    |
[2022-11-17 09:22:27,393] [builder.py:651]            [DEBUG]    | Value: <<summary>>                                                                                 |
[2022-11-17 09:22:27,393] [plex_meta_manager.py:724]  [DEBUG]    | Traceback (most recent call last):                                                                 |
                                                                 |   File "//plex_meta_manager.py", line 592, in run_collection
                                                                 |     builder = CollectionBuilder(config, metadata, mapping_name, collection_attrs, library=library, extra=output_str)
                                                                 |   File "/modules/builder.py", line 700, in __init__
                                                                 |     self._summary(method_name, method_data)
                                                                 |   File "/modules/builder.py", line 821, in _summary
                                                                 |     self.summaries[method_name] = self.config.TMDb.get_movie_show_or_collection(util.regex_first_int(method_data, "TMDb ID"), self.library.is_movie).overview
                                                                 |   File "/modules/util.py", line 335, in regex_first_int
                                                                 |     raise Failed(f"Regex Error: Failed to parse {id_type} from {data}")
                                                                 | modules.util.Failed: Regex Error: Failed to parse TMDb ID from <<summary>>
                                                                 | 
[2022-11-17 09:22:27,396] [plex_meta_manager.py:725]  [ERROR]    | Regex Error: Failed to parse TMDb ID from <<summary>>
[2022-11-17 09:22:27,396] [plex_meta_manager.py:736]  [INFO]     | 
[2022-11-17 09:22:27,396] [plex_meta_manager.py:737]  [INFO]     |====================================================================================================|
[2022-11-17 09:22:27,397] [plex_meta_manager.py:737]  [INFO]     |                              Finished Jeff Dunham Stand Up Collection                              |
[2022-11-17 09:22:27,397] [plex_meta_manager.py:737]  [INFO]     |                                    Collection Run Time: 0:00:00                                    |
[2022-11-17 09:22:27,397] [plex_meta_manager.py:737]  [INFO]     |====================================================================================================|
