[2022-11-16 20:16:41,324] [builder.py:193]            [INFO]     |====================================================================================================|
[2022-11-16 20:16:41,324] [builder.py:193]            [INFO]     |                              George Clooney Collection in Kids Movies                              |
[2022-11-16 20:16:41,324] [builder.py:193]            [INFO]     |====================================================================================================|
[2022-11-16 20:16:41,324] [builder.py:194]            [INFO]     |                                                                                                    |
[2022-11-16 20:16:41,324] [builder.py:199]            [INFO]     |================================ Building Definition From Templates ================================|
[2022-11-16 20:16:41,324] [builder.py:215]            [DEBUG]    |                                                                                                    |
[2022-11-16 20:16:41,325] [meta.py:210]               [DEBUG]    |========================================= Template people ==========================================|
[2022-11-16 20:16:41,325] [meta.py:451]               [DEBUG]    |                                                                                                    |
[2022-11-16 20:16:41,327] [meta.py:512]               [DEBUG]    |                                                                                                    |
[2022-11-16 20:16:41,328] [meta.py:513]               [DEBUG]    |==================================== Final Template Attributes =====================================|
[2022-11-16 20:16:41,328] [meta.py:514]               [DEBUG]    |                                                                                                    |
[2022-11-16 20:16:41,328] [meta.py:515]               [DEBUG]    | {'actor': 'tmdb', 'tmdb_person': 1461, 'sort_title': '++_George Clooney', 'collection_order': 'release'} |
[2022-11-16 20:16:41,328] [meta.py:516]               [DEBUG]    |                                                                                                    |
[2022-11-16 20:16:41,328] [builder.py:223]            [INFO]     |=============================== Validating George Clooney Attributes ===============================|
[2022-11-16 20:16:41,329] [builder.py:528]            [DEBUG]    |                                                                                                    |
[2022-11-16 20:16:41,329] [builder.py:529]            [DEBUG]    | Validating Method: tmdb_person                                                                     |
[2022-11-16 20:16:41,329] [builder.py:533]            [DEBUG]    | Value: 1461                                                                                        |
[2022-11-16 20:16:41,343] [builder.py:613]            [DEBUG]    |                                                                                                    |
[2022-11-16 20:16:41,344] [builder.py:614]            [DEBUG]    | Validating Method: collection_order                                                                |
[2022-11-16 20:16:41,344] [builder.py:615]            [DEBUG]    | Value: release                                                                                     |
[2022-11-16 20:16:41,344] [builder.py:646]            [DEBUG]    |                                                                                                    |
[2022-11-16 20:16:41,344] [builder.py:650]            [DEBUG]    | Validating Method: actor                                                                           |
[2022-11-16 20:16:41,344] [builder.py:651]            [DEBUG]    | Value: tmdb                                                                                        |
[2022-11-16 20:16:42,057] [builder.py:646]            [DEBUG]    |                                                                                                    |
[2022-11-16 20:16:42,057] [builder.py:650]            [DEBUG]    | Validating Method: sort_title                                                                      |
[2022-11-16 20:16:42,057] [builder.py:651]            [DEBUG]    | Value: ++_George Clooney                                                                           |
[2022-11-16 20:16:42,067] [builder.py:795]            [INFO]     |                                                                                                    |
[2022-11-16 20:16:42,067] [builder.py:796]            [ERROR]    | Collection Error: Converting George Clooney to a normal collection                                 |
[2022-11-16 20:16:42,074] [builder.py:814]            [INFO]     |                                                                                                    |
[2022-11-16 20:16:42,075] [builder.py:815]            [INFO]     | Validation Successful                                                                              |
[2022-11-16 20:16:42,075] [plex_meta_manager.py:594]  [INFO]     |                                                                                                    |
[2022-11-16 20:16:42,075] [plex_meta_manager.py:596]  [INFO]     |================================ Running George Clooney Collection =================================|
[2022-11-16 20:16:42,075] [plex_meta_manager.py:608]  [INFO]     |                                                                                                    |
[2022-11-16 20:16:42,075] [plex_meta_manager.py:609]  [INFO]     | Sync Mode: append                                                                                  |
[2022-11-16 20:16:42,075] [plex_meta_manager.py:612]  [DEBUG]    |                                                                                                    |
[2022-11-16 20:16:42,075] [plex_meta_manager.py:613]  [DEBUG]    | Builder: plex_search: (1, "Plex Movie Search\nSort By: ['title.asc']\nFilter:\n  Match any of the following:\n    Actor is George Clooney", '?type=1&sort=titleSort&push=1&actor=3734&pop=1') |
[2022-11-16 20:16:42,075] [plex_meta_manager.py:614]  [INFO]     |                                                                                                    |
[2022-11-16 20:16:42,076] [plex.py:924]               [INFO]     | Processing Plex Movie Search                                                                       |
                                                                 | Sort By: ['title.asc']
                                                                 | Filter:
                                                                 |   Match any of the following:
                                                                 |     Actor is George Clooney
[2022-11-16 20:16:42,086] [builder.py:1574]           [DEBUG]    | 
[2022-11-16 20:16:42,086] [builder.py:1575]           [DEBUG]    | 2 IDs Found
[2022-11-16 20:16:42,087] [builder.py:1577]           [DEBUG]    | 
[2022-11-16 20:16:42,087] [builder.py:2158]           [INFO]     | 
[2022-11-16 20:16:42,087] [builder.py:2159]           [INFO]     |=============================== Adding to George Clooney Collection ================================|
[2022-11-16 20:16:42,087] [builder.py:2160]           [INFO]     |                                                                                                    |
[2022-11-16 20:16:42,087] [builder.py:2174]           [INFO]     | 1/2 | George Clooney Collection | + | Spy Kids (2001)                                              |
[2022-11-16 20:16:42,208] [builder.py:2174]           [INFO]     | 2/2 | George Clooney Collection | + | Spy Kids 3: Game Over (2003)                                 |
[2022-11-16 20:16:45,753] [builder.py:2194]           [INFO]     |                                                                                                    |
[2022-11-16 20:16:45,756] [builder.py:2196]           [INFO]     | 2 Movies Processed 2 Movies Added                                                                  |
[2022-11-16 20:16:45,766] [builder.py:2527]           [INFO]     |                                                                                                    |
[2022-11-16 20:16:45,766] [builder.py:2528]           [INFO]     |========================== Updating Details of George Clooney Collection ===========================|
[2022-11-16 20:16:45,767] [builder.py:2529]           [INFO]     |                                                                                                    |
[2022-11-16 20:16:45,776] [builder.py:2595]           [INFO]     | Collection Metadata Edits                                                                          |
                                                                 | Summary (tmdb_person) | An American actor, film director, producer, and screenwriter. He has received three Golden Globe Awards for his work as an actor and two Academy Awards—one for acting and the other for producing. Clooney is also noted for his political activism and has served as one of the United Nations Messengers of Peace since January 31, 2008. Born in Lexington, Kentucky, as son of Nick Clooney, a TV newscaster of many years, who hosted a talk show at Cincinnati and often invited George into the studios already at the age of 5. Avoiding competition with his father, he quit his job as broadcast journalist after a short time. Studied a few years at Northern Kentucky University. Failed to join the Cincinnati Reds baseball team. He came to acting when his cousin, Miguel Ferrer, got him a small part in a feature film. After that, he moved to L.A. in 1982 and tried a whole year to get a role while he slept in a friend's closet. His first movie, together with Charlie Sheen, stayed unreleased but got him the producers' attention for later contracts.
                                                                 | Sort Title | ++_George Clooney
                                                                 | Label | +PMM
[2022-11-16 20:16:48,495] [builder.py:2599]           [INFO]     | Details: have been updated
[2022-11-16 20:16:48,496] [builder.py:2603]           [INFO]     | 
[2022-11-16 20:16:48,496] [util.py:174]               [DEBUG]    | 1 poster found:
[2022-11-16 20:16:48,496] [util.py:176]               [DEBUG]    | Method: tmdb_person Poster: https://image.tmdb.org/t/p/original/kHiVY6r1k6juXrNetAYk2jILqn9.jpg
[2022-11-16 20:16:48,579] [library.py:178]            [INFO]     | Detail: tmdb_person updated poster to [URL] https://image.tmdb.org/t/p/original/kHiVY6r1k6juXrNetAYk2jILqn9.jpg
[2022-11-16 20:16:48,701] [plex_meta_manager.py:736]  [INFO]     | 
[2022-11-16 20:16:48,702] [plex_meta_manager.py:737]  [INFO]     |====================================================================================================|
[2022-11-16 20:16:48,702] [plex_meta_manager.py:737]  [INFO]     |                                 Finished George Clooney Collection                                 |
[2022-11-16 20:16:48,702] [plex_meta_manager.py:737]  [INFO]     |                                    Collection Run Time: 0:00:07                                    |
[2022-11-16 20:16:48,702] [plex_meta_manager.py:737]  [INFO]     |====================================================================================================|
