[2022-11-17 02:23:02,142] [builder.py:193]            [INFO]     |====================================================================================================|
[2022-11-17 02:23:02,142] [builder.py:193]            [INFO]     |                                 Emmys 1995 Collection in TV Shows                                  |
[2022-11-17 02:23:02,143] [builder.py:193]            [INFO]     |====================================================================================================|
[2022-11-17 02:23:02,143] [builder.py:194]            [INFO]     |                                                                                                    |
[2022-11-17 02:23:02,143] [builder.py:199]            [INFO]     |================================ Building Definition From Templates ================================|
[2022-11-17 02:23:02,143] [builder.py:215]            [DEBUG]    |                                                                                                    |
[2022-11-17 02:23:02,143] [meta.py:210]               [DEBUG]    |================================== Template use_year_collections ===================================|
[2022-11-17 02:23:02,144] [meta.py:451]               [DEBUG]    |                                                                                                    |
[2022-11-17 02:23:02,145] [meta.py:210]               [DEBUG]    |========================================== Template imdb ===========================================|
[2022-11-17 02:23:02,146] [meta.py:451]               [DEBUG]    |                                                                                                    |
[2022-11-17 02:23:02,148] [meta.py:210]               [DEBUG]    |========================================= Template shared ==========================================|
[2022-11-17 02:23:02,149] [meta.py:451]               [DEBUG]    |                                                                                                    |
[2022-11-17 02:23:02,168] [meta.py:210]               [DEBUG]    |=========================================== Template arr ===========================================|
[2022-11-17 02:23:02,169] [meta.py:451]               [DEBUG]    |                                                                                                    |
[2022-11-17 02:23:02,177] [meta.py:210]               [DEBUG]    |========================================= Template custom ==========================================|
[2022-11-17 02:23:02,177] [meta.py:451]               [DEBUG]    |                                                                                                    |
[2022-11-17 02:23:02,182] [meta.py:512]               [DEBUG]    |                                                                                                    |
[2022-11-17 02:23:02,183] [meta.py:513]               [DEBUG]    |==================================== Final Template Attributes =====================================|
[2022-11-17 02:23:02,183] [meta.py:514]               [DEBUG]    |                                                                                                    |
[2022-11-17 02:23:02,183] [meta.py:515]               [DEBUG]    | {'imdb_list': 'https://www.imdb.com/search/title/?release_date=1995-01-01,1995-12-31&groups=emmy_winner&sort=moviemeter,asc', 'ignore_blank_results': True, 'collection_mode': 'hide', 'sort_title': '!16_Emmys 1995', 'url_poster': 'https://raw.githubusercontent.com/meisnate12/Plex-Meta-Manager-Images/master/award/emmys/winner/1995.jpg', 'collection_order': 'custom', 'sync_mode': 'sync', 'cache_builders': 1} |
[2022-11-17 02:23:02,183] [meta.py:516]               [DEBUG]    |                                                                                                    |
[2022-11-17 02:23:02,183] [builder.py:223]            [INFO]     |================================= Validating Emmys 1995 Attributes =================================|
[2022-11-17 02:23:02,184] [builder.py:502]            [DEBUG]    |                                                                                                    |
[2022-11-17 02:23:02,184] [builder.py:503]            [DEBUG]    | Validating Method: ignore_blank_results                                                            |
[2022-11-17 02:23:02,184] [builder.py:504]            [DEBUG]    | Value: True                                                                                        |
[2022-11-17 02:23:02,184] [builder.py:516]            [DEBUG]    |                                                                                                    |
[2022-11-17 02:23:02,184] [builder.py:517]            [DEBUG]    | Validating Method: sync_mode                                                                       |
[2022-11-17 02:23:02,185] [builder.py:521]            [DEBUG]    | Value: sync                                                                                        |
[2022-11-17 02:23:02,185] [builder.py:613]            [DEBUG]    |                                                                                                    |
[2022-11-17 02:23:02,185] [builder.py:614]            [DEBUG]    | Validating Method: collection_order                                                                |
[2022-11-17 02:23:02,185] [builder.py:615]            [DEBUG]    | Value: custom                                                                                      |
[2022-11-17 02:23:02,185] [builder.py:646]            [DEBUG]    |                                                                                                    |
[2022-11-17 02:23:02,186] [builder.py:650]            [DEBUG]    | Validating Method: label                                                                           |
[2022-11-17 02:23:02,186] [builder.py:651]            [DEBUG]    | Value: Emmy Awards                                                                                 |
[2022-11-17 02:23:02,186] [builder.py:646]            [DEBUG]    |                                                                                                    |
[2022-11-17 02:23:02,186] [builder.py:650]            [DEBUG]    | Validating Method: imdb_list                                                                       |
[2022-11-17 02:23:02,187] [builder.py:651]            [DEBUG]    | Value: https://www.imdb.com/search/title/?release_date=1995-01-01,1995-12-31&groups=emmy_winner&sort=moviemeter,asc |
[2022-11-17 02:23:02,813] [builder.py:646]            [DEBUG]    |                                                                                                    |
[2022-11-17 02:23:02,815] [builder.py:650]            [DEBUG]    | Validating Method: collection_mode                                                                 |
[2022-11-17 02:23:02,815] [builder.py:651]            [DEBUG]    | Value: hide                                                                                        |
[2022-11-17 02:23:02,816] [builder.py:646]            [DEBUG]    |                                                                                                    |
[2022-11-17 02:23:02,816] [builder.py:650]            [DEBUG]    | Validating Method: sort_title                                                                      |
[2022-11-17 02:23:02,816] [builder.py:651]            [DEBUG]    | Value: !16_Emmys 1995                                                                              |
[2022-11-17 02:23:02,816] [builder.py:646]            [DEBUG]    |                                                                                                    |
[2022-11-17 02:23:02,816] [builder.py:650]            [DEBUG]    | Validating Method: url_poster                                                                      |
[2022-11-17 02:23:02,816] [builder.py:651]            [DEBUG]    | Value: https://raw.githubusercontent.com/meisnate12/Plex-Meta-Manager-Images/master/award/emmys/winner/1995.jpg |
[2022-11-17 02:23:02,970] [builder.py:646]            [DEBUG]    |                                                                                                    |
[2022-11-17 02:23:02,971] [builder.py:650]            [DEBUG]    | Validating Method: cache_builders                                                                  |
[2022-11-17 02:23:02,972] [builder.py:651]            [DEBUG]    | Value: 1                                                                                           |
[2022-11-17 02:23:02,982] [plex.py:835]               [DEBUG]    |                                                                                                    |
[2022-11-17 02:23:02,982] [plex.py:838]               [DEBUG]    | Looking for: Emmys 1995                                                                            |
[2022-11-17 02:23:02,983] [builder.py:814]            [INFO]     |                                                                                                    |
[2022-11-17 02:23:02,984] [builder.py:815]            [INFO]     | Validation Successful                                                                              |
[2022-11-17 02:23:02,984] [plex_meta_manager.py:594]  [INFO]     |                                                                                                    |
[2022-11-17 02:23:02,984] [plex_meta_manager.py:596]  [INFO]     |================================== Running Emmys 1995 Collection ===================================|
[2022-11-17 02:23:02,985] [plex_meta_manager.py:608]  [INFO]     |                                                                                                    |
[2022-11-17 02:23:02,986] [plex_meta_manager.py:609]  [INFO]     | Sync Mode: sync                                                                                    |
[2022-11-17 02:23:02,986] [plex_meta_manager.py:612]  [DEBUG]    |                                                                                                    |
[2022-11-17 02:23:02,987] [plex_meta_manager.py:613]  [DEBUG]    | Builder: imdb_list: {'url': 'https://www.imdb.com/search/title/?release_date=1995-01-01,1995-12-31&groups=emmy_winner&sort=moviemeter,asc', 'limit': 0} |
[2022-11-17 02:23:02,987] [plex_meta_manager.py:614]  [INFO]     |                                                                                                    |
[2022-11-17 02:23:02,990] [imdb.py:202]               [INFO]     | Processing IMDb List: https://www.imdb.com/search/title/?release_date=1995-01-01,1995-12-31&groups=emmy_winner&sort=moviemeter,asc |
[2022-11-17 02:23:05,573] [builder.py:1574]           [DEBUG]    |                                                                                                    |
[2022-11-17 02:23:05,574] [builder.py:1575]           [DEBUG]    | 42 IDs Found                                                                                       |
[2022-11-17 02:23:05,574] [builder.py:1577]           [DEBUG]    |                                                                                                    |
[2022-11-17 02:23:05,933] [builder.py:1637]           [WARNING]  | Convert Error: No TVDb ID Found for TMDb ID: 19283                                                 |
[2022-11-17 02:23:06,007] [builder.py:1637]           [WARNING]  | Convert Error: No TMDb ID Found for IMDb ID: tt0268875                                             |
[2022-11-17 02:23:06,019] [builder.py:1637]           [WARNING]  | Convert Error: No TVDb ID Found for TMDb ID: 47181                                                 |
[2022-11-17 02:23:06,254] [builder.py:1637]           [WARNING]  | Convert Error: No TVDb ID Found for TMDb ID: 47203                                                 |
[2022-11-17 02:23:06,271] [builder.py:1637]           [WARNING]  | Convert Error: No TVDb ID Found for TMDb ID: 47182                                                 |
[2022-11-17 02:23:06,283] [builder.py:1637]           [WARNING]  | Convert Error: No TMDb ID Found for IMDb ID: tt0123869                                             |
[2022-11-17 02:23:06,342] [builder.py:1637]           [WARNING]  | Convert Error: No TMDb ID Found for IMDb ID: tt0319677                                             |
[2022-11-17 02:23:06,365] [builder.py:1637]           [WARNING]  | Convert Error: No TMDb ID Found for IMDb ID: tt16384956                                            |
[2022-11-17 02:23:06,425] [builder.py:2306]           [INFO]     |                                                                                                    |
[2022-11-17 02:23:06,425] [builder.py:2307]           [INFO]     |============================== Missing Movies from Library: TV Shows ===============================|
[2022-11-17 02:23:06,426] [builder.py:2308]           [INFO]     |                                                                                                    |
[2022-11-17 02:23:06,446] [builder.py:2321]           [INFO]     | Emmys 1995 Collection | ? | Citizen X (1995) (TMDb: 12554)                                         |
[2022-11-17 02:23:06,650] [builder.py:2321]           [INFO]     | Emmys 1995 Collection | ? | The Tuskegee Airmen (1995) (TMDb: 31894)                               |
[2022-11-17 02:23:06,661] [builder.py:2321]           [INFO]     | Emmys 1995 Collection | ? | Joseph (1995) (TMDb: 2405)                                             |
[2022-11-17 02:23:06,663] [builder.py:2321]           [INFO]     | Emmys 1995 Collection | ? | Indictment: The McMartin Trial (1995) (TMDb: 46725)                    |
[2022-11-17 02:23:06,677] [builder.py:2321]           [INFO]     | Emmys 1995 Collection | ? | The Christmas Box (1995) (TMDb: 57857)                                 |
[2022-11-17 02:23:06,801] [builder.py:2321]           [INFO]     | Emmys 1995 Collection | ? | Bye Bye Birdie (1995) (TMDb: 36852)                                    |
[2022-11-17 02:23:06,982] [builder.py:2321]           [INFO]     | Emmys 1995 Collection | ? | Prime Suspect: The Scent of Darkness (1995) (TMDb: 762055)             |
[2022-11-17 02:23:06,994] [builder.py:2321]           [INFO]     | Emmys 1995 Collection | ? | Buffalo Girls (1995) (TMDb: 108001)                                    |
[2022-11-17 02:23:07,008] [builder.py:2321]           [INFO]     | Emmys 1995 Collection | ? | Truman (1995) (TMDb: 16901)                                            |
[2022-11-17 02:23:07,171] [builder.py:2321]           [INFO]     | Emmys 1995 Collection | ? | Serving in Silence: The Margarethe Cammermeyer Story (1995) (TMDb: 49809) |
[2022-11-17 02:23:07,190] [builder.py:2321]           [INFO]     | Emmys 1995 Collection | ? | A Woman of Independent Means (1995) (TMDb: 263950)                     |
[2022-11-17 02:23:07,442] [builder.py:2321]           [INFO]     | Emmys 1995 Collection | ? | My Antonia (1995) (TMDb: 249857)                                       |
[2022-11-17 02:23:07,663] [builder.py:2321]           [INFO]     | Emmys 1995 Collection | ? | The Heidi Chronicles (1995) (TMDb: 38857)                              |
[2022-11-17 02:23:07,922] [builder.py:2321]           [INFO]     | Emmys 1995 Collection | ? | Peter and the Wolf (1995) (TMDb: 70032)                                |
[2022-11-17 02:23:07,938] [builder.py:2321]           [INFO]     | Emmys 1995 Collection | ? | OP Center (1995) (TMDb: 65398)                                         |
[2022-11-17 02:23:07,957] [builder.py:2321]           [INFO]     | Emmys 1995 Collection | ? | The Private Life of Plants (1995) (TMDb: 39137)                        |
[2022-11-17 02:23:08,162] [builder.py:2321]           [INFO]     | Emmys 1995 Collection | ? | Kissinger and Nixon (1995) (TMDb: 265763)                              |
[2022-11-17 02:23:08,177] [builder.py:2321]           [INFO]     | Emmys 1995 Collection | ? | One Survivor Remembers (1996) (TMDb: 57130)                            |
[2022-11-17 02:23:08,380] [builder.py:2321]           [INFO]     | Emmys 1995 Collection | ? | The Show Formerly Known as the Martin Short Show (1995) (TMDb: 507724) |
[2022-11-17 02:23:08,381] [builder.py:2326]           [INFO]     |                                                                                                    |
[2022-11-17 02:23:08,381] [builder.py:2327]           [INFO]     | 19 Movies Missing                                                                                  |
[2022-11-17 02:23:09,451] [builder.py:2352]           [INFO]     |                                                                                                    |
[2022-11-17 02:23:09,452] [builder.py:2353]           [INFO]     |============================== Missing Shows from Library: Emmys 1995 ==============================|
[2022-11-17 02:23:09,452] [builder.py:2354]           [INFO]     |                                                                                                    |
[2022-11-17 02:23:09,509] [builder.py:2366]           [INFO]     | Emmys 1995 Collection | ? | NewsRadio (TVDb: 72355)                                                |
[2022-11-17 02:23:09,549] [builder.py:2366]           [INFO]     | Emmys 1995 Collection | ? | Pride and Prejudice (TVDb: 71691)                                      |
[2022-11-17 02:23:09,622] [builder.py:2366]           [INFO]     | Emmys 1995 Collection | ? | JAG (TVDb: 73710)                                                      |
[2022-11-17 02:23:09,680] [builder.py:2366]           [INFO]     | Emmys 1995 Collection | ? | Xena: Warrior Princess (TVDb: 77799)                                   |
[2022-11-17 02:23:09,728] [builder.py:2366]           [INFO]     | Emmys 1995 Collection | ? | The Outer Limits (1995) (TVDb: 72224)                                  |
[2022-11-17 02:23:09,772] [builder.py:2366]           [INFO]     | Emmys 1995 Collection | ? | MADtv (TVDb: 77897)                                                    |
[2022-11-17 02:23:09,798] [builder.py:2366]           [INFO]     | Emmys 1995 Collection | ? | Caroline in the City (TVDb: 72345)                                     |
[2022-11-17 02:23:09,980] [builder.py:2366]           [INFO]     | Emmys 1995 Collection | ? | Cybill (TVDb: 77509)                                                   |
[2022-11-17 02:23:10,026] [builder.py:2366]           [INFO]     | Emmys 1995 Collection | ? | Murder One (TVDb: 76421)                                               |
[2022-11-17 02:23:10,073] [builder.py:2366]           [INFO]     | Emmys 1995 Collection | ? | Pinky and the Brain (TVDb: 72880)                                      |
[2022-11-17 02:23:10,117] [builder.py:2366]           [INFO]     | Emmys 1995 Collection | ? | Dr. Katz, Professional Therapist (TVDb: 78244)                         |
[2022-11-17 02:23:10,229] [builder.py:2366]           [INFO]     | Emmys 1995 Collection | ? | Taxicab Confessions (TVDb: 185451)                                     |
[2022-11-17 02:23:10,316] [builder.py:2366]           [INFO]     | Emmys 1995 Collection | ? | Lost Civilizations (TVDb: 80525)                                       |
[2022-11-17 02:23:10,729] [builder.py:2366]           [INFO]     | Emmys 1995 Collection | ? | Great Performances (TVDb: 76548)                                       |
[2022-11-17 02:23:10,729] [builder.py:2371]           [INFO]     |                                                                                                    |
[2022-11-17 02:23:10,729] [builder.py:2372]           [INFO]     | 14 Shows Missing                                                                                   |
[2022-11-17 02:23:11,650] [sonarr.py:70]              [INFO]     |                                                                                                    |
[2022-11-17 02:23:11,650] [sonarr.py:71]              [INFO]     |===================================== Adding Missing to Sonarr =====================================|
[2022-11-17 02:23:11,650] [sonarr.py:72]              [DEBUG]    |                                                                                                    |
[2022-11-17 02:23:11,651] [sonarr.py:73]              [DEBUG]    | Sonarr Adds: [72355, 71691, 73710, 77799, 72224, 77897, 72345, 77509, 76421, 72880, 78244, 185451, 80525, 76548] |
[2022-11-17 02:23:39,536] [sonarr.py:162]             [INFO]     |                                                                                                    |
[2022-11-17 02:23:39,537] [sonarr.py:164]             [INFO]     | Added to Sonarr | 80525   | Lost Civilizations                                                     |
[2022-11-17 02:23:39,549] [sonarr.py:167]             [INFO]     | 1 Series added to Sonarr                                                                           |
[2022-11-17 02:23:39,549] [sonarr.py:170]             [INFO]     |                                                                                                    |
[2022-11-17 02:23:39,549] [sonarr.py:177]             [INFO]     | Already in Sonarr | 72355   | NewsRadio                                                            |
[2022-11-17 02:23:39,558] [sonarr.py:177]             [INFO]     | Already in Sonarr | 73710   | JAG                                                                  |
[2022-11-17 02:23:39,570] [sonarr.py:177]             [INFO]     | Already in Sonarr | 77799   | Xena: Warrior Princess                                               |
[2022-11-17 02:23:39,580] [sonarr.py:177]             [INFO]     | Already in Sonarr | 77897   | MADtv                                                                |
[2022-11-17 02:23:39,589] [sonarr.py:177]             [INFO]     | Already in Sonarr | 72345   | Caroline in the City                                                 |
[2022-11-17 02:23:39,598] [sonarr.py:177]             [INFO]     | Already in Sonarr | 77509   | Cybill                                                               |
[2022-11-17 02:23:39,609] [sonarr.py:177]             [INFO]     | Already in Sonarr | 76421   | Murder One                                                           |
[2022-11-17 02:23:39,621] [sonarr.py:177]             [INFO]     | Already in Sonarr | 72880   | Pinky and the Brain                                                  |
[2022-11-17 02:23:39,638] [sonarr.py:177]             [INFO]     | Already in Sonarr | 78244   | Dr. Katz, Professional Therapist                                     |
[2022-11-17 02:23:39,649] [sonarr.py:177]             [INFO]     | Already in Sonarr | 185451  | Taxicab Confessions                                                  |
[2022-11-17 02:23:39,660] [sonarr.py:186]             [INFO]     | Skipped: In Cache | 71691                                                                          |
[2022-11-17 02:23:39,661] [sonarr.py:186]             [INFO]     | Skipped: In Cache | 72224                                                                          |
[2022-11-17 02:23:39,661] [sonarr.py:186]             [INFO]     | Skipped: In Cache | 76548                                                                          |
[2022-11-17 02:23:39,661] [sonarr.py:187]             [INFO]     | 13 Series already exist in Sonarr                                                                  |
[2022-11-17 02:23:39,677] [plex_meta_manager.py:652]  [INFO]     |                                                                                                    |
[2022-11-17 02:23:39,677] [plex_meta_manager.py:653]  [INFO]     | Collection Minimum: 2 not met for Emmys 1995 Collection                                            |
[2022-11-17 02:23:39,677] [plex_meta_manager.py:736]  [INFO]     |                                                                                                    |
[2022-11-17 02:23:39,678] [plex_meta_manager.py:737]  [INFO]     |====================================================================================================|
[2022-11-17 02:23:39,678] [plex_meta_manager.py:737]  [INFO]     |                                   Finished Emmys 1995 Collection                                   |
[2022-11-17 02:23:39,678] [plex_meta_manager.py:737]  [INFO]     |                                    Collection Run Time: 0:00:37                                    |
[2022-11-17 02:23:39,679] [plex_meta_manager.py:737]  [INFO]     |====================================================================================================|
