[2022-11-16 22:24:27,791] [builder.py:193]            [INFO]     |====================================================================================================|
[2022-11-16 22:24:27,791] [builder.py:193]            [INFO]     |                            Oscars Winners 1979 Collection in Old Movies                            |
[2022-11-16 22:24:27,791] [builder.py:193]            [INFO]     |====================================================================================================|
[2022-11-16 22:24:27,792] [builder.py:194]            [INFO]     |                                                                                                    |
[2022-11-16 22:24:27,792] [builder.py:199]            [INFO]     |================================ Building Definition From Templates ================================|
[2022-11-16 22:24:27,792] [builder.py:215]            [DEBUG]    |                                                                                                    |
[2022-11-16 22:24:27,793] [meta.py:210]               [DEBUG]    |================================== Template use_year_collections ===================================|
[2022-11-16 22:24:27,793] [meta.py:451]               [DEBUG]    |                                                                                                    |
[2022-11-16 22:24:27,795] [meta.py:210]               [DEBUG]    |========================================== Template imdb ===========================================|
[2022-11-16 22:24:27,796] [meta.py:451]               [DEBUG]    |                                                                                                    |
[2022-11-16 22:24:27,798] [meta.py:210]               [DEBUG]    |======================================= Template translation =======================================|
[2022-11-16 22:24:27,799] [meta.py:451]               [DEBUG]    |                                                                                                    |
[2022-11-16 22:24:27,804] [meta.py:210]               [DEBUG]    |========================================= Template shared ==========================================|
[2022-11-16 22:24:27,805] [meta.py:451]               [DEBUG]    |                                                                                                    |
[2022-11-16 22:24:27,819] [meta.py:210]               [DEBUG]    |=========================================== Template arr ===========================================|
[2022-11-16 22:24:27,820] [meta.py:451]               [DEBUG]    |                                                                                                    |
[2022-11-16 22:24:27,825] [meta.py:210]               [DEBUG]    |========================================= Template custom ==========================================|
[2022-11-16 22:24:27,826] [meta.py:451]               [DEBUG]    |                                                                                                    |
[2022-11-16 22:24:27,829] [meta.py:512]               [DEBUG]    |                                                                                                    |
[2022-11-16 22:24:27,829] [meta.py:513]               [DEBUG]    |==================================== Final Template Attributes =====================================|
[2022-11-16 22:24:27,829] [meta.py:514]               [DEBUG]    |                                                                                                    |
[2022-11-16 22:24:27,829] [meta.py:515]               [DEBUG]    | {'imdb_list': 'https://www.imdb.com/search/title/?release_date=1979-01-01,1979-12-31&groups=oscar_winner&sort=moviemeter,asc', 'summary': 'Academy Awards (Oscars) Winners for 1979.', 'name': 'Oscars Winners 1979', 'allowed_library_types': ['movie'], 'ignore_blank_results': True, 'collection_mode': 'hide', 'sort_title': '!16_Oscars Winners 1979', 'url_poster': 'https://raw.githubusercontent.com/meisnate12/Plex-Meta-Manager-Images/master/award/oscars/winner/1979.jpg', 'collection_order': 'custom', 'sync_mode': 'sync', 'cache_builders': 1} |
[2022-11-16 22:24:27,830] [meta.py:516]               [DEBUG]    |                                                                                                    |
[2022-11-16 22:24:27,830] [builder.py:223]            [INFO]     |============================ Validating Oscars Winners 1979 Attributes =============================|
[2022-11-16 22:24:27,830] [builder.py:226]            [DEBUG]    |                                                                                                    |
[2022-11-16 22:24:27,830] [builder.py:227]            [DEBUG]    | Validating Method: name                                                                            |
[2022-11-16 22:24:27,830] [builder.py:230]            [DEBUG]    | Value: Oscars Winners 1979                                                                         |
[2022-11-16 22:24:27,830] [builder.py:236]            [DEBUG]    |                                                                                                    |
[2022-11-16 22:24:27,830] [builder.py:237]            [DEBUG]    | Validating Method: allowed_library_types                                                           |
[2022-11-16 22:24:27,830] [builder.py:240]            [DEBUG]    | Value: ['movie']                                                                                   |
[2022-11-16 22:24:27,831] [builder.py:502]            [DEBUG]    |                                                                                                    |
[2022-11-16 22:24:27,831] [builder.py:503]            [DEBUG]    | Validating Method: ignore_blank_results                                                            |
[2022-11-16 22:24:27,831] [builder.py:504]            [DEBUG]    | Value: True                                                                                        |
[2022-11-16 22:24:27,831] [builder.py:516]            [DEBUG]    |                                                                                                    |
[2022-11-16 22:24:27,831] [builder.py:517]            [DEBUG]    | Validating Method: sync_mode                                                                       |
[2022-11-16 22:24:27,831] [builder.py:521]            [DEBUG]    | Value: sync                                                                                        |
[2022-11-16 22:24:27,831] [builder.py:613]            [DEBUG]    |                                                                                                    |
[2022-11-16 22:24:27,831] [builder.py:614]            [DEBUG]    | Validating Method: collection_order                                                                |
[2022-11-16 22:24:27,831] [builder.py:615]            [DEBUG]    | Value: custom                                                                                      |
[2022-11-16 22:24:27,831] [builder.py:646]            [DEBUG]    |                                                                                                    |
[2022-11-16 22:24:27,831] [builder.py:650]            [DEBUG]    | Validating Method: label                                                                           |
[2022-11-16 22:24:27,832] [builder.py:651]            [DEBUG]    | Value: Oscars Winners Awards                                                                       |
[2022-11-16 22:24:27,832] [builder.py:646]            [DEBUG]    |                                                                                                    |
[2022-11-16 22:24:27,832] [builder.py:650]            [DEBUG]    | Validating Method: imdb_list                                                                       |
[2022-11-16 22:24:27,832] [builder.py:651]            [DEBUG]    | Value: https://www.imdb.com/search/title/?release_date=1979-01-01,1979-12-31&groups=oscar_winner&sort=moviemeter,asc |
[2022-11-16 22:24:27,971] [builder.py:646]            [DEBUG]    |                                                                                                    |
[2022-11-16 22:24:27,972] [builder.py:650]            [DEBUG]    | Validating Method: summary                                                                         |
[2022-11-16 22:24:27,972] [builder.py:651]            [DEBUG]    | Value: Academy Awards (Oscars) Winners for 1979.                                                   |
[2022-11-16 22:24:27,972] [builder.py:646]            [DEBUG]    |                                                                                                    |
[2022-11-16 22:24:27,973] [builder.py:650]            [DEBUG]    | Validating Method: collection_mode                                                                 |
[2022-11-16 22:24:27,973] [builder.py:651]            [DEBUG]    | Value: hide                                                                                        |
[2022-11-16 22:24:27,973] [builder.py:646]            [DEBUG]    |                                                                                                    |
[2022-11-16 22:24:27,973] [builder.py:650]            [DEBUG]    | Validating Method: sort_title                                                                      |
[2022-11-16 22:24:27,973] [builder.py:651]            [DEBUG]    | Value: !16_Oscars Winners 1979                                                                     |
[2022-11-16 22:24:27,973] [builder.py:646]            [DEBUG]    |                                                                                                    |
[2022-11-16 22:24:27,973] [builder.py:650]            [DEBUG]    | Validating Method: url_poster                                                                      |
[2022-11-16 22:24:27,973] [builder.py:651]            [DEBUG]    | Value: https://raw.githubusercontent.com/meisnate12/Plex-Meta-Manager-Images/master/award/oscars/winner/1979.jpg |
[2022-11-16 22:24:28,115] [builder.py:646]            [DEBUG]    |                                                                                                    |
[2022-11-16 22:24:28,116] [builder.py:650]            [DEBUG]    | Validating Method: cache_builders                                                                  |
[2022-11-16 22:24:28,116] [builder.py:651]            [DEBUG]    | Value: 1                                                                                           |
[2022-11-16 22:24:28,126] [plex.py:835]               [DEBUG]    |                                                                                                    |
[2022-11-16 22:24:28,128] [plex.py:838]               [DEBUG]    | Looking for: Oscars Winners 1979                                                                   |
[2022-11-16 22:24:28,128] [builder.py:814]            [INFO]     |                                                                                                    |
[2022-11-16 22:24:28,128] [builder.py:815]            [INFO]     | Validation Successful                                                                              |
[2022-11-16 22:24:28,128] [plex_meta_manager.py:594]  [INFO]     |                                                                                                    |
[2022-11-16 22:24:28,128] [plex_meta_manager.py:596]  [INFO]     |============================== Running Oscars Winners 1979 Collection ==============================|
[2022-11-16 22:24:28,128] [plex_meta_manager.py:608]  [INFO]     |                                                                                                    |
[2022-11-16 22:24:28,128] [plex_meta_manager.py:609]  [INFO]     | Sync Mode: sync                                                                                    |
[2022-11-16 22:24:28,129] [plex_meta_manager.py:612]  [DEBUG]    |                                                                                                    |
[2022-11-16 22:24:28,129] [plex_meta_manager.py:613]  [DEBUG]    | Builder: imdb_list: {'url': 'https://www.imdb.com/search/title/?release_date=1979-01-01,1979-12-31&groups=oscar_winner&sort=moviemeter,asc', 'limit': 0} |
[2022-11-16 22:24:28,129] [plex_meta_manager.py:614]  [INFO]     |                                                                                                    |
[2022-11-16 22:24:28,130] [builder.py:1523]           [INFO]     | Builder: imdb_list loaded from Cache                                                               |
[2022-11-16 22:24:28,132] [builder.py:1574]           [DEBUG]    |                                                                                                    |
[2022-11-16 22:24:28,133] [builder.py:1575]           [DEBUG]    | 14 IDs Found                                                                                       |
[2022-11-16 22:24:28,133] [builder.py:1577]           [DEBUG]    |                                                                                                    |
[2022-11-16 22:24:28,143] [builder.py:2158]           [INFO]     |                                                                                                    |
[2022-11-16 22:24:28,143] [builder.py:2159]           [INFO]     |============================= Adding to Oscars Winners 1979 Collection =============================|
[2022-11-16 22:24:28,144] [builder.py:2160]           [INFO]     |                                                                                                    |
[2022-11-16 22:24:28,144] [builder.py:2174]           [INFO]     | 1/2 | Oscars Winners 1979 Collection | + | Alien (1979)                                            |
[2022-11-16 22:24:28,251] [builder.py:2174]           [INFO]     | 2/2 | Oscars Winners 1979 Collection | + | Apocalypse Now (1979)                                   |
[2022-11-16 22:24:31,934] [builder.py:2194]           [INFO]     |                                                                                                    |
[2022-11-16 22:24:31,934] [builder.py:2196]           [INFO]     | 2 Movies Processed 2 Movies Added                                                                  |
[2022-11-16 22:24:31,934] [builder.py:2306]           [INFO]     |                                                                                                    |
[2022-11-16 22:24:31,934] [builder.py:2307]           [INFO]     |============================= Missing Movies from Library: Old Movies ==============================|
[2022-11-16 22:24:31,934] [builder.py:2308]           [INFO]     |                                                                                                    |
[2022-11-16 22:24:31,949] [builder.py:2321]           [INFO]     | Oscars Winners 1979 Collection | ? | Being There (1979) (TMDb: 10322)                              |
[2022-11-16 22:24:31,961] [builder.py:2321]           [INFO]     | Oscars Winners 1979 Collection | ? | Kramer vs. Kramer (1979) (TMDb: 12102)                        |
[2022-11-16 22:24:31,977] [builder.py:2321]           [INFO]     | Oscars Winners 1979 Collection | ? | All That Jazz (1979) (TMDb: 16858)                            |
[2022-11-16 22:24:31,987] [builder.py:2321]           [INFO]     | Oscars Winners 1979 Collection | ? | The Tin Drum (1979) (TMDb: 659)                               |
[2022-11-16 22:24:31,997] [builder.py:2321]           [INFO]     | Oscars Winners 1979 Collection | ? | Breaking Away (1979) (TMDb: 20283)                            |
[2022-11-16 22:24:32,006] [builder.py:2321]           [INFO]     | Oscars Winners 1979 Collection | ? | Tess (1979) (TMDb: 11121)                                     |
[2022-11-16 22:24:32,024] [builder.py:2321]           [INFO]     | Oscars Winners 1979 Collection | ? | Norma Rae (1979) (TMDb: 40842)                                |
[2022-11-16 22:24:32,034] [builder.py:2321]           [INFO]     | Oscars Winners 1979 Collection | ? | A Little Romance (1979) (TMDb: 20813)                         |
[2022-11-16 22:24:32,036] [builder.py:2321]           [INFO]     | Oscars Winners 1979 Collection | ? | Best Boy (1979) (TMDb: 42165)                                 |
[2022-11-16 22:24:32,046] [builder.py:2321]           [INFO]     | Oscars Winners 1979 Collection | ? | Paul Robeson: Tribute to an Artist (1979) (TMDb: 113745)      |
[2022-11-16 22:24:32,063] [builder.py:2321]           [INFO]     | Oscars Winners 1979 Collection | ? | From Mao to Mozart: Isaac Stern in China (1981) (TMDb: 113815) |
[2022-11-16 22:24:32,075] [builder.py:2321]           [INFO]     | Oscars Winners 1979 Collection | ? | Every Child (1979) (TMDb: 48274)                              |
[2022-11-16 22:24:32,075] [builder.py:2326]           [INFO]     |                                                                                                    |
[2022-11-16 22:24:32,075] [builder.py:2327]           [INFO]     | 12 Movies Missing                                                                                  |
[2022-11-16 22:24:35,439] [builder.py:2527]           [INFO]     |                                                                                                    |
[2022-11-16 22:24:35,439] [builder.py:2528]           [INFO]     |======================== Updating Details of Oscars Winners 1979 Collection ========================|
[2022-11-16 22:24:35,439] [builder.py:2529]           [INFO]     |                                                                                                    |
[2022-11-16 22:24:35,446] [builder.py:2595]           [INFO]     | Collection Metadata Edits                                                                          |
                                                                 | Summary (summary) | Academy Awards (Oscars) Winners for 1979.
                                                                 | Sort Title | !16_Oscars Winners 1979
                                                                 | Label | +Oscars Winners Awards, +PMM
[2022-11-16 22:24:36,996] [builder.py:2599]           [INFO]     | Details: have been updated
[2022-11-16 22:24:36,997] [builder.py:2603]           [INFO]     | 
[2022-11-16 22:24:38,443] [builder.py:2615]           [INFO]     | Collection Mode | hide
[2022-11-16 22:24:40,025] [builder.py:2629]           [INFO]     | Collection Order | custom
[2022-11-16 22:24:40,037] [plex.py:1203]              [WARNING]  | Asset Warning: Asset Directory Not Found and Created: config/Old_Movies/Assets/Oscars Winners 1979
[2022-11-16 22:24:40,037] [util.py:174]               [DEBUG]    | 1 poster found:
[2022-11-16 22:24:40,037] [util.py:176]               [DEBUG]    | Method: url_poster Poster: https://raw.githubusercontent.com/meisnate12/Plex-Meta-Manager-Images/master/award/oscars/winner/1979.jpg
[2022-11-16 22:24:40,182] [library.py:178]            [INFO]     | Detail: asset_directory updated Oscars Winners 1979's poster to [File] config/Old_Movies/Assets/Oscars Winners 1979/poster.jpg
[2022-11-16 22:24:40,219] [builder.py:2686]           [INFO]     | 
[2022-11-16 22:24:40,219] [builder.py:2687]           [INFO]     |============================== Sorting Oscars Winners 1979 Collection ==============================|
[2022-11-16 22:24:40,219] [builder.py:2688]           [INFO]     |                                                                                                    |
[2022-11-16 22:24:40,220] [builder.py:2704]           [INFO]     | Moving Alien (1979) to the beginning                                                               |
[2022-11-16 22:24:40,247] [builder.py:2704]           [INFO]     | Moving Apocalypse Now (1979) after Alien (1979)                                                    |
[2022-11-16 22:24:40,270] [plex_meta_manager.py:736]  [INFO]     |                                                                                                    |
[2022-11-16 22:24:40,271] [plex_meta_manager.py:737]  [INFO]     |====================================================================================================|
[2022-11-16 22:24:40,271] [plex_meta_manager.py:737]  [INFO]     |                              Finished Oscars Winners 1979 Collection                               |
[2022-11-16 22:24:40,271] [plex_meta_manager.py:737]  [INFO]     |                                    Collection Run Time: 0:00:12                                    |
[2022-11-16 22:24:40,271] [plex_meta_manager.py:737]  [INFO]     |====================================================================================================|
