[2022-11-24 19:32:16,257] [builder.py:193]            [INFO]     |====================================================================================================|
[2022-11-24 19:32:16,257] [builder.py:193]            [INFO]     |                                 Sam Elliott Collection in TV Shows                                 |
[2022-11-24 19:32:16,257] [builder.py:193]            [INFO]     |====================================================================================================|
[2022-11-24 19:32:16,257] [builder.py:194]            [INFO]     |                                                                                                    |
[2022-11-24 19:32:16,257] [builder.py:199]            [INFO]     |================================ Building Definition From Templates ================================|
[2022-11-24 19:32:16,257] [builder.py:215]            [DEBUG]    |                                                                                                    |
[2022-11-24 19:32:16,257] [meta.py:210]               [DEBUG]    |====================================== Template smart_filter =======================================|
[2022-11-24 19:32:16,258] [meta.py:451]               [DEBUG]    |                                                                                                    |
[2022-11-24 19:32:16,266] [meta.py:210]               [DEBUG]    |======================================= Template translation =======================================|
[2022-11-24 19:32:16,267] [meta.py:451]               [DEBUG]    |                                                                                                    |
[2022-11-24 19:32:16,270] [meta.py:210]               [DEBUG]    |========================================= Template shared ==========================================|
[2022-11-24 19:32:16,271] [meta.py:451]               [DEBUG]    |                                                                                                    |
[2022-11-24 19:32:16,280] [meta.py:512]               [DEBUG]    |                                                                                                    |
[2022-11-24 19:32:16,280] [meta.py:513]               [DEBUG]    |==================================== Final Template Attributes =====================================|
[2022-11-24 19:32:16,280] [meta.py:514]               [DEBUG]    |                                                                                                    |
[2022-11-24 19:32:16,280] [meta.py:515]               [DEBUG]    | {'tmdb_person': ['Sam Elliott'], 'smart_filter': {'sort_by': 'release.desc', 'any': {'actor': 'tmdb'}}, 'summary': 'Shows with Sam Elliott.', 'name': 'Sam Elliott', 'ignore_blank_results': True, 'sort_title': '!17_Sam Elliott', 'url_poster': 'https://raw.githubusercontent.com/meisnate12/Plex-Meta-Manager-Images/master/people/bw/Sam%20Elliott.jpg'} |
[2022-11-24 19:32:16,280] [meta.py:516]               [DEBUG]    |                                                                                                    |
[2022-11-24 19:32:16,280] [builder.py:223]            [INFO]     |================================ Validating Sam Elliott Attributes =================================|
[2022-11-24 19:32:16,280] [builder.py:226]            [DEBUG]    |                                                                                                    |
[2022-11-24 19:32:16,280] [builder.py:227]            [DEBUG]    | Validating Method: name                                                                            |
[2022-11-24 19:32:16,280] [builder.py:230]            [DEBUG]    | Value: Sam Elliott                                                                                 |
[2022-11-24 19:32:16,280] [builder.py:502]            [DEBUG]    |                                                                                                    |
[2022-11-24 19:32:16,281] [builder.py:503]            [DEBUG]    | Validating Method: ignore_blank_results                                                            |
[2022-11-24 19:32:16,281] [builder.py:504]            [DEBUG]    | Value: True                                                                                        |
[2022-11-24 19:32:16,281] [builder.py:528]            [DEBUG]    |                                                                                                    |
[2022-11-24 19:32:16,281] [builder.py:529]            [DEBUG]    | Validating Method: tmdb_person                                                                     |
[2022-11-24 19:32:16,281] [builder.py:533]            [DEBUG]    | Value: ['Sam Elliott']                                                                             |
[2022-11-24 19:32:16,468] [builder.py:1784]           [INFO]     |                                                                                                    |
[2022-11-24 19:32:16,468] [builder.py:1785]           [INFO]     | Validating Method: smart_filter                                                                    |
[2022-11-24 19:32:16,468] [builder.py:1791]           [DEBUG]    | Value: {'sort_by': 'release.desc', 'any': {'actor': 'tmdb'}}                                       |
[2022-11-24 19:32:16,742] [builder.py:1978]           [DEBUG]    | Smart URL: ?type=2&sort=originallyAvailableAt%3Adesc&push=1&show.actor=11051&pop=1                 |
[2022-11-24 19:32:16,742] [builder.py:646]            [DEBUG]    |                                                                                                    |
[2022-11-24 19:32:16,742] [builder.py:650]            [DEBUG]    | Validating Method: label                                                                           |
[2022-11-24 19:32:16,742] [builder.py:651]            [DEBUG]    | Value: Top Actors                                                                                  |
[2022-11-24 19:32:16,742] [builder.py:646]            [DEBUG]    |                                                                                                    |
[2022-11-24 19:32:16,742] [builder.py:650]            [DEBUG]    | Validating Method: summary                                                                         |
[2022-11-24 19:32:16,743] [builder.py:651]            [DEBUG]    | Value: Shows with Sam Elliott.                                                                     |
[2022-11-24 19:32:16,743] [builder.py:646]            [DEBUG]    |                                                                                                    |
[2022-11-24 19:32:16,743] [builder.py:650]            [DEBUG]    | Validating Method: sort_title                                                                      |
[2022-11-24 19:32:16,743] [builder.py:651]            [DEBUG]    | Value: !17_Sam Elliott                                                                             |
[2022-11-24 19:32:16,743] [builder.py:646]            [DEBUG]    |                                                                                                    |
[2022-11-24 19:32:16,743] [builder.py:650]            [DEBUG]    | Validating Method: url_poster                                                                      |
[2022-11-24 19:32:16,743] [builder.py:651]            [DEBUG]    | Value: https://raw.githubusercontent.com/meisnate12/Plex-Meta-Manager-Images/master/people/bw/Sam%20Elliott.jpg |
[2022-11-24 19:32:16,902] [plex.py:835]               [DEBUG]    |                                                                                                    |
[2022-11-24 19:32:16,902] [plex.py:838]               [DEBUG]    | Looking for: Sam Elliott                                                                           |
[2022-11-24 19:32:16,902] [builder.py:814]            [INFO]     |                                                                                                    |
[2022-11-24 19:32:16,902] [builder.py:815]            [INFO]     | Validation Successful                                                                              |
[2022-11-24 19:32:16,902] [plex_meta_manager.py:594]  [INFO]     |                                                                                                    |
[2022-11-24 19:32:16,903] [plex_meta_manager.py:596]  [INFO]     |================================== Running Sam Elliott Collection ==================================|
[2022-11-24 19:32:16,903] [plex_meta_manager.py:602]  [INFO]     |                                                                                                    |
[2022-11-24 19:32:16,903] [plex_meta_manager.py:603]  [INFO]     | Smart Show Filter                                                                                  |
                                                                 | Sort By: ['release.desc']
                                                                 | Filter:
                                                                 |   Match any of the following:
                                                                 |     Actor is Sam Elliott
[2022-11-24 19:32:16,907] [plex_meta_manager.py:652]  [INFO]     | 
[2022-11-24 19:32:16,908] [plex_meta_manager.py:653]  [INFO]     | Collection Minimum: 2 not met for Sam Elliott Collection
[2022-11-24 19:32:16,908] [plex_meta_manager.py:736]  [INFO]     | 
[2022-11-24 19:32:16,908] [plex_meta_manager.py:737]  [INFO]     |====================================================================================================|
[2022-11-24 19:32:16,908] [plex_meta_manager.py:737]  [INFO]     |                                  Finished Sam Elliott Collection                                   |
[2022-11-24 19:32:16,908] [plex_meta_manager.py:737]  [INFO]     |                                    Collection Run Time: 0:00:00                                    |
[2022-11-24 19:32:16,908] [plex_meta_manager.py:737]  [INFO]     |====================================================================================================|
