[2022-11-20 15:23:12,252] [builder.py:193]            [INFO]     |====================================================================================================|
[2022-11-20 15:23:12,252] [builder.py:193]            [INFO]     |                            Science Fiction Shows Collection in TV Shows                            |
[2022-11-20 15:23:12,252] [builder.py:193]            [INFO]     |====================================================================================================|
[2022-11-20 15:23:12,252] [builder.py:194]            [INFO]     |                                                                                                    |
[2022-11-20 15:23:12,252] [builder.py:199]            [INFO]     |================================ Building Definition From Templates ================================|
[2022-11-20 15:23:12,253] [builder.py:215]            [DEBUG]    |                                                                                                    |
[2022-11-20 15:23:12,253] [meta.py:210]               [DEBUG]    |====================================== Template smart_filter =======================================|
[2022-11-20 15:23:12,253] [meta.py:451]               [DEBUG]    |                                                                                                    |
[2022-11-20 15:23:12,262] [meta.py:210]               [DEBUG]    |======================================= Template translation =======================================|
[2022-11-20 15:23:12,262] [meta.py:451]               [DEBUG]    |                                                                                                    |
[2022-11-20 15:23:12,266] [meta.py:210]               [DEBUG]    |========================================= Template shared ==========================================|
[2022-11-20 15:23:12,267] [meta.py:451]               [DEBUG]    |                                                                                                    |
[2022-11-20 15:23:12,284] [meta.py:512]               [DEBUG]    |                                                                                                    |
[2022-11-20 15:23:12,284] [meta.py:513]               [DEBUG]    |==================================== Final Template Attributes =====================================|
[2022-11-20 15:23:12,285] [meta.py:514]               [DEBUG]    |                                                                                                    |
[2022-11-20 15:23:12,285] [meta.py:515]               [DEBUG]    | {'smart_filter': {'sort_by': 'release.desc', 'any': {'genre': ['Science Fiction', 'Sci-Fi & Fantasy']}}, 'summary': 'Shows that have the genre Science Fiction.', 'name': 'Science Fiction Shows', 'ignore_blank_results': True, 'sort_title': '!06_Science Fiction Shows', 'url_poster': 'https://raw.githubusercontent.com/meisnate12/Plex-Meta-Manager-Images/master/genre/Science%20Fiction.jpg'} |
[2022-11-20 15:23:12,285] [meta.py:516]               [DEBUG]    |                                                                                                    |
[2022-11-20 15:23:12,285] [builder.py:223]            [INFO]     |=========================== Validating Science Fiction Shows Attributes ============================|
[2022-11-20 15:23:12,285] [builder.py:226]            [DEBUG]    |                                                                                                    |
[2022-11-20 15:23:12,285] [builder.py:227]            [DEBUG]    | Validating Method: name                                                                            |
[2022-11-20 15:23:12,285] [builder.py:230]            [DEBUG]    | Value: Science Fiction Shows                                                                       |
[2022-11-20 15:23:12,285] [builder.py:502]            [DEBUG]    |                                                                                                    |
[2022-11-20 15:23:12,285] [builder.py:503]            [DEBUG]    | Validating Method: ignore_blank_results                                                            |
[2022-11-20 15:23:12,286] [builder.py:504]            [DEBUG]    | Value: True                                                                                        |
[2022-11-20 15:23:12,286] [builder.py:1784]           [INFO]     |                                                                                                    |
[2022-11-20 15:23:12,286] [builder.py:1785]           [INFO]     | Validating Method: smart_filter                                                                    |
[2022-11-20 15:23:12,286] [builder.py:1791]           [DEBUG]    | Value: {'sort_by': 'release.desc', 'any': {'genre': ['Science Fiction', 'Sci-Fi & Fantasy']}}      |
[2022-11-20 15:23:12,456] [builder.py:1978]           [DEBUG]    | Smart URL: ?type=2&sort=originallyAvailableAt%3Adesc&push=1&show.genre=1019&or=1&show.genre=66095&pop=1 |
[2022-11-20 15:23:12,457] [builder.py:646]            [DEBUG]    |                                                                                                    |
[2022-11-20 15:23:12,457] [builder.py:650]            [DEBUG]    | Validating Method: label                                                                           |
[2022-11-20 15:23:12,457] [builder.py:651]            [DEBUG]    | Value: Genre                                                                                       |
[2022-11-20 15:23:12,457] [builder.py:646]            [DEBUG]    |                                                                                                    |
[2022-11-20 15:23:12,458] [builder.py:650]            [DEBUG]    | Validating Method: summary                                                                         |
[2022-11-20 15:23:12,458] [builder.py:651]            [DEBUG]    | Value: Shows that have the genre Science Fiction.                                                  |
[2022-11-20 15:23:12,458] [builder.py:646]            [DEBUG]    |                                                                                                    |
[2022-11-20 15:23:12,458] [builder.py:650]            [DEBUG]    | Validating Method: sort_title                                                                      |
[2022-11-20 15:23:12,458] [builder.py:651]            [DEBUG]    | Value: !06_Science Fiction Shows                                                                   |
[2022-11-20 15:23:12,459] [builder.py:646]            [DEBUG]    |                                                                                                    |
[2022-11-20 15:23:12,459] [builder.py:650]            [DEBUG]    | Validating Method: url_poster                                                                      |
[2022-11-20 15:23:12,459] [builder.py:651]            [DEBUG]    | Value: https://raw.githubusercontent.com/meisnate12/Plex-Meta-Manager-Images/master/genre/Science%20Fiction.jpg |
[2022-11-20 15:23:12,646] [builder.py:814]            [INFO]     |                                                                                                    |
[2022-11-20 15:23:12,647] [builder.py:815]            [INFO]     | Validation Successful                                                                              |
[2022-11-20 15:23:12,647] [plex_meta_manager.py:594]  [INFO]     |                                                                                                    |
[2022-11-20 15:23:12,647] [plex_meta_manager.py:596]  [INFO]     |============================= Running Science Fiction Shows Collection =============================|
[2022-11-20 15:23:12,647] [plex_meta_manager.py:602]  [INFO]     |                                                                                                    |
[2022-11-20 15:23:12,647] [plex_meta_manager.py:603]  [INFO]     | Smart Show Filter                                                                                  |
                                                                 | Sort By: ['release.desc']
                                                                 | Filter:
                                                                 |   Match any of the following:
                                                                 |     Genre is Science Fiction
                                                                 |     Genre is Sci-Fi & Fantasy
[2022-11-20 15:23:12,875] [builder.py:2527]           [INFO]     | 
[2022-11-20 15:23:12,876] [builder.py:2528]           [INFO]     |======================= Updating Details of Science Fiction Shows Collection =======================|
[2022-11-20 15:23:12,876] [builder.py:2529]           [INFO]     |                                                                                                    |
[2022-11-20 15:23:12,884] [builder.py:2595]           [INFO]     | Collection Metadata Edits                                                                          |
[2022-11-20 15:23:12,884] [util.py:174]               [DEBUG]    | 1 poster found:                                                                                    |
[2022-11-20 15:23:12,884] [util.py:176]               [DEBUG]    | Method: url_poster Poster: https://raw.githubusercontent.com/meisnate12/Plex-Meta-Manager-Images/master/genre/Science%20Fiction.jpg |
[2022-11-20 15:23:12,885] [library.py:180]            [INFO]     | Detail: poster update not needed                                                                   |
[2022-11-20 15:23:13,098] [plex_meta_manager.py:736]  [INFO]     |                                                                                                    |
[2022-11-20 15:23:13,099] [plex_meta_manager.py:737]  [INFO]     |====================================================================================================|
[2022-11-20 15:23:13,099] [plex_meta_manager.py:737]  [INFO]     |                             Finished Science Fiction Shows Collection                              |
[2022-11-20 15:23:13,099] [plex_meta_manager.py:737]  [INFO]     |                                    Collection Run Time: 0:00:00                                    |
[2022-11-20 15:23:13,099] [plex_meta_manager.py:737]  [INFO]     |====================================================================================================|
