[2022-11-17 00:34:43,457] [builder.py:193]            [INFO]     |====================================================================================================|
[2022-11-17 00:34:43,458] [builder.py:193]            [INFO]     |                               Seth Rogen Collection in Marvel Movies                               |
[2022-11-17 00:34:43,458] [builder.py:193]            [INFO]     |====================================================================================================|
[2022-11-17 00:34:43,458] [builder.py:194]            [INFO]     |                                                                                                    |
[2022-11-17 00:34:43,458] [builder.py:199]            [INFO]     |================================ Building Definition From Templates ================================|
[2022-11-17 00:34:43,458] [builder.py:215]            [DEBUG]    |                                                                                                    |
[2022-11-17 00:34:43,458] [meta.py:210]               [DEBUG]    |========================================= Template people ==========================================|
[2022-11-17 00:34:43,458] [meta.py:451]               [DEBUG]    |                                                                                                    |
[2022-11-17 00:34:43,460] [meta.py:512]               [DEBUG]    |                                                                                                    |
[2022-11-17 00:34:43,460] [meta.py:513]               [DEBUG]    |==================================== Final Template Attributes =====================================|
[2022-11-17 00:34:43,460] [meta.py:514]               [DEBUG]    |                                                                                                    |
[2022-11-17 00:34:43,460] [meta.py:515]               [DEBUG]    | {'actor': 'tmdb', 'tmdb_person': 19274, 'sort_title': '++_Seth Rogen', 'collection_order': 'release'} |
[2022-11-17 00:34:43,460] [meta.py:516]               [DEBUG]    |                                                                                                    |
[2022-11-17 00:34:43,460] [builder.py:223]            [INFO]     |================================= Validating Seth Rogen Attributes =================================|
[2022-11-17 00:34:43,460] [builder.py:528]            [DEBUG]    |                                                                                                    |
[2022-11-17 00:34:43,460] [builder.py:529]            [DEBUG]    | Validating Method: tmdb_person                                                                     |
[2022-11-17 00:34:43,460] [builder.py:533]            [DEBUG]    | Value: 19274                                                                                       |
[2022-11-17 00:34:43,467] [builder.py:613]            [DEBUG]    |                                                                                                    |
[2022-11-17 00:34:43,468] [builder.py:614]            [DEBUG]    | Validating Method: collection_order                                                                |
[2022-11-17 00:34:43,468] [builder.py:615]            [DEBUG]    | Value: release                                                                                     |
[2022-11-17 00:34:43,468] [builder.py:646]            [DEBUG]    |                                                                                                    |
[2022-11-17 00:34:43,468] [builder.py:650]            [DEBUG]    | Validating Method: writer                                                                          |
[2022-11-17 00:34:43,468] [builder.py:651]            [DEBUG]    | Value: tmdb                                                                                        |
[2022-11-17 00:34:43,612] [plex_meta_manager.py:724]  [DEBUG]    | Traceback (most recent call last):                                                                 |
                                                                 |   File "//plex_meta_manager.py", line 592, in run_collection
                                                                 |     builder = CollectionBuilder(config, metadata, mapping_name, collection_attrs, library=library, extra=output_str)
                                                                 |   File "/modules/builder.py", line 728, in __init__
                                                                 |     self._plex(method_name, method_data)
                                                                 |   File "/modules/builder.py", line 1314, in _plex
                                                                 |     self.builders.append(("plex_search", self.build_filter("plex_search", {"any": {method_name: method_data}})))
                                                                 |   File "/modules/builder.py", line 1969, in build_filter
                                                                 |     built_filter, filter_text = _filter(base_dict, is_all=base_all)
                                                                 |   File "/modules/builder.py", line 1908, in _filter
                                                                 |     validation = self.validate_attribute(attr, modifier, final_attr, _data, validate, plex_search=True)
                                                                 |   File "/modules/builder.py", line 2055, in validate_attribute
                                                                 |     raise Failed(error)
                                                                 | modules.util.Failed: Plex Error: writer: Seth Rogen not found
                                                                 | Options: ['Alex Kurtzman', 'Alfred Gough', 'Alvin Sargent', 'Andrew Barrer', 'Andrew Lanham', 'Anna Boden', 'Art Marcum', 'Bob Kane', 'C. Robert Cargill', 'Chloé Zhao', 'Chris McKenna', 'Christopher Ford', 'Christopher Markus', 'Christopher Nolan', 'Dave Callaham', 'David Koepp', 'David S. Goyer', 'Destin Daniel Cretton', 'Don Heck', 'Don Payne', 'Edgar Wright', 'Eric Pearson', 'Erik Sommers', 'Ernie Altbacker', 'Greg Berlanti', 'Ivan Raimi', 'Jac Schaeffer', 'Jack Kirby', 'James Gunn', 'James Schamus', 'James Vanderbilt', 'Jay Oliva', 'Jerry Siegel', 'Jim Starlin', 'Joe Robert Cole', 'Joe Shuster', 'Joe Simon', 'John Francis Daley', 'John Semper', 'John Turman', 'Jon Spaihts', 'Jon Watts', 'Jonathan M. Goldstein', 'Joss Whedon', 'Justin Theroux', 'Larry Lieber', 'Marc Guggenheim', 'Mark Frost', 'Mark Steven Johnson', 'Matt Holloway', 'Michael France', 'Michael Goldenberg', 'Michael Green', 'Michael Waldron', 'Miles Millar', 'Ned Benson', 'Nicole Perlman', 'Patrick Burleigh', 'Paul Rudd', 'Paul Wernick', 'Rhett Reese', 'Roberto Orci', 'Roy Thomas', 'Ryan Coogler', 'Ryan Firpo', 'Ryan Fleck', 'Ryan Reynolds', 'Sam Raimi', 'Scott Derrickson', 'Scott M. Gimple', 'Seth Hoffman', 'Shane Black', 'Stan Lee', 'Stephen McFeely', 'Steve Ditko', 'Steve Englehart', 'Steve Kloves', 'Steve Montal', 'Zak Penn']
                                                                 | 
[2022-11-17 00:34:43,613] [plex_meta_manager.py:725]  [ERROR]    | Plex Error: writer: Seth Rogen not found
                                                                 | Options: ['Alex Kurtzman', 'Alfred Gough', 'Alvin Sargent', 'Andrew Barrer', 'Andrew Lanham', 'Anna Boden', 'Art Marcum', 'Bob Kane', 'C. Robert Cargill', 'Chloé Zhao', 'Chris McKenna', 'Christopher Ford', 'Christopher Markus', 'Christopher Nolan', 'Dave Callaham', 'David Koepp', 'David S. Goyer', 'Destin Daniel Cretton', 'Don Heck', 'Don Payne', 'Edgar Wright', 'Eric Pearson', 'Erik Sommers', 'Ernie Altbacker', 'Greg Berlanti', 'Ivan Raimi', 'Jac Schaeffer', 'Jack Kirby', 'James Gunn', 'James Schamus', 'James Vanderbilt', 'Jay Oliva', 'Jerry Siegel', 'Jim Starlin', 'Joe Robert Cole', 'Joe Shuster', 'Joe Simon', 'John Francis Daley', 'John Semper', 'John Turman', 'Jon Spaihts', 'Jon Watts', 'Jonathan M. Goldstein', 'Joss Whedon', 'Justin Theroux', 'Larry Lieber', 'Marc Guggenheim', 'Mark Frost', 'Mark Steven Johnson', 'Matt Holloway', 'Michael France', 'Michael Goldenberg', 'Michael Green', 'Michael Waldron', 'Miles Millar', 'Ned Benson', 'Nicole Perlman', 'Patrick Burleigh', 'Paul Rudd', 'Paul Wernick', 'Rhett Reese', 'Roberto Orci', 'Roy Thomas', 'Ryan Coogler', 'Ryan Firpo', 'Ryan Fleck', 'Ryan Reynolds', 'Sam Raimi', 'Scott Derrickson', 'Scott M. Gimple', 'Seth Hoffman', 'Shane Black', 'Stan Lee', 'Stephen McFeely', 'Steve Ditko', 'Steve Englehart', 'Steve Kloves', 'Steve Montal', 'Zak Penn']
[2022-11-17 00:34:43,613] [plex_meta_manager.py:736]  [INFO]     | 
[2022-11-17 00:34:43,613] [plex_meta_manager.py:737]  [INFO]     |====================================================================================================|
[2022-11-17 00:34:43,614] [plex_meta_manager.py:737]  [INFO]     |                                   Finished Seth Rogen Collection                                   |
[2022-11-17 00:34:43,614] [plex_meta_manager.py:737]  [INFO]     |                                    Collection Run Time: 0:00:00                                    |
[2022-11-17 00:34:43,614] [plex_meta_manager.py:737]  [INFO]     |====================================================================================================|
