[2022-11-25 15:59:02,413] [builder.py:193]            [INFO]     |====================================================================================================|
[2022-11-25 15:59:02,414] [builder.py:193]            [INFO]     |                             Andreas Pietschmann Collection in TV Shows                             |
[2022-11-25 15:59:02,414] [builder.py:193]            [INFO]     |====================================================================================================|
[2022-11-25 15:59:02,414] [builder.py:194]            [INFO]     |                                                                                                    |
[2022-11-25 15:59:02,414] [builder.py:199]            [INFO]     |================================ Building Definition From Templates ================================|
[2022-11-25 15:59:02,415] [builder.py:215]            [DEBUG]    |                                                                                                    |
[2022-11-25 15:59:02,415] [meta.py:210]               [DEBUG]    |====================================== Template smart_filter =======================================|
[2022-11-25 15:59:02,416] [meta.py:451]               [DEBUG]    |                                                                                                    |
[2022-11-25 15:59:02,427] [meta.py:210]               [DEBUG]    |======================================= Template translation =======================================|
[2022-11-25 15:59:02,428] [meta.py:451]               [DEBUG]    |                                                                                                    |
[2022-11-25 15:59:02,432] [meta.py:210]               [DEBUG]    |========================================= Template shared ==========================================|
[2022-11-25 15:59:02,433] [meta.py:451]               [DEBUG]    |                                                                                                    |
[2022-11-25 15:59:02,450] [meta.py:512]               [DEBUG]    |                                                                                                    |
[2022-11-25 15:59:02,450] [meta.py:513]               [DEBUG]    |==================================== Final Template Attributes =====================================|
[2022-11-25 15:59:02,451] [meta.py:514]               [DEBUG]    |                                                                                                    |
[2022-11-25 15:59:02,451] [meta.py:515]               [DEBUG]    | {'tmdb_person': ['Andreas Pietschmann'], 'smart_filter': {'sort_by': 'release.desc', 'any': {'actor': 'tmdb'}}, 'summary': 'Shows with Andreas Pietschmann.', 'name': 'Andreas Pietschmann', 'ignore_blank_results': True, 'sort_title': '!17_Andreas Pietschmann', 'url_poster': 'https://raw.githubusercontent.com/meisnate12/Plex-Meta-Manager-Images/master/people/bw/Andreas%20Pietschmann.jpg'} |
[2022-11-25 15:59:02,451] [meta.py:516]               [DEBUG]    |                                                                                                    |
[2022-11-25 15:59:02,451] [builder.py:223]            [INFO]     |============================ Validating Andreas Pietschmann Attributes =============================|
[2022-11-25 15:59:02,451] [builder.py:226]            [DEBUG]    |                                                                                                    |
[2022-11-25 15:59:02,452] [builder.py:227]            [DEBUG]    | Validating Method: name                                                                            |
[2022-11-25 15:59:02,452] [builder.py:230]            [DEBUG]    | Value: Andreas Pietschmann                                                                         |
[2022-11-25 15:59:02,452] [builder.py:502]            [DEBUG]    |                                                                                                    |
[2022-11-25 15:59:02,452] [builder.py:503]            [DEBUG]    | Validating Method: ignore_blank_results                                                            |
[2022-11-25 15:59:02,452] [builder.py:504]            [DEBUG]    | Value: True                                                                                        |
[2022-11-25 15:59:02,452] [builder.py:528]            [DEBUG]    |                                                                                                    |
[2022-11-25 15:59:02,452] [builder.py:529]            [DEBUG]    | Validating Method: tmdb_person                                                                     |
[2022-11-25 15:59:02,453] [builder.py:533]            [DEBUG]    | Value: ['Andreas Pietschmann']                                                                     |
[2022-11-25 15:59:02,536] [builder.py:1784]           [INFO]     |                                                                                                    |
[2022-11-25 15:59:02,541] [builder.py:1785]           [INFO]     | Validating Method: smart_filter                                                                    |
[2022-11-25 15:59:02,541] [builder.py:1791]           [DEBUG]    | Value: {'sort_by': 'release.desc', 'any': {'actor': 'tmdb'}}                                       |
[2022-11-25 15:59:03,080] [builder.py:1978]           [DEBUG]    | Smart URL: ?type=2&sort=originallyAvailableAt%3Adesc&push=1&show.actor=518374&pop=1                |
[2022-11-25 15:59:03,080] [builder.py:646]            [DEBUG]    |                                                                                                    |
[2022-11-25 15:59:03,080] [builder.py:650]            [DEBUG]    | Validating Method: label                                                                           |
[2022-11-25 15:59:03,080] [builder.py:651]            [DEBUG]    | Value: Top Actors                                                                                  |
[2022-11-25 15:59:03,080] [builder.py:646]            [DEBUG]    |                                                                                                    |
[2022-11-25 15:59:03,081] [builder.py:650]            [DEBUG]    | Validating Method: summary                                                                         |
[2022-11-25 15:59:03,081] [builder.py:651]            [DEBUG]    | Value: Shows with Andreas Pietschmann.                                                             |
[2022-11-25 15:59:03,081] [builder.py:646]            [DEBUG]    |                                                                                                    |
[2022-11-25 15:59:03,081] [builder.py:650]            [DEBUG]    | Validating Method: sort_title                                                                      |
[2022-11-25 15:59:03,081] [builder.py:651]            [DEBUG]    | Value: !17_Andreas Pietschmann                                                                     |
[2022-11-25 15:59:03,081] [builder.py:646]            [DEBUG]    |                                                                                                    |
[2022-11-25 15:59:03,082] [builder.py:650]            [DEBUG]    | Validating Method: url_poster                                                                      |
[2022-11-25 15:59:03,082] [builder.py:651]            [DEBUG]    | Value: https://raw.githubusercontent.com/meisnate12/Plex-Meta-Manager-Images/master/people/bw/Andreas%20Pietschmann.jpg |
[2022-11-25 15:59:03,196] [builder.py:845]            [WARNING]  | Collection Warning: No Poster Found at https://raw.githubusercontent.com/meisnate12/Plex-Meta-Manager-Images/master/people/bw/Andreas%20Pietschmann.jpg |
[2022-11-25 15:59:03,243] [builder.py:814]            [INFO]     |                                                                                                    |
[2022-11-25 15:59:03,244] [builder.py:815]            [INFO]     | Validation Successful                                                                              |
[2022-11-25 15:59:03,245] [plex_meta_manager.py:594]  [INFO]     |                                                                                                    |
[2022-11-25 15:59:03,245] [plex_meta_manager.py:596]  [INFO]     |============================== Running Andreas Pietschmann Collection ==============================|
[2022-11-25 15:59:03,245] [plex_meta_manager.py:602]  [INFO]     |                                                                                                    |
[2022-11-25 15:59:03,245] [plex_meta_manager.py:603]  [INFO]     | Smart Show Filter                                                                                  |
                                                                 | Sort By: ['release.desc']
                                                                 | Filter:
                                                                 |   Match any of the following:
                                                                 |     Actor is Andreas Pietschmann
[2022-11-25 15:59:03,260] [builder.py:2527]           [INFO]     | 
[2022-11-25 15:59:03,261] [builder.py:2528]           [INFO]     |======================== Updating Details of Andreas Pietschmann Collection ========================|
[2022-11-25 15:59:03,261] [builder.py:2529]           [INFO]     |                                                                                                    |
[2022-11-25 15:59:03,270] [builder.py:2595]           [INFO]     | Collection Metadata Edits                                                                          |
[2022-11-25 15:59:03,270] [util.py:174]               [DEBUG]    | 1 poster found:                                                                                    |
[2022-11-25 15:59:03,270] [util.py:176]               [DEBUG]    | Method: tmdb_person Poster: https://image.tmdb.org/t/p/original/2eXCr0GfkjVRbPgMacZlR8fMjYL.jpg    |
[2022-11-25 15:59:03,272] [library.py:180]            [INFO]     | Detail: poster update not needed                                                                   |
[2022-11-25 15:59:03,298] [plex_meta_manager.py:736]  [INFO]     |                                                                                                    |
[2022-11-25 15:59:03,298] [plex_meta_manager.py:737]  [INFO]     |====================================================================================================|
[2022-11-25 15:59:03,299] [plex_meta_manager.py:737]  [INFO]     |                              Finished Andreas Pietschmann Collection                               |
[2022-11-25 15:59:03,299] [plex_meta_manager.py:737]  [INFO]     |                                    Collection Run Time: 0:00:00                                    |
[2022-11-25 15:59:03,299] [plex_meta_manager.py:737]  [INFO]     |====================================================================================================|
