[2022-11-17 00:45:24,020] [builder.py:193]            [INFO]     |====================================================================================================|
[2022-11-17 00:45:24,021] [builder.py:193]            [INFO]     |                          Joss Whedon (Writer) Collection in Marvel Movies                          |
[2022-11-17 00:45:24,021] [builder.py:193]            [INFO]     |====================================================================================================|
[2022-11-17 00:45:24,021] [builder.py:194]            [INFO]     |                                                                                                    |
[2022-11-17 00:45:24,021] [builder.py:199]            [INFO]     |================================ Building Definition From Templates ================================|
[2022-11-17 00:45:24,021] [builder.py:215]            [DEBUG]    |                                                                                                    |
[2022-11-17 00:45:24,021] [meta.py:210]               [DEBUG]    |====================================== Template smart_filter =======================================|
[2022-11-17 00:45:24,022] [meta.py:451]               [DEBUG]    |                                                                                                    |
[2022-11-17 00:45:24,027] [meta.py:210]               [DEBUG]    |======================================= Template translation =======================================|
[2022-11-17 00:45:24,028] [meta.py:451]               [DEBUG]    |                                                                                                    |
[2022-11-17 00:45:24,031] [meta.py:210]               [DEBUG]    |========================================= Template shared ==========================================|
[2022-11-17 00:45:24,032] [meta.py:451]               [DEBUG]    |                                                                                                    |
[2022-11-17 00:45:24,048] [meta.py:512]               [DEBUG]    |                                                                                                    |
[2022-11-17 00:45:24,048] [meta.py:513]               [DEBUG]    |==================================== Final Template Attributes =====================================|
[2022-11-17 00:45:24,048] [meta.py:514]               [DEBUG]    |                                                                                                    |
[2022-11-17 00:45:24,049] [meta.py:515]               [DEBUG]    | {'tmdb_person': ['Joss Whedon'], 'smart_filter': {'sort_by': 'title.asc', 'any': {'writer': 'tmdb'}}, 'summary': 'Movies written by Joss Whedon.', 'name': 'Joss Whedon (Writer)', 'ignore_blank_results': True, 'collection_mode': 'hide', 'sort_title': '!20_Joss Whedon (Writer)', 'url_poster': 'https://raw.githubusercontent.com/meisnate12/Plex-Meta-Manager-Images/master/people/rainier/Joss%20Whedon.jpg'} |
[2022-11-17 00:45:24,049] [meta.py:516]               [DEBUG]    |                                                                                                    |
[2022-11-17 00:45:24,049] [builder.py:223]            [INFO]     |============================ Validating Joss Whedon (Writer) Attributes ============================|
[2022-11-17 00:45:24,049] [builder.py:226]            [DEBUG]    |                                                                                                    |
[2022-11-17 00:45:24,049] [builder.py:227]            [DEBUG]    | Validating Method: name                                                                            |
[2022-11-17 00:45:24,049] [builder.py:230]            [DEBUG]    | Value: Joss Whedon (Writer)                                                                        |
[2022-11-17 00:45:24,050] [builder.py:502]            [DEBUG]    |                                                                                                    |
[2022-11-17 00:45:24,050] [builder.py:503]            [DEBUG]    | Validating Method: ignore_blank_results                                                            |
[2022-11-17 00:45:24,050] [builder.py:504]            [DEBUG]    | Value: True                                                                                        |
[2022-11-17 00:45:24,050] [builder.py:528]            [DEBUG]    |                                                                                                    |
[2022-11-17 00:45:24,050] [builder.py:529]            [DEBUG]    | Validating Method: tmdb_person                                                                     |
[2022-11-17 00:45:24,050] [builder.py:533]            [DEBUG]    | Value: ['Joss Whedon']                                                                             |
[2022-11-17 00:45:24,104] [builder.py:1784]           [INFO]     |                                                                                                    |
[2022-11-17 00:45:24,104] [builder.py:1785]           [INFO]     | Validating Method: smart_filter                                                                    |
[2022-11-17 00:45:24,104] [builder.py:1791]           [DEBUG]    | Value: {'sort_by': 'title.asc', 'any': {'writer': 'tmdb'}}                                         |
[2022-11-17 00:45:24,162] [builder.py:1978]           [DEBUG]    | Smart URL: ?type=1&sort=titleSort&push=1&writer=28611&pop=1                                        |
[2022-11-17 00:45:24,162] [builder.py:646]            [DEBUG]    |                                                                                                    |
[2022-11-17 00:45:24,162] [builder.py:650]            [DEBUG]    | Validating Method: label                                                                           |
[2022-11-17 00:45:24,162] [builder.py:651]            [DEBUG]    | Value: Top Writers                                                                                 |
[2022-11-17 00:45:24,163] [builder.py:646]            [DEBUG]    |                                                                                                    |
[2022-11-17 00:45:24,163] [builder.py:650]            [DEBUG]    | Validating Method: summary                                                                         |
[2022-11-17 00:45:24,163] [builder.py:651]            [DEBUG]    | Value: Movies written by Joss Whedon.                                                              |
[2022-11-17 00:45:24,163] [builder.py:646]            [DEBUG]    |                                                                                                    |
[2022-11-17 00:45:24,163] [builder.py:650]            [DEBUG]    | Validating Method: collection_mode                                                                 |
[2022-11-17 00:45:24,163] [builder.py:651]            [DEBUG]    | Value: hide                                                                                        |
[2022-11-17 00:45:24,163] [builder.py:646]            [DEBUG]    |                                                                                                    |
[2022-11-17 00:45:24,163] [builder.py:650]            [DEBUG]    | Validating Method: sort_title                                                                      |
[2022-11-17 00:45:24,163] [builder.py:651]            [DEBUG]    | Value: !20_Joss Whedon (Writer)                                                                    |
[2022-11-17 00:45:24,163] [builder.py:646]            [DEBUG]    |                                                                                                    |
[2022-11-17 00:45:24,164] [builder.py:650]            [DEBUG]    | Validating Method: url_poster                                                                      |
[2022-11-17 00:45:24,164] [builder.py:651]            [DEBUG]    | Value: https://raw.githubusercontent.com/meisnate12/Plex-Meta-Manager-Images/master/people/rainier/Joss%20Whedon.jpg |
[2022-11-17 00:45:24,191] [plex.py:835]               [DEBUG]    |                                                                                                    |
[2022-11-17 00:45:24,192] [plex.py:838]               [DEBUG]    | Looking for: Joss Whedon (Writer)                                                                  |
[2022-11-17 00:45:24,192] [builder.py:814]            [INFO]     |                                                                                                    |
[2022-11-17 00:45:24,192] [builder.py:815]            [INFO]     | Validation Successful                                                                              |
[2022-11-17 00:45:24,193] [plex_meta_manager.py:594]  [INFO]     |                                                                                                    |
[2022-11-17 00:45:24,193] [plex_meta_manager.py:596]  [INFO]     |============================= Running Joss Whedon (Writer) Collection ==============================|
[2022-11-17 00:45:24,193] [plex_meta_manager.py:602]  [INFO]     |                                                                                                    |
[2022-11-17 00:45:24,193] [plex_meta_manager.py:603]  [INFO]     | Smart Movie Filter                                                                                 |
                                                                 | Sort By: ['title.asc']
                                                                 | Filter:
                                                                 |   Match any of the following:
                                                                 |     Writer is Joss Whedon
[2022-11-17 00:45:24,215] [builder.py:2509]           [DEBUG]    | Smart Collection Created: ?type=1&sort=titleSort&push=1&writer=28611&pop=1
[2022-11-17 00:45:24,219] [builder.py:2527]           [INFO]     | 
[2022-11-17 00:45:24,220] [builder.py:2528]           [INFO]     |======================= Updating Details of Joss Whedon (Writer) Collection ========================|
[2022-11-17 00:45:24,220] [builder.py:2529]           [INFO]     |                                                                                                    |
[2022-11-17 00:45:24,228] [builder.py:2595]           [INFO]     | Collection Metadata Edits                                                                          |
                                                                 | Summary (summary) | Movies written by Joss Whedon.
                                                                 | Sort Title | !20_Joss Whedon (Writer)
                                                                 | Label | +Top Writers, +PMM
[2022-11-17 00:45:25,988] [builder.py:2599]           [INFO]     | Details: have been updated
[2022-11-17 00:45:25,988] [builder.py:2603]           [INFO]     | 
[2022-11-17 00:45:27,473] [builder.py:2615]           [INFO]     | Collection Mode | hide
[2022-11-17 00:45:27,478] [plex.py:1203]              [WARNING]  | Asset Warning: Asset Directory Not Found and Created: config/Marvel_Movies/Assets/Joss Whedon (Writer)
[2022-11-17 00:45:27,478] [util.py:174]               [DEBUG]    | 2 posters found:
[2022-11-17 00:45:27,478] [util.py:176]               [DEBUG]    | Method: tmdb_person Poster: https://image.tmdb.org/t/p/original/mVvpZnKYKSCtkOQixQnOonV5kv3.jpg
[2022-11-17 00:45:27,478] [util.py:176]               [DEBUG]    | Method: url_poster Poster: https://raw.githubusercontent.com/meisnate12/Plex-Meta-Manager-Images/master/people/rainier/Joss%20Whedon.jpg
[2022-11-17 00:45:27,777] [library.py:178]            [INFO]     | Detail: asset_directory updated Joss Whedon (Writer)'s poster to [File] config/Marvel_Movies/Assets/Joss Whedon (Writer)/poster.jpg
[2022-11-17 00:45:27,823] [plex_meta_manager.py:736]  [INFO]     | 
[2022-11-17 00:45:27,824] [plex_meta_manager.py:737]  [INFO]     |====================================================================================================|
[2022-11-17 00:45:27,824] [plex_meta_manager.py:737]  [INFO]     |                              Finished Joss Whedon (Writer) Collection                              |
[2022-11-17 00:45:27,824] [plex_meta_manager.py:737]  [INFO]     |                                    Collection Run Time: 0:00:03                                    |
[2022-11-17 00:45:27,824] [plex_meta_manager.py:737]  [INFO]     |====================================================================================================|
