[2022-11-17 00:04:43,841] [builder.py:193]            [INFO]     |====================================================================================================|
[2022-11-17 00:04:43,842] [builder.py:193]            [INFO]     |                              Best of 2021 Collection in Marvel Movies                              |
[2022-11-17 00:04:43,842] [builder.py:193]            [INFO]     |====================================================================================================|
[2022-11-17 00:04:43,842] [builder.py:194]            [INFO]     |                                                                                                    |
[2022-11-17 00:04:43,842] [builder.py:199]            [INFO]     |================================ Building Definition From Templates ================================|
[2022-11-17 00:04:43,842] [builder.py:215]            [DEBUG]    |                                                                                                    |
[2022-11-17 00:04:43,842] [meta.py:210]               [DEBUG]    |========================================= Template Best of =========================================|
[2022-11-17 00:04:43,843] [meta.py:451]               [DEBUG]    |                                                                                                    |
[2022-11-17 00:04:43,845] [meta.py:512]               [DEBUG]    |                                                                                                    |
[2022-11-17 00:04:43,845] [meta.py:513]               [DEBUG]    |==================================== Final Template Attributes =====================================|
[2022-11-17 00:04:43,845] [meta.py:514]               [DEBUG]    |                                                                                                    |
[2022-11-17 00:04:43,845] [meta.py:515]               [DEBUG]    | {'trakt_list': 'https://trakt.tv/users/lish408/lists/rotten-tomatoes-best-of-2021', 'sort_title': '+1_Best of 2021', 'sync_mode': 'sync', 'summary': 'Rotten Tomatoes Best Movies of 2021', 'smart_label': 'audience_rating.desc'} |
[2022-11-17 00:04:43,845] [meta.py:516]               [DEBUG]    |                                                                                                    |
[2022-11-17 00:04:43,845] [builder.py:223]            [INFO]     |================================ Validating Best of 2021 Attributes ================================|
[2022-11-17 00:04:43,846] [builder.py:422]            [DEBUG]    |                                                                                                    |
[2022-11-17 00:04:43,846] [builder.py:423]            [DEBUG]    | Validating Method: smart_label                                                                     |
[2022-11-17 00:04:43,846] [builder.py:428]            [DEBUG]    | Value: audience_rating.desc                                                                        |
[2022-11-17 00:04:43,854] [builder.py:516]            [DEBUG]    |                                                                                                    |
[2022-11-17 00:04:43,854] [builder.py:517]            [DEBUG]    | Validating Method: sync_mode                                                                       |
[2022-11-17 00:04:43,854] [builder.py:521]            [DEBUG]    | Value: sync                                                                                        |
[2022-11-17 00:04:43,854] [builder.py:646]            [DEBUG]    |                                                                                                    |
[2022-11-17 00:04:43,854] [builder.py:650]            [DEBUG]    | Validating Method: trakt_list                                                                      |
[2022-11-17 00:04:43,854] [builder.py:651]            [DEBUG]    | Value: https://trakt.tv/users/lish408/lists/rotten-tomatoes-best-of-2021                           |
[2022-11-17 00:04:43,921] [builder.py:646]            [DEBUG]    |                                                                                                    |
[2022-11-17 00:04:43,922] [builder.py:650]            [DEBUG]    | Validating Method: sort_title                                                                      |
[2022-11-17 00:04:43,922] [builder.py:651]            [DEBUG]    | Value: +1_Best of 2021                                                                             |
[2022-11-17 00:04:43,922] [builder.py:646]            [DEBUG]    |                                                                                                    |
[2022-11-17 00:04:43,922] [builder.py:650]            [DEBUG]    | Validating Method: summary                                                                         |
[2022-11-17 00:04:43,922] [builder.py:651]            [DEBUG]    | Value: Rotten Tomatoes Best Movies of 2021                                                         |
[2022-11-17 00:04:43,926] [plex.py:835]               [DEBUG]    |                                                                                                    |
[2022-11-17 00:04:43,926] [plex.py:838]               [DEBUG]    | Looking for: Best of 2021                                                                          |
[2022-11-17 00:04:43,926] [builder.py:814]            [INFO]     |                                                                                                    |
[2022-11-17 00:04:43,926] [builder.py:815]            [INFO]     | Validation Successful                                                                              |
[2022-11-17 00:04:43,926] [plex_meta_manager.py:594]  [INFO]     |                                                                                                    |
[2022-11-17 00:04:43,926] [plex_meta_manager.py:596]  [INFO]     |================================= Running Best of 2021 Collection ==================================|
[2022-11-17 00:04:43,926] [plex_meta_manager.py:602]  [INFO]     |                                                                                                    |
[2022-11-17 00:04:43,927] [plex_meta_manager.py:603]  [INFO]     | Smart Movie Label                                                                                  |
                                                                 | Sort By: ['audience_rating.desc']
                                                                 | Filter:
                                                                 |   Match all of the following:
                                                                 |     Label is Best of 2021
[2022-11-17 00:04:43,927] [plex_meta_manager.py:608]  [INFO]     | 
[2022-11-17 00:04:43,927] [plex_meta_manager.py:609]  [INFO]     | Sync Mode: sync
[2022-11-17 00:04:43,927] [plex_meta_manager.py:612]  [DEBUG]    | 
[2022-11-17 00:04:43,927] [plex_meta_manager.py:613]  [DEBUG]    | Builder: trakt_list: https://trakt.tv/users/lish408/lists/rotten-tomatoes-best-of-2021
[2022-11-17 00:04:43,927] [plex_meta_manager.py:614]  [INFO]     | 
[2022-11-17 00:04:43,928] [trakt.py:493]              [INFO]     | Processing Trakt List: https://trakt.tv/users/lish408/lists/rotten-tomatoes-best-of-2021
[2022-11-17 00:04:43,999] [builder.py:1574]           [DEBUG]    | 
[2022-11-17 00:04:43,999] [builder.py:1575]           [DEBUG]    | 100 IDs Found
[2022-11-17 00:04:43,999] [builder.py:1577]           [DEBUG]    | 
[2022-11-17 00:04:44,000] [builder.py:2158]           [INFO]     | 
[2022-11-17 00:04:44,000] [builder.py:2159]           [INFO]     |================================ Adding to Best of 2021 Collection =================================|
[2022-11-17 00:04:44,000] [builder.py:2160]           [INFO]     |                                                                                                    |
[2022-11-17 00:04:44,018] [builder.py:2174]           [INFO]     | 1/3 | Best of 2021 Collection | = | Spider-Man: No Way Home (2021)                                 |
[2022-11-17 00:04:44,018] [builder.py:2174]           [INFO]     | 2/3 | Best of 2021 Collection | = | Shang-Chi and the Legend of the Ten Rings (2021)               |
[2022-11-17 00:04:44,018] [builder.py:2174]           [INFO]     | 3/3 | Best of 2021 Collection | = | Black Widow (2021)                                             |
[2022-11-17 00:04:44,018] [builder.py:2194]           [INFO]     |                                                                                                    |
[2022-11-17 00:04:44,018] [builder.py:2196]           [INFO]     | 3 Movies Processed 0 Movies Added                                                                  |
[2022-11-17 00:04:44,018] [builder.py:2306]           [INFO]     |                                                                                                    |
[2022-11-17 00:04:44,018] [builder.py:2307]           [INFO]     |============================ Missing Movies from Library: Marvel Movies ============================|
[2022-11-17 00:04:44,019] [builder.py:2308]           [INFO]     |                                                                                                    |
[2022-11-17 00:04:44,030] [builder.py:2321]           [INFO]     | Best of 2021 Collection | ? | Nomadland (2020) (TMDb: 581734)                                      |
[2022-11-17 00:04:44,041] [builder.py:2321]           [INFO]     | Best of 2021 Collection | ? | Judas and the Black Messiah (2021) (TMDb: 583406)                    |
[2022-11-17 00:04:44,061] [builder.py:2321]           [INFO]     | Best of 2021 Collection | ? | The Father (2020) (TMDb: 600354)                                     |
[2022-11-17 00:04:44,071] [builder.py:2321]           [INFO]     | Best of 2021 Collection | ? | In the Heights (2021) (TMDb: 467909)                                 |
[2022-11-17 00:04:44,081] [builder.py:2321]           [INFO]     | Best of 2021 Collection | ? | Summer of Soul (...Or, When the Revolution Could Not Be Televised) (2021) (TMDb: 776527) |
[2022-11-17 00:04:44,092] [builder.py:2321]           [INFO]     | Best of 2021 Collection | ? | Pig (2021) (TMDb: 635731)                                            |
[2022-11-17 00:04:44,103] [builder.py:2321]           [INFO]     | Best of 2021 Collection | ? | The Power of the Dog (2021) (TMDb: 600583)                           |
[2022-11-17 00:04:44,116] [builder.py:2321]           [INFO]     | Best of 2021 Collection | ? | CODA (2021) (TMDb: 776503)                                           |
[2022-11-17 00:04:44,130] [builder.py:2321]           [INFO]     | Best of 2021 Collection | ? | West Side Story (2021) (TMDb: 511809)                                |
[2022-11-17 00:04:44,157] [builder.py:2321]           [INFO]     | Best of 2021 Collection | ? | Raya and the Last Dragon (2021) (TMDb: 527774)                       |
[2022-11-17 00:04:44,169] [builder.py:2321]           [INFO]     | Best of 2021 Collection | ? | A Quiet Place Part II (2021) (TMDb: 520763)                          |
[2022-11-17 00:04:44,180] [builder.py:2321]           [INFO]     | Best of 2021 Collection | ? | The Mitchells vs. the Machines (2021) (TMDb: 501929)                 |
[2022-11-17 00:04:44,190] [builder.py:2321]           [INFO]     | Best of 2021 Collection | ? | The Suicide Squad (2021) (TMDb: 436969)                              |
[2022-11-17 00:04:44,200] [builder.py:2321]           [INFO]     | Best of 2021 Collection | ? | The Tragedy of Macbeth (2021) (TMDb: 591538)                         |
[2022-11-17 00:04:44,211] [builder.py:2321]           [INFO]     | Best of 2021 Collection | ? | MLK/FBI (2021) (TMDb: 728868)                                        |
[2022-11-17 00:04:44,230] [builder.py:2321]           [INFO]     | Best of 2021 Collection | ? | Parallel Mothers (2021) (TMDb: 766798)                               |
[2022-11-17 00:04:44,242] [builder.py:2321]           [INFO]     | Best of 2021 Collection | ? | Drive My Car (2021) (TMDb: 758866)                                   |
[2022-11-17 00:04:44,259] [builder.py:2321]           [INFO]     | Best of 2021 Collection | ? | The Lost Daughter (2021) (TMDb: 554230)                              |
[2022-11-17 00:04:44,281] [builder.py:2321]           [INFO]     | Best of 2021 Collection | ? | Flee (2021) (TMDb: 680813)                                           |
[2022-11-17 00:04:44,301] [builder.py:2321]           [INFO]     | Best of 2021 Collection | ? | The Velvet Underground (2021) (TMDb: 543836)                         |
[2022-11-17 00:04:44,317] [builder.py:2321]           [INFO]     | Best of 2021 Collection | ? | Quo Vadis, Aida? (2021) (TMDb: 728118)                               |
[2022-11-17 00:04:44,329] [builder.py:2321]           [INFO]     | Best of 2021 Collection | ? | Mass (2021) (TMDb: 423333)                                           |
[2022-11-17 00:04:44,341] [builder.py:2321]           [INFO]     | Best of 2021 Collection | ? | Luca (2021) (TMDb: 508943)                                           |
[2022-11-17 00:04:44,343] [builder.py:2321]           [INFO]     | Best of 2021 Collection | ? | Slalom (2021) (TMDb: 585744)                                         |
[2022-11-17 00:04:44,354] [builder.py:2321]           [INFO]     | Best of 2021 Collection | ? | The Sparks Brothers (2021) (TMDb: 776485)                            |
[2022-11-17 00:04:44,365] [builder.py:2321]           [INFO]     | Best of 2021 Collection | ? | Shiva Baby (2021) (TMDb: 664300)                                     |
[2022-11-17 00:04:44,376] [builder.py:2321]           [INFO]     | Best of 2021 Collection | ? | Woodlands Dark and Days Bewitched: A History of Folk Horror (2021) (TMDb: 614637) |
[2022-11-17 00:04:44,387] [builder.py:2321]           [INFO]     | Best of 2021 Collection | ? | Luzzu (2021) (TMDb: 776544)                                          |
[2022-11-17 00:04:44,398] [builder.py:2321]           [INFO]     | Best of 2021 Collection | ? | Two of Us (2020) (TMDb: 621744)                                      |
[2022-11-17 00:04:44,400] [builder.py:2321]           [INFO]     | Best of 2021 Collection | ? | Julia (2021) (TMDb: 811933)                                          |
[2022-11-17 00:04:44,422] [builder.py:2321]           [INFO]     | Best of 2021 Collection | ? | Sabaya (2021) (TMDb: 776555)                                         |
[2022-11-17 00:04:44,438] [builder.py:2321]           [INFO]     | Best of 2021 Collection | ? | Hive (2021) (TMDb: 776541)                                           |
[2022-11-17 00:04:44,441] [builder.py:2321]           [INFO]     | Best of 2021 Collection | ? | Identifying Features (2020) (TMDb: 653658)                           |
[2022-11-17 00:04:44,460] [builder.py:2321]           [INFO]     | Best of 2021 Collection | ? | Azor (2021) (TMDb: 659954)                                           |
[2022-11-17 00:04:44,475] [builder.py:2321]           [INFO]     | Best of 2021 Collection | ? | Paper Spiders (2021) (TMDb: 750272)                                  |
[2022-11-17 00:04:44,486] [builder.py:2321]           [INFO]     | Best of 2021 Collection | ? | Wheel of Fortune and Fantasy (2021) (TMDb: 795811)                   |
[2022-11-17 00:04:44,497] [builder.py:2321]           [INFO]     | Best of 2021 Collection | ? | The Woman Who Ran (2020) (TMDb: 662401)                              |
[2022-11-17 00:04:44,509] [builder.py:2321]           [INFO]     | Best of 2021 Collection | ? | I'm Your Man (2021) (TMDb: 795813)                                   |
[2022-11-17 00:04:44,519] [builder.py:2321]           [INFO]     | Best of 2021 Collection | ? | Licorice Pizza (2021) (TMDb: 718032)                                 |
[2022-11-17 00:04:44,530] [builder.py:2321]           [INFO]     | Best of 2021 Collection | ? | The Green Knight (2021) (TMDb: 559907)                               |
[2022-11-17 00:04:44,541] [builder.py:2321]           [INFO]     | Best of 2021 Collection | ? | Dune (2021) (TMDb: 438631)                                           |
[2022-11-17 00:04:44,551] [builder.py:2321]           [INFO]     | Best of 2021 Collection | ? | Riders of Justice (2020) (TMDb: 663870)                              |
[2022-11-17 00:04:44,567] [builder.py:2321]           [INFO]     | Best of 2021 Collection | ? | C'mon C'mon (2021) (TMDb: 632617)                                    |
[2022-11-17 00:04:44,579] [builder.py:2321]           [INFO]     | Best of 2021 Collection | ? | Boiling Point (2021) (TMDb: 807196)                                  |
[2022-11-17 00:04:44,591] [builder.py:2321]           [INFO]     | Best of 2021 Collection | ? | I Carry You with Me (2020) (TMDb: 653594)                            |
[2022-11-17 00:04:44,603] [builder.py:2321]           [INFO]     | Best of 2021 Collection | ? | Language Lessons (2021) (TMDb: 795530)                               |
[2022-11-17 00:04:44,614] [builder.py:2321]           [INFO]     | Best of 2021 Collection | ? | Petite Maman (2021) (TMDb: 749004)                                   |
[2022-11-17 00:04:44,631] [builder.py:2321]           [INFO]     | Best of 2021 Collection | ? | The Paper Tigers (2020) (TMDb: 731738)                               |
[2022-11-17 00:04:44,645] [builder.py:2321]           [INFO]     | Best of 2021 Collection | ? | Beyond the Infinite Two Minutes (2020) (TMDb: 805627)                |
[2022-11-17 00:04:44,663] [builder.py:2321]           [INFO]     | Best of 2021 Collection | ? | King Richard (2021) (TMDb: 614917)                                   |
[2022-11-17 00:04:44,679] [builder.py:2321]           [INFO]     | Best of 2021 Collection | ? | Becoming Cousteau (2021) (TMDb: 774823)                              |
[2022-11-17 00:04:44,691] [builder.py:2321]           [INFO]     | Best of 2021 Collection | ? | The Lost Leonardo (2021) (TMDb: 822099)                              |
[2022-11-17 00:04:44,702] [builder.py:2321]           [INFO]     | Best of 2021 Collection | ? | Billie Eilish: The World's a Little Blurry (2021) (TMDb: 654754)     |
[2022-11-17 00:04:44,714] [builder.py:2321]           [INFO]     | Best of 2021 Collection | ? | My Heart Can't Beat Unless You Tell It To (2020) (TMDb: 690248)      |
[2022-11-17 00:04:44,726] [builder.py:2321]           [INFO]     | Best of 2021 Collection | ? | Attica (2021) (TMDb: 858059)                                         |
[2022-11-17 00:04:44,737] [builder.py:2321]           [INFO]     | Best of 2021 Collection | ? | Hope (2019) (TMDb: 616561)                                           |
[2022-11-17 00:04:44,750] [builder.py:2321]           [INFO]     | Best of 2021 Collection | ? | Demon Slayer -Kimetsu no Yaiba- The Movie: Mugen Train (2020) (TMDb: 635302) |
[2022-11-17 00:04:44,761] [builder.py:2321]           [INFO]     | Best of 2021 Collection | ? | Days (2021) (TMDb: 662400)                                           |
[2022-11-17 00:04:44,773] [builder.py:2321]           [INFO]     | Best of 2021 Collection | ? | The Rescue (2021) (TMDb: 680058)                                     |
[2022-11-17 00:04:44,785] [builder.py:2321]           [INFO]     | Best of 2021 Collection | ? | 7 Prisoners (2021) (TMDb: 785538)                                    |
[2022-11-17 00:04:44,797] [builder.py:2321]           [INFO]     | Best of 2021 Collection | ? | Ascension (2021) (TMDb: 822138)                                      |
[2022-11-17 00:04:44,810] [builder.py:2321]           [INFO]     | Best of 2021 Collection | ? | Procession (2021) (TMDb: 869623)                                     |
[2022-11-17 00:04:44,835] [builder.py:2321]           [INFO]     | Best of 2021 Collection | ? | Playing with Sharks (2021) (TMDb: 776553)                            |
[2022-11-17 00:04:44,856] [builder.py:2321]           [INFO]     | Best of 2021 Collection | ? | Drunk Bus (2021) (TMDb: 659360)                                      |
[2022-11-17 00:04:44,869] [builder.py:2321]           [INFO]     | Best of 2021 Collection | ? | Rita Moreno: Just a Girl Who Decided to Go for It (2021) (TMDb: 776526) |
[2022-11-17 00:04:44,881] [builder.py:2321]           [INFO]     | Best of 2021 Collection | ? | The Reason I Jump (2020) (TMDb: 653758)                              |
[2022-11-17 00:04:44,895] [builder.py:2321]           [INFO]     | Best of 2021 Collection | ? | Passing (2021) (TMDb: 541524)                                        |
[2022-11-17 00:04:44,906] [builder.py:2321]           [INFO]     | Best of 2021 Collection | ? | No Time to Die (2021) (TMDb: 370172)                                 |
[2022-11-17 00:04:44,919] [builder.py:2321]           [INFO]     | Best of 2021 Collection | ? | Stray (2021) (TMDb: 684697)                                          |
[2022-11-17 00:04:44,930] [builder.py:2321]           [INFO]     | Best of 2021 Collection | ? | Street Gang: How We Got to Sesame Street (2021) (TMDb: 476044)       |
[2022-11-17 00:04:44,943] [builder.py:2321]           [INFO]     | Best of 2021 Collection | ? | Herself (2020) (TMDb: 653708)                                        |
[2022-11-17 00:04:44,955] [builder.py:2321]           [INFO]     | Best of 2021 Collection | ? | Test Pattern (2021) (TMDb: 637254)                                   |
[2022-11-17 00:04:44,967] [builder.py:2321]           [INFO]     | Best of 2021 Collection | ? | In the Same Breath (2021) (TMDb: 776518)                             |
[2022-11-17 00:04:44,979] [builder.py:2321]           [INFO]     | Best of 2021 Collection | ? | Plan B (2021) (TMDb: 743599)                                         |
[2022-11-17 00:04:44,990] [builder.py:2321]           [INFO]     | Best of 2021 Collection | ? | The Humans (2021) (TMDb: 588367)                                     |
[2022-11-17 00:04:45,000] [builder.py:2321]           [INFO]     | Best of 2021 Collection | ? | Prayers for the Stolen (2021) (TMDb: 670981)                         |
[2022-11-17 00:04:45,017] [builder.py:2321]           [INFO]     | Best of 2021 Collection | ? | Belfast (2021) (TMDb: 777270)                                        |
[2022-11-17 00:04:45,027] [builder.py:2321]           [INFO]     | Best of 2021 Collection | ? | Limbo (2021) (TMDb: 554371)                                          |
[2022-11-17 00:04:45,038] [builder.py:2321]           [INFO]     | Best of 2021 Collection | ? | Val (2021) (TMDb: 834027)                                            |
[2022-11-17 00:04:45,048] [builder.py:2321]           [INFO]     | Best of 2021 Collection | ? | Rose Plays Julie (2021) (TMDb: 589820)                               |
[2022-11-17 00:04:45,059] [builder.py:2321]           [INFO]     | Best of 2021 Collection | ? | Lapsis (2021) (TMDb: 665888)                                         |
[2022-11-17 00:04:45,071] [builder.py:2321]           [INFO]     | Best of 2021 Collection | ? | Encanto (2021) (TMDb: 568124)                                        |
[2022-11-17 00:04:45,073] [builder.py:2321]           [INFO]     | Best of 2021 Collection | ? | Dear Comrades! (2020) (TMDb: 587609)                                 |
[2022-11-17 00:04:45,089] [builder.py:2321]           [INFO]     | Best of 2021 Collection | ? | The Souvenir: Part II (2021) (TMDb: 473021)                          |
[2022-11-17 00:04:45,101] [builder.py:2321]           [INFO]     | Best of 2021 Collection | ? | The Killing of Two Lovers (2021) (TMDb: 653712)                      |
[2022-11-17 00:04:45,113] [builder.py:2321]           [INFO]     | Best of 2021 Collection | ? | Mogul Mowgli (2020) (TMDb: 665764)                                   |
[2022-11-17 00:04:45,126] [builder.py:2321]           [INFO]     | Best of 2021 Collection | ? | Titane (2021) (TMDb: 630240)                                         |
[2022-11-17 00:04:45,137] [builder.py:2321]           [INFO]     | Best of 2021 Collection | ? | Candyman (2021) (TMDb: 565028)                                       |
[2022-11-17 00:04:45,149] [builder.py:2321]           [INFO]     | Best of 2021 Collection | ? | Supernova (2020) (TMDb: 642208)                                      |
[2022-11-17 00:04:45,160] [builder.py:2321]           [INFO]     | Best of 2021 Collection | ? | The Old Ways (2020) (TMDb: 752505)                                   |
[2022-11-17 00:04:45,172] [builder.py:2321]           [INFO]     | Best of 2021 Collection | ? | Roadrunner: A Film About Anthony Bourdain (2021) (TMDb: 642732)      |
[2022-11-17 00:04:45,183] [builder.py:2321]           [INFO]     | Best of 2021 Collection | ? | El Planeta (2021) (TMDb: 776536)                                     |
[2022-11-17 00:04:45,194] [builder.py:2321]           [INFO]     | Best of 2021 Collection | ? | Old Henry (2021) (TMDb: 785663)                                      |
[2022-11-17 00:04:45,205] [builder.py:2321]           [INFO]     | Best of 2021 Collection | ? | Zola (2020) (TMDb: 539565)                                           |
[2022-11-17 00:04:45,216] [builder.py:2321]           [INFO]     | Best of 2021 Collection | ? | Some Kind of Heaven (2021) (TMDb: 638741)                            |
[2022-11-17 00:04:45,226] [builder.py:2321]           [INFO]     | Best of 2021 Collection | ? | The Beta Test (2021) (TMDb: 749645)                                  |
[2022-11-17 00:04:45,237] [builder.py:2321]           [INFO]     | Best of 2021 Collection | ? | Never Gonna Snow Again (2020) (TMDb: 726151)                         |
[2022-11-17 00:04:45,238] [builder.py:2326]           [INFO]     |                                                                                                    |
[2022-11-17 00:04:45,238] [builder.py:2327]           [INFO]     | 97 Movies Missing                                                                                  |
[2022-11-17 00:04:45,561] [plex_meta_manager.py:652]  [INFO]     |                                                                                                    |
[2022-11-17 00:04:45,561] [plex_meta_manager.py:653]  [INFO]     | Collection Minimum: 2 not met for Best of 2021 Collection                                          |
[2022-11-17 00:04:45,561] [plex_meta_manager.py:736]  [INFO]     |                                                                                                    |
[2022-11-17 00:04:45,562] [plex_meta_manager.py:737]  [INFO]     |====================================================================================================|
[2022-11-17 00:04:45,562] [plex_meta_manager.py:737]  [INFO]     |                                  Finished Best of 2021 Collection                                  |
[2022-11-17 00:04:45,562] [plex_meta_manager.py:737]  [INFO]     |                                    Collection Run Time: 0:00:01                                    |
[2022-11-17 00:04:45,562] [plex_meta_manager.py:737]  [INFO]     |====================================================================================================|
