[2022-11-17 02:21:46,471] [builder.py:193]            [INFO]     |====================================================================================================|
[2022-11-17 02:21:46,471] [builder.py:193]            [INFO]     |                                 Emmys 1988 Collection in TV Shows                                  |
[2022-11-17 02:21:46,471] [builder.py:193]            [INFO]     |====================================================================================================|
[2022-11-17 02:21:46,472] [builder.py:194]            [INFO]     |                                                                                                    |
[2022-11-17 02:21:46,472] [builder.py:199]            [INFO]     |================================ Building Definition From Templates ================================|
[2022-11-17 02:21:46,472] [builder.py:215]            [DEBUG]    |                                                                                                    |
[2022-11-17 02:21:46,472] [meta.py:210]               [DEBUG]    |================================== Template use_year_collections ===================================|
[2022-11-17 02:21:46,473] [meta.py:451]               [DEBUG]    |                                                                                                    |
[2022-11-17 02:21:46,474] [meta.py:210]               [DEBUG]    |========================================== Template imdb ===========================================|
[2022-11-17 02:21:46,475] [meta.py:451]               [DEBUG]    |                                                                                                    |
[2022-11-17 02:21:46,477] [meta.py:210]               [DEBUG]    |========================================= Template shared ==========================================|
[2022-11-17 02:21:46,477] [meta.py:451]               [DEBUG]    |                                                                                                    |
[2022-11-17 02:21:46,492] [meta.py:210]               [DEBUG]    |=========================================== Template arr ===========================================|
[2022-11-17 02:21:46,494] [meta.py:451]               [DEBUG]    |                                                                                                    |
[2022-11-17 02:21:46,502] [meta.py:210]               [DEBUG]    |========================================= Template custom ==========================================|
[2022-11-17 02:21:46,503] [meta.py:451]               [DEBUG]    |                                                                                                    |
[2022-11-17 02:21:46,508] [meta.py:512]               [DEBUG]    |                                                                                                    |
[2022-11-17 02:21:46,509] [meta.py:513]               [DEBUG]    |==================================== Final Template Attributes =====================================|
[2022-11-17 02:21:46,509] [meta.py:514]               [DEBUG]    |                                                                                                    |
[2022-11-17 02:21:46,509] [meta.py:515]               [DEBUG]    | {'imdb_list': 'https://www.imdb.com/search/title/?release_date=1988-01-01,1988-12-31&groups=emmy_winner&sort=moviemeter,asc', 'ignore_blank_results': True, 'collection_mode': 'hide', 'sort_title': '!16_Emmys 1988', 'url_poster': 'https://raw.githubusercontent.com/meisnate12/Plex-Meta-Manager-Images/master/award/emmys/winner/1988.jpg', 'collection_order': 'custom', 'sync_mode': 'sync', 'cache_builders': 1} |
[2022-11-17 02:21:46,509] [meta.py:516]               [DEBUG]    |                                                                                                    |
[2022-11-17 02:21:46,509] [builder.py:223]            [INFO]     |================================= Validating Emmys 1988 Attributes =================================|
[2022-11-17 02:21:46,509] [builder.py:502]            [DEBUG]    |                                                                                                    |
[2022-11-17 02:21:46,509] [builder.py:503]            [DEBUG]    | Validating Method: ignore_blank_results                                                            |
[2022-11-17 02:21:46,509] [builder.py:504]            [DEBUG]    | Value: True                                                                                        |
[2022-11-17 02:21:46,510] [builder.py:516]            [DEBUG]    |                                                                                                    |
[2022-11-17 02:21:46,510] [builder.py:517]            [DEBUG]    | Validating Method: sync_mode                                                                       |
[2022-11-17 02:21:46,510] [builder.py:521]            [DEBUG]    | Value: sync                                                                                        |
[2022-11-17 02:21:46,510] [builder.py:613]            [DEBUG]    |                                                                                                    |
[2022-11-17 02:21:46,510] [builder.py:614]            [DEBUG]    | Validating Method: collection_order                                                                |
[2022-11-17 02:21:46,510] [builder.py:615]            [DEBUG]    | Value: custom                                                                                      |
[2022-11-17 02:21:46,510] [builder.py:646]            [DEBUG]    |                                                                                                    |
[2022-11-17 02:21:46,510] [builder.py:650]            [DEBUG]    | Validating Method: label                                                                           |
[2022-11-17 02:21:46,510] [builder.py:651]            [DEBUG]    | Value: Emmy Awards                                                                                 |
[2022-11-17 02:21:46,510] [builder.py:646]            [DEBUG]    |                                                                                                    |
[2022-11-17 02:21:46,511] [builder.py:650]            [DEBUG]    | Validating Method: imdb_list                                                                       |
[2022-11-17 02:21:46,511] [builder.py:651]            [DEBUG]    | Value: https://www.imdb.com/search/title/?release_date=1988-01-01,1988-12-31&groups=emmy_winner&sort=moviemeter,asc |
[2022-11-17 02:21:47,293] [builder.py:646]            [DEBUG]    |                                                                                                    |
[2022-11-17 02:21:47,294] [builder.py:650]            [DEBUG]    | Validating Method: collection_mode                                                                 |
[2022-11-17 02:21:47,294] [builder.py:651]            [DEBUG]    | Value: hide                                                                                        |
[2022-11-17 02:21:47,295] [builder.py:646]            [DEBUG]    |                                                                                                    |
[2022-11-17 02:21:47,295] [builder.py:650]            [DEBUG]    | Validating Method: sort_title                                                                      |
[2022-11-17 02:21:47,295] [builder.py:651]            [DEBUG]    | Value: !16_Emmys 1988                                                                              |
[2022-11-17 02:21:47,295] [builder.py:646]            [DEBUG]    |                                                                                                    |
[2022-11-17 02:21:47,295] [builder.py:650]            [DEBUG]    | Validating Method: url_poster                                                                      |
[2022-11-17 02:21:47,295] [builder.py:651]            [DEBUG]    | Value: https://raw.githubusercontent.com/meisnate12/Plex-Meta-Manager-Images/master/award/emmys/winner/1988.jpg |
[2022-11-17 02:21:47,438] [builder.py:646]            [DEBUG]    |                                                                                                    |
[2022-11-17 02:21:47,438] [builder.py:650]            [DEBUG]    | Validating Method: cache_builders                                                                  |
[2022-11-17 02:21:47,439] [builder.py:651]            [DEBUG]    | Value: 1                                                                                           |
[2022-11-17 02:21:47,462] [plex.py:835]               [DEBUG]    |                                                                                                    |
[2022-11-17 02:21:47,463] [plex.py:838]               [DEBUG]    | Looking for: Emmys 1988                                                                            |
[2022-11-17 02:21:47,463] [builder.py:814]            [INFO]     |                                                                                                    |
[2022-11-17 02:21:47,466] [builder.py:815]            [INFO]     | Validation Successful                                                                              |
[2022-11-17 02:21:47,469] [plex_meta_manager.py:594]  [INFO]     |                                                                                                    |
[2022-11-17 02:21:47,469] [plex_meta_manager.py:596]  [INFO]     |================================== Running Emmys 1988 Collection ===================================|
[2022-11-17 02:21:47,472] [plex_meta_manager.py:608]  [INFO]     |                                                                                                    |
[2022-11-17 02:21:47,475] [plex_meta_manager.py:609]  [INFO]     | Sync Mode: sync                                                                                    |
[2022-11-17 02:21:47,475] [plex_meta_manager.py:612]  [DEBUG]    |                                                                                                    |
[2022-11-17 02:21:47,477] [plex_meta_manager.py:613]  [DEBUG]    | Builder: imdb_list: {'url': 'https://www.imdb.com/search/title/?release_date=1988-01-01,1988-12-31&groups=emmy_winner&sort=moviemeter,asc', 'limit': 0} |
[2022-11-17 02:21:47,479] [plex_meta_manager.py:614]  [INFO]     |                                                                                                    |
[2022-11-17 02:21:47,489] [imdb.py:202]               [INFO]     | Processing IMDb List: https://www.imdb.com/search/title/?release_date=1988-01-01,1988-12-31&groups=emmy_winner&sort=moviemeter,asc |
[2022-11-17 02:21:50,000] [builder.py:1574]           [DEBUG]    |                                                                                                    |
[2022-11-17 02:21:50,001] [builder.py:1575]           [DEBUG]    | 39 IDs Found                                                                                       |
[2022-11-17 02:21:50,001] [builder.py:1577]           [DEBUG]    |                                                                                                    |
[2022-11-17 02:21:50,157] [builder.py:1637]           [WARNING]  | Convert Error: No TMDb ID Found for IMDb ID: tt0353139                                             |
[2022-11-17 02:21:50,171] [builder.py:1637]           [WARNING]  | Convert Error: No TVDb ID Found for TMDb ID: 17364                                                 |
[2022-11-17 02:21:50,456] [builder.py:1637]           [WARNING]  | Convert Error: No TMDb ID Found for IMDb ID: tt0319672                                             |
[2022-11-17 02:21:50,486] [builder.py:1637]           [WARNING]  | Convert Error: No TMDb ID Found for IMDb ID: tt0419400                                             |
[2022-11-17 02:21:50,502] [builder.py:1637]           [WARNING]  | Convert Error: No TVDb ID Found for TMDb ID: 47531                                                 |
[2022-11-17 02:21:50,513] [builder.py:1637]           [WARNING]  | Convert Error: No TMDb ID Found for IMDb ID: tt0316017                                             |
[2022-11-17 02:21:50,534] [builder.py:1637]           [WARNING]  | Convert Error: No TMDb ID Found for IMDb ID: tt0357805                                             |
[2022-11-17 02:21:50,638] [builder.py:1637]           [WARNING]  | Convert Error: No TMDb ID Found for IMDb ID: tt1201988                                             |
[2022-11-17 02:21:50,661] [builder.py:1637]           [WARNING]  | Convert Error: No TMDb ID Found for IMDb ID: tt0486076                                             |
[2022-11-17 02:21:50,831] [builder.py:1637]           [WARNING]  | Convert Error: No TVDb ID Found for TMDb ID: 26433                                                 |
[2022-11-17 02:21:50,836] [plex_meta_manager.py:711]  [WARNING]  | Collection Warning: No items found                                                                 |
[2022-11-17 02:21:50,837] [plex_meta_manager.py:736]  [INFO]     |                                                                                                    |
[2022-11-17 02:21:50,837] [plex_meta_manager.py:737]  [INFO]     |====================================================================================================|
[2022-11-17 02:21:50,837] [plex_meta_manager.py:737]  [INFO]     |                                   Finished Emmys 1988 Collection                                   |
[2022-11-17 02:21:50,838] [plex_meta_manager.py:737]  [INFO]     |                                    Collection Run Time: 0:00:04                                    |
[2022-11-17 02:21:50,838] [plex_meta_manager.py:737]  [INFO]     |====================================================================================================|
