[2022-11-16 23:43:00,439] [builder.py:193]            [INFO]     |====================================================================================================|
[2022-11-16 23:43:00,439] [builder.py:193]            [INFO]     |                            Oscars Winners 2021 Collection in New Movies                            |
[2022-11-16 23:43:00,439] [builder.py:193]            [INFO]     |====================================================================================================|
[2022-11-16 23:43:00,439] [builder.py:194]            [INFO]     |                                                                                                    |
[2022-11-16 23:43:00,440] [builder.py:199]            [INFO]     |================================ Building Definition From Templates ================================|
[2022-11-16 23:43:00,440] [builder.py:215]            [DEBUG]    |                                                                                                    |
[2022-11-16 23:43:00,440] [meta.py:210]               [DEBUG]    |================================== Template use_year_collections ===================================|
[2022-11-16 23:43:00,440] [meta.py:451]               [DEBUG]    |                                                                                                    |
[2022-11-16 23:43:00,442] [meta.py:210]               [DEBUG]    |========================================== Template imdb ===========================================|
[2022-11-16 23:43:00,442] [meta.py:451]               [DEBUG]    |                                                                                                    |
[2022-11-16 23:43:00,445] [meta.py:210]               [DEBUG]    |======================================= Template translation =======================================|
[2022-11-16 23:43:00,445] [meta.py:451]               [DEBUG]    |                                                                                                    |
[2022-11-16 23:43:00,449] [meta.py:210]               [DEBUG]    |========================================= Template shared ==========================================|
[2022-11-16 23:43:00,450] [meta.py:451]               [DEBUG]    |                                                                                                    |
[2022-11-16 23:43:00,470] [meta.py:210]               [DEBUG]    |=========================================== Template arr ===========================================|
[2022-11-16 23:43:00,471] [meta.py:451]               [DEBUG]    |                                                                                                    |
[2022-11-16 23:43:00,481] [meta.py:210]               [DEBUG]    |========================================= Template custom ==========================================|
[2022-11-16 23:43:00,481] [meta.py:451]               [DEBUG]    |                                                                                                    |
[2022-11-16 23:43:00,487] [meta.py:512]               [DEBUG]    |                                                                                                    |
[2022-11-16 23:43:00,488] [meta.py:513]               [DEBUG]    |==================================== Final Template Attributes =====================================|
[2022-11-16 23:43:00,488] [meta.py:514]               [DEBUG]    |                                                                                                    |
[2022-11-16 23:43:00,488] [meta.py:515]               [DEBUG]    | {'imdb_list': 'https://www.imdb.com/search/title/?release_date=2021-01-01,2021-12-31&groups=oscar_winner&sort=moviemeter,asc', 'summary': 'Academy Awards (Oscars) Winners for 2021.', 'name': 'Oscars Winners 2021', 'allowed_library_types': ['movie'], 'ignore_blank_results': True, 'collection_mode': 'hide', 'sort_title': '!16_Oscars Winners 2021', 'url_poster': 'https://raw.githubusercontent.com/meisnate12/Plex-Meta-Manager-Images/master/award/oscars/winner/2021.jpg', 'collection_order': 'custom', 'sync_mode': 'sync', 'cache_builders': 1} |
[2022-11-16 23:43:00,488] [meta.py:516]               [DEBUG]    |                                                                                                    |
[2022-11-16 23:43:00,488] [builder.py:223]            [INFO]     |============================ Validating Oscars Winners 2021 Attributes =============================|
[2022-11-16 23:43:00,488] [builder.py:226]            [DEBUG]    |                                                                                                    |
[2022-11-16 23:43:00,488] [builder.py:227]            [DEBUG]    | Validating Method: name                                                                            |
[2022-11-16 23:43:00,488] [builder.py:230]            [DEBUG]    | Value: Oscars Winners 2021                                                                         |
[2022-11-16 23:43:00,488] [builder.py:236]            [DEBUG]    |                                                                                                    |
[2022-11-16 23:43:00,489] [builder.py:237]            [DEBUG]    | Validating Method: allowed_library_types                                                           |
[2022-11-16 23:43:00,489] [builder.py:240]            [DEBUG]    | Value: ['movie']                                                                                   |
[2022-11-16 23:43:00,489] [builder.py:502]            [DEBUG]    |                                                                                                    |
[2022-11-16 23:43:00,489] [builder.py:503]            [DEBUG]    | Validating Method: ignore_blank_results                                                            |
[2022-11-16 23:43:00,489] [builder.py:504]            [DEBUG]    | Value: True                                                                                        |
[2022-11-16 23:43:00,489] [builder.py:516]            [DEBUG]    |                                                                                                    |
[2022-11-16 23:43:00,489] [builder.py:517]            [DEBUG]    | Validating Method: sync_mode                                                                       |
[2022-11-16 23:43:00,489] [builder.py:521]            [DEBUG]    | Value: sync                                                                                        |
[2022-11-16 23:43:00,489] [builder.py:613]            [DEBUG]    |                                                                                                    |
[2022-11-16 23:43:00,489] [builder.py:614]            [DEBUG]    | Validating Method: collection_order                                                                |
[2022-11-16 23:43:00,489] [builder.py:615]            [DEBUG]    | Value: custom                                                                                      |
[2022-11-16 23:43:00,490] [builder.py:646]            [DEBUG]    |                                                                                                    |
[2022-11-16 23:43:00,490] [builder.py:650]            [DEBUG]    | Validating Method: label                                                                           |
[2022-11-16 23:43:00,490] [builder.py:651]            [DEBUG]    | Value: Oscars Winners Awards                                                                       |
[2022-11-16 23:43:00,490] [builder.py:646]            [DEBUG]    |                                                                                                    |
[2022-11-16 23:43:00,490] [builder.py:650]            [DEBUG]    | Validating Method: imdb_list                                                                       |
[2022-11-16 23:43:00,490] [builder.py:651]            [DEBUG]    | Value: https://www.imdb.com/search/title/?release_date=2021-01-01,2021-12-31&groups=oscar_winner&sort=moviemeter,asc |
[2022-11-16 23:43:00,664] [builder.py:646]            [DEBUG]    |                                                                                                    |
[2022-11-16 23:43:00,665] [builder.py:650]            [DEBUG]    | Validating Method: summary                                                                         |
[2022-11-16 23:43:00,666] [builder.py:651]            [DEBUG]    | Value: Academy Awards (Oscars) Winners for 2021.                                                   |
[2022-11-16 23:43:00,666] [builder.py:646]            [DEBUG]    |                                                                                                    |
[2022-11-16 23:43:00,666] [builder.py:650]            [DEBUG]    | Validating Method: collection_mode                                                                 |
[2022-11-16 23:43:00,666] [builder.py:651]            [DEBUG]    | Value: hide                                                                                        |
[2022-11-16 23:43:00,666] [builder.py:646]            [DEBUG]    |                                                                                                    |
[2022-11-16 23:43:00,666] [builder.py:650]            [DEBUG]    | Validating Method: sort_title                                                                      |
[2022-11-16 23:43:00,666] [builder.py:651]            [DEBUG]    | Value: !16_Oscars Winners 2021                                                                     |
[2022-11-16 23:43:00,666] [builder.py:646]            [DEBUG]    |                                                                                                    |
[2022-11-16 23:43:00,666] [builder.py:650]            [DEBUG]    | Validating Method: url_poster                                                                      |
[2022-11-16 23:43:00,667] [builder.py:651]            [DEBUG]    | Value: https://raw.githubusercontent.com/meisnate12/Plex-Meta-Manager-Images/master/award/oscars/winner/2021.jpg |
[2022-11-16 23:43:00,768] [builder.py:646]            [DEBUG]    |                                                                                                    |
[2022-11-16 23:43:00,768] [builder.py:650]            [DEBUG]    | Validating Method: cache_builders                                                                  |
[2022-11-16 23:43:00,768] [builder.py:651]            [DEBUG]    | Value: 1                                                                                           |
[2022-11-16 23:43:00,778] [plex.py:835]               [DEBUG]    |                                                                                                    |
[2022-11-16 23:43:00,778] [plex.py:838]               [DEBUG]    | Looking for: Oscars Winners 2021                                                                   |
[2022-11-16 23:43:00,778] [builder.py:814]            [INFO]     |                                                                                                    |
[2022-11-16 23:43:00,779] [builder.py:815]            [INFO]     | Validation Successful                                                                              |
[2022-11-16 23:43:00,779] [plex_meta_manager.py:594]  [INFO]     |                                                                                                    |
[2022-11-16 23:43:00,779] [plex_meta_manager.py:596]  [INFO]     |============================== Running Oscars Winners 2021 Collection ==============================|
[2022-11-16 23:43:00,779] [plex_meta_manager.py:608]  [INFO]     |                                                                                                    |
[2022-11-16 23:43:00,780] [plex_meta_manager.py:609]  [INFO]     | Sync Mode: sync                                                                                    |
[2022-11-16 23:43:00,780] [plex_meta_manager.py:612]  [DEBUG]    |                                                                                                    |
[2022-11-16 23:43:00,780] [plex_meta_manager.py:613]  [DEBUG]    | Builder: imdb_list: {'url': 'https://www.imdb.com/search/title/?release_date=2021-01-01,2021-12-31&groups=oscar_winner&sort=moviemeter,asc', 'limit': 0} |
[2022-11-16 23:43:00,780] [plex_meta_manager.py:614]  [INFO]     |                                                                                                    |
[2022-11-16 23:43:00,781] [builder.py:1523]           [INFO]     | Builder: imdb_list loaded from Cache                                                               |
[2022-11-16 23:43:00,787] [builder.py:1574]           [DEBUG]    |                                                                                                    |
[2022-11-16 23:43:00,788] [builder.py:1575]           [DEBUG]    | 15 IDs Found                                                                                       |
[2022-11-16 23:43:00,789] [builder.py:1577]           [DEBUG]    |                                                                                                    |
[2022-11-16 23:43:00,805] [builder.py:2306]           [INFO]     |                                                                                                    |
[2022-11-16 23:43:00,805] [builder.py:2307]           [INFO]     |============================= Missing Movies from Library: New Movies ==============================|
[2022-11-16 23:43:00,806] [builder.py:2308]           [INFO]     |                                                                                                    |
[2022-11-16 23:43:00,819] [builder.py:2321]           [INFO]     | Oscars Winners 2021 Collection | ? | Dune (2021) (TMDb: 438631)                                    |
[2022-11-16 23:43:00,833] [builder.py:2321]           [INFO]     | Oscars Winners 2021 Collection | ? | No Time to Die (2021) (TMDb: 370172)                          |
[2022-11-16 23:43:00,848] [builder.py:2321]           [INFO]     | Oscars Winners 2021 Collection | ? | Encanto (2021) (TMDb: 568124)                                 |
[2022-11-16 23:43:00,861] [builder.py:2321]           [INFO]     | Oscars Winners 2021 Collection | ? | The Power of the Dog (2021) (TMDb: 600583)                    |
[2022-11-16 23:43:00,891] [builder.py:2321]           [INFO]     | Oscars Winners 2021 Collection | ? | CODA (2021) (TMDb: 776503)                                    |
[2022-11-16 23:43:00,903] [builder.py:2321]           [INFO]     | Oscars Winners 2021 Collection | ? | Belfast (2021) (TMDb: 777270)                                 |
[2022-11-16 23:43:00,914] [builder.py:2321]           [INFO]     | Oscars Winners 2021 Collection | ? | Cruella (2021) (TMDb: 337404)                                 |
[2022-11-16 23:43:00,925] [builder.py:2321]           [INFO]     | Oscars Winners 2021 Collection | ? | King Richard (2021) (TMDb: 614917)                            |
[2022-11-16 23:43:00,938] [builder.py:2321]           [INFO]     | Oscars Winners 2021 Collection | ? | Drive My Car (2021) (TMDb: 758866)                            |
[2022-11-16 23:43:00,952] [builder.py:2321]           [INFO]     | Oscars Winners 2021 Collection | ? | The Eyes of Tammy Faye (2021) (TMDb: 601470)                  |
[2022-11-16 23:43:00,962] [builder.py:2321]           [INFO]     | Oscars Winners 2021 Collection | ? | Judas and the Black Messiah (2021) (TMDb: 583406)             |
[2022-11-16 23:43:00,978] [builder.py:2321]           [INFO]     | Oscars Winners 2021 Collection | ? | Summer of Soul (...Or, When the Revolution Could Not Be Televised) (2021) (TMDb: 776527) |
[2022-11-16 23:43:01,001] [builder.py:2321]           [INFO]     | Oscars Winners 2021 Collection | ? | The Queen of Basketball (2021) (TMDb: 822582)                 |
[2022-11-16 23:43:01,014] [builder.py:2321]           [INFO]     | Oscars Winners 2021 Collection | ? | The Windshield Wiper (2021) (TMDb: 601329)                    |
[2022-11-16 23:43:01,015] [builder.py:2326]           [INFO]     |                                                                                                    |
[2022-11-16 23:43:01,015] [builder.py:2327]           [INFO]     | 14 Movies Missing                                                                                  |
[2022-11-16 23:43:04,704] [plex_meta_manager.py:652]  [INFO]     |                                                                                                    |
[2022-11-16 23:43:04,704] [plex_meta_manager.py:653]  [INFO]     | Collection Minimum: 2 not met for Oscars Winners 2021 Collection                                   |
[2022-11-16 23:43:04,704] [plex_meta_manager.py:736]  [INFO]     |                                                                                                    |
[2022-11-16 23:43:04,704] [plex_meta_manager.py:737]  [INFO]     |====================================================================================================|
[2022-11-16 23:43:04,704] [plex_meta_manager.py:737]  [INFO]     |                              Finished Oscars Winners 2021 Collection                               |
[2022-11-16 23:43:04,705] [plex_meta_manager.py:737]  [INFO]     |                                    Collection Run Time: 0:00:04                                    |
[2022-11-16 23:43:04,705] [plex_meta_manager.py:737]  [INFO]     |====================================================================================================|
