[2022-11-16 18:56:11,757] [builder.py:193]            [INFO]     |====================================================================================================|
[2022-11-16 18:56:11,757] [builder.py:193]            [INFO]     |                       Marlon Wayans (Writer) Collection in Halloween Movies                        |
[2022-11-16 18:56:11,758] [builder.py:193]            [INFO]     |====================================================================================================|
[2022-11-16 18:56:11,758] [builder.py:194]            [INFO]     |                                                                                                    |
[2022-11-16 18:56:11,758] [builder.py:199]            [INFO]     |================================ Building Definition From Templates ================================|
[2022-11-16 18:56:11,758] [builder.py:215]            [DEBUG]    |                                                                                                    |
[2022-11-16 18:56:11,759] [meta.py:210]               [DEBUG]    |====================================== Template smart_filter =======================================|
[2022-11-16 18:56:11,759] [meta.py:451]               [DEBUG]    |                                                                                                    |
[2022-11-16 18:56:11,767] [meta.py:210]               [DEBUG]    |======================================= Template translation =======================================|
[2022-11-16 18:56:11,769] [meta.py:451]               [DEBUG]    |                                                                                                    |
[2022-11-16 18:56:11,773] [meta.py:210]               [DEBUG]    |========================================= Template shared ==========================================|
[2022-11-16 18:56:11,775] [meta.py:451]               [DEBUG]    |                                                                                                    |
[2022-11-16 18:56:11,792] [meta.py:512]               [DEBUG]    |                                                                                                    |
[2022-11-16 18:56:11,792] [meta.py:513]               [DEBUG]    |==================================== Final Template Attributes =====================================|
[2022-11-16 18:56:11,792] [meta.py:514]               [DEBUG]    |                                                                                                    |
[2022-11-16 18:56:11,792] [meta.py:515]               [DEBUG]    | {'tmdb_person': ['Marlon Wayans'], 'smart_filter': {'sort_by': 'title.asc', 'any': {'writer': 'tmdb'}}, 'summary': 'Movies written by Marlon Wayans.', 'name': 'Marlon Wayans (Writer)', 'ignore_blank_results': True, 'collection_mode': 'hide', 'sort_title': '!20_Marlon Wayans (Writer)', 'url_poster': 'https://raw.githubusercontent.com/meisnate12/Plex-Meta-Manager-Images/master/people/rainier/Marlon%20Wayans.jpg'} |
[2022-11-16 18:56:11,792] [meta.py:516]               [DEBUG]    |                                                                                                    |
[2022-11-16 18:56:11,792] [builder.py:223]            [INFO]     |=========================== Validating Marlon Wayans (Writer) Attributes ===========================|
[2022-11-16 18:56:11,792] [builder.py:226]            [DEBUG]    |                                                                                                    |
[2022-11-16 18:56:11,793] [builder.py:227]            [DEBUG]    | Validating Method: name                                                                            |
[2022-11-16 18:56:11,793] [builder.py:230]            [DEBUG]    | Value: Marlon Wayans (Writer)                                                                      |
[2022-11-16 18:56:11,793] [builder.py:502]            [DEBUG]    |                                                                                                    |
[2022-11-16 18:56:11,793] [builder.py:503]            [DEBUG]    | Validating Method: ignore_blank_results                                                            |
[2022-11-16 18:56:11,793] [builder.py:504]            [DEBUG]    | Value: True                                                                                        |
[2022-11-16 18:56:11,793] [builder.py:528]            [DEBUG]    |                                                                                                    |
[2022-11-16 18:56:11,793] [builder.py:529]            [DEBUG]    | Validating Method: tmdb_person                                                                     |
[2022-11-16 18:56:11,793] [builder.py:533]            [DEBUG]    | Value: ['Marlon Wayans']                                                                           |
[2022-11-16 18:56:11,872] [builder.py:1784]           [INFO]     |                                                                                                    |
[2022-11-16 18:56:11,873] [builder.py:1785]           [INFO]     | Validating Method: smart_filter                                                                    |
[2022-11-16 18:56:11,873] [builder.py:1791]           [DEBUG]    | Value: {'sort_by': 'title.asc', 'any': {'writer': 'tmdb'}}                                         |
[2022-11-16 18:56:11,954] [builder.py:1978]           [DEBUG]    | Smart URL: ?type=1&sort=titleSort&push=1&writer=14462&pop=1                                        |
[2022-11-16 18:56:11,954] [builder.py:646]            [DEBUG]    |                                                                                                    |
[2022-11-16 18:56:11,954] [builder.py:650]            [DEBUG]    | Validating Method: label                                                                           |
[2022-11-16 18:56:11,954] [builder.py:651]            [DEBUG]    | Value: Top Writers                                                                                 |
[2022-11-16 18:56:11,954] [builder.py:646]            [DEBUG]    |                                                                                                    |
[2022-11-16 18:56:11,954] [builder.py:650]            [DEBUG]    | Validating Method: summary                                                                         |
[2022-11-16 18:56:11,955] [builder.py:651]            [DEBUG]    | Value: Movies written by Marlon Wayans.                                                            |
[2022-11-16 18:56:11,955] [builder.py:646]            [DEBUG]    |                                                                                                    |
[2022-11-16 18:56:11,955] [builder.py:650]            [DEBUG]    | Validating Method: collection_mode                                                                 |
[2022-11-16 18:56:11,955] [builder.py:651]            [DEBUG]    | Value: hide                                                                                        |
[2022-11-16 18:56:11,955] [builder.py:646]            [DEBUG]    |                                                                                                    |
[2022-11-16 18:56:11,955] [builder.py:650]            [DEBUG]    | Validating Method: sort_title                                                                      |
[2022-11-16 18:56:11,955] [builder.py:651]            [DEBUG]    | Value: !20_Marlon Wayans (Writer)                                                                  |
[2022-11-16 18:56:11,955] [builder.py:646]            [DEBUG]    |                                                                                                    |
[2022-11-16 18:56:11,955] [builder.py:650]            [DEBUG]    | Validating Method: url_poster                                                                      |
[2022-11-16 18:56:11,955] [builder.py:651]            [DEBUG]    | Value: https://raw.githubusercontent.com/meisnate12/Plex-Meta-Manager-Images/master/people/rainier/Marlon%20Wayans.jpg |
[2022-11-16 18:56:12,132] [builder.py:814]            [INFO]     |                                                                                                    |
[2022-11-16 18:56:12,133] [builder.py:815]            [INFO]     | Validation Successful                                                                              |
[2022-11-16 18:56:12,133] [plex_meta_manager.py:594]  [INFO]     |                                                                                                    |
[2022-11-16 18:56:12,133] [plex_meta_manager.py:596]  [INFO]     |============================ Running Marlon Wayans (Writer) Collection =============================|
[2022-11-16 18:56:12,133] [plex_meta_manager.py:602]  [INFO]     |                                                                                                    |
[2022-11-16 18:56:12,133] [plex_meta_manager.py:603]  [INFO]     | Smart Movie Filter                                                                                 |
                                                                 | Sort By: ['title.asc']
                                                                 | Filter:
                                                                 |   Match any of the following:
                                                                 |     Writer is Marlon Wayans
[2022-11-16 18:56:12,154] [builder.py:2527]           [INFO]     | 
[2022-11-16 18:56:12,155] [builder.py:2528]           [INFO]     |====================== Updating Details of Marlon Wayans (Writer) Collection =======================|
[2022-11-16 18:56:12,155] [builder.py:2529]           [INFO]     |                                                                                                    |
[2022-11-16 18:56:12,161] [builder.py:2595]           [INFO]     | Collection Metadata Edits                                                                          |
[2022-11-16 18:56:12,163] [util.py:174]               [DEBUG]    | 3 posters found:                                                                                   |
[2022-11-16 18:56:12,163] [util.py:176]               [DEBUG]    | Method: tmdb_person Poster: https://image.tmdb.org/t/p/original/7LYnX3vluHFBs1WCRKUjSIEDEkn.jpg    |
[2022-11-16 18:56:12,163] [util.py:176]               [DEBUG]    | Method: url_poster Poster: https://raw.githubusercontent.com/meisnate12/Plex-Meta-Manager-Images/master/people/rainier/Marlon%20Wayans.jpg |
[2022-11-16 18:56:12,163] [util.py:176]               [DEBUG]    | Method: asset_directory Poster: {'attribute': 'asset_directory', 'location': '/config/Halloween_Movies/Assets/Marlon Wayans (Writer)/poster.jpg', 'prefix': "Marlon Wayans (Writer)'s ", 'is_poster': True, 'is_url': False, 'compare': 599866, 'message': "Marlon Wayans (Writer)'s poster to [File] /config/Halloween_Movies/Assets/Marlon Wayans (Writer)/poster.jpg"} |
[2022-11-16 18:56:12,164] [library.py:180]            [INFO]     | Detail: Marlon Wayans (Writer)'s poster update not needed                                          |
[2022-11-16 18:56:12,180] [plex_meta_manager.py:736]  [INFO]     |                                                                                                    |
[2022-11-16 18:56:12,180] [plex_meta_manager.py:737]  [INFO]     |====================================================================================================|
[2022-11-16 18:56:12,180] [plex_meta_manager.py:737]  [INFO]     |                             Finished Marlon Wayans (Writer) Collection                             |
[2022-11-16 18:56:12,180] [plex_meta_manager.py:737]  [INFO]     |                                    Collection Run Time: 0:00:00                                    |
[2022-11-16 18:56:12,180] [plex_meta_manager.py:737]  [INFO]     |====================================================================================================|
