[2022-11-17 09:08:38,626] [builder.py:193]            [INFO]     |====================================================================================================|
[2022-11-17 09:08:38,627] [builder.py:193]            [INFO]     |                              Disaster Collection in Christmas Movies                               |
[2022-11-17 09:08:38,627] [builder.py:193]            [INFO]     |====================================================================================================|
[2022-11-17 09:08:38,627] [builder.py:194]            [INFO]     |                                                                                                    |
[2022-11-17 09:08:38,628] [builder.py:199]            [INFO]     |================================ Building Definition From Templates ================================|
[2022-11-17 09:08:38,628] [builder.py:215]            [DEBUG]    |                                                                                                    |
[2022-11-17 09:08:38,628] [meta.py:210]               [DEBUG]    |====================================== Template IMDB Keyword =======================================|
[2022-11-17 09:08:38,628] [meta.py:451]               [DEBUG]    |                                                                                                    |
[2022-11-17 09:08:38,630] [meta.py:512]               [DEBUG]    |                                                                                                    |
[2022-11-17 09:08:38,631] [meta.py:513]               [DEBUG]    |==================================== Final Template Attributes =====================================|
[2022-11-17 09:08:38,631] [meta.py:514]               [DEBUG]    |                                                                                                    |
[2022-11-17 09:08:38,635] [meta.py:515]               [DEBUG]    | {'url_poster': 'https://theposterdb.com/api/assets/213112', 'sort_title': '++++++++_Disaster', 'collection_mode': 'hide', 'collection_order': 'release.desc'} |
[2022-11-17 09:08:38,635] [meta.py:516]               [DEBUG]    |                                                                                                    |
[2022-11-17 09:08:38,636] [builder.py:223]            [INFO]     |================================== Validating Disaster Attributes ==================================|
[2022-11-17 09:08:38,636] [builder.py:613]            [DEBUG]    |                                                                                                    |
[2022-11-17 09:08:38,636] [builder.py:614]            [DEBUG]    | Validating Method: collection_order                                                                |
[2022-11-17 09:08:38,636] [builder.py:615]            [DEBUG]    | Value: release.desc                                                                                |
[2022-11-17 09:08:38,636] [builder.py:646]            [DEBUG]    |                                                                                                    |
[2022-11-17 09:08:38,637] [builder.py:650]            [DEBUG]    | Validating Method: imdb_list                                                                       |
[2022-11-17 09:08:38,637] [builder.py:651]            [DEBUG]    | Value: ['https://www.imdb.com/search/keyword/?title_type=movie&keywords=disaster-film']            |
[2022-11-17 09:08:39,867] [builder.py:646]            [DEBUG]    |                                                                                                    |
[2022-11-17 09:08:39,871] [builder.py:650]            [DEBUG]    | Validating Method: summary                                                                         |
[2022-11-17 09:08:39,871] [builder.py:651]            [DEBUG]    | Value: A disaster movie is a film genre that has an impending or ongoing disaster as its subject and primary plot device. Such disasters may include natural disasters, accidents, military/terrorist attacks or global catastrophes such as a pandemic. |
[2022-11-17 09:08:39,872] [builder.py:646]            [DEBUG]    |                                                                                                    |
[2022-11-17 09:08:39,873] [builder.py:650]            [DEBUG]    | Validating Method: url_poster                                                                      |
[2022-11-17 09:08:39,874] [builder.py:651]            [DEBUG]    | Value: https://theposterdb.com/api/assets/213112                                                   |
[2022-11-17 09:08:40,612] [builder.py:646]            [DEBUG]    |                                                                                                    |
[2022-11-17 09:08:40,613] [builder.py:650]            [DEBUG]    | Validating Method: sort_title                                                                      |
[2022-11-17 09:08:40,614] [builder.py:651]            [DEBUG]    | Value: ++++++++_Disaster                                                                           |
[2022-11-17 09:08:40,614] [builder.py:646]            [DEBUG]    |                                                                                                    |
[2022-11-17 09:08:40,614] [builder.py:650]            [DEBUG]    | Validating Method: collection_mode                                                                 |
[2022-11-17 09:08:40,615] [builder.py:651]            [DEBUG]    | Value: hide                                                                                        |
[2022-11-17 09:08:40,621] [plex.py:835]               [DEBUG]    |                                                                                                    |
[2022-11-17 09:08:40,623] [plex.py:838]               [DEBUG]    | Looking for: Disaster                                                                              |
[2022-11-17 09:08:40,624] [builder.py:814]            [INFO]     |                                                                                                    |
[2022-11-17 09:08:40,624] [builder.py:815]            [INFO]     | Validation Successful                                                                              |
[2022-11-17 09:08:40,624] [plex_meta_manager.py:594]  [INFO]     |                                                                                                    |
[2022-11-17 09:08:40,625] [plex_meta_manager.py:596]  [INFO]     |=================================== Running Disaster Collection ====================================|
[2022-11-17 09:08:40,625] [plex_meta_manager.py:608]  [INFO]     |                                                                                                    |
[2022-11-17 09:08:40,625] [plex_meta_manager.py:609]  [INFO]     | Sync Mode: append                                                                                  |
[2022-11-17 09:08:40,626] [plex_meta_manager.py:612]  [DEBUG]    |                                                                                                    |
[2022-11-17 09:08:40,626] [plex_meta_manager.py:613]  [DEBUG]    | Builder: imdb_list: {'url': 'https://www.imdb.com/search/keyword/?title_type=movie&keywords=disaster-film', 'limit': 0} |
[2022-11-17 09:08:40,626] [plex_meta_manager.py:614]  [INFO]     |                                                                                                    |
[2022-11-17 09:08:40,626] [imdb.py:202]               [INFO]     | Processing IMDb List: https://www.imdb.com/search/keyword/?title_type=movie&keywords=disaster-film |
[2022-11-17 09:08:58,331] [builder.py:1574]           [DEBUG]    |                                                                                                    |
[2022-11-17 09:08:58,331] [builder.py:1575]           [DEBUG]    | 242 IDs Found                                                                                      |
[2022-11-17 09:08:58,332] [builder.py:1577]           [DEBUG]    |                                                                                                    |
[2022-11-17 09:08:58,581] [builder.py:1637]           [WARNING]  | Convert Error: No TMDb ID Found for IMDb ID: tt22016156                                            |
[2022-11-17 09:08:58,774] [builder.py:1637]           [WARNING]  | Convert Error: No TMDb ID Found for IMDb ID: tt4534938                                             |
[2022-11-17 09:08:58,804] [builder.py:1637]           [WARNING]  | Convert Error: No TMDb ID Found for IMDb ID: tt10449310                                            |
[2022-11-17 09:08:58,833] [builder.py:1637]           [WARNING]  | Convert Error: No TMDb ID Found for IMDb ID: tt7461126                                             |
[2022-11-17 09:08:58,835] [builder.py:2306]           [INFO]     |                                                                                                    |
[2022-11-17 09:08:58,835] [builder.py:2307]           [INFO]     |========================== Missing Movies from Library: Christmas Movies ===========================|
[2022-11-17 09:08:58,835] [builder.py:2308]           [INFO]     |                                                                                                    |
[2022-11-17 09:08:58,850] [builder.py:2321]           [INFO]     | Disaster Collection | ? | Titanic (1997) (TMDb: 597)                                               |
[2022-11-17 09:08:58,861] [builder.py:2321]           [INFO]     | Disaster Collection | ? | Ambulance (2022) (TMDb: 763285)                                          |
[2022-11-17 09:08:58,875] [builder.py:2321]           [INFO]     | Disaster Collection | ? | Don't Look Up (2021) (TMDb: 646380)                                      |
[2022-11-17 09:08:58,889] [builder.py:2321]           [INFO]     | Disaster Collection | ? | Jurassic Park (1993) (TMDb: 329)                                         |
[2022-11-17 09:08:58,910] [builder.py:2321]           [INFO]     | Disaster Collection | ? | Jaws (1975) (TMDb: 578)                                                  |
[2022-11-17 09:08:58,933] [builder.py:2321]           [INFO]     | Disaster Collection | ? | Moonfall (2022) (TMDb: 406759)                                           |
[2022-11-17 09:08:58,954] [builder.py:2321]           [INFO]     | Disaster Collection | ? | Sing (2016) (TMDb: 335797)                                               |
[2022-11-17 09:08:58,981] [builder.py:2321]           [INFO]     | Disaster Collection | ? | Greenland (2020) (TMDb: 524047)                                          |
[2022-11-17 09:08:58,994] [builder.py:2321]           [INFO]     | Disaster Collection | ? | Godzilla vs. Kong (2021) (TMDb: 399566)                                  |
[2022-11-17 09:08:59,014] [builder.py:2321]           [INFO]     | Disaster Collection | ? | San Andreas (2015) (TMDb: 254128)                                        |
[2022-11-17 09:08:59,034] [builder.py:2321]           [INFO]     | Disaster Collection | ? | Jurassic World (2015) (TMDb: 135397)                                     |
[2022-11-17 09:08:59,064] [builder.py:2321]           [INFO]     | Disaster Collection | ? | Athena (2022) (TMDb: 852046)                                             |
[2022-11-17 09:08:59,093] [builder.py:2321]           [INFO]     | Disaster Collection | ? | The Terminator (1984) (TMDb: 218)                                        |
[2022-11-17 09:08:59,114] [builder.py:2321]           [INFO]     | Disaster Collection | ? | Armageddon (1998) (TMDb: 95)                                             |
[2022-11-17 09:08:59,130] [builder.py:2321]           [INFO]     | Disaster Collection | ? | Airplane! (1980) (TMDb: 813)                                             |
[2022-11-17 09:08:59,142] [builder.py:2321]           [INFO]     | Disaster Collection | ? | The Tomorrow War (2021) (TMDb: 588228)                                   |
[2022-11-17 09:08:59,161] [builder.py:2321]           [INFO]     | Disaster Collection | ? | Twister (1996) (TMDb: 664)                                               |
[2022-11-17 09:08:59,172] [builder.py:2321]           [INFO]     | Disaster Collection | ? | This Is the End (2013) (TMDb: 109414)                                    |
[2022-11-17 09:08:59,185] [builder.py:2321]           [INFO]     | Disaster Collection | ? | World War Z (2013) (TMDb: 72190)                                         |
[2022-11-17 09:08:59,199] [builder.py:2321]           [INFO]     | Disaster Collection | ? | Godzilla (2014) (TMDb: 124905)                                           |
[2022-11-17 09:08:59,212] [builder.py:2321]           [INFO]     | Disaster Collection | ? | The Impossible (2012) (TMDb: 80278)                                      |
[2022-11-17 09:08:59,229] [builder.py:2321]           [INFO]     | Disaster Collection | ? | Train to Busan (2016) (TMDb: 396535)                                     |
[2022-11-17 09:08:59,258] [builder.py:2321]           [INFO]     | Disaster Collection | ? | Independence Day (1996) (TMDb: 602)                                      |
[2022-11-17 09:08:59,275] [builder.py:2321]           [INFO]     | Disaster Collection | ? | Superman (1978) (TMDb: 1924)                                             |
[2022-11-17 09:08:59,286] [builder.py:2321]           [INFO]     | Disaster Collection | ? | Resident Evil: Welcome to Raccoon City (2021) (TMDb: 460458)             |
[2022-11-17 09:08:59,307] [builder.py:2321]           [INFO]     | Disaster Collection | ? | Godzilla: King of the Monsters (2019) (TMDb: 373571)                     |
[2022-11-17 09:08:59,327] [builder.py:2321]           [INFO]     | Disaster Collection | ? | Speed (1994) (TMDb: 1637)                                                |
[2022-11-17 09:08:59,350] [builder.py:2321]           [INFO]     | Disaster Collection | ? | The Day After Tomorrow (2004) (TMDb: 435)                                |
[2022-11-17 09:08:59,370] [builder.py:2321]           [INFO]     | Disaster Collection | ? | Jaws 2 (1978) (TMDb: 579)                                                |
[2022-11-17 09:08:59,383] [builder.py:2321]           [INFO]     | Disaster Collection | ? | Jurassic World: Fallen Kingdom (2018) (TMDb: 351286)                     |
[2022-11-17 09:08:59,400] [builder.py:2321]           [INFO]     | Disaster Collection | ? | 2012 (2009) (TMDb: 14161)                                                |
[2022-11-17 09:08:59,416] [builder.py:2321]           [INFO]     | Disaster Collection | ? | Cloverfield (2008) (TMDb: 7191)                                          |
[2022-11-17 09:08:59,430] [builder.py:2321]           [INFO]     | Disaster Collection | ? | The Forever Purge (2021) (TMDb: 602223)                                  |
[2022-11-17 09:08:59,463] [builder.py:2321]           [INFO]     | Disaster Collection | ? | The Meg (2018) (TMDb: 345940)                                            |
[2022-11-17 09:08:59,474] [builder.py:2321]           [INFO]     | Disaster Collection | ? | The Core (2003) (TMDb: 9341)                                             |
[2022-11-17 09:08:59,485] [builder.py:2321]           [INFO]     | Disaster Collection | ? | Alive (1993) (TMDb: 7305)                                                |
[2022-11-17 09:08:59,502] [builder.py:2321]           [INFO]     | Disaster Collection | ? | War of the Worlds (2005) (TMDb: 74)                                      |
[2022-11-17 09:08:59,515] [builder.py:2321]           [INFO]     | Disaster Collection | ? | Mars Attacks! (1996) (TMDb: 75)                                          |
[2022-11-17 09:08:59,539] [builder.py:2321]           [INFO]     | Disaster Collection | ? | Metropolis (1927) (TMDb: 19)                                             |
[2022-11-17 09:08:59,554] [builder.py:2321]           [INFO]     | Disaster Collection | ? | Geostorm (2017) (TMDb: 274855)                                           |
[2022-11-17 09:08:59,576] [builder.py:2321]           [INFO]     | Disaster Collection | ? | Kong: Skull Island (2017) (TMDb: 293167)                                 |
[2022-11-17 09:08:59,619] [builder.py:2321]           [INFO]     | Disaster Collection | ? | The Lost World: Jurassic Park (1997) (TMDb: 330)                         |
[2022-11-17 09:08:59,682] [builder.py:2321]           [INFO]     | Disaster Collection | ? | Deep Impact (1998) (TMDb: 8656)                                          |
[2022-11-17 09:08:59,731] [builder.py:2321]           [INFO]     | Disaster Collection | ? | Those Who Wish Me Dead (2021) (TMDb: 578701)                             |
[2022-11-17 09:08:59,756] [builder.py:2321]           [INFO]     | Disaster Collection | ? | 13 Minutes (2021) (TMDb: 787723)                                         |
[2022-11-17 09:08:59,783] [builder.py:2321]           [INFO]     | Disaster Collection | ? | Godzilla (1998) (TMDb: 929)                                              |
[2022-11-17 09:08:59,804] [builder.py:2321]           [INFO]     | Disaster Collection | ? | Rampage (2018) (TMDb: 427641)                                            |
[2022-11-17 09:08:59,816] [builder.py:2321]           [INFO]     | Disaster Collection | ? | The 5th Wave (2016) (TMDb: 299687)                                       |
[2022-11-17 09:08:59,826] [builder.py:2321]           [INFO]     | Disaster Collection | ? | Unstoppable (2010) (TMDb: 44048)                                         |
[2022-11-17 09:08:59,840] [builder.py:2321]           [INFO]     | Disaster Collection | ? | Cloudy with a Chance of Meatballs (2009) (TMDb: 22794)                   |
[2022-11-17 09:08:59,851] [builder.py:2321]           [INFO]     | Disaster Collection | ? | Titan A.E. (2000) (TMDb: 7450)                                           |
[2022-11-17 09:08:59,868] [builder.py:2321]           [INFO]     | Disaster Collection | ? | [REC] (2007) (TMDb: 8329)                                                |
[2022-11-17 09:08:59,879] [builder.py:2321]           [INFO]     | Disaster Collection | ? | Deepwater Horizon (2016) (TMDb: 296524)                                  |
[2022-11-17 09:08:59,897] [builder.py:2321]           [INFO]     | Disaster Collection | ? | Only the Brave (2017) (TMDb: 395991)                                     |
[2022-11-17 09:08:59,899] [builder.py:2321]           [INFO]     | Disaster Collection | ? | Crawl (2019) (TMDb: 511987)                                              |
[2022-11-17 09:08:59,911] [builder.py:2321]           [INFO]     | Disaster Collection | ? | Dante's Peak (1997) (TMDb: 9619)                                         |
[2022-11-17 09:08:59,932] [builder.py:2321]           [INFO]     | Disaster Collection | ? | In the Heart of the Sea (2015) (TMDb: 205775)                            |
[2022-11-17 09:08:59,945] [builder.py:2321]           [INFO]     | Disaster Collection | ? | Invasion of the Body Snatchers (1978) (TMDb: 11850)                      |
[2022-11-17 09:08:59,959] [builder.py:2321]           [INFO]     | Disaster Collection | ? | Independence Day: Resurgence (2016) (TMDb: 47933)                        |
[2022-11-17 09:08:59,975] [builder.py:2321]           [INFO]     | Disaster Collection | ? | How It Ends (2018) (TMDb: 475210)                                        |
[2022-11-17 09:08:59,995] [builder.py:2321]           [INFO]     | Disaster Collection | ? | Shin Godzilla (2016) (TMDb: 315011)                                      |
[2022-11-17 09:09:00,014] [builder.py:2321]           [INFO]     | Disaster Collection | ? | Clash of the Titans (1981) (TMDb: 10323)                                 |
[2022-11-17 09:09:00,033] [builder.py:2321]           [INFO]     | Disaster Collection | ? | Contagion (2011) (TMDb: 39538)                                           |
[2022-11-17 09:09:00,037] [builder.py:2321]           [INFO]     | Disaster Collection | ? | Skyscraper (2018) (TMDb: 447200)                                         |
[2022-11-17 09:09:00,051] [builder.py:2321]           [INFO]     | Disaster Collection | ? | Knowing (2009) (TMDb: 13811)                                             |
[2022-11-17 09:09:00,070] [builder.py:2321]           [INFO]     | Disaster Collection | ? | Outbreak (1995) (TMDb: 6950)                                             |
[2022-11-17 09:09:00,087] [builder.py:2321]           [INFO]     | Disaster Collection | ? | Volcano (1997) (TMDb: 10357)                                             |
[2022-11-17 09:09:00,101] [builder.py:2321]           [INFO]     | Disaster Collection | ? | Disaster Movie (2008) (TMDb: 13805)                                      |
[2022-11-17 09:09:00,147] [builder.py:2321]           [INFO]     | Disaster Collection | ? | The Ice Road (2021) (TMDb: 646207)                                       |
[2022-11-17 09:09:00,164] [builder.py:2321]           [INFO]     | Disaster Collection | ? | The Good Dinosaur (2015) (TMDb: 105864)                                  |
[2022-11-17 09:09:00,181] [builder.py:2321]           [INFO]     | Disaster Collection | ? | The Land Before Time (1988) (TMDb: 12144)                                |
[2022-11-17 09:09:00,199] [builder.py:2321]           [INFO]     | Disaster Collection | ? | Blood Red Sky (2021) (TMDb: 760883)                                      |
[2022-11-17 09:09:00,212] [builder.py:2321]           [INFO]     | Disaster Collection | ? | Adrift (2018) (TMDb: 429300)                                             |
[2022-11-17 09:09:00,228] [builder.py:2321]           [INFO]     | Disaster Collection | ? | Ponyo (2008) (TMDb: 12429)                                               |
[2022-11-17 09:09:00,243] [builder.py:2321]           [INFO]     | Disaster Collection | ? | The Crazies (2010) (TMDb: 29427)                                         |
[2022-11-17 09:09:00,272] [builder.py:2321]           [INFO]     | Disaster Collection | ? | Non-Stop (2014) (TMDb: 225574)                                           |
[2022-11-17 09:09:00,275] [builder.py:2321]           [INFO]     | Disaster Collection | ? | The Towering Inferno (1974) (TMDb: 5919)                                 |
[2022-11-17 09:09:00,292] [builder.py:2321]           [INFO]     | Disaster Collection | ? | The Poseidon Adventure (1972) (TMDb: 551)                                |
[2022-11-17 09:09:00,311] [builder.py:2321]           [INFO]     | Disaster Collection | ? | Into the Storm (2014) (TMDb: 216282)                                     |
[2022-11-17 09:09:00,331] [builder.py:2321]           [INFO]     | Disaster Collection | ? | The Wave (2015) (TMDb: 336882)                                           |
[2022-11-17 09:09:00,354] [builder.py:2321]           [INFO]     | Disaster Collection | ? | Patriots Day (2016) (TMDb: 388399)                                       |
[2022-11-17 09:09:00,368] [builder.py:2321]           [INFO]     | Disaster Collection | ? | Awake (2021) (TMDb: 615658)                                              |
[2022-11-17 09:09:00,396] [builder.py:2321]           [INFO]     | Disaster Collection | ? | Poseidon (2006) (TMDb: 503)                                              |
[2022-11-17 09:09:00,415] [builder.py:2321]           [INFO]     | Disaster Collection | ? | The Finest Hours (2016) (TMDb: 300673)                                   |
[2022-11-17 09:09:00,446] [builder.py:2321]           [INFO]     | Disaster Collection | ? | The Burning Sea (2021) (TMDb: 623511)                                    |
[2022-11-17 09:09:00,471] [builder.py:2321]           [INFO]     | Disaster Collection | ? | Pompeii (2014) (TMDb: 76649)                                             |
[2022-11-17 09:09:00,489] [builder.py:2321]           [INFO]     | Disaster Collection | ? | The War of the Worlds (1953) (TMDb: 8974)                                |
[2022-11-17 09:09:00,504] [builder.py:2321]           [INFO]     | Disaster Collection | ? | United 93 (2006) (TMDb: 9829)                                            |
[2022-11-17 09:09:00,519] [builder.py:2321]           [INFO]     | Disaster Collection | ? | Fantasia (1940) (TMDb: 756)                                              |
[2022-11-17 09:09:00,545] [builder.py:2321]           [INFO]     | Disaster Collection | ? | Godzilla (1954) (TMDb: 1678)                                             |
[2022-11-17 09:09:00,565] [builder.py:2321]           [INFO]     | Disaster Collection | ? | Force of Nature (2020) (TMDb: 619592)                                    |
[2022-11-17 09:09:00,579] [builder.py:2321]           [INFO]     | Disaster Collection | ? | Songbird (2020) (TMDb: 721625)                                           |
[2022-11-17 09:09:00,591] [builder.py:2321]           [INFO]     | Disaster Collection | ? | Left Behind (2014) (TMDb: 218043)                                        |
[2022-11-17 09:09:00,597] [builder.py:2321]           [INFO]     | Disaster Collection | ? | The Andromeda Strain (1971) (TMDb: 10514)                                |
[2022-11-17 09:09:00,609] [builder.py:2321]           [INFO]     | Disaster Collection | ? | Speed 2: Cruise Control (1997) (TMDb: 1639)                              |
[2022-11-17 09:09:00,645] [builder.py:2321]           [INFO]     | Disaster Collection | ? | World Trade Center (2006) (TMDb: 1852)                                   |
[2022-11-17 09:09:00,672] [builder.py:2321]           [INFO]     | Disaster Collection | ? | Quarantine (2008) (TMDb: 13812)                                          |
[2022-11-17 09:09:00,689] [builder.py:2321]           [INFO]     | Disaster Collection | ? | USS Indianapolis: Men of Courage (2016) (TMDb: 340945)                   |
[2022-11-17 09:09:00,725] [builder.py:2321]           [INFO]     | Disaster Collection | ? | Skyline (2010) (TMDb: 42684)                                             |
[2022-11-17 09:09:00,751] [builder.py:2321]           [INFO]     | Disaster Collection | ? | Daylight (1996) (TMDb: 11228)                                            |
[2022-11-17 09:09:00,779] [builder.py:2321]           [INFO]     | Disaster Collection | ? | Chernobyl: Abyss (2021) (TMDb: 589761)                                   |
[2022-11-17 09:09:00,802] [builder.py:2321]           [INFO]     | Disaster Collection | ? | Airport (1970) (TMDb: 10671)                                             |
[2022-11-17 09:09:00,822] [builder.py:2321]           [INFO]     | Disaster Collection | ? | Kursk (2018) (TMDb: 401200)                                              |
[2022-11-17 09:09:00,843] [builder.py:2321]           [INFO]     | Disaster Collection | ? | The Flight of the Phoenix (1965) (TMDb: 10243)                           |
[2022-11-17 09:09:00,865] [builder.py:2321]           [INFO]     | Disaster Collection | ? | Earthquake (1974) (TMDb: 11123)                                          |
[2022-11-17 09:09:00,884] [builder.py:2321]           [INFO]     | Disaster Collection | ? | The 33 (2015) (TMDb: 293646)                                             |
[2022-11-17 09:09:00,908] [builder.py:2321]           [INFO]     | Disaster Collection | ? | Cell (2016) (TMDb: 168098)                                               |
[2022-11-17 09:09:00,935] [builder.py:2321]           [INFO]     | Disaster Collection | ? | Notre-Dame on Fire (2022) (TMDb: 811596)                                 |
[2022-11-17 09:09:00,954] [builder.py:2321]           [INFO]     | Disaster Collection | ? | A Night to Remember (1958) (TMDb: 10971)                                 |
[2022-11-17 09:09:00,964] [builder.py:2321]           [INFO]     | Disaster Collection | ? | 9/11 (2017) (TMDb: 455558)                                               |
[2022-11-17 09:09:00,987] [builder.py:2321]           [INFO]     | Disaster Collection | ? | Life on the Line (2015) (TMDb: 398289)                                   |
[2022-11-17 09:09:01,030] [builder.py:2321]           [INFO]     | Disaster Collection | ? | The China Syndrome (1979) (TMDb: 988)                                    |
[2022-11-17 09:09:01,066] [builder.py:2321]           [INFO]     | Disaster Collection | ? | Crack in the World (1965) (TMDb: 30374)                                  |
[2022-11-17 09:09:01,087] [builder.py:2321]           [INFO]     | Disaster Collection | ? | Airport '77 (1977) (TMDb: 7227)                                          |
[2022-11-17 09:09:01,103] [builder.py:2321]           [INFO]     | Disaster Collection | ? | Airport 1975 (1974) (TMDb: 27932)                                        |
[2022-11-17 09:09:01,117] [builder.py:2321]           [INFO]     | Disaster Collection | ? | Two-Minute Warning (1976) (TMDb: 6883)                                   |
[2022-11-17 09:09:01,138] [builder.py:2321]           [INFO]     | Disaster Collection | ? | The Hurricane Heist (2018) (TMDb: 430040)                                |
[2022-11-17 09:09:01,150] [builder.py:2321]           [INFO]     | Disaster Collection | ? | The Crazies (1973) (TMDb: 29425)                                         |
[2022-11-17 09:09:01,162] [builder.py:2321]           [INFO]     | Disaster Collection | ? | 500 MPH Storm (2013) (TMDb: 172767)                                      |
[2022-11-17 09:09:01,174] [builder.py:2321]           [INFO]     | Disaster Collection | ? | Hard Rain (1998) (TMDb: 11258)                                           |
[2022-11-17 09:09:01,187] [builder.py:2321]           [INFO]     | Disaster Collection | ? | Skyfire (2019) (TMDb: 604872)                                            |
[2022-11-17 09:09:01,201] [builder.py:2321]           [INFO]     | Disaster Collection | ? | Aftershock (2012) (TMDb: 123103)                                         |
[2022-11-17 09:09:01,216] [builder.py:2321]           [INFO]     | Disaster Collection | ? | The Quake (2018) (TMDb: 416194)                                          |
[2022-11-17 09:09:01,230] [builder.py:2321]           [INFO]     | Disaster Collection | ? | Rollercoaster (1977) (TMDb: 10670)                                       |
[2022-11-17 09:09:01,245] [builder.py:2321]           [INFO]     | Disaster Collection | ? | The Cassandra Crossing (1976) (TMDb: 32037)                              |
[2022-11-17 09:09:01,259] [builder.py:2321]           [INFO]     | Disaster Collection | ? | Ashfall (2019) (TMDb: 581387)                                            |
[2022-11-17 09:09:01,269] [builder.py:2321]           [INFO]     | Disaster Collection | ? | The Remaining (2014) (TMDb: 280002)                                      |
[2022-11-17 09:09:01,282] [builder.py:2321]           [INFO]     | Disaster Collection | ? | Revolt (2017) (TMDb: 313943)                                             |
[2022-11-17 09:09:01,297] [builder.py:2321]           [INFO]     | Disaster Collection | ? | Once Upon a Forest (1993) (TMDb: 33539)                                  |
[2022-11-17 09:09:01,313] [builder.py:2321]           [INFO]     | Disaster Collection | ? | The Unthinkable (2018) (TMDb: 518502)                                    |
[2022-11-17 09:09:01,324] [builder.py:2321]           [INFO]     | Disaster Collection | ? | The Flu (2013) (TMDb: 200085)                                            |
[2022-11-17 09:09:01,336] [builder.py:2321]           [INFO]     | Disaster Collection | ? | Titanic (1953) (TMDb: 16535)                                             |
[2022-11-17 09:09:01,362] [builder.py:2321]           [INFO]     | Disaster Collection | ? | The Swarm (1978) (TMDb: 46878)                                           |
[2022-11-17 09:09:01,380] [builder.py:2321]           [INFO]     | Disaster Collection | ? | The Concorde... Airport '79 (1979) (TMDb: 29723)                         |
[2022-11-17 09:09:01,399] [builder.py:2321]           [INFO]     | Disaster Collection | ? | Meteor (1979) (TMDb: 40160)                                              |
[2022-11-17 09:09:01,422] [builder.py:2321]           [INFO]     | Disaster Collection | ? | Juggernaut (1974) (TMDb: 29805)                                          |
[2022-11-17 09:09:01,439] [builder.py:2321]           [INFO]     | Disaster Collection | ? | The Bullet Train (1975) (TMDb: 47634)                                    |
[2022-11-17 09:09:01,460] [builder.py:2321]           [INFO]     | Disaster Collection | ? | Tunnel (2016) (TMDb: 390497)                                             |
[2022-11-17 09:09:01,478] [builder.py:2321]           [INFO]     | Disaster Collection | ? | Barefoot Gen (1983) (TMDb: 14087)                                        |
[2022-11-17 09:09:01,489] [builder.py:2321]           [INFO]     | Disaster Collection | ? | Pandemic (2016) (TMDb: 346651)                                           |
[2022-11-17 09:09:01,501] [builder.py:2321]           [INFO]     | Disaster Collection | ? | The Hindenburg (1975) (TMDb: 17599)                                      |
[2022-11-17 09:09:01,504] [builder.py:2321]           [INFO]     | Disaster Collection | ? | The Other Side of Heaven (2001) (TMDb: 16651)                            |
[2022-11-17 09:09:01,537] [builder.py:2321]           [INFO]     | Disaster Collection | ? | When Time Ran Out... (1980) (TMDb: 47942)                                |
[2022-11-17 09:09:01,572] [builder.py:2321]           [INFO]     | Disaster Collection | ? | Beyond the Poseidon Adventure (1979) (TMDb: 31638)                       |
[2022-11-17 09:09:01,593] [builder.py:2321]           [INFO]     | Disaster Collection | ? | City on Fire (1979) (TMDb: 140648)                                       |
[2022-11-17 09:09:01,618] [builder.py:2321]           [INFO]     | Disaster Collection | ? | Virus (1980) (TMDb: 41972)                                               |
[2022-11-17 09:09:01,638] [builder.py:2321]           [INFO]     | Disaster Collection | ? | Avalanche (1978) (TMDb: 166680)                                          |
[2022-11-17 09:09:01,650] [builder.py:2321]           [INFO]     | Disaster Collection | ? | Break (2019) (TMDb: 517024)                                              |
[2022-11-17 09:09:01,663] [builder.py:2321]           [INFO]     | Disaster Collection | ? | Godzilla Raids Again (1955) (TMDb: 1679)                                 |
[2022-11-17 09:09:01,676] [builder.py:2321]           [INFO]     | Disaster Collection | ? | The Day the Earth Caught Fire (1961) (TMDb: 28430)                       |
[2022-11-17 09:09:01,693] [builder.py:2321]           [INFO]     | Disaster Collection | ? | The Tower (2012) (TMDb: 154030)                                          |
[2022-11-17 09:09:01,711] [builder.py:2321]           [INFO]     | Disaster Collection | ? | Tidal Wave (2009) (TMDb: 33196)                                          |
[2022-11-17 09:09:01,734] [builder.py:2321]           [INFO]     | Disaster Collection | ? | Against the Sun (2014) (TMDb: 302828)                                    |
[2022-11-17 09:09:01,756] [builder.py:2321]           [INFO]     | Disaster Collection | ? | 2019: After the Fall of New York (1983) (TMDb: 23807)                    |
[2022-11-17 09:09:01,774] [builder.py:2321]           [INFO]     | Disaster Collection | ? | Steamboat Bill, Jr. (1928) (TMDb: 25768)                                 |
[2022-11-17 09:09:01,793] [builder.py:2321]           [INFO]     | Disaster Collection | ? | San Francisco (1936) (TMDb: 43881)                                       |
[2022-11-17 09:09:01,804] [builder.py:2321]           [INFO]     | Disaster Collection | ? | The Hurricane (1937) (TMDb: 77250)                                       |
[2022-11-17 09:09:01,814] [builder.py:2321]           [INFO]     | Disaster Collection | ? | 10.0 Earthquake (2014) (TMDb: 302666)                                    |
[2022-11-17 09:09:01,825] [builder.py:2321]           [INFO]     | Disaster Collection | ? | Gray Lady Down (1978) (TMDb: 31948)                                      |
[2022-11-17 09:09:01,828] [builder.py:2321]           [INFO]     | Disaster Collection | ? | Flood (2007) (TMDb: 6309)                                                |
[2022-11-17 09:09:01,838] [builder.py:2321]           [INFO]     | Disaster Collection | ? | Skyjacked (1972) (TMDb: 87514)                                           |
[2022-11-17 09:09:01,849] [builder.py:2321]           [INFO]     | Disaster Collection | ? | Mine 9 (2019) (TMDb: 564898)                                             |
[2022-11-17 09:09:01,867] [builder.py:2321]           [INFO]     | Disaster Collection | ? | Fukushima 50 (2020) (TMDb: 563067)                                       |
[2022-11-17 09:09:01,877] [builder.py:2321]           [INFO]     | Disaster Collection | ? | 40 Days and Nights (2012) (TMDb: 145738)                                 |
[2022-11-17 09:09:01,888] [builder.py:2321]           [INFO]     | Disaster Collection | ? | Day the World Ended (1955) (TMDb: 29062)                                 |
[2022-11-17 09:09:01,903] [builder.py:2325]           [INFO]     | Disaster Collection | X | Society of the Snow (TMDb: 906126)                                       |
[2022-11-17 09:09:01,913] [builder.py:2321]           [INFO]     | Disaster Collection | ? | Titanic (1943) (TMDb: 11021)                                             |
[2022-11-17 09:09:01,923] [builder.py:2321]           [INFO]     | Disaster Collection | ? | The Deep (2012) (TMDb: 127913)                                           |
[2022-11-17 09:09:01,934] [builder.py:2321]           [INFO]     | Disaster Collection | ? | St. Helens (1981) (TMDb: 41916)                                          |
[2022-11-17 09:09:01,945] [builder.py:2321]           [INFO]     | Disaster Collection | ? | End of the World (2018) (TMDb: 573641)                                   |
[2022-11-17 09:09:01,956] [builder.py:2321]           [INFO]     | Disaster Collection | ? | Krakatoa, East of Java (1968) (TMDb: 51104)                              |
[2022-11-17 09:09:01,971] [builder.py:2321]           [INFO]     | Disaster Collection | ? | Arctic Blast (2010) (TMDb: 45556)                                        |
[2022-11-17 09:09:01,986] [builder.py:2321]           [INFO]     | Disaster Collection | ? | The Last Voyage (1960) (TMDb: 37605)                                     |
[2022-11-17 09:09:01,997] [builder.py:2321]           [INFO]     | Disaster Collection | ? | The Last Days of Pompeii (1959) (TMDb: 43098)                            |
[2022-11-17 09:09:02,014] [builder.py:2321]           [INFO]     | Disaster Collection | ? | Crystal Inferno (2017) (TMDb: 465545)                                    |
[2022-11-17 09:09:02,030] [builder.py:2321]           [INFO]     | Disaster Collection | ? | The Earthquake (2016) (TMDb: 413953)                                     |
[2022-11-17 09:09:02,044] [builder.py:2321]           [INFO]     | Disaster Collection | ? | Aftershock (2010) (TMDb: 44560)                                          |
[2022-11-17 09:09:02,059] [builder.py:2321]           [INFO]     | Disaster Collection | ? | Arctic Apocalypse (2019) (TMDb: 621914)                                  |
[2022-11-17 09:09:02,073] [builder.py:2321]           [INFO]     | Disaster Collection | ? | Cold Zone (2017) (TMDb: 437463)                                          |
[2022-11-17 09:09:02,090] [builder.py:2321]           [INFO]     | Disaster Collection | ? | Deluge (1933) (TMDb: 163293)                                             |
[2022-11-17 09:09:02,108] [builder.py:2321]           [INFO]     | Disaster Collection | ? | Hurricane (1979) (TMDb: 75162)                                           |
[2022-11-17 09:09:02,125] [builder.py:2321]           [INFO]     | Disaster Collection | ? | Apocalypse of Ice (2020) (TMDb: 747550)                                  |
[2022-11-17 09:09:02,155] [builder.py:2321]           [INFO]     | Disaster Collection | ? | Oceans Rising (2017) (TMDb: 443109)                                      |
[2022-11-17 09:09:02,171] [builder.py:2321]           [INFO]     | Disaster Collection | ? | Japan Sinks (2006) (TMDb: 16766)                                         |
[2022-11-17 09:09:02,183] [builder.py:2321]           [INFO]     | Disaster Collection | ? | Post Impact (2004) (TMDb: 15910)                                         |
[2022-11-17 09:09:02,211] [builder.py:2321]           [INFO]     | Disaster Collection | ? | The Cloud (2006) (TMDb: 7456)                                            |
[2022-11-17 09:09:02,228] [builder.py:2321]           [INFO]     | Disaster Collection | ? | 10,000 Days (2014) (TMDb: 293082)                                        |
[2022-11-17 09:09:02,240] [builder.py:2321]           [INFO]     | Disaster Collection | ? | Five Came Back (1939) (TMDb: 65858)                                      |
[2022-11-17 09:09:02,257] [builder.py:2321]           [INFO]     | Disaster Collection | ? | Sinkhole (2013) (TMDb: 395437)                                           |
[2022-11-17 09:09:02,271] [builder.py:2321]           [INFO]     | Disaster Collection | ? | Destruction: Los Angeles (2017) (TMDb: 467342)                           |
[2022-11-17 09:09:02,290] [builder.py:2321]           [INFO]     | Disaster Collection | ? | Fire Twister (2015) (TMDb: 353267)                                       |
[2022-11-17 09:09:02,304] [builder.py:2321]           [INFO]     | Disaster Collection | ? | Apocalypse Pompeii (2014) (TMDb: 256284)                                 |
[2022-11-17 09:09:02,318] [builder.py:2321]           [INFO]     | Disaster Collection | ? | In Old Chicago (1938) (TMDb: 78734)                                      |
[2022-11-17 09:09:02,334] [builder.py:2321]           [INFO]     | Disaster Collection | ? | Metro (2013) (TMDb: 174733)                                              |
[2022-11-17 09:09:02,347] [builder.py:2321]           [INFO]     | Disaster Collection | ? | Shockwave: Countdown to Disaster (2017) (TMDb: 479753)                   |
[2022-11-17 09:09:02,364] [builder.py:2321]           [INFO]     | Disaster Collection | ? | Disaster L.A.: The Last Zombie Apocalypse Begins Here (2014) (TMDb: 298538) |
[2022-11-17 09:09:02,382] [builder.py:2321]           [INFO]     | Disaster Collection | ? | Toxic Skies (2008) (TMDb: 24917)                                         |
[2022-11-17 09:09:02,393] [builder.py:2321]           [INFO]     | Disaster Collection | ? | The Final Storm (2010) (TMDb: 45527)                                     |
[2022-11-17 09:09:02,413] [builder.py:2321]           [INFO]     | Disaster Collection | ? | The Last Days of Pompeii (1935) (TMDb: 170558)                           |
[2022-11-17 09:09:02,432] [builder.py:2321]           [INFO]     | Disaster Collection | ? | Air Crew (1979) (TMDb: 72892)                                            |
[2022-11-17 09:09:02,451] [builder.py:2321]           [INFO]     | Disaster Collection | ? | Impact Earth (2015) (TMDb: 338838)                                       |
[2022-11-17 09:09:02,464] [builder.py:2321]           [INFO]     | Disaster Collection | ? | 2036 apocalypse earth (2019) (TMDb: 1017317)                             |
[2022-11-17 09:09:02,483] [builder.py:2321]           [INFO]     | Disaster Collection | ? | Solar Flare (2008) (TMDb: 52697)                                         |
[2022-11-17 09:09:02,493] [builder.py:2321]           [INFO]     | Disaster Collection | ? | Supercollider (2013) (TMDb: 241188)                                      |
[2022-11-17 09:09:02,512] [builder.py:2321]           [INFO]     | Disaster Collection | ? | Submersion of Japan (1973) (TMDb: 103079)                                |
[2022-11-17 09:09:02,523] [builder.py:2321]           [INFO]     | Disaster Collection | ? | The Winning of Barbara Worth (1926) (TMDb: 96395)                        |
[2022-11-17 09:09:02,539] [builder.py:2321]           [INFO]     | Disaster Collection | ? | Revelation (1999) (TMDb: 46009)                                          |
[2022-11-17 09:09:02,559] [builder.py:2321]           [INFO]     | Disaster Collection | ? | Storm War (2011) (TMDb: 80201)                                           |
[2022-11-17 09:09:02,583] [builder.py:2321]           [INFO]     | Disaster Collection | ? | Hafalan Shalat Delisa (2011) (TMDb: 91581)                               |
[2022-11-17 09:09:02,595] [builder.py:2321]           [INFO]     | Disaster Collection | ? | Escape from Alaska (1999) (TMDb: 73842)                                  |
[2022-11-17 09:09:02,615] [builder.py:2321]           [INFO]     | Disaster Collection | ? | The Apocalypse (1997) (TMDb: 57831)                                      |
[2022-11-17 09:09:02,635] [builder.py:2321]           [INFO]     | Disaster Collection | ? | The Night the World Exploded (1957) (TMDb: 61701)                        |
[2022-11-17 09:09:02,654] [builder.py:2321]           [INFO]     | Disaster Collection | ? | Eruption: LA (2018) (TMDb: 493686)                                       |
[2022-11-17 09:09:02,667] [builder.py:2321]           [INFO]     | Disaster Collection | ? | Deadly Voltage (2016) (TMDb: 365194)                                     |
[2022-11-17 09:09:02,683] [builder.py:2321]           [INFO]     | Disaster Collection | ? | LA Apocalypse (2014) (TMDb: 321662)                                      |
[2022-11-17 09:09:02,696] [builder.py:2321]           [INFO]     | Disaster Collection | ? | Gorath (1962) (TMDb: 49163)                                              |
[2022-11-17 09:09:02,716] [builder.py:2321]           [INFO]     | Disaster Collection | ? | 2022 Tsunami (2009) (TMDb: 80706)                                        |
[2022-11-17 09:09:02,730] [builder.py:2321]           [INFO]     | Disaster Collection | ? | Deep Water (2000) (TMDb: 127439)                                         |
[2022-11-17 09:09:02,746] [builder.py:2321]           [INFO]     | Disaster Collection | ? | co2 (2010) (TMDb: 90842)                                                 |
[2022-11-17 09:09:02,761] [builder.py:2321]           [INFO]     | Disaster Collection | ? | Pororo: Treasure Island Adventure (2019) (TMDb: 593959)                  |
[2022-11-17 09:09:02,775] [builder.py:2321]           [INFO]     | Disaster Collection | ? | Jack's Apocalypse (2015) (TMDb: 374722)                                  |
[2022-11-17 09:09:02,788] [builder.py:2321]           [INFO]     | Disaster Collection | ? | Scorcher (2002) (TMDb: 5965)                                             |
[2022-11-17 09:09:02,810] [builder.py:2321]           [INFO]     | Disaster Collection | ? | Szuperbojz (2010) (TMDb: 159585)                                         |
[2022-11-17 09:09:02,823] [builder.py:2321]           [INFO]     | Disaster Collection | ? | Heat Wave (2009) (TMDb: 50609)                                           |
[2022-11-17 09:09:02,836] [builder.py:2321]           [INFO]     | Disaster Collection | ? | Shelter (2008) (TMDb: 125065)                                            |
[2022-11-17 09:09:02,856] [builder.py:2321]           [INFO]     | Disaster Collection | ? | Japan Sinks: 2020 Theatrical Edition (2020) (TMDb: 734871)               |
[2022-11-17 09:09:02,873] [builder.py:2321]           [INFO]     | Disaster Collection | ? | The Poseidon Explosion (1973) (TMDb: 95865)                              |
[2022-11-17 09:09:02,877] [builder.py:2321]           [INFO]     | Disaster Collection | ? | Magnitude 7.9 (1980) (TMDb: 128770)                                      |
[2022-11-17 09:09:02,891] [builder.py:2321]           [INFO]     | Disaster Collection | ? | Traces of Love (2006) (TMDb: 117260)                                     |
[2022-11-17 09:09:02,904] [builder.py:2321]           [INFO]     | Disaster Collection | ? | The Directive (2019) (TMDb: 589187)                                      |
[2022-11-17 09:09:02,918] [builder.py:2321]           [INFO]     | Disaster Collection | ? | Pandemic (2009) (TMDb: 41813)                                            |
[2022-11-17 09:09:02,936] [builder.py:2325]           [INFO]     | Disaster Collection | X | Zeitoun (TMDb: 284258)                                                   |
[2022-11-17 09:09:02,948] [builder.py:2321]           [INFO]     | Disaster Collection | ? | Apocalypse A-Go-Go (2020) (TMDb: 754180)                                 |
[2022-11-17 09:09:02,963] [builder.py:2321]           [INFO]     | Disaster Collection | ? | Emergency Landing (2019) (TMDb: 576114)                                  |
[2022-11-17 09:09:02,977] [builder.py:2321]           [INFO]     | Disaster Collection | ? | Joelma 23rd Floor (1979) (TMDb: 315586)                                  |
[2022-11-17 09:09:03,005] [builder.py:2321]           [INFO]     | Disaster Collection | ? | The Explosion (1975) (TMDb: 373650)                                      |
[2022-11-17 09:09:03,023] [builder.py:2321]           [INFO]     | Disaster Collection | ? | El rápido de las 9.15 (1941) (TMDb: 339307)                              |
[2022-11-17 09:09:03,037] [builder.py:2321]           [INFO]     | Disaster Collection | ? | Trágico terremoto en México (1987) (TMDb: 678766)                        |
[2022-11-17 09:09:03,037] [builder.py:2326]           [INFO]     |                                                                                                    |
[2022-11-17 09:09:03,038] [builder.py:2327]           [INFO]     | 236 Movies Missing                                                                                 |
[2022-11-17 09:09:07,195] [plex_meta_manager.py:652]  [INFO]     |                                                                                                    |
[2022-11-17 09:09:07,195] [plex_meta_manager.py:653]  [INFO]     | Collection Minimum: 2 not met for Disaster Collection                                              |
[2022-11-17 09:09:07,196] [plex_meta_manager.py:736]  [INFO]     |                                                                                                    |
[2022-11-17 09:09:07,196] [plex_meta_manager.py:737]  [INFO]     |====================================================================================================|
[2022-11-17 09:09:07,196] [plex_meta_manager.py:737]  [INFO]     |                                    Finished Disaster Collection                                    |
[2022-11-17 09:09:07,196] [plex_meta_manager.py:737]  [INFO]     |                                    Collection Run Time: 0:00:28                                    |
[2022-11-17 09:09:07,196] [plex_meta_manager.py:737]  [INFO]     |====================================================================================================|
