[2022-11-16 19:41:00,855] [builder.py:193]            [INFO]     |====================================================================================================|
[2022-11-16 19:41:00,856] [builder.py:193]            [INFO]     |                               Best of 2021 Collection in Kids Movies                               |
[2022-11-16 19:41:00,856] [builder.py:193]            [INFO]     |====================================================================================================|
[2022-11-16 19:41:00,856] [builder.py:194]            [INFO]     |                                                                                                    |
[2022-11-16 19:41:00,856] [builder.py:199]            [INFO]     |================================ Building Definition From Templates ================================|
[2022-11-16 19:41:00,856] [builder.py:215]            [DEBUG]    |                                                                                                    |
[2022-11-16 19:41:00,856] [meta.py:210]               [DEBUG]    |========================================= Template Best of =========================================|
[2022-11-16 19:41:00,856] [meta.py:451]               [DEBUG]    |                                                                                                    |
[2022-11-16 19:41:00,858] [meta.py:512]               [DEBUG]    |                                                                                                    |
[2022-11-16 19:41:00,858] [meta.py:513]               [DEBUG]    |==================================== Final Template Attributes =====================================|
[2022-11-16 19:41:00,858] [meta.py:514]               [DEBUG]    |                                                                                                    |
[2022-11-16 19:41:00,858] [meta.py:515]               [DEBUG]    | {'trakt_list': 'https://trakt.tv/users/lish408/lists/rotten-tomatoes-best-of-2021', 'sort_title': '+1_Best of 2021', 'sync_mode': 'sync', 'summary': 'Rotten Tomatoes Best Movies of 2021', 'smart_label': 'audience_rating.desc'} |
[2022-11-16 19:41:00,858] [meta.py:516]               [DEBUG]    |                                                                                                    |
[2022-11-16 19:41:00,859] [builder.py:223]            [INFO]     |================================ Validating Best of 2021 Attributes ================================|
[2022-11-16 19:41:00,859] [builder.py:422]            [DEBUG]    |                                                                                                    |
[2022-11-16 19:41:00,859] [builder.py:423]            [DEBUG]    | Validating Method: smart_label                                                                     |
[2022-11-16 19:41:00,859] [builder.py:428]            [DEBUG]    | Value: audience_rating.desc                                                                        |
[2022-11-16 19:41:00,868] [builder.py:516]            [DEBUG]    |                                                                                                    |
[2022-11-16 19:41:00,868] [builder.py:517]            [DEBUG]    | Validating Method: sync_mode                                                                       |
[2022-11-16 19:41:00,868] [builder.py:521]            [DEBUG]    | Value: sync                                                                                        |
[2022-11-16 19:41:00,869] [builder.py:646]            [DEBUG]    |                                                                                                    |
[2022-11-16 19:41:00,869] [builder.py:650]            [DEBUG]    | Validating Method: trakt_list                                                                      |
[2022-11-16 19:41:00,869] [builder.py:651]            [DEBUG]    | Value: https://trakt.tv/users/lish408/lists/rotten-tomatoes-best-of-2021                           |
[2022-11-16 19:41:00,932] [builder.py:646]            [DEBUG]    |                                                                                                    |
[2022-11-16 19:41:00,932] [builder.py:650]            [DEBUG]    | Validating Method: sort_title                                                                      |
[2022-11-16 19:41:00,932] [builder.py:651]            [DEBUG]    | Value: +1_Best of 2021                                                                             |
[2022-11-16 19:41:00,932] [builder.py:646]            [DEBUG]    |                                                                                                    |
[2022-11-16 19:41:00,932] [builder.py:650]            [DEBUG]    | Validating Method: summary                                                                         |
[2022-11-16 19:41:00,932] [builder.py:651]            [DEBUG]    | Value: Rotten Tomatoes Best Movies of 2021                                                         |
[2022-11-16 19:41:00,962] [builder.py:814]            [INFO]     |                                                                                                    |
[2022-11-16 19:41:00,962] [builder.py:815]            [INFO]     | Validation Successful                                                                              |
[2022-11-16 19:41:00,962] [plex_meta_manager.py:594]  [INFO]     |                                                                                                    |
[2022-11-16 19:41:00,962] [plex_meta_manager.py:596]  [INFO]     |================================= Running Best of 2021 Collection ==================================|
[2022-11-16 19:41:00,963] [plex_meta_manager.py:602]  [INFO]     |                                                                                                    |
[2022-11-16 19:41:00,963] [plex_meta_manager.py:603]  [INFO]     | Smart Movie Label                                                                                  |
                                                                 | Sort By: ['audience_rating.desc']
                                                                 | Filter:
                                                                 |   Match all of the following:
                                                                 |     Label is Best of 2021
[2022-11-16 19:41:00,963] [plex_meta_manager.py:608]  [INFO]     | 
[2022-11-16 19:41:00,963] [plex_meta_manager.py:609]  [INFO]     | Sync Mode: sync
[2022-11-16 19:41:00,963] [plex_meta_manager.py:612]  [DEBUG]    | 
[2022-11-16 19:41:00,963] [plex_meta_manager.py:613]  [DEBUG]    | Builder: trakt_list: https://trakt.tv/users/lish408/lists/rotten-tomatoes-best-of-2021
[2022-11-16 19:41:00,963] [plex_meta_manager.py:614]  [INFO]     | 
[2022-11-16 19:41:00,963] [trakt.py:493]              [INFO]     | Processing Trakt List: https://trakt.tv/users/lish408/lists/rotten-tomatoes-best-of-2021
[2022-11-16 19:41:01,022] [builder.py:1574]           [DEBUG]    | 
[2022-11-16 19:41:01,022] [builder.py:1575]           [DEBUG]    | 100 IDs Found
[2022-11-16 19:41:01,023] [builder.py:1577]           [DEBUG]    | 
[2022-11-16 19:41:01,023] [builder.py:2158]           [INFO]     | 
[2022-11-16 19:41:01,023] [builder.py:2159]           [INFO]     |================================ Adding to Best of 2021 Collection =================================|
[2022-11-16 19:41:01,024] [builder.py:2160]           [INFO]     |                                                                                                    |
[2022-11-16 19:41:01,039] [builder.py:2174]           [INFO]     | 1/2 | Best of 2021 Collection | = | Luca (2021)                                                    |
[2022-11-16 19:41:01,039] [builder.py:2174]           [INFO]     | 2/2 | Best of 2021 Collection | = | Encanto (2021)                                                 |
[2022-11-16 19:41:01,039] [builder.py:2194]           [INFO]     |                                                                                                    |
[2022-11-16 19:41:01,040] [builder.py:2196]           [INFO]     | 2 Movies Processed 0 Movies Added                                                                  |
[2022-11-16 19:41:01,040] [builder.py:2306]           [INFO]     |                                                                                                    |
[2022-11-16 19:41:01,040] [builder.py:2307]           [INFO]     |============================= Missing Movies from Library: Kids Movies =============================|
[2022-11-16 19:41:01,040] [builder.py:2308]           [INFO]     |                                                                                                    |
[2022-11-16 19:41:01,117] [builder.py:2321]           [INFO]     | Best of 2021 Collection | ? | Nomadland (2020) (TMDb: 581734)                                      |
[2022-11-16 19:41:01,131] [builder.py:2321]           [INFO]     | Best of 2021 Collection | ? | Judas and the Black Messiah (2021) (TMDb: 583406)                    |
[2022-11-16 19:41:01,143] [builder.py:2321]           [INFO]     | Best of 2021 Collection | ? | The Father (2020) (TMDb: 600354)                                     |
[2022-11-16 19:41:01,153] [builder.py:2321]           [INFO]     | Best of 2021 Collection | ? | Spider-Man: No Way Home (2021) (TMDb: 634649)                        |
[2022-11-16 19:41:01,169] [builder.py:2321]           [INFO]     | Best of 2021 Collection | ? | In the Heights (2021) (TMDb: 467909)                                 |
[2022-11-16 19:41:01,181] [builder.py:2321]           [INFO]     | Best of 2021 Collection | ? | Summer of Soul (...Or, When the Revolution Could Not Be Televised) (2021) (TMDb: 776527) |
[2022-11-16 19:41:01,193] [builder.py:2321]           [INFO]     | Best of 2021 Collection | ? | Pig (2021) (TMDb: 635731)                                            |
[2022-11-16 19:41:01,204] [builder.py:2321]           [INFO]     | Best of 2021 Collection | ? | The Power of the Dog (2021) (TMDb: 600583)                           |
[2022-11-16 19:41:01,216] [builder.py:2321]           [INFO]     | Best of 2021 Collection | ? | CODA (2021) (TMDb: 776503)                                           |
[2022-11-16 19:41:01,233] [builder.py:2321]           [INFO]     | Best of 2021 Collection | ? | West Side Story (2021) (TMDb: 511809)                                |
[2022-11-16 19:41:01,245] [builder.py:2321]           [INFO]     | Best of 2021 Collection | ? | Raya and the Last Dragon (2021) (TMDb: 527774)                       |
[2022-11-16 19:41:01,255] [builder.py:2321]           [INFO]     | Best of 2021 Collection | ? | A Quiet Place Part II (2021) (TMDb: 520763)                          |
[2022-11-16 19:41:01,268] [builder.py:2321]           [INFO]     | Best of 2021 Collection | ? | The Mitchells vs. the Machines (2021) (TMDb: 501929)                 |
[2022-11-16 19:41:01,342] [builder.py:2321]           [INFO]     | Best of 2021 Collection | ? | The Suicide Squad (2021) (TMDb: 436969)                              |
[2022-11-16 19:41:01,387] [builder.py:2321]           [INFO]     | Best of 2021 Collection | ? | The Tragedy of Macbeth (2021) (TMDb: 591538)                         |
[2022-11-16 19:41:01,398] [builder.py:2321]           [INFO]     | Best of 2021 Collection | ? | MLK/FBI (2021) (TMDb: 728868)                                        |
[2022-11-16 19:41:01,411] [builder.py:2321]           [INFO]     | Best of 2021 Collection | ? | Shang-Chi and the Legend of the Ten Rings (2021) (TMDb: 566525)      |
[2022-11-16 19:41:01,423] [builder.py:2321]           [INFO]     | Best of 2021 Collection | ? | Parallel Mothers (2021) (TMDb: 766798)                               |
[2022-11-16 19:41:01,439] [builder.py:2321]           [INFO]     | Best of 2021 Collection | ? | Drive My Car (2021) (TMDb: 758866)                                   |
[2022-11-16 19:41:01,450] [builder.py:2321]           [INFO]     | Best of 2021 Collection | ? | The Lost Daughter (2021) (TMDb: 554230)                              |
[2022-11-16 19:41:01,462] [builder.py:2321]           [INFO]     | Best of 2021 Collection | ? | Flee (2021) (TMDb: 680813)                                           |
[2022-11-16 19:41:01,473] [builder.py:2321]           [INFO]     | Best of 2021 Collection | ? | The Velvet Underground (2021) (TMDb: 543836)                         |
[2022-11-16 19:41:01,485] [builder.py:2321]           [INFO]     | Best of 2021 Collection | ? | Quo Vadis, Aida? (2021) (TMDb: 728118)                               |
[2022-11-16 19:41:01,496] [builder.py:2321]           [INFO]     | Best of 2021 Collection | ? | Mass (2021) (TMDb: 423333)                                           |
[2022-11-16 19:41:01,509] [builder.py:2321]           [INFO]     | Best of 2021 Collection | ? | Slalom (2021) (TMDb: 585744)                                         |
[2022-11-16 19:41:01,524] [builder.py:2321]           [INFO]     | Best of 2021 Collection | ? | The Sparks Brothers (2021) (TMDb: 776485)                            |
[2022-11-16 19:41:01,534] [builder.py:2321]           [INFO]     | Best of 2021 Collection | ? | Shiva Baby (2021) (TMDb: 664300)                                     |
[2022-11-16 19:41:01,552] [builder.py:2321]           [INFO]     | Best of 2021 Collection | ? | Woodlands Dark and Days Bewitched: A History of Folk Horror (2021) (TMDb: 614637) |
[2022-11-16 19:41:01,573] [builder.py:2321]           [INFO]     | Best of 2021 Collection | ? | Luzzu (2021) (TMDb: 776544)                                          |
[2022-11-16 19:41:01,587] [builder.py:2321]           [INFO]     | Best of 2021 Collection | ? | Two of Us (2020) (TMDb: 621744)                                      |
[2022-11-16 19:41:01,599] [builder.py:2321]           [INFO]     | Best of 2021 Collection | ? | Julia (2021) (TMDb: 811933)                                          |
[2022-11-16 19:41:01,611] [builder.py:2321]           [INFO]     | Best of 2021 Collection | ? | Sabaya (2021) (TMDb: 776555)                                         |
[2022-11-16 19:41:01,623] [builder.py:2321]           [INFO]     | Best of 2021 Collection | ? | Hive (2021) (TMDb: 776541)                                           |
[2022-11-16 19:41:01,637] [builder.py:2321]           [INFO]     | Best of 2021 Collection | ? | Identifying Features (2020) (TMDb: 653658)                           |
[2022-11-16 19:41:01,660] [builder.py:2321]           [INFO]     | Best of 2021 Collection | ? | Azor (2021) (TMDb: 659954)                                           |
[2022-11-16 19:41:01,684] [builder.py:2321]           [INFO]     | Best of 2021 Collection | ? | Paper Spiders (2021) (TMDb: 750272)                                  |
[2022-11-16 19:41:01,696] [builder.py:2321]           [INFO]     | Best of 2021 Collection | ? | Wheel of Fortune and Fantasy (2021) (TMDb: 795811)                   |
[2022-11-16 19:41:01,709] [builder.py:2321]           [INFO]     | Best of 2021 Collection | ? | The Woman Who Ran (2020) (TMDb: 662401)                              |
[2022-11-16 19:41:01,714] [builder.py:2321]           [INFO]     | Best of 2021 Collection | ? | I'm Your Man (2021) (TMDb: 795813)                                   |
[2022-11-16 19:41:01,801] [builder.py:2321]           [INFO]     | Best of 2021 Collection | ? | Licorice Pizza (2021) (TMDb: 718032)                                 |
[2022-11-16 19:41:01,812] [builder.py:2321]           [INFO]     | Best of 2021 Collection | ? | The Green Knight (2021) (TMDb: 559907)                               |
[2022-11-16 19:41:01,823] [builder.py:2321]           [INFO]     | Best of 2021 Collection | ? | Dune (2021) (TMDb: 438631)                                           |
[2022-11-16 19:41:01,835] [builder.py:2321]           [INFO]     | Best of 2021 Collection | ? | Riders of Justice (2020) (TMDb: 663870)                              |
[2022-11-16 19:41:01,851] [builder.py:2321]           [INFO]     | Best of 2021 Collection | ? | C'mon C'mon (2021) (TMDb: 632617)                                    |
[2022-11-16 19:41:01,864] [builder.py:2321]           [INFO]     | Best of 2021 Collection | ? | Boiling Point (2021) (TMDb: 807196)                                  |
[2022-11-16 19:41:01,877] [builder.py:2321]           [INFO]     | Best of 2021 Collection | ? | I Carry You with Me (2020) (TMDb: 653594)                            |
[2022-11-16 19:41:01,894] [builder.py:2321]           [INFO]     | Best of 2021 Collection | ? | Language Lessons (2021) (TMDb: 795530)                               |
[2022-11-16 19:41:01,905] [builder.py:2321]           [INFO]     | Best of 2021 Collection | ? | Petite Maman (2021) (TMDb: 749004)                                   |
[2022-11-16 19:41:01,917] [builder.py:2321]           [INFO]     | Best of 2021 Collection | ? | The Paper Tigers (2020) (TMDb: 731738)                               |
[2022-11-16 19:41:01,930] [builder.py:2321]           [INFO]     | Best of 2021 Collection | ? | Beyond the Infinite Two Minutes (2020) (TMDb: 805627)                |
[2022-11-16 19:41:01,943] [builder.py:2321]           [INFO]     | Best of 2021 Collection | ? | King Richard (2021) (TMDb: 614917)                                   |
[2022-11-16 19:41:01,954] [builder.py:2321]           [INFO]     | Best of 2021 Collection | ? | Becoming Cousteau (2021) (TMDb: 774823)                              |
[2022-11-16 19:41:01,965] [builder.py:2321]           [INFO]     | Best of 2021 Collection | ? | The Lost Leonardo (2021) (TMDb: 822099)                              |
[2022-11-16 19:41:01,981] [builder.py:2321]           [INFO]     | Best of 2021 Collection | ? | Billie Eilish: The World's a Little Blurry (2021) (TMDb: 654754)     |
[2022-11-16 19:41:02,011] [builder.py:2321]           [INFO]     | Best of 2021 Collection | ? | My Heart Can't Beat Unless You Tell It To (2020) (TMDb: 690248)      |
[2022-11-16 19:41:02,022] [builder.py:2321]           [INFO]     | Best of 2021 Collection | ? | Attica (2021) (TMDb: 858059)                                         |
[2022-11-16 19:41:02,035] [builder.py:2321]           [INFO]     | Best of 2021 Collection | ? | Hope (2019) (TMDb: 616561)                                           |
[2022-11-16 19:41:02,047] [builder.py:2321]           [INFO]     | Best of 2021 Collection | ? | Demon Slayer -Kimetsu no Yaiba- The Movie: Mugen Train (2020) (TMDb: 635302) |
[2022-11-16 19:41:02,062] [builder.py:2321]           [INFO]     | Best of 2021 Collection | ? | Days (2021) (TMDb: 662400)                                           |
[2022-11-16 19:41:02,073] [builder.py:2321]           [INFO]     | Best of 2021 Collection | ? | The Rescue (2021) (TMDb: 680058)                                     |
[2022-11-16 19:41:02,085] [builder.py:2321]           [INFO]     | Best of 2021 Collection | ? | 7 Prisoners (2021) (TMDb: 785538)                                    |
[2022-11-16 19:41:02,096] [builder.py:2321]           [INFO]     | Best of 2021 Collection | ? | Ascension (2021) (TMDb: 822138)                                      |
[2022-11-16 19:41:02,111] [builder.py:2321]           [INFO]     | Best of 2021 Collection | ? | Procession (2021) (TMDb: 869623)                                     |
[2022-11-16 19:41:02,122] [builder.py:2321]           [INFO]     | Best of 2021 Collection | ? | Playing with Sharks (2021) (TMDb: 776553)                            |
[2022-11-16 19:41:02,133] [builder.py:2321]           [INFO]     | Best of 2021 Collection | ? | Drunk Bus (2021) (TMDb: 659360)                                      |
[2022-11-16 19:41:02,145] [builder.py:2321]           [INFO]     | Best of 2021 Collection | ? | Rita Moreno: Just a Girl Who Decided to Go for It (2021) (TMDb: 776526) |
[2022-11-16 19:41:02,156] [builder.py:2321]           [INFO]     | Best of 2021 Collection | ? | The Reason I Jump (2020) (TMDb: 653758)                              |
[2022-11-16 19:41:02,167] [builder.py:2321]           [INFO]     | Best of 2021 Collection | ? | Passing (2021) (TMDb: 541524)                                        |
[2022-11-16 19:41:02,182] [builder.py:2321]           [INFO]     | Best of 2021 Collection | ? | No Time to Die (2021) (TMDb: 370172)                                 |
[2022-11-16 19:41:02,193] [builder.py:2321]           [INFO]     | Best of 2021 Collection | ? | Stray (2021) (TMDb: 684697)                                          |
[2022-11-16 19:41:02,221] [builder.py:2321]           [INFO]     | Best of 2021 Collection | ? | Street Gang: How We Got to Sesame Street (2021) (TMDb: 476044)       |
[2022-11-16 19:41:02,234] [builder.py:2321]           [INFO]     | Best of 2021 Collection | ? | Herself (2020) (TMDb: 653708)                                        |
[2022-11-16 19:41:02,246] [builder.py:2321]           [INFO]     | Best of 2021 Collection | ? | Test Pattern (2021) (TMDb: 637254)                                   |
[2022-11-16 19:41:02,258] [builder.py:2321]           [INFO]     | Best of 2021 Collection | ? | In the Same Breath (2021) (TMDb: 776518)                             |
[2022-11-16 19:41:02,269] [builder.py:2321]           [INFO]     | Best of 2021 Collection | ? | Plan B (2021) (TMDb: 743599)                                         |
[2022-11-16 19:41:02,279] [builder.py:2321]           [INFO]     | Best of 2021 Collection | ? | The Humans (2021) (TMDb: 588367)                                     |
[2022-11-16 19:41:02,290] [builder.py:2321]           [INFO]     | Best of 2021 Collection | ? | Prayers for the Stolen (2021) (TMDb: 670981)                         |
[2022-11-16 19:41:02,301] [builder.py:2321]           [INFO]     | Best of 2021 Collection | ? | Belfast (2021) (TMDb: 777270)                                        |
[2022-11-16 19:41:02,318] [builder.py:2321]           [INFO]     | Best of 2021 Collection | ? | Limbo (2021) (TMDb: 554371)                                          |
[2022-11-16 19:41:02,330] [builder.py:2321]           [INFO]     | Best of 2021 Collection | ? | Val (2021) (TMDb: 834027)                                            |
[2022-11-16 19:41:02,344] [builder.py:2321]           [INFO]     | Best of 2021 Collection | ? | Rose Plays Julie (2021) (TMDb: 589820)                               |
[2022-11-16 19:41:02,355] [builder.py:2321]           [INFO]     | Best of 2021 Collection | ? | Lapsis (2021) (TMDb: 665888)                                         |
[2022-11-16 19:41:02,357] [builder.py:2321]           [INFO]     | Best of 2021 Collection | ? | Dear Comrades! (2020) (TMDb: 587609)                                 |
[2022-11-16 19:41:02,369] [builder.py:2321]           [INFO]     | Best of 2021 Collection | ? | The Souvenir: Part II (2021) (TMDb: 473021)                          |
[2022-11-16 19:41:02,382] [builder.py:2321]           [INFO]     | Best of 2021 Collection | ? | The Killing of Two Lovers (2021) (TMDb: 653712)                      |
[2022-11-16 19:41:02,397] [builder.py:2321]           [INFO]     | Best of 2021 Collection | ? | Mogul Mowgli (2020) (TMDb: 665764)                                   |
[2022-11-16 19:41:02,409] [builder.py:2321]           [INFO]     | Best of 2021 Collection | ? | Titane (2021) (TMDb: 630240)                                         |
[2022-11-16 19:41:02,419] [builder.py:2321]           [INFO]     | Best of 2021 Collection | ? | Candyman (2021) (TMDb: 565028)                                       |
[2022-11-16 19:41:02,436] [builder.py:2321]           [INFO]     | Best of 2021 Collection | ? | Supernova (2020) (TMDb: 642208)                                      |
[2022-11-16 19:41:02,447] [builder.py:2321]           [INFO]     | Best of 2021 Collection | ? | The Old Ways (2020) (TMDb: 752505)                                   |
[2022-11-16 19:41:02,460] [builder.py:2321]           [INFO]     | Best of 2021 Collection | ? | Roadrunner: A Film About Anthony Bourdain (2021) (TMDb: 642732)      |
[2022-11-16 19:41:02,472] [builder.py:2321]           [INFO]     | Best of 2021 Collection | ? | El Planeta (2021) (TMDb: 776536)                                     |
[2022-11-16 19:41:02,491] [builder.py:2321]           [INFO]     | Best of 2021 Collection | ? | Old Henry (2021) (TMDb: 785663)                                      |
[2022-11-16 19:41:02,501] [builder.py:2321]           [INFO]     | Best of 2021 Collection | ? | Zola (2020) (TMDb: 539565)                                           |
[2022-11-16 19:41:02,522] [builder.py:2321]           [INFO]     | Best of 2021 Collection | ? | Black Widow (2021) (TMDb: 497698)                                    |
[2022-11-16 19:41:02,536] [builder.py:2321]           [INFO]     | Best of 2021 Collection | ? | Some Kind of Heaven (2021) (TMDb: 638741)                            |
[2022-11-16 19:41:02,547] [builder.py:2321]           [INFO]     | Best of 2021 Collection | ? | The Beta Test (2021) (TMDb: 749645)                                  |
[2022-11-16 19:41:02,559] [builder.py:2321]           [INFO]     | Best of 2021 Collection | ? | Never Gonna Snow Again (2020) (TMDb: 726151)                         |
[2022-11-16 19:41:02,559] [builder.py:2326]           [INFO]     |                                                                                                    |
[2022-11-16 19:41:02,559] [builder.py:2327]           [INFO]     | 98 Movies Missing                                                                                  |
[2022-11-16 19:41:03,619] [builder.py:2527]           [INFO]     |                                                                                                    |
[2022-11-16 19:41:03,620] [builder.py:2528]           [INFO]     |=========================== Updating Details of Best of 2021 Collection ============================|
[2022-11-16 19:41:03,620] [builder.py:2529]           [INFO]     |                                                                                                    |
[2022-11-16 19:41:03,629] [builder.py:2595]           [INFO]     | Collection Metadata Edits                                                                          |
[2022-11-16 19:41:03,645] [plex_meta_manager.py:736]  [INFO]     |                                                                                                    |
[2022-11-16 19:41:03,645] [plex_meta_manager.py:737]  [INFO]     |====================================================================================================|
[2022-11-16 19:41:03,648] [plex_meta_manager.py:737]  [INFO]     |                                  Finished Best of 2021 Collection                                  |
[2022-11-16 19:41:03,649] [plex_meta_manager.py:737]  [INFO]     |                                    Collection Run Time: 0:00:02                                    |
[2022-11-16 19:41:03,649] [plex_meta_manager.py:737]  [INFO]     |====================================================================================================|
