[2022-11-16 22:30:07,645] [builder.py:193]            [INFO]     |====================================================================================================|
[2022-11-16 22:30:07,645] [builder.py:193]            [INFO]     |                        Sundance Film Festival 2013 Collection in Old Movies                        |
[2022-11-16 22:30:07,645] [builder.py:193]            [INFO]     |====================================================================================================|
[2022-11-16 22:30:07,645] [builder.py:194]            [INFO]     |                                                                                                    |
[2022-11-16 22:30:07,645] [builder.py:199]            [INFO]     |================================ Building Definition From Templates ================================|
[2022-11-16 22:30:07,646] [builder.py:215]            [DEBUG]    |                                                                                                    |
[2022-11-16 22:30:07,646] [meta.py:210]               [DEBUG]    |================================== Template use_year_collections ===================================|
[2022-11-16 22:30:07,647] [meta.py:451]               [DEBUG]    |                                                                                                    |
[2022-11-16 22:30:07,648] [meta.py:210]               [DEBUG]    |========================================== Template trakt ==========================================|
[2022-11-16 22:30:07,648] [meta.py:451]               [DEBUG]    |                                                                                                    |
[2022-11-16 22:30:07,650] [meta.py:210]               [DEBUG]    |======================================= Template translation =======================================|
[2022-11-16 22:30:07,651] [meta.py:451]               [DEBUG]    |                                                                                                    |
[2022-11-16 22:30:07,655] [meta.py:210]               [DEBUG]    |========================================= Template shared ==========================================|
[2022-11-16 22:30:07,656] [meta.py:451]               [DEBUG]    |                                                                                                    |
[2022-11-16 22:30:07,661] [meta.py:506]               [INFO]     |                                                                                                    |
[2022-11-16 22:30:07,661] [meta.py:507]               [WARNING]  | Template Warning: template attribute: trakt_list from shared skipped                               |
[2022-11-16 22:30:07,674] [meta.py:210]               [DEBUG]    |=========================================== Template arr ===========================================|
[2022-11-16 22:30:07,675] [meta.py:451]               [DEBUG]    |                                                                                                    |
[2022-11-16 22:30:07,687] [meta.py:210]               [DEBUG]    |========================================= Template custom ==========================================|
[2022-11-16 22:30:07,688] [meta.py:451]               [DEBUG]    |                                                                                                    |
[2022-11-16 22:30:07,697] [meta.py:512]               [DEBUG]    |                                                                                                    |
[2022-11-16 22:30:07,698] [meta.py:513]               [DEBUG]    |==================================== Final Template Attributes =====================================|
[2022-11-16 22:30:07,698] [meta.py:514]               [DEBUG]    |                                                                                                    |
[2022-11-16 22:30:07,700] [meta.py:515]               [DEBUG]    | {'trakt_list': 'https://trakt.tv/users/pjcob/lists/2013-sundance', 'summary': 'Sundance Film Festival of 2013.', 'name': 'Sundance Film Festival 2013', 'allowed_library_types': ['movie'], 'ignore_blank_results': True, 'collection_mode': 'hide', 'sort_title': '!16_Sundance Film Festival 2013', 'url_poster': 'https://raw.githubusercontent.com/meisnate12/Plex-Meta-Manager-Images/master/award/sundance/2013.jpg', 'collection_order': 'custom', 'sync_mode': 'sync', 'cache_builders': 1} |
[2022-11-16 22:30:07,700] [meta.py:516]               [DEBUG]    |                                                                                                    |
[2022-11-16 22:30:07,700] [builder.py:223]            [INFO]     |======================== Validating Sundance Film Festival 2013 Attributes =========================|
[2022-11-16 22:30:07,703] [builder.py:226]            [DEBUG]    |                                                                                                    |
[2022-11-16 22:30:07,703] [builder.py:227]            [DEBUG]    | Validating Method: name                                                                            |
[2022-11-16 22:30:07,703] [builder.py:230]            [DEBUG]    | Value: Sundance Film Festival 2013                                                                 |
[2022-11-16 22:30:07,703] [builder.py:236]            [DEBUG]    |                                                                                                    |
[2022-11-16 22:30:07,704] [builder.py:237]            [DEBUG]    | Validating Method: allowed_library_types                                                           |
[2022-11-16 22:30:07,704] [builder.py:240]            [DEBUG]    | Value: ['movie']                                                                                   |
[2022-11-16 22:30:07,709] [builder.py:502]            [DEBUG]    |                                                                                                    |
[2022-11-16 22:30:07,709] [builder.py:503]            [DEBUG]    | Validating Method: ignore_blank_results                                                            |
[2022-11-16 22:30:07,714] [builder.py:504]            [DEBUG]    | Value: True                                                                                        |
[2022-11-16 22:30:07,714] [builder.py:516]            [DEBUG]    |                                                                                                    |
[2022-11-16 22:30:07,714] [builder.py:517]            [DEBUG]    | Validating Method: sync_mode                                                                       |
[2022-11-16 22:30:07,714] [builder.py:521]            [DEBUG]    | Value: sync                                                                                        |
[2022-11-16 22:30:07,714] [builder.py:613]            [DEBUG]    |                                                                                                    |
[2022-11-16 22:30:07,715] [builder.py:614]            [DEBUG]    | Validating Method: collection_order                                                                |
[2022-11-16 22:30:07,717] [builder.py:615]            [DEBUG]    | Value: custom                                                                                      |
[2022-11-16 22:30:07,717] [builder.py:646]            [DEBUG]    |                                                                                                    |
[2022-11-16 22:30:07,717] [builder.py:650]            [DEBUG]    | Validating Method: label                                                                           |
[2022-11-16 22:30:07,717] [builder.py:651]            [DEBUG]    | Value: Sundance Film Festival                                                                      |
[2022-11-16 22:30:07,719] [builder.py:646]            [DEBUG]    |                                                                                                    |
[2022-11-16 22:30:07,720] [builder.py:650]            [DEBUG]    | Validating Method: trakt_list                                                                      |
[2022-11-16 22:30:07,720] [builder.py:651]            [DEBUG]    | Value: https://trakt.tv/users/pjcob/lists/2013-sundance                                            |
[2022-11-16 22:30:07,778] [builder.py:646]            [DEBUG]    |                                                                                                    |
[2022-11-16 22:30:07,779] [builder.py:650]            [DEBUG]    | Validating Method: summary                                                                         |
[2022-11-16 22:30:07,779] [builder.py:651]            [DEBUG]    | Value: Sundance Film Festival of 2013.                                                             |
[2022-11-16 22:30:07,779] [builder.py:646]            [DEBUG]    |                                                                                                    |
[2022-11-16 22:30:07,780] [builder.py:650]            [DEBUG]    | Validating Method: collection_mode                                                                 |
[2022-11-16 22:30:07,780] [builder.py:651]            [DEBUG]    | Value: hide                                                                                        |
[2022-11-16 22:30:07,781] [builder.py:646]            [DEBUG]    |                                                                                                    |
[2022-11-16 22:30:07,781] [builder.py:650]            [DEBUG]    | Validating Method: sort_title                                                                      |
[2022-11-16 22:30:07,781] [builder.py:651]            [DEBUG]    | Value: !16_Sundance Film Festival 2013                                                             |
[2022-11-16 22:30:07,782] [builder.py:646]            [DEBUG]    |                                                                                                    |
[2022-11-16 22:30:07,782] [builder.py:650]            [DEBUG]    | Validating Method: url_poster                                                                      |
[2022-11-16 22:30:07,782] [builder.py:651]            [DEBUG]    | Value: https://raw.githubusercontent.com/meisnate12/Plex-Meta-Manager-Images/master/award/sundance/2013.jpg |
[2022-11-16 22:30:07,907] [builder.py:646]            [DEBUG]    |                                                                                                    |
[2022-11-16 22:30:07,907] [builder.py:650]            [DEBUG]    | Validating Method: cache_builders                                                                  |
[2022-11-16 22:30:07,907] [builder.py:651]            [DEBUG]    | Value: 1                                                                                           |
[2022-11-16 22:30:07,912] [plex.py:835]               [DEBUG]    |                                                                                                    |
[2022-11-16 22:30:07,913] [plex.py:838]               [DEBUG]    | Looking for: Sundance Film Festival 2013                                                           |
[2022-11-16 22:30:07,913] [builder.py:814]            [INFO]     |                                                                                                    |
[2022-11-16 22:30:07,913] [builder.py:815]            [INFO]     | Validation Successful                                                                              |
[2022-11-16 22:30:07,913] [plex_meta_manager.py:594]  [INFO]     |                                                                                                    |
[2022-11-16 22:30:07,913] [plex_meta_manager.py:596]  [INFO]     |========================== Running Sundance Film Festival 2013 Collection ==========================|
[2022-11-16 22:30:07,913] [plex_meta_manager.py:608]  [INFO]     |                                                                                                    |
[2022-11-16 22:30:07,913] [plex_meta_manager.py:609]  [INFO]     | Sync Mode: sync                                                                                    |
[2022-11-16 22:30:07,913] [plex_meta_manager.py:612]  [DEBUG]    |                                                                                                    |
[2022-11-16 22:30:07,913] [plex_meta_manager.py:613]  [DEBUG]    | Builder: trakt_list: https://trakt.tv/users/pjcob/lists/2013-sundance                              |
[2022-11-16 22:30:07,914] [plex_meta_manager.py:614]  [INFO]     |                                                                                                    |
[2022-11-16 22:30:07,915] [builder.py:1523]           [INFO]     | Builder: trakt_list loaded from Cache                                                              |
[2022-11-16 22:30:07,917] [builder.py:1574]           [DEBUG]    |                                                                                                    |
[2022-11-16 22:30:07,918] [builder.py:1575]           [DEBUG]    | 52 IDs Found                                                                                       |
[2022-11-16 22:30:07,918] [builder.py:1577]           [DEBUG]    |                                                                                                    |
[2022-11-16 22:30:07,918] [plex_meta_manager.py:711]  [WARNING]  | Collection Warning: No items found                                                                 |
[2022-11-16 22:30:07,918] [plex_meta_manager.py:736]  [INFO]     |                                                                                                    |
[2022-11-16 22:30:07,918] [plex_meta_manager.py:737]  [INFO]     |====================================================================================================|
[2022-11-16 22:30:07,918] [plex_meta_manager.py:737]  [INFO]     |                          Finished Sundance Film Festival 2013 Collection                           |
[2022-11-16 22:30:07,919] [plex_meta_manager.py:737]  [INFO]     |                                    Collection Run Time: 0:00:00                                    |
[2022-11-16 22:30:07,919] [plex_meta_manager.py:737]  [INFO]     |====================================================================================================|
