[2022-11-17 08:53:01,840] [builder.py:193]            [INFO]     |====================================================================================================|
[2022-11-17 08:53:01,841] [builder.py:193]            [INFO]     |                               History Collection in Christmas Movies                               |
[2022-11-17 08:53:01,841] [builder.py:193]            [INFO]     |====================================================================================================|
[2022-11-17 08:53:01,841] [builder.py:194]            [INFO]     |                                                                                                    |
[2022-11-17 08:53:01,841] [builder.py:199]            [INFO]     |================================ Building Definition From Templates ================================|
[2022-11-17 08:53:01,841] [builder.py:215]            [DEBUG]    |                                                                                                    |
[2022-11-17 08:53:01,841] [meta.py:210]               [DEBUG]    |========================================== Template Genre ==========================================|
[2022-11-17 08:53:01,842] [meta.py:451]               [DEBUG]    |                                                                                                    |
[2022-11-17 08:53:01,843] [meta.py:512]               [DEBUG]    |                                                                                                    |
[2022-11-17 08:53:01,843] [meta.py:513]               [DEBUG]    |==================================== Final Template Attributes =====================================|
[2022-11-17 08:53:01,843] [meta.py:514]               [DEBUG]    |                                                                                                    |
[2022-11-17 08:53:01,844] [meta.py:515]               [DEBUG]    | {'plex_search': {'genre': 'History'}, 'url_poster': 'https://theposterdb.com/api/assets/58022', 'sort_title': '+++++++_History', 'collection_order': 'alpha'} |
[2022-11-17 08:53:01,845] [meta.py:516]               [DEBUG]    |                                                                                                    |
[2022-11-17 08:53:01,845] [builder.py:223]            [INFO]     |================================== Validating History Attributes ===================================|
[2022-11-17 08:53:01,845] [builder.py:613]            [DEBUG]    |                                                                                                    |
[2022-11-17 08:53:01,846] [builder.py:614]            [DEBUG]    | Validating Method: collection_order                                                                |
[2022-11-17 08:53:01,846] [builder.py:615]            [DEBUG]    | Value: alpha                                                                                       |
[2022-11-17 08:53:01,846] [builder.py:646]            [DEBUG]    |                                                                                                    |
[2022-11-17 08:53:01,846] [builder.py:650]            [DEBUG]    | Validating Method: summary                                                                         |
[2022-11-17 08:53:01,846] [builder.py:651]            [DEBUG]    | Value: History film is a genre that takes historical events and people and interprets them in a larger scale. Historical accuracy is not the main focus, but rather the telling of a grandiose story. The drama of an History film is often accentuated by a sweeping musical score, lavish costumes, and high production value. |
[2022-11-17 08:53:01,847] [builder.py:646]            [DEBUG]    |                                                                                                    |
[2022-11-17 08:53:01,847] [builder.py:650]            [DEBUG]    | Validating Method: plex_search                                                                     |
[2022-11-17 08:53:01,847] [builder.py:651]            [DEBUG]    | Value: {'genre': 'History'}                                                                        |
[2022-11-17 08:53:02,029] [builder.py:646]            [DEBUG]    |                                                                                                    |
[2022-11-17 08:53:02,029] [builder.py:650]            [DEBUG]    | Validating Method: url_poster                                                                      |
[2022-11-17 08:53:02,029] [builder.py:651]            [DEBUG]    | Value: https://theposterdb.com/api/assets/58022                                                    |
[2022-11-17 08:53:02,778] [builder.py:646]            [DEBUG]    |                                                                                                    |
[2022-11-17 08:53:02,778] [builder.py:650]            [DEBUG]    | Validating Method: sort_title                                                                      |
[2022-11-17 08:53:02,779] [builder.py:651]            [DEBUG]    | Value: +++++++_History                                                                             |
[2022-11-17 08:53:02,832] [builder.py:814]            [INFO]     |                                                                                                    |
[2022-11-17 08:53:02,833] [builder.py:815]            [INFO]     | Validation Successful                                                                              |
[2022-11-17 08:53:02,833] [plex_meta_manager.py:594]  [INFO]     |                                                                                                    |
[2022-11-17 08:53:02,834] [plex_meta_manager.py:596]  [INFO]     |==================================== Running History Collection ====================================|
[2022-11-17 08:53:02,835] [plex_meta_manager.py:608]  [INFO]     |                                                                                                    |
[2022-11-17 08:53:02,835] [plex_meta_manager.py:609]  [INFO]     | Sync Mode: append                                                                                  |
[2022-11-17 08:53:02,836] [plex_meta_manager.py:612]  [DEBUG]    |                                                                                                    |
[2022-11-17 08:53:02,837] [plex_meta_manager.py:613]  [DEBUG]    | Builder: plex_search: (1, "Plex Movie Search\nSort By: ['title.asc']\nFilter:\n  Match all of the following:\n    Match any of the following:\n      Genre is History", '?type=1&sort=titleSort&push=1&genre=13316&pop=1') |
[2022-11-17 08:53:02,837] [plex_meta_manager.py:614]  [INFO]     |                                                                                                    |
[2022-11-17 08:53:02,838] [plex.py:924]               [INFO]     | Processing Plex Movie Search                                                                       |
                                                                 | Sort By: ['title.asc']
                                                                 | Filter:
                                                                 |   Match all of the following:
                                                                 |     Match any of the following:
                                                                 |       Genre is History
[2022-11-17 08:53:02,864] [builder.py:1574]           [DEBUG]    | 
[2022-11-17 08:53:02,865] [builder.py:1575]           [DEBUG]    | 2 IDs Found
[2022-11-17 08:53:02,866] [builder.py:1577]           [DEBUG]    | 
[2022-11-17 08:53:02,867] [builder.py:2158]           [INFO]     | 
[2022-11-17 08:53:02,867] [builder.py:2159]           [INFO]     |=================================== Adding to History Collection ===================================|
[2022-11-17 08:53:02,869] [builder.py:2160]           [INFO]     |                                                                                                    |
[2022-11-17 08:53:02,870] [builder.py:2174]           [INFO]     | 1/2 | History Collection | = | Christmas with the Chosen: The Messengers (2021)                    |
[2022-11-17 08:53:02,870] [builder.py:2174]           [INFO]     | 2/2 | History Collection | = | The Man Who Invented Christmas (2017)                               |
[2022-11-17 08:53:02,871] [builder.py:2194]           [INFO]     |                                                                                                    |
[2022-11-17 08:53:02,872] [builder.py:2196]           [INFO]     | 2 Movies Processed 0 Movies Added                                                                  |
[2022-11-17 08:53:02,882] [builder.py:2527]           [INFO]     |                                                                                                    |
[2022-11-17 08:53:02,882] [builder.py:2528]           [INFO]     |============================== Updating Details of History Collection ==============================|
[2022-11-17 08:53:02,883] [builder.py:2529]           [INFO]     |                                                                                                    |
[2022-11-17 08:53:02,893] [builder.py:2595]           [INFO]     | Collection Metadata Edits                                                                          |
[2022-11-17 08:53:02,895] [util.py:174]               [DEBUG]    | 2 posters found:                                                                                   |
[2022-11-17 08:53:02,896] [util.py:176]               [DEBUG]    | Method: url_poster Poster: https://theposterdb.com/api/assets/58022                                |
[2022-11-17 08:53:02,897] [util.py:176]               [DEBUG]    | Method: asset_directory Poster: {'attribute': 'asset_directory', 'location': '/config/Christmas_Movies/Assets/History/poster.png', 'prefix': "History's ", 'is_poster': True, 'is_url': False, 'compare': 5545947, 'message': "History's poster to [File] /config/Christmas_Movies/Assets/History/poster.png"} |
[2022-11-17 08:53:02,900] [library.py:180]            [INFO]     | Detail: History's poster update not needed                                                         |
[2022-11-17 08:53:02,939] [plex_meta_manager.py:736]  [INFO]     |                                                                                                    |
[2022-11-17 08:53:02,940] [plex_meta_manager.py:737]  [INFO]     |====================================================================================================|
[2022-11-17 08:53:02,940] [plex_meta_manager.py:737]  [INFO]     |                                    Finished History Collection                                     |
[2022-11-17 08:53:02,940] [plex_meta_manager.py:737]  [INFO]     |                                    Collection Run Time: 0:00:01                                    |
[2022-11-17 08:53:02,940] [plex_meta_manager.py:737]  [INFO]     |====================================================================================================|
