[2022-11-25 15:48:16,014] [builder.py:193]            [INFO]     |====================================================================================================|
[2022-11-25 15:48:16,014] [builder.py:193]            [INFO]     |                                IMDb Popular Collection in TV Shows                                 |
[2022-11-25 15:48:16,014] [builder.py:193]            [INFO]     |====================================================================================================|
[2022-11-25 15:48:16,014] [builder.py:194]            [INFO]     |                                                                                                    |
[2022-11-25 15:48:16,015] [builder.py:199]            [INFO]     |================================ Building Definition From Templates ================================|
[2022-11-25 15:48:16,015] [builder.py:209]            [DEBUG]    |                                                                                                    |
[2022-11-25 15:48:16,015] [builder.py:210]            [DEBUG]    | Validating Method: variables                                                                       |
[2022-11-25 15:48:16,015] [builder.py:215]            [DEBUG]    |                                                                                                    |
[2022-11-25 15:48:16,015] [meta.py:210]               [DEBUG]    |======================================= Template imdb_chart ========================================|
[2022-11-25 15:48:16,016] [meta.py:451]               [DEBUG]    |                                                                                                    |
[2022-11-25 15:48:16,018] [meta.py:210]               [DEBUG]    |========================================= Template shared ==========================================|
[2022-11-25 15:48:16,025] [meta.py:451]               [DEBUG]    |                                                                                                    |
[2022-11-25 15:48:16,051] [meta.py:210]               [DEBUG]    |=========================================== Template arr ===========================================|
[2022-11-25 15:48:16,055] [meta.py:451]               [DEBUG]    |                                                                                                    |
[2022-11-25 15:48:16,079] [meta.py:210]               [DEBUG]    |========================================= Template custom ==========================================|
[2022-11-25 15:48:16,080] [meta.py:451]               [DEBUG]    |                                                                                                    |
[2022-11-25 15:48:16,086] [meta.py:210]               [DEBUG]    |======================================= Template translation =======================================|
[2022-11-25 15:48:16,087] [meta.py:451]               [DEBUG]    |                                                                                                    |
[2022-11-25 15:48:16,099] [meta.py:512]               [DEBUG]    |                                                                                                    |
[2022-11-25 15:48:16,108] [meta.py:513]               [DEBUG]    |==================================== Final Template Attributes =====================================|
[2022-11-25 15:48:16,108] [meta.py:514]               [DEBUG]    |                                                                                                    |
[2022-11-25 15:48:16,108] [meta.py:515]               [DEBUG]    | {'imdb_chart': 'popular_shows', 'ignore_blank_results': True, 'sort_title': '!01_IMDb Popular', 'url_poster': 'https://raw.githubusercontent.com/meisnate12/Plex-Meta-Manager-Images/master/chart/IMDb%20Popular.jpg', 'collection_order': 'custom', 'sync_mode': 'sync', 'cache_builders': 1, 'summary': 'List of IMDb Popular shows.', 'name': 'IMDb Popular'} |
[2022-11-25 15:48:16,108] [meta.py:516]               [DEBUG]    |                                                                                                    |
[2022-11-25 15:48:16,109] [builder.py:223]            [INFO]     |================================ Validating IMDb Popular Attributes ================================|
[2022-11-25 15:48:16,109] [builder.py:226]            [DEBUG]    |                                                                                                    |
[2022-11-25 15:48:16,109] [builder.py:227]            [DEBUG]    | Validating Method: name                                                                            |
[2022-11-25 15:48:16,109] [builder.py:230]            [DEBUG]    | Value: IMDb Popular                                                                                |
[2022-11-25 15:48:16,110] [builder.py:502]            [DEBUG]    |                                                                                                    |
[2022-11-25 15:48:16,110] [builder.py:503]            [DEBUG]    | Validating Method: ignore_blank_results                                                            |
[2022-11-25 15:48:16,110] [builder.py:504]            [DEBUG]    | Value: True                                                                                        |
[2022-11-25 15:48:16,110] [builder.py:516]            [DEBUG]    |                                                                                                    |
[2022-11-25 15:48:16,110] [builder.py:517]            [DEBUG]    | Validating Method: sync_mode                                                                       |
[2022-11-25 15:48:16,110] [builder.py:521]            [DEBUG]    | Value: sync                                                                                        |
[2022-11-25 15:48:16,110] [builder.py:613]            [DEBUG]    |                                                                                                    |
[2022-11-25 15:48:16,111] [builder.py:614]            [DEBUG]    | Validating Method: collection_order                                                                |
[2022-11-25 15:48:16,111] [builder.py:615]            [DEBUG]    | Value: custom                                                                                      |
[2022-11-25 15:48:16,111] [builder.py:646]            [DEBUG]    |                                                                                                    |
[2022-11-25 15:48:16,111] [builder.py:650]            [DEBUG]    | Validating Method: imdb_chart                                                                      |
[2022-11-25 15:48:16,111] [builder.py:651]            [DEBUG]    | Value: popular_shows                                                                               |
[2022-11-25 15:48:16,111] [builder.py:646]            [DEBUG]    |                                                                                                    |
[2022-11-25 15:48:16,112] [builder.py:650]            [DEBUG]    | Validating Method: sort_title                                                                      |
[2022-11-25 15:48:16,112] [builder.py:651]            [DEBUG]    | Value: !01_IMDb Popular                                                                            |
[2022-11-25 15:48:16,112] [builder.py:646]            [DEBUG]    |                                                                                                    |
[2022-11-25 15:48:16,112] [builder.py:650]            [DEBUG]    | Validating Method: url_poster                                                                      |
[2022-11-25 15:48:16,112] [builder.py:651]            [DEBUG]    | Value: https://raw.githubusercontent.com/meisnate12/Plex-Meta-Manager-Images/master/chart/IMDb%20Popular.jpg |
[2022-11-25 15:48:16,169] [builder.py:646]            [DEBUG]    |                                                                                                    |
[2022-11-25 15:48:16,169] [builder.py:650]            [DEBUG]    | Validating Method: cache_builders                                                                  |
[2022-11-25 15:48:16,169] [builder.py:651]            [DEBUG]    | Value: 1                                                                                           |
[2022-11-25 15:48:16,169] [builder.py:646]            [DEBUG]    |                                                                                                    |
[2022-11-25 15:48:16,170] [builder.py:650]            [DEBUG]    | Validating Method: summary                                                                         |
[2022-11-25 15:48:16,170] [builder.py:651]            [DEBUG]    | Value: List of IMDb Popular shows.                                                                 |
[2022-11-25 15:48:16,330] [builder.py:814]            [INFO]     |                                                                                                    |
[2022-11-25 15:48:16,332] [builder.py:815]            [INFO]     | Validation Successful                                                                              |
[2022-11-25 15:48:16,332] [plex_meta_manager.py:594]  [INFO]     |                                                                                                    |
[2022-11-25 15:48:16,332] [plex_meta_manager.py:596]  [INFO]     |================================= Running IMDb Popular Collection ==================================|
[2022-11-25 15:48:16,332] [plex_meta_manager.py:608]  [INFO]     |                                                                                                    |
[2022-11-25 15:48:16,332] [plex_meta_manager.py:609]  [INFO]     | Sync Mode: sync                                                                                    |
[2022-11-25 15:48:16,332] [plex_meta_manager.py:612]  [DEBUG]    |                                                                                                    |
[2022-11-25 15:48:16,333] [plex_meta_manager.py:613]  [DEBUG]    | Builder: imdb_chart: popular_shows                                                                 |
[2022-11-25 15:48:16,333] [plex_meta_manager.py:614]  [INFO]     |                                                                                                    |
[2022-11-25 15:48:16,335] [builder.py:1523]           [INFO]     | Builder: imdb_chart loaded from Cache                                                              |
[2022-11-25 15:48:16,342] [builder.py:1574]           [DEBUG]    |                                                                                                    |
[2022-11-25 15:48:16,342] [builder.py:1575]           [DEBUG]    | 100 IDs Found                                                                                      |
[2022-11-25 15:48:16,342] [builder.py:1577]           [DEBUG]    |                                                                                                    |
[2022-11-25 15:48:16,457] [builder.py:1637]           [WARNING]  | Convert Error: No TMDb ID Found for IMDb ID: tt14986406                                            |
[2022-11-25 15:48:16,518] [builder.py:2158]           [INFO]     |                                                                                                    |
[2022-11-25 15:48:16,521] [builder.py:2159]           [INFO]     |================================ Adding to IMDb Popular Collection =================================|
[2022-11-25 15:48:16,521] [builder.py:2160]           [INFO]     |                                                                                                    |
[2022-11-25 15:48:16,522] [builder.py:2174]           [INFO]     |  1/35 | IMDb Popular Collection | = | 1899                                                         |
[2022-11-25 15:48:16,522] [builder.py:2174]           [INFO]     |  2/35 | IMDb Popular Collection | = | Yellowstone (2018)                                           |
[2022-11-25 15:48:16,522] [builder.py:2174]           [INFO]     |  3/35 | IMDb Popular Collection | = | The White Lotus                                              |
[2022-11-25 15:48:16,522] [builder.py:2174]           [INFO]     |  4/35 | IMDb Popular Collection | = | Andor                                                        |
[2022-11-25 15:48:16,522] [builder.py:2174]           [INFO]     |  5/35 | IMDb Popular Collection | = | The Peripheral                                               |
[2022-11-25 15:48:16,523] [builder.py:2174]           [INFO]     |  6/35 | IMDb Popular Collection | = | Tulsa King                                                   |
[2022-11-25 15:48:16,523] [builder.py:2174]           [INFO]     |  7/35 | IMDb Popular Collection | = | Guillermo del Toro's Cabinet of Curiosities                  |
[2022-11-25 15:48:16,523] [builder.py:2174]           [INFO]     |  8/35 | IMDb Popular Collection | = | House of the Dragon                                          |
[2022-11-25 15:48:16,523] [builder.py:2174]           [INFO]     |  9/35 | IMDb Popular Collection | = | Game of Thrones                                              |
[2022-11-25 15:48:16,523] [builder.py:2174]           [INFO]     | 10/35 | IMDb Popular Collection | = | The Santa Clauses                                            |
[2022-11-25 15:48:16,524] [builder.py:2174]           [INFO]     | 11/35 | IMDb Popular Collection | = | Inside Man (2022)                                            |
[2022-11-25 15:48:16,524] [builder.py:2174]           [INFO]     | 12/35 | IMDb Popular Collection | = | The Lord of the Rings: The Rings of Power                    |
[2022-11-25 15:48:16,524] [builder.py:2174]           [INFO]     | 13/35 | IMDb Popular Collection | = | Stranger Things                                              |
[2022-11-25 15:48:16,524] [builder.py:2174]           [INFO]     | 14/35 | IMDb Popular Collection | = | The Watcher (2022)                                           |
[2022-11-25 15:48:16,525] [builder.py:2174]           [INFO]     | 15/35 | IMDb Popular Collection | = | 1883                                                         |
[2022-11-25 15:48:16,525] [builder.py:2174]           [INFO]     | 16/35 | IMDb Popular Collection | = | The Chosen                                                   |
[2022-11-25 15:48:16,525] [builder.py:2174]           [INFO]     | 17/35 | IMDb Popular Collection | = | Doctor Who (2005)                                            |
[2022-11-25 15:48:16,529] [builder.py:2174]           [INFO]     | 18/35 | IMDb Popular Collection | = | Dark                                                         |
[2022-11-25 15:48:16,529] [builder.py:2174]           [INFO]     | 19/35 | IMDb Popular Collection | = | Titans (2018)                                                |
[2022-11-25 15:48:16,529] [builder.py:2174]           [INFO]     | 20/35 | IMDb Popular Collection | = | The Sopranos                                                 |
[2022-11-25 15:48:16,529] [builder.py:2174]           [INFO]     | 21/35 | IMDb Popular Collection | = | Succession                                                   |
[2022-11-25 15:48:16,530] [builder.py:2174]           [INFO]     | 22/35 | IMDb Popular Collection | = | The Rookie                                                   |
[2022-11-25 15:48:16,531] [builder.py:2174]           [INFO]     | 23/35 | IMDb Popular Collection | = | Shantaram                                                    |
[2022-11-25 15:48:16,531] [builder.py:2174]           [INFO]     | 24/35 | IMDb Popular Collection | = | Severance                                                    |
[2022-11-25 15:48:16,532] [builder.py:2174]           [INFO]     | 25/35 | IMDb Popular Collection | = | The Witcher                                                  |
[2022-11-25 15:48:16,532] [builder.py:2174]           [INFO]     | 26/35 | IMDb Popular Collection | = | House                                                        |
[2022-11-25 15:48:16,532] [builder.py:2174]           [INFO]     | 27/35 | IMDb Popular Collection | = | The Good Doctor                                              |
[2022-11-25 15:48:16,533] [builder.py:2174]           [INFO]     | 28/35 | IMDb Popular Collection | = | The Old Man                                                  |
[2022-11-25 15:48:16,533] [builder.py:2174]           [INFO]     | 29/35 | IMDb Popular Collection | = | Euphoria (US)                                                |
[2022-11-25 15:48:16,534] [builder.py:2174]           [INFO]     | 30/35 | IMDb Popular Collection | = | Lucifer                                                      |
[2022-11-25 15:48:16,534] [builder.py:2174]           [INFO]     | 31/35 | IMDb Popular Collection | = | The Sinner                                                   |
[2022-11-25 15:48:16,534] [builder.py:2174]           [INFO]     | 32/35 | IMDb Popular Collection | = | The Sandman                                                  |
[2022-11-25 15:48:16,535] [builder.py:2174]           [INFO]     | 33/35 | IMDb Popular Collection | = | Tom Clancy's Jack Ryan                                       |
[2022-11-25 15:48:16,535] [builder.py:2174]           [INFO]     | 34/35 | IMDb Popular Collection | = | Westworld                                                    |
[2022-11-25 15:48:16,536] [builder.py:2174]           [INFO]     | 35/35 | IMDb Popular Collection | = | The Mandalorian                                              |
[2022-11-25 15:48:16,536] [builder.py:2194]           [INFO]     |                                                                                                    |
[2022-11-25 15:48:16,536] [builder.py:2196]           [INFO]     | 35 Shows Processed 0 Shows Added                                                                   |
[2022-11-25 15:48:16,536] [builder.py:2352]           [INFO]     |                                                                                                    |
[2022-11-25 15:48:16,537] [builder.py:2353]           [INFO]     |============================= Missing Shows from Library: IMDb Popular =============================|
[2022-11-25 15:48:16,537] [builder.py:2354]           [INFO]     |                                                                                                    |
[2022-11-25 15:48:16,574] [builder.py:2366]           [INFO]     | IMDb Popular Collection | ? | The Crown (TVDb: 305574)                                             |
[2022-11-25 15:48:16,719] [builder.py:2366]           [INFO]     | IMDb Popular Collection | ? | The Walking Dead (TVDb: 153021)                                      |
[2022-11-25 15:48:16,735] [builder.py:2366]           [INFO]     | IMDb Popular Collection | ? | The English (TVDb: 402602)                                           |
[2022-11-25 15:48:16,752] [builder.py:2366]           [INFO]     | IMDb Popular Collection | ? | Warrior Nun (TVDb: 382544)                                           |
[2022-11-25 15:48:16,838] [builder.py:2370]           [INFO]     | IMDb Popular Collection | X | 1923 (TVDb: 416491)                                                  |
[2022-11-25 15:48:16,868] [builder.py:2366]           [INFO]     | IMDb Popular Collection | ? | Manifest (TVDb: 349271)                                              |
[2022-11-25 15:48:16,891] [builder.py:2366]           [INFO]     | IMDb Popular Collection | ? | Dead to Me (TVDb: 361857)                                            |
[2022-11-25 15:48:16,949] [builder.py:2366]           [INFO]     | IMDb Popular Collection | ? | The Handmaid's Tale (TVDb: 321239)                                   |
[2022-11-25 15:48:16,991] [builder.py:2366]           [INFO]     | IMDb Popular Collection | ? | American Horror Story (TVDb: 250487)                                 |
[2022-11-25 15:48:17,021] [builder.py:2366]           [INFO]     | IMDb Popular Collection | ? | SAS Rogue Heroes (TVDb: 368401)                                      |
[2022-11-25 15:48:17,071] [builder.py:2366]           [INFO]     | IMDb Popular Collection | ? | Grey's Anatomy (TVDb: 73762)                                         |
[2022-11-25 15:48:17,110] [builder.py:2366]           [INFO]     | IMDb Popular Collection | ? | Breaking Bad (TVDb: 81189)                                           |
[2022-11-25 15:48:17,132] [builder.py:2366]           [INFO]     | IMDb Popular Collection | ? | The Devil's Hour (TVDb: 397807)                                      |
[2022-11-25 15:48:17,172] [builder.py:2366]           [INFO]     | IMDb Popular Collection | ? | Better Call Saul (TVDb: 273181)                                      |
[2022-11-25 15:48:17,208] [builder.py:2366]           [INFO]     | IMDb Popular Collection | ? | The Sex Lives of College Girls (TVDb: 390161)                        |
[2022-11-25 15:48:17,259] [builder.py:2366]           [INFO]     | IMDb Popular Collection | ? | The Boys (TVDb: 355567)                                              |
[2022-11-25 15:48:17,397] [builder.py:2366]           [INFO]     | IMDb Popular Collection | ? | The Office (US) (TVDb: 73244)                                        |
[2022-11-25 15:48:17,570] [builder.py:2366]           [INFO]     | IMDb Popular Collection | ? | Wednesday (TVDb: 397060)                                             |
[2022-11-25 15:48:17,644] [builder.py:2366]           [INFO]     | IMDb Popular Collection | ? | NCIS (TVDb: 72108)                                                   |
[2022-11-25 15:48:17,687] [builder.py:2366]           [INFO]     | IMDb Popular Collection | ? | Supernatural (TVDb: 78901)                                           |
[2022-11-25 15:48:17,739] [builder.py:2366]           [INFO]     | IMDb Popular Collection | ? | Peaky Blinders (TVDb: 270915)                                        |
[2022-11-25 15:48:17,766] [builder.py:2366]           [INFO]     | IMDb Popular Collection | ? | From Scratch (2022) (TVDb: 400691)                                   |
[2022-11-25 15:48:17,902] [builder.py:2366]           [INFO]     | IMDb Popular Collection | ? | Mammals (TVDb: 423793)                                               |
[2022-11-25 15:48:18,005] [builder.py:2366]           [INFO]     | IMDb Popular Collection | ? | Rick and Morty (TVDb: 275274)                                        |
[2022-11-25 15:48:18,052] [builder.py:2366]           [INFO]     | IMDb Popular Collection | ? | Law & Order: Special Victims Unit (TVDb: 75692)                      |
[2022-11-25 15:48:18,097] [builder.py:2366]           [INFO]     | IMDb Popular Collection | ? | Friends (TVDb: 79168)                                                |
[2022-11-25 15:48:18,126] [builder.py:2366]           [INFO]     | IMDb Popular Collection | ? | Dahmer - Monster: The Jeffrey Dahmer Story (TVDb: 389492)            |
[2022-11-25 15:48:18,174] [builder.py:2366]           [INFO]     | IMDb Popular Collection | ? | Young Sheldon (TVDb: 328724)                                         |
[2022-11-25 15:48:18,207] [builder.py:2366]           [INFO]     | IMDb Popular Collection | ? | Chainsaw Man (TVDb: 397934)                                          |
[2022-11-25 15:48:18,234] [builder.py:2366]           [INFO]     | IMDb Popular Collection | ? | The Bastard Son & The Devil Himself (TVDb: 396992)                   |
[2022-11-25 15:48:18,263] [builder.py:2366]           [INFO]     | IMDb Popular Collection | ? | Criminal Minds (TVDb: 75710)                                         |
[2022-11-25 15:48:18,308] [builder.py:2366]           [INFO]     | IMDb Popular Collection | ? | Ted Lasso (TVDb: 383203)                                             |
[2022-11-25 15:48:18,334] [builder.py:2366]           [INFO]     | IMDb Popular Collection | ? | Fleishman is in Trouble (TVDb: 398362)                               |
[2022-11-25 15:48:18,359] [builder.py:2366]           [INFO]     | IMDb Popular Collection | ? | Interview with the Vampire (TVDb: 405535)                            |
[2022-11-25 15:48:18,416] [builder.py:2366]           [INFO]     | IMDb Popular Collection | ? | The Big Bang Theory (TVDb: 80379)                                    |
[2022-11-25 15:48:18,449] [builder.py:2366]           [INFO]     | IMDb Popular Collection | ? | Atlanta (TVDb: 313999)                                               |
[2022-11-25 15:48:18,489] [builder.py:2366]           [INFO]     | IMDb Popular Collection | ? | The Blacklist (TVDb: 266189)                                         |
[2022-11-25 15:48:18,504] [builder.py:2366]           [INFO]     | IMDb Popular Collection | ? | Mythic Quest (TVDb: 362829)                                          |
[2022-11-25 15:48:18,533] [builder.py:2366]           [INFO]     | IMDb Popular Collection | ? | Blockbuster (TVDb: 414551)                                           |
[2022-11-25 15:48:18,576] [builder.py:2366]           [INFO]     | IMDb Popular Collection | ? | Modern Family (TVDb: 95011)                                          |
[2022-11-25 15:48:18,605] [builder.py:2366]           [INFO]     | IMDb Popular Collection | ? | Big Sky (2020) (TVDb: 378023)                                        |
[2022-11-25 15:48:18,630] [builder.py:2366]           [INFO]     | IMDb Popular Collection | ? | Gangs of London (TVDb: 364387)                                       |
[2022-11-25 15:48:18,794] [builder.py:2366]           [INFO]     | IMDb Popular Collection | ? | Ancient Apocalypse (2022) (TVDb: 426211)                             |
[2022-11-25 15:48:18,852] [builder.py:2366]           [INFO]     | IMDb Popular Collection | ? | Black Mirror (TVDb: 253463)                                          |
[2022-11-25 15:48:18,879] [builder.py:2366]           [INFO]     | IMDb Popular Collection | ? | A Friend of the Family (TVDb: 417373)                                |
[2022-11-25 15:48:18,910] [builder.py:2366]           [INFO]     | IMDb Popular Collection | ? | Big Mouth (TVDb: 331431)                                             |
[2022-11-25 15:48:18,953] [builder.py:2366]           [INFO]     | IMDb Popular Collection | ? | The Calling (TVDb: 411867)                                           |
[2022-11-25 15:48:19,029] [builder.py:2366]           [INFO]     | IMDb Popular Collection | ? | It's Always Sunny in Philadelphia (TVDb: 75805)                      |
[2022-11-25 15:48:19,088] [builder.py:2366]           [INFO]     | IMDb Popular Collection | ? | Bones (TVDb: 75682)                                                  |
[2022-11-25 15:48:19,148] [builder.py:2366]           [INFO]     | IMDb Popular Collection | ? | Family Guy (TVDb: 75978)                                             |
[2022-11-25 15:48:19,181] [builder.py:2366]           [INFO]     | IMDb Popular Collection | ? | The Bear (TVDb: 403294)                                              |
[2022-11-25 15:48:19,221] [builder.py:2366]           [INFO]     | IMDb Popular Collection | ? | Gilmore Girls (TVDb: 76568)                                          |
[2022-11-25 15:48:19,270] [builder.py:2366]           [INFO]     | IMDb Popular Collection | ? | Shameless (US) (TVDb: 161511)                                        |
[2022-11-25 15:48:19,326] [builder.py:2366]           [INFO]     | IMDb Popular Collection | ? | Suits (TVDb: 247808)                                                 |
[2022-11-25 15:48:19,364] [builder.py:2366]           [INFO]     | IMDb Popular Collection | ? | One Tree Hill (TVDb: 72158)                                          |
[2022-11-25 15:48:19,410] [builder.py:2366]           [INFO]     | IMDb Popular Collection | ? | Vikings (TVDb: 260449)                                               |
[2022-11-25 15:48:19,506] [builder.py:2366]           [INFO]     | IMDb Popular Collection | ? | Seinfeld (TVDb: 79169)                                               |
[2022-11-25 15:48:19,543] [builder.py:2366]           [INFO]     | IMDb Popular Collection | ? | Chucky (TVDb: 349415)                                                |
[2022-11-25 15:48:19,579] [builder.py:2366]           [INFO]     | IMDb Popular Collection | ? | SEAL Team (TVDb: 328686)                                             |
[2022-11-25 15:48:19,617] [builder.py:2366]           [INFO]     | IMDb Popular Collection | ? | The Last Kingdom (TVDb: 298566)                                      |
[2022-11-25 15:48:19,648] [builder.py:2366]           [INFO]     | IMDb Popular Collection | ? | Ghosts (US) (TVDb: 400267)                                           |
[2022-11-25 15:48:19,680] [builder.py:2366]           [INFO]     | IMDb Popular Collection | ? | 9-1-1 (TVDb: 337907)                                                 |
[2022-11-25 15:48:19,767] [builder.py:2366]           [INFO]     | IMDb Popular Collection | ? | The Simpsons (TVDb: 71663)                                           |
[2022-11-25 15:48:19,836] [builder.py:2366]           [INFO]     | IMDb Popular Collection | ? | True Detective (TVDb: 270633)                                        |
[2022-11-25 15:48:19,836] [builder.py:2371]           [INFO]     |                                                                                                    |
[2022-11-25 15:48:19,836] [builder.py:2372]           [INFO]     | 63 Shows Missing                                                                                   |
[2022-11-25 15:48:21,154] [sonarr.py:70]              [INFO]     |                                                                                                    |
[2022-11-25 15:48:21,154] [sonarr.py:71]              [INFO]     |===================================== Adding Missing to Sonarr =====================================|
[2022-11-25 15:48:21,155] [sonarr.py:72]              [DEBUG]    |                                                                                                    |
[2022-11-25 15:48:21,155] [sonarr.py:73]              [DEBUG]    | Sonarr Adds: [305574, 153021, 402602, 382544, 349271, 361857, 321239, 250487, 368401, 73762, 81189, 397807, 273181, 390161, 355567, 73244, 397060, 72108, 78901, 270915, 400691, 423793, 275274, 75692, 79168, 389492, 328724, 397934, 396992, 75710, 383203, 398362, 405535, 80379, 313999, 266189, 362829, 414551, 95011, 378023, 364387, 426211, 253463, 417373, 331431, 411867, 75805, 75682, 75978, 403294, 76568, 161511, 247808, 72158, 260449, 79169, 349415, 328686, 298566, 400267, 337907, 71663, 270633] |
[2022-11-25 15:49:36,587] [sonarr.py:170]             [INFO]     |                                                                                                    |
[2022-11-25 15:49:36,587] [sonarr.py:186]             [INFO]     | Skipped: In Cache | 402602                                                                         |
[2022-11-25 15:49:36,587] [sonarr.py:186]             [INFO]     | Skipped: In Cache | 382544                                                                         |
[2022-11-25 15:49:36,588] [sonarr.py:186]             [INFO]     | Skipped: In Cache | 349271                                                                         |
[2022-11-25 15:49:36,588] [sonarr.py:186]             [INFO]     | Skipped: In Cache | 361857                                                                         |
[2022-11-25 15:49:36,588] [sonarr.py:186]             [INFO]     | Skipped: In Cache | 321239                                                                         |
[2022-11-25 15:49:36,588] [sonarr.py:186]             [INFO]     | Skipped: In Cache | 368401                                                                         |
[2022-11-25 15:49:36,588] [sonarr.py:186]             [INFO]     | Skipped: In Cache | 73762                                                                          |
[2022-11-25 15:49:36,588] [sonarr.py:186]             [INFO]     | Skipped: In Cache | 81189                                                                          |
[2022-11-25 15:49:36,588] [sonarr.py:186]             [INFO]     | Skipped: In Cache | 397807                                                                         |
[2022-11-25 15:49:36,588] [sonarr.py:186]             [INFO]     | Skipped: In Cache | 273181                                                                         |
[2022-11-25 15:49:36,589] [sonarr.py:186]             [INFO]     | Skipped: In Cache | 390161                                                                         |
[2022-11-25 15:49:36,589] [sonarr.py:186]             [INFO]     | Skipped: In Cache | 397060                                                                         |
[2022-11-25 15:49:36,589] [sonarr.py:186]             [INFO]     | Skipped: In Cache | 72108                                                                          |
[2022-11-25 15:49:36,589] [sonarr.py:186]             [INFO]     | Skipped: In Cache | 400691                                                                         |
[2022-11-25 15:49:36,589] [sonarr.py:186]             [INFO]     | Skipped: In Cache | 423793                                                                         |
[2022-11-25 15:49:36,589] [sonarr.py:186]             [INFO]     | Skipped: In Cache | 75692                                                                          |
[2022-11-25 15:49:36,589] [sonarr.py:186]             [INFO]     | Skipped: In Cache | 79168                                                                          |
[2022-11-25 15:49:36,590] [sonarr.py:186]             [INFO]     | Skipped: In Cache | 389492                                                                         |
[2022-11-25 15:49:36,590] [sonarr.py:186]             [INFO]     | Skipped: In Cache | 328724                                                                         |
[2022-11-25 15:49:36,590] [sonarr.py:186]             [INFO]     | Skipped: In Cache | 397934                                                                         |
[2022-11-25 15:49:36,590] [sonarr.py:186]             [INFO]     | Skipped: In Cache | 396992                                                                         |
[2022-11-25 15:49:36,590] [sonarr.py:186]             [INFO]     | Skipped: In Cache | 75710                                                                          |
[2022-11-25 15:49:36,590] [sonarr.py:186]             [INFO]     | Skipped: In Cache | 383203                                                                         |
[2022-11-25 15:49:36,590] [sonarr.py:186]             [INFO]     | Skipped: In Cache | 398362                                                                         |
[2022-11-25 15:49:36,590] [sonarr.py:186]             [INFO]     | Skipped: In Cache | 405535                                                                         |
[2022-11-25 15:49:36,591] [sonarr.py:186]             [INFO]     | Skipped: In Cache | 80379                                                                          |
[2022-11-25 15:49:36,591] [sonarr.py:186]             [INFO]     | Skipped: In Cache | 313999                                                                         |
[2022-11-25 15:49:36,591] [sonarr.py:186]             [INFO]     | Skipped: In Cache | 266189                                                                         |
[2022-11-25 15:49:36,591] [sonarr.py:186]             [INFO]     | Skipped: In Cache | 362829                                                                         |
[2022-11-25 15:49:36,592] [sonarr.py:186]             [INFO]     | Skipped: In Cache | 414551                                                                         |
[2022-11-25 15:49:36,592] [sonarr.py:186]             [INFO]     | Skipped: In Cache | 95011                                                                          |
[2022-11-25 15:49:36,592] [sonarr.py:186]             [INFO]     | Skipped: In Cache | 378023                                                                         |
[2022-11-25 15:49:36,592] [sonarr.py:186]             [INFO]     | Skipped: In Cache | 364387                                                                         |
[2022-11-25 15:49:36,593] [sonarr.py:186]             [INFO]     | Skipped: In Cache | 426211                                                                         |
[2022-11-25 15:49:36,593] [sonarr.py:186]             [INFO]     | Skipped: In Cache | 253463                                                                         |
[2022-11-25 15:49:36,593] [sonarr.py:186]             [INFO]     | Skipped: In Cache | 417373                                                                         |
[2022-11-25 15:49:36,593] [sonarr.py:186]             [INFO]     | Skipped: In Cache | 331431                                                                         |
[2022-11-25 15:49:36,593] [sonarr.py:186]             [INFO]     | Skipped: In Cache | 411867                                                                         |
[2022-11-25 15:49:36,594] [sonarr.py:186]             [INFO]     | Skipped: In Cache | 75805                                                                          |
[2022-11-25 15:49:36,594] [sonarr.py:186]             [INFO]     | Skipped: In Cache | 75682                                                                          |
[2022-11-25 15:49:36,594] [sonarr.py:186]             [INFO]     | Skipped: In Cache | 75978                                                                          |
[2022-11-25 15:49:36,594] [sonarr.py:186]             [INFO]     | Skipped: In Cache | 403294                                                                         |
[2022-11-25 15:49:36,594] [sonarr.py:186]             [INFO]     | Skipped: In Cache | 76568                                                                          |
[2022-11-25 15:49:36,594] [sonarr.py:186]             [INFO]     | Skipped: In Cache | 161511                                                                         |
[2022-11-25 15:49:36,594] [sonarr.py:186]             [INFO]     | Skipped: In Cache | 247808                                                                         |
[2022-11-25 15:49:36,595] [sonarr.py:186]             [INFO]     | Skipped: In Cache | 72158                                                                          |
[2022-11-25 15:49:36,595] [sonarr.py:186]             [INFO]     | Skipped: In Cache | 260449                                                                         |
[2022-11-25 15:49:36,595] [sonarr.py:186]             [INFO]     | Skipped: In Cache | 79169                                                                          |
[2022-11-25 15:49:36,595] [sonarr.py:186]             [INFO]     | Skipped: In Cache | 349415                                                                         |
[2022-11-25 15:49:36,595] [sonarr.py:186]             [INFO]     | Skipped: In Cache | 400267                                                                         |
[2022-11-25 15:49:36,595] [sonarr.py:186]             [INFO]     | Skipped: In Cache | 337907                                                                         |
[2022-11-25 15:49:36,596] [sonarr.py:186]             [INFO]     | Skipped: In Cache | 71663                                                                          |
[2022-11-25 15:49:36,596] [sonarr.py:186]             [INFO]     | Skipped: In Cache | 270633                                                                         |
[2022-11-25 15:49:36,596] [sonarr.py:187]             [INFO]     | 53 Series already exist in Sonarr                                                                  |
[2022-11-25 15:49:36,596] [sonarr.py:205]             [INFO]     |                                                                                                    |
[2022-11-25 15:49:36,596] [sonarr.py:206]             [INFO]     | Invalid TVDb ID | [The Crown]                                                                      |
[2022-11-25 15:49:36,597] [sonarr.py:205]             [INFO]     |                                                                                                    |
[2022-11-25 15:49:36,597] [sonarr.py:206]             [INFO]     | Invalid TVDb ID | [The Walking Dead]                                                               |
[2022-11-25 15:49:36,597] [sonarr.py:205]             [INFO]     |                                                                                                    |
[2022-11-25 15:49:36,597] [sonarr.py:206]             [INFO]     | Invalid TVDb ID | [American Horror Story]                                                          |
[2022-11-25 15:49:36,597] [sonarr.py:205]             [INFO]     |                                                                                                    |
[2022-11-25 15:49:36,598] [sonarr.py:206]             [INFO]     | Invalid TVDb ID | [The Boys]                                                                       |
[2022-11-25 15:49:36,598] [sonarr.py:205]             [INFO]     |                                                                                                    |
[2022-11-25 15:49:36,598] [sonarr.py:206]             [INFO]     | Invalid TVDb ID | [The Office (US)]                                                                |
[2022-11-25 15:49:36,598] [sonarr.py:205]             [INFO]     |                                                                                                    |
[2022-11-25 15:49:36,598] [sonarr.py:206]             [INFO]     | Invalid TVDb ID | [Supernatural]                                                                   |
[2022-11-25 15:49:36,598] [sonarr.py:205]             [INFO]     |                                                                                                    |
[2022-11-25 15:49:36,600] [sonarr.py:206]             [INFO]     | Invalid TVDb ID | [Peaky Blinders]                                                                 |
[2022-11-25 15:49:36,601] [sonarr.py:205]             [INFO]     |                                                                                                    |
[2022-11-25 15:49:36,601] [sonarr.py:206]             [INFO]     | Invalid TVDb ID | [Rick and Morty]                                                                 |
[2022-11-25 15:49:36,601] [sonarr.py:205]             [INFO]     |                                                                                                    |
[2022-11-25 15:49:36,601] [sonarr.py:206]             [INFO]     | Invalid TVDb ID | [SEAL Team]                                                                      |
[2022-11-25 15:49:36,601] [sonarr.py:205]             [INFO]     |                                                                                                    |
[2022-11-25 15:49:36,601] [sonarr.py:206]             [INFO]     | Invalid TVDb ID | [The Last Kingdom]                                                               |
[2022-11-25 15:49:36,602] [sonarr.py:207]             [INFO]     | 10 Series with Invalid IDs                                                                         |
[2022-11-25 15:49:37,951] [builder.py:2527]           [INFO]     |                                                                                                    |
[2022-11-25 15:49:37,951] [builder.py:2528]           [INFO]     |=========================== Updating Details of IMDb Popular Collection ============================|
[2022-11-25 15:49:37,951] [builder.py:2529]           [INFO]     |                                                                                                    |
[2022-11-25 15:49:37,984] [builder.py:2595]           [INFO]     | Collection Metadata Edits                                                                          |
[2022-11-25 15:49:37,984] [util.py:174]               [DEBUG]    | 1 poster found:                                                                                    |
[2022-11-25 15:49:37,985] [util.py:176]               [DEBUG]    | Method: url_poster Poster: https://raw.githubusercontent.com/meisnate12/Plex-Meta-Manager-Images/master/chart/IMDb%20Popular.jpg |
[2022-11-25 15:49:37,986] [library.py:180]            [INFO]     | Detail: poster update not needed                                                                   |
[2022-11-25 15:49:38,219] [builder.py:2686]           [INFO]     |                                                                                                    |
[2022-11-25 15:49:38,219] [builder.py:2687]           [INFO]     |================================= Sorting IMDb Popular Collection ==================================|
[2022-11-25 15:49:38,219] [builder.py:2688]           [INFO]     |                                                                                                    |
[2022-11-25 15:49:38,220] [plex_meta_manager.py:736]  [INFO]     |                                                                                                    |
[2022-11-25 15:49:38,220] [plex_meta_manager.py:737]  [INFO]     |====================================================================================================|
[2022-11-25 15:49:38,220] [plex_meta_manager.py:737]  [INFO]     |                                  Finished IMDb Popular Collection                                  |
[2022-11-25 15:49:38,220] [plex_meta_manager.py:737]  [INFO]     |                                    Collection Run Time: 0:01:22                                    |
[2022-11-25 15:49:38,220] [plex_meta_manager.py:737]  [INFO]     |====================================================================================================|
