[2022-11-16 23:47:17,311] [builder.py:193]            [INFO]     |====================================================================================================|
[2022-11-16 23:47:17,311] [builder.py:193]            [INFO]     |                      Jerome Reygner-Kalfon (Writer) Collection in New Movies                       |
[2022-11-16 23:47:17,311] [builder.py:193]            [INFO]     |====================================================================================================|
[2022-11-16 23:47:17,311] [builder.py:194]            [INFO]     |                                                                                                    |
[2022-11-16 23:47:17,312] [builder.py:199]            [INFO]     |================================ Building Definition From Templates ================================|
[2022-11-16 23:47:17,312] [builder.py:215]            [DEBUG]    |                                                                                                    |
[2022-11-16 23:47:17,312] [meta.py:210]               [DEBUG]    |====================================== Template smart_filter =======================================|
[2022-11-16 23:47:17,312] [meta.py:451]               [DEBUG]    |                                                                                                    |
[2022-11-16 23:47:17,318] [meta.py:210]               [DEBUG]    |======================================= Template translation =======================================|
[2022-11-16 23:47:17,318] [meta.py:451]               [DEBUG]    |                                                                                                    |
[2022-11-16 23:47:17,321] [meta.py:210]               [DEBUG]    |========================================= Template shared ==========================================|
[2022-11-16 23:47:17,321] [meta.py:451]               [DEBUG]    |                                                                                                    |
[2022-11-16 23:47:17,337] [meta.py:512]               [DEBUG]    |                                                                                                    |
[2022-11-16 23:47:17,337] [meta.py:513]               [DEBUG]    |==================================== Final Template Attributes =====================================|
[2022-11-16 23:47:17,337] [meta.py:514]               [DEBUG]    |                                                                                                    |
[2022-11-16 23:47:17,338] [meta.py:515]               [DEBUG]    | {'tmdb_person': ['Jerome Reygner-Kalfon'], 'smart_filter': {'sort_by': 'title.asc', 'any': {'writer': 'tmdb'}}, 'summary': 'Movies written by Jerome Reygner-Kalfon.', 'name': 'Jerome Reygner-Kalfon (Writer)', 'ignore_blank_results': True, 'collection_mode': 'hide', 'sort_title': '!20_Jerome Reygner-Kalfon (Writer)', 'url_poster': 'https://raw.githubusercontent.com/meisnate12/Plex-Meta-Manager-Images/master/people/rainier/Jerome%20Reygner-Kalfon.jpg'} |
[2022-11-16 23:47:17,338] [meta.py:516]               [DEBUG]    |                                                                                                    |
[2022-11-16 23:47:17,338] [builder.py:223]            [INFO]     |======================= Validating Jerome Reygner-Kalfon (Writer) Attributes =======================|
[2022-11-16 23:47:17,338] [builder.py:226]            [DEBUG]    |                                                                                                    |
[2022-11-16 23:47:17,338] [builder.py:227]            [DEBUG]    | Validating Method: name                                                                            |
[2022-11-16 23:47:17,338] [builder.py:230]            [DEBUG]    | Value: Jerome Reygner-Kalfon (Writer)                                                              |
[2022-11-16 23:47:17,338] [builder.py:502]            [DEBUG]    |                                                                                                    |
[2022-11-16 23:47:17,338] [builder.py:503]            [DEBUG]    | Validating Method: ignore_blank_results                                                            |
[2022-11-16 23:47:17,338] [builder.py:504]            [DEBUG]    | Value: True                                                                                        |
[2022-11-16 23:47:17,338] [builder.py:528]            [DEBUG]    |                                                                                                    |
[2022-11-16 23:47:17,339] [builder.py:529]            [DEBUG]    | Validating Method: tmdb_person                                                                     |
[2022-11-16 23:47:17,339] [builder.py:533]            [DEBUG]    | Value: ['Jerome Reygner-Kalfon']                                                                   |
[2022-11-16 23:47:17,445] [builder.py:1784]           [INFO]     |                                                                                                    |
[2022-11-16 23:47:17,445] [builder.py:1785]           [INFO]     | Validating Method: smart_filter                                                                    |
[2022-11-16 23:47:17,445] [builder.py:1791]           [DEBUG]    | Value: {'sort_by': 'title.asc', 'any': {'writer': 'tmdb'}}                                         |
[2022-11-16 23:47:17,502] [builder.py:1978]           [DEBUG]    | Smart URL: ?type=1&sort=titleSort&push=1&writer=50379&pop=1                                        |
[2022-11-16 23:47:17,502] [builder.py:646]            [DEBUG]    |                                                                                                    |
[2022-11-16 23:47:17,502] [builder.py:650]            [DEBUG]    | Validating Method: label                                                                           |
[2022-11-16 23:47:17,502] [builder.py:651]            [DEBUG]    | Value: Top Writers                                                                                 |
[2022-11-16 23:47:17,502] [builder.py:646]            [DEBUG]    |                                                                                                    |
[2022-11-16 23:47:17,502] [builder.py:650]            [DEBUG]    | Validating Method: summary                                                                         |
[2022-11-16 23:47:17,503] [builder.py:651]            [DEBUG]    | Value: Movies written by Jerome Reygner-Kalfon.                                                    |
[2022-11-16 23:47:17,503] [builder.py:646]            [DEBUG]    |                                                                                                    |
[2022-11-16 23:47:17,503] [builder.py:650]            [DEBUG]    | Validating Method: collection_mode                                                                 |
[2022-11-16 23:47:17,503] [builder.py:651]            [DEBUG]    | Value: hide                                                                                        |
[2022-11-16 23:47:17,503] [builder.py:646]            [DEBUG]    |                                                                                                    |
[2022-11-16 23:47:17,503] [builder.py:650]            [DEBUG]    | Validating Method: sort_title                                                                      |
[2022-11-16 23:47:17,503] [builder.py:651]            [DEBUG]    | Value: !20_Jerome Reygner-Kalfon (Writer)                                                          |
[2022-11-16 23:47:17,503] [builder.py:646]            [DEBUG]    |                                                                                                    |
[2022-11-16 23:47:17,503] [builder.py:650]            [DEBUG]    | Validating Method: url_poster                                                                      |
[2022-11-16 23:47:17,504] [builder.py:651]            [DEBUG]    | Value: https://raw.githubusercontent.com/meisnate12/Plex-Meta-Manager-Images/master/people/rainier/Jerome%20Reygner-Kalfon.jpg |
[2022-11-16 23:47:17,599] [builder.py:845]            [WARNING]  | Collection Warning: No Poster Found at https://raw.githubusercontent.com/meisnate12/Plex-Meta-Manager-Images/master/people/rainier/Jerome%20Reygner-Kalfon.jpg |
[2022-11-16 23:47:17,603] [plex.py:835]               [DEBUG]    |                                                                                                    |
[2022-11-16 23:47:17,604] [plex.py:838]               [DEBUG]    | Looking for: Jerome Reygner-Kalfon (Writer)                                                        |
[2022-11-16 23:47:17,604] [builder.py:814]            [INFO]     |                                                                                                    |
[2022-11-16 23:47:17,604] [builder.py:815]            [INFO]     | Validation Successful                                                                              |
[2022-11-16 23:47:17,604] [plex_meta_manager.py:594]  [INFO]     |                                                                                                    |
[2022-11-16 23:47:17,604] [plex_meta_manager.py:596]  [INFO]     |======================== Running Jerome Reygner-Kalfon (Writer) Collection =========================|
[2022-11-16 23:47:17,604] [plex_meta_manager.py:602]  [INFO]     |                                                                                                    |
[2022-11-16 23:47:17,604] [plex_meta_manager.py:603]  [INFO]     | Smart Movie Filter                                                                                 |
                                                                 | Sort By: ['title.asc']
                                                                 | Filter:
                                                                 |   Match any of the following:
                                                                 |     Writer is Jerome Reygner-Kalfon
[2022-11-16 23:47:17,624] [builder.py:2509]           [DEBUG]    | Smart Collection Created: ?type=1&sort=titleSort&push=1&writer=50379&pop=1
[2022-11-16 23:47:17,629] [builder.py:2527]           [INFO]     | 
[2022-11-16 23:47:17,629] [builder.py:2528]           [INFO]     |================== Updating Details of Jerome Reygner-Kalfon (Writer) Collection ===================|
[2022-11-16 23:47:17,629] [builder.py:2529]           [INFO]     |                                                                                                    |
[2022-11-16 23:47:17,638] [builder.py:2595]           [INFO]     | Collection Metadata Edits                                                                          |
                                                                 | Summary (summary) | Movies written by Jerome Reygner-Kalfon.
                                                                 | Sort Title | !20_Jerome Reygner-Kalfon (Writer)
                                                                 | Label | +Top Writers, +PMM
[2022-11-16 23:47:19,269] [builder.py:2599]           [INFO]     | Details: have been updated
[2022-11-16 23:47:19,269] [builder.py:2603]           [INFO]     | 
[2022-11-16 23:47:20,739] [builder.py:2615]           [INFO]     | Collection Mode | hide
[2022-11-16 23:47:20,745] [plex.py:1203]              [WARNING]  | Asset Warning: Asset Directory Not Found and Created: config/New_Movies/Assets/Jerome Reygner-Kalfon (Writer)
[2022-11-16 23:47:20,754] [plex_meta_manager.py:736]  [INFO]     | 
[2022-11-16 23:47:20,754] [plex_meta_manager.py:737]  [INFO]     |====================================================================================================|
[2022-11-16 23:47:20,755] [plex_meta_manager.py:737]  [INFO]     |                         Finished Jerome Reygner-Kalfon (Writer) Collection                         |
[2022-11-16 23:47:20,755] [plex_meta_manager.py:737]  [INFO]     |                                    Collection Run Time: 0:00:03                                    |
[2022-11-16 23:47:20,755] [plex_meta_manager.py:737]  [INFO]     |====================================================================================================|
