[2022-11-25 14:33:55,986] [builder.py:193]            [INFO]     |====================================================================================================|
[2022-11-25 14:33:55,987] [builder.py:193]            [INFO]     |                          Chart Collections Collection in Christmas Movies                          |
[2022-11-25 14:33:55,987] [builder.py:193]            [INFO]     |====================================================================================================|
[2022-11-25 14:33:55,989] [builder.py:194]            [INFO]     |                                                                                                    |
[2022-11-25 14:33:55,991] [builder.py:199]            [INFO]     |================================ Building Definition From Templates ================================|
[2022-11-25 14:33:55,991] [builder.py:215]            [DEBUG]    |                                                                                                    |
[2022-11-25 14:33:55,992] [meta.py:210]               [DEBUG]    |======================================== Template separator ========================================|
[2022-11-25 14:33:56,005] [meta.py:336]               [DEBUG]    |                                                                                                    |
[2022-11-25 14:33:56,006] [meta.py:337]               [DEBUG]    | Conditional: use_blank                                                                             |
[2022-11-25 14:33:56,006] [meta.py:365]               [DEBUG]    | Condition 1 Failed: placeholder_tmdb_movie.exists: true does not exist                             |
[2022-11-25 14:33:56,008] [meta.py:365]               [DEBUG]    | Condition 2 Failed: placeholder_tvdb_show.exists: true does not exist                              |
[2022-11-25 14:33:56,008] [meta.py:365]               [DEBUG]    | Condition 3 Failed: placeholder_imdb_id.exists: true does not exist                                |
[2022-11-25 14:33:56,008] [meta.py:402]               [DEBUG]    | Conditional Variable: use_blank defaults to "True"                                                 |
[2022-11-25 14:33:56,011] [meta.py:451]               [DEBUG]    |                                                                                                    |
[2022-11-25 14:33:56,049] [meta.py:210]               [DEBUG]    |======================================= Template translation =======================================|
[2022-11-25 14:33:56,050] [meta.py:451]               [DEBUG]    |                                                                                                    |
[2022-11-25 14:33:56,054] [meta.py:512]               [DEBUG]    |                                                                                                    |
[2022-11-25 14:33:56,054] [meta.py:513]               [DEBUG]    |==================================== Final Template Attributes =====================================|
[2022-11-25 14:33:56,054] [meta.py:514]               [DEBUG]    |                                                                                                    |
[2022-11-25 14:33:56,054] [meta.py:515]               [DEBUG]    | {'collection_mode': 'hide', 'sort_title': '!01_!Chart Collections', 'blank_collection': True, 'url_poster': 'https://raw.githubusercontent.com/meisnate12/Plex-Meta-Manager-Images/master/separators/blue/chart.jpg', 'summary': 'Section separator for Chart Collections.', 'name': 'Chart Collections'} |
[2022-11-25 14:33:56,055] [meta.py:516]               [DEBUG]    |                                                                                                    |
[2022-11-25 14:33:56,055] [builder.py:223]            [INFO]     |============================= Validating Chart Collections Attributes ==============================|
[2022-11-25 14:33:56,055] [builder.py:226]            [DEBUG]    |                                                                                                    |
[2022-11-25 14:33:56,055] [builder.py:227]            [DEBUG]    | Validating Method: name                                                                            |
[2022-11-25 14:33:56,055] [builder.py:230]            [DEBUG]    | Value: Chart Collections                                                                           |
[2022-11-25 14:33:56,055] [builder.py:509]            [DEBUG]    |                                                                                                    |
[2022-11-25 14:33:56,056] [builder.py:510]            [DEBUG]    | Validating Method: blank_collection                                                                |
[2022-11-25 14:33:56,056] [builder.py:511]            [DEBUG]    | Value: True                                                                                        |
[2022-11-25 14:33:56,056] [builder.py:646]            [DEBUG]    |                                                                                                    |
[2022-11-25 14:33:56,056] [builder.py:650]            [DEBUG]    | Validating Method: collection_mode                                                                 |
[2022-11-25 14:33:56,056] [builder.py:651]            [DEBUG]    | Value: hide                                                                                        |
[2022-11-25 14:33:56,056] [builder.py:646]            [DEBUG]    |                                                                                                    |
[2022-11-25 14:33:56,056] [builder.py:650]            [DEBUG]    | Validating Method: sort_title                                                                      |
[2022-11-25 14:33:56,057] [builder.py:651]            [DEBUG]    | Value: !01_!Chart Collections                                                                      |
[2022-11-25 14:33:56,057] [builder.py:646]            [DEBUG]    |                                                                                                    |
[2022-11-25 14:33:56,057] [builder.py:650]            [DEBUG]    | Validating Method: url_poster                                                                      |
[2022-11-25 14:33:56,057] [builder.py:651]            [DEBUG]    | Value: https://raw.githubusercontent.com/meisnate12/Plex-Meta-Manager-Images/master/separators/blue/chart.jpg |
[2022-11-25 14:33:56,227] [builder.py:646]            [DEBUG]    |                                                                                                    |
[2022-11-25 14:33:56,227] [builder.py:650]            [DEBUG]    | Validating Method: summary                                                                         |
[2022-11-25 14:33:56,227] [builder.py:651]            [DEBUG]    | Value: Section separator for Chart Collections.                                                    |
[2022-11-25 14:33:56,255] [builder.py:814]            [INFO]     |                                                                                                    |
[2022-11-25 14:33:56,255] [builder.py:815]            [INFO]     | Validation Successful                                                                              |
[2022-11-25 14:33:56,255] [plex_meta_manager.py:594]  [INFO]     |                                                                                                    |
[2022-11-25 14:33:56,256] [plex_meta_manager.py:596]  [INFO]     |=============================== Running Chart Collections Collection ===============================|
[2022-11-25 14:33:56,262] [builder.py:2527]           [INFO]     |                                                                                                    |
[2022-11-25 14:33:56,264] [builder.py:2528]           [INFO]     |========================= Updating Details of Chart Collections Collection =========================|
[2022-11-25 14:33:56,264] [builder.py:2529]           [INFO]     |                                                                                                    |
[2022-11-25 14:33:56,272] [builder.py:2595]           [INFO]     | Collection Metadata Edits                                                                          |
[2022-11-25 14:33:59,060] [builder.py:2611]           [INFO]     | Collection Mode | hide                                                                             |
[2022-11-25 14:34:01,746] [builder.py:2613]           [INFO]     | Collection Mode | default                                                                          |
[2022-11-25 14:34:04,411] [builder.py:2615]           [INFO]     | Collection Mode | hide                                                                             |
[2022-11-25 14:34:04,412] [util.py:174]               [DEBUG]    | 2 posters found:                                                                                   |
[2022-11-25 14:34:04,412] [util.py:176]               [DEBUG]    | Method: url_poster Poster: https://raw.githubusercontent.com/meisnate12/Plex-Meta-Manager-Images/master/separators/blue/chart.jpg |
[2022-11-25 14:34:04,413] [util.py:176]               [DEBUG]    | Method: asset_directory Poster: {'attribute': 'asset_directory', 'location': '/config/Christmas_Movies/Assets/Chart Collections/poster.jpg', 'prefix': "Chart Collections's ", 'is_poster': True, 'is_url': False, 'compare': 74617, 'message': "Chart Collections's poster to [File] /config/Christmas_Movies/Assets/Chart Collections/poster.jpg"} |
[2022-11-25 14:34:04,414] [library.py:180]            [INFO]     | Detail: Chart Collections's poster update not needed                                               |
[2022-11-25 14:34:04,450] [plex_meta_manager.py:736]  [INFO]     |                                                                                                    |
[2022-11-25 14:34:04,451] [plex_meta_manager.py:737]  [INFO]     |====================================================================================================|
[2022-11-25 14:34:04,453] [plex_meta_manager.py:737]  [INFO]     |                               Finished Chart Collections Collection                                |
[2022-11-25 14:34:04,453] [plex_meta_manager.py:737]  [INFO]     |                                    Collection Run Time: 0:00:08                                    |
[2022-11-25 14:34:04,454] [plex_meta_manager.py:737]  [INFO]     |====================================================================================================|
