[2022-11-16 20:19:54,482] [builder.py:193]            [INFO]     |====================================================================================================|
[2022-11-16 20:19:54,483] [builder.py:193]            [INFO]     |                                Kevin Hart Collection in Kids Movies                                |
[2022-11-16 20:19:54,484] [builder.py:193]            [INFO]     |====================================================================================================|
[2022-11-16 20:19:54,484] [builder.py:194]            [INFO]     |                                                                                                    |
[2022-11-16 20:19:54,484] [builder.py:199]            [INFO]     |================================ Building Definition From Templates ================================|
[2022-11-16 20:19:54,485] [builder.py:215]            [DEBUG]    |                                                                                                    |
[2022-11-16 20:19:54,485] [meta.py:210]               [DEBUG]    |========================================= Template people ==========================================|
[2022-11-16 20:19:54,486] [meta.py:451]               [DEBUG]    |                                                                                                    |
[2022-11-16 20:19:54,489] [meta.py:512]               [DEBUG]    |                                                                                                    |
[2022-11-16 20:19:54,491] [meta.py:513]               [DEBUG]    |==================================== Final Template Attributes =====================================|
[2022-11-16 20:19:54,492] [meta.py:514]               [DEBUG]    |                                                                                                    |
[2022-11-16 20:19:54,492] [meta.py:515]               [DEBUG]    | {'actor': 'tmdb', 'tmdb_person': 55638, 'sort_title': '++_Kevin Hart', 'collection_order': 'release'} |
[2022-11-16 20:19:54,492] [meta.py:516]               [DEBUG]    |                                                                                                    |
[2022-11-16 20:19:54,493] [builder.py:223]            [INFO]     |================================= Validating Kevin Hart Attributes =================================|
[2022-11-16 20:19:54,493] [builder.py:528]            [DEBUG]    |                                                                                                    |
[2022-11-16 20:19:54,494] [builder.py:529]            [DEBUG]    | Validating Method: tmdb_person                                                                     |
[2022-11-16 20:19:54,494] [builder.py:533]            [DEBUG]    | Value: 55638                                                                                       |
[2022-11-16 20:19:54,509] [builder.py:613]            [DEBUG]    |                                                                                                    |
[2022-11-16 20:19:54,509] [builder.py:614]            [DEBUG]    | Validating Method: collection_order                                                                |
[2022-11-16 20:19:54,510] [builder.py:615]            [DEBUG]    | Value: release                                                                                     |
[2022-11-16 20:19:54,510] [builder.py:646]            [DEBUG]    |                                                                                                    |
[2022-11-16 20:19:54,510] [builder.py:650]            [DEBUG]    | Validating Method: actor                                                                           |
[2022-11-16 20:19:54,511] [builder.py:651]            [DEBUG]    | Value: tmdb                                                                                        |
[2022-11-16 20:19:55,001] [builder.py:646]            [DEBUG]    |                                                                                                    |
[2022-11-16 20:19:55,002] [builder.py:650]            [DEBUG]    | Validating Method: sort_title                                                                      |
[2022-11-16 20:19:55,002] [builder.py:651]            [DEBUG]    | Value: ++_Kevin Hart                                                                               |
[2022-11-16 20:19:55,013] [builder.py:795]            [INFO]     |                                                                                                    |
[2022-11-16 20:19:55,013] [builder.py:796]            [ERROR]    | Collection Error: Converting Kevin Hart to a normal collection                                     |
[2022-11-16 20:19:55,019] [builder.py:814]            [INFO]     |                                                                                                    |
[2022-11-16 20:19:55,020] [builder.py:815]            [INFO]     | Validation Successful                                                                              |
[2022-11-16 20:19:55,020] [plex_meta_manager.py:594]  [INFO]     |                                                                                                    |
[2022-11-16 20:19:55,020] [plex_meta_manager.py:596]  [INFO]     |================================== Running Kevin Hart Collection ===================================|
[2022-11-16 20:19:55,020] [plex_meta_manager.py:608]  [INFO]     |                                                                                                    |
[2022-11-16 20:19:55,020] [plex_meta_manager.py:609]  [INFO]     | Sync Mode: append                                                                                  |
[2022-11-16 20:19:55,020] [plex_meta_manager.py:612]  [DEBUG]    |                                                                                                    |
[2022-11-16 20:19:55,020] [plex_meta_manager.py:613]  [DEBUG]    | Builder: plex_search: (1, "Plex Movie Search\nSort By: ['title.asc']\nFilter:\n  Match any of the following:\n    Actor is Kevin Hart", '?type=1&sort=titleSort&push=1&actor=26301&pop=1') |
[2022-11-16 20:19:55,020] [plex_meta_manager.py:614]  [INFO]     |                                                                                                    |
[2022-11-16 20:19:55,020] [plex.py:924]               [INFO]     | Processing Plex Movie Search                                                                       |
                                                                 | Sort By: ['title.asc']
                                                                 | Filter:
                                                                 |   Match any of the following:
                                                                 |     Actor is Kevin Hart
[2022-11-16 20:19:55,039] [builder.py:1574]           [DEBUG]    | 
[2022-11-16 20:19:55,039] [builder.py:1575]           [DEBUG]    | 4 IDs Found
[2022-11-16 20:19:55,040] [builder.py:1577]           [DEBUG]    | 
[2022-11-16 20:19:55,040] [builder.py:2158]           [INFO]     | 
[2022-11-16 20:19:55,040] [builder.py:2159]           [INFO]     |================================= Adding to Kevin Hart Collection ==================================|
[2022-11-16 20:19:55,040] [builder.py:2160]           [INFO]     |                                                                                                    |
[2022-11-16 20:19:55,040] [builder.py:2174]           [INFO]     | 1/4 | Kevin Hart Collection | + | Captain Underpants: The First Epic Movie (2017)                  |
[2022-11-16 20:19:57,535] [builder.py:2174]           [INFO]     | 2/4 | Kevin Hart Collection | + | DC League of Super-Pets (2022)                                   |
[2022-11-16 20:19:57,638] [builder.py:2174]           [INFO]     | 3/4 | Kevin Hart Collection | + | The Secret Life of Pets (2016)                                   |
[2022-11-16 20:19:59,545] [builder.py:2174]           [INFO]     | 4/4 | Kevin Hart Collection | + | The Secret Life of Pets 2 (2019)                                 |
[2022-11-16 20:20:05,442] [builder.py:2194]           [INFO]     |                                                                                                    |
[2022-11-16 20:20:05,442] [builder.py:2196]           [INFO]     | 4 Movies Processed 4 Movies Added                                                                  |
[2022-11-16 20:20:05,447] [builder.py:2527]           [INFO]     |                                                                                                    |
[2022-11-16 20:20:05,447] [builder.py:2528]           [INFO]     |============================ Updating Details of Kevin Hart Collection =============================|
[2022-11-16 20:20:05,447] [builder.py:2529]           [INFO]     |                                                                                                    |
[2022-11-16 20:20:05,453] [builder.py:2595]           [INFO]     | Collection Metadata Edits                                                                          |
                                                                 | Summary (tmdb_person) | Kevin Darnell Hart (born July 6, 1979) is an American stand-up comedian, actor, and producer. Born and raised in Philadelphia, Pennsylvania, Hart began his career by winning several amateur comedy competitions at clubs throughout New England, culminating in his first real break in 2001 when he was cast by Judd Apatow for a recurring role on the TV series Undeclared. The series lasted only one season, but he soon landed other roles in films such as Paper Soldiers (2002), Scary Movie 3 (2003), Soul Plane (2004), In the Mix (2005), and Little Fockers (2010).
                                                                 | 
                                                                 | Hart's comedic reputation continued to grow with the release of his first stand-up album, I'm a Grown Little Man (2008), and performances in the films Think Like a Man (2012), Grudge Match (2013), Ride Along (2014) and its sequel Ride Along 2 (2016), About Last Night (2014), Get Hard (2015), Central Intelligence (2016), The Secret Life of Pets (2016), Captain Underpants: The First Epic Movie (2017), Jumanji: Welcome to the Jungle (2017), and Night School (2018).
                                                                 | 
                                                                 | He also released four more comedy albums, Seriously Funny in 2010, Laugh at My Pain in 2011, Let Me Explain in 2013, and What Now? in 2016. In 2015, Time Magazine named Hart one of the 100 most influential people in the world on the annual Time 100 list. He starred as himself in the lead role of Real Husbands of Hollywood.
                                                                 | 
                                                                 | In 2017, Hart launched the Laugh Out Loud Network, a subscription video streaming service in partnership with Lionsgate.
                                                                 | 
                                                                 | ​From Wikipedia, the free encyclopedia
                                                                 | Sort Title | ++_Kevin Hart
                                                                 | Label | +PMM
[2022-11-16 20:20:06,875] [builder.py:2599]           [INFO]     | Details: have been updated
[2022-11-16 20:20:06,875] [builder.py:2603]           [INFO]     | 
[2022-11-16 20:20:06,876] [util.py:174]               [DEBUG]    | 1 poster found:
[2022-11-16 20:20:06,876] [util.py:176]               [DEBUG]    | Method: tmdb_person Poster: https://image.tmdb.org/t/p/original/7OwsFfoxNGIfWwSmdORyB7v8XNj.jpg
[2022-11-16 20:20:06,954] [library.py:178]            [INFO]     | Detail: tmdb_person updated poster to [URL] https://image.tmdb.org/t/p/original/7OwsFfoxNGIfWwSmdORyB7v8XNj.jpg
[2022-11-16 20:20:07,034] [plex_meta_manager.py:736]  [INFO]     | 
[2022-11-16 20:20:07,034] [plex_meta_manager.py:737]  [INFO]     |====================================================================================================|
[2022-11-16 20:20:07,034] [plex_meta_manager.py:737]  [INFO]     |                                   Finished Kevin Hart Collection                                   |
[2022-11-16 20:20:07,034] [plex_meta_manager.py:737]  [INFO]     |                                    Collection Run Time: 0:00:12                                    |
[2022-11-16 20:20:07,034] [plex_meta_manager.py:737]  [INFO]     |====================================================================================================|
