[2022-11-16 18:48:58,561] [builder.py:193]            [INFO]     |====================================================================================================|
[2022-11-16 18:48:58,561] [builder.py:193]            [INFO]     |                             Recommended Collection in Halloween Movies                             |
[2022-11-16 18:48:58,561] [builder.py:193]            [INFO]     |====================================================================================================|
[2022-11-16 18:48:58,562] [builder.py:194]            [INFO]     |                                                                                                    |
[2022-11-16 18:48:58,562] [builder.py:199]            [INFO]     |================================ Building Definition From Templates ================================|
[2022-11-16 18:48:58,562] [builder.py:215]            [DEBUG]    |                                                                                                    |
[2022-11-16 18:48:58,562] [meta.py:210]               [DEBUG]    |======================================= Template Suggestion ========================================|
[2022-11-16 18:48:58,563] [meta.py:451]               [DEBUG]    |                                                                                                    |
[2022-11-16 18:48:58,565] [meta.py:512]               [DEBUG]    |                                                                                                    |
[2022-11-16 18:48:58,565] [meta.py:513]               [DEBUG]    |==================================== Final Template Attributes =====================================|
[2022-11-16 18:48:58,565] [meta.py:514]               [DEBUG]    |                                                                                                    |
[2022-11-16 18:48:58,565] [meta.py:515]               [DEBUG]    | {'url_poster': 'https://theposterdb.com/api/assets/213604', 'sort_title': '++++++++++_Recommended', 'collection_mode': 'hide', 'collection_order': 'release.desc', 'sync_mode': 'sync'} |
[2022-11-16 18:48:58,566] [meta.py:516]               [DEBUG]    |                                                                                                    |
[2022-11-16 18:48:58,566] [builder.py:223]            [INFO]     |================================ Validating Recommended Attributes =================================|
[2022-11-16 18:48:58,566] [builder.py:516]            [DEBUG]    |                                                                                                    |
[2022-11-16 18:48:58,566] [builder.py:517]            [DEBUG]    | Validating Method: sync_mode                                                                       |
[2022-11-16 18:48:58,567] [builder.py:521]            [DEBUG]    | Value: sync                                                                                        |
[2022-11-16 18:48:58,567] [builder.py:613]            [DEBUG]    |                                                                                                    |
[2022-11-16 18:48:58,567] [builder.py:614]            [DEBUG]    | Validating Method: collection_order                                                                |
[2022-11-16 18:48:58,567] [builder.py:615]            [DEBUG]    | Value: release.desc                                                                                |
[2022-11-16 18:48:58,567] [builder.py:646]            [DEBUG]    |                                                                                                    |
[2022-11-16 18:48:58,567] [builder.py:650]            [DEBUG]    | Validating Method: trakt_list                                                                      |
[2022-11-16 18:48:58,568] [builder.py:651]            [DEBUG]    | Value: ['https://trakt.tv/users/jjjonesjr33/lists/top-20-movies-of-the-week']                      |
[2022-11-16 18:48:58,614] [builder.py:646]            [DEBUG]    |                                                                                                    |
[2022-11-16 18:48:58,614] [builder.py:650]            [DEBUG]    | Validating Method: visible_home                                                                    |
[2022-11-16 18:48:58,614] [builder.py:651]            [DEBUG]    | Value: range(01/01-12/31)                                                                          |
[2022-11-16 18:48:58,614] [builder.py:646]            [DEBUG]    |                                                                                                    |
[2022-11-16 18:48:58,615] [builder.py:650]            [DEBUG]    | Validating Method: visible_shared                                                                  |
[2022-11-16 18:48:58,615] [builder.py:651]            [DEBUG]    | Value: range(01/01-12/31)                                                                          |
[2022-11-16 18:48:58,615] [builder.py:646]            [DEBUG]    |                                                                                                    |
[2022-11-16 18:48:58,616] [builder.py:650]            [DEBUG]    | Validating Method: summary                                                                         |
[2022-11-16 18:48:58,616] [builder.py:651]            [DEBUG]    | Value: Recommended Top Movies of the Week                                                          |
[2022-11-16 18:48:58,616] [builder.py:646]            [DEBUG]    |                                                                                                    |
[2022-11-16 18:48:58,616] [builder.py:650]            [DEBUG]    | Validating Method: url_poster                                                                      |
[2022-11-16 18:48:58,616] [builder.py:651]            [DEBUG]    | Value: https://theposterdb.com/api/assets/213604                                                   |
[2022-11-16 18:48:59,234] [builder.py:646]            [DEBUG]    |                                                                                                    |
[2022-11-16 18:48:59,235] [builder.py:650]            [DEBUG]    | Validating Method: sort_title                                                                      |
[2022-11-16 18:48:59,235] [builder.py:651]            [DEBUG]    | Value: ++++++++++_Recommended                                                                      |
[2022-11-16 18:48:59,235] [builder.py:646]            [DEBUG]    |                                                                                                    |
[2022-11-16 18:48:59,235] [builder.py:650]            [DEBUG]    | Validating Method: collection_mode                                                                 |
[2022-11-16 18:48:59,235] [builder.py:651]            [DEBUG]    | Value: hide                                                                                        |
[2022-11-16 18:48:59,283] [builder.py:814]            [INFO]     |                                                                                                    |
[2022-11-16 18:48:59,283] [builder.py:815]            [INFO]     | Validation Successful                                                                              |
[2022-11-16 18:48:59,284] [plex_meta_manager.py:594]  [INFO]     |                                                                                                    |
[2022-11-16 18:48:59,284] [plex_meta_manager.py:596]  [INFO]     |================================== Running Recommended Collection ==================================|
[2022-11-16 18:48:59,284] [plex_meta_manager.py:608]  [INFO]     |                                                                                                    |
[2022-11-16 18:48:59,284] [plex_meta_manager.py:609]  [INFO]     | Sync Mode: sync                                                                                    |
[2022-11-16 18:48:59,284] [plex_meta_manager.py:612]  [DEBUG]    |                                                                                                    |
[2022-11-16 18:48:59,285] [plex_meta_manager.py:613]  [DEBUG]    | Builder: trakt_list: https://trakt.tv/users/jjjonesjr33/lists/top-20-movies-of-the-week            |
[2022-11-16 18:48:59,285] [plex_meta_manager.py:614]  [INFO]     |                                                                                                    |
[2022-11-16 18:48:59,285] [trakt.py:493]              [INFO]     | Processing Trakt List: https://trakt.tv/users/jjjonesjr33/lists/top-20-movies-of-the-week          |
[2022-11-16 18:48:59,327] [builder.py:1574]           [DEBUG]    |                                                                                                    |
[2022-11-16 18:48:59,327] [builder.py:1575]           [DEBUG]    | 20 IDs Found                                                                                       |
[2022-11-16 18:48:59,328] [builder.py:1577]           [DEBUG]    |                                                                                                    |
[2022-11-16 18:48:59,328] [builder.py:2158]           [INFO]     |                                                                                                    |
[2022-11-16 18:48:59,329] [builder.py:2159]           [INFO]     |================================= Adding to Recommended Collection =================================|
[2022-11-16 18:48:59,330] [builder.py:2160]           [INFO]     |                                                                                                    |
[2022-11-16 18:48:59,330] [builder.py:2174]           [INFO]     | 1/2 | Recommended Collection | = | Smile (2022)                                                    |
[2022-11-16 18:48:59,331] [builder.py:2174]           [INFO]     | 2/2 | Recommended Collection | = | Barbarian (2022)                                                |
[2022-11-16 18:48:59,331] [builder.py:2194]           [INFO]     |                                                                                                    |
[2022-11-16 18:48:59,331] [builder.py:2196]           [INFO]     | 2 Movies Processed 0 Movies Added                                                                  |
[2022-11-16 18:48:59,332] [builder.py:2306]           [INFO]     |                                                                                                    |
[2022-11-16 18:48:59,332] [builder.py:2307]           [INFO]     |========================== Missing Movies from Library: Halloween Movies ===========================|
[2022-11-16 18:48:59,333] [builder.py:2308]           [INFO]     |                                                                                                    |
[2022-11-16 18:48:59,612] [builder.py:2321]           [INFO]     | Recommended Collection | ? | Black Panther: Wakanda Forever (2022) (TMDb: 505642)                  |
[2022-11-16 18:48:59,630] [builder.py:2321]           [INFO]     | Recommended Collection | ? | Black Adam (2022) (TMDb: 436270)                                      |
[2022-11-16 18:48:59,643] [builder.py:2321]           [INFO]     | Recommended Collection | ? | Enola Holmes 2 (2022) (TMDb: 829280)                                  |
[2022-11-16 18:48:59,657] [builder.py:2321]           [INFO]     | Recommended Collection | ? | Ticket to Paradise (2022) (TMDb: 800939)                              |
[2022-11-16 18:48:59,669] [builder.py:2321]           [INFO]     | Recommended Collection | ? | Bullet Train (2022) (TMDb: 718930)                                    |
[2022-11-16 18:48:59,682] [builder.py:2321]           [INFO]     | Recommended Collection | ? | The Woman King (2022) (TMDb: 724495)                                  |
[2022-11-16 18:48:59,699] [builder.py:2321]           [INFO]     | Recommended Collection | ? | Top Gun: Maverick (2022) (TMDb: 361743)                               |
[2022-11-16 18:48:59,711] [builder.py:2321]           [INFO]     | Recommended Collection | ? | All Quiet on the Western Front (2022) (TMDb: 49046)                   |
[2022-11-16 18:48:59,726] [builder.py:2321]           [INFO]     | Recommended Collection | ? | Weird: The Al Yankovic Story (2022) (TMDb: 928344)                    |
[2022-11-16 18:48:59,737] [builder.py:2321]           [INFO]     | Recommended Collection | ? | Don't Worry Darling (2022) (TMDb: 619730)                             |
[2022-11-16 18:48:59,747] [builder.py:2321]           [INFO]     | Recommended Collection | ? | Amsterdam (2022) (TMDb: 664469)                                       |
[2022-11-16 18:48:59,763] [builder.py:2321]           [INFO]     | Recommended Collection | ? | On the Line (2022) (TMDb: 979924)                                     |
[2022-11-16 18:48:59,778] [builder.py:2321]           [INFO]     | Recommended Collection | ? | Thor: Love and Thunder (2022) (TMDb: 616037)                          |
[2022-11-16 18:48:59,794] [builder.py:2321]           [INFO]     | Recommended Collection | ? | Black Panther (2018) (TMDb: 284054)                                   |
[2022-11-16 18:48:59,806] [builder.py:2321]           [INFO]     | Recommended Collection | ? | Enola Holmes (2020) (TMDb: 497582)                                    |
[2022-11-16 18:48:59,818] [builder.py:2321]           [INFO]     | Recommended Collection | ? | Falling for Christmas (2022) (TMDb: 833097)                           |
[2022-11-16 18:48:59,828] [builder.py:2321]           [INFO]     | Recommended Collection | ? | The Good Nurse (2022) (TMDb: 541134)                                  |
[2022-11-16 18:48:59,841] [builder.py:2321]           [INFO]     | Recommended Collection | ? | See How They Run (2022) (TMDb: 766475)                                |
[2022-11-16 18:48:59,841] [builder.py:2326]           [INFO]     |                                                                                                    |
[2022-11-16 18:48:59,841] [builder.py:2327]           [INFO]     | 18 Movies Missing                                                                                  |
[2022-11-16 18:49:03,528] [builder.py:2527]           [INFO]     |                                                                                                    |
[2022-11-16 18:49:03,529] [builder.py:2528]           [INFO]     |============================ Updating Details of Recommended Collection ============================|
[2022-11-16 18:49:03,529] [builder.py:2529]           [INFO]     |                                                                                                    |
[2022-11-16 18:49:03,537] [builder.py:2595]           [INFO]     | Collection Metadata Edits                                                                          |
[2022-11-16 18:49:03,541] [util.py:174]               [DEBUG]    | 2 posters found:                                                                                   |
[2022-11-16 18:49:03,541] [util.py:176]               [DEBUG]    | Method: url_poster Poster: https://theposterdb.com/api/assets/213604                               |
[2022-11-16 18:49:03,541] [util.py:176]               [DEBUG]    | Method: asset_directory Poster: {'attribute': 'asset_directory', 'location': '/config/Halloween_Movies/Assets/Recommended/poster.png', 'prefix': "Recommended's ", 'is_poster': True, 'is_url': False, 'compare': 4547115, 'message': "Recommended's poster to [File] /config/Halloween_Movies/Assets/Recommended/poster.png"} |
[2022-11-16 18:49:03,543] [library.py:180]            [INFO]     | Detail: Recommended's poster update not needed                                                     |
[2022-11-16 18:49:03,579] [builder.py:2686]           [INFO]     |                                                                                                    |
[2022-11-16 18:49:03,580] [builder.py:2687]           [INFO]     |================================== Sorting Recommended Collection ==================================|
[2022-11-16 18:49:03,580] [builder.py:2688]           [INFO]     |                                                                                                    |
[2022-11-16 18:49:03,618] [builder.py:2704]           [INFO]     | Moving Smile (2022) to the beginning                                                               |
[2022-11-16 18:49:03,648] [builder.py:2704]           [INFO]     | Moving Barbarian (2022) after Smile (2022)                                                         |
[2022-11-16 18:49:03,676] [plex_meta_manager.py:736]  [INFO]     |                                                                                                    |
[2022-11-16 18:49:03,677] [plex_meta_manager.py:737]  [INFO]     |====================================================================================================|
[2022-11-16 18:49:03,677] [plex_meta_manager.py:737]  [INFO]     |                                  Finished Recommended Collection                                   |
[2022-11-16 18:49:03,677] [plex_meta_manager.py:737]  [INFO]     |                                    Collection Run Time: 0:00:05                                    |
[2022-11-16 18:49:03,677] [plex_meta_manager.py:737]  [INFO]     |====================================================================================================|
