[2022-11-17 03:23:44,669] [builder.py:193]            [INFO]     |====================================================================================================|
[2022-11-17 03:23:44,669] [builder.py:193]            [INFO]     |                                Best of 1995 Collection in TV Shows                                 |
[2022-11-17 03:23:44,669] [builder.py:193]            [INFO]     |====================================================================================================|
[2022-11-17 03:23:44,669] [builder.py:194]            [INFO]     |                                                                                                    |
[2022-11-17 03:23:44,669] [builder.py:199]            [INFO]     |================================ Building Definition From Templates ================================|
[2022-11-17 03:23:44,669] [builder.py:215]            [DEBUG]    |                                                                                                    |
[2022-11-17 03:23:44,669] [meta.py:210]               [DEBUG]    |====================================== Template smart_filter =======================================|
[2022-11-17 03:23:44,670] [meta.py:451]               [DEBUG]    |                                                                                                    |
[2022-11-17 03:23:44,677] [meta.py:210]               [DEBUG]    |======================================= Template translation =======================================|
[2022-11-17 03:23:44,677] [meta.py:451]               [DEBUG]    |                                                                                                    |
[2022-11-17 03:23:44,680] [meta.py:210]               [DEBUG]    |========================================= Template shared ==========================================|
[2022-11-17 03:23:44,681] [meta.py:451]               [DEBUG]    |                                                                                                    |
[2022-11-17 03:23:44,693] [meta.py:512]               [DEBUG]    |                                                                                                    |
[2022-11-17 03:23:44,693] [meta.py:513]               [DEBUG]    |==================================== Final Template Attributes =====================================|
[2022-11-17 03:23:44,693] [meta.py:514]               [DEBUG]    |                                                                                                    |
[2022-11-17 03:23:44,693] [meta.py:515]               [DEBUG]    | {'smart_filter': {'sort_by': 'critic_rating.desc', 'limit': 10, 'any': {'year': ['1995']}}, 'summary': 'Shows released in 1995.', 'name': 'Best of 1995', 'ignore_blank_results': True, 'collection_mode': 'hide', 'sort_title': '!13_Best of 1995', 'url_poster': 'https://raw.githubusercontent.com/meisnate12/Plex-Meta-Manager-Images/master/year/best/1995.jpg'} |
[2022-11-17 03:23:44,693] [meta.py:516]               [DEBUG]    |                                                                                                    |
[2022-11-17 03:23:44,694] [builder.py:223]            [INFO]     |================================ Validating Best of 1995 Attributes ================================|
[2022-11-17 03:23:44,694] [builder.py:226]            [DEBUG]    |                                                                                                    |
[2022-11-17 03:23:44,694] [builder.py:227]            [DEBUG]    | Validating Method: name                                                                            |
[2022-11-17 03:23:44,694] [builder.py:230]            [DEBUG]    | Value: Best of 1995                                                                                |
[2022-11-17 03:23:44,694] [builder.py:502]            [DEBUG]    |                                                                                                    |
[2022-11-17 03:23:44,694] [builder.py:503]            [DEBUG]    | Validating Method: ignore_blank_results                                                            |
[2022-11-17 03:23:44,694] [builder.py:504]            [DEBUG]    | Value: True                                                                                        |
[2022-11-17 03:23:44,694] [builder.py:1784]           [INFO]     |                                                                                                    |
[2022-11-17 03:23:44,694] [builder.py:1785]           [INFO]     | Validating Method: smart_filter                                                                    |
[2022-11-17 03:23:44,695] [builder.py:1791]           [DEBUG]    | Value: {'sort_by': 'critic_rating.desc', 'limit': 10, 'any': {'year': ['1995']}}                   |
[2022-11-17 03:23:44,695] [builder.py:1978]           [DEBUG]    | Smart URL: ?type=2&limit=10&sort=rating%3Adesc&push=1&show.year=1995&pop=1                         |
[2022-11-17 03:23:44,695] [builder.py:646]            [DEBUG]    |                                                                                                    |
[2022-11-17 03:23:44,695] [builder.py:650]            [DEBUG]    | Validating Method: label                                                                           |
[2022-11-17 03:23:44,695] [builder.py:651]            [DEBUG]    | Value: Year                                                                                        |
[2022-11-17 03:23:44,695] [builder.py:646]            [DEBUG]    |                                                                                                    |
[2022-11-17 03:23:44,695] [builder.py:650]            [DEBUG]    | Validating Method: summary                                                                         |
[2022-11-17 03:23:44,695] [builder.py:651]            [DEBUG]    | Value: Shows released in 1995.                                                                     |
[2022-11-17 03:23:44,696] [builder.py:646]            [DEBUG]    |                                                                                                    |
[2022-11-17 03:23:44,696] [builder.py:650]            [DEBUG]    | Validating Method: collection_mode                                                                 |
[2022-11-17 03:23:44,696] [builder.py:651]            [DEBUG]    | Value: hide                                                                                        |
[2022-11-17 03:23:44,696] [builder.py:646]            [DEBUG]    |                                                                                                    |
[2022-11-17 03:23:44,696] [builder.py:650]            [DEBUG]    | Validating Method: sort_title                                                                      |
[2022-11-17 03:23:44,696] [builder.py:651]            [DEBUG]    | Value: !13_Best of 1995                                                                            |
[2022-11-17 03:23:44,697] [builder.py:646]            [DEBUG]    |                                                                                                    |
[2022-11-17 03:23:44,697] [builder.py:650]            [DEBUG]    | Validating Method: url_poster                                                                      |
[2022-11-17 03:23:44,697] [builder.py:651]            [DEBUG]    | Value: https://raw.githubusercontent.com/meisnate12/Plex-Meta-Manager-Images/master/year/best/1995.jpg |
[2022-11-17 03:23:44,912] [plex.py:835]               [DEBUG]    |                                                                                                    |
[2022-11-17 03:23:44,913] [plex.py:838]               [DEBUG]    | Looking for: Best of 1995                                                                          |
[2022-11-17 03:23:44,913] [builder.py:814]            [INFO]     |                                                                                                    |
[2022-11-17 03:23:44,913] [builder.py:815]            [INFO]     | Validation Successful                                                                              |
[2022-11-17 03:23:44,913] [plex_meta_manager.py:594]  [INFO]     |                                                                                                    |
[2022-11-17 03:23:44,913] [plex_meta_manager.py:596]  [INFO]     |================================= Running Best of 1995 Collection ==================================|
[2022-11-17 03:23:44,914] [plex_meta_manager.py:602]  [INFO]     |                                                                                                    |
[2022-11-17 03:23:44,914] [plex_meta_manager.py:603]  [INFO]     | Smart Show Filter                                                                                  |
                                                                 | Sort By: ['critic_rating.desc']
                                                                 | Limit: 10
                                                                 | Filter:
                                                                 |   Match any of the following:
                                                                 |     Year is 1995
[2022-11-17 03:23:44,933] [builder.py:2509]           [DEBUG]    | Smart Collection Created: ?type=2&limit=10&sort=rating%3Adesc&push=1&show.year=1995&pop=1
[2022-11-17 03:23:44,938] [builder.py:2527]           [INFO]     | 
[2022-11-17 03:23:44,938] [builder.py:2528]           [INFO]     |=========================== Updating Details of Best of 1995 Collection ============================|
[2022-11-17 03:23:44,938] [builder.py:2529]           [INFO]     |                                                                                                    |
[2022-11-17 03:23:44,946] [builder.py:2595]           [INFO]     | Collection Metadata Edits                                                                          |
                                                                 | Summary (summary) | Shows released in 1995.  
                                                                 | Sort Title | !13_Best of 1995
                                                                 | Label | +Year, +PMM
[2022-11-17 03:23:46,941] [builder.py:2599]           [INFO]     | Details: have been updated
[2022-11-17 03:23:46,941] [builder.py:2603]           [INFO]     | 
[2022-11-17 03:23:48,992] [builder.py:2615]           [INFO]     | Collection Mode | hide
[2022-11-17 03:23:48,992] [util.py:174]               [DEBUG]    | 1 poster found:
[2022-11-17 03:23:48,992] [util.py:176]               [DEBUG]    | Method: url_poster Poster: https://raw.githubusercontent.com/meisnate12/Plex-Meta-Manager-Images/master/year/best/1995.jpg
[2022-11-17 03:23:49,075] [library.py:178]            [INFO]     | Detail: url_poster updated poster to [URL] https://raw.githubusercontent.com/meisnate12/Plex-Meta-Manager-Images/master/year/best/1995.jpg
[2022-11-17 03:23:49,104] [plex_meta_manager.py:736]  [INFO]     | 
[2022-11-17 03:23:49,105] [plex_meta_manager.py:737]  [INFO]     |====================================================================================================|
[2022-11-17 03:23:49,105] [plex_meta_manager.py:737]  [INFO]     |                                  Finished Best of 1995 Collection                                  |
[2022-11-17 03:23:49,105] [plex_meta_manager.py:737]  [INFO]     |                                    Collection Run Time: 0:00:04                                    |
[2022-11-17 03:23:49,105] [plex_meta_manager.py:737]  [INFO]     |====================================================================================================|
