[2022-11-17 00:34:59,005] [builder.py:193]            [INFO]     |====================================================================================================|
[2022-11-17 00:34:59,006] [builder.py:193]            [INFO]     |                        Trakt Box Office Movies Collection in Marvel Movies                         |
[2022-11-17 00:34:59,006] [builder.py:193]            [INFO]     |====================================================================================================|
[2022-11-17 00:34:59,006] [builder.py:194]            [INFO]     |                                                                                                    |
[2022-11-17 00:34:59,006] [builder.py:199]            [INFO]     |================================ Building Definition From Templates ================================|
[2022-11-17 00:34:59,006] [builder.py:215]            [DEBUG]    |                                                                                                    |
[2022-11-17 00:34:59,006] [meta.py:210]               [DEBUG]    |======================================= Template radarr_add ========================================|
[2022-11-17 00:34:59,006] [meta.py:451]               [DEBUG]    |                                                                                                    |
[2022-11-17 00:34:59,007] [meta.py:512]               [DEBUG]    |                                                                                                    |
[2022-11-17 00:34:59,008] [meta.py:513]               [DEBUG]    |==================================== Final Template Attributes =====================================|
[2022-11-17 00:34:59,008] [meta.py:514]               [DEBUG]    |                                                                                                    |
[2022-11-17 00:34:59,008] [meta.py:515]               [DEBUG]    | {'sync_mode': 'sync', 'radarr_add': True, 'radarr_search': True, 'build_collection': False}        |
[2022-11-17 00:34:59,008] [meta.py:516]               [DEBUG]    |                                                                                                    |
[2022-11-17 00:34:59,008] [builder.py:223]            [INFO]     |========================== Validating Trakt Box Office Movies Attributes ===========================|
[2022-11-17 00:34:59,008] [builder.py:495]            [DEBUG]    |                                                                                                    |
[2022-11-17 00:34:59,008] [builder.py:496]            [DEBUG]    | Validating Method: build_collection                                                                |
[2022-11-17 00:34:59,008] [builder.py:497]            [DEBUG]    | Value: False                                                                                       |
[2022-11-17 00:34:59,008] [builder.py:516]            [DEBUG]    |                                                                                                    |
[2022-11-17 00:34:59,009] [builder.py:517]            [DEBUG]    | Validating Method: sync_mode                                                                       |
[2022-11-17 00:34:59,009] [builder.py:521]            [DEBUG]    | Value: sync                                                                                        |
[2022-11-17 00:34:59,009] [builder.py:646]            [DEBUG]    |                                                                                                    |
[2022-11-17 00:34:59,009] [builder.py:650]            [DEBUG]    | Validating Method: trakt_boxoffice                                                                 |
[2022-11-17 00:34:59,009] [builder.py:651]            [DEBUG]    | Value: True                                                                                        |
[2022-11-17 00:34:59,009] [builder.py:646]            [DEBUG]    |                                                                                                    |
[2022-11-17 00:34:59,009] [plex.py:1372]              [WARNING]  | Collection Warning: radarr_add attribute will run as radarr_add_missing                            |
[2022-11-17 00:34:59,009] [builder.py:650]            [DEBUG]    | Validating Method: radarr_add                                                                      |
[2022-11-17 00:34:59,009] [builder.py:651]            [DEBUG]    | Value: True                                                                                        |
[2022-11-17 00:34:59,010] [builder.py:662]            [ERROR]    | Collection Error: radarr_add_missing requires Radarr to be configured                              |
[2022-11-17 00:34:59,010] [builder.py:646]            [DEBUG]    |                                                                                                    |
[2022-11-17 00:34:59,010] [builder.py:650]            [DEBUG]    | Validating Method: radarr_search                                                                   |
[2022-11-17 00:34:59,010] [builder.py:651]            [DEBUG]    | Value: True                                                                                        |
[2022-11-17 00:34:59,010] [builder.py:662]            [ERROR]    | Collection Error: radarr_search requires Radarr to be configured                                   |
[2022-11-17 00:34:59,010] [builder.py:814]            [INFO]     |                                                                                                    |
[2022-11-17 00:34:59,010] [builder.py:815]            [INFO]     | Validation Successful                                                                              |
[2022-11-17 00:34:59,010] [plex_meta_manager.py:594]  [INFO]     |                                                                                                    |
[2022-11-17 00:34:59,010] [plex_meta_manager.py:596]  [INFO]     |============================ Running Trakt Box Office Movies Collection ============================|
[2022-11-17 00:34:59,010] [plex_meta_manager.py:608]  [INFO]     |                                                                                                    |
[2022-11-17 00:34:59,010] [plex_meta_manager.py:609]  [INFO]     | Sync Mode: append                                                                                  |
[2022-11-17 00:34:59,011] [plex_meta_manager.py:612]  [DEBUG]    |                                                                                                    |
[2022-11-17 00:34:59,011] [plex_meta_manager.py:613]  [DEBUG]    | Builder: trakt_boxoffice: 10                                                                       |
[2022-11-17 00:34:59,011] [plex_meta_manager.py:614]  [INFO]     |                                                                                                    |
[2022-11-17 00:34:59,011] [trakt.py:512]              [INFO]     | Processing Trakt Boxoffice: 10 Movies                                                              |
[2022-11-17 00:34:59,059] [builder.py:1574]           [DEBUG]    |                                                                                                    |
[2022-11-17 00:34:59,059] [builder.py:1575]           [DEBUG]    | 10 IDs Found                                                                                       |
[2022-11-17 00:34:59,060] [builder.py:1577]           [DEBUG]    |                                                                                                    |
[2022-11-17 00:34:59,060] [builder.py:2306]           [INFO]     |                                                                                                    |
[2022-11-17 00:34:59,060] [builder.py:2307]           [INFO]     |============================ Missing Movies from Library: Marvel Movies ============================|
[2022-11-17 00:34:59,060] [builder.py:2308]           [INFO]     |                                                                                                    |
[2022-11-17 00:34:59,071] [builder.py:2321]           [INFO]     | Trakt Box Office Movies Collection | ? | Black Panther: Wakanda Forever (2022) (TMDb: 505642)      |
[2022-11-17 00:34:59,082] [builder.py:2321]           [INFO]     | Trakt Box Office Movies Collection | ? | Black Adam (2022) (TMDb: 436270)                          |
[2022-11-17 00:34:59,097] [builder.py:2321]           [INFO]     | Trakt Box Office Movies Collection | ? | Ticket to Paradise (2022) (TMDb: 800939)                  |
[2022-11-17 00:34:59,109] [builder.py:2321]           [INFO]     | Trakt Box Office Movies Collection | ? | Lyle, Lyle, Crocodile (2022) (TMDb: 830784)               |
[2022-11-17 00:34:59,120] [builder.py:2321]           [INFO]     | Trakt Box Office Movies Collection | ? | Smile (2022) (TMDb: 882598)                               |
[2022-11-17 00:34:59,132] [builder.py:2321]           [INFO]     | Trakt Box Office Movies Collection | ? | Prey for the Devil (2022) (TMDb: 676547)                  |
[2022-11-17 00:34:59,142] [builder.py:2321]           [INFO]     | Trakt Box Office Movies Collection | ? | The Banshees of Inisherin (2022) (TMDb: 674324)           |
[2022-11-17 00:34:59,162] [builder.py:2321]           [INFO]     | Trakt Box Office Movies Collection | ? | One Piece Film Red (2022) (TMDb: 900667)                  |
[2022-11-17 00:34:59,173] [builder.py:2321]           [INFO]     | Trakt Box Office Movies Collection | ? | Till (2022) (TMDb: 854239)                                |
[2022-11-17 00:34:59,184] [builder.py:2321]           [INFO]     | Trakt Box Office Movies Collection | ? | Armageddon Time (2022) (TMDb: 615952)                     |
[2022-11-17 00:34:59,184] [builder.py:2326]           [INFO]     |                                                                                                    |
[2022-11-17 00:34:59,184] [builder.py:2327]           [INFO]     | 10 Movies Missing                                                                                  |
[2022-11-17 00:35:01,764] [plex_meta_manager.py:736]  [INFO]     |                                                                                                    |
[2022-11-17 00:35:01,765] [plex_meta_manager.py:737]  [INFO]     |====================================================================================================|
[2022-11-17 00:35:01,765] [plex_meta_manager.py:737]  [INFO]     |                            Finished Trakt Box Office Movies Collection                             |
[2022-11-17 00:35:01,765] [plex_meta_manager.py:737]  [INFO]     |                                    Collection Run Time: 0:00:02                                    |
[2022-11-17 00:35:01,765] [plex_meta_manager.py:737]  [INFO]     |====================================================================================================|
