[2022-11-17 00:04:46,102] [builder.py:193]            [INFO]     |====================================================================================================|
[2022-11-17 00:04:46,102] [builder.py:193]            [INFO]     |                              1980's Films Collection in Marvel Movies                              |
[2022-11-17 00:04:46,102] [builder.py:193]            [INFO]     |====================================================================================================|
[2022-11-17 00:04:46,102] [builder.py:194]            [INFO]     |                                                                                                    |
[2022-11-17 00:04:46,102] [builder.py:199]            [INFO]     |================================ Building Definition From Templates ================================|
[2022-11-17 00:04:46,102] [builder.py:215]            [DEBUG]    |                                                                                                    |
[2022-11-17 00:04:46,103] [meta.py:210]               [DEBUG]    |========================================= Template Decade ==========================================|
[2022-11-17 00:04:46,103] [meta.py:451]               [DEBUG]    |                                                                                                    |
[2022-11-17 00:04:46,105] [meta.py:512]               [DEBUG]    |                                                                                                    |
[2022-11-17 00:04:46,105] [meta.py:513]               [DEBUG]    |==================================== Final Template Attributes =====================================|
[2022-11-17 00:04:46,105] [meta.py:514]               [DEBUG]    |                                                                                                    |
[2022-11-17 00:04:46,105] [meta.py:515]               [DEBUG]    | {'smart_filter': {'any': {'decade': 1980}, 'sort_by': 'release.desc', 'url_poster': 'https://theposterdb.com/api/assets/213585', 'sort_title': "+++++_1980's Films", 'collection_mode': 'hide'}} |
[2022-11-17 00:04:46,105] [meta.py:516]               [DEBUG]    |                                                                                                    |
[2022-11-17 00:04:46,105] [builder.py:223]            [INFO]     |================================ Validating 1980's Films Attributes ================================|
[2022-11-17 00:04:46,105] [builder.py:1784]           [INFO]     |                                                                                                    |
[2022-11-17 00:04:46,105] [builder.py:1785]           [INFO]     | Validating Method: smart_filter                                                                    |
[2022-11-17 00:04:46,106] [builder.py:1791]           [DEBUG]    | Value: {'any': {'decade': 1980}, 'sort_by': 'release.desc', 'url_poster': 'https://theposterdb.com/api/assets/213585', 'sort_title': "+++++_1980's Films", 'collection_mode': 'hide'} |
[2022-11-17 00:04:46,106] [builder.py:1978]           [DEBUG]    | Smart URL: ?type=1&sort=originallyAvailableAt%3Adesc&push=1&decade=1980&pop=1                      |
[2022-11-17 00:04:46,106] [builder.py:646]            [DEBUG]    |                                                                                                    |
[2022-11-17 00:04:46,106] [builder.py:650]            [DEBUG]    | Validating Method: summary                                                                         |
[2022-11-17 00:04:46,106] [builder.py:651]            [DEBUG]    | Value: A collection of films during the 1980s                                                      |
[2022-11-17 00:04:46,110] [plex.py:835]               [DEBUG]    |                                                                                                    |
[2022-11-17 00:04:46,110] [plex.py:838]               [DEBUG]    | Looking for: 1980's Films                                                                          |
[2022-11-17 00:04:46,110] [builder.py:814]            [INFO]     |                                                                                                    |
[2022-11-17 00:04:46,110] [builder.py:815]            [INFO]     | Validation Successful                                                                              |
[2022-11-17 00:04:46,111] [plex_meta_manager.py:594]  [INFO]     |                                                                                                    |
[2022-11-17 00:04:46,111] [plex_meta_manager.py:596]  [INFO]     |================================= Running 1980's Films Collection ==================================|
[2022-11-17 00:04:46,111] [plex_meta_manager.py:602]  [INFO]     |                                                                                                    |
[2022-11-17 00:04:46,111] [plex_meta_manager.py:603]  [INFO]     | Smart Movie Filter                                                                                 |
                                                                 | Sort By: ['release.desc']
                                                                 | Filter:
                                                                 |   Match any of the following:
                                                                 |     Decade is 1980
[2022-11-17 00:04:46,121] [plex_meta_manager.py:652]  [INFO]     | 
[2022-11-17 00:04:46,121] [plex_meta_manager.py:653]  [INFO]     | Collection Minimum: 2 not met for 1980's Films Collection
[2022-11-17 00:04:46,121] [plex_meta_manager.py:736]  [INFO]     | 
[2022-11-17 00:04:46,121] [plex_meta_manager.py:737]  [INFO]     |====================================================================================================|
[2022-11-17 00:04:46,121] [plex_meta_manager.py:737]  [INFO]     |                                  Finished 1980's Films Collection                                  |
[2022-11-17 00:04:46,121] [plex_meta_manager.py:737]  [INFO]     |                                    Collection Run Time: 0:00:00                                    |
[2022-11-17 00:04:46,121] [plex_meta_manager.py:737]  [INFO]     |====================================================================================================|
