[2022-11-16 20:43:18,299] [builder.py:193]            [INFO]     |====================================================================================================|
[2022-11-16 20:43:18,300] [builder.py:193]            [INFO]     |                         Judy Freudberg (Writer) Collection in Kids Movies                          |
[2022-11-16 20:43:18,300] [builder.py:193]            [INFO]     |====================================================================================================|
[2022-11-16 20:43:18,300] [builder.py:194]            [INFO]     |                                                                                                    |
[2022-11-16 20:43:18,300] [builder.py:199]            [INFO]     |================================ Building Definition From Templates ================================|
[2022-11-16 20:43:18,300] [builder.py:215]            [DEBUG]    |                                                                                                    |
[2022-11-16 20:43:18,300] [meta.py:210]               [DEBUG]    |====================================== Template smart_filter =======================================|
[2022-11-16 20:43:18,301] [meta.py:451]               [DEBUG]    |                                                                                                    |
[2022-11-16 20:43:18,307] [meta.py:210]               [DEBUG]    |======================================= Template translation =======================================|
[2022-11-16 20:43:18,308] [meta.py:451]               [DEBUG]    |                                                                                                    |
[2022-11-16 20:43:18,310] [meta.py:210]               [DEBUG]    |========================================= Template shared ==========================================|
[2022-11-16 20:43:18,311] [meta.py:451]               [DEBUG]    |                                                                                                    |
[2022-11-16 20:43:18,322] [meta.py:512]               [DEBUG]    |                                                                                                    |
[2022-11-16 20:43:18,323] [meta.py:513]               [DEBUG]    |==================================== Final Template Attributes =====================================|
[2022-11-16 20:43:18,323] [meta.py:514]               [DEBUG]    |                                                                                                    |
[2022-11-16 20:43:18,323] [meta.py:515]               [DEBUG]    | {'tmdb_person': ['Judy Freudberg'], 'smart_filter': {'sort_by': 'title.asc', 'any': {'writer': 'tmdb'}}, 'summary': 'Movies written by Judy Freudberg.', 'name': 'Judy Freudberg (Writer)', 'ignore_blank_results': True, 'collection_mode': 'hide', 'sort_title': '!20_Judy Freudberg (Writer)', 'url_poster': 'https://raw.githubusercontent.com/meisnate12/Plex-Meta-Manager-Images/master/people/rainier/Judy%20Freudberg.jpg'} |
[2022-11-16 20:43:18,323] [meta.py:516]               [DEBUG]    |                                                                                                    |
[2022-11-16 20:43:18,323] [builder.py:223]            [INFO]     |========================== Validating Judy Freudberg (Writer) Attributes ===========================|
[2022-11-16 20:43:18,323] [builder.py:226]            [DEBUG]    |                                                                                                    |
[2022-11-16 20:43:18,323] [builder.py:227]            [DEBUG]    | Validating Method: name                                                                            |
[2022-11-16 20:43:18,323] [builder.py:230]            [DEBUG]    | Value: Judy Freudberg (Writer)                                                                     |
[2022-11-16 20:43:18,323] [builder.py:502]            [DEBUG]    |                                                                                                    |
[2022-11-16 20:43:18,323] [builder.py:503]            [DEBUG]    | Validating Method: ignore_blank_results                                                            |
[2022-11-16 20:43:18,324] [builder.py:504]            [DEBUG]    | Value: True                                                                                        |
[2022-11-16 20:43:18,324] [builder.py:528]            [DEBUG]    |                                                                                                    |
[2022-11-16 20:43:18,324] [builder.py:529]            [DEBUG]    | Validating Method: tmdb_person                                                                     |
[2022-11-16 20:43:18,324] [builder.py:533]            [DEBUG]    | Value: ['Judy Freudberg']                                                                          |
[2022-11-16 20:43:18,480] [builder.py:1784]           [INFO]     |                                                                                                    |
[2022-11-16 20:43:18,481] [builder.py:1785]           [INFO]     | Validating Method: smart_filter                                                                    |
[2022-11-16 20:43:18,481] [builder.py:1791]           [DEBUG]    | Value: {'sort_by': 'title.asc', 'any': {'writer': 'tmdb'}}                                         |
[2022-11-16 20:43:18,583] [builder.py:1978]           [DEBUG]    | Smart URL: ?type=1&sort=titleSort&push=1&writer=34732&pop=1                                        |
[2022-11-16 20:43:18,584] [builder.py:646]            [DEBUG]    |                                                                                                    |
[2022-11-16 20:43:18,584] [builder.py:650]            [DEBUG]    | Validating Method: label                                                                           |
[2022-11-16 20:43:18,584] [builder.py:651]            [DEBUG]    | Value: Top Writers                                                                                 |
[2022-11-16 20:43:18,584] [builder.py:646]            [DEBUG]    |                                                                                                    |
[2022-11-16 20:43:18,584] [builder.py:650]            [DEBUG]    | Validating Method: summary                                                                         |
[2022-11-16 20:43:18,584] [builder.py:651]            [DEBUG]    | Value: Movies written by Judy Freudberg.                                                           |
[2022-11-16 20:43:18,584] [builder.py:646]            [DEBUG]    |                                                                                                    |
[2022-11-16 20:43:18,584] [builder.py:650]            [DEBUG]    | Validating Method: collection_mode                                                                 |
[2022-11-16 20:43:18,585] [builder.py:651]            [DEBUG]    | Value: hide                                                                                        |
[2022-11-16 20:43:18,585] [builder.py:646]            [DEBUG]    |                                                                                                    |
[2022-11-16 20:43:18,585] [builder.py:650]            [DEBUG]    | Validating Method: sort_title                                                                      |
[2022-11-16 20:43:18,585] [builder.py:651]            [DEBUG]    | Value: !20_Judy Freudberg (Writer)                                                                 |
[2022-11-16 20:43:18,585] [builder.py:646]            [DEBUG]    |                                                                                                    |
[2022-11-16 20:43:18,585] [builder.py:650]            [DEBUG]    | Validating Method: url_poster                                                                      |
[2022-11-16 20:43:18,585] [builder.py:651]            [DEBUG]    | Value: https://raw.githubusercontent.com/meisnate12/Plex-Meta-Manager-Images/master/people/rainier/Judy%20Freudberg.jpg |
[2022-11-16 20:43:18,685] [builder.py:845]            [WARNING]  | Collection Warning: No Poster Found at https://raw.githubusercontent.com/meisnate12/Plex-Meta-Manager-Images/master/people/rainier/Judy%20Freudberg.jpg |
[2022-11-16 20:43:18,690] [plex.py:835]               [DEBUG]    |                                                                                                    |
[2022-11-16 20:43:18,690] [plex.py:838]               [DEBUG]    | Looking for: Judy Freudberg (Writer)                                                               |
[2022-11-16 20:43:18,690] [builder.py:814]            [INFO]     |                                                                                                    |
[2022-11-16 20:43:18,690] [builder.py:815]            [INFO]     | Validation Successful                                                                              |
[2022-11-16 20:43:18,690] [plex_meta_manager.py:594]  [INFO]     |                                                                                                    |
[2022-11-16 20:43:18,690] [plex_meta_manager.py:596]  [INFO]     |============================ Running Judy Freudberg (Writer) Collection ============================|
[2022-11-16 20:43:18,691] [plex_meta_manager.py:602]  [INFO]     |                                                                                                    |
[2022-11-16 20:43:18,691] [plex_meta_manager.py:603]  [INFO]     | Smart Movie Filter                                                                                 |
                                                                 | Sort By: ['title.asc']
                                                                 | Filter:
                                                                 |   Match any of the following:
                                                                 |     Writer is Judy Freudberg
[2022-11-16 20:43:18,725] [builder.py:2509]           [DEBUG]    | Smart Collection Created: ?type=1&sort=titleSort&push=1&writer=34732&pop=1
[2022-11-16 20:43:18,730] [builder.py:2527]           [INFO]     | 
[2022-11-16 20:43:18,730] [builder.py:2528]           [INFO]     |====================== Updating Details of Judy Freudberg (Writer) Collection ======================|
[2022-11-16 20:43:18,730] [builder.py:2529]           [INFO]     |                                                                                                    |
[2022-11-16 20:43:18,738] [builder.py:2595]           [INFO]     | Collection Metadata Edits                                                                          |
                                                                 | Summary (summary) | Movies written by Judy Freudberg.
                                                                 | Sort Title | !20_Judy Freudberg (Writer)
                                                                 | Label | +Top Writers, +PMM
[2022-11-16 20:43:20,293] [builder.py:2599]           [INFO]     | Details: have been updated
[2022-11-16 20:43:20,294] [builder.py:2603]           [INFO]     | 
[2022-11-16 20:43:21,523] [builder.py:2615]           [INFO]     | Collection Mode | hide
[2022-11-16 20:43:21,531] [plex.py:1203]              [WARNING]  | Asset Warning: Asset Directory Not Found and Created: config/Kids_Movies/Assets/Judy Freudberg (Writer)
[2022-11-16 20:43:21,556] [plex_meta_manager.py:736]  [INFO]     | 
[2022-11-16 20:43:21,556] [plex_meta_manager.py:737]  [INFO]     |====================================================================================================|
[2022-11-16 20:43:21,557] [plex_meta_manager.py:737]  [INFO]     |                            Finished Judy Freudberg (Writer) Collection                             |
[2022-11-16 20:43:21,557] [plex_meta_manager.py:737]  [INFO]     |                                    Collection Run Time: 0:00:03                                    |
[2022-11-16 20:43:21,557] [plex_meta_manager.py:737]  [INFO]     |====================================================================================================|
