[2022-11-16 23:45:39,407] [builder.py:193]            [INFO]     |====================================================================================================|
[2022-11-16 23:45:39,408] [builder.py:193]            [INFO]     |                         David Ellison (Producer) Collection in New Movies                          |
[2022-11-16 23:45:39,408] [builder.py:193]            [INFO]     |====================================================================================================|
[2022-11-16 23:45:39,408] [builder.py:194]            [INFO]     |                                                                                                    |
[2022-11-16 23:45:39,408] [builder.py:199]            [INFO]     |================================ Building Definition From Templates ================================|
[2022-11-16 23:45:39,408] [builder.py:215]            [DEBUG]    |                                                                                                    |
[2022-11-16 23:45:39,409] [meta.py:210]               [DEBUG]    |====================================== Template smart_filter =======================================|
[2022-11-16 23:45:39,409] [meta.py:451]               [DEBUG]    |                                                                                                    |
[2022-11-16 23:45:39,415] [meta.py:210]               [DEBUG]    |======================================= Template translation =======================================|
[2022-11-16 23:45:39,416] [meta.py:451]               [DEBUG]    |                                                                                                    |
[2022-11-16 23:45:39,419] [meta.py:210]               [DEBUG]    |========================================= Template shared ==========================================|
[2022-11-16 23:45:39,420] [meta.py:451]               [DEBUG]    |                                                                                                    |
[2022-11-16 23:45:39,432] [meta.py:512]               [DEBUG]    |                                                                                                    |
[2022-11-16 23:45:39,432] [meta.py:513]               [DEBUG]    |==================================== Final Template Attributes =====================================|
[2022-11-16 23:45:39,432] [meta.py:514]               [DEBUG]    |                                                                                                    |
[2022-11-16 23:45:39,432] [meta.py:515]               [DEBUG]    | {'tmdb_person': ['David Ellison'], 'smart_filter': {'sort_by': 'title.asc', 'any': {'producer': 'tmdb'}}, 'summary': 'Movies produced by David Ellison.', 'name': 'David Ellison (Producer)', 'ignore_blank_results': True, 'collection_mode': 'hide', 'sort_title': '!19_David Ellison (Producer)', 'url_poster': 'https://raw.githubusercontent.com/meisnate12/Plex-Meta-Manager-Images/master/people/rainier/David%20Ellison.jpg'} |
[2022-11-16 23:45:39,432] [meta.py:516]               [DEBUG]    |                                                                                                    |
[2022-11-16 23:45:39,433] [builder.py:223]            [INFO]     |========================== Validating David Ellison (Producer) Attributes ==========================|
[2022-11-16 23:45:39,433] [builder.py:226]            [DEBUG]    |                                                                                                    |
[2022-11-16 23:45:39,433] [builder.py:227]            [DEBUG]    | Validating Method: name                                                                            |
[2022-11-16 23:45:39,433] [builder.py:230]            [DEBUG]    | Value: David Ellison (Producer)                                                                    |
[2022-11-16 23:45:39,433] [builder.py:502]            [DEBUG]    |                                                                                                    |
[2022-11-16 23:45:39,433] [builder.py:503]            [DEBUG]    | Validating Method: ignore_blank_results                                                            |
[2022-11-16 23:45:39,433] [builder.py:504]            [DEBUG]    | Value: True                                                                                        |
[2022-11-16 23:45:39,433] [builder.py:528]            [DEBUG]    |                                                                                                    |
[2022-11-16 23:45:39,433] [builder.py:529]            [DEBUG]    | Validating Method: tmdb_person                                                                     |
[2022-11-16 23:45:39,434] [builder.py:533]            [DEBUG]    | Value: ['David Ellison']                                                                           |
[2022-11-16 23:45:39,510] [builder.py:1784]           [INFO]     |                                                                                                    |
[2022-11-16 23:45:39,510] [builder.py:1785]           [INFO]     | Validating Method: smart_filter                                                                    |
[2022-11-16 23:45:39,510] [builder.py:1791]           [DEBUG]    | Value: {'sort_by': 'title.asc', 'any': {'producer': 'tmdb'}}                                       |
[2022-11-16 23:45:39,565] [builder.py:1978]           [DEBUG]    | Smart URL: ?type=1&sort=titleSort&push=1&producer=51794&pop=1                                      |
[2022-11-16 23:45:39,565] [builder.py:646]            [DEBUG]    |                                                                                                    |
[2022-11-16 23:45:39,565] [builder.py:650]            [DEBUG]    | Validating Method: label                                                                           |
[2022-11-16 23:45:39,565] [builder.py:651]            [DEBUG]    | Value: Top Producers                                                                               |
[2022-11-16 23:45:39,565] [builder.py:646]            [DEBUG]    |                                                                                                    |
[2022-11-16 23:45:39,566] [builder.py:650]            [DEBUG]    | Validating Method: summary                                                                         |
[2022-11-16 23:45:39,566] [builder.py:651]            [DEBUG]    | Value: Movies produced by David Ellison.                                                           |
[2022-11-16 23:45:39,566] [builder.py:646]            [DEBUG]    |                                                                                                    |
[2022-11-16 23:45:39,566] [builder.py:650]            [DEBUG]    | Validating Method: collection_mode                                                                 |
[2022-11-16 23:45:39,566] [builder.py:651]            [DEBUG]    | Value: hide                                                                                        |
[2022-11-16 23:45:39,566] [builder.py:646]            [DEBUG]    |                                                                                                    |
[2022-11-16 23:45:39,567] [builder.py:650]            [DEBUG]    | Validating Method: sort_title                                                                      |
[2022-11-16 23:45:39,567] [builder.py:651]            [DEBUG]    | Value: !19_David Ellison (Producer)                                                                |
[2022-11-16 23:45:39,567] [builder.py:646]            [DEBUG]    |                                                                                                    |
[2022-11-16 23:45:39,567] [builder.py:650]            [DEBUG]    | Validating Method: url_poster                                                                      |
[2022-11-16 23:45:39,568] [builder.py:651]            [DEBUG]    | Value: https://raw.githubusercontent.com/meisnate12/Plex-Meta-Manager-Images/master/people/rainier/David%20Ellison.jpg |
[2022-11-16 23:45:39,770] [plex.py:835]               [DEBUG]    |                                                                                                    |
[2022-11-16 23:45:39,771] [plex.py:838]               [DEBUG]    | Looking for: David Ellison (Producer)                                                              |
[2022-11-16 23:45:39,772] [builder.py:814]            [INFO]     |                                                                                                    |
[2022-11-16 23:45:39,772] [builder.py:815]            [INFO]     | Validation Successful                                                                              |
[2022-11-16 23:45:39,772] [plex_meta_manager.py:594]  [INFO]     |                                                                                                    |
[2022-11-16 23:45:39,772] [plex_meta_manager.py:596]  [INFO]     |=========================== Running David Ellison (Producer) Collection ============================|
[2022-11-16 23:45:39,772] [plex_meta_manager.py:602]  [INFO]     |                                                                                                    |
[2022-11-16 23:45:39,772] [plex_meta_manager.py:603]  [INFO]     | Smart Movie Filter                                                                                 |
                                                                 | Sort By: ['title.asc']
                                                                 | Filter:
                                                                 |   Match any of the following:
                                                                 |     Producer is David Ellison
[2022-11-16 23:45:39,796] [builder.py:2509]           [DEBUG]    | Smart Collection Created: ?type=1&sort=titleSort&push=1&producer=51794&pop=1
[2022-11-16 23:45:39,800] [builder.py:2527]           [INFO]     | 
[2022-11-16 23:45:39,801] [builder.py:2528]           [INFO]     |===================== Updating Details of David Ellison (Producer) Collection ======================|
[2022-11-16 23:45:39,801] [builder.py:2529]           [INFO]     |                                                                                                    |
[2022-11-16 23:45:39,809] [builder.py:2595]           [INFO]     | Collection Metadata Edits                                                                          |
                                                                 | Summary (summary) | Movies produced by David Ellison.
                                                                 | Sort Title | !19_David Ellison (Producer)
                                                                 | Label | +Top Producers, +PMM
[2022-11-16 23:45:41,453] [builder.py:2599]           [INFO]     | Details: have been updated
[2022-11-16 23:45:41,453] [builder.py:2603]           [INFO]     | 
[2022-11-16 23:45:43,071] [builder.py:2615]           [INFO]     | Collection Mode | hide
[2022-11-16 23:45:43,077] [plex.py:1203]              [WARNING]  | Asset Warning: Asset Directory Not Found and Created: config/New_Movies/Assets/David Ellison (Producer)
[2022-11-16 23:45:43,077] [util.py:174]               [DEBUG]    | 2 posters found:
[2022-11-16 23:45:43,078] [util.py:176]               [DEBUG]    | Method: tmdb_person Poster: https://image.tmdb.org/t/p/original/jOhjFZWW2KqsOzm4IiE71FHmcIf.jpg
[2022-11-16 23:45:43,079] [util.py:176]               [DEBUG]    | Method: url_poster Poster: https://raw.githubusercontent.com/meisnate12/Plex-Meta-Manager-Images/master/people/rainier/David%20Ellison.jpg
[2022-11-16 23:45:43,241] [library.py:178]            [INFO]     | Detail: asset_directory updated David Ellison (Producer)'s poster to [File] config/New_Movies/Assets/David Ellison (Producer)/poster.jpg
[2022-11-16 23:45:43,284] [plex_meta_manager.py:736]  [INFO]     | 
[2022-11-16 23:45:43,284] [plex_meta_manager.py:737]  [INFO]     |====================================================================================================|
[2022-11-16 23:45:43,284] [plex_meta_manager.py:737]  [INFO]     |                            Finished David Ellison (Producer) Collection                            |
[2022-11-16 23:45:43,284] [plex_meta_manager.py:737]  [INFO]     |                                    Collection Run Time: 0:00:03                                    |
[2022-11-16 23:45:43,285] [plex_meta_manager.py:737]  [INFO]     |====================================================================================================|
