[2022-11-16 23:47:13,576] [builder.py:193]            [INFO]     |====================================================================================================|
[2022-11-16 23:47:13,576] [builder.py:193]            [INFO]     |                     Jennifer Kaytin Robinson (Writer) Collection in New Movies                     |
[2022-11-16 23:47:13,576] [builder.py:193]            [INFO]     |====================================================================================================|
[2022-11-16 23:47:13,576] [builder.py:194]            [INFO]     |                                                                                                    |
[2022-11-16 23:47:13,576] [builder.py:199]            [INFO]     |================================ Building Definition From Templates ================================|
[2022-11-16 23:47:13,577] [builder.py:215]            [DEBUG]    |                                                                                                    |
[2022-11-16 23:47:13,577] [meta.py:210]               [DEBUG]    |====================================== Template smart_filter =======================================|
[2022-11-16 23:47:13,577] [meta.py:451]               [DEBUG]    |                                                                                                    |
[2022-11-16 23:47:13,583] [meta.py:210]               [DEBUG]    |======================================= Template translation =======================================|
[2022-11-16 23:47:13,584] [meta.py:451]               [DEBUG]    |                                                                                                    |
[2022-11-16 23:47:13,586] [meta.py:210]               [DEBUG]    |========================================= Template shared ==========================================|
[2022-11-16 23:47:13,587] [meta.py:451]               [DEBUG]    |                                                                                                    |
[2022-11-16 23:47:13,601] [meta.py:512]               [DEBUG]    |                                                                                                    |
[2022-11-16 23:47:13,601] [meta.py:513]               [DEBUG]    |==================================== Final Template Attributes =====================================|
[2022-11-16 23:47:13,601] [meta.py:514]               [DEBUG]    |                                                                                                    |
[2022-11-16 23:47:13,601] [meta.py:515]               [DEBUG]    | {'tmdb_person': ['Jennifer Kaytin Robinson'], 'smart_filter': {'sort_by': 'title.asc', 'any': {'writer': 'tmdb'}}, 'summary': 'Movies written by Jennifer Kaytin Robinson.', 'name': 'Jennifer Kaytin Robinson (Writer)', 'ignore_blank_results': True, 'collection_mode': 'hide', 'sort_title': '!20_Jennifer Kaytin Robinson (Writer)', 'url_poster': 'https://raw.githubusercontent.com/meisnate12/Plex-Meta-Manager-Images/master/people/rainier/Jennifer%20Kaytin%20Robinson.jpg'} |
[2022-11-16 23:47:13,601] [meta.py:516]               [DEBUG]    |                                                                                                    |
[2022-11-16 23:47:13,602] [builder.py:223]            [INFO]     |===================== Validating Jennifer Kaytin Robinson (Writer) Attributes ======================|
[2022-11-16 23:47:13,602] [builder.py:226]            [DEBUG]    |                                                                                                    |
[2022-11-16 23:47:13,602] [builder.py:227]            [DEBUG]    | Validating Method: name                                                                            |
[2022-11-16 23:47:13,602] [builder.py:230]            [DEBUG]    | Value: Jennifer Kaytin Robinson (Writer)                                                           |
[2022-11-16 23:47:13,602] [builder.py:502]            [DEBUG]    |                                                                                                    |
[2022-11-16 23:47:13,602] [builder.py:503]            [DEBUG]    | Validating Method: ignore_blank_results                                                            |
[2022-11-16 23:47:13,602] [builder.py:504]            [DEBUG]    | Value: True                                                                                        |
[2022-11-16 23:47:13,602] [builder.py:528]            [DEBUG]    |                                                                                                    |
[2022-11-16 23:47:13,602] [builder.py:529]            [DEBUG]    | Validating Method: tmdb_person                                                                     |
[2022-11-16 23:47:13,602] [builder.py:533]            [DEBUG]    | Value: ['Jennifer Kaytin Robinson']                                                                |
[2022-11-16 23:47:13,685] [builder.py:1784]           [INFO]     |                                                                                                    |
[2022-11-16 23:47:13,685] [builder.py:1785]           [INFO]     | Validating Method: smart_filter                                                                    |
[2022-11-16 23:47:13,685] [builder.py:1791]           [DEBUG]    | Value: {'sort_by': 'title.asc', 'any': {'writer': 'tmdb'}}                                         |
[2022-11-16 23:47:13,742] [builder.py:1978]           [DEBUG]    | Smart URL: ?type=1&sort=titleSort&push=1&writer=49482&pop=1                                        |
[2022-11-16 23:47:13,742] [builder.py:646]            [DEBUG]    |                                                                                                    |
[2022-11-16 23:47:13,742] [builder.py:650]            [DEBUG]    | Validating Method: label                                                                           |
[2022-11-16 23:47:13,743] [builder.py:651]            [DEBUG]    | Value: Top Writers                                                                                 |
[2022-11-16 23:47:13,743] [builder.py:646]            [DEBUG]    |                                                                                                    |
[2022-11-16 23:47:13,743] [builder.py:650]            [DEBUG]    | Validating Method: summary                                                                         |
[2022-11-16 23:47:13,743] [builder.py:651]            [DEBUG]    | Value: Movies written by Jennifer Kaytin Robinson.                                                 |
[2022-11-16 23:47:13,743] [builder.py:646]            [DEBUG]    |                                                                                                    |
[2022-11-16 23:47:13,743] [builder.py:650]            [DEBUG]    | Validating Method: collection_mode                                                                 |
[2022-11-16 23:47:13,743] [builder.py:651]            [DEBUG]    | Value: hide                                                                                        |
[2022-11-16 23:47:13,743] [builder.py:646]            [DEBUG]    |                                                                                                    |
[2022-11-16 23:47:13,743] [builder.py:650]            [DEBUG]    | Validating Method: sort_title                                                                      |
[2022-11-16 23:47:13,743] [builder.py:651]            [DEBUG]    | Value: !20_Jennifer Kaytin Robinson (Writer)                                                       |
[2022-11-16 23:47:13,744] [builder.py:646]            [DEBUG]    |                                                                                                    |
[2022-11-16 23:47:13,744] [builder.py:650]            [DEBUG]    | Validating Method: url_poster                                                                      |
[2022-11-16 23:47:13,744] [builder.py:651]            [DEBUG]    | Value: https://raw.githubusercontent.com/meisnate12/Plex-Meta-Manager-Images/master/people/rainier/Jennifer%20Kaytin%20Robinson.jpg |
[2022-11-16 23:47:13,962] [plex.py:835]               [DEBUG]    |                                                                                                    |
[2022-11-16 23:47:13,962] [plex.py:838]               [DEBUG]    | Looking for: Jennifer Kaytin Robinson (Writer)                                                     |
[2022-11-16 23:47:13,962] [builder.py:814]            [INFO]     |                                                                                                    |
[2022-11-16 23:47:13,962] [builder.py:815]            [INFO]     | Validation Successful                                                                              |
[2022-11-16 23:47:13,962] [plex_meta_manager.py:594]  [INFO]     |                                                                                                    |
[2022-11-16 23:47:13,962] [plex_meta_manager.py:596]  [INFO]     |======================= Running Jennifer Kaytin Robinson (Writer) Collection =======================|
[2022-11-16 23:47:13,962] [plex_meta_manager.py:602]  [INFO]     |                                                                                                    |
[2022-11-16 23:47:13,963] [plex_meta_manager.py:603]  [INFO]     | Smart Movie Filter                                                                                 |
                                                                 | Sort By: ['title.asc']
                                                                 | Filter:
                                                                 |   Match any of the following:
                                                                 |     Writer is Jennifer Kaytin Robinson
[2022-11-16 23:47:13,979] [builder.py:2509]           [DEBUG]    | Smart Collection Created: ?type=1&sort=titleSort&push=1&writer=49482&pop=1
[2022-11-16 23:47:13,984] [builder.py:2527]           [INFO]     | 
[2022-11-16 23:47:13,985] [builder.py:2528]           [INFO]     |================= Updating Details of Jennifer Kaytin Robinson (Writer) Collection =================|
[2022-11-16 23:47:13,985] [builder.py:2529]           [INFO]     |                                                                                                    |
[2022-11-16 23:47:13,992] [builder.py:2595]           [INFO]     | Collection Metadata Edits                                                                          |
                                                                 | Summary (summary) | Movies written by Jennifer Kaytin Robinson.
                                                                 | Sort Title | !20_Jennifer Kaytin Robinson (Writer)
                                                                 | Label | +Top Writers, +PMM
[2022-11-16 23:47:15,616] [builder.py:2599]           [INFO]     | Details: have been updated
[2022-11-16 23:47:15,617] [builder.py:2603]           [INFO]     | 
[2022-11-16 23:47:17,115] [builder.py:2615]           [INFO]     | Collection Mode | hide
[2022-11-16 23:47:17,119] [plex.py:1203]              [WARNING]  | Asset Warning: Asset Directory Not Found and Created: config/New_Movies/Assets/Jennifer Kaytin Robinson (Writer)
[2022-11-16 23:47:17,119] [util.py:174]               [DEBUG]    | 2 posters found:
[2022-11-16 23:47:17,119] [util.py:176]               [DEBUG]    | Method: tmdb_person Poster: https://image.tmdb.org/t/p/original/l7StOZo9UtdiruoZwWGybLznFHt.jpg
[2022-11-16 23:47:17,119] [util.py:176]               [DEBUG]    | Method: url_poster Poster: https://raw.githubusercontent.com/meisnate12/Plex-Meta-Manager-Images/master/people/rainier/Jennifer%20Kaytin%20Robinson.jpg
[2022-11-16 23:47:17,266] [library.py:178]            [INFO]     | Detail: asset_directory updated Jennifer Kaytin Robinson (Writer)'s poster to [File] config/New_Movies/Assets/Jennifer Kaytin Robinson (Writer)/poster.jpg
[2022-11-16 23:47:17,310] [plex_meta_manager.py:736]  [INFO]     | 
[2022-11-16 23:47:17,310] [plex_meta_manager.py:737]  [INFO]     |====================================================================================================|
[2022-11-16 23:47:17,310] [plex_meta_manager.py:737]  [INFO]     |                       Finished Jennifer Kaytin Robinson (Writer) Collection                        |
[2022-11-16 23:47:17,311] [plex_meta_manager.py:737]  [INFO]     |                                    Collection Run Time: 0:00:03                                    |
[2022-11-16 23:47:17,311] [plex_meta_manager.py:737]  [INFO]     |====================================================================================================|
