[2022-11-16 22:35:22,707] [builder.py:193]            [INFO]     |====================================================================================================|
[2022-11-16 22:35:22,707] [builder.py:193]            [INFO]     |                        Kathleen Kennedy (Producer) Collection in Old Movies                        |
[2022-11-16 22:35:22,707] [builder.py:193]            [INFO]     |====================================================================================================|
[2022-11-16 22:35:22,707] [builder.py:194]            [INFO]     |                                                                                                    |
[2022-11-16 22:35:22,708] [builder.py:199]            [INFO]     |================================ Building Definition From Templates ================================|
[2022-11-16 22:35:22,708] [builder.py:215]            [DEBUG]    |                                                                                                    |
[2022-11-16 22:35:22,708] [meta.py:210]               [DEBUG]    |====================================== Template smart_filter =======================================|
[2022-11-16 22:35:22,709] [meta.py:451]               [DEBUG]    |                                                                                                    |
[2022-11-16 22:35:22,716] [meta.py:210]               [DEBUG]    |======================================= Template translation =======================================|
[2022-11-16 22:35:22,716] [meta.py:451]               [DEBUG]    |                                                                                                    |
[2022-11-16 22:35:22,719] [meta.py:210]               [DEBUG]    |========================================= Template shared ==========================================|
[2022-11-16 22:35:22,719] [meta.py:451]               [DEBUG]    |                                                                                                    |
[2022-11-16 22:35:22,732] [meta.py:512]               [DEBUG]    |                                                                                                    |
[2022-11-16 22:35:22,732] [meta.py:513]               [DEBUG]    |==================================== Final Template Attributes =====================================|
[2022-11-16 22:35:22,732] [meta.py:514]               [DEBUG]    |                                                                                                    |
[2022-11-16 22:35:22,732] [meta.py:515]               [DEBUG]    | {'tmdb_person': ['Kathleen Kennedy'], 'smart_filter': {'sort_by': 'title.asc', 'any': {'producer': 'tmdb'}}, 'summary': 'Movies produced by Kathleen Kennedy.', 'name': 'Kathleen Kennedy (Producer)', 'ignore_blank_results': True, 'collection_mode': 'hide', 'sort_title': '!19_Kathleen Kennedy (Producer)', 'url_poster': 'https://raw.githubusercontent.com/meisnate12/Plex-Meta-Manager-Images/master/people/rainier/Kathleen%20Kennedy.jpg'} |
[2022-11-16 22:35:22,733] [meta.py:516]               [DEBUG]    |                                                                                                    |
[2022-11-16 22:35:22,733] [builder.py:223]            [INFO]     |======================== Validating Kathleen Kennedy (Producer) Attributes =========================|
[2022-11-16 22:35:22,733] [builder.py:226]            [DEBUG]    |                                                                                                    |
[2022-11-16 22:35:22,733] [builder.py:227]            [DEBUG]    | Validating Method: name                                                                            |
[2022-11-16 22:35:22,733] [builder.py:230]            [DEBUG]    | Value: Kathleen Kennedy (Producer)                                                                 |
[2022-11-16 22:35:22,733] [builder.py:502]            [DEBUG]    |                                                                                                    |
[2022-11-16 22:35:22,733] [builder.py:503]            [DEBUG]    | Validating Method: ignore_blank_results                                                            |
[2022-11-16 22:35:22,733] [builder.py:504]            [DEBUG]    | Value: True                                                                                        |
[2022-11-16 22:35:22,733] [builder.py:528]            [DEBUG]    |                                                                                                    |
[2022-11-16 22:35:22,733] [builder.py:529]            [DEBUG]    | Validating Method: tmdb_person                                                                     |
[2022-11-16 22:35:22,733] [builder.py:533]            [DEBUG]    | Value: ['Kathleen Kennedy']                                                                        |
[2022-11-16 22:35:22,851] [builder.py:1784]           [INFO]     |                                                                                                    |
[2022-11-16 22:35:22,852] [builder.py:1785]           [INFO]     | Validating Method: smart_filter                                                                    |
[2022-11-16 22:35:22,852] [builder.py:1791]           [DEBUG]    | Value: {'sort_by': 'title.asc', 'any': {'producer': 'tmdb'}}                                       |
[2022-11-16 22:35:22,911] [builder.py:1978]           [DEBUG]    | Smart URL: ?type=1&sort=titleSort&push=1&producer=34742&pop=1                                      |
[2022-11-16 22:35:22,912] [builder.py:646]            [DEBUG]    |                                                                                                    |
[2022-11-16 22:35:22,912] [builder.py:650]            [DEBUG]    | Validating Method: label                                                                           |
[2022-11-16 22:35:22,912] [builder.py:651]            [DEBUG]    | Value: Top Producers                                                                               |
[2022-11-16 22:35:22,912] [builder.py:646]            [DEBUG]    |                                                                                                    |
[2022-11-16 22:35:22,912] [builder.py:650]            [DEBUG]    | Validating Method: summary                                                                         |
[2022-11-16 22:35:22,913] [builder.py:651]            [DEBUG]    | Value: Movies produced by Kathleen Kennedy.                                                        |
[2022-11-16 22:35:22,913] [builder.py:646]            [DEBUG]    |                                                                                                    |
[2022-11-16 22:35:22,913] [builder.py:650]            [DEBUG]    | Validating Method: collection_mode                                                                 |
[2022-11-16 22:35:22,913] [builder.py:651]            [DEBUG]    | Value: hide                                                                                        |
[2022-11-16 22:35:22,913] [builder.py:646]            [DEBUG]    |                                                                                                    |
[2022-11-16 22:35:22,914] [builder.py:650]            [DEBUG]    | Validating Method: sort_title                                                                      |
[2022-11-16 22:35:22,914] [builder.py:651]            [DEBUG]    | Value: !19_Kathleen Kennedy (Producer)                                                             |
[2022-11-16 22:35:22,914] [builder.py:646]            [DEBUG]    |                                                                                                    |
[2022-11-16 22:35:22,914] [builder.py:650]            [DEBUG]    | Validating Method: url_poster                                                                      |
[2022-11-16 22:35:22,914] [builder.py:651]            [DEBUG]    | Value: https://raw.githubusercontent.com/meisnate12/Plex-Meta-Manager-Images/master/people/rainier/Kathleen%20Kennedy.jpg |
[2022-11-16 22:35:23,062] [plex.py:835]               [DEBUG]    |                                                                                                    |
[2022-11-16 22:35:23,063] [plex.py:838]               [DEBUG]    | Looking for: Kathleen Kennedy (Producer)                                                           |
[2022-11-16 22:35:23,063] [builder.py:814]            [INFO]     |                                                                                                    |
[2022-11-16 22:35:23,063] [builder.py:815]            [INFO]     | Validation Successful                                                                              |
[2022-11-16 22:35:23,064] [plex_meta_manager.py:594]  [INFO]     |                                                                                                    |
[2022-11-16 22:35:23,064] [plex_meta_manager.py:596]  [INFO]     |========================== Running Kathleen Kennedy (Producer) Collection ==========================|
[2022-11-16 22:35:23,064] [plex_meta_manager.py:602]  [INFO]     |                                                                                                    |
[2022-11-16 22:35:23,064] [plex_meta_manager.py:603]  [INFO]     | Smart Movie Filter                                                                                 |
                                                                 | Sort By: ['title.asc']
                                                                 | Filter:
                                                                 |   Match any of the following:
                                                                 |     Producer is Kathleen Kennedy
[2022-11-16 22:35:23,110] [builder.py:2509]           [DEBUG]    | Smart Collection Created: ?type=1&sort=titleSort&push=1&producer=34742&pop=1
[2022-11-16 22:35:23,133] [builder.py:2527]           [INFO]     | 
[2022-11-16 22:35:23,133] [builder.py:2528]           [INFO]     |==================== Updating Details of Kathleen Kennedy (Producer) Collection ====================|
[2022-11-16 22:35:23,134] [builder.py:2529]           [INFO]     |                                                                                                    |
[2022-11-16 22:35:23,162] [builder.py:2595]           [INFO]     | Collection Metadata Edits                                                                          |
                                                                 | Summary (summary) | Movies produced by Kathleen Kennedy.
                                                                 | Sort Title | !19_Kathleen Kennedy (Producer)
                                                                 | Label | +Top Producers, +PMM
[2022-11-16 22:35:24,801] [builder.py:2599]           [INFO]     | Details: have been updated
[2022-11-16 22:35:24,801] [builder.py:2603]           [INFO]     | 
[2022-11-16 22:35:26,321] [builder.py:2615]           [INFO]     | Collection Mode | hide
[2022-11-16 22:35:26,339] [plex.py:1203]              [WARNING]  | Asset Warning: Asset Directory Not Found and Created: config/Old_Movies/Assets/Kathleen Kennedy (Producer)
[2022-11-16 22:35:26,339] [util.py:174]               [DEBUG]    | 2 posters found:
[2022-11-16 22:35:26,339] [util.py:176]               [DEBUG]    | Method: tmdb_person Poster: https://image.tmdb.org/t/p/original/ndgYlie0PHkyqEiEBGM8SqrPOkr.jpg
[2022-11-16 22:35:26,343] [util.py:176]               [DEBUG]    | Method: url_poster Poster: https://raw.githubusercontent.com/meisnate12/Plex-Meta-Manager-Images/master/people/rainier/Kathleen%20Kennedy.jpg
[2022-11-16 22:35:26,517] [library.py:178]            [INFO]     | Detail: asset_directory updated Kathleen Kennedy (Producer)'s poster to [File] config/Old_Movies/Assets/Kathleen Kennedy (Producer)/poster.jpg
[2022-11-16 22:35:26,597] [plex_meta_manager.py:736]  [INFO]     | 
[2022-11-16 22:35:26,597] [plex_meta_manager.py:737]  [INFO]     |====================================================================================================|
[2022-11-16 22:35:26,597] [plex_meta_manager.py:737]  [INFO]     |                          Finished Kathleen Kennedy (Producer) Collection                           |
[2022-11-16 22:35:26,597] [plex_meta_manager.py:737]  [INFO]     |                                    Collection Run Time: 0:00:03                                    |
[2022-11-16 22:35:26,598] [plex_meta_manager.py:737]  [INFO]     |====================================================================================================|
