[2022-11-17 09:01:37,539] [builder.py:193]            [INFO]     |====================================================================================================|
[2022-11-17 09:01:37,540] [builder.py:193]            [INFO]     |                            Best of 2021 Collection in Christmas Movies                             |
[2022-11-17 09:01:37,540] [builder.py:193]            [INFO]     |====================================================================================================|
[2022-11-17 09:01:37,541] [builder.py:194]            [INFO]     |                                                                                                    |
[2022-11-17 09:01:37,541] [builder.py:199]            [INFO]     |================================ Building Definition From Templates ================================|
[2022-11-17 09:01:37,542] [builder.py:215]            [DEBUG]    |                                                                                                    |
[2022-11-17 09:01:37,543] [meta.py:210]               [DEBUG]    |========================================= Template Best of =========================================|
[2022-11-17 09:01:37,544] [meta.py:451]               [DEBUG]    |                                                                                                    |
[2022-11-17 09:01:37,549] [meta.py:512]               [DEBUG]    |                                                                                                    |
[2022-11-17 09:01:37,551] [meta.py:513]               [DEBUG]    |==================================== Final Template Attributes =====================================|
[2022-11-17 09:01:37,551] [meta.py:514]               [DEBUG]    |                                                                                                    |
[2022-11-17 09:01:37,551] [meta.py:515]               [DEBUG]    | {'trakt_list': 'https://trakt.tv/users/lish408/lists/rotten-tomatoes-best-of-2021', 'sort_title': '+1_Best of 2021', 'sync_mode': 'sync', 'summary': 'Rotten Tomatoes Best Movies of 2021', 'smart_label': 'audience_rating.desc'} |
[2022-11-17 09:01:37,552] [meta.py:516]               [DEBUG]    |                                                                                                    |
[2022-11-17 09:01:37,552] [builder.py:223]            [INFO]     |================================ Validating Best of 2021 Attributes ================================|
[2022-11-17 09:01:37,552] [builder.py:422]            [DEBUG]    |                                                                                                    |
[2022-11-17 09:01:37,553] [builder.py:423]            [DEBUG]    | Validating Method: smart_label                                                                     |
[2022-11-17 09:01:37,553] [builder.py:428]            [DEBUG]    | Value: audience_rating.desc                                                                        |
[2022-11-17 09:01:37,574] [builder.py:516]            [DEBUG]    |                                                                                                    |
[2022-11-17 09:01:37,574] [builder.py:517]            [DEBUG]    | Validating Method: sync_mode                                                                       |
[2022-11-17 09:01:37,575] [builder.py:521]            [DEBUG]    | Value: sync                                                                                        |
[2022-11-17 09:01:37,575] [builder.py:646]            [DEBUG]    |                                                                                                    |
[2022-11-17 09:01:37,575] [builder.py:650]            [DEBUG]    | Validating Method: trakt_list                                                                      |
[2022-11-17 09:01:37,576] [builder.py:651]            [DEBUG]    | Value: https://trakt.tv/users/lish408/lists/rotten-tomatoes-best-of-2021                           |
[2022-11-17 09:01:39,590] [builder.py:646]            [DEBUG]    |                                                                                                    |
[2022-11-17 09:01:39,592] [builder.py:650]            [DEBUG]    | Validating Method: sort_title                                                                      |
[2022-11-17 09:01:39,593] [builder.py:651]            [DEBUG]    | Value: +1_Best of 2021                                                                             |
[2022-11-17 09:01:39,593] [builder.py:646]            [DEBUG]    |                                                                                                    |
[2022-11-17 09:01:39,593] [builder.py:650]            [DEBUG]    | Validating Method: summary                                                                         |
[2022-11-17 09:01:39,593] [builder.py:651]            [DEBUG]    | Value: Rotten Tomatoes Best Movies of 2021                                                         |
[2022-11-17 09:01:39,601] [plex.py:835]               [DEBUG]    |                                                                                                    |
[2022-11-17 09:01:39,602] [plex.py:838]               [DEBUG]    | Looking for: Best of 2021                                                                          |
[2022-11-17 09:01:39,602] [builder.py:814]            [INFO]     |                                                                                                    |
[2022-11-17 09:01:39,603] [builder.py:815]            [INFO]     | Validation Successful                                                                              |
[2022-11-17 09:01:39,604] [plex_meta_manager.py:594]  [INFO]     |                                                                                                    |
[2022-11-17 09:01:39,604] [plex_meta_manager.py:596]  [INFO]     |================================= Running Best of 2021 Collection ==================================|
[2022-11-17 09:01:39,605] [plex_meta_manager.py:602]  [INFO]     |                                                                                                    |
[2022-11-17 09:01:39,605] [plex_meta_manager.py:603]  [INFO]     | Smart Movie Label                                                                                  |
                                                                 | Sort By: ['audience_rating.desc']
                                                                 | Filter:
                                                                 |   Match all of the following:
                                                                 |     Label is Best of 2021
[2022-11-17 09:01:39,607] [plex_meta_manager.py:608]  [INFO]     | 
[2022-11-17 09:01:39,607] [plex_meta_manager.py:609]  [INFO]     | Sync Mode: sync
[2022-11-17 09:01:39,608] [plex_meta_manager.py:612]  [DEBUG]    | 
[2022-11-17 09:01:39,608] [plex_meta_manager.py:613]  [DEBUG]    | Builder: trakt_list: https://trakt.tv/users/lish408/lists/rotten-tomatoes-best-of-2021
[2022-11-17 09:01:39,608] [plex_meta_manager.py:614]  [INFO]     | 
[2022-11-17 09:01:39,608] [trakt.py:493]              [INFO]     | Processing Trakt List: https://trakt.tv/users/lish408/lists/rotten-tomatoes-best-of-2021
[2022-11-17 09:01:40,869] [builder.py:1574]           [DEBUG]    | 
[2022-11-17 09:01:40,869] [builder.py:1575]           [DEBUG]    | 100 IDs Found
[2022-11-17 09:01:40,870] [builder.py:1577]           [DEBUG]    | 
[2022-11-17 09:01:40,871] [builder.py:2306]           [INFO]     | 
[2022-11-17 09:01:40,872] [builder.py:2307]           [INFO]     |========================== Missing Movies from Library: Christmas Movies ===========================|
[2022-11-17 09:01:40,873] [builder.py:2308]           [INFO]     |                                                                                                    |
[2022-11-17 09:01:40,893] [builder.py:2321]           [INFO]     | Best of 2021 Collection | ? | Nomadland (2020) (TMDb: 581734)                                      |
[2022-11-17 09:01:40,921] [builder.py:2321]           [INFO]     | Best of 2021 Collection | ? | Judas and the Black Messiah (2021) (TMDb: 583406)                    |
[2022-11-17 09:01:40,939] [builder.py:2321]           [INFO]     | Best of 2021 Collection | ? | The Father (2020) (TMDb: 600354)                                     |
[2022-11-17 09:01:40,953] [builder.py:2321]           [INFO]     | Best of 2021 Collection | ? | Spider-Man: No Way Home (2021) (TMDb: 634649)                        |
[2022-11-17 09:01:40,966] [builder.py:2321]           [INFO]     | Best of 2021 Collection | ? | In the Heights (2021) (TMDb: 467909)                                 |
[2022-11-17 09:01:40,985] [builder.py:2321]           [INFO]     | Best of 2021 Collection | ? | Summer of Soul (...Or, When the Revolution Could Not Be Televised) (2021) (TMDb: 776527) |
[2022-11-17 09:01:40,998] [builder.py:2321]           [INFO]     | Best of 2021 Collection | ? | Pig (2021) (TMDb: 635731)                                            |
[2022-11-17 09:01:41,011] [builder.py:2321]           [INFO]     | Best of 2021 Collection | ? | The Power of the Dog (2021) (TMDb: 600583)                           |
[2022-11-17 09:01:41,028] [builder.py:2321]           [INFO]     | Best of 2021 Collection | ? | CODA (2021) (TMDb: 776503)                                           |
[2022-11-17 09:01:41,042] [builder.py:2321]           [INFO]     | Best of 2021 Collection | ? | West Side Story (2021) (TMDb: 511809)                                |
[2022-11-17 09:01:41,060] [builder.py:2321]           [INFO]     | Best of 2021 Collection | ? | Raya and the Last Dragon (2021) (TMDb: 527774)                       |
[2022-11-17 09:01:41,073] [builder.py:2321]           [INFO]     | Best of 2021 Collection | ? | A Quiet Place Part II (2021) (TMDb: 520763)                          |
[2022-11-17 09:01:41,084] [builder.py:2321]           [INFO]     | Best of 2021 Collection | ? | The Mitchells vs. the Machines (2021) (TMDb: 501929)                 |
[2022-11-17 09:01:41,110] [builder.py:2321]           [INFO]     | Best of 2021 Collection | ? | The Suicide Squad (2021) (TMDb: 436969)                              |
[2022-11-17 09:01:41,143] [builder.py:2321]           [INFO]     | Best of 2021 Collection | ? | The Tragedy of Macbeth (2021) (TMDb: 591538)                         |
[2022-11-17 09:01:41,168] [builder.py:2321]           [INFO]     | Best of 2021 Collection | ? | MLK/FBI (2021) (TMDb: 728868)                                        |
[2022-11-17 09:01:41,184] [builder.py:2321]           [INFO]     | Best of 2021 Collection | ? | Shang-Chi and the Legend of the Ten Rings (2021) (TMDb: 566525)      |
[2022-11-17 09:01:41,199] [builder.py:2321]           [INFO]     | Best of 2021 Collection | ? | Parallel Mothers (2021) (TMDb: 766798)                               |
[2022-11-17 09:01:41,212] [builder.py:2321]           [INFO]     | Best of 2021 Collection | ? | Drive My Car (2021) (TMDb: 758866)                                   |
[2022-11-17 09:01:41,228] [builder.py:2321]           [INFO]     | Best of 2021 Collection | ? | The Lost Daughter (2021) (TMDb: 554230)                              |
[2022-11-17 09:01:41,243] [builder.py:2321]           [INFO]     | Best of 2021 Collection | ? | Flee (2021) (TMDb: 680813)                                           |
[2022-11-17 09:01:41,258] [builder.py:2321]           [INFO]     | Best of 2021 Collection | ? | The Velvet Underground (2021) (TMDb: 543836)                         |
[2022-11-17 09:01:41,282] [builder.py:2321]           [INFO]     | Best of 2021 Collection | ? | Quo Vadis, Aida? (2021) (TMDb: 728118)                               |
[2022-11-17 09:01:41,297] [builder.py:2321]           [INFO]     | Best of 2021 Collection | ? | Mass (2021) (TMDb: 423333)                                           |
[2022-11-17 09:01:41,308] [builder.py:2321]           [INFO]     | Best of 2021 Collection | ? | Luca (2021) (TMDb: 508943)                                           |
[2022-11-17 09:01:41,323] [builder.py:2321]           [INFO]     | Best of 2021 Collection | ? | Slalom (2021) (TMDb: 585744)                                         |
[2022-11-17 09:01:41,346] [builder.py:2321]           [INFO]     | Best of 2021 Collection | ? | The Sparks Brothers (2021) (TMDb: 776485)                            |
[2022-11-17 09:01:41,362] [builder.py:2321]           [INFO]     | Best of 2021 Collection | ? | Shiva Baby (2021) (TMDb: 664300)                                     |
[2022-11-17 09:01:41,373] [builder.py:2321]           [INFO]     | Best of 2021 Collection | ? | Woodlands Dark and Days Bewitched: A History of Folk Horror (2021) (TMDb: 614637) |
[2022-11-17 09:01:41,383] [builder.py:2321]           [INFO]     | Best of 2021 Collection | ? | Luzzu (2021) (TMDb: 776544)                                          |
[2022-11-17 09:01:41,395] [builder.py:2321]           [INFO]     | Best of 2021 Collection | ? | Two of Us (2020) (TMDb: 621744)                                      |
[2022-11-17 09:01:41,407] [builder.py:2321]           [INFO]     | Best of 2021 Collection | ? | Julia (2021) (TMDb: 811933)                                          |
[2022-11-17 09:01:41,418] [builder.py:2321]           [INFO]     | Best of 2021 Collection | ? | Sabaya (2021) (TMDb: 776555)                                         |
[2022-11-17 09:01:41,430] [builder.py:2321]           [INFO]     | Best of 2021 Collection | ? | Hive (2021) (TMDb: 776541)                                           |
[2022-11-17 09:01:41,441] [builder.py:2321]           [INFO]     | Best of 2021 Collection | ? | Identifying Features (2020) (TMDb: 653658)                           |
[2022-11-17 09:01:41,452] [builder.py:2321]           [INFO]     | Best of 2021 Collection | ? | Azor (2021) (TMDb: 659954)                                           |
[2022-11-17 09:01:41,463] [builder.py:2321]           [INFO]     | Best of 2021 Collection | ? | Paper Spiders (2021) (TMDb: 750272)                                  |
[2022-11-17 09:01:41,474] [builder.py:2321]           [INFO]     | Best of 2021 Collection | ? | Wheel of Fortune and Fantasy (2021) (TMDb: 795811)                   |
[2022-11-17 09:01:41,495] [builder.py:2321]           [INFO]     | Best of 2021 Collection | ? | The Woman Who Ran (2020) (TMDb: 662401)                              |
[2022-11-17 09:01:41,508] [builder.py:2321]           [INFO]     | Best of 2021 Collection | ? | I'm Your Man (2021) (TMDb: 795813)                                   |
[2022-11-17 09:01:41,521] [builder.py:2321]           [INFO]     | Best of 2021 Collection | ? | Licorice Pizza (2021) (TMDb: 718032)                                 |
[2022-11-17 09:01:41,533] [builder.py:2321]           [INFO]     | Best of 2021 Collection | ? | The Green Knight (2021) (TMDb: 559907)                               |
[2022-11-17 09:01:41,545] [builder.py:2321]           [INFO]     | Best of 2021 Collection | ? | Dune (2021) (TMDb: 438631)                                           |
[2022-11-17 09:01:41,557] [builder.py:2321]           [INFO]     | Best of 2021 Collection | ? | Riders of Justice (2020) (TMDb: 663870)                              |
[2022-11-17 09:01:41,574] [builder.py:2321]           [INFO]     | Best of 2021 Collection | ? | C'mon C'mon (2021) (TMDb: 632617)                                    |
[2022-11-17 09:01:41,586] [builder.py:2321]           [INFO]     | Best of 2021 Collection | ? | Boiling Point (2021) (TMDb: 807196)                                  |
[2022-11-17 09:01:41,606] [builder.py:2321]           [INFO]     | Best of 2021 Collection | ? | I Carry You with Me (2020) (TMDb: 653594)                            |
[2022-11-17 09:01:41,628] [builder.py:2321]           [INFO]     | Best of 2021 Collection | ? | Language Lessons (2021) (TMDb: 795530)                               |
[2022-11-17 09:01:41,640] [builder.py:2321]           [INFO]     | Best of 2021 Collection | ? | Petite Maman (2021) (TMDb: 749004)                                   |
[2022-11-17 09:01:41,658] [builder.py:2321]           [INFO]     | Best of 2021 Collection | ? | The Paper Tigers (2020) (TMDb: 731738)                               |
[2022-11-17 09:01:41,670] [builder.py:2321]           [INFO]     | Best of 2021 Collection | ? | Beyond the Infinite Two Minutes (2020) (TMDb: 805627)                |
[2022-11-17 09:01:41,684] [builder.py:2321]           [INFO]     | Best of 2021 Collection | ? | King Richard (2021) (TMDb: 614917)                                   |
[2022-11-17 09:01:41,698] [builder.py:2321]           [INFO]     | Best of 2021 Collection | ? | Becoming Cousteau (2021) (TMDb: 774823)                              |
[2022-11-17 09:01:41,713] [builder.py:2321]           [INFO]     | Best of 2021 Collection | ? | The Lost Leonardo (2021) (TMDb: 822099)                              |
[2022-11-17 09:01:41,728] [builder.py:2321]           [INFO]     | Best of 2021 Collection | ? | Billie Eilish: The World's a Little Blurry (2021) (TMDb: 654754)     |
[2022-11-17 09:01:41,747] [builder.py:2321]           [INFO]     | Best of 2021 Collection | ? | My Heart Can't Beat Unless You Tell It To (2020) (TMDb: 690248)      |
[2022-11-17 09:01:41,764] [builder.py:2321]           [INFO]     | Best of 2021 Collection | ? | Attica (2021) (TMDb: 858059)                                         |
[2022-11-17 09:01:41,776] [builder.py:2321]           [INFO]     | Best of 2021 Collection | ? | Hope (2019) (TMDb: 616561)                                           |
[2022-11-17 09:01:41,789] [builder.py:2321]           [INFO]     | Best of 2021 Collection | ? | Demon Slayer -Kimetsu no Yaiba- The Movie: Mugen Train (2020) (TMDb: 635302) |
[2022-11-17 09:01:41,810] [builder.py:2321]           [INFO]     | Best of 2021 Collection | ? | Days (2021) (TMDb: 662400)                                           |
[2022-11-17 09:01:41,841] [builder.py:2321]           [INFO]     | Best of 2021 Collection | ? | The Rescue (2021) (TMDb: 680058)                                     |
[2022-11-17 09:01:41,861] [builder.py:2321]           [INFO]     | Best of 2021 Collection | ? | 7 Prisoners (2021) (TMDb: 785538)                                    |
[2022-11-17 09:01:41,890] [builder.py:2321]           [INFO]     | Best of 2021 Collection | ? | Ascension (2021) (TMDb: 822138)                                      |
[2022-11-17 09:01:41,908] [builder.py:2321]           [INFO]     | Best of 2021 Collection | ? | Procession (2021) (TMDb: 869623)                                     |
[2022-11-17 09:01:41,925] [builder.py:2321]           [INFO]     | Best of 2021 Collection | ? | Playing with Sharks (2021) (TMDb: 776553)                            |
[2022-11-17 09:01:41,966] [builder.py:2321]           [INFO]     | Best of 2021 Collection | ? | Drunk Bus (2021) (TMDb: 659360)                                      |
[2022-11-17 09:01:41,980] [builder.py:2321]           [INFO]     | Best of 2021 Collection | ? | Rita Moreno: Just a Girl Who Decided to Go for It (2021) (TMDb: 776526) |
[2022-11-17 09:01:41,998] [builder.py:2321]           [INFO]     | Best of 2021 Collection | ? | The Reason I Jump (2020) (TMDb: 653758)                              |
[2022-11-17 09:01:42,028] [builder.py:2321]           [INFO]     | Best of 2021 Collection | ? | Passing (2021) (TMDb: 541524)                                        |
[2022-11-17 09:01:42,046] [builder.py:2321]           [INFO]     | Best of 2021 Collection | ? | No Time to Die (2021) (TMDb: 370172)                                 |
[2022-11-17 09:01:42,064] [builder.py:2321]           [INFO]     | Best of 2021 Collection | ? | Stray (2021) (TMDb: 684697)                                          |
[2022-11-17 09:01:42,081] [builder.py:2321]           [INFO]     | Best of 2021 Collection | ? | Street Gang: How We Got to Sesame Street (2021) (TMDb: 476044)       |
[2022-11-17 09:01:42,098] [builder.py:2321]           [INFO]     | Best of 2021 Collection | ? | Herself (2020) (TMDb: 653708)                                        |
[2022-11-17 09:01:42,113] [builder.py:2321]           [INFO]     | Best of 2021 Collection | ? | Test Pattern (2021) (TMDb: 637254)                                   |
[2022-11-17 09:01:42,124] [builder.py:2321]           [INFO]     | Best of 2021 Collection | ? | In the Same Breath (2021) (TMDb: 776518)                             |
[2022-11-17 09:01:42,139] [builder.py:2321]           [INFO]     | Best of 2021 Collection | ? | Plan B (2021) (TMDb: 743599)                                         |
[2022-11-17 09:01:42,150] [builder.py:2321]           [INFO]     | Best of 2021 Collection | ? | The Humans (2021) (TMDb: 588367)                                     |
[2022-11-17 09:01:42,174] [builder.py:2321]           [INFO]     | Best of 2021 Collection | ? | Prayers for the Stolen (2021) (TMDb: 670981)                         |
[2022-11-17 09:01:42,194] [builder.py:2321]           [INFO]     | Best of 2021 Collection | ? | Belfast (2021) (TMDb: 777270)                                        |
[2022-11-17 09:01:42,209] [builder.py:2321]           [INFO]     | Best of 2021 Collection | ? | Limbo (2021) (TMDb: 554371)                                          |
[2022-11-17 09:01:42,237] [builder.py:2321]           [INFO]     | Best of 2021 Collection | ? | Val (2021) (TMDb: 834027)                                            |
[2022-11-17 09:01:42,253] [builder.py:2321]           [INFO]     | Best of 2021 Collection | ? | Rose Plays Julie (2021) (TMDb: 589820)                               |
[2022-11-17 09:01:42,269] [builder.py:2321]           [INFO]     | Best of 2021 Collection | ? | Lapsis (2021) (TMDb: 665888)                                         |
[2022-11-17 09:01:42,285] [builder.py:2321]           [INFO]     | Best of 2021 Collection | ? | Encanto (2021) (TMDb: 568124)                                        |
[2022-11-17 09:01:42,300] [builder.py:2321]           [INFO]     | Best of 2021 Collection | ? | Dear Comrades! (2020) (TMDb: 587609)                                 |
[2022-11-17 09:01:42,313] [builder.py:2321]           [INFO]     | Best of 2021 Collection | ? | The Souvenir: Part II (2021) (TMDb: 473021)                          |
[2022-11-17 09:01:42,326] [builder.py:2321]           [INFO]     | Best of 2021 Collection | ? | The Killing of Two Lovers (2021) (TMDb: 653712)                      |
[2022-11-17 09:01:42,340] [builder.py:2321]           [INFO]     | Best of 2021 Collection | ? | Mogul Mowgli (2020) (TMDb: 665764)                                   |
[2022-11-17 09:01:42,358] [builder.py:2321]           [INFO]     | Best of 2021 Collection | ? | Titane (2021) (TMDb: 630240)                                         |
[2022-11-17 09:01:42,372] [builder.py:2321]           [INFO]     | Best of 2021 Collection | ? | Candyman (2021) (TMDb: 565028)                                       |
[2022-11-17 09:01:42,389] [builder.py:2321]           [INFO]     | Best of 2021 Collection | ? | Supernova (2020) (TMDb: 642208)                                      |
[2022-11-17 09:01:42,404] [builder.py:2321]           [INFO]     | Best of 2021 Collection | ? | The Old Ways (2020) (TMDb: 752505)                                   |
[2022-11-17 09:01:42,423] [builder.py:2321]           [INFO]     | Best of 2021 Collection | ? | Roadrunner: A Film About Anthony Bourdain (2021) (TMDb: 642732)      |
[2022-11-17 09:01:42,441] [builder.py:2321]           [INFO]     | Best of 2021 Collection | ? | El Planeta (2021) (TMDb: 776536)                                     |
[2022-11-17 09:01:42,463] [builder.py:2321]           [INFO]     | Best of 2021 Collection | ? | Old Henry (2021) (TMDb: 785663)                                      |
[2022-11-17 09:01:42,485] [builder.py:2321]           [INFO]     | Best of 2021 Collection | ? | Zola (2020) (TMDb: 539565)                                           |
[2022-11-17 09:01:42,499] [builder.py:2321]           [INFO]     | Best of 2021 Collection | ? | Black Widow (2021) (TMDb: 497698)                                    |
[2022-11-17 09:01:42,511] [builder.py:2321]           [INFO]     | Best of 2021 Collection | ? | Some Kind of Heaven (2021) (TMDb: 638741)                            |
[2022-11-17 09:01:42,527] [builder.py:2321]           [INFO]     | Best of 2021 Collection | ? | The Beta Test (2021) (TMDb: 749645)                                  |
[2022-11-17 09:01:42,549] [builder.py:2321]           [INFO]     | Best of 2021 Collection | ? | Never Gonna Snow Again (2020) (TMDb: 726151)                         |
[2022-11-17 09:01:42,550] [builder.py:2326]           [INFO]     |                                                                                                    |
[2022-11-17 09:01:42,551] [builder.py:2327]           [INFO]     | 100 Movies Missing                                                                                 |
[2022-11-17 09:01:43,066] [plex_meta_manager.py:652]  [INFO]     |                                                                                                    |
[2022-11-17 09:01:43,066] [plex_meta_manager.py:653]  [INFO]     | Collection Minimum: 2 not met for Best of 2021 Collection                                          |
[2022-11-17 09:01:43,066] [plex_meta_manager.py:736]  [INFO]     |                                                                                                    |
[2022-11-17 09:01:43,066] [plex_meta_manager.py:737]  [INFO]     |====================================================================================================|
[2022-11-17 09:01:43,067] [plex_meta_manager.py:737]  [INFO]     |                                  Finished Best of 2021 Collection                                  |
[2022-11-17 09:01:43,067] [plex_meta_manager.py:737]  [INFO]     |                                    Collection Run Time: 0:00:05                                    |
[2022-11-17 09:01:43,067] [plex_meta_manager.py:737]  [INFO]     |====================================================================================================|
