[2022-11-16 18:55:57,243] [builder.py:193]            [INFO]     |====================================================================================================|
[2022-11-16 18:55:57,243] [builder.py:193]            [INFO]     |                    Marianne Maddalena (Producer) Collection in Halloween Movies                    |
[2022-11-16 18:55:57,243] [builder.py:193]            [INFO]     |====================================================================================================|
[2022-11-16 18:55:57,243] [builder.py:194]            [INFO]     |                                                                                                    |
[2022-11-16 18:55:57,244] [builder.py:199]            [INFO]     |================================ Building Definition From Templates ================================|
[2022-11-16 18:55:57,244] [builder.py:215]            [DEBUG]    |                                                                                                    |
[2022-11-16 18:55:57,244] [meta.py:210]               [DEBUG]    |====================================== Template smart_filter =======================================|
[2022-11-16 18:55:57,244] [meta.py:451]               [DEBUG]    |                                                                                                    |
[2022-11-16 18:55:57,250] [meta.py:210]               [DEBUG]    |======================================= Template translation =======================================|
[2022-11-16 18:55:57,250] [meta.py:451]               [DEBUG]    |                                                                                                    |
[2022-11-16 18:55:57,253] [meta.py:210]               [DEBUG]    |========================================= Template shared ==========================================|
[2022-11-16 18:55:57,254] [meta.py:451]               [DEBUG]    |                                                                                                    |
[2022-11-16 18:55:57,266] [meta.py:512]               [DEBUG]    |                                                                                                    |
[2022-11-16 18:55:57,266] [meta.py:513]               [DEBUG]    |==================================== Final Template Attributes =====================================|
[2022-11-16 18:55:57,266] [meta.py:514]               [DEBUG]    |                                                                                                    |
[2022-11-16 18:55:57,266] [meta.py:515]               [DEBUG]    | {'tmdb_person': ['Marianne Maddalena'], 'smart_filter': {'sort_by': 'title.asc', 'any': {'producer': 'tmdb'}}, 'summary': 'Movies produced by Marianne Maddalena.', 'name': 'Marianne Maddalena (Producer)', 'ignore_blank_results': True, 'collection_mode': 'hide', 'sort_title': '!19_Marianne Maddalena (Producer)', 'url_poster': 'https://raw.githubusercontent.com/meisnate12/Plex-Meta-Manager-Images/master/people/rainier/Marianne%20Maddalena.jpg'} |
[2022-11-16 18:55:57,266] [meta.py:516]               [DEBUG]    |                                                                                                    |
[2022-11-16 18:55:57,266] [builder.py:223]            [INFO]     |======================= Validating Marianne Maddalena (Producer) Attributes ========================|
[2022-11-16 18:55:57,266] [builder.py:226]            [DEBUG]    |                                                                                                    |
[2022-11-16 18:55:57,267] [builder.py:227]            [DEBUG]    | Validating Method: name                                                                            |
[2022-11-16 18:55:57,267] [builder.py:230]            [DEBUG]    | Value: Marianne Maddalena (Producer)                                                               |
[2022-11-16 18:55:57,267] [builder.py:502]            [DEBUG]    |                                                                                                    |
[2022-11-16 18:55:57,267] [builder.py:503]            [DEBUG]    | Validating Method: ignore_blank_results                                                            |
[2022-11-16 18:55:57,267] [builder.py:504]            [DEBUG]    | Value: True                                                                                        |
[2022-11-16 18:55:57,267] [builder.py:528]            [DEBUG]    |                                                                                                    |
[2022-11-16 18:55:57,267] [builder.py:529]            [DEBUG]    | Validating Method: tmdb_person                                                                     |
[2022-11-16 18:55:57,267] [builder.py:533]            [DEBUG]    | Value: ['Marianne Maddalena']                                                                      |
[2022-11-16 18:55:57,313] [builder.py:1784]           [INFO]     |                                                                                                    |
[2022-11-16 18:55:57,314] [builder.py:1785]           [INFO]     | Validating Method: smart_filter                                                                    |
[2022-11-16 18:55:57,314] [builder.py:1791]           [DEBUG]    | Value: {'sort_by': 'title.asc', 'any': {'producer': 'tmdb'}}                                       |
[2022-11-16 18:55:57,388] [builder.py:1978]           [DEBUG]    | Smart URL: ?type=1&sort=titleSort&push=1&producer=23950&pop=1                                      |
[2022-11-16 18:55:57,388] [builder.py:646]            [DEBUG]    |                                                                                                    |
[2022-11-16 18:55:57,388] [builder.py:650]            [DEBUG]    | Validating Method: label                                                                           |
[2022-11-16 18:55:57,388] [builder.py:651]            [DEBUG]    | Value: Top Producers                                                                               |
[2022-11-16 18:55:57,388] [builder.py:646]            [DEBUG]    |                                                                                                    |
[2022-11-16 18:55:57,389] [builder.py:650]            [DEBUG]    | Validating Method: summary                                                                         |
[2022-11-16 18:55:57,389] [builder.py:651]            [DEBUG]    | Value: Movies produced by Marianne Maddalena.                                                      |
[2022-11-16 18:55:57,389] [builder.py:646]            [DEBUG]    |                                                                                                    |
[2022-11-16 18:55:57,389] [builder.py:650]            [DEBUG]    | Validating Method: collection_mode                                                                 |
[2022-11-16 18:55:57,389] [builder.py:651]            [DEBUG]    | Value: hide                                                                                        |
[2022-11-16 18:55:57,389] [builder.py:646]            [DEBUG]    |                                                                                                    |
[2022-11-16 18:55:57,389] [builder.py:650]            [DEBUG]    | Validating Method: sort_title                                                                      |
[2022-11-16 18:55:57,389] [builder.py:651]            [DEBUG]    | Value: !19_Marianne Maddalena (Producer)                                                           |
[2022-11-16 18:55:57,389] [builder.py:646]            [DEBUG]    |                                                                                                    |
[2022-11-16 18:55:57,389] [builder.py:650]            [DEBUG]    | Validating Method: url_poster                                                                      |
[2022-11-16 18:55:57,389] [builder.py:651]            [DEBUG]    | Value: https://raw.githubusercontent.com/meisnate12/Plex-Meta-Manager-Images/master/people/rainier/Marianne%20Maddalena.jpg |
[2022-11-16 18:55:57,493] [builder.py:845]            [WARNING]  | Collection Warning: No Poster Found at https://raw.githubusercontent.com/meisnate12/Plex-Meta-Manager-Images/master/people/rainier/Marianne%20Maddalena.jpg |
[2022-11-16 18:55:57,519] [builder.py:814]            [INFO]     |                                                                                                    |
[2022-11-16 18:55:57,520] [builder.py:815]            [INFO]     | Validation Successful                                                                              |
[2022-11-16 18:55:57,520] [plex_meta_manager.py:594]  [INFO]     |                                                                                                    |
[2022-11-16 18:55:57,520] [plex_meta_manager.py:596]  [INFO]     |========================= Running Marianne Maddalena (Producer) Collection =========================|
[2022-11-16 18:55:57,520] [plex_meta_manager.py:602]  [INFO]     |                                                                                                    |
[2022-11-16 18:55:57,520] [plex_meta_manager.py:603]  [INFO]     | Smart Movie Filter                                                                                 |
                                                                 | Sort By: ['title.asc']
                                                                 | Filter:
                                                                 |   Match any of the following:
                                                                 |     Producer is Marianne Maddalena
[2022-11-16 18:55:57,545] [builder.py:2527]           [INFO]     | 
[2022-11-16 18:55:57,545] [builder.py:2528]           [INFO]     |=================== Updating Details of Marianne Maddalena (Producer) Collection ===================|
[2022-11-16 18:55:57,546] [builder.py:2529]           [INFO]     |                                                                                                    |
[2022-11-16 18:55:57,574] [builder.py:2595]           [INFO]     | Collection Metadata Edits                                                                          |
[2022-11-16 18:55:57,602] [plex_meta_manager.py:736]  [INFO]     |                                                                                                    |
[2022-11-16 18:55:57,602] [plex_meta_manager.py:737]  [INFO]     |====================================================================================================|
[2022-11-16 18:55:57,603] [plex_meta_manager.py:737]  [INFO]     |                         Finished Marianne Maddalena (Producer) Collection                          |
[2022-11-16 18:55:57,603] [plex_meta_manager.py:737]  [INFO]     |                                    Collection Run Time: 0:00:00                                    |
[2022-11-16 18:55:57,603] [plex_meta_manager.py:737]  [INFO]     |====================================================================================================|
