[2022-11-16 18:20:53,186] [builder.py:193]            [INFO]     |====================================================================================================|
[2022-11-16 18:20:53,187] [builder.py:193]            [INFO]     |                            Best of 2015 Collection in Halloween Movies                             |
[2022-11-16 18:20:53,187] [builder.py:193]            [INFO]     |====================================================================================================|
[2022-11-16 18:20:53,187] [builder.py:194]            [INFO]     |                                                                                                    |
[2022-11-16 18:20:53,187] [builder.py:199]            [INFO]     |================================ Building Definition From Templates ================================|
[2022-11-16 18:20:53,187] [builder.py:215]            [DEBUG]    |                                                                                                    |
[2022-11-16 18:20:53,187] [meta.py:210]               [DEBUG]    |========================================= Template Best of =========================================|
[2022-11-16 18:20:53,188] [meta.py:451]               [DEBUG]    |                                                                                                    |
[2022-11-16 18:20:53,189] [meta.py:512]               [DEBUG]    |                                                                                                    |
[2022-11-16 18:20:53,189] [meta.py:513]               [DEBUG]    |==================================== Final Template Attributes =====================================|
[2022-11-16 18:20:53,189] [meta.py:514]               [DEBUG]    |                                                                                                    |
[2022-11-16 18:20:53,189] [meta.py:515]               [DEBUG]    | {'trakt_list': 'https://trakt.tv/users/lish408/lists/rotten-tomatoes-best-of-2015', 'sort_title': '+1_Best of 2015', 'sync_mode': 'sync', 'summary': 'Rotten Tomatoes Best Movies of 2015', 'smart_label': 'audience_rating.desc'} |
[2022-11-16 18:20:53,189] [meta.py:516]               [DEBUG]    |                                                                                                    |
[2022-11-16 18:20:53,189] [builder.py:223]            [INFO]     |================================ Validating Best of 2015 Attributes ================================|
[2022-11-16 18:20:53,189] [builder.py:422]            [DEBUG]    |                                                                                                    |
[2022-11-16 18:20:53,190] [builder.py:423]            [DEBUG]    | Validating Method: smart_label                                                                     |
[2022-11-16 18:20:53,190] [builder.py:428]            [DEBUG]    | Value: audience_rating.desc                                                                        |
[2022-11-16 18:20:53,197] [builder.py:516]            [DEBUG]    |                                                                                                    |
[2022-11-16 18:20:53,197] [builder.py:517]            [DEBUG]    | Validating Method: sync_mode                                                                       |
[2022-11-16 18:20:53,197] [builder.py:521]            [DEBUG]    | Value: sync                                                                                        |
[2022-11-16 18:20:53,197] [builder.py:646]            [DEBUG]    |                                                                                                    |
[2022-11-16 18:20:53,197] [builder.py:650]            [DEBUG]    | Validating Method: trakt_list                                                                      |
[2022-11-16 18:20:53,197] [builder.py:651]            [DEBUG]    | Value: https://trakt.tv/users/lish408/lists/rotten-tomatoes-best-of-2015                           |
[2022-11-16 18:20:53,257] [builder.py:646]            [DEBUG]    |                                                                                                    |
[2022-11-16 18:20:53,257] [builder.py:650]            [DEBUG]    | Validating Method: sort_title                                                                      |
[2022-11-16 18:20:53,257] [builder.py:651]            [DEBUG]    | Value: +1_Best of 2015                                                                             |
[2022-11-16 18:20:53,258] [builder.py:646]            [DEBUG]    |                                                                                                    |
[2022-11-16 18:20:53,258] [builder.py:650]            [DEBUG]    | Validating Method: summary                                                                         |
[2022-11-16 18:20:53,258] [builder.py:651]            [DEBUG]    | Value: Rotten Tomatoes Best Movies of 2015                                                         |
[2022-11-16 18:20:53,262] [plex.py:835]               [DEBUG]    |                                                                                                    |
[2022-11-16 18:20:53,262] [plex.py:838]               [DEBUG]    | Looking for: Best of 2015                                                                          |
[2022-11-16 18:20:53,262] [builder.py:814]            [INFO]     |                                                                                                    |
[2022-11-16 18:20:53,262] [builder.py:815]            [INFO]     | Validation Successful                                                                              |
[2022-11-16 18:20:53,262] [plex_meta_manager.py:594]  [INFO]     |                                                                                                    |
[2022-11-16 18:20:53,263] [plex_meta_manager.py:596]  [INFO]     |================================= Running Best of 2015 Collection ==================================|
[2022-11-16 18:20:53,263] [plex_meta_manager.py:602]  [INFO]     |                                                                                                    |
[2022-11-16 18:20:53,263] [plex_meta_manager.py:603]  [INFO]     | Smart Movie Label                                                                                  |
                                                                 | Sort By: ['audience_rating.desc']
                                                                 | Filter:
                                                                 |   Match all of the following:
                                                                 |     Label is Best of 2015
[2022-11-16 18:20:53,263] [plex_meta_manager.py:608]  [INFO]     | 
[2022-11-16 18:20:53,263] [plex_meta_manager.py:609]  [INFO]     | Sync Mode: sync
[2022-11-16 18:20:53,263] [plex_meta_manager.py:612]  [DEBUG]    | 
[2022-11-16 18:20:53,263] [plex_meta_manager.py:613]  [DEBUG]    | Builder: trakt_list: https://trakt.tv/users/lish408/lists/rotten-tomatoes-best-of-2015
[2022-11-16 18:20:53,263] [plex_meta_manager.py:614]  [INFO]     | 
[2022-11-16 18:20:53,264] [trakt.py:493]              [INFO]     | Processing Trakt List: https://trakt.tv/users/lish408/lists/rotten-tomatoes-best-of-2015
[2022-11-16 18:20:53,353] [builder.py:1574]           [DEBUG]    | 
[2022-11-16 18:20:53,353] [builder.py:1575]           [DEBUG]    | 100 IDs Found
[2022-11-16 18:20:53,353] [builder.py:1577]           [DEBUG]    | 
[2022-11-16 18:20:53,354] [builder.py:2306]           [INFO]     | 
[2022-11-16 18:20:53,354] [builder.py:2307]           [INFO]     |========================== Missing Movies from Library: Halloween Movies ===========================|
[2022-11-16 18:20:53,354] [builder.py:2308]           [INFO]     |                                                                                                    |
[2022-11-16 18:20:53,366] [builder.py:2321]           [INFO]     | Best of 2015 Collection | ? | Mad Max: Fury Road (2015) (TMDb: 76341)                              |
[2022-11-16 18:20:53,378] [builder.py:2321]           [INFO]     | Best of 2015 Collection | ? | Inside Out (2015) (TMDb: 150540)                                     |
[2022-11-16 18:20:53,391] [builder.py:2321]           [INFO]     | Best of 2015 Collection | ? | Spotlight (2015) (TMDb: 314365)                                      |
[2022-11-16 18:20:53,404] [builder.py:2321]           [INFO]     | Best of 2015 Collection | ? | Selma (2014) (TMDb: 273895)                                          |
[2022-11-16 18:20:53,415] [builder.py:2321]           [INFO]     | Best of 2015 Collection | ? | Star Wars: The Force Awakens (2015) (TMDb: 140607)                   |
[2022-11-16 18:20:53,426] [builder.py:2321]           [INFO]     | Best of 2015 Collection | ? | Brooklyn (2015) (TMDb: 167073)                                       |
[2022-11-16 18:20:53,438] [builder.py:2321]           [INFO]     | Best of 2015 Collection | ? | Creed (2015) (TMDb: 312221)                                          |
[2022-11-16 18:20:53,453] [builder.py:2321]           [INFO]     | Best of 2015 Collection | ? | Shaun the Sheep Movie (2015) (TMDb: 263109)                          |
[2022-11-16 18:20:53,464] [builder.py:2321]           [INFO]     | Best of 2015 Collection | ? | It Follows (2014) (TMDb: 270303)                                     |
[2022-11-16 18:20:53,476] [builder.py:2321]           [INFO]     | Best of 2015 Collection | ? | Room (2015) (TMDb: 264644)                                           |
[2022-11-16 18:20:53,488] [builder.py:2321]           [INFO]     | Best of 2015 Collection | ? | Carol (2015) (TMDb: 258480)                                          |
[2022-11-16 18:20:53,503] [builder.py:2321]           [INFO]     | Best of 2015 Collection | ? | Mission: Impossible - Rogue Nation (2015) (TMDb: 177677)             |
[2022-11-16 18:20:53,513] [builder.py:2321]           [INFO]     | Best of 2015 Collection | ? | Son of Saul (2015) (TMDb: 336050)                                    |
[2022-11-16 18:20:53,525] [builder.py:2321]           [INFO]     | Best of 2015 Collection | ? | The Martian (2015) (TMDb: 286217)                                    |
[2022-11-16 18:20:53,537] [builder.py:2321]           [INFO]     | Best of 2015 Collection | ? | 45 Years (2015) (TMDb: 311291)                                       |
[2022-11-16 18:20:53,549] [builder.py:2321]           [INFO]     | Best of 2015 Collection | ? | Sicario (2015) (TMDb: 273481)                                        |
[2022-11-16 18:20:53,558] [builder.py:2321]           [INFO]     | Best of 2015 Collection | ? | Paddington (2014) (TMDb: 116149)                                     |
[2022-11-16 18:20:53,568] [builder.py:2321]           [INFO]     | Best of 2015 Collection | ? | Spy (2015) (TMDb: 238713)                                            |
[2022-11-16 18:20:53,579] [builder.py:2321]           [INFO]     | Best of 2015 Collection | ? | Timbuktu (2014) (TMDb: 265228)                                       |
[2022-11-16 18:20:53,590] [builder.py:2321]           [INFO]     | Best of 2015 Collection | ? | Mustang (2015) (TMDb: 336804)                                        |
[2022-11-16 18:20:53,602] [builder.py:2321]           [INFO]     | Best of 2015 Collection | ? | Gett: The Trial of Viviane Amsalem (2014) (TMDb: 270403)             |
[2022-11-16 18:20:53,613] [builder.py:2321]           [INFO]     | Best of 2015 Collection | ? | Phoenix (2014) (TMDb: 254578)                                        |
[2022-11-16 18:20:53,625] [builder.py:2321]           [INFO]     | Best of 2015 Collection | ? | Amy (2015) (TMDb: 331781)                                            |
[2022-11-16 18:20:53,646] [builder.py:2321]           [INFO]     | Best of 2015 Collection | ? | Tangerine (2015) (TMDb: 308084)                                      |
[2022-11-16 18:20:53,657] [builder.py:2321]           [INFO]     | Best of 2015 Collection | ? | Seymour: An Introduction (2015) (TMDb: 291817)                       |
[2022-11-16 18:20:53,668] [builder.py:2321]           [INFO]     | Best of 2015 Collection | ? | What We Do in the Shadows (2014) (TMDb: 246741)                      |
[2022-11-16 18:20:53,679] [builder.py:2321]           [INFO]     | Best of 2015 Collection | ? | Bridge of Spies (2015) (TMDb: 296098)                                |
[2022-11-16 18:20:53,691] [builder.py:2321]           [INFO]     | Best of 2015 Collection | ? | Anomalisa (2015) (TMDb: 291270)                                      |
[2022-11-16 18:20:53,702] [builder.py:2321]           [INFO]     | Best of 2015 Collection | ? | Ex Machina (2015) (TMDb: 264660)                                     |
[2022-11-16 18:20:53,713] [builder.py:2321]           [INFO]     | Best of 2015 Collection | ? | About Elly (2009) (TMDb: 37181)                                      |
[2022-11-16 18:20:53,726] [builder.py:2321]           [INFO]     | Best of 2015 Collection | ? | 3 ½ Minutes, 10 Bullets (2015) (TMDb: 320349)                        |
[2022-11-16 18:20:53,737] [builder.py:2321]           [INFO]     | Best of 2015 Collection | ? | Court (2015) (TMDb: 290815)                                          |
[2022-11-16 18:20:53,747] [builder.py:2321]           [INFO]     | Best of 2015 Collection | ? | Iris (2014) (TMDb: 295799)                                           |
[2022-11-16 18:20:53,758] [builder.py:2321]           [INFO]     | Best of 2015 Collection | ? | Cobain: Montage of Heck (2015) (TMDb: 319075)                        |
[2022-11-16 18:20:53,772] [builder.py:2321]           [INFO]     | Best of 2015 Collection | ? | Heart of a Dog (2015) (TMDb: 352197)                                 |
[2022-11-16 18:20:53,783] [builder.py:2321]           [INFO]     | Best of 2015 Collection | ? | '71 (2014) (TMDb: 252178)                                            |
[2022-11-16 18:20:53,794] [builder.py:2321]           [INFO]     | Best of 2015 Collection | ? | The Look of Silence (2014) (TMDb: 267480)                            |
[2022-11-16 18:20:53,806] [builder.py:2321]           [INFO]     | Best of 2015 Collection | ? | Listen to Me Marlon (2015) (TMDb: 319076)                            |
[2022-11-16 18:20:53,819] [builder.py:2321]           [INFO]     | Best of 2015 Collection | ? | Wild Tales (2014) (TMDb: 265195)                                     |
[2022-11-16 18:20:53,832] [builder.py:2321]           [INFO]     | Best of 2015 Collection | ? | Hitchcock/Truffaut (2015) (TMDb: 339751)                             |
[2022-11-16 18:20:53,848] [builder.py:2321]           [INFO]     | Best of 2015 Collection | ? | Ingrid Bergman: In Her Own Words (2015) (TMDb: 341106)               |
[2022-11-16 18:20:53,858] [builder.py:2321]           [INFO]     | Best of 2015 Collection | ? | The Big Short (2015) (TMDb: 318846)                                  |
[2022-11-16 18:20:53,869] [builder.py:2321]           [INFO]     | Best of 2015 Collection | ? | The Diary of a Teenage Girl (2015) (TMDb: 250124)                    |
[2022-11-16 18:20:53,880] [builder.py:2321]           [INFO]     | Best of 2015 Collection | ? | Finders Keepers (2015) (TMDb: 319152)                                |
[2022-11-16 18:20:53,891] [builder.py:2321]           [INFO]     | Best of 2015 Collection | ? | Red Army (2014) (TMDb: 256876)                                       |
[2022-11-16 18:20:53,907] [builder.py:2321]           [INFO]     | Best of 2015 Collection | ? | Theeb (2014) (TMDb: 287628)                                          |
[2022-11-16 18:20:53,918] [builder.py:2321]           [INFO]     | Best of 2015 Collection | ? | Taxi (2015) (TMDb: 320006)                                           |
[2022-11-16 18:20:53,930] [builder.py:2321]           [INFO]     | Best of 2015 Collection | ? | Welcome to Leith (2015) (TMDb: 318973)                               |
[2022-11-16 18:20:53,943] [builder.py:2321]           [INFO]     | Best of 2015 Collection | ? | Best of Enemies (2015) (TMDb: 319067)                                |
[2022-11-16 18:20:53,960] [builder.py:2321]           [INFO]     | Best of 2015 Collection | ? | The Second Mother (2015) (TMDb: 310569)                              |
[2022-11-16 18:20:53,991] [builder.py:2321]           [INFO]     | Best of 2015 Collection | ? | The Gift (2015) (TMDb: 328425)                                       |
[2022-11-16 18:20:54,002] [builder.py:2321]           [INFO]     | Best of 2015 Collection | ? | Love & Mercy (2015) (TMDb: 271714)                                   |
[2022-11-16 18:20:54,012] [builder.py:2321]           [INFO]     | Best of 2015 Collection | ? | Girlhood (2014) (TMDb: 266082)                                       |
[2022-11-16 18:20:54,023] [builder.py:2321]           [INFO]     | Best of 2015 Collection | ? | The Salt of the Earth (2014) (TMDb: 265297)                          |
[2022-11-16 18:20:54,039] [builder.py:2321]           [INFO]     | Best of 2015 Collection | ? | Grandma (2015) (TMDb: 309304)                                        |
[2022-11-16 18:20:54,049] [builder.py:2321]           [INFO]     | Best of 2015 Collection | ? | Appropriate Behavior (2015) (TMDb: 249916)                           |
[2022-11-16 18:20:54,065] [builder.py:2321]           [INFO]     | Best of 2015 Collection | ? | Slow West (2015) (TMDb: 223485)                                      |
[2022-11-16 18:20:54,077] [builder.py:2321]           [INFO]     | Best of 2015 Collection | ? | The End of the Tour (2015) (TMDb: 249688)                            |
[2022-11-16 18:20:54,087] [builder.py:2321]           [INFO]     | Best of 2015 Collection | ? | 99 Homes (2015) (TMDb: 283235)                                       |
[2022-11-16 18:20:54,098] [builder.py:2321]           [INFO]     | Best of 2015 Collection | ? | Going Clear: Scientology and the Prison of Belief (2015) (TMDb: 318224) |
[2022-11-16 18:20:54,109] [builder.py:2321]           [INFO]     | Best of 2015 Collection | ? | The Wonders (2014) (TMDb: 265226)                                    |
[2022-11-16 18:20:54,119] [builder.py:2321]           [INFO]     | Best of 2015 Collection | ? | A Most Violent Year (2014) (TMDb: 241239)                            |
[2022-11-16 18:20:54,130] [builder.py:2321]           [INFO]     | Best of 2015 Collection | ? | The Forbidden Room (2015) (TMDb: 315855)                             |
[2022-11-16 18:20:54,146] [builder.py:2321]           [INFO]     | Best of 2015 Collection | ? | Steve Jobs (2015) (TMDb: 321697)                                     |
[2022-11-16 18:20:54,155] [builder.py:2321]           [INFO]     | Best of 2015 Collection | ? | In Jackson Heights (2015) (TMDb: 355230)                             |
[2022-11-16 18:20:54,171] [builder.py:2321]           [INFO]     | Best of 2015 Collection | ? | We Are Still Here (2015) (TMDb: 291272)                              |
[2022-11-16 18:20:54,183] [builder.py:2321]           [INFO]     | Best of 2015 Collection | ? | The Wrecking Crew (2008) (TMDb: 70027)                               |
[2022-11-16 18:20:54,195] [builder.py:2321]           [INFO]     | Best of 2015 Collection | ? | The Duke of Burgundy (2014) (TMDb: 250225)                           |
[2022-11-16 18:20:54,206] [builder.py:2321]           [INFO]     | Best of 2015 Collection | ? | I'll See You in My Dreams (2015) (TMDb: 310121)                      |
[2022-11-16 18:20:54,217] [builder.py:2321]           [INFO]     | Best of 2015 Collection | ? | Clouds of Sils Maria (2014) (TMDb: 246860)                           |
[2022-11-16 18:20:54,227] [builder.py:2321]           [INFO]     | Best of 2015 Collection | ? | Monkey Kingdom (2015) (TMDb: 295592)                                 |
[2022-11-16 18:20:54,238] [builder.py:2321]           [INFO]     | Best of 2015 Collection | ? | Boy & the World (2014) (TMDb: 223706)                                |
[2022-11-16 18:20:54,249] [builder.py:2321]           [INFO]     | Best of 2015 Collection | ? | Beasts of No Nation (2015) (TMDb: 283587)                            |
[2022-11-16 18:20:54,281] [builder.py:2321]           [INFO]     | Best of 2015 Collection | ? | Black Souls (2014) (TMDb: 283707)                                    |
[2022-11-16 18:20:54,293] [builder.py:2321]           [INFO]     | Best of 2015 Collection | ? | Güeros (2015) (TMDb: 256057)                                         |
[2022-11-16 18:20:54,302] [builder.py:2321]           [INFO]     | Best of 2015 Collection | ? | The Hunting Ground (2015) (TMDb: 319091)                             |
[2022-11-16 18:20:54,318] [builder.py:2321]           [INFO]     | Best of 2015 Collection | ? | Straight Outta Compton (2015) (TMDb: 277216)                         |
[2022-11-16 18:20:54,352] [builder.py:2321]           [INFO]     | Best of 2015 Collection | ? | Breathe (2014) (TMDb: 270400)                                        |
[2022-11-16 18:20:54,371] [builder.py:2321]           [INFO]     | Best of 2015 Collection | ? | Janis: Little Girl Blue (2015) (TMDb: 321974)                        |
[2022-11-16 18:20:54,391] [builder.py:2321]           [INFO]     | Best of 2015 Collection | ? | The Lady in the Van (2015) (TMDb: 328589)                            |
[2022-11-16 18:20:54,403] [builder.py:2321]           [INFO]     | Best of 2015 Collection | ? | The Black Panthers: Vanguard of the Revolution (2015) (TMDb: 319089) |
[2022-11-16 18:20:54,423] [builder.py:2321]           [INFO]     | Best of 2015 Collection | ? | Still Alice (2014) (TMDb: 284293)                                    |
[2022-11-16 18:20:54,425] [builder.py:2321]           [INFO]     | Best of 2015 Collection | ? | Trainwreck (2015) (TMDb: 271718)                                     |
[2022-11-16 18:20:54,437] [builder.py:2321]           [INFO]     | Best of 2015 Collection | ? | Queen of Earth (2015) (TMDb: 300542)                                 |
[2022-11-16 18:20:54,448] [builder.py:2321]           [INFO]     | Best of 2015 Collection | ? | The Revenant (2015) (TMDb: 281957)                                   |
[2022-11-16 18:20:54,460] [builder.py:2321]           [INFO]     | Best of 2015 Collection | ? | Mr. Holmes (2015) (TMDb: 280996)                                     |
[2022-11-16 18:20:54,476] [builder.py:2321]           [INFO]     | Best of 2015 Collection | ? | The Pearl Button (2015) (TMDb: 319994)                               |
[2022-11-16 18:20:54,492] [builder.py:2321]           [INFO]     | Best of 2015 Collection | ? | When Marnie Was There (2014) (TMDb: 242828)                          |
[2022-11-16 18:20:54,503] [builder.py:2321]           [INFO]     | Best of 2015 Collection | ? | Peggy Guggenheim: Art Addict (2015) (TMDb: 333360)                   |
[2022-11-16 18:20:54,514] [builder.py:2321]           [INFO]     | Best of 2015 Collection | ? | The Peanuts Movie (2015) (TMDb: 227973)                              |
[2022-11-16 18:20:54,524] [builder.py:2321]           [INFO]     | Best of 2015 Collection | ? | Mississippi Grind (2015) (TMDb: 309242)                              |
[2022-11-16 18:20:54,535] [builder.py:2321]           [INFO]     | Best of 2015 Collection | ? | The Walk (2015) (TMDb: 285783)                                       |
[2022-11-16 18:20:54,548] [builder.py:2321]           [INFO]     | Best of 2015 Collection | ? | Dope (2015) (TMDb: 308639)                                           |
[2022-11-16 18:20:54,560] [builder.py:2321]           [INFO]     | Best of 2015 Collection | ? | James White (2015) (TMDb: 312804)                                    |
[2022-11-16 18:20:54,571] [builder.py:2321]           [INFO]     | Best of 2015 Collection | ? | Mommy (2014) (TMDb: 265177)                                          |
[2022-11-16 18:20:54,584] [builder.py:2321]           [INFO]     | Best of 2015 Collection | ? | Bone Tomahawk (2015) (TMDb: 294963)                                  |
[2022-11-16 18:20:54,594] [builder.py:2321]           [INFO]     | Best of 2015 Collection | ? | Sunshine Superman (2015) (TMDb: 292081)                              |
[2022-11-16 18:20:54,605] [builder.py:2321]           [INFO]     | Best of 2015 Collection | ? | Kumiko, the Treasure Hunter (2014) (TMDb: 244563)                    |
[2022-11-16 18:20:54,616] [builder.py:2321]           [INFO]     | Best of 2015 Collection | ? | White God (2014) (TMDb: 267999)                                      |
[2022-11-16 18:20:54,626] [builder.py:2321]           [INFO]     | Best of 2015 Collection | ? | Coming Home (2014) (TMDb: 259943)                                    |
[2022-11-16 18:20:54,626] [builder.py:2326]           [INFO]     |                                                                                                    |
[2022-11-16 18:20:54,627] [builder.py:2327]           [INFO]     | 100 Movies Missing                                                                                 |
[2022-11-16 18:20:54,892] [plex_meta_manager.py:652]  [INFO]     |                                                                                                    |
[2022-11-16 18:20:54,892] [plex_meta_manager.py:653]  [INFO]     | Collection Minimum: 2 not met for Best of 2015 Collection                                          |
[2022-11-16 18:20:54,892] [plex_meta_manager.py:736]  [INFO]     |                                                                                                    |
[2022-11-16 18:20:54,892] [plex_meta_manager.py:737]  [INFO]     |====================================================================================================|
[2022-11-16 18:20:54,892] [plex_meta_manager.py:737]  [INFO]     |                                  Finished Best of 2015 Collection                                  |
[2022-11-16 18:20:54,892] [plex_meta_manager.py:737]  [INFO]     |                                    Collection Run Time: 0:00:01                                    |
[2022-11-16 18:20:54,893] [plex_meta_manager.py:737]  [INFO]     |====================================================================================================|
