[2022-11-16 20:35:30,615] [builder.py:193]            [INFO]     |====================================================================================================|
[2022-11-16 20:35:30,616] [builder.py:193]            [INFO]     |                           Oscars Winners 1994 Collection in Kids Movies                            |
[2022-11-16 20:35:30,616] [builder.py:193]            [INFO]     |====================================================================================================|
[2022-11-16 20:35:30,616] [builder.py:194]            [INFO]     |                                                                                                    |
[2022-11-16 20:35:30,616] [builder.py:199]            [INFO]     |================================ Building Definition From Templates ================================|
[2022-11-16 20:35:30,616] [builder.py:215]            [DEBUG]    |                                                                                                    |
[2022-11-16 20:35:30,617] [meta.py:210]               [DEBUG]    |================================== Template use_year_collections ===================================|
[2022-11-16 20:35:30,617] [meta.py:451]               [DEBUG]    |                                                                                                    |
[2022-11-16 20:35:30,618] [meta.py:210]               [DEBUG]    |========================================== Template imdb ===========================================|
[2022-11-16 20:35:30,619] [meta.py:451]               [DEBUG]    |                                                                                                    |
[2022-11-16 20:35:30,621] [meta.py:210]               [DEBUG]    |======================================= Template translation =======================================|
[2022-11-16 20:35:30,621] [meta.py:451]               [DEBUG]    |                                                                                                    |
[2022-11-16 20:35:30,624] [meta.py:210]               [DEBUG]    |========================================= Template shared ==========================================|
[2022-11-16 20:35:30,625] [meta.py:451]               [DEBUG]    |                                                                                                    |
[2022-11-16 20:35:30,636] [meta.py:210]               [DEBUG]    |=========================================== Template arr ===========================================|
[2022-11-16 20:35:30,637] [meta.py:451]               [DEBUG]    |                                                                                                    |
[2022-11-16 20:35:30,643] [meta.py:210]               [DEBUG]    |========================================= Template custom ==========================================|
[2022-11-16 20:35:30,644] [meta.py:451]               [DEBUG]    |                                                                                                    |
[2022-11-16 20:35:30,647] [meta.py:512]               [DEBUG]    |                                                                                                    |
[2022-11-16 20:35:30,648] [meta.py:513]               [DEBUG]    |==================================== Final Template Attributes =====================================|
[2022-11-16 20:35:30,648] [meta.py:514]               [DEBUG]    |                                                                                                    |
[2022-11-16 20:35:30,648] [meta.py:515]               [DEBUG]    | {'imdb_list': 'https://www.imdb.com/search/title/?release_date=1994-01-01,1994-12-31&groups=oscar_winner&sort=moviemeter,asc', 'summary': 'Academy Awards (Oscars) Winners for 1994.', 'name': 'Oscars Winners 1994', 'allowed_library_types': ['movie'], 'ignore_blank_results': True, 'collection_mode': 'hide', 'sort_title': '!16_Oscars Winners 1994', 'url_poster': 'https://raw.githubusercontent.com/meisnate12/Plex-Meta-Manager-Images/master/award/oscars/winner/1994.jpg', 'collection_order': 'custom', 'sync_mode': 'sync', 'cache_builders': 1} |
[2022-11-16 20:35:30,648] [meta.py:516]               [DEBUG]    |                                                                                                    |
[2022-11-16 20:35:30,648] [builder.py:223]            [INFO]     |============================ Validating Oscars Winners 1994 Attributes =============================|
[2022-11-16 20:35:30,648] [builder.py:226]            [DEBUG]    |                                                                                                    |
[2022-11-16 20:35:30,649] [builder.py:227]            [DEBUG]    | Validating Method: name                                                                            |
[2022-11-16 20:35:30,649] [builder.py:230]            [DEBUG]    | Value: Oscars Winners 1994                                                                         |
[2022-11-16 20:35:30,649] [builder.py:236]            [DEBUG]    |                                                                                                    |
[2022-11-16 20:35:30,649] [builder.py:237]            [DEBUG]    | Validating Method: allowed_library_types                                                           |
[2022-11-16 20:35:30,649] [builder.py:240]            [DEBUG]    | Value: ['movie']                                                                                   |
[2022-11-16 20:35:30,649] [builder.py:502]            [DEBUG]    |                                                                                                    |
[2022-11-16 20:35:30,649] [builder.py:503]            [DEBUG]    | Validating Method: ignore_blank_results                                                            |
[2022-11-16 20:35:30,649] [builder.py:504]            [DEBUG]    | Value: True                                                                                        |
[2022-11-16 20:35:30,649] [builder.py:516]            [DEBUG]    |                                                                                                    |
[2022-11-16 20:35:30,649] [builder.py:517]            [DEBUG]    | Validating Method: sync_mode                                                                       |
[2022-11-16 20:35:30,650] [builder.py:521]            [DEBUG]    | Value: sync                                                                                        |
[2022-11-16 20:35:30,650] [builder.py:613]            [DEBUG]    |                                                                                                    |
[2022-11-16 20:35:30,650] [builder.py:614]            [DEBUG]    | Validating Method: collection_order                                                                |
[2022-11-16 20:35:30,650] [builder.py:615]            [DEBUG]    | Value: custom                                                                                      |
[2022-11-16 20:35:30,650] [builder.py:646]            [DEBUG]    |                                                                                                    |
[2022-11-16 20:35:30,650] [builder.py:650]            [DEBUG]    | Validating Method: label                                                                           |
[2022-11-16 20:35:30,650] [builder.py:651]            [DEBUG]    | Value: Oscars Winners Awards                                                                       |
[2022-11-16 20:35:30,650] [builder.py:646]            [DEBUG]    |                                                                                                    |
[2022-11-16 20:35:30,650] [builder.py:650]            [DEBUG]    | Validating Method: imdb_list                                                                       |
[2022-11-16 20:35:30,651] [builder.py:651]            [DEBUG]    | Value: https://www.imdb.com/search/title/?release_date=1994-01-01,1994-12-31&groups=oscar_winner&sort=moviemeter,asc |
[2022-11-16 20:35:30,809] [builder.py:646]            [DEBUG]    |                                                                                                    |
[2022-11-16 20:35:30,810] [builder.py:650]            [DEBUG]    | Validating Method: summary                                                                         |
[2022-11-16 20:35:30,810] [builder.py:651]            [DEBUG]    | Value: Academy Awards (Oscars) Winners for 1994.                                                   |
[2022-11-16 20:35:30,810] [builder.py:646]            [DEBUG]    |                                                                                                    |
[2022-11-16 20:35:30,810] [builder.py:650]            [DEBUG]    | Validating Method: collection_mode                                                                 |
[2022-11-16 20:35:30,811] [builder.py:651]            [DEBUG]    | Value: hide                                                                                        |
[2022-11-16 20:35:30,811] [builder.py:646]            [DEBUG]    |                                                                                                    |
[2022-11-16 20:35:30,811] [builder.py:650]            [DEBUG]    | Validating Method: sort_title                                                                      |
[2022-11-16 20:35:30,811] [builder.py:651]            [DEBUG]    | Value: !16_Oscars Winners 1994                                                                     |
[2022-11-16 20:35:30,811] [builder.py:646]            [DEBUG]    |                                                                                                    |
[2022-11-16 20:35:30,811] [builder.py:650]            [DEBUG]    | Validating Method: url_poster                                                                      |
[2022-11-16 20:35:30,811] [builder.py:651]            [DEBUG]    | Value: https://raw.githubusercontent.com/meisnate12/Plex-Meta-Manager-Images/master/award/oscars/winner/1994.jpg |
[2022-11-16 20:35:30,939] [builder.py:646]            [DEBUG]    |                                                                                                    |
[2022-11-16 20:35:30,939] [builder.py:650]            [DEBUG]    | Validating Method: cache_builders                                                                  |
[2022-11-16 20:35:30,939] [builder.py:651]            [DEBUG]    | Value: 1                                                                                           |
[2022-11-16 20:35:30,944] [plex.py:835]               [DEBUG]    |                                                                                                    |
[2022-11-16 20:35:30,945] [plex.py:838]               [DEBUG]    | Looking for: Oscars Winners 1994                                                                   |
[2022-11-16 20:35:30,945] [builder.py:814]            [INFO]     |                                                                                                    |
[2022-11-16 20:35:30,945] [builder.py:815]            [INFO]     | Validation Successful                                                                              |
[2022-11-16 20:35:30,945] [plex_meta_manager.py:594]  [INFO]     |                                                                                                    |
[2022-11-16 20:35:30,946] [plex_meta_manager.py:596]  [INFO]     |============================== Running Oscars Winners 1994 Collection ==============================|
[2022-11-16 20:35:30,946] [plex_meta_manager.py:608]  [INFO]     |                                                                                                    |
[2022-11-16 20:35:30,946] [plex_meta_manager.py:609]  [INFO]     | Sync Mode: sync                                                                                    |
[2022-11-16 20:35:30,946] [plex_meta_manager.py:612]  [DEBUG]    |                                                                                                    |
[2022-11-16 20:35:30,946] [plex_meta_manager.py:613]  [DEBUG]    | Builder: imdb_list: {'url': 'https://www.imdb.com/search/title/?release_date=1994-01-01,1994-12-31&groups=oscar_winner&sort=moviemeter,asc', 'limit': 0} |
[2022-11-16 20:35:30,946] [plex_meta_manager.py:614]  [INFO]     |                                                                                                    |
[2022-11-16 20:35:30,948] [builder.py:1523]           [INFO]     | Builder: imdb_list loaded from Cache                                                               |
[2022-11-16 20:35:30,950] [builder.py:1574]           [DEBUG]    |                                                                                                    |
[2022-11-16 20:35:30,951] [builder.py:1575]           [DEBUG]    | 16 IDs Found                                                                                       |
[2022-11-16 20:35:30,951] [builder.py:1577]           [DEBUG]    |                                                                                                    |
[2022-11-16 20:35:30,966] [builder.py:2306]           [INFO]     |                                                                                                    |
[2022-11-16 20:35:30,966] [builder.py:2307]           [INFO]     |============================= Missing Movies from Library: Kids Movies =============================|
[2022-11-16 20:35:30,966] [builder.py:2308]           [INFO]     |                                                                                                    |
[2022-11-16 20:35:30,991] [builder.py:2321]           [INFO]     | Oscars Winners 1994 Collection | ? | Pulp Fiction (1994) (TMDb: 680)                               |
[2022-11-16 20:35:31,005] [builder.py:2321]           [INFO]     | Oscars Winners 1994 Collection | ? | Forrest Gump (1994) (TMDb: 13)                                |
[2022-11-16 20:35:31,018] [builder.py:2321]           [INFO]     | Oscars Winners 1994 Collection | ? | Legends of the Fall (1994) (TMDb: 4476)                       |
[2022-11-16 20:35:31,030] [builder.py:2321]           [INFO]     | Oscars Winners 1994 Collection | ? | Speed (1994) (TMDb: 1637)                                     |
[2022-11-16 20:35:31,041] [builder.py:2321]           [INFO]     | Oscars Winners 1994 Collection | ? | Ed Wood (1994) (TMDb: 522)                                    |
[2022-11-16 20:35:31,051] [builder.py:2321]           [INFO]     | Oscars Winners 1994 Collection | ? | The Adventures of Priscilla, Queen of the Desert (1994) (TMDb: 2759) |
[2022-11-16 20:35:31,064] [builder.py:2321]           [INFO]     | Oscars Winners 1994 Collection | ? | Bullets Over Broadway (1994) (TMDb: 11382)                    |
[2022-11-16 20:35:31,078] [builder.py:2321]           [INFO]     | Oscars Winners 1994 Collection | ? | The Madness of King George (1994) (TMDb: 11318)               |
[2022-11-16 20:35:31,088] [builder.py:2321]           [INFO]     | Oscars Winners 1994 Collection | ? | The Postman (1994) (TMDb: 11010)                              |
[2022-11-16 20:35:31,098] [builder.py:2321]           [INFO]     | Oscars Winners 1994 Collection | ? | Blue Sky (1994) (TMDb: 57834)                                 |
[2022-11-16 20:35:31,111] [builder.py:2321]           [INFO]     | Oscars Winners 1994 Collection | ? | Burnt by the Sun (1994) (TMDb: 50797)                         |
[2022-11-16 20:35:31,123] [builder.py:2321]           [INFO]     | Oscars Winners 1994 Collection | ? | Trevor (1994) (TMDb: 113454)                                  |
[2022-11-16 20:35:31,137] [builder.py:2321]           [INFO]     | Oscars Winners 1994 Collection | ? | Maya Lin: A Strong Clear Vision (1995) (TMDb: 85778)          |
[2022-11-16 20:35:31,153] [builder.py:2321]           [INFO]     | Oscars Winners 1994 Collection | ? | A Time for Justice (1994) (TMDb: 244878)                      |
[2022-11-16 20:35:31,165] [builder.py:2321]           [INFO]     | Oscars Winners 1994 Collection | ? | Defending Our Lives (1994) (TMDb: 244864)                     |
[2022-11-16 20:35:31,165] [builder.py:2326]           [INFO]     |                                                                                                    |
[2022-11-16 20:35:31,166] [builder.py:2327]           [INFO]     | 15 Movies Missing                                                                                  |
[2022-11-16 20:35:34,753] [plex_meta_manager.py:652]  [INFO]     |                                                                                                    |
[2022-11-16 20:35:34,753] [plex_meta_manager.py:653]  [INFO]     | Collection Minimum: 2 not met for Oscars Winners 1994 Collection                                   |
[2022-11-16 20:35:34,753] [plex_meta_manager.py:736]  [INFO]     |                                                                                                    |
[2022-11-16 20:35:34,753] [plex_meta_manager.py:737]  [INFO]     |====================================================================================================|
[2022-11-16 20:35:34,753] [plex_meta_manager.py:737]  [INFO]     |                              Finished Oscars Winners 1994 Collection                               |
[2022-11-16 20:35:34,754] [plex_meta_manager.py:737]  [INFO]     |                                    Collection Run Time: 0:00:04                                    |
[2022-11-16 20:35:34,754] [plex_meta_manager.py:737]  [INFO]     |====================================================================================================|
