[2022-11-17 00:41:58,739] [builder.py:193]            [INFO]     |====================================================================================================|
[2022-11-17 00:41:58,740] [builder.py:193]            [INFO]     |                               Paul Rudd Collection in Marvel Movies                                |
[2022-11-17 00:41:58,740] [builder.py:193]            [INFO]     |====================================================================================================|
[2022-11-17 00:41:58,740] [builder.py:194]            [INFO]     |                                                                                                    |
[2022-11-17 00:41:58,741] [builder.py:199]            [INFO]     |================================ Building Definition From Templates ================================|
[2022-11-17 00:41:58,741] [builder.py:215]            [DEBUG]    |                                                                                                    |
[2022-11-17 00:41:58,742] [meta.py:210]               [DEBUG]    |====================================== Template smart_filter =======================================|
[2022-11-17 00:41:58,743] [meta.py:451]               [DEBUG]    |                                                                                                    |
[2022-11-17 00:41:58,754] [meta.py:210]               [DEBUG]    |======================================= Template translation =======================================|
[2022-11-17 00:41:58,755] [meta.py:451]               [DEBUG]    |                                                                                                    |
[2022-11-17 00:41:58,762] [meta.py:210]               [DEBUG]    |========================================= Template shared ==========================================|
[2022-11-17 00:41:58,763] [meta.py:451]               [DEBUG]    |                                                                                                    |
[2022-11-17 00:41:58,812] [meta.py:512]               [DEBUG]    |                                                                                                    |
[2022-11-17 00:41:58,813] [meta.py:513]               [DEBUG]    |==================================== Final Template Attributes =====================================|
[2022-11-17 00:41:58,813] [meta.py:514]               [DEBUG]    |                                                                                                    |
[2022-11-17 00:41:58,814] [meta.py:515]               [DEBUG]    | {'tmdb_person': ['Paul Rudd'], 'smart_filter': {'sort_by': 'title.asc', 'any': {'actor': 'tmdb'}}, 'summary': 'Movies with Paul Rudd.', 'name': 'Paul Rudd', 'ignore_blank_results': True, 'collection_mode': 'hide', 'sort_title': '!17_Paul Rudd', 'url_poster': 'https://raw.githubusercontent.com/meisnate12/Plex-Meta-Manager-Images/master/people/rainier/Paul%20Rudd.jpg'} |
[2022-11-17 00:41:58,814] [meta.py:516]               [DEBUG]    |                                                                                                    |
[2022-11-17 00:41:58,814] [builder.py:223]            [INFO]     |================================= Validating Paul Rudd Attributes ==================================|
[2022-11-17 00:41:58,814] [builder.py:226]            [DEBUG]    |                                                                                                    |
[2022-11-17 00:41:58,814] [builder.py:227]            [DEBUG]    | Validating Method: name                                                                            |
[2022-11-17 00:41:58,815] [builder.py:230]            [DEBUG]    | Value: Paul Rudd                                                                                   |
[2022-11-17 00:41:58,815] [builder.py:502]            [DEBUG]    |                                                                                                    |
[2022-11-17 00:41:58,815] [builder.py:503]            [DEBUG]    | Validating Method: ignore_blank_results                                                            |
[2022-11-17 00:41:58,815] [builder.py:504]            [DEBUG]    | Value: True                                                                                        |
[2022-11-17 00:41:58,815] [builder.py:528]            [DEBUG]    |                                                                                                    |
[2022-11-17 00:41:58,816] [builder.py:529]            [DEBUG]    | Validating Method: tmdb_person                                                                     |
[2022-11-17 00:41:58,816] [builder.py:533]            [DEBUG]    | Value: ['Paul Rudd']                                                                               |
[2022-11-17 00:41:58,942] [builder.py:1784]           [INFO]     |                                                                                                    |
[2022-11-17 00:41:58,942] [builder.py:1785]           [INFO]     | Validating Method: smart_filter                                                                    |
[2022-11-17 00:41:58,942] [builder.py:1791]           [DEBUG]    | Value: {'sort_by': 'title.asc', 'any': {'actor': 'tmdb'}}                                          |
[2022-11-17 00:41:59,235] [builder.py:1978]           [DEBUG]    | Smart URL: ?type=1&sort=titleSort&push=1&actor=20841&pop=1                                         |
[2022-11-17 00:41:59,236] [builder.py:646]            [DEBUG]    |                                                                                                    |
[2022-11-17 00:41:59,236] [builder.py:650]            [DEBUG]    | Validating Method: label                                                                           |
[2022-11-17 00:41:59,237] [builder.py:651]            [DEBUG]    | Value: Top Actors                                                                                  |
[2022-11-17 00:41:59,237] [builder.py:646]            [DEBUG]    |                                                                                                    |
[2022-11-17 00:41:59,237] [builder.py:650]            [DEBUG]    | Validating Method: summary                                                                         |
[2022-11-17 00:41:59,237] [builder.py:651]            [DEBUG]    | Value: Movies with Paul Rudd.                                                                      |
[2022-11-17 00:41:59,238] [builder.py:646]            [DEBUG]    |                                                                                                    |
[2022-11-17 00:41:59,238] [builder.py:650]            [DEBUG]    | Validating Method: collection_mode                                                                 |
[2022-11-17 00:41:59,238] [builder.py:651]            [DEBUG]    | Value: hide                                                                                        |
[2022-11-17 00:41:59,238] [builder.py:646]            [DEBUG]    |                                                                                                    |
[2022-11-17 00:41:59,239] [builder.py:650]            [DEBUG]    | Validating Method: sort_title                                                                      |
[2022-11-17 00:41:59,239] [builder.py:651]            [DEBUG]    | Value: !17_Paul Rudd                                                                               |
[2022-11-17 00:41:59,239] [builder.py:646]            [DEBUG]    |                                                                                                    |
[2022-11-17 00:41:59,239] [builder.py:650]            [DEBUG]    | Validating Method: url_poster                                                                      |
[2022-11-17 00:41:59,239] [builder.py:651]            [DEBUG]    | Value: https://raw.githubusercontent.com/meisnate12/Plex-Meta-Manager-Images/master/people/rainier/Paul%20Rudd.jpg |
[2022-11-17 00:41:59,499] [plex.py:835]               [DEBUG]    |                                                                                                    |
[2022-11-17 00:41:59,499] [plex.py:838]               [DEBUG]    | Looking for: Paul Rudd                                                                             |
[2022-11-17 00:41:59,499] [builder.py:814]            [INFO]     |                                                                                                    |
[2022-11-17 00:41:59,500] [builder.py:815]            [INFO]     | Validation Successful                                                                              |
[2022-11-17 00:41:59,500] [plex_meta_manager.py:594]  [INFO]     |                                                                                                    |
[2022-11-17 00:41:59,501] [plex_meta_manager.py:596]  [INFO]     |=================================== Running Paul Rudd Collection ===================================|
[2022-11-17 00:41:59,501] [plex_meta_manager.py:602]  [INFO]     |                                                                                                    |
[2022-11-17 00:41:59,501] [plex_meta_manager.py:603]  [INFO]     | Smart Movie Filter                                                                                 |
                                                                 | Sort By: ['title.asc']
                                                                 | Filter:
                                                                 |   Match any of the following:
                                                                 |     Actor is Paul Rudd
[2022-11-17 00:41:59,544] [builder.py:2509]           [DEBUG]    | Smart Collection Created: ?type=1&sort=titleSort&push=1&actor=20841&pop=1
[2022-11-17 00:41:59,553] [builder.py:2527]           [INFO]     | 
[2022-11-17 00:41:59,553] [builder.py:2528]           [INFO]     |============================= Updating Details of Paul Rudd Collection =============================|
[2022-11-17 00:41:59,554] [builder.py:2529]           [INFO]     |                                                                                                    |
[2022-11-17 00:41:59,564] [builder.py:2595]           [INFO]     | Collection Metadata Edits                                                                          |
                                                                 | Summary (summary) | Movies with Paul Rudd.   
                                                                 | Sort Title | !17_Paul Rudd
                                                                 | Label | +Top Actors, +PMM
[2022-11-17 00:42:01,966] [builder.py:2599]           [INFO]     | Details: have been updated
[2022-11-17 00:42:01,966] [builder.py:2603]           [INFO]     | 
[2022-11-17 00:42:03,397] [builder.py:2615]           [INFO]     | Collection Mode | hide
[2022-11-17 00:42:03,401] [plex.py:1203]              [WARNING]  | Asset Warning: Asset Directory Not Found and Created: config/Marvel_Movies/Assets/Paul Rudd
[2022-11-17 00:42:03,401] [util.py:174]               [DEBUG]    | 2 posters found:
[2022-11-17 00:42:03,401] [util.py:176]               [DEBUG]    | Method: tmdb_person Poster: https://image.tmdb.org/t/p/original/8eTtJ7XVXY0BnEeUaSiTAraTIXd.jpg
[2022-11-17 00:42:03,401] [util.py:176]               [DEBUG]    | Method: url_poster Poster: https://raw.githubusercontent.com/meisnate12/Plex-Meta-Manager-Images/master/people/rainier/Paul%20Rudd.jpg
[2022-11-17 00:42:03,683] [library.py:178]            [INFO]     | Detail: asset_directory updated Paul Rudd's poster to [File] config/Marvel_Movies/Assets/Paul Rudd/poster.jpg
[2022-11-17 00:42:03,712] [plex_meta_manager.py:736]  [INFO]     | 
[2022-11-17 00:42:03,712] [plex_meta_manager.py:737]  [INFO]     |====================================================================================================|
[2022-11-17 00:42:03,712] [plex_meta_manager.py:737]  [INFO]     |                                   Finished Paul Rudd Collection                                    |
[2022-11-17 00:42:03,712] [plex_meta_manager.py:737]  [INFO]     |                                    Collection Run Time: 0:00:04                                    |
[2022-11-17 00:42:03,712] [plex_meta_manager.py:737]  [INFO]     |====================================================================================================|
