[2022-11-17 02:22:58,387] [builder.py:193]            [INFO]     |====================================================================================================|
[2022-11-17 02:22:58,388] [builder.py:193]            [INFO]     |                                 Emmys 1994 Collection in TV Shows                                  |
[2022-11-17 02:22:58,388] [builder.py:193]            [INFO]     |====================================================================================================|
[2022-11-17 02:22:58,388] [builder.py:194]            [INFO]     |                                                                                                    |
[2022-11-17 02:22:58,389] [builder.py:199]            [INFO]     |================================ Building Definition From Templates ================================|
[2022-11-17 02:22:58,389] [builder.py:215]            [DEBUG]    |                                                                                                    |
[2022-11-17 02:22:58,389] [meta.py:210]               [DEBUG]    |================================== Template use_year_collections ===================================|
[2022-11-17 02:22:58,390] [meta.py:451]               [DEBUG]    |                                                                                                    |
[2022-11-17 02:22:58,390] [meta.py:210]               [DEBUG]    |========================================== Template imdb ===========================================|
[2022-11-17 02:22:58,391] [meta.py:451]               [DEBUG]    |                                                                                                    |
[2022-11-17 02:22:58,392] [meta.py:210]               [DEBUG]    |========================================= Template shared ==========================================|
[2022-11-17 02:22:58,393] [meta.py:451]               [DEBUG]    |                                                                                                    |
[2022-11-17 02:22:58,409] [meta.py:210]               [DEBUG]    |=========================================== Template arr ===========================================|
[2022-11-17 02:22:58,410] [meta.py:451]               [DEBUG]    |                                                                                                    |
[2022-11-17 02:22:58,419] [meta.py:210]               [DEBUG]    |========================================= Template custom ==========================================|
[2022-11-17 02:22:58,420] [meta.py:451]               [DEBUG]    |                                                                                                    |
[2022-11-17 02:22:58,427] [meta.py:512]               [DEBUG]    |                                                                                                    |
[2022-11-17 02:22:58,427] [meta.py:513]               [DEBUG]    |==================================== Final Template Attributes =====================================|
[2022-11-17 02:22:58,427] [meta.py:514]               [DEBUG]    |                                                                                                    |
[2022-11-17 02:22:58,427] [meta.py:515]               [DEBUG]    | {'imdb_list': 'https://www.imdb.com/search/title/?release_date=1994-01-01,1994-12-31&groups=emmy_winner&sort=moviemeter,asc', 'ignore_blank_results': True, 'collection_mode': 'hide', 'sort_title': '!16_Emmys 1994', 'url_poster': 'https://raw.githubusercontent.com/meisnate12/Plex-Meta-Manager-Images/master/award/emmys/winner/1994.jpg', 'collection_order': 'custom', 'sync_mode': 'sync', 'cache_builders': 1} |
[2022-11-17 02:22:58,427] [meta.py:516]               [DEBUG]    |                                                                                                    |
[2022-11-17 02:22:58,428] [builder.py:223]            [INFO]     |================================= Validating Emmys 1994 Attributes =================================|
[2022-11-17 02:22:58,428] [builder.py:502]            [DEBUG]    |                                                                                                    |
[2022-11-17 02:22:58,428] [builder.py:503]            [DEBUG]    | Validating Method: ignore_blank_results                                                            |
[2022-11-17 02:22:58,428] [builder.py:504]            [DEBUG]    | Value: True                                                                                        |
[2022-11-17 02:22:58,428] [builder.py:516]            [DEBUG]    |                                                                                                    |
[2022-11-17 02:22:58,429] [builder.py:517]            [DEBUG]    | Validating Method: sync_mode                                                                       |
[2022-11-17 02:22:58,429] [builder.py:521]            [DEBUG]    | Value: sync                                                                                        |
[2022-11-17 02:22:58,429] [builder.py:613]            [DEBUG]    |                                                                                                    |
[2022-11-17 02:22:58,429] [builder.py:614]            [DEBUG]    | Validating Method: collection_order                                                                |
[2022-11-17 02:22:58,429] [builder.py:615]            [DEBUG]    | Value: custom                                                                                      |
[2022-11-17 02:22:58,429] [builder.py:646]            [DEBUG]    |                                                                                                    |
[2022-11-17 02:22:58,429] [builder.py:650]            [DEBUG]    | Validating Method: label                                                                           |
[2022-11-17 02:22:58,430] [builder.py:651]            [DEBUG]    | Value: Emmy Awards                                                                                 |
[2022-11-17 02:22:58,430] [builder.py:646]            [DEBUG]    |                                                                                                    |
[2022-11-17 02:22:58,430] [builder.py:650]            [DEBUG]    | Validating Method: imdb_list                                                                       |
[2022-11-17 02:22:58,430] [builder.py:651]            [DEBUG]    | Value: https://www.imdb.com/search/title/?release_date=1994-01-01,1994-12-31&groups=emmy_winner&sort=moviemeter,asc |
[2022-11-17 02:22:58,923] [builder.py:646]            [DEBUG]    |                                                                                                    |
[2022-11-17 02:22:58,925] [builder.py:650]            [DEBUG]    | Validating Method: collection_mode                                                                 |
[2022-11-17 02:22:58,925] [builder.py:651]            [DEBUG]    | Value: hide                                                                                        |
[2022-11-17 02:22:58,925] [builder.py:646]            [DEBUG]    |                                                                                                    |
[2022-11-17 02:22:58,925] [builder.py:650]            [DEBUG]    | Validating Method: sort_title                                                                      |
[2022-11-17 02:22:58,925] [builder.py:651]            [DEBUG]    | Value: !16_Emmys 1994                                                                              |
[2022-11-17 02:22:58,925] [builder.py:646]            [DEBUG]    |                                                                                                    |
[2022-11-17 02:22:58,925] [builder.py:650]            [DEBUG]    | Validating Method: url_poster                                                                      |
[2022-11-17 02:22:58,925] [builder.py:651]            [DEBUG]    | Value: https://raw.githubusercontent.com/meisnate12/Plex-Meta-Manager-Images/master/award/emmys/winner/1994.jpg |
[2022-11-17 02:22:59,086] [builder.py:646]            [DEBUG]    |                                                                                                    |
[2022-11-17 02:22:59,086] [builder.py:650]            [DEBUG]    | Validating Method: cache_builders                                                                  |
[2022-11-17 02:22:59,086] [builder.py:651]            [DEBUG]    | Value: 1                                                                                           |
[2022-11-17 02:22:59,091] [plex.py:835]               [DEBUG]    |                                                                                                    |
[2022-11-17 02:22:59,091] [plex.py:838]               [DEBUG]    | Looking for: Emmys 1994                                                                            |
[2022-11-17 02:22:59,092] [builder.py:814]            [INFO]     |                                                                                                    |
[2022-11-17 02:22:59,092] [builder.py:815]            [INFO]     | Validation Successful                                                                              |
[2022-11-17 02:22:59,093] [plex_meta_manager.py:594]  [INFO]     |                                                                                                    |
[2022-11-17 02:22:59,093] [plex_meta_manager.py:596]  [INFO]     |================================== Running Emmys 1994 Collection ===================================|
[2022-11-17 02:22:59,094] [plex_meta_manager.py:608]  [INFO]     |                                                                                                    |
[2022-11-17 02:22:59,094] [plex_meta_manager.py:609]  [INFO]     | Sync Mode: sync                                                                                    |
[2022-11-17 02:22:59,095] [plex_meta_manager.py:612]  [DEBUG]    |                                                                                                    |
[2022-11-17 02:22:59,095] [plex_meta_manager.py:613]  [DEBUG]    | Builder: imdb_list: {'url': 'https://www.imdb.com/search/title/?release_date=1994-01-01,1994-12-31&groups=emmy_winner&sort=moviemeter,asc', 'limit': 0} |
[2022-11-17 02:22:59,096] [plex_meta_manager.py:614]  [INFO]     |                                                                                                    |
[2022-11-17 02:22:59,097] [imdb.py:202]               [INFO]     | Processing IMDb List: https://www.imdb.com/search/title/?release_date=1994-01-01,1994-12-31&groups=emmy_winner&sort=moviemeter,asc |
[2022-11-17 02:23:01,528] [builder.py:1574]           [DEBUG]    |                                                                                                    |
[2022-11-17 02:23:01,529] [builder.py:1575]           [DEBUG]    | 32 IDs Found                                                                                       |
[2022-11-17 02:23:01,529] [builder.py:1577]           [DEBUG]    |                                                                                                    |
[2022-11-17 02:23:01,617] [builder.py:1637]           [WARNING]  | Convert Error: No TMDb ID Found for IMDb ID: tt0896893                                             |
[2022-11-17 02:23:01,752] [builder.py:1637]           [WARNING]  | Convert Error: No TMDb ID Found for IMDb ID: tt0295842                                             |
[2022-11-17 02:23:01,767] [builder.py:1637]           [WARNING]  | Convert Error: No TVDb ID Found for TMDb ID: 33280                                                 |
[2022-11-17 02:23:02,007] [builder.py:1637]           [WARNING]  | Convert Error: No TVDb ID Found for TMDb ID: 18746                                                 |
[2022-11-17 02:23:02,031] [builder.py:1637]           [WARNING]  | Convert Error: No TVDb ID Found for TMDb ID: 49181                                                 |
[2022-11-17 02:23:02,049] [builder.py:1637]           [WARNING]  | Convert Error: No TMDb ID Found for IMDb ID: tt0296168                                             |
[2022-11-17 02:23:02,061] [builder.py:1637]           [WARNING]  | Convert Error: No TMDb ID Found for IMDb ID: tt0110491                                             |
[2022-11-17 02:23:02,088] [builder.py:1637]           [WARNING]  | Convert Error: No TMDb ID Found for IMDb ID: tt16303030                                            |
[2022-11-17 02:23:02,115] [builder.py:1637]           [WARNING]  | Convert Error: No TMDb ID Found for IMDb ID: tt16289296                                            |
[2022-11-17 02:23:02,140] [builder.py:1637]           [WARNING]  | Convert Error: No TMDb ID Found for IMDb ID: tt16289608                                            |
[2022-11-17 02:23:02,141] [plex_meta_manager.py:711]  [WARNING]  | Collection Warning: No items found                                                                 |
[2022-11-17 02:23:02,141] [plex_meta_manager.py:736]  [INFO]     |                                                                                                    |
[2022-11-17 02:23:02,141] [plex_meta_manager.py:737]  [INFO]     |====================================================================================================|
[2022-11-17 02:23:02,141] [plex_meta_manager.py:737]  [INFO]     |                                   Finished Emmys 1994 Collection                                   |
[2022-11-17 02:23:02,142] [plex_meta_manager.py:737]  [INFO]     |                                    Collection Run Time: 0:00:03                                    |
[2022-11-17 02:23:02,142] [plex_meta_manager.py:737]  [INFO]     |====================================================================================================|
