[2022-11-16 22:28:30,495] [builder.py:193]            [INFO]     |====================================================================================================|
[2022-11-16 22:28:30,495] [builder.py:193]            [INFO]     |                            Oscars Winners 2019 Collection in Old Movies                            |
[2022-11-16 22:28:30,495] [builder.py:193]            [INFO]     |====================================================================================================|
[2022-11-16 22:28:30,495] [builder.py:194]            [INFO]     |                                                                                                    |
[2022-11-16 22:28:30,495] [builder.py:199]            [INFO]     |================================ Building Definition From Templates ================================|
[2022-11-16 22:28:30,495] [builder.py:215]            [DEBUG]    |                                                                                                    |
[2022-11-16 22:28:30,496] [meta.py:210]               [DEBUG]    |================================== Template use_year_collections ===================================|
[2022-11-16 22:28:30,496] [meta.py:451]               [DEBUG]    |                                                                                                    |
[2022-11-16 22:28:30,498] [meta.py:210]               [DEBUG]    |========================================== Template imdb ===========================================|
[2022-11-16 22:28:30,498] [meta.py:451]               [DEBUG]    |                                                                                                    |
[2022-11-16 22:28:30,500] [meta.py:210]               [DEBUG]    |======================================= Template translation =======================================|
[2022-11-16 22:28:30,501] [meta.py:451]               [DEBUG]    |                                                                                                    |
[2022-11-16 22:28:30,505] [meta.py:210]               [DEBUG]    |========================================= Template shared ==========================================|
[2022-11-16 22:28:30,506] [meta.py:451]               [DEBUG]    |                                                                                                    |
[2022-11-16 22:28:30,523] [meta.py:210]               [DEBUG]    |=========================================== Template arr ===========================================|
[2022-11-16 22:28:30,524] [meta.py:451]               [DEBUG]    |                                                                                                    |
[2022-11-16 22:28:30,531] [meta.py:210]               [DEBUG]    |========================================= Template custom ==========================================|
[2022-11-16 22:28:30,532] [meta.py:451]               [DEBUG]    |                                                                                                    |
[2022-11-16 22:28:30,538] [meta.py:512]               [DEBUG]    |                                                                                                    |
[2022-11-16 22:28:30,538] [meta.py:513]               [DEBUG]    |==================================== Final Template Attributes =====================================|
[2022-11-16 22:28:30,538] [meta.py:514]               [DEBUG]    |                                                                                                    |
[2022-11-16 22:28:30,538] [meta.py:515]               [DEBUG]    | {'imdb_list': 'https://www.imdb.com/search/title/?release_date=2019-01-01,2019-12-31&groups=oscar_winner&sort=moviemeter,asc', 'summary': 'Academy Awards (Oscars) Winners for 2019.', 'name': 'Oscars Winners 2019', 'allowed_library_types': ['movie'], 'ignore_blank_results': True, 'collection_mode': 'hide', 'sort_title': '!16_Oscars Winners 2019', 'url_poster': 'https://raw.githubusercontent.com/meisnate12/Plex-Meta-Manager-Images/master/award/oscars/winner/2019.jpg', 'collection_order': 'custom', 'sync_mode': 'sync', 'cache_builders': 1} |
[2022-11-16 22:28:30,538] [meta.py:516]               [DEBUG]    |                                                                                                    |
[2022-11-16 22:28:30,539] [builder.py:223]            [INFO]     |============================ Validating Oscars Winners 2019 Attributes =============================|
[2022-11-16 22:28:30,539] [builder.py:226]            [DEBUG]    |                                                                                                    |
[2022-11-16 22:28:30,539] [builder.py:227]            [DEBUG]    | Validating Method: name                                                                            |
[2022-11-16 22:28:30,539] [builder.py:230]            [DEBUG]    | Value: Oscars Winners 2019                                                                         |
[2022-11-16 22:28:30,539] [builder.py:236]            [DEBUG]    |                                                                                                    |
[2022-11-16 22:28:30,539] [builder.py:237]            [DEBUG]    | Validating Method: allowed_library_types                                                           |
[2022-11-16 22:28:30,539] [builder.py:240]            [DEBUG]    | Value: ['movie']                                                                                   |
[2022-11-16 22:28:30,539] [builder.py:502]            [DEBUG]    |                                                                                                    |
[2022-11-16 22:28:30,539] [builder.py:503]            [DEBUG]    | Validating Method: ignore_blank_results                                                            |
[2022-11-16 22:28:30,540] [builder.py:504]            [DEBUG]    | Value: True                                                                                        |
[2022-11-16 22:28:30,540] [builder.py:516]            [DEBUG]    |                                                                                                    |
[2022-11-16 22:28:30,540] [builder.py:517]            [DEBUG]    | Validating Method: sync_mode                                                                       |
[2022-11-16 22:28:30,540] [builder.py:521]            [DEBUG]    | Value: sync                                                                                        |
[2022-11-16 22:28:30,540] [builder.py:613]            [DEBUG]    |                                                                                                    |
[2022-11-16 22:28:30,540] [builder.py:614]            [DEBUG]    | Validating Method: collection_order                                                                |
[2022-11-16 22:28:30,540] [builder.py:615]            [DEBUG]    | Value: custom                                                                                      |
[2022-11-16 22:28:30,540] [builder.py:646]            [DEBUG]    |                                                                                                    |
[2022-11-16 22:28:30,540] [builder.py:650]            [DEBUG]    | Validating Method: label                                                                           |
[2022-11-16 22:28:30,540] [builder.py:651]            [DEBUG]    | Value: Oscars Winners Awards                                                                       |
[2022-11-16 22:28:30,541] [builder.py:646]            [DEBUG]    |                                                                                                    |
[2022-11-16 22:28:30,541] [builder.py:650]            [DEBUG]    | Validating Method: imdb_list                                                                       |
[2022-11-16 22:28:30,541] [builder.py:651]            [DEBUG]    | Value: https://www.imdb.com/search/title/?release_date=2019-01-01,2019-12-31&groups=oscar_winner&sort=moviemeter,asc |
[2022-11-16 22:28:30,734] [builder.py:646]            [DEBUG]    |                                                                                                    |
[2022-11-16 22:28:30,735] [builder.py:650]            [DEBUG]    | Validating Method: summary                                                                         |
[2022-11-16 22:28:30,735] [builder.py:651]            [DEBUG]    | Value: Academy Awards (Oscars) Winners for 2019.                                                   |
[2022-11-16 22:28:30,735] [builder.py:646]            [DEBUG]    |                                                                                                    |
[2022-11-16 22:28:30,735] [builder.py:650]            [DEBUG]    | Validating Method: collection_mode                                                                 |
[2022-11-16 22:28:30,736] [builder.py:651]            [DEBUG]    | Value: hide                                                                                        |
[2022-11-16 22:28:30,736] [builder.py:646]            [DEBUG]    |                                                                                                    |
[2022-11-16 22:28:30,736] [builder.py:650]            [DEBUG]    | Validating Method: sort_title                                                                      |
[2022-11-16 22:28:30,736] [builder.py:651]            [DEBUG]    | Value: !16_Oscars Winners 2019                                                                     |
[2022-11-16 22:28:30,736] [builder.py:646]            [DEBUG]    |                                                                                                    |
[2022-11-16 22:28:30,736] [builder.py:650]            [DEBUG]    | Validating Method: url_poster                                                                      |
[2022-11-16 22:28:30,736] [builder.py:651]            [DEBUG]    | Value: https://raw.githubusercontent.com/meisnate12/Plex-Meta-Manager-Images/master/award/oscars/winner/2019.jpg |
[2022-11-16 22:28:30,829] [builder.py:646]            [DEBUG]    |                                                                                                    |
[2022-11-16 22:28:30,830] [builder.py:650]            [DEBUG]    | Validating Method: cache_builders                                                                  |
[2022-11-16 22:28:30,830] [builder.py:651]            [DEBUG]    | Value: 1                                                                                           |
[2022-11-16 22:28:30,837] [plex.py:835]               [DEBUG]    |                                                                                                    |
[2022-11-16 22:28:30,838] [plex.py:838]               [DEBUG]    | Looking for: Oscars Winners 2019                                                                   |
[2022-11-16 22:28:30,838] [builder.py:814]            [INFO]     |                                                                                                    |
[2022-11-16 22:28:30,838] [builder.py:815]            [INFO]     | Validation Successful                                                                              |
[2022-11-16 22:28:30,838] [plex_meta_manager.py:594]  [INFO]     |                                                                                                    |
[2022-11-16 22:28:30,839] [plex_meta_manager.py:596]  [INFO]     |============================== Running Oscars Winners 2019 Collection ==============================|
[2022-11-16 22:28:30,839] [plex_meta_manager.py:608]  [INFO]     |                                                                                                    |
[2022-11-16 22:28:30,839] [plex_meta_manager.py:609]  [INFO]     | Sync Mode: sync                                                                                    |
[2022-11-16 22:28:30,839] [plex_meta_manager.py:612]  [DEBUG]    |                                                                                                    |
[2022-11-16 22:28:30,839] [plex_meta_manager.py:613]  [DEBUG]    | Builder: imdb_list: {'url': 'https://www.imdb.com/search/title/?release_date=2019-01-01,2019-12-31&groups=oscar_winner&sort=moviemeter,asc', 'limit': 0} |
[2022-11-16 22:28:30,840] [plex_meta_manager.py:614]  [INFO]     |                                                                                                    |
[2022-11-16 22:28:30,841] [builder.py:1523]           [INFO]     | Builder: imdb_list loaded from Cache                                                               |
[2022-11-16 22:28:30,848] [builder.py:1574]           [DEBUG]    |                                                                                                    |
[2022-11-16 22:28:30,854] [builder.py:1575]           [DEBUG]    | 17 IDs Found                                                                                       |
[2022-11-16 22:28:30,856] [builder.py:1577]           [DEBUG]    |                                                                                                    |
[2022-11-16 22:28:30,881] [builder.py:2306]           [INFO]     |                                                                                                    |
[2022-11-16 22:28:30,881] [builder.py:2307]           [INFO]     |============================= Missing Movies from Library: Old Movies ==============================|
[2022-11-16 22:28:30,882] [builder.py:2308]           [INFO]     |                                                                                                    |
[2022-11-16 22:28:30,896] [builder.py:2321]           [INFO]     | Oscars Winners 2019 Collection | ? | Once Upon a Time… in Hollywood (2019) (TMDb: 466272)          |
[2022-11-16 22:28:30,909] [builder.py:2321]           [INFO]     | Oscars Winners 2019 Collection | ? | Parasite (2019) (TMDb: 496243)                                |
[2022-11-16 22:28:30,921] [builder.py:2321]           [INFO]     | Oscars Winners 2019 Collection | ? | 1917 (2019) (TMDb: 530915)                                    |
[2022-11-16 22:28:30,933] [builder.py:2321]           [INFO]     | Oscars Winners 2019 Collection | ? | Little Women (2019) (TMDb: 331482)                            |
[2022-11-16 22:28:30,944] [builder.py:2321]           [INFO]     | Oscars Winners 2019 Collection | ? | Ford v Ferrari (2019) (TMDb: 359724)                          |
[2022-11-16 22:28:30,955] [builder.py:2321]           [INFO]     | Oscars Winners 2019 Collection | ? | Jojo Rabbit (2019) (TMDb: 515001)                             |
[2022-11-16 22:28:30,968] [builder.py:2321]           [INFO]     | Oscars Winners 2019 Collection | ? | Bombshell (2019) (TMDb: 525661)                               |
[2022-11-16 22:28:30,985] [builder.py:2321]           [INFO]     | Oscars Winners 2019 Collection | ? | Marriage Story (2019) (TMDb: 492188)                          |
[2022-11-16 22:28:30,997] [builder.py:2321]           [INFO]     | Oscars Winners 2019 Collection | ? | Sound of Metal (2020) (TMDb: 502033)                          |
[2022-11-16 22:28:30,999] [builder.py:2321]           [INFO]     | Oscars Winners 2019 Collection | ? | Toy Story 4 (2019) (TMDb: 301528)                             |
[2022-11-16 22:28:31,017] [builder.py:2321]           [INFO]     | Oscars Winners 2019 Collection | ? | Rocketman (2019) (TMDb: 504608)                               |
[2022-11-16 22:28:31,029] [builder.py:2321]           [INFO]     | Oscars Winners 2019 Collection | ? | Judy (2019) (TMDb: 491283)                                    |
[2022-11-16 22:28:31,041] [builder.py:2321]           [INFO]     | Oscars Winners 2019 Collection | ? | American Factory (2019) (TMDb: 565716)                        |
[2022-11-16 22:28:31,053] [builder.py:2321]           [INFO]     | Oscars Winners 2019 Collection | ? | The Neighbors' Window (2019) (TMDb: 600274)                   |
[2022-11-16 22:28:31,064] [builder.py:2321]           [INFO]     | Oscars Winners 2019 Collection | ? | Hair Love (2019) (TMDb: 589739)                               |
[2022-11-16 22:28:31,078] [builder.py:2321]           [INFO]     | Oscars Winners 2019 Collection | ? | Learning to Skateboard in a Warzone (If You're a Girl) (2019) (TMDb: 612074) |
[2022-11-16 22:28:31,079] [builder.py:2326]           [INFO]     |                                                                                                    |
[2022-11-16 22:28:31,080] [builder.py:2327]           [INFO]     | 16 Movies Missing                                                                                  |
[2022-11-16 22:28:35,396] [plex_meta_manager.py:652]  [INFO]     |                                                                                                    |
[2022-11-16 22:28:35,396] [plex_meta_manager.py:653]  [INFO]     | Collection Minimum: 2 not met for Oscars Winners 2019 Collection                                   |
[2022-11-16 22:28:35,396] [plex_meta_manager.py:736]  [INFO]     |                                                                                                    |
[2022-11-16 22:28:35,397] [plex_meta_manager.py:737]  [INFO]     |====================================================================================================|
[2022-11-16 22:28:35,397] [plex_meta_manager.py:737]  [INFO]     |                              Finished Oscars Winners 2019 Collection                               |
[2022-11-16 22:28:35,397] [plex_meta_manager.py:737]  [INFO]     |                                    Collection Run Time: 0:00:04                                    |
[2022-11-16 22:28:35,397] [plex_meta_manager.py:737]  [INFO]     |====================================================================================================|
