[2022-11-16 18:21:15,912] [builder.py:193]            [INFO]     |====================================================================================================|
[2022-11-16 18:21:15,913] [builder.py:193]            [INFO]     |                                Crime Collection in Halloween Movies                                |
[2022-11-16 18:21:15,913] [builder.py:193]            [INFO]     |====================================================================================================|
[2022-11-16 18:21:15,913] [builder.py:194]            [INFO]     |                                                                                                    |
[2022-11-16 18:21:15,913] [builder.py:199]            [INFO]     |================================ Building Definition From Templates ================================|
[2022-11-16 18:21:15,913] [builder.py:215]            [DEBUG]    |                                                                                                    |
[2022-11-16 18:21:15,913] [meta.py:210]               [DEBUG]    |========================================= Template Dynamic =========================================|
[2022-11-16 18:21:15,913] [meta.py:451]               [DEBUG]    |                                                                                                    |
[2022-11-16 18:21:15,916] [meta.py:512]               [DEBUG]    |                                                                                                    |
[2022-11-16 18:21:15,916] [meta.py:513]               [DEBUG]    |==================================== Final Template Attributes =====================================|
[2022-11-16 18:21:15,916] [meta.py:514]               [DEBUG]    |                                                                                                    |
[2022-11-16 18:21:15,916] [meta.py:515]               [DEBUG]    | {'smart_filter': {'all': {'genre': 'Crime'}, 'sort_by': 'release.desc'}, 'url_poster': 'https://theposterdb.com/api/assets/213113', 'sort_title': '++++++++_Crime', 'collection_mode': 'hide'} |
[2022-11-16 18:21:15,916] [meta.py:516]               [DEBUG]    |                                                                                                    |
[2022-11-16 18:21:15,917] [builder.py:223]            [INFO]     |=================================== Validating Crime Attributes ====================================|
[2022-11-16 18:21:15,917] [builder.py:1784]           [INFO]     |                                                                                                    |
[2022-11-16 18:21:15,917] [builder.py:1785]           [INFO]     | Validating Method: smart_filter                                                                    |
[2022-11-16 18:21:15,917] [builder.py:1791]           [DEBUG]    | Value: {'all': {'genre': 'Crime'}, 'sort_by': 'release.desc'}                                      |
[2022-11-16 18:21:16,063] [builder.py:1978]           [DEBUG]    | Smart URL: ?type=1&sort=originallyAvailableAt%3Adesc&genre=4388                                    |
[2022-11-16 18:21:16,064] [builder.py:646]            [DEBUG]    |                                                                                                    |
[2022-11-16 18:21:16,064] [builder.py:650]            [DEBUG]    | Validating Method: summary                                                                         |
[2022-11-16 18:21:16,064] [builder.py:651]            [DEBUG]    | Value: Crime films are a genre that revolves around the action of a criminal mastermind. A Crime film will often revolve around the criminal himself, chronicling his rise and fall. Some Crime films will have a storyline that follows the criminal's victim, yet others follow the person in pursuit of the criminal. This genre tends to be fast paced with an air of mystery – this mystery can come from the plot or from the characters themselves. |
[2022-11-16 18:21:16,064] [builder.py:646]            [DEBUG]    |                                                                                                    |
[2022-11-16 18:21:16,064] [builder.py:650]            [DEBUG]    | Validating Method: url_poster                                                                      |
[2022-11-16 18:21:16,064] [builder.py:651]            [DEBUG]    | Value: https://theposterdb.com/api/assets/213113                                                   |
[2022-11-16 18:21:16,687] [builder.py:646]            [DEBUG]    |                                                                                                    |
[2022-11-16 18:21:16,688] [builder.py:650]            [DEBUG]    | Validating Method: sort_title                                                                      |
[2022-11-16 18:21:16,688] [builder.py:651]            [DEBUG]    | Value: ++++++++_Crime                                                                              |
[2022-11-16 18:21:16,688] [builder.py:646]            [DEBUG]    |                                                                                                    |
[2022-11-16 18:21:16,688] [builder.py:650]            [DEBUG]    | Validating Method: collection_mode                                                                 |
[2022-11-16 18:21:16,688] [builder.py:651]            [DEBUG]    | Value: hide                                                                                        |
[2022-11-16 18:21:16,743] [builder.py:814]            [INFO]     |                                                                                                    |
[2022-11-16 18:21:16,743] [builder.py:815]            [INFO]     | Validation Successful                                                                              |
[2022-11-16 18:21:16,743] [plex_meta_manager.py:594]  [INFO]     |                                                                                                    |
[2022-11-16 18:21:16,744] [plex_meta_manager.py:596]  [INFO]     |===================================== Running Crime Collection =====================================|
[2022-11-16 18:21:16,744] [plex_meta_manager.py:602]  [INFO]     |                                                                                                    |
[2022-11-16 18:21:16,744] [plex_meta_manager.py:603]  [INFO]     | Smart Movie Filter                                                                                 |
                                                                 | Sort By: ['release.desc']
                                                                 | Filter:
                                                                 |   Match all of the following:
                                                                 |     Genre is Crime
[2022-11-16 18:21:16,806] [builder.py:2527]           [INFO]     | 
[2022-11-16 18:21:16,806] [builder.py:2528]           [INFO]     |=============================== Updating Details of Crime Collection ===============================|
[2022-11-16 18:21:16,806] [builder.py:2529]           [INFO]     |                                                                                                    |
[2022-11-16 18:21:16,813] [builder.py:2595]           [INFO]     | Collection Metadata Edits                                                                          |
[2022-11-16 18:21:16,814] [util.py:174]               [DEBUG]    | 2 posters found:                                                                                   |
[2022-11-16 18:21:16,814] [util.py:176]               [DEBUG]    | Method: url_poster Poster: https://theposterdb.com/api/assets/213113                               |
[2022-11-16 18:21:16,814] [util.py:176]               [DEBUG]    | Method: asset_directory Poster: {'attribute': 'asset_directory', 'location': '/config/Halloween_Movies/Assets/Crime/poster.png', 'prefix': "Crime's ", 'is_poster': True, 'is_url': False, 'compare': 2284564, 'message': "Crime's poster to [File] /config/Halloween_Movies/Assets/Crime/poster.png"} |
[2022-11-16 18:21:16,815] [library.py:180]            [INFO]     | Detail: Crime's poster update not needed                                                           |
[2022-11-16 18:21:16,869] [plex_meta_manager.py:736]  [INFO]     |                                                                                                    |
[2022-11-16 18:21:16,869] [plex_meta_manager.py:737]  [INFO]     |====================================================================================================|
[2022-11-16 18:21:16,869] [plex_meta_manager.py:737]  [INFO]     |                                     Finished Crime Collection                                      |
[2022-11-16 18:21:16,869] [plex_meta_manager.py:737]  [INFO]     |                                    Collection Run Time: 0:00:00                                    |
[2022-11-16 18:21:16,869] [plex_meta_manager.py:737]  [INFO]     |====================================================================================================|
