[2022-11-17 08:55:01,667] [builder.py:193]            [INFO]     |====================================================================================================|
[2022-11-17 08:55:01,667] [builder.py:193]            [INFO]     |                         Blue Sky Animation Collection in Christmas Movies                          |
[2022-11-17 08:55:01,667] [builder.py:193]            [INFO]     |====================================================================================================|
[2022-11-17 08:55:01,667] [builder.py:194]            [INFO]     |                                                                                                    |
[2022-11-17 08:55:01,668] [builder.py:199]            [INFO]     |================================ Building Definition From Templates ================================|
[2022-11-17 08:55:01,668] [builder.py:215]            [DEBUG]    |                                                                                                    |
[2022-11-17 08:55:01,668] [meta.py:210]               [DEBUG]    |========================================= Template Studio ==========================================|
[2022-11-17 08:55:01,668] [meta.py:451]               [DEBUG]    |                                                                                                    |
[2022-11-17 08:55:01,671] [meta.py:512]               [DEBUG]    |                                                                                                    |
[2022-11-17 08:55:01,671] [meta.py:513]               [DEBUG]    |==================================== Final Template Attributes =====================================|
[2022-11-17 08:55:01,671] [meta.py:514]               [DEBUG]    |                                                                                                    |
[2022-11-17 08:55:01,671] [meta.py:515]               [DEBUG]    | {'plex_search': {'studio': 'Blue Sky Animation'}, 'url_poster': 'https://theposterdb.com/poster/33753', 'sort_title': '+++++_Blue Sky Animation', 'collection_order': 'alpha'} |
[2022-11-17 08:55:01,671] [meta.py:516]               [DEBUG]    |                                                                                                    |
[2022-11-17 08:55:01,672] [builder.py:223]            [INFO]     |============================= Validating Blue Sky Animation Attributes =============================|
[2022-11-17 08:55:01,672] [builder.py:613]            [DEBUG]    |                                                                                                    |
[2022-11-17 08:55:01,672] [builder.py:614]            [DEBUG]    | Validating Method: collection_order                                                                |
[2022-11-17 08:55:01,672] [builder.py:615]            [DEBUG]    | Value: alpha                                                                                       |
[2022-11-17 08:55:01,672] [builder.py:646]            [DEBUG]    |                                                                                                    |
[2022-11-17 08:55:01,672] [builder.py:650]            [DEBUG]    | Validating Method: summary                                                                         |
[2022-11-17 08:55:01,672] [builder.py:651]            [DEBUG]    | Value: Blue Sky Studios, Inc. is an American computer animation film studio based in Greenwich, Connecticut. It is a subsidiary of 20th Century Animation, a division of Disney Studios Content. |
[2022-11-17 08:55:01,672] [builder.py:646]            [DEBUG]    |                                                                                                    |
[2022-11-17 08:55:01,673] [builder.py:650]            [DEBUG]    | Validating Method: plex_search                                                                     |
[2022-11-17 08:55:01,673] [builder.py:651]            [DEBUG]    | Value: {'studio': 'Blue Sky Animation'}                                                            |
[2022-11-17 08:55:01,673] [builder.py:646]            [DEBUG]    |                                                                                                    |
[2022-11-17 08:55:01,673] [builder.py:650]            [DEBUG]    | Validating Method: url_poster                                                                      |
[2022-11-17 08:55:01,673] [builder.py:651]            [DEBUG]    | Value: https://theposterdb.com/poster/33753                                                        |
[2022-11-17 08:55:05,074] [builder.py:845]            [WARNING]  | Collection Warning: No Poster Found at https://theposterdb.com/poster/33753                        |
[2022-11-17 08:55:05,074] [builder.py:646]            [DEBUG]    |                                                                                                    |
[2022-11-17 08:55:05,074] [builder.py:650]            [DEBUG]    | Validating Method: sort_title                                                                      |
[2022-11-17 08:55:05,074] [builder.py:651]            [DEBUG]    | Value: +++++_Blue Sky Animation                                                                    |
[2022-11-17 08:55:05,081] [plex.py:835]               [DEBUG]    |                                                                                                    |
[2022-11-17 08:55:05,081] [plex.py:838]               [DEBUG]    | Looking for: Blue Sky Animation                                                                    |
[2022-11-17 08:55:05,081] [builder.py:814]            [INFO]     |                                                                                                    |
[2022-11-17 08:55:05,082] [builder.py:815]            [INFO]     | Validation Successful                                                                              |
[2022-11-17 08:55:05,082] [plex_meta_manager.py:594]  [INFO]     |                                                                                                    |
[2022-11-17 08:55:05,082] [plex_meta_manager.py:596]  [INFO]     |============================== Running Blue Sky Animation Collection ===============================|
[2022-11-17 08:55:05,082] [plex_meta_manager.py:608]  [INFO]     |                                                                                                    |
[2022-11-17 08:55:05,082] [plex_meta_manager.py:609]  [INFO]     | Sync Mode: append                                                                                  |
[2022-11-17 08:55:05,082] [plex_meta_manager.py:612]  [DEBUG]    |                                                                                                    |
[2022-11-17 08:55:05,083] [plex_meta_manager.py:613]  [DEBUG]    | Builder: plex_search: (1, "Plex Movie Search\nSort By: ['title.asc']\nFilter:\n  Match all of the following:\n    Match any of the following:\n      Studio contains Blue Sky Animation", '?type=1&sort=titleSort&push=1&studio=Blue%20Sky%20Animation&pop=1') |
[2022-11-17 08:55:05,083] [plex_meta_manager.py:614]  [INFO]     |                                                                                                    |
[2022-11-17 08:55:05,083] [plex.py:924]               [INFO]     | Processing Plex Movie Search                                                                       |
                                                                 | Sort By: ['title.asc']
                                                                 | Filter:
                                                                 |   Match all of the following:
                                                                 |     Match any of the following:
                                                                 |       Studio contains Blue Sky Animation
[2022-11-17 08:55:05,098] [plex_meta_manager.py:724]  [DEBUG]    | Traceback (most recent call last):
                                                                 |   File "//plex_meta_manager.py", line 616, in run_collection
                                                                 |     builder.filter_and_save_items(builder.gather_ids(method, value))
                                                                 |   File "/modules/builder.py", line 1526, in gather_ids
                                                                 |     ids = self.library.get_rating_keys(method, value, self.playlist)
                                                                 |   File "/modules/plex.py", line 966, in get_rating_keys
                                                                 |     raise Failed("Plex Error: No Items found in Plex")
                                                                 | modules.util.Failed: Plex Error: No Items found in Plex
                                                                 | 
[2022-11-17 08:55:05,100] [plex_meta_manager.py:725]  [ERROR]    | Plex Error: No Items found in Plex
[2022-11-17 08:55:05,101] [plex_meta_manager.py:736]  [INFO]     | 
[2022-11-17 08:55:05,101] [plex_meta_manager.py:737]  [INFO]     |====================================================================================================|
[2022-11-17 08:55:05,101] [plex_meta_manager.py:737]  [INFO]     |                               Finished Blue Sky Animation Collection                               |
[2022-11-17 08:55:05,101] [plex_meta_manager.py:737]  [INFO]     |                                    Collection Run Time: 0:00:03                                    |
[2022-11-17 08:55:05,101] [plex_meta_manager.py:737]  [INFO]     |====================================================================================================|
