[2022-11-25 15:59:26,027] [builder.py:193]            [INFO]     |====================================================================================================|
[2022-11-25 15:59:26,028] [builder.py:193]            [INFO]     |                            Chernin Entertainment Collection in TV Shows                            |
[2022-11-25 15:59:26,028] [builder.py:193]            [INFO]     |====================================================================================================|
[2022-11-25 15:59:26,028] [builder.py:194]            [INFO]     |                                                                                                    |
[2022-11-25 15:59:26,028] [builder.py:199]            [INFO]     |================================ Building Definition From Templates ================================|
[2022-11-25 15:59:26,028] [builder.py:215]            [DEBUG]    |                                                                                                    |
[2022-11-25 15:59:26,028] [meta.py:210]               [DEBUG]    |====================================== Template smart_filter =======================================|
[2022-11-25 15:59:26,029] [meta.py:451]               [DEBUG]    |                                                                                                    |
[2022-11-25 15:59:26,036] [meta.py:210]               [DEBUG]    |======================================= Template translation =======================================|
[2022-11-25 15:59:26,040] [meta.py:451]               [DEBUG]    |                                                                                                    |
[2022-11-25 15:59:26,049] [meta.py:210]               [DEBUG]    |========================================= Template shared ==========================================|
[2022-11-25 15:59:26,049] [meta.py:451]               [DEBUG]    |                                                                                                    |
[2022-11-25 15:59:26,072] [meta.py:512]               [DEBUG]    |                                                                                                    |
[2022-11-25 15:59:26,075] [meta.py:513]               [DEBUG]    |==================================== Final Template Attributes =====================================|
[2022-11-25 15:59:26,075] [meta.py:514]               [DEBUG]    |                                                                                                    |
[2022-11-25 15:59:26,075] [meta.py:515]               [DEBUG]    | {'smart_filter': {'sort_by': 'release.desc', 'any': {'studio.is': ['Chernin Entertainment']}}, 'summary': 'Shows produced by Chernin Entertainment.', 'name': 'Chernin Entertainment', 'ignore_blank_results': True, 'sort_title': '!07_Chernin Entertainment', 'url_poster': 'https://raw.githubusercontent.com/meisnate12/Plex-Meta-Manager-Images/master/studio/Chernin%20Entertainment.jpg'} |
[2022-11-25 15:59:26,075] [meta.py:516]               [DEBUG]    |                                                                                                    |
[2022-11-25 15:59:26,076] [builder.py:223]            [INFO]     |=========================== Validating Chernin Entertainment Attributes ============================|
[2022-11-25 15:59:26,076] [builder.py:226]            [DEBUG]    |                                                                                                    |
[2022-11-25 15:59:26,076] [builder.py:227]            [DEBUG]    | Validating Method: name                                                                            |
[2022-11-25 15:59:26,079] [builder.py:230]            [DEBUG]    | Value: Chernin Entertainment                                                                       |
[2022-11-25 15:59:26,079] [builder.py:502]            [DEBUG]    |                                                                                                    |
[2022-11-25 15:59:26,079] [builder.py:503]            [DEBUG]    | Validating Method: ignore_blank_results                                                            |
[2022-11-25 15:59:26,079] [builder.py:504]            [DEBUG]    | Value: True                                                                                        |
[2022-11-25 15:59:26,079] [builder.py:1784]           [INFO]     |                                                                                                    |
[2022-11-25 15:59:26,080] [builder.py:1785]           [INFO]     | Validating Method: smart_filter                                                                    |
[2022-11-25 15:59:26,080] [builder.py:1791]           [DEBUG]    | Value: {'sort_by': 'release.desc', 'any': {'studio.is': ['Chernin Entertainment']}}                |
[2022-11-25 15:59:26,080] [builder.py:1978]           [DEBUG]    | Smart URL: ?type=2&sort=originallyAvailableAt%3Adesc&push=1&show.studio%3D=Chernin%20Entertainment&pop=1 |
[2022-11-25 15:59:26,080] [builder.py:646]            [DEBUG]    |                                                                                                    |
[2022-11-25 15:59:26,080] [builder.py:650]            [DEBUG]    | Validating Method: label                                                                           |
[2022-11-25 15:59:26,080] [builder.py:651]            [DEBUG]    | Value: Studio                                                                                      |
[2022-11-25 15:59:26,081] [builder.py:646]            [DEBUG]    |                                                                                                    |
[2022-11-25 15:59:26,081] [builder.py:650]            [DEBUG]    | Validating Method: summary                                                                         |
[2022-11-25 15:59:26,081] [builder.py:651]            [DEBUG]    | Value: Shows produced by Chernin Entertainment.                                                    |
[2022-11-25 15:59:26,081] [builder.py:646]            [DEBUG]    |                                                                                                    |
[2022-11-25 15:59:26,081] [builder.py:650]            [DEBUG]    | Validating Method: sort_title                                                                      |
[2022-11-25 15:59:26,081] [builder.py:651]            [DEBUG]    | Value: !07_Chernin Entertainment                                                                   |
[2022-11-25 15:59:26,081] [builder.py:646]            [DEBUG]    |                                                                                                    |
[2022-11-25 15:59:26,082] [builder.py:650]            [DEBUG]    | Validating Method: url_poster                                                                      |
[2022-11-25 15:59:26,082] [builder.py:651]            [DEBUG]    | Value: https://raw.githubusercontent.com/meisnate12/Plex-Meta-Manager-Images/master/studio/Chernin%20Entertainment.jpg |
[2022-11-25 15:59:26,270] [builder.py:814]            [INFO]     |                                                                                                    |
[2022-11-25 15:59:26,271] [builder.py:815]            [INFO]     | Validation Successful                                                                              |
[2022-11-25 15:59:26,271] [plex_meta_manager.py:594]  [INFO]     |                                                                                                    |
[2022-11-25 15:59:26,271] [plex_meta_manager.py:596]  [INFO]     |============================= Running Chernin Entertainment Collection =============================|
[2022-11-25 15:59:26,272] [plex_meta_manager.py:602]  [INFO]     |                                                                                                    |
[2022-11-25 15:59:26,272] [plex_meta_manager.py:603]  [INFO]     | Smart Show Filter                                                                                  |
                                                                 | Sort By: ['release.desc']
                                                                 | Filter:
                                                                 |   Match any of the following:
                                                                 |     Studio is Chernin Entertainment
[2022-11-25 15:59:26,287] [builder.py:2527]           [INFO]     | 
[2022-11-25 15:59:26,288] [builder.py:2528]           [INFO]     |======================= Updating Details of Chernin Entertainment Collection =======================|
[2022-11-25 15:59:26,288] [builder.py:2529]           [INFO]     |                                                                                                    |
[2022-11-25 15:59:26,296] [builder.py:2595]           [INFO]     | Collection Metadata Edits                                                                          |
[2022-11-25 15:59:26,297] [util.py:174]               [DEBUG]    | 1 poster found:                                                                                    |
[2022-11-25 15:59:26,297] [util.py:176]               [DEBUG]    | Method: url_poster Poster: https://raw.githubusercontent.com/meisnate12/Plex-Meta-Manager-Images/master/studio/Chernin%20Entertainment.jpg |
[2022-11-25 15:59:26,298] [library.py:180]            [INFO]     | Detail: poster update not needed                                                                   |
[2022-11-25 15:59:26,306] [plex_meta_manager.py:736]  [INFO]     |                                                                                                    |
[2022-11-25 15:59:26,307] [plex_meta_manager.py:737]  [INFO]     |====================================================================================================|
[2022-11-25 15:59:26,307] [plex_meta_manager.py:737]  [INFO]     |                             Finished Chernin Entertainment Collection                              |
[2022-11-25 15:59:26,307] [plex_meta_manager.py:737]  [INFO]     |                                    Collection Run Time: 0:00:00                                    |
[2022-11-25 15:59:26,307] [plex_meta_manager.py:737]  [INFO]     |====================================================================================================|
