[2022-11-16 21:54:58,759] [builder.py:193]            [INFO]     |====================================================================================================|
[2022-11-16 21:54:58,759] [builder.py:193]            [INFO]     |                                The Matrix Collection in Old Movies                                 |
[2022-11-16 21:54:58,759] [builder.py:193]            [INFO]     |====================================================================================================|
[2022-11-16 21:54:58,759] [builder.py:194]            [INFO]     |                                                                                                    |
[2022-11-16 21:54:58,759] [builder.py:199]            [INFO]     |================================ Building Definition From Templates ================================|
[2022-11-16 21:54:58,759] [builder.py:215]            [DEBUG]    |                                                                                                    |
[2022-11-16 21:54:58,759] [meta.py:210]               [DEBUG]    |======================================= Template Collection ========================================|
[2022-11-16 21:54:58,760] [meta.py:451]               [DEBUG]    |                                                                                                    |
[2022-11-16 21:54:58,762] [meta.py:512]               [DEBUG]    |                                                                                                    |
[2022-11-16 21:54:58,762] [meta.py:513]               [DEBUG]    |==================================== Final Template Attributes =====================================|
[2022-11-16 21:54:58,762] [meta.py:514]               [DEBUG]    |                                                                                                    |
[2022-11-16 21:54:58,762] [meta.py:515]               [DEBUG]    | {'tmdb_collection': 2344, 'tmdb_summary': 2344, 'url_poster': 'https://theposterdb.com/api/assets/64839', 'sort_title': '+4_The Matrix', 'sync_mode': 'sync', 'collection_order': 'release'} |
[2022-11-16 21:54:58,763] [meta.py:516]               [DEBUG]    |                                                                                                    |
[2022-11-16 21:54:58,763] [builder.py:223]            [INFO]     |================================= Validating The Matrix Attributes =================================|
[2022-11-16 21:54:58,763] [builder.py:516]            [DEBUG]    |                                                                                                    |
[2022-11-16 21:54:58,763] [builder.py:517]            [DEBUG]    | Validating Method: sync_mode                                                                       |
[2022-11-16 21:54:58,763] [builder.py:521]            [DEBUG]    | Value: sync                                                                                        |
[2022-11-16 21:54:58,763] [builder.py:613]            [DEBUG]    |                                                                                                    |
[2022-11-16 21:54:58,763] [builder.py:614]            [DEBUG]    | Validating Method: collection_order                                                                |
[2022-11-16 21:54:58,763] [builder.py:615]            [DEBUG]    | Value: release                                                                                     |
[2022-11-16 21:54:58,763] [builder.py:646]            [DEBUG]    |                                                                                                    |
[2022-11-16 21:54:58,764] [builder.py:650]            [DEBUG]    | Validating Method: tmdb_collection                                                                 |
[2022-11-16 21:54:58,764] [builder.py:651]            [DEBUG]    | Value: 2344                                                                                        |
[2022-11-16 21:54:58,783] [builder.py:646]            [DEBUG]    |                                                                                                    |
[2022-11-16 21:54:58,783] [builder.py:650]            [DEBUG]    | Validating Method: tmdb_summary                                                                    |
[2022-11-16 21:54:58,784] [builder.py:651]            [DEBUG]    | Value: 2344                                                                                        |
[2022-11-16 21:54:58,795] [builder.py:646]            [DEBUG]    |                                                                                                    |
[2022-11-16 21:54:58,795] [builder.py:650]            [DEBUG]    | Validating Method: url_poster                                                                      |
[2022-11-16 21:54:58,795] [builder.py:651]            [DEBUG]    | Value: https://theposterdb.com/api/assets/64839                                                    |
[2022-11-16 21:54:59,366] [builder.py:646]            [DEBUG]    |                                                                                                    |
[2022-11-16 21:54:59,366] [builder.py:650]            [DEBUG]    | Validating Method: sort_title                                                                      |
[2022-11-16 21:54:59,366] [builder.py:651]            [DEBUG]    | Value: +4_The Matrix                                                                               |
[2022-11-16 21:54:59,409] [builder.py:814]            [INFO]     |                                                                                                    |
[2022-11-16 21:54:59,409] [builder.py:815]            [INFO]     | Validation Successful                                                                              |
[2022-11-16 21:54:59,409] [plex_meta_manager.py:594]  [INFO]     |                                                                                                    |
[2022-11-16 21:54:59,409] [plex_meta_manager.py:596]  [INFO]     |================================== Running The Matrix Collection ===================================|
[2022-11-16 21:54:59,409] [plex_meta_manager.py:608]  [INFO]     |                                                                                                    |
[2022-11-16 21:54:59,409] [plex_meta_manager.py:609]  [INFO]     | Sync Mode: sync                                                                                    |
[2022-11-16 21:54:59,409] [plex_meta_manager.py:612]  [DEBUG]    |                                                                                                    |
[2022-11-16 21:54:59,410] [plex_meta_manager.py:613]  [DEBUG]    | Builder: tmdb_collection: 2344                                                                     |
[2022-11-16 21:54:59,410] [plex_meta_manager.py:614]  [INFO]     |                                                                                                    |
[2022-11-16 21:54:59,421] [tmdb.py:389]               [INFO]     | Processing TMDb Collection: (2344) The Matrix Collection (4 Items)                                 |
[2022-11-16 21:54:59,421] [builder.py:1574]           [DEBUG]    |                                                                                                    |
[2022-11-16 21:54:59,421] [builder.py:1575]           [DEBUG]    | 4 IDs Found                                                                                        |
[2022-11-16 21:54:59,421] [builder.py:1577]           [DEBUG]    |                                                                                                    |
[2022-11-16 21:54:59,421] [builder.py:2158]           [INFO]     |                                                                                                    |
[2022-11-16 21:54:59,421] [builder.py:2159]           [INFO]     |================================= Adding to The Matrix Collection ==================================|
[2022-11-16 21:54:59,422] [builder.py:2160]           [INFO]     |                                                                                                    |
[2022-11-16 21:54:59,422] [builder.py:2174]           [INFO]     | 1/4 | The Matrix Collection | = | The Matrix (1999)                                                |
[2022-11-16 21:54:59,422] [builder.py:2174]           [INFO]     | 2/4 | The Matrix Collection | = | The Matrix Reloaded (2003)                                       |
[2022-11-16 21:54:59,422] [builder.py:2174]           [INFO]     | 3/4 | The Matrix Collection | = | The Matrix Revolutions (2003)                                    |
[2022-11-16 21:54:59,422] [builder.py:2174]           [INFO]     | 4/4 | The Matrix Collection | = | The Matrix Resurrections (2021)                                  |
[2022-11-16 21:54:59,422] [builder.py:2194]           [INFO]     |                                                                                                    |
[2022-11-16 21:54:59,422] [builder.py:2196]           [INFO]     | 4 Movies Processed 0 Movies Added                                                                  |
[2022-11-16 21:54:59,429] [builder.py:2527]           [INFO]     |                                                                                                    |
[2022-11-16 21:54:59,429] [builder.py:2528]           [INFO]     |============================ Updating Details of The Matrix Collection =============================|
[2022-11-16 21:54:59,429] [builder.py:2529]           [INFO]     |                                                                                                    |
[2022-11-16 21:54:59,437] [builder.py:2595]           [INFO]     | Collection Metadata Edits                                                                          |
[2022-11-16 21:54:59,440] [util.py:174]               [DEBUG]    | 2 posters found:                                                                                   |
[2022-11-16 21:54:59,440] [util.py:176]               [DEBUG]    | Method: url_poster Poster: https://theposterdb.com/api/assets/64839                                |
[2022-11-16 21:54:59,440] [util.py:176]               [DEBUG]    | Method: asset_directory Poster: {'attribute': 'asset_directory', 'location': '/config/Old_Movies/Assets/The Matrix/poster.png', 'prefix': "The Matrix's ", 'is_poster': True, 'is_url': False, 'compare': 1648273, 'message': "The Matrix's poster to [File] /config/Old_Movies/Assets/The Matrix/poster.png"} |
[2022-11-16 21:54:59,441] [library.py:180]            [INFO]     | Detail: The Matrix's poster update not needed                                                      |
[2022-11-16 21:54:59,472] [plex_meta_manager.py:736]  [INFO]     |                                                                                                    |
[2022-11-16 21:54:59,472] [plex_meta_manager.py:737]  [INFO]     |====================================================================================================|
[2022-11-16 21:54:59,473] [plex_meta_manager.py:737]  [INFO]     |                                   Finished The Matrix Collection                                   |
[2022-11-16 21:54:59,473] [plex_meta_manager.py:737]  [INFO]     |                                    Collection Run Time: 0:00:00                                    |
[2022-11-16 21:54:59,473] [plex_meta_manager.py:737]  [INFO]     |====================================================================================================|
