[2022-11-17 00:35:12,797] [builder.py:193]            [INFO]     |====================================================================================================|
[2022-11-17 00:35:12,797] [builder.py:193]            [INFO]     |                                Blue Sky Collection in Marvel Movies                                |
[2022-11-17 00:35:12,797] [builder.py:193]            [INFO]     |====================================================================================================|
[2022-11-17 00:35:12,797] [builder.py:194]            [INFO]     |                                                                                                    |
[2022-11-17 00:35:12,798] [builder.py:199]            [INFO]     |================================ Building Definition From Templates ================================|
[2022-11-17 00:35:12,798] [builder.py:215]            [DEBUG]    |                                                                                                    |
[2022-11-17 00:35:12,798] [meta.py:210]               [DEBUG]    |========================================= Template Studio ==========================================|
[2022-11-17 00:35:12,798] [meta.py:451]               [DEBUG]    |                                                                                                    |
[2022-11-17 00:35:12,799] [meta.py:512]               [DEBUG]    |                                                                                                    |
[2022-11-17 00:35:12,799] [meta.py:513]               [DEBUG]    |==================================== Final Template Attributes =====================================|
[2022-11-17 00:35:12,799] [meta.py:514]               [DEBUG]    |                                                                                                    |
[2022-11-17 00:35:12,799] [meta.py:515]               [DEBUG]    | {'tmdb_company': 9383, 'sort_title': '+2_Blue Sky', 'collection_order': 'alpha', 'sync_mode': 'sync'} |
[2022-11-17 00:35:12,799] [meta.py:516]               [DEBUG]    |                                                                                                    |
[2022-11-17 00:35:12,800] [builder.py:223]            [INFO]     |================================== Validating Blue Sky Attributes ==================================|
[2022-11-17 00:35:12,800] [builder.py:516]            [DEBUG]    |                                                                                                    |
[2022-11-17 00:35:12,800] [builder.py:517]            [DEBUG]    | Validating Method: sync_mode                                                                       |
[2022-11-17 00:35:12,800] [builder.py:521]            [DEBUG]    | Value: sync                                                                                        |
[2022-11-17 00:35:12,800] [builder.py:613]            [DEBUG]    |                                                                                                    |
[2022-11-17 00:35:12,800] [builder.py:614]            [DEBUG]    | Validating Method: collection_order                                                                |
[2022-11-17 00:35:12,800] [builder.py:615]            [DEBUG]    | Value: alpha                                                                                       |
[2022-11-17 00:35:12,800] [builder.py:646]            [DEBUG]    |                                                                                                    |
[2022-11-17 00:35:12,800] [builder.py:650]            [DEBUG]    | Validating Method: summary                                                                         |
[2022-11-17 00:35:12,800] [builder.py:651]            [DEBUG]    | Value: Blue Sky Studios, Inc. is an American computer animation film studio based in Greenwich, Connecticut. It is a subsidiary of 20th Century Animation, a division of Disney Studios Content. |
[2022-11-17 00:35:12,800] [builder.py:646]            [DEBUG]    |                                                                                                    |
[2022-11-17 00:35:12,801] [builder.py:650]            [DEBUG]    | Validating Method: tmdb_company                                                                    |
[2022-11-17 00:35:12,801] [builder.py:651]            [DEBUG]    | Value: 9383                                                                                        |
[2022-11-17 00:35:12,809] [builder.py:646]            [DEBUG]    |                                                                                                    |
[2022-11-17 00:35:12,809] [builder.py:650]            [DEBUG]    | Validating Method: sort_title                                                                      |
[2022-11-17 00:35:12,809] [builder.py:651]            [DEBUG]    | Value: +2_Blue Sky                                                                                 |
[2022-11-17 00:35:12,816] [plex.py:835]               [DEBUG]    |                                                                                                    |
[2022-11-17 00:35:12,817] [plex.py:838]               [DEBUG]    | Looking for: Blue Sky                                                                              |
[2022-11-17 00:35:12,817] [builder.py:814]            [INFO]     |                                                                                                    |
[2022-11-17 00:35:12,817] [builder.py:815]            [INFO]     | Validation Successful                                                                              |
[2022-11-17 00:35:12,817] [plex_meta_manager.py:594]  [INFO]     |                                                                                                    |
[2022-11-17 00:35:12,817] [plex_meta_manager.py:596]  [INFO]     |=================================== Running Blue Sky Collection ====================================|
[2022-11-17 00:35:12,817] [plex_meta_manager.py:608]  [INFO]     |                                                                                                    |
[2022-11-17 00:35:12,818] [plex_meta_manager.py:609]  [INFO]     | Sync Mode: sync                                                                                    |
[2022-11-17 00:35:12,818] [plex_meta_manager.py:612]  [DEBUG]    |                                                                                                    |
[2022-11-17 00:35:12,818] [plex_meta_manager.py:613]  [DEBUG]    | Builder: tmdb_company: 9383                                                                        |
[2022-11-17 00:35:12,818] [plex_meta_manager.py:614]  [INFO]     |                                                                                                    |
[2022-11-17 00:35:12,861] [tmdb.py:335]               [INFO]     | Processing TMDb Company: (9383) Blue Sky Studios (26 Movies)                                       |
[2022-11-17 00:35:12,861] [builder.py:1574]           [DEBUG]    |                                                                                                    |
[2022-11-17 00:35:12,861] [builder.py:1575]           [DEBUG]    | 26 IDs Found                                                                                       |
[2022-11-17 00:35:12,861] [builder.py:1577]           [DEBUG]    |                                                                                                    |
[2022-11-17 00:35:12,862] [builder.py:2306]           [INFO]     |                                                                                                    |
[2022-11-17 00:35:12,862] [builder.py:2307]           [INFO]     |============================ Missing Movies from Library: Marvel Movies ============================|
[2022-11-17 00:35:12,862] [builder.py:2308]           [INFO]     |                                                                                                    |
[2022-11-17 00:35:12,875] [builder.py:2321]           [INFO]     | Blue Sky Collection | ? | Ice Age (2002) (TMDb: 425)                                               |
[2022-11-17 00:35:12,886] [builder.py:2321]           [INFO]     | Blue Sky Collection | ? | Rio (2011) (TMDb: 46195)                                                 |
[2022-11-17 00:35:12,898] [builder.py:2321]           [INFO]     | Blue Sky Collection | ? | Ice Age: Dawn of the Dinosaurs (2009) (TMDb: 8355)                       |
[2022-11-17 00:35:12,913] [builder.py:2321]           [INFO]     | Blue Sky Collection | ? | Ice Age: Continental Drift (2012) (TMDb: 57800)                          |
[2022-11-17 00:35:12,924] [builder.py:2321]           [INFO]     | Blue Sky Collection | ? | Rio 2 (2014) (TMDb: 172385)                                              |
[2022-11-17 00:35:12,935] [builder.py:2321]           [INFO]     | Blue Sky Collection | ? | Ice Age: The Meltdown (2006) (TMDb: 950)                                 |
[2022-11-17 00:35:12,945] [builder.py:2321]           [INFO]     | Blue Sky Collection | ? | Ferdinand (2017) (TMDb: 364689)                                          |
[2022-11-17 00:35:12,957] [builder.py:2321]           [INFO]     | Blue Sky Collection | ? | Ice Age: Collision Course (2016) (TMDb: 278154)                          |
[2022-11-17 00:35:12,968] [builder.py:2321]           [INFO]     | Blue Sky Collection | ? | Robots (2005) (TMDb: 9928)                                               |
[2022-11-17 00:35:12,979] [builder.py:2321]           [INFO]     | Blue Sky Collection | ? | Epic (2013) (TMDb: 116711)                                               |
[2022-11-17 00:35:12,996] [builder.py:2321]           [INFO]     | Blue Sky Collection | ? | Horton Hears a Who! (2008) (TMDb: 12222)                                 |
[2022-11-17 00:35:13,005] [builder.py:2321]           [INFO]     | Blue Sky Collection | ? | Spies in Disguise (2019) (TMDb: 431693)                                  |
[2022-11-17 00:35:13,017] [builder.py:2321]           [INFO]     | Blue Sky Collection | ? | Ice Age: The Great Egg-Scapade (2016) (TMDb: 387893)                     |
[2022-11-17 00:35:13,027] [builder.py:2321]           [INFO]     | Blue Sky Collection | ? | The Peanuts Movie (2015) (TMDb: 227973)                                  |
[2022-11-17 00:35:13,041] [builder.py:2321]           [INFO]     | Blue Sky Collection | ? | Ice Age: A Mammoth Christmas (2011) (TMDb: 79218)                        |
[2022-11-17 00:35:13,044] [builder.py:2321]           [INFO]     | Blue Sky Collection | ? | No Time for Nuts (2006) (TMDb: 46247)                                    |
[2022-11-17 00:35:13,055] [builder.py:2321]           [INFO]     | Blue Sky Collection | ? | Cosmic Scrat-tastrophe (2015) (TMDb: 367326)                             |
[2022-11-17 00:35:13,066] [builder.py:2321]           [INFO]     | Blue Sky Collection | ? | Ice Age: Surviving Sid (2008) (TMDb: 21044)                              |
[2022-11-17 00:35:13,079] [builder.py:2321]           [INFO]     | Blue Sky Collection | ? | Scrat's Continental Crack-Up (2010) (TMDb: 55692)                        |
[2022-11-17 00:35:13,091] [builder.py:2321]           [INFO]     | Blue Sky Collection | ? | Scrat's Continental Crack-Up: Part 2 (2011) (TMDb: 98857)                |
[2022-11-17 00:35:13,103] [builder.py:2321]           [INFO]     | Blue Sky Collection | ? | Gone Nutty (2002) (TMDb: 17963)                                          |
[2022-11-17 00:35:13,131] [builder.py:2321]           [INFO]     | Blue Sky Collection | ? | Scrat: Spaced Out (2016) (TMDb: 421725)                                  |
[2022-11-17 00:35:13,147] [builder.py:2321]           [INFO]     | Blue Sky Collection | ? | Scrat in Love (2009) (TMDb: 63516)                                       |
[2022-11-17 00:35:13,176] [builder.py:2321]           [INFO]     | Blue Sky Collection | ? | Aunt Fanny's Tour of Booty (2005) (TMDb: 121678)                         |
[2022-11-17 00:35:13,186] [builder.py:2321]           [INFO]     | Blue Sky Collection | ? | Bunny (1998) (TMDb: 48610)                                               |
[2022-11-17 00:35:13,197] [builder.py:2321]           [INFO]     | Blue Sky Collection | ? | Umbrellacorn (2013) (TMDb: 660704)                                       |
[2022-11-17 00:35:13,198] [builder.py:2326]           [INFO]     |                                                                                                    |
[2022-11-17 00:35:13,198] [builder.py:2327]           [INFO]     | 26 Movies Missing                                                                                  |
[2022-11-17 00:35:15,540] [plex_meta_manager.py:652]  [INFO]     |                                                                                                    |
[2022-11-17 00:35:15,540] [plex_meta_manager.py:653]  [INFO]     | Collection Minimum: 2 not met for Blue Sky Collection                                              |
[2022-11-17 00:35:15,540] [plex_meta_manager.py:736]  [INFO]     |                                                                                                    |
[2022-11-17 00:35:15,540] [plex_meta_manager.py:737]  [INFO]     |====================================================================================================|
[2022-11-17 00:35:15,540] [plex_meta_manager.py:737]  [INFO]     |                                    Finished Blue Sky Collection                                    |
[2022-11-17 00:35:15,540] [plex_meta_manager.py:737]  [INFO]     |                                    Collection Run Time: 0:00:02                                    |
[2022-11-17 00:35:15,540] [plex_meta_manager.py:737]  [INFO]     |====================================================================================================|
