[2022-11-20 15:23:13,100] [builder.py:193]            [INFO]     |====================================================================================================|
[2022-11-20 15:23:13,100] [builder.py:193]            [INFO]     |                                 Short Shows Collection in TV Shows                                 |
[2022-11-20 15:23:13,100] [builder.py:193]            [INFO]     |====================================================================================================|
[2022-11-20 15:23:13,101] [builder.py:194]            [INFO]     |                                                                                                    |
[2022-11-20 15:23:13,101] [builder.py:199]            [INFO]     |================================ Building Definition From Templates ================================|
[2022-11-20 15:23:13,101] [builder.py:215]            [DEBUG]    |                                                                                                    |
[2022-11-20 15:23:13,101] [meta.py:210]               [DEBUG]    |====================================== Template smart_filter =======================================|
[2022-11-20 15:23:13,102] [meta.py:451]               [DEBUG]    |                                                                                                    |
[2022-11-20 15:23:13,107] [meta.py:210]               [DEBUG]    |======================================= Template translation =======================================|
[2022-11-20 15:23:13,107] [meta.py:451]               [DEBUG]    |                                                                                                    |
[2022-11-20 15:23:13,110] [meta.py:210]               [DEBUG]    |========================================= Template shared ==========================================|
[2022-11-20 15:23:13,111] [meta.py:451]               [DEBUG]    |                                                                                                    |
[2022-11-20 15:23:13,121] [meta.py:512]               [DEBUG]    |                                                                                                    |
[2022-11-20 15:23:13,121] [meta.py:513]               [DEBUG]    |==================================== Final Template Attributes =====================================|
[2022-11-20 15:23:13,122] [meta.py:514]               [DEBUG]    |                                                                                                    |
[2022-11-20 15:23:13,122] [meta.py:515]               [DEBUG]    | {'smart_filter': {'sort_by': 'release.desc', 'any': {'genre': ['Short']}}, 'summary': 'Shows that have the genre Short.', 'name': 'Short Shows', 'ignore_blank_results': True, 'sort_title': '!06_Short Shows', 'url_poster': 'https://raw.githubusercontent.com/meisnate12/Plex-Meta-Manager-Images/master/genre/Short.jpg'} |
[2022-11-20 15:23:13,122] [meta.py:516]               [DEBUG]    |                                                                                                    |
[2022-11-20 15:23:13,122] [builder.py:223]            [INFO]     |================================ Validating Short Shows Attributes =================================|
[2022-11-20 15:23:13,122] [builder.py:226]            [DEBUG]    |                                                                                                    |
[2022-11-20 15:23:13,122] [builder.py:227]            [DEBUG]    | Validating Method: name                                                                            |
[2022-11-20 15:23:13,122] [builder.py:230]            [DEBUG]    | Value: Short Shows                                                                                 |
[2022-11-20 15:23:13,123] [builder.py:502]            [DEBUG]    |                                                                                                    |
[2022-11-20 15:23:13,123] [builder.py:503]            [DEBUG]    | Validating Method: ignore_blank_results                                                            |
[2022-11-20 15:23:13,123] [builder.py:504]            [DEBUG]    | Value: True                                                                                        |
[2022-11-20 15:23:13,123] [builder.py:1784]           [INFO]     |                                                                                                    |
[2022-11-20 15:23:13,123] [builder.py:1785]           [INFO]     | Validating Method: smart_filter                                                                    |
[2022-11-20 15:23:13,123] [builder.py:1791]           [DEBUG]    | Value: {'sort_by': 'release.desc', 'any': {'genre': ['Short']}}                                    |
[2022-11-20 15:23:13,256] [builder.py:1978]           [DEBUG]    | Smart URL: ?type=2&sort=originallyAvailableAt%3Adesc&push=1&show.genre=8&pop=1                     |
[2022-11-20 15:23:13,256] [builder.py:646]            [DEBUG]    |                                                                                                    |
[2022-11-20 15:23:13,257] [builder.py:650]            [DEBUG]    | Validating Method: label                                                                           |
[2022-11-20 15:23:13,257] [builder.py:651]            [DEBUG]    | Value: Genre                                                                                       |
[2022-11-20 15:23:13,257] [builder.py:646]            [DEBUG]    |                                                                                                    |
[2022-11-20 15:23:13,257] [builder.py:650]            [DEBUG]    | Validating Method: summary                                                                         |
[2022-11-20 15:23:13,257] [builder.py:651]            [DEBUG]    | Value: Shows that have the genre Short.                                                            |
[2022-11-20 15:23:13,257] [builder.py:646]            [DEBUG]    |                                                                                                    |
[2022-11-20 15:23:13,257] [builder.py:650]            [DEBUG]    | Validating Method: sort_title                                                                      |
[2022-11-20 15:23:13,257] [builder.py:651]            [DEBUG]    | Value: !06_Short Shows                                                                             |
[2022-11-20 15:23:13,258] [builder.py:646]            [DEBUG]    |                                                                                                    |
[2022-11-20 15:23:13,258] [builder.py:650]            [DEBUG]    | Validating Method: url_poster                                                                      |
[2022-11-20 15:23:13,258] [builder.py:651]            [DEBUG]    | Value: https://raw.githubusercontent.com/meisnate12/Plex-Meta-Manager-Images/master/genre/Short.jpg |
[2022-11-20 15:23:13,293] [builder.py:814]            [INFO]     |                                                                                                    |
[2022-11-20 15:23:13,294] [builder.py:815]            [INFO]     | Validation Successful                                                                              |
[2022-11-20 15:23:13,294] [plex_meta_manager.py:594]  [INFO]     |                                                                                                    |
[2022-11-20 15:23:13,294] [plex_meta_manager.py:596]  [INFO]     |================================== Running Short Shows Collection ==================================|
[2022-11-20 15:23:13,294] [plex_meta_manager.py:602]  [INFO]     |                                                                                                    |
[2022-11-20 15:23:13,294] [plex_meta_manager.py:603]  [INFO]     | Smart Show Filter                                                                                  |
                                                                 | Sort By: ['release.desc']
                                                                 | Filter:
                                                                 |   Match any of the following:
                                                                 |     Genre is Short
[2022-11-20 15:23:13,307] [builder.py:2527]           [INFO]     | 
[2022-11-20 15:23:13,308] [builder.py:2528]           [INFO]     |============================ Updating Details of Short Shows Collection ============================|
[2022-11-20 15:23:13,308] [builder.py:2529]           [INFO]     |                                                                                                    |
[2022-11-20 15:23:13,315] [builder.py:2595]           [INFO]     | Collection Metadata Edits                                                                          |
[2022-11-20 15:23:13,316] [util.py:174]               [DEBUG]    | 1 poster found:                                                                                    |
[2022-11-20 15:23:13,316] [util.py:176]               [DEBUG]    | Method: url_poster Poster: https://raw.githubusercontent.com/meisnate12/Plex-Meta-Manager-Images/master/genre/Short.jpg |
[2022-11-20 15:23:13,317] [library.py:180]            [INFO]     | Detail: poster update not needed                                                                   |
[2022-11-20 15:23:13,325] [plex_meta_manager.py:736]  [INFO]     |                                                                                                    |
[2022-11-20 15:23:13,325] [plex_meta_manager.py:737]  [INFO]     |====================================================================================================|
[2022-11-20 15:23:13,325] [plex_meta_manager.py:737]  [INFO]     |                                  Finished Short Shows Collection                                   |
[2022-11-20 15:23:13,325] [plex_meta_manager.py:737]  [INFO]     |                                    Collection Run Time: 0:00:00                                    |
[2022-11-20 15:23:13,325] [plex_meta_manager.py:737]  [INFO]     |====================================================================================================|
