[2022-11-20 15:23:02,663] [builder.py:193]            [INFO]     |====================================================================================================|
[2022-11-20 15:23:02,663] [builder.py:193]            [INFO]     |                                Comedy Shows Collection in TV Shows                                 |
[2022-11-20 15:23:02,663] [builder.py:193]            [INFO]     |====================================================================================================|
[2022-11-20 15:23:02,664] [builder.py:194]            [INFO]     |                                                                                                    |
[2022-11-20 15:23:02,664] [builder.py:199]            [INFO]     |================================ Building Definition From Templates ================================|
[2022-11-20 15:23:02,664] [builder.py:215]            [DEBUG]    |                                                                                                    |
[2022-11-20 15:23:02,665] [meta.py:210]               [DEBUG]    |====================================== Template smart_filter =======================================|
[2022-11-20 15:23:02,666] [meta.py:451]               [DEBUG]    |                                                                                                    |
[2022-11-20 15:23:02,673] [meta.py:210]               [DEBUG]    |======================================= Template translation =======================================|
[2022-11-20 15:23:02,675] [meta.py:451]               [DEBUG]    |                                                                                                    |
[2022-11-20 15:23:02,680] [meta.py:210]               [DEBUG]    |========================================= Template shared ==========================================|
[2022-11-20 15:23:02,682] [meta.py:451]               [DEBUG]    |                                                                                                    |
[2022-11-20 15:23:02,698] [meta.py:512]               [DEBUG]    |                                                                                                    |
[2022-11-20 15:23:02,699] [meta.py:513]               [DEBUG]    |==================================== Final Template Attributes =====================================|
[2022-11-20 15:23:02,700] [meta.py:514]               [DEBUG]    |                                                                                                    |
[2022-11-20 15:23:02,700] [meta.py:515]               [DEBUG]    | {'smart_filter': {'sort_by': 'release.desc', 'any': {'genre': ['Comedy']}}, 'summary': 'Shows that have the genre Comedy.', 'name': 'Comedy Shows', 'ignore_blank_results': True, 'sort_title': '!06_Comedy Shows', 'url_poster': 'https://raw.githubusercontent.com/meisnate12/Plex-Meta-Manager-Images/master/genre/Comedy.jpg'} |
[2022-11-20 15:23:02,700] [meta.py:516]               [DEBUG]    |                                                                                                    |
[2022-11-20 15:23:02,701] [builder.py:223]            [INFO]     |================================ Validating Comedy Shows Attributes ================================|
[2022-11-20 15:23:02,701] [builder.py:226]            [DEBUG]    |                                                                                                    |
[2022-11-20 15:23:02,702] [builder.py:227]            [DEBUG]    | Validating Method: name                                                                            |
[2022-11-20 15:23:02,702] [builder.py:230]            [DEBUG]    | Value: Comedy Shows                                                                                |
[2022-11-20 15:23:02,703] [builder.py:502]            [DEBUG]    |                                                                                                    |
[2022-11-20 15:23:02,703] [builder.py:503]            [DEBUG]    | Validating Method: ignore_blank_results                                                            |
[2022-11-20 15:23:02,703] [builder.py:504]            [DEBUG]    | Value: True                                                                                        |
[2022-11-20 15:23:02,704] [builder.py:1784]           [INFO]     |                                                                                                    |
[2022-11-20 15:23:02,705] [builder.py:1785]           [INFO]     | Validating Method: smart_filter                                                                    |
[2022-11-20 15:23:02,705] [builder.py:1791]           [DEBUG]    | Value: {'sort_by': 'release.desc', 'any': {'genre': ['Comedy']}}                                   |
[2022-11-20 15:23:02,901] [builder.py:1978]           [DEBUG]    | Smart URL: ?type=2&sort=originallyAvailableAt%3Adesc&push=1&show.genre=9&pop=1                     |
[2022-11-20 15:23:02,901] [builder.py:646]            [DEBUG]    |                                                                                                    |
[2022-11-20 15:23:02,902] [builder.py:650]            [DEBUG]    | Validating Method: label                                                                           |
[2022-11-20 15:23:02,902] [builder.py:651]            [DEBUG]    | Value: Genre                                                                                       |
[2022-11-20 15:23:02,903] [builder.py:646]            [DEBUG]    |                                                                                                    |
[2022-11-20 15:23:02,903] [builder.py:650]            [DEBUG]    | Validating Method: summary                                                                         |
[2022-11-20 15:23:02,904] [builder.py:651]            [DEBUG]    | Value: Shows that have the genre Comedy.                                                           |
[2022-11-20 15:23:02,904] [builder.py:646]            [DEBUG]    |                                                                                                    |
[2022-11-20 15:23:02,905] [builder.py:650]            [DEBUG]    | Validating Method: sort_title                                                                      |
[2022-11-20 15:23:02,905] [builder.py:651]            [DEBUG]    | Value: !06_Comedy Shows                                                                            |
[2022-11-20 15:23:02,906] [builder.py:646]            [DEBUG]    |                                                                                                    |
[2022-11-20 15:23:02,906] [builder.py:650]            [DEBUG]    | Validating Method: url_poster                                                                      |
[2022-11-20 15:23:02,906] [builder.py:651]            [DEBUG]    | Value: https://raw.githubusercontent.com/meisnate12/Plex-Meta-Manager-Images/master/genre/Comedy.jpg |
[2022-11-20 15:23:03,014] [builder.py:814]            [INFO]     |                                                                                                    |
[2022-11-20 15:23:03,015] [builder.py:815]            [INFO]     | Validation Successful                                                                              |
[2022-11-20 15:23:03,015] [plex_meta_manager.py:594]  [INFO]     |                                                                                                    |
[2022-11-20 15:23:03,016] [plex_meta_manager.py:596]  [INFO]     |================================= Running Comedy Shows Collection ==================================|
[2022-11-20 15:23:03,017] [plex_meta_manager.py:602]  [INFO]     |                                                                                                    |
[2022-11-20 15:23:03,017] [plex_meta_manager.py:603]  [INFO]     | Smart Show Filter                                                                                  |
                                                                 | Sort By: ['release.desc']
                                                                 | Filter:
                                                                 |   Match any of the following:
                                                                 |     Genre is Comedy
[2022-11-20 15:23:03,099] [builder.py:2527]           [INFO]     | 
[2022-11-20 15:23:03,099] [builder.py:2528]           [INFO]     |=========================== Updating Details of Comedy Shows Collection ============================|
[2022-11-20 15:23:03,099] [builder.py:2529]           [INFO]     |                                                                                                    |
[2022-11-20 15:23:03,108] [builder.py:2595]           [INFO]     | Collection Metadata Edits                                                                          |
[2022-11-20 15:23:03,109] [util.py:174]               [DEBUG]    | 1 poster found:                                                                                    |
[2022-11-20 15:23:03,109] [util.py:176]               [DEBUG]    | Method: url_poster Poster: https://raw.githubusercontent.com/meisnate12/Plex-Meta-Manager-Images/master/genre/Comedy.jpg |
[2022-11-20 15:23:03,110] [library.py:180]            [INFO]     | Detail: poster update not needed                                                                   |
[2022-11-20 15:23:03,181] [plex_meta_manager.py:736]  [INFO]     |                                                                                                    |
[2022-11-20 15:23:03,181] [plex_meta_manager.py:737]  [INFO]     |====================================================================================================|
[2022-11-20 15:23:03,181] [plex_meta_manager.py:737]  [INFO]     |                                  Finished Comedy Shows Collection                                  |
[2022-11-20 15:23:03,182] [plex_meta_manager.py:737]  [INFO]     |                                    Collection Run Time: 0:00:00                                    |
[2022-11-20 15:23:03,182] [plex_meta_manager.py:737]  [INFO]     |====================================================================================================|
