[2022-11-25 15:51:18,561] [builder.py:193]            [INFO]     |====================================================================================================|
[2022-11-25 15:51:18,561] [builder.py:193]            [INFO]     |                              IMDb Lowest Rated Collection in TV Shows                              |
[2022-11-25 15:51:18,562] [builder.py:193]            [INFO]     |====================================================================================================|
[2022-11-25 15:51:18,562] [builder.py:194]            [INFO]     |                                                                                                    |
[2022-11-25 15:51:18,562] [builder.py:199]            [INFO]     |================================ Building Definition From Templates ================================|
[2022-11-25 15:51:18,562] [builder.py:209]            [DEBUG]    |                                                                                                    |
[2022-11-25 15:51:18,562] [builder.py:210]            [DEBUG]    | Validating Method: variables                                                                       |
[2022-11-25 15:51:18,562] [builder.py:215]            [DEBUG]    |                                                                                                    |
[2022-11-25 15:51:18,562] [meta.py:210]               [DEBUG]    |========================================= Template shared ==========================================|
[2022-11-25 15:51:18,563] [meta.py:451]               [DEBUG]    |                                                                                                    |
[2022-11-25 15:51:18,581] [meta.py:210]               [DEBUG]    |=========================================== Template arr ===========================================|
[2022-11-25 15:51:18,582] [meta.py:451]               [DEBUG]    |                                                                                                    |
[2022-11-25 15:51:18,591] [meta.py:210]               [DEBUG]    |========================================= Template custom ==========================================|
[2022-11-25 15:51:18,592] [meta.py:451]               [DEBUG]    |                                                                                                    |
[2022-11-25 15:51:18,597] [meta.py:210]               [DEBUG]    |======================================= Template translation =======================================|
[2022-11-25 15:51:18,598] [meta.py:451]               [DEBUG]    |                                                                                                    |
[2022-11-25 15:51:18,602] [meta.py:512]               [DEBUG]    |                                                                                                    |
[2022-11-25 15:51:18,603] [meta.py:513]               [DEBUG]    |==================================== Final Template Attributes =====================================|
[2022-11-25 15:51:18,603] [meta.py:514]               [DEBUG]    |                                                                                                    |
[2022-11-25 15:51:18,603] [meta.py:515]               [DEBUG]    | {'allowed_library_types': ['movie'], 'ignore_blank_results': True, 'sort_title': '!01_IMDb Lowest Rated', 'url_poster': 'https://raw.githubusercontent.com/meisnate12/Plex-Meta-Manager-Images/master/chart/IMDb%20Lowest%20Rated.jpg', 'collection_order': 'custom', 'sync_mode': 'sync', 'cache_builders': 1, 'summary': 'List of IMDb Lowest Rated shows.', 'name': 'IMDb Lowest Rated'} |
[2022-11-25 15:51:18,603] [meta.py:516]               [DEBUG]    |                                                                                                    |
[2022-11-25 15:51:18,604] [builder.py:223]            [INFO]     |============================= Validating IMDb Lowest Rated Attributes ==============================|
[2022-11-25 15:51:18,604] [builder.py:226]            [DEBUG]    |                                                                                                    |
[2022-11-25 15:51:18,604] [builder.py:227]            [DEBUG]    | Validating Method: name                                                                            |
[2022-11-25 15:51:18,604] [builder.py:230]            [DEBUG]    | Value: IMDb Lowest Rated                                                                           |
[2022-11-25 15:51:18,604] [builder.py:236]            [DEBUG]    |                                                                                                    |
[2022-11-25 15:51:18,604] [builder.py:237]            [DEBUG]    | Validating Method: allowed_library_types                                                           |
[2022-11-25 15:51:18,605] [builder.py:240]            [DEBUG]    | Value: ['movie']                                                                                   |
[2022-11-25 15:51:18,605] [plex_meta_manager.py:714]  [INFO]     | Skipped because allowed_library_types ['movie'] doesn't match the library type: show               |
[2022-11-25 15:51:18,605] [plex_meta_manager.py:736]  [INFO]     |                                                                                                    |
[2022-11-25 15:51:18,605] [plex_meta_manager.py:737]  [INFO]     |====================================================================================================|
[2022-11-25 15:51:18,605] [plex_meta_manager.py:737]  [INFO]     |                               Finished IMDb Lowest Rated Collection                                |
[2022-11-25 15:51:18,606] [plex_meta_manager.py:737]  [INFO]     |                                    Collection Run Time: 0:00:00                                    |
[2022-11-25 15:51:18,606] [plex_meta_manager.py:737]  [INFO]     |====================================================================================================|
