[2022-11-16 22:34:01,109] [builder.py:193]            [INFO]     |====================================================================================================|
[2022-11-16 22:34:01,110] [builder.py:193]            [INFO]     |                         George Miller (Director) Collection in Old Movies                          |
[2022-11-16 22:34:01,110] [builder.py:193]            [INFO]     |====================================================================================================|
[2022-11-16 22:34:01,110] [builder.py:194]            [INFO]     |                                                                                                    |
[2022-11-16 22:34:01,110] [builder.py:199]            [INFO]     |================================ Building Definition From Templates ================================|
[2022-11-16 22:34:01,110] [builder.py:215]            [DEBUG]    |                                                                                                    |
[2022-11-16 22:34:01,110] [meta.py:210]               [DEBUG]    |====================================== Template smart_filter =======================================|
[2022-11-16 22:34:01,111] [meta.py:451]               [DEBUG]    |                                                                                                    |
[2022-11-16 22:34:01,140] [meta.py:210]               [DEBUG]    |======================================= Template translation =======================================|
[2022-11-16 22:34:01,141] [meta.py:451]               [DEBUG]    |                                                                                                    |
[2022-11-16 22:34:01,148] [meta.py:210]               [DEBUG]    |========================================= Template shared ==========================================|
[2022-11-16 22:34:01,153] [meta.py:451]               [DEBUG]    |                                                                                                    |
[2022-11-16 22:34:01,192] [meta.py:512]               [DEBUG]    |                                                                                                    |
[2022-11-16 22:34:01,192] [meta.py:513]               [DEBUG]    |==================================== Final Template Attributes =====================================|
[2022-11-16 22:34:01,192] [meta.py:514]               [DEBUG]    |                                                                                                    |
[2022-11-16 22:34:01,193] [meta.py:515]               [DEBUG]    | {'tmdb_person': ['George Miller'], 'smart_filter': {'sort_by': 'title.asc', 'any': {'director': 'tmdb'}}, 'summary': 'Movies directed by George Miller.', 'name': 'George Miller (Director)', 'ignore_blank_results': True, 'collection_mode': 'hide', 'sort_title': '!18_George Miller (Director)', 'url_poster': 'https://raw.githubusercontent.com/meisnate12/Plex-Meta-Manager-Images/master/people/rainier/George%20Miller.jpg'} |
[2022-11-16 22:34:01,193] [meta.py:516]               [DEBUG]    |                                                                                                    |
[2022-11-16 22:34:01,193] [builder.py:223]            [INFO]     |========================== Validating George Miller (Director) Attributes ==========================|
[2022-11-16 22:34:01,193] [builder.py:226]            [DEBUG]    |                                                                                                    |
[2022-11-16 22:34:01,193] [builder.py:227]            [DEBUG]    | Validating Method: name                                                                            |
[2022-11-16 22:34:01,193] [builder.py:230]            [DEBUG]    | Value: George Miller (Director)                                                                    |
[2022-11-16 22:34:01,193] [builder.py:502]            [DEBUG]    |                                                                                                    |
[2022-11-16 22:34:01,193] [builder.py:503]            [DEBUG]    | Validating Method: ignore_blank_results                                                            |
[2022-11-16 22:34:01,194] [builder.py:504]            [DEBUG]    | Value: True                                                                                        |
[2022-11-16 22:34:01,194] [builder.py:528]            [DEBUG]    |                                                                                                    |
[2022-11-16 22:34:01,194] [builder.py:529]            [DEBUG]    | Validating Method: tmdb_person                                                                     |
[2022-11-16 22:34:01,194] [builder.py:533]            [DEBUG]    | Value: ['George Miller']                                                                           |
[2022-11-16 22:34:01,322] [builder.py:1784]           [INFO]     |                                                                                                    |
[2022-11-16 22:34:01,322] [builder.py:1785]           [INFO]     | Validating Method: smart_filter                                                                    |
[2022-11-16 22:34:01,322] [builder.py:1791]           [DEBUG]    | Value: {'sort_by': 'title.asc', 'any': {'director': 'tmdb'}}                                       |
[2022-11-16 22:34:01,397] [builder.py:1978]           [DEBUG]    | Smart URL: ?type=1&sort=titleSort&push=1&director=35361&pop=1                                      |
[2022-11-16 22:34:01,397] [builder.py:646]            [DEBUG]    |                                                                                                    |
[2022-11-16 22:34:01,397] [builder.py:650]            [DEBUG]    | Validating Method: label                                                                           |
[2022-11-16 22:34:01,398] [builder.py:651]            [DEBUG]    | Value: Top Directors                                                                               |
[2022-11-16 22:34:01,398] [builder.py:646]            [DEBUG]    |                                                                                                    |
[2022-11-16 22:34:01,398] [builder.py:650]            [DEBUG]    | Validating Method: summary                                                                         |
[2022-11-16 22:34:01,398] [builder.py:651]            [DEBUG]    | Value: Movies directed by George Miller.                                                           |
[2022-11-16 22:34:01,398] [builder.py:646]            [DEBUG]    |                                                                                                    |
[2022-11-16 22:34:01,398] [builder.py:650]            [DEBUG]    | Validating Method: collection_mode                                                                 |
[2022-11-16 22:34:01,399] [builder.py:651]            [DEBUG]    | Value: hide                                                                                        |
[2022-11-16 22:34:01,399] [builder.py:646]            [DEBUG]    |                                                                                                    |
[2022-11-16 22:34:01,399] [builder.py:650]            [DEBUG]    | Validating Method: sort_title                                                                      |
[2022-11-16 22:34:01,399] [builder.py:651]            [DEBUG]    | Value: !18_George Miller (Director)                                                                |
[2022-11-16 22:34:01,400] [builder.py:646]            [DEBUG]    |                                                                                                    |
[2022-11-16 22:34:01,400] [builder.py:650]            [DEBUG]    | Validating Method: url_poster                                                                      |
[2022-11-16 22:34:01,400] [builder.py:651]            [DEBUG]    | Value: https://raw.githubusercontent.com/meisnate12/Plex-Meta-Manager-Images/master/people/rainier/George%20Miller.jpg |
[2022-11-16 22:34:01,586] [plex.py:835]               [DEBUG]    |                                                                                                    |
[2022-11-16 22:34:01,586] [plex.py:838]               [DEBUG]    | Looking for: George Miller (Director)                                                              |
[2022-11-16 22:34:01,587] [builder.py:814]            [INFO]     |                                                                                                    |
[2022-11-16 22:34:01,587] [builder.py:815]            [INFO]     | Validation Successful                                                                              |
[2022-11-16 22:34:01,587] [plex_meta_manager.py:594]  [INFO]     |                                                                                                    |
[2022-11-16 22:34:01,588] [plex_meta_manager.py:596]  [INFO]     |=========================== Running George Miller (Director) Collection ============================|
[2022-11-16 22:34:01,588] [plex_meta_manager.py:602]  [INFO]     |                                                                                                    |
[2022-11-16 22:34:01,588] [plex_meta_manager.py:603]  [INFO]     | Smart Movie Filter                                                                                 |
                                                                 | Sort By: ['title.asc']
                                                                 | Filter:
                                                                 |   Match any of the following:
                                                                 |     Director is George Miller
[2022-11-16 22:34:01,625] [builder.py:2509]           [DEBUG]    | Smart Collection Created: ?type=1&sort=titleSort&push=1&director=35361&pop=1
[2022-11-16 22:34:01,633] [builder.py:2527]           [INFO]     | 
[2022-11-16 22:34:01,633] [builder.py:2528]           [INFO]     |===================== Updating Details of George Miller (Director) Collection ======================|
[2022-11-16 22:34:01,633] [builder.py:2529]           [INFO]     |                                                                                                    |
[2022-11-16 22:34:01,642] [builder.py:2595]           [INFO]     | Collection Metadata Edits                                                                          |
                                                                 | Summary (summary) | Movies directed by George Miller.
                                                                 | Sort Title | !18_George Miller (Director)
                                                                 | Label | +Top Directors, +PMM
[2022-11-16 22:34:03,816] [builder.py:2599]           [INFO]     | Details: have been updated
[2022-11-16 22:34:03,816] [builder.py:2603]           [INFO]     | 
[2022-11-16 22:34:05,765] [builder.py:2615]           [INFO]     | Collection Mode | hide
[2022-11-16 22:34:05,776] [plex.py:1203]              [WARNING]  | Asset Warning: Asset Directory Not Found and Created: config/Old_Movies/Assets/George Miller (Director)
[2022-11-16 22:34:05,776] [util.py:174]               [DEBUG]    | 2 posters found:
[2022-11-16 22:34:05,776] [util.py:176]               [DEBUG]    | Method: tmdb_person Poster: https://image.tmdb.org/t/p/original/eUzusS4Q8lOdlyjxQ777pf9oLuu.jpg
[2022-11-16 22:34:05,776] [util.py:176]               [DEBUG]    | Method: url_poster Poster: https://raw.githubusercontent.com/meisnate12/Plex-Meta-Manager-Images/master/people/rainier/George%20Miller.jpg
[2022-11-16 22:34:05,923] [library.py:178]            [INFO]     | Detail: asset_directory updated George Miller (Director)'s poster to [File] config/Old_Movies/Assets/George Miller (Director)/poster.jpg
[2022-11-16 22:34:05,959] [plex_meta_manager.py:736]  [INFO]     | 
[2022-11-16 22:34:05,959] [plex_meta_manager.py:737]  [INFO]     |====================================================================================================|
[2022-11-16 22:34:05,959] [plex_meta_manager.py:737]  [INFO]     |                            Finished George Miller (Director) Collection                            |
[2022-11-16 22:34:05,959] [plex_meta_manager.py:737]  [INFO]     |                                    Collection Run Time: 0:00:04                                    |
[2022-11-16 22:34:05,960] [plex_meta_manager.py:737]  [INFO]     |====================================================================================================|
