[2022-11-20 15:24:10,832] [builder.py:193]            [INFO]     |====================================================================================================|
[2022-11-20 15:24:10,833] [builder.py:193]            [INFO]     |                              Swedish Subtitles Collection in TV Shows                              |
[2022-11-20 15:24:10,834] [builder.py:193]            [INFO]     |====================================================================================================|
[2022-11-20 15:24:10,834] [builder.py:194]            [INFO]     |                                                                                                    |
[2022-11-20 15:24:10,834] [builder.py:199]            [INFO]     |================================ Building Definition From Templates ================================|
[2022-11-20 15:24:10,834] [builder.py:215]            [DEBUG]    |                                                                                                    |
[2022-11-20 15:24:10,835] [meta.py:210]               [DEBUG]    |====================================== Template smart_filter =======================================|
[2022-11-20 15:24:10,835] [meta.py:451]               [DEBUG]    |                                                                                                    |
[2022-11-20 15:24:10,842] [meta.py:210]               [DEBUG]    |======================================= Template translation =======================================|
[2022-11-20 15:24:10,843] [meta.py:451]               [DEBUG]    |                                                                                                    |
[2022-11-20 15:24:10,845] [meta.py:210]               [DEBUG]    |========================================= Template shared ==========================================|
[2022-11-20 15:24:10,846] [meta.py:451]               [DEBUG]    |                                                                                                    |
[2022-11-20 15:24:10,856] [meta.py:512]               [DEBUG]    |                                                                                                    |
[2022-11-20 15:24:10,856] [meta.py:513]               [DEBUG]    |==================================== Final Template Attributes =====================================|
[2022-11-20 15:24:10,856] [meta.py:514]               [DEBUG]    |                                                                                                    |
[2022-11-20 15:24:10,856] [meta.py:515]               [DEBUG]    | {'smart_filter': {'sort_by': 'release.desc', 'any': {'subtitle_language': ['sv']}}, 'summary': 'Shows with Swedish Subtitles.', 'name': 'Swedish Subtitles', 'ignore_blank_results': True, 'sort_title': '!11_Swedish Subtitles', 'url_poster': 'https://raw.githubusercontent.com/meisnate12/Plex-Meta-Manager-Images/master/subtitle_language/sv.jpg'} |
[2022-11-20 15:24:10,856] [meta.py:516]               [DEBUG]    |                                                                                                    |
[2022-11-20 15:24:10,856] [builder.py:223]            [INFO]     |============================= Validating Swedish Subtitles Attributes ==============================|
[2022-11-20 15:24:10,857] [builder.py:226]            [DEBUG]    |                                                                                                    |
[2022-11-20 15:24:10,857] [builder.py:227]            [DEBUG]    | Validating Method: name                                                                            |
[2022-11-20 15:24:10,857] [builder.py:230]            [DEBUG]    | Value: Swedish Subtitles                                                                           |
[2022-11-20 15:24:10,857] [builder.py:502]            [DEBUG]    |                                                                                                    |
[2022-11-20 15:24:10,857] [builder.py:503]            [DEBUG]    | Validating Method: ignore_blank_results                                                            |
[2022-11-20 15:24:10,857] [builder.py:504]            [DEBUG]    | Value: True                                                                                        |
[2022-11-20 15:24:10,857] [builder.py:1784]           [INFO]     |                                                                                                    |
[2022-11-20 15:24:10,857] [builder.py:1785]           [INFO]     | Validating Method: smart_filter                                                                    |
[2022-11-20 15:24:10,857] [builder.py:1791]           [DEBUG]    | Value: {'sort_by': 'release.desc', 'any': {'subtitle_language': ['sv']}}                           |
[2022-11-20 15:24:11,375] [builder.py:1978]           [DEBUG]    | Smart URL: ?type=2&sort=originallyAvailableAt%3Adesc&push=1&episode.subtitleLanguage=sv&pop=1      |
[2022-11-20 15:24:11,375] [builder.py:646]            [DEBUG]    |                                                                                                    |
[2022-11-20 15:24:11,375] [builder.py:650]            [DEBUG]    | Validating Method: label                                                                           |
[2022-11-20 15:24:11,375] [builder.py:651]            [DEBUG]    | Value: Subtitle Language                                                                           |
[2022-11-20 15:24:11,376] [builder.py:646]            [DEBUG]    |                                                                                                    |
[2022-11-20 15:24:11,376] [builder.py:650]            [DEBUG]    | Validating Method: summary                                                                         |
[2022-11-20 15:24:11,376] [builder.py:651]            [DEBUG]    | Value: Shows with Swedish Subtitles.                                                               |
[2022-11-20 15:24:11,376] [builder.py:646]            [DEBUG]    |                                                                                                    |
[2022-11-20 15:24:11,376] [builder.py:650]            [DEBUG]    | Validating Method: sort_title                                                                      |
[2022-11-20 15:24:11,376] [builder.py:651]            [DEBUG]    | Value: !11_Swedish Subtitles                                                                       |
[2022-11-20 15:24:11,376] [builder.py:646]            [DEBUG]    |                                                                                                    |
[2022-11-20 15:24:11,376] [builder.py:650]            [DEBUG]    | Validating Method: url_poster                                                                      |
[2022-11-20 15:24:11,377] [builder.py:651]            [DEBUG]    | Value: https://raw.githubusercontent.com/meisnate12/Plex-Meta-Manager-Images/master/subtitle_language/sv.jpg |
[2022-11-20 15:24:11,637] [builder.py:814]            [INFO]     |                                                                                                    |
[2022-11-20 15:24:11,637] [builder.py:815]            [INFO]     | Validation Successful                                                                              |
[2022-11-20 15:24:11,637] [plex_meta_manager.py:594]  [INFO]     |                                                                                                    |
[2022-11-20 15:24:11,638] [plex_meta_manager.py:596]  [INFO]     |=============================== Running Swedish Subtitles Collection ===============================|
[2022-11-20 15:24:11,638] [plex_meta_manager.py:602]  [INFO]     |                                                                                                    |
[2022-11-20 15:24:11,638] [plex_meta_manager.py:603]  [INFO]     | Smart Show Filter                                                                                  |
                                                                 | Sort By: ['release.desc']
                                                                 | Filter:
                                                                 |   Match any of the following:
                                                                 |     Subtitle Language is sv
[2022-11-20 15:24:11,896] [builder.py:2527]           [INFO]     | 
[2022-11-20 15:24:11,896] [builder.py:2528]           [INFO]     |========================= Updating Details of Swedish Subtitles Collection =========================|
[2022-11-20 15:24:11,896] [builder.py:2529]           [INFO]     |                                                                                                    |
[2022-11-20 15:24:11,904] [builder.py:2595]           [INFO]     | Collection Metadata Edits                                                                          |
[2022-11-20 15:24:11,904] [util.py:174]               [DEBUG]    | 1 poster found:                                                                                    |
[2022-11-20 15:24:11,904] [util.py:176]               [DEBUG]    | Method: url_poster Poster: https://raw.githubusercontent.com/meisnate12/Plex-Meta-Manager-Images/master/subtitle_language/sv.jpg |
[2022-11-20 15:24:11,906] [library.py:180]            [INFO]     | Detail: poster update not needed                                                                   |
[2022-11-20 15:24:12,130] [plex_meta_manager.py:736]  [INFO]     |                                                                                                    |
[2022-11-20 15:24:12,131] [plex_meta_manager.py:737]  [INFO]     |====================================================================================================|
[2022-11-20 15:24:12,131] [plex_meta_manager.py:737]  [INFO]     |                               Finished Swedish Subtitles Collection                                |
[2022-11-20 15:24:12,131] [plex_meta_manager.py:737]  [INFO]     |                                    Collection Run Time: 0:00:01                                    |
[2022-11-20 15:24:12,131] [plex_meta_manager.py:737]  [INFO]     |====================================================================================================|
