[2022-11-16 22:31:05,740] [builder.py:193]            [INFO]     |====================================================================================================|
[2022-11-16 22:31:05,740] [builder.py:193]            [INFO]     |                                Eric Mabius Collection in Old Movies                                |
[2022-11-16 22:31:05,740] [builder.py:193]            [INFO]     |====================================================================================================|
[2022-11-16 22:31:05,740] [builder.py:194]            [INFO]     |                                                                                                    |
[2022-11-16 22:31:05,741] [builder.py:199]            [INFO]     |================================ Building Definition From Templates ================================|
[2022-11-16 22:31:05,741] [builder.py:215]            [DEBUG]    |                                                                                                    |
[2022-11-16 22:31:05,741] [meta.py:210]               [DEBUG]    |====================================== Template smart_filter =======================================|
[2022-11-16 22:31:05,741] [meta.py:451]               [DEBUG]    |                                                                                                    |
[2022-11-16 22:31:05,748] [meta.py:210]               [DEBUG]    |======================================= Template translation =======================================|
[2022-11-16 22:31:05,749] [meta.py:451]               [DEBUG]    |                                                                                                    |
[2022-11-16 22:31:05,752] [meta.py:210]               [DEBUG]    |========================================= Template shared ==========================================|
[2022-11-16 22:31:05,753] [meta.py:451]               [DEBUG]    |                                                                                                    |
[2022-11-16 22:31:05,764] [meta.py:512]               [DEBUG]    |                                                                                                    |
[2022-11-16 22:31:05,764] [meta.py:513]               [DEBUG]    |==================================== Final Template Attributes =====================================|
[2022-11-16 22:31:05,764] [meta.py:514]               [DEBUG]    |                                                                                                    |
[2022-11-16 22:31:05,765] [meta.py:515]               [DEBUG]    | {'tmdb_person': ['Eric Mabius'], 'smart_filter': {'sort_by': 'title.asc', 'any': {'actor': 'tmdb'}}, 'summary': 'Movies with Eric Mabius.', 'name': 'Eric Mabius', 'ignore_blank_results': True, 'collection_mode': 'hide', 'sort_title': '!17_Eric Mabius', 'url_poster': 'https://raw.githubusercontent.com/meisnate12/Plex-Meta-Manager-Images/master/people/rainier/Eric%20Mabius.jpg'} |
[2022-11-16 22:31:05,765] [meta.py:516]               [DEBUG]    |                                                                                                    |
[2022-11-16 22:31:05,765] [builder.py:223]            [INFO]     |================================ Validating Eric Mabius Attributes =================================|
[2022-11-16 22:31:05,765] [builder.py:226]            [DEBUG]    |                                                                                                    |
[2022-11-16 22:31:05,765] [builder.py:227]            [DEBUG]    | Validating Method: name                                                                            |
[2022-11-16 22:31:05,765] [builder.py:230]            [DEBUG]    | Value: Eric Mabius                                                                                 |
[2022-11-16 22:31:05,765] [builder.py:502]            [DEBUG]    |                                                                                                    |
[2022-11-16 22:31:05,765] [builder.py:503]            [DEBUG]    | Validating Method: ignore_blank_results                                                            |
[2022-11-16 22:31:05,765] [builder.py:504]            [DEBUG]    | Value: True                                                                                        |
[2022-11-16 22:31:05,766] [builder.py:528]            [DEBUG]    |                                                                                                    |
[2022-11-16 22:31:05,766] [builder.py:529]            [DEBUG]    | Validating Method: tmdb_person                                                                     |
[2022-11-16 22:31:05,766] [builder.py:533]            [DEBUG]    | Value: ['Eric Mabius']                                                                             |
[2022-11-16 22:31:05,848] [builder.py:1784]           [INFO]     |                                                                                                    |
[2022-11-16 22:31:05,848] [builder.py:1785]           [INFO]     | Validating Method: smart_filter                                                                    |
[2022-11-16 22:31:05,848] [builder.py:1791]           [DEBUG]    | Value: {'sort_by': 'title.asc', 'any': {'actor': 'tmdb'}}                                          |
[2022-11-16 22:31:06,173] [builder.py:1978]           [DEBUG]    | Smart URL: ?type=1&sort=titleSort&push=1&actor=1823&pop=1                                          |
[2022-11-16 22:31:06,173] [builder.py:646]            [DEBUG]    |                                                                                                    |
[2022-11-16 22:31:06,173] [builder.py:650]            [DEBUG]    | Validating Method: label                                                                           |
[2022-11-16 22:31:06,173] [builder.py:651]            [DEBUG]    | Value: Top Actors                                                                                  |
[2022-11-16 22:31:06,174] [builder.py:646]            [DEBUG]    |                                                                                                    |
[2022-11-16 22:31:06,174] [builder.py:650]            [DEBUG]    | Validating Method: summary                                                                         |
[2022-11-16 22:31:06,174] [builder.py:651]            [DEBUG]    | Value: Movies with Eric Mabius.                                                                    |
[2022-11-16 22:31:06,174] [builder.py:646]            [DEBUG]    |                                                                                                    |
[2022-11-16 22:31:06,174] [builder.py:650]            [DEBUG]    | Validating Method: collection_mode                                                                 |
[2022-11-16 22:31:06,174] [builder.py:651]            [DEBUG]    | Value: hide                                                                                        |
[2022-11-16 22:31:06,174] [builder.py:646]            [DEBUG]    |                                                                                                    |
[2022-11-16 22:31:06,174] [builder.py:650]            [DEBUG]    | Validating Method: sort_title                                                                      |
[2022-11-16 22:31:06,174] [builder.py:651]            [DEBUG]    | Value: !17_Eric Mabius                                                                             |
[2022-11-16 22:31:06,175] [builder.py:646]            [DEBUG]    |                                                                                                    |
[2022-11-16 22:31:06,175] [builder.py:650]            [DEBUG]    | Validating Method: url_poster                                                                      |
[2022-11-16 22:31:06,175] [builder.py:651]            [DEBUG]    | Value: https://raw.githubusercontent.com/meisnate12/Plex-Meta-Manager-Images/master/people/rainier/Eric%20Mabius.jpg |
[2022-11-16 22:31:06,268] [builder.py:845]            [WARNING]  | Collection Warning: No Poster Found at https://raw.githubusercontent.com/meisnate12/Plex-Meta-Manager-Images/master/people/rainier/Eric%20Mabius.jpg |
[2022-11-16 22:31:06,275] [plex.py:835]               [DEBUG]    |                                                                                                    |
[2022-11-16 22:31:06,275] [plex.py:838]               [DEBUG]    | Looking for: Eric Mabius                                                                           |
[2022-11-16 22:31:06,275] [builder.py:814]            [INFO]     |                                                                                                    |
[2022-11-16 22:31:06,275] [builder.py:815]            [INFO]     | Validation Successful                                                                              |
[2022-11-16 22:31:06,276] [plex_meta_manager.py:594]  [INFO]     |                                                                                                    |
[2022-11-16 22:31:06,276] [plex_meta_manager.py:596]  [INFO]     |================================== Running Eric Mabius Collection ==================================|
[2022-11-16 22:31:06,276] [plex_meta_manager.py:602]  [INFO]     |                                                                                                    |
[2022-11-16 22:31:06,276] [plex_meta_manager.py:603]  [INFO]     | Smart Movie Filter                                                                                 |
                                                                 | Sort By: ['title.asc']
                                                                 | Filter:
                                                                 |   Match any of the following:
                                                                 |     Actor is Eric Mabius
[2022-11-16 22:31:06,344] [builder.py:2509]           [DEBUG]    | Smart Collection Created: ?type=1&sort=titleSort&push=1&actor=1823&pop=1
[2022-11-16 22:31:06,350] [builder.py:2527]           [INFO]     | 
[2022-11-16 22:31:06,350] [builder.py:2528]           [INFO]     |============================ Updating Details of Eric Mabius Collection ============================|
[2022-11-16 22:31:06,350] [builder.py:2529]           [INFO]     |                                                                                                    |
[2022-11-16 22:31:06,357] [builder.py:2595]           [INFO]     | Collection Metadata Edits                                                                          |
                                                                 | Summary (summary) | Movies with Eric Mabius. 
                                                                 | Sort Title | !17_Eric Mabius
                                                                 | Label | +Top Actors, +PMM
[2022-11-16 22:31:07,913] [builder.py:2599]           [INFO]     | Details: have been updated
[2022-11-16 22:31:07,913] [builder.py:2603]           [INFO]     | 
[2022-11-16 22:31:09,565] [builder.py:2615]           [INFO]     | Collection Mode | hide
[2022-11-16 22:31:09,578] [plex.py:1203]              [WARNING]  | Asset Warning: Asset Directory Not Found and Created: config/Old_Movies/Assets/Eric Mabius
[2022-11-16 22:31:09,579] [util.py:174]               [DEBUG]    | 1 poster found:
[2022-11-16 22:31:09,579] [util.py:176]               [DEBUG]    | Method: tmdb_person Poster: https://image.tmdb.org/t/p/original/ywIbk1l5qqN8TZcHAq0KSFRgegp.jpg
[2022-11-16 22:31:26,905] [library.py:178]            [INFO]     | Detail: tmdb_person updated poster to [URL] https://image.tmdb.org/t/p/original/ywIbk1l5qqN8TZcHAq0KSFRgegp.jpg
[2022-11-16 22:31:27,006] [plex_meta_manager.py:736]  [INFO]     | 
[2022-11-16 22:31:27,006] [plex_meta_manager.py:737]  [INFO]     |====================================================================================================|
[2022-11-16 22:31:27,007] [plex_meta_manager.py:737]  [INFO]     |                                  Finished Eric Mabius Collection                                   |
[2022-11-16 22:31:27,007] [plex_meta_manager.py:737]  [INFO]     |                                    Collection Run Time: 0:00:21                                    |
[2022-11-16 22:31:27,007] [plex_meta_manager.py:737]  [INFO]     |====================================================================================================|
