[2022-11-16 20:30:02,358] [builder.py:193]            [INFO]     |====================================================================================================|
[2022-11-16 20:30:02,358] [builder.py:193]            [INFO]     |                        Critics Choice Awards 2018 Collection in Kids Movies                        |
[2022-11-16 20:30:02,358] [builder.py:193]            [INFO]     |====================================================================================================|
[2022-11-16 20:30:02,358] [builder.py:194]            [INFO]     |                                                                                                    |
[2022-11-16 20:30:02,359] [builder.py:199]            [INFO]     |================================ Building Definition From Templates ================================|
[2022-11-16 20:30:02,359] [builder.py:215]            [DEBUG]    |                                                                                                    |
[2022-11-16 20:30:02,359] [meta.py:210]               [DEBUG]    |================================== Template use_year_collections ===================================|
[2022-11-16 20:30:02,359] [meta.py:451]               [DEBUG]    |                                                                                                    |
[2022-11-16 20:30:02,361] [meta.py:210]               [DEBUG]    |========================================== Template trakt ==========================================|
[2022-11-16 20:30:02,363] [meta.py:451]               [DEBUG]    |                                                                                                    |
[2022-11-16 20:30:02,375] [meta.py:210]               [DEBUG]    |======================================= Template translation =======================================|
[2022-11-16 20:30:02,385] [meta.py:451]               [DEBUG]    |                                                                                                    |
[2022-11-16 20:30:02,394] [meta.py:210]               [DEBUG]    |========================================= Template shared ==========================================|
[2022-11-16 20:30:02,398] [meta.py:451]               [DEBUG]    |                                                                                                    |
[2022-11-16 20:30:02,402] [meta.py:506]               [INFO]     |                                                                                                    |
[2022-11-16 20:30:02,402] [meta.py:507]               [WARNING]  | Template Warning: template attribute: trakt_list from shared skipped                               |
[2022-11-16 20:30:02,415] [meta.py:210]               [DEBUG]    |=========================================== Template arr ===========================================|
[2022-11-16 20:30:02,416] [meta.py:451]               [DEBUG]    |                                                                                                    |
[2022-11-16 20:30:02,424] [meta.py:210]               [DEBUG]    |========================================= Template custom ==========================================|
[2022-11-16 20:30:02,425] [meta.py:451]               [DEBUG]    |                                                                                                    |
[2022-11-16 20:30:02,430] [meta.py:512]               [DEBUG]    |                                                                                                    |
[2022-11-16 20:30:02,430] [meta.py:513]               [DEBUG]    |==================================== Final Template Attributes =====================================|
[2022-11-16 20:30:02,430] [meta.py:514]               [DEBUG]    |                                                                                                    |
[2022-11-16 20:30:02,430] [meta.py:515]               [DEBUG]    | {'trakt_list': 'https://trakt.tv/users/pjcob/lists/2018-critics-choice', 'summary': '2018 Critics Choice Awards.', 'name': 'Critics Choice Awards 2018', 'ignore_blank_results': True, 'collection_mode': 'hide', 'sort_title': '!16_Critics Choice Awards 2018', 'url_poster': 'https://raw.githubusercontent.com/meisnate12/Plex-Meta-Manager-Images/master/award/choice/2018.jpg', 'collection_order': 'custom', 'sync_mode': 'sync', 'cache_builders': 1} |
[2022-11-16 20:30:02,430] [meta.py:516]               [DEBUG]    |                                                                                                    |
[2022-11-16 20:30:02,430] [builder.py:223]            [INFO]     |========================= Validating Critics Choice Awards 2018 Attributes =========================|
[2022-11-16 20:30:02,431] [builder.py:226]            [DEBUG]    |                                                                                                    |
[2022-11-16 20:30:02,431] [builder.py:227]            [DEBUG]    | Validating Method: name                                                                            |
[2022-11-16 20:30:02,431] [builder.py:230]            [DEBUG]    | Value: Critics Choice Awards 2018                                                                  |
[2022-11-16 20:30:02,431] [builder.py:502]            [DEBUG]    |                                                                                                    |
[2022-11-16 20:30:02,431] [builder.py:503]            [DEBUG]    | Validating Method: ignore_blank_results                                                            |
[2022-11-16 20:30:02,431] [builder.py:504]            [DEBUG]    | Value: True                                                                                        |
[2022-11-16 20:30:02,431] [builder.py:516]            [DEBUG]    |                                                                                                    |
[2022-11-16 20:30:02,431] [builder.py:517]            [DEBUG]    | Validating Method: sync_mode                                                                       |
[2022-11-16 20:30:02,431] [builder.py:521]            [DEBUG]    | Value: sync                                                                                        |
[2022-11-16 20:30:02,432] [builder.py:613]            [DEBUG]    |                                                                                                    |
[2022-11-16 20:30:02,432] [builder.py:614]            [DEBUG]    | Validating Method: collection_order                                                                |
[2022-11-16 20:30:02,432] [builder.py:615]            [DEBUG]    | Value: custom                                                                                      |
[2022-11-16 20:30:02,432] [builder.py:646]            [DEBUG]    |                                                                                                    |
[2022-11-16 20:30:02,432] [builder.py:650]            [DEBUG]    | Validating Method: label                                                                           |
[2022-11-16 20:30:02,432] [builder.py:651]            [DEBUG]    | Value: Critics Choice Awards                                                                       |
[2022-11-16 20:30:02,432] [builder.py:646]            [DEBUG]    |                                                                                                    |
[2022-11-16 20:30:02,432] [builder.py:650]            [DEBUG]    | Validating Method: trakt_list                                                                      |
[2022-11-16 20:30:02,433] [builder.py:651]            [DEBUG]    | Value: https://trakt.tv/users/pjcob/lists/2018-critics-choice                                      |
[2022-11-16 20:30:02,471] [builder.py:646]            [DEBUG]    |                                                                                                    |
[2022-11-16 20:30:02,471] [builder.py:650]            [DEBUG]    | Validating Method: summary                                                                         |
[2022-11-16 20:30:02,472] [builder.py:651]            [DEBUG]    | Value: 2018 Critics Choice Awards.                                                                 |
[2022-11-16 20:30:02,472] [builder.py:646]            [DEBUG]    |                                                                                                    |
[2022-11-16 20:30:02,472] [builder.py:650]            [DEBUG]    | Validating Method: collection_mode                                                                 |
[2022-11-16 20:30:02,472] [builder.py:651]            [DEBUG]    | Value: hide                                                                                        |
[2022-11-16 20:30:02,472] [builder.py:646]            [DEBUG]    |                                                                                                    |
[2022-11-16 20:30:02,472] [builder.py:650]            [DEBUG]    | Validating Method: sort_title                                                                      |
[2022-11-16 20:30:02,472] [builder.py:651]            [DEBUG]    | Value: !16_Critics Choice Awards 2018                                                              |
[2022-11-16 20:30:02,472] [builder.py:646]            [DEBUG]    |                                                                                                    |
[2022-11-16 20:30:02,472] [builder.py:650]            [DEBUG]    | Validating Method: url_poster                                                                      |
[2022-11-16 20:30:02,473] [builder.py:651]            [DEBUG]    | Value: https://raw.githubusercontent.com/meisnate12/Plex-Meta-Manager-Images/master/award/choice/2018.jpg |
[2022-11-16 20:30:02,602] [builder.py:646]            [DEBUG]    |                                                                                                    |
[2022-11-16 20:30:02,602] [builder.py:650]            [DEBUG]    | Validating Method: cache_builders                                                                  |
[2022-11-16 20:30:02,602] [builder.py:651]            [DEBUG]    | Value: 1                                                                                           |
[2022-11-16 20:30:02,608] [plex.py:835]               [DEBUG]    |                                                                                                    |
[2022-11-16 20:30:02,608] [plex.py:838]               [DEBUG]    | Looking for: Critics Choice Awards 2018                                                            |
[2022-11-16 20:30:02,608] [builder.py:814]            [INFO]     |                                                                                                    |
[2022-11-16 20:30:02,608] [builder.py:815]            [INFO]     | Validation Successful                                                                              |
[2022-11-16 20:30:02,608] [plex_meta_manager.py:594]  [INFO]     |                                                                                                    |
[2022-11-16 20:30:02,608] [plex_meta_manager.py:596]  [INFO]     |========================== Running Critics Choice Awards 2018 Collection ===========================|
[2022-11-16 20:30:02,609] [plex_meta_manager.py:608]  [INFO]     |                                                                                                    |
[2022-11-16 20:30:02,609] [plex_meta_manager.py:609]  [INFO]     | Sync Mode: sync                                                                                    |
[2022-11-16 20:30:02,609] [plex_meta_manager.py:612]  [DEBUG]    |                                                                                                    |
[2022-11-16 20:30:02,609] [plex_meta_manager.py:613]  [DEBUG]    | Builder: trakt_list: https://trakt.tv/users/pjcob/lists/2018-critics-choice                        |
[2022-11-16 20:30:02,609] [plex_meta_manager.py:614]  [INFO]     |                                                                                                    |
[2022-11-16 20:30:02,610] [builder.py:1523]           [INFO]     | Builder: trakt_list loaded from Cache                                                              |
[2022-11-16 20:30:02,611] [builder.py:1574]           [DEBUG]    |                                                                                                    |
[2022-11-16 20:30:02,612] [builder.py:1575]           [DEBUG]    | 12 IDs Found                                                                                       |
[2022-11-16 20:30:02,612] [builder.py:1577]           [DEBUG]    |                                                                                                    |
[2022-11-16 20:30:02,612] [builder.py:2158]           [INFO]     |                                                                                                    |
[2022-11-16 20:30:02,612] [builder.py:2159]           [INFO]     |========================= Adding to Critics Choice Awards 2018 Collection ==========================|
[2022-11-16 20:30:02,612] [builder.py:2160]           [INFO]     |                                                                                                    |
[2022-11-16 20:30:02,612] [builder.py:2174]           [INFO]     | 1/2 | Critics Choice Awards 2018 Collection | + | Despicable Me 3 (2017)                           |
[2022-11-16 20:30:02,755] [builder.py:2174]           [INFO]     | 2/2 | Critics Choice Awards 2018 Collection | + | The Lego Batman Movie (2017)                     |
[2022-11-16 20:30:05,953] [builder.py:2194]           [INFO]     |                                                                                                    |
[2022-11-16 20:30:05,953] [builder.py:2196]           [INFO]     | 2 Movies Processed 2 Movies Added                                                                  |
[2022-11-16 20:30:05,953] [builder.py:2306]           [INFO]     |                                                                                                    |
[2022-11-16 20:30:05,953] [builder.py:2307]           [INFO]     |============================= Missing Movies from Library: Kids Movies =============================|
[2022-11-16 20:30:05,954] [builder.py:2308]           [INFO]     |                                                                                                    |
[2022-11-16 20:30:06,070] [builder.py:2321]           [INFO]     | Critics Choice Awards 2018 Collection | ? | Stronger (2017) (TMDb: 395993)                         |
[2022-11-16 20:30:06,085] [builder.py:2321]           [INFO]     | Critics Choice Awards 2018 Collection | ? | Girls Trip (2017) (TMDb: 417870)                       |
[2022-11-16 20:30:06,101] [builder.py:2321]           [INFO]     | Critics Choice Awards 2018 Collection | ? | Thelma (2017) (TMDb: 401898)                           |
[2022-11-16 20:30:06,112] [builder.py:2321]           [INFO]     | Critics Choice Awards 2018 Collection | ? | The Meyerowitz Stories (New and Selected) (2017) (TMDb: 396398) |
[2022-11-16 20:30:06,130] [builder.py:2321]           [INFO]     | Critics Choice Awards 2018 Collection | ? | Wonder Woman (2017) (TMDb: 297762)                     |
[2022-11-16 20:30:06,141] [builder.py:2321]           [INFO]     | Critics Choice Awards 2018 Collection | ? | It (2017) (TMDb: 346364)                               |
[2022-11-16 20:30:06,155] [builder.py:2321]           [INFO]     | Critics Choice Awards 2018 Collection | ? | Murder on the Orient Express (2017) (TMDb: 392044)     |
[2022-11-16 20:30:06,166] [builder.py:2321]           [INFO]     | Critics Choice Awards 2018 Collection | ? | Thor: Ragnarok (2017) (TMDb: 284053)                   |
[2022-11-16 20:30:06,178] [builder.py:2321]           [INFO]     | Critics Choice Awards 2018 Collection | ? | Gifted (2017) (TMDb: 400928)                           |
[2022-11-16 20:30:06,189] [builder.py:2321]           [INFO]     | Critics Choice Awards 2018 Collection | ? | Wonderstruck (2017) (TMDb: 383709)                     |
[2022-11-16 20:30:06,189] [builder.py:2326]           [INFO]     |                                                                                                    |
[2022-11-16 20:30:06,189] [builder.py:2327]           [INFO]     | 10 Movies Missing                                                                                  |
[2022-11-16 20:30:10,095] [builder.py:2527]           [INFO]     |                                                                                                    |
[2022-11-16 20:30:10,095] [builder.py:2528]           [INFO]     |==================== Updating Details of Critics Choice Awards 2018 Collection =====================|
[2022-11-16 20:30:10,095] [builder.py:2529]           [INFO]     |                                                                                                    |
[2022-11-16 20:30:10,101] [builder.py:2595]           [INFO]     | Collection Metadata Edits                                                                          |
                                                                 | Summary (summary) | 2018 Critics Choice Awards.
                                                                 | Sort Title | !16_Critics Choice Awards 2018
                                                                 | Label | +Critics Choice Awards, +PMM
[2022-11-16 20:30:11,529] [builder.py:2599]           [INFO]     | Details: have been updated
[2022-11-16 20:30:11,529] [builder.py:2603]           [INFO]     | 
[2022-11-16 20:30:12,942] [builder.py:2615]           [INFO]     | Collection Mode | hide
[2022-11-16 20:30:14,505] [builder.py:2629]           [INFO]     | Collection Order | custom
[2022-11-16 20:30:14,513] [plex.py:1203]              [WARNING]  | Asset Warning: Asset Directory Not Found and Created: config/Kids_Movies/Assets/Critics Choice Awards 2018
[2022-11-16 20:30:14,514] [util.py:174]               [DEBUG]    | 1 poster found:
[2022-11-16 20:30:14,514] [util.py:176]               [DEBUG]    | Method: url_poster Poster: https://raw.githubusercontent.com/meisnate12/Plex-Meta-Manager-Images/master/award/choice/2018.jpg
[2022-11-16 20:30:14,729] [library.py:178]            [INFO]     | Detail: asset_directory updated Critics Choice Awards 2018's poster to [File] config/Kids_Movies/Assets/Critics Choice Awards 2018/poster.jpg
[2022-11-16 20:30:14,791] [builder.py:2686]           [INFO]     | 
[2022-11-16 20:30:14,791] [builder.py:2687]           [INFO]     |========================== Sorting Critics Choice Awards 2018 Collection ===========================|
[2022-11-16 20:30:14,791] [builder.py:2688]           [INFO]     |                                                                                                    |
[2022-11-16 20:30:14,791] [plex_meta_manager.py:736]  [INFO]     |                                                                                                    |
[2022-11-16 20:30:14,792] [plex_meta_manager.py:737]  [INFO]     |====================================================================================================|
[2022-11-16 20:30:14,792] [plex_meta_manager.py:737]  [INFO]     |                           Finished Critics Choice Awards 2018 Collection                           |
[2022-11-16 20:30:14,792] [plex_meta_manager.py:737]  [INFO]     |                                    Collection Run Time: 0:00:12                                    |
[2022-11-16 20:30:14,792] [plex_meta_manager.py:737]  [INFO]     |====================================================================================================|
