[2022-11-17 00:44:08,455] [builder.py:193]            [INFO]     |====================================================================================================|
[2022-11-17 00:44:08,455] [builder.py:193]            [INFO]     |                        Ralph Winter (Producer) Collection in Marvel Movies                         |
[2022-11-17 00:44:08,455] [builder.py:193]            [INFO]     |====================================================================================================|
[2022-11-17 00:44:08,456] [builder.py:194]            [INFO]     |                                                                                                    |
[2022-11-17 00:44:08,456] [builder.py:199]            [INFO]     |================================ Building Definition From Templates ================================|
[2022-11-17 00:44:08,456] [builder.py:215]            [DEBUG]    |                                                                                                    |
[2022-11-17 00:44:08,456] [meta.py:210]               [DEBUG]    |====================================== Template smart_filter =======================================|
[2022-11-17 00:44:08,457] [meta.py:451]               [DEBUG]    |                                                                                                    |
[2022-11-17 00:44:08,462] [meta.py:210]               [DEBUG]    |======================================= Template translation =======================================|
[2022-11-17 00:44:08,462] [meta.py:451]               [DEBUG]    |                                                                                                    |
[2022-11-17 00:44:08,465] [meta.py:210]               [DEBUG]    |========================================= Template shared ==========================================|
[2022-11-17 00:44:08,466] [meta.py:451]               [DEBUG]    |                                                                                                    |
[2022-11-17 00:44:08,477] [meta.py:512]               [DEBUG]    |                                                                                                    |
[2022-11-17 00:44:08,477] [meta.py:513]               [DEBUG]    |==================================== Final Template Attributes =====================================|
[2022-11-17 00:44:08,477] [meta.py:514]               [DEBUG]    |                                                                                                    |
[2022-11-17 00:44:08,477] [meta.py:515]               [DEBUG]    | {'tmdb_person': ['Ralph Winter'], 'smart_filter': {'sort_by': 'title.asc', 'any': {'producer': 'tmdb'}}, 'summary': 'Movies produced by Ralph Winter.', 'name': 'Ralph Winter (Producer)', 'ignore_blank_results': True, 'collection_mode': 'hide', 'sort_title': '!19_Ralph Winter (Producer)', 'url_poster': 'https://raw.githubusercontent.com/meisnate12/Plex-Meta-Manager-Images/master/people/rainier/Ralph%20Winter.jpg'} |
[2022-11-17 00:44:08,478] [meta.py:516]               [DEBUG]    |                                                                                                    |
[2022-11-17 00:44:08,478] [builder.py:223]            [INFO]     |========================== Validating Ralph Winter (Producer) Attributes ===========================|
[2022-11-17 00:44:08,478] [builder.py:226]            [DEBUG]    |                                                                                                    |
[2022-11-17 00:44:08,478] [builder.py:227]            [DEBUG]    | Validating Method: name                                                                            |
[2022-11-17 00:44:08,478] [builder.py:230]            [DEBUG]    | Value: Ralph Winter (Producer)                                                                     |
[2022-11-17 00:44:08,478] [builder.py:502]            [DEBUG]    |                                                                                                    |
[2022-11-17 00:44:08,478] [builder.py:503]            [DEBUG]    | Validating Method: ignore_blank_results                                                            |
[2022-11-17 00:44:08,478] [builder.py:504]            [DEBUG]    | Value: True                                                                                        |
[2022-11-17 00:44:08,479] [builder.py:528]            [DEBUG]    |                                                                                                    |
[2022-11-17 00:44:08,479] [builder.py:529]            [DEBUG]    | Validating Method: tmdb_person                                                                     |
[2022-11-17 00:44:08,479] [builder.py:533]            [DEBUG]    | Value: ['Ralph Winter']                                                                            |
[2022-11-17 00:44:08,545] [builder.py:1784]           [INFO]     |                                                                                                    |
[2022-11-17 00:44:08,545] [builder.py:1785]           [INFO]     | Validating Method: smart_filter                                                                    |
[2022-11-17 00:44:08,545] [builder.py:1791]           [DEBUG]    | Value: {'sort_by': 'title.asc', 'any': {'producer': 'tmdb'}}                                       |
[2022-11-17 00:44:08,573] [builder.py:1978]           [DEBUG]    | Smart URL: ?type=1&sort=titleSort&push=1&producer=46790&pop=1                                      |
[2022-11-17 00:44:08,573] [builder.py:646]            [DEBUG]    |                                                                                                    |
[2022-11-17 00:44:08,573] [builder.py:650]            [DEBUG]    | Validating Method: label                                                                           |
[2022-11-17 00:44:08,574] [builder.py:651]            [DEBUG]    | Value: Top Producers                                                                               |
[2022-11-17 00:44:08,574] [builder.py:646]            [DEBUG]    |                                                                                                    |
[2022-11-17 00:44:08,574] [builder.py:650]            [DEBUG]    | Validating Method: summary                                                                         |
[2022-11-17 00:44:08,574] [builder.py:651]            [DEBUG]    | Value: Movies produced by Ralph Winter.                                                            |
[2022-11-17 00:44:08,574] [builder.py:646]            [DEBUG]    |                                                                                                    |
[2022-11-17 00:44:08,574] [builder.py:650]            [DEBUG]    | Validating Method: collection_mode                                                                 |
[2022-11-17 00:44:08,574] [builder.py:651]            [DEBUG]    | Value: hide                                                                                        |
[2022-11-17 00:44:08,574] [builder.py:646]            [DEBUG]    |                                                                                                    |
[2022-11-17 00:44:08,575] [builder.py:650]            [DEBUG]    | Validating Method: sort_title                                                                      |
[2022-11-17 00:44:08,575] [builder.py:651]            [DEBUG]    | Value: !19_Ralph Winter (Producer)                                                                 |
[2022-11-17 00:44:08,575] [builder.py:646]            [DEBUG]    |                                                                                                    |
[2022-11-17 00:44:08,575] [builder.py:650]            [DEBUG]    | Validating Method: url_poster                                                                      |
[2022-11-17 00:44:08,575] [builder.py:651]            [DEBUG]    | Value: https://raw.githubusercontent.com/meisnate12/Plex-Meta-Manager-Images/master/people/rainier/Ralph%20Winter.jpg |
[2022-11-17 00:44:08,768] [plex.py:835]               [DEBUG]    |                                                                                                    |
[2022-11-17 00:44:08,769] [plex.py:838]               [DEBUG]    | Looking for: Ralph Winter (Producer)                                                               |
[2022-11-17 00:44:08,769] [builder.py:814]            [INFO]     |                                                                                                    |
[2022-11-17 00:44:08,769] [builder.py:815]            [INFO]     | Validation Successful                                                                              |
[2022-11-17 00:44:08,769] [plex_meta_manager.py:594]  [INFO]     |                                                                                                    |
[2022-11-17 00:44:08,769] [plex_meta_manager.py:596]  [INFO]     |============================ Running Ralph Winter (Producer) Collection ============================|
[2022-11-17 00:44:08,769] [plex_meta_manager.py:602]  [INFO]     |                                                                                                    |
[2022-11-17 00:44:08,769] [plex_meta_manager.py:603]  [INFO]     | Smart Movie Filter                                                                                 |
                                                                 | Sort By: ['title.asc']
                                                                 | Filter:
                                                                 |   Match any of the following:
                                                                 |     Producer is Ralph Winter
[2022-11-17 00:44:08,791] [builder.py:2509]           [DEBUG]    | Smart Collection Created: ?type=1&sort=titleSort&push=1&producer=46790&pop=1
[2022-11-17 00:44:08,796] [builder.py:2527]           [INFO]     | 
[2022-11-17 00:44:08,797] [builder.py:2528]           [INFO]     |====================== Updating Details of Ralph Winter (Producer) Collection ======================|
[2022-11-17 00:44:08,797] [builder.py:2529]           [INFO]     |                                                                                                    |
[2022-11-17 00:44:08,805] [builder.py:2595]           [INFO]     | Collection Metadata Edits                                                                          |
                                                                 | Summary (summary) | Movies produced by Ralph Winter.
                                                                 | Sort Title | !19_Ralph Winter (Producer)
                                                                 | Label | +Top Producers, +PMM
[2022-11-17 00:44:10,405] [builder.py:2599]           [INFO]     | Details: have been updated
[2022-11-17 00:44:10,405] [builder.py:2603]           [INFO]     | 
[2022-11-17 00:44:11,958] [builder.py:2615]           [INFO]     | Collection Mode | hide
[2022-11-17 00:44:11,963] [plex.py:1203]              [WARNING]  | Asset Warning: Asset Directory Not Found and Created: config/Marvel_Movies/Assets/Ralph Winter (Producer)
[2022-11-17 00:44:11,964] [util.py:174]               [DEBUG]    | 1 poster found:
[2022-11-17 00:44:11,964] [util.py:176]               [DEBUG]    | Method: url_poster Poster: https://raw.githubusercontent.com/meisnate12/Plex-Meta-Manager-Images/master/people/rainier/Ralph%20Winter.jpg
[2022-11-17 00:44:12,111] [library.py:178]            [INFO]     | Detail: asset_directory updated Ralph Winter (Producer)'s poster to [File] config/Marvel_Movies/Assets/Ralph Winter (Producer)/poster.jpg
[2022-11-17 00:44:12,175] [plex_meta_manager.py:736]  [INFO]     | 
[2022-11-17 00:44:12,175] [plex_meta_manager.py:737]  [INFO]     |====================================================================================================|
[2022-11-17 00:44:12,175] [plex_meta_manager.py:737]  [INFO]     |                            Finished Ralph Winter (Producer) Collection                             |
[2022-11-17 00:44:12,175] [plex_meta_manager.py:737]  [INFO]     |                                    Collection Run Time: 0:00:03                                    |
[2022-11-17 00:44:12,176] [plex_meta_manager.py:737]  [INFO]     |====================================================================================================|
