[2022-11-20 17:03:47,622] [builder.py:193]            [INFO]     |====================================================================================================|
[2022-11-20 17:03:47,622] [builder.py:193]            [INFO]     |                       Harvey Kahn (Producer) Collection in Christmas Movies                        |
[2022-11-20 17:03:47,622] [builder.py:193]            [INFO]     |====================================================================================================|
[2022-11-20 17:03:47,622] [builder.py:194]            [INFO]     |                                                                                                    |
[2022-11-20 17:03:47,622] [builder.py:199]            [INFO]     |================================ Building Definition From Templates ================================|
[2022-11-20 17:03:47,623] [builder.py:215]            [DEBUG]    |                                                                                                    |
[2022-11-20 17:03:47,623] [meta.py:210]               [DEBUG]    |====================================== Template smart_filter =======================================|
[2022-11-20 17:03:47,624] [meta.py:451]               [DEBUG]    |                                                                                                    |
[2022-11-20 17:03:47,632] [meta.py:210]               [DEBUG]    |======================================= Template translation =======================================|
[2022-11-20 17:03:47,637] [meta.py:451]               [DEBUG]    |                                                                                                    |
[2022-11-20 17:03:47,641] [meta.py:210]               [DEBUG]    |========================================= Template shared ==========================================|
[2022-11-20 17:03:47,644] [meta.py:451]               [DEBUG]    |                                                                                                    |
[2022-11-20 17:03:47,672] [meta.py:512]               [DEBUG]    |                                                                                                    |
[2022-11-20 17:03:47,673] [meta.py:513]               [DEBUG]    |==================================== Final Template Attributes =====================================|
[2022-11-20 17:03:47,673] [meta.py:514]               [DEBUG]    |                                                                                                    |
[2022-11-20 17:03:47,673] [meta.py:515]               [DEBUG]    | {'tmdb_person': ['Harvey Kahn'], 'smart_filter': {'sort_by': 'title.asc', 'any': {'producer': 'tmdb'}}, 'summary': 'Movies produced by Harvey Kahn.', 'name': 'Harvey Kahn (Producer)', 'ignore_blank_results': True, 'collection_mode': 'hide', 'sort_title': '!19_Harvey Kahn (Producer)', 'url_poster': 'https://raw.githubusercontent.com/meisnate12/Plex-Meta-Manager-Images/master/people/rainier/Harvey%20Kahn.jpg'} |
[2022-11-20 17:03:47,673] [meta.py:516]               [DEBUG]    |                                                                                                    |
[2022-11-20 17:03:47,673] [builder.py:223]            [INFO]     |=========================== Validating Harvey Kahn (Producer) Attributes ===========================|
[2022-11-20 17:03:47,673] [builder.py:226]            [DEBUG]    |                                                                                                    |
[2022-11-20 17:03:47,674] [builder.py:227]            [DEBUG]    | Validating Method: name                                                                            |
[2022-11-20 17:03:47,674] [builder.py:230]            [DEBUG]    | Value: Harvey Kahn (Producer)                                                                      |
[2022-11-20 17:03:47,674] [builder.py:502]            [DEBUG]    |                                                                                                    |
[2022-11-20 17:03:47,674] [builder.py:503]            [DEBUG]    | Validating Method: ignore_blank_results                                                            |
[2022-11-20 17:03:47,674] [builder.py:504]            [DEBUG]    | Value: True                                                                                        |
[2022-11-20 17:03:47,674] [builder.py:528]            [DEBUG]    |                                                                                                    |
[2022-11-20 17:03:47,675] [builder.py:529]            [DEBUG]    | Validating Method: tmdb_person                                                                     |
[2022-11-20 17:03:47,675] [builder.py:533]            [DEBUG]    | Value: ['Harvey Kahn']                                                                             |
[2022-11-20 17:03:47,803] [builder.py:1784]           [INFO]     |                                                                                                    |
[2022-11-20 17:03:47,806] [builder.py:1785]           [INFO]     | Validating Method: smart_filter                                                                    |
[2022-11-20 17:03:47,807] [builder.py:1791]           [DEBUG]    | Value: {'sort_by': 'title.asc', 'any': {'producer': 'tmdb'}}                                       |
[2022-11-20 17:03:48,413] [builder.py:1978]           [DEBUG]    | Smart URL: ?type=1&sort=titleSort&push=1&producer=1254&pop=1                                       |
[2022-11-20 17:03:48,413] [builder.py:646]            [DEBUG]    |                                                                                                    |
[2022-11-20 17:03:48,414] [builder.py:650]            [DEBUG]    | Validating Method: label                                                                           |
[2022-11-20 17:03:48,415] [builder.py:651]            [DEBUG]    | Value: Top Producers                                                                               |
[2022-11-20 17:03:48,415] [builder.py:646]            [DEBUG]    |                                                                                                    |
[2022-11-20 17:03:48,416] [builder.py:650]            [DEBUG]    | Validating Method: summary                                                                         |
[2022-11-20 17:03:48,416] [builder.py:651]            [DEBUG]    | Value: Movies produced by Harvey Kahn.                                                             |
[2022-11-20 17:03:48,417] [builder.py:646]            [DEBUG]    |                                                                                                    |
[2022-11-20 17:03:48,418] [builder.py:650]            [DEBUG]    | Validating Method: collection_mode                                                                 |
[2022-11-20 17:03:48,419] [builder.py:651]            [DEBUG]    | Value: hide                                                                                        |
[2022-11-20 17:03:48,419] [builder.py:646]            [DEBUG]    |                                                                                                    |
[2022-11-20 17:03:48,420] [builder.py:650]            [DEBUG]    | Validating Method: sort_title                                                                      |
[2022-11-20 17:03:48,421] [builder.py:651]            [DEBUG]    | Value: !19_Harvey Kahn (Producer)                                                                  |
[2022-11-20 17:03:48,421] [builder.py:646]            [DEBUG]    |                                                                                                    |
[2022-11-20 17:03:48,422] [builder.py:650]            [DEBUG]    | Validating Method: url_poster                                                                      |
[2022-11-20 17:03:48,422] [builder.py:651]            [DEBUG]    | Value: https://raw.githubusercontent.com/meisnate12/Plex-Meta-Manager-Images/master/people/rainier/Harvey%20Kahn.jpg |
[2022-11-20 17:03:48,522] [builder.py:845]            [WARNING]  | Collection Warning: No Poster Found at https://raw.githubusercontent.com/meisnate12/Plex-Meta-Manager-Images/master/people/rainier/Harvey%20Kahn.jpg |
[2022-11-20 17:03:48,854] [builder.py:814]            [INFO]     |                                                                                                    |
[2022-11-20 17:03:48,854] [builder.py:815]            [INFO]     | Validation Successful                                                                              |
[2022-11-20 17:03:48,855] [plex_meta_manager.py:594]  [INFO]     |                                                                                                    |
[2022-11-20 17:03:48,858] [plex_meta_manager.py:596]  [INFO]     |============================ Running Harvey Kahn (Producer) Collection =============================|
[2022-11-20 17:03:48,859] [plex_meta_manager.py:602]  [INFO]     |                                                                                                    |
[2022-11-20 17:03:48,859] [plex_meta_manager.py:603]  [INFO]     | Smart Movie Filter                                                                                 |
                                                                 | Sort By: ['title.asc']
                                                                 | Filter:
                                                                 |   Match any of the following:
                                                                 |     Producer is Harvey Kahn
[2022-11-20 17:03:49,062] [builder.py:2527]           [INFO]     | 
[2022-11-20 17:03:49,062] [builder.py:2528]           [INFO]     |====================== Updating Details of Harvey Kahn (Producer) Collection =======================|
[2022-11-20 17:03:49,062] [builder.py:2529]           [INFO]     |                                                                                                    |
[2022-11-20 17:03:49,150] [builder.py:2595]           [INFO]     | Collection Metadata Edits                                                                          |
[2022-11-20 17:03:49,151] [util.py:174]               [DEBUG]    | 1 poster found:                                                                                    |
[2022-11-20 17:03:49,151] [util.py:176]               [DEBUG]    | Method: tmdb_person Poster: https://image.tmdb.org/t/p/original/ubVjGFqrhZ3ksVgIDhNBQXgrGq6.jpg    |
[2022-11-20 17:03:49,152] [library.py:180]            [INFO]     | Detail: poster update not needed                                                                   |
[2022-11-20 17:03:49,437] [plex_meta_manager.py:736]  [INFO]     |                                                                                                    |
[2022-11-20 17:03:49,438] [plex_meta_manager.py:737]  [INFO]     |====================================================================================================|
[2022-11-20 17:03:49,438] [plex_meta_manager.py:737]  [INFO]     |                             Finished Harvey Kahn (Producer) Collection                             |
[2022-11-20 17:03:49,438] [plex_meta_manager.py:737]  [INFO]     |                                    Collection Run Time: 0:00:01                                    |
[2022-11-20 17:03:49,438] [plex_meta_manager.py:737]  [INFO]     |====================================================================================================|
