[2022-11-17 00:45:48,086] [builder.py:193]            [INFO]     |====================================================================================================|
[2022-11-17 00:45:48,086] [builder.py:193]            [INFO]     |                          Rhett Reese (Writer) Collection in Marvel Movies                          |
[2022-11-17 00:45:48,086] [builder.py:193]            [INFO]     |====================================================================================================|
[2022-11-17 00:45:48,086] [builder.py:194]            [INFO]     |                                                                                                    |
[2022-11-17 00:45:48,086] [builder.py:199]            [INFO]     |================================ Building Definition From Templates ================================|
[2022-11-17 00:45:48,087] [builder.py:215]            [DEBUG]    |                                                                                                    |
[2022-11-17 00:45:48,087] [meta.py:210]               [DEBUG]    |====================================== Template smart_filter =======================================|
[2022-11-17 00:45:48,087] [meta.py:451]               [DEBUG]    |                                                                                                    |
[2022-11-17 00:45:48,096] [meta.py:210]               [DEBUG]    |======================================= Template translation =======================================|
[2022-11-17 00:45:48,097] [meta.py:451]               [DEBUG]    |                                                                                                    |
[2022-11-17 00:45:48,099] [meta.py:210]               [DEBUG]    |========================================= Template shared ==========================================|
[2022-11-17 00:45:48,100] [meta.py:451]               [DEBUG]    |                                                                                                    |
[2022-11-17 00:45:48,111] [meta.py:512]               [DEBUG]    |                                                                                                    |
[2022-11-17 00:45:48,111] [meta.py:513]               [DEBUG]    |==================================== Final Template Attributes =====================================|
[2022-11-17 00:45:48,111] [meta.py:514]               [DEBUG]    |                                                                                                    |
[2022-11-17 00:45:48,112] [meta.py:515]               [DEBUG]    | {'tmdb_person': ['Rhett Reese'], 'smart_filter': {'sort_by': 'title.asc', 'any': {'writer': 'tmdb'}}, 'summary': 'Movies written by Rhett Reese.', 'name': 'Rhett Reese (Writer)', 'ignore_blank_results': True, 'collection_mode': 'hide', 'sort_title': '!20_Rhett Reese (Writer)', 'url_poster': 'https://raw.githubusercontent.com/meisnate12/Plex-Meta-Manager-Images/master/people/rainier/Rhett%20Reese.jpg'} |
[2022-11-17 00:45:48,112] [meta.py:516]               [DEBUG]    |                                                                                                    |
[2022-11-17 00:45:48,112] [builder.py:223]            [INFO]     |============================ Validating Rhett Reese (Writer) Attributes ============================|
[2022-11-17 00:45:48,112] [builder.py:226]            [DEBUG]    |                                                                                                    |
[2022-11-17 00:45:48,112] [builder.py:227]            [DEBUG]    | Validating Method: name                                                                            |
[2022-11-17 00:45:48,112] [builder.py:230]            [DEBUG]    | Value: Rhett Reese (Writer)                                                                        |
[2022-11-17 00:45:48,112] [builder.py:502]            [DEBUG]    |                                                                                                    |
[2022-11-17 00:45:48,112] [builder.py:503]            [DEBUG]    | Validating Method: ignore_blank_results                                                            |
[2022-11-17 00:45:48,112] [builder.py:504]            [DEBUG]    | Value: True                                                                                        |
[2022-11-17 00:45:48,113] [builder.py:528]            [DEBUG]    |                                                                                                    |
[2022-11-17 00:45:48,113] [builder.py:529]            [DEBUG]    | Validating Method: tmdb_person                                                                     |
[2022-11-17 00:45:48,113] [builder.py:533]            [DEBUG]    | Value: ['Rhett Reese']                                                                             |
[2022-11-17 00:45:48,324] [builder.py:1784]           [INFO]     |                                                                                                    |
[2022-11-17 00:45:48,324] [builder.py:1785]           [INFO]     | Validating Method: smart_filter                                                                    |
[2022-11-17 00:45:48,324] [builder.py:1791]           [DEBUG]    | Value: {'sort_by': 'title.asc', 'any': {'writer': 'tmdb'}}                                         |
[2022-11-17 00:45:48,377] [builder.py:1978]           [DEBUG]    | Smart URL: ?type=1&sort=titleSort&push=1&writer=33432&pop=1                                        |
[2022-11-17 00:45:48,377] [builder.py:646]            [DEBUG]    |                                                                                                    |
[2022-11-17 00:45:48,377] [builder.py:650]            [DEBUG]    | Validating Method: label                                                                           |
[2022-11-17 00:45:48,377] [builder.py:651]            [DEBUG]    | Value: Top Writers                                                                                 |
[2022-11-17 00:45:48,378] [builder.py:646]            [DEBUG]    |                                                                                                    |
[2022-11-17 00:45:48,378] [builder.py:650]            [DEBUG]    | Validating Method: summary                                                                         |
[2022-11-17 00:45:48,378] [builder.py:651]            [DEBUG]    | Value: Movies written by Rhett Reese.                                                              |
[2022-11-17 00:45:48,378] [builder.py:646]            [DEBUG]    |                                                                                                    |
[2022-11-17 00:45:48,378] [builder.py:650]            [DEBUG]    | Validating Method: collection_mode                                                                 |
[2022-11-17 00:45:48,378] [builder.py:651]            [DEBUG]    | Value: hide                                                                                        |
[2022-11-17 00:45:48,378] [builder.py:646]            [DEBUG]    |                                                                                                    |
[2022-11-17 00:45:48,378] [builder.py:650]            [DEBUG]    | Validating Method: sort_title                                                                      |
[2022-11-17 00:45:48,378] [builder.py:651]            [DEBUG]    | Value: !20_Rhett Reese (Writer)                                                                    |
[2022-11-17 00:45:48,379] [builder.py:646]            [DEBUG]    |                                                                                                    |
[2022-11-17 00:45:48,379] [builder.py:650]            [DEBUG]    | Validating Method: url_poster                                                                      |
[2022-11-17 00:45:48,379] [builder.py:651]            [DEBUG]    | Value: https://raw.githubusercontent.com/meisnate12/Plex-Meta-Manager-Images/master/people/rainier/Rhett%20Reese.jpg |
[2022-11-17 00:45:48,579] [plex.py:835]               [DEBUG]    |                                                                                                    |
[2022-11-17 00:45:48,579] [plex.py:838]               [DEBUG]    | Looking for: Rhett Reese (Writer)                                                                  |
[2022-11-17 00:45:48,579] [builder.py:814]            [INFO]     |                                                                                                    |
[2022-11-17 00:45:48,580] [builder.py:815]            [INFO]     | Validation Successful                                                                              |
[2022-11-17 00:45:48,580] [plex_meta_manager.py:594]  [INFO]     |                                                                                                    |
[2022-11-17 00:45:48,580] [plex_meta_manager.py:596]  [INFO]     |============================= Running Rhett Reese (Writer) Collection ==============================|
[2022-11-17 00:45:48,580] [plex_meta_manager.py:602]  [INFO]     |                                                                                                    |
[2022-11-17 00:45:48,580] [plex_meta_manager.py:603]  [INFO]     | Smart Movie Filter                                                                                 |
                                                                 | Sort By: ['title.asc']
                                                                 | Filter:
                                                                 |   Match any of the following:
                                                                 |     Writer is Rhett Reese
[2022-11-17 00:45:48,603] [builder.py:2509]           [DEBUG]    | Smart Collection Created: ?type=1&sort=titleSort&push=1&writer=33432&pop=1
[2022-11-17 00:45:48,608] [builder.py:2527]           [INFO]     | 
[2022-11-17 00:45:48,608] [builder.py:2528]           [INFO]     |======================= Updating Details of Rhett Reese (Writer) Collection ========================|
[2022-11-17 00:45:48,608] [builder.py:2529]           [INFO]     |                                                                                                    |
[2022-11-17 00:45:48,615] [builder.py:2595]           [INFO]     | Collection Metadata Edits                                                                          |
                                                                 | Summary (summary) | Movies written by Rhett Reese.
                                                                 | Sort Title | !20_Rhett Reese (Writer)
                                                                 | Label | +Top Writers, +PMM
[2022-11-17 00:45:50,144] [builder.py:2599]           [INFO]     | Details: have been updated
[2022-11-17 00:45:50,144] [builder.py:2603]           [INFO]     | 
[2022-11-17 00:45:51,686] [builder.py:2615]           [INFO]     | Collection Mode | hide
[2022-11-17 00:45:51,691] [plex.py:1203]              [WARNING]  | Asset Warning: Asset Directory Not Found and Created: config/Marvel_Movies/Assets/Rhett Reese (Writer)
[2022-11-17 00:45:51,691] [util.py:174]               [DEBUG]    | 2 posters found:
[2022-11-17 00:45:51,691] [util.py:176]               [DEBUG]    | Method: tmdb_person Poster: https://image.tmdb.org/t/p/original/8QjgT3ffjzSTfih5C0LpFEea5Ps.jpg
[2022-11-17 00:45:51,692] [util.py:176]               [DEBUG]    | Method: url_poster Poster: https://raw.githubusercontent.com/meisnate12/Plex-Meta-Manager-Images/master/people/rainier/Rhett%20Reese.jpg
[2022-11-17 00:45:52,019] [library.py:178]            [INFO]     | Detail: asset_directory updated Rhett Reese (Writer)'s poster to [File] config/Marvel_Movies/Assets/Rhett Reese (Writer)/poster.jpg
[2022-11-17 00:45:52,066] [plex_meta_manager.py:736]  [INFO]     | 
[2022-11-17 00:45:52,066] [plex_meta_manager.py:737]  [INFO]     |====================================================================================================|
[2022-11-17 00:45:52,066] [plex_meta_manager.py:737]  [INFO]     |                              Finished Rhett Reese (Writer) Collection                              |
[2022-11-17 00:45:52,066] [plex_meta_manager.py:737]  [INFO]     |                                    Collection Run Time: 0:00:03                                    |
[2022-11-17 00:45:52,066] [plex_meta_manager.py:737]  [INFO]     |====================================================================================================|
