[2022-11-16 20:44:26,109] [builder.py:193]            [INFO]     |====================================================================================================|
[2022-11-16 20:44:26,109] [builder.py:193]            [INFO]     |                            Chart Collections Collection in Kids Movies                             |
[2022-11-16 20:44:26,109] [builder.py:193]            [INFO]     |====================================================================================================|
[2022-11-16 20:44:26,109] [builder.py:194]            [INFO]     |                                                                                                    |
[2022-11-16 20:44:26,109] [builder.py:199]            [INFO]     |================================ Building Definition From Templates ================================|
[2022-11-16 20:44:26,109] [builder.py:215]            [DEBUG]    |                                                                                                    |
[2022-11-16 20:44:26,110] [meta.py:210]               [DEBUG]    |======================================== Template separator ========================================|
[2022-11-16 20:44:26,110] [meta.py:336]               [DEBUG]    |                                                                                                    |
[2022-11-16 20:44:26,110] [meta.py:337]               [DEBUG]    | Conditional: use_blank                                                                             |
[2022-11-16 20:44:26,110] [meta.py:365]               [DEBUG]    | Condition 1 Failed: placeholder_tmdb_movie.exists: true does not exist                             |
[2022-11-16 20:44:26,111] [meta.py:365]               [DEBUG]    | Condition 2 Failed: placeholder_tvdb_show.exists: true does not exist                              |
[2022-11-16 20:44:26,111] [meta.py:365]               [DEBUG]    | Condition 3 Failed: placeholder_imdb_id.exists: true does not exist                                |
[2022-11-16 20:44:26,111] [meta.py:402]               [DEBUG]    | Conditional Variable: use_blank defaults to "True"                                                 |
[2022-11-16 20:44:26,111] [meta.py:451]               [DEBUG]    |                                                                                                    |
[2022-11-16 20:44:26,118] [meta.py:210]               [DEBUG]    |======================================= Template translation =======================================|
[2022-11-16 20:44:26,119] [meta.py:451]               [DEBUG]    |                                                                                                    |
[2022-11-16 20:44:26,121] [meta.py:512]               [DEBUG]    |                                                                                                    |
[2022-11-16 20:44:26,121] [meta.py:513]               [DEBUG]    |==================================== Final Template Attributes =====================================|
[2022-11-16 20:44:26,122] [meta.py:514]               [DEBUG]    |                                                                                                    |
[2022-11-16 20:44:26,122] [meta.py:515]               [DEBUG]    | {'collection_mode': 'hide', 'sort_title': '!01_!Chart Collections', 'blank_collection': True, 'url_poster': 'https://raw.githubusercontent.com/meisnate12/Plex-Meta-Manager-Images/master/separators/gray/chart.jpg', 'summary': 'Section separator for Chart Collections.', 'name': 'Chart Collections'} |
[2022-11-16 20:44:26,122] [meta.py:516]               [DEBUG]    |                                                                                                    |
[2022-11-16 20:44:26,122] [builder.py:223]            [INFO]     |============================= Validating Chart Collections Attributes ==============================|
[2022-11-16 20:44:26,122] [builder.py:226]            [DEBUG]    |                                                                                                    |
[2022-11-16 20:44:26,122] [builder.py:227]            [DEBUG]    | Validating Method: name                                                                            |
[2022-11-16 20:44:26,122] [builder.py:230]            [DEBUG]    | Value: Chart Collections                                                                           |
[2022-11-16 20:44:26,122] [builder.py:509]            [DEBUG]    |                                                                                                    |
[2022-11-16 20:44:26,123] [builder.py:510]            [DEBUG]    | Validating Method: blank_collection                                                                |
[2022-11-16 20:44:26,123] [builder.py:511]            [DEBUG]    | Value: True                                                                                        |
[2022-11-16 20:44:26,123] [builder.py:646]            [DEBUG]    |                                                                                                    |
[2022-11-16 20:44:26,123] [builder.py:650]            [DEBUG]    | Validating Method: collection_mode                                                                 |
[2022-11-16 20:44:26,123] [builder.py:651]            [DEBUG]    | Value: hide                                                                                        |
[2022-11-16 20:44:26,123] [builder.py:646]            [DEBUG]    |                                                                                                    |
[2022-11-16 20:44:26,123] [builder.py:650]            [DEBUG]    | Validating Method: sort_title                                                                      |
[2022-11-16 20:44:26,124] [builder.py:651]            [DEBUG]    | Value: !01_!Chart Collections                                                                      |
[2022-11-16 20:44:26,124] [builder.py:646]            [DEBUG]    |                                                                                                    |
[2022-11-16 20:44:26,124] [builder.py:650]            [DEBUG]    | Validating Method: url_poster                                                                      |
[2022-11-16 20:44:26,124] [builder.py:651]            [DEBUG]    | Value: https://raw.githubusercontent.com/meisnate12/Plex-Meta-Manager-Images/master/separators/gray/chart.jpg |
[2022-11-16 20:44:26,249] [builder.py:646]            [DEBUG]    |                                                                                                    |
[2022-11-16 20:44:26,249] [builder.py:650]            [DEBUG]    | Validating Method: summary                                                                         |
[2022-11-16 20:44:26,249] [builder.py:651]            [DEBUG]    | Value: Section separator for Chart Collections.                                                    |
[2022-11-16 20:44:26,255] [plex.py:835]               [DEBUG]    |                                                                                                    |
[2022-11-16 20:44:26,256] [plex.py:838]               [DEBUG]    | Looking for: Chart Collections                                                                     |
[2022-11-16 20:44:26,256] [builder.py:814]            [INFO]     |                                                                                                    |
[2022-11-16 20:44:26,256] [builder.py:815]            [INFO]     | Validation Successful                                                                              |
[2022-11-16 20:44:26,256] [plex_meta_manager.py:594]  [INFO]     |                                                                                                    |
[2022-11-16 20:44:26,256] [plex_meta_manager.py:596]  [INFO]     |=============================== Running Chart Collections Collection ===============================|
[2022-11-16 20:44:26,271] [builder.py:2527]           [INFO]     |                                                                                                    |
[2022-11-16 20:44:26,271] [builder.py:2528]           [INFO]     |========================= Updating Details of Chart Collections Collection =========================|
[2022-11-16 20:44:26,271] [builder.py:2529]           [INFO]     |                                                                                                    |
[2022-11-16 20:44:26,279] [builder.py:2595]           [INFO]     | Collection Metadata Edits                                                                          |
                                                                 | Summary (summary) | Section separator for Chart Collections.
                                                                 | Sort Title | !01_!Chart Collections
                                                                 | Label | +PMM
[2022-11-16 20:44:28,110] [builder.py:2599]           [INFO]     | Details: have been updated
[2022-11-16 20:44:28,110] [builder.py:2603]           [INFO]     | 
[2022-11-16 20:44:29,427] [builder.py:2611]           [INFO]     | Collection Mode | hide
[2022-11-16 20:44:30,700] [builder.py:2613]           [INFO]     | Collection Mode | default
[2022-11-16 20:44:32,248] [builder.py:2615]           [INFO]     | Collection Mode | hide
[2022-11-16 20:44:32,257] [plex.py:1203]              [WARNING]  | Asset Warning: Asset Directory Not Found and Created: config/Kids_Movies/Assets/Chart Collections
[2022-11-16 20:44:32,257] [util.py:174]               [DEBUG]    | 1 poster found:
[2022-11-16 20:44:32,257] [util.py:176]               [DEBUG]    | Method: url_poster Poster: https://raw.githubusercontent.com/meisnate12/Plex-Meta-Manager-Images/master/separators/gray/chart.jpg
[2022-11-16 20:44:32,371] [library.py:178]            [INFO]     | Detail: asset_directory updated Chart Collections's poster to [File] config/Kids_Movies/Assets/Chart Collections/poster.jpg
[2022-11-16 20:44:32,408] [plex_meta_manager.py:736]  [INFO]     | 
[2022-11-16 20:44:32,408] [plex_meta_manager.py:737]  [INFO]     |====================================================================================================|
[2022-11-16 20:44:32,408] [plex_meta_manager.py:737]  [INFO]     |                               Finished Chart Collections Collection                                |
[2022-11-16 20:44:32,409] [plex_meta_manager.py:737]  [INFO]     |                                    Collection Run Time: 0:00:06                                    |
[2022-11-16 20:44:32,409] [plex_meta_manager.py:737]  [INFO]     |====================================================================================================|
