[2022-11-16 20:38:45,358] [builder.py:193]            [INFO]     |====================================================================================================|
[2022-11-16 20:38:45,358] [builder.py:193]            [INFO]     |                      Independent Spirit Awards 2018 Collection in Kids Movies                      |
[2022-11-16 20:38:45,359] [builder.py:193]            [INFO]     |====================================================================================================|
[2022-11-16 20:38:45,359] [builder.py:194]            [INFO]     |                                                                                                    |
[2022-11-16 20:38:45,359] [builder.py:199]            [INFO]     |================================ Building Definition From Templates ================================|
[2022-11-16 20:38:45,359] [builder.py:215]            [DEBUG]    |                                                                                                    |
[2022-11-16 20:38:45,359] [meta.py:210]               [DEBUG]    |================================== Template use_year_collections ===================================|
[2022-11-16 20:38:45,360] [meta.py:451]               [DEBUG]    |                                                                                                    |
[2022-11-16 20:38:45,360] [meta.py:210]               [DEBUG]    |========================================== Template trakt ==========================================|
[2022-11-16 20:38:45,361] [meta.py:451]               [DEBUG]    |                                                                                                    |
[2022-11-16 20:38:45,363] [meta.py:210]               [DEBUG]    |======================================= Template translation =======================================|
[2022-11-16 20:38:45,363] [meta.py:451]               [DEBUG]    |                                                                                                    |
[2022-11-16 20:38:45,366] [meta.py:210]               [DEBUG]    |========================================= Template shared ==========================================|
[2022-11-16 20:38:45,367] [meta.py:451]               [DEBUG]    |                                                                                                    |
[2022-11-16 20:38:45,370] [meta.py:506]               [INFO]     |                                                                                                    |
[2022-11-16 20:38:45,370] [meta.py:507]               [WARNING]  | Template Warning: template attribute: trakt_list from shared skipped                               |
[2022-11-16 20:38:45,378] [meta.py:210]               [DEBUG]    |=========================================== Template arr ===========================================|
[2022-11-16 20:38:45,379] [meta.py:451]               [DEBUG]    |                                                                                                    |
[2022-11-16 20:38:45,384] [meta.py:210]               [DEBUG]    |========================================= Template custom ==========================================|
[2022-11-16 20:38:45,385] [meta.py:451]               [DEBUG]    |                                                                                                    |
[2022-11-16 20:38:45,388] [meta.py:512]               [DEBUG]    |                                                                                                    |
[2022-11-16 20:38:45,388] [meta.py:513]               [DEBUG]    |==================================== Final Template Attributes =====================================|
[2022-11-16 20:38:45,388] [meta.py:514]               [DEBUG]    |                                                                                                    |
[2022-11-16 20:38:45,388] [meta.py:515]               [DEBUG]    | {'trakt_list': 'https://trakt.tv/users/pjcob/lists/2018-independent-spirits', 'summary': '2018 Independent Spirit Awards.', 'name': 'Independent Spirit Awards 2018', 'allowed_library_types': ['movie'], 'ignore_blank_results': True, 'collection_mode': 'hide', 'sort_title': '!16_Independent Spirit Awards 2018', 'url_poster': 'https://raw.githubusercontent.com/meisnate12/Plex-Meta-Manager-Images/master/award/spirit/2018.jpg', 'collection_order': 'custom', 'sync_mode': 'sync', 'cache_builders': 1} |
[2022-11-16 20:38:45,388] [meta.py:516]               [DEBUG]    |                                                                                                    |
[2022-11-16 20:38:45,389] [builder.py:223]            [INFO]     |======================= Validating Independent Spirit Awards 2018 Attributes =======================|
[2022-11-16 20:38:45,389] [builder.py:226]            [DEBUG]    |                                                                                                    |
[2022-11-16 20:38:45,389] [builder.py:227]            [DEBUG]    | Validating Method: name                                                                            |
[2022-11-16 20:38:45,389] [builder.py:230]            [DEBUG]    | Value: Independent Spirit Awards 2018                                                              |
[2022-11-16 20:38:45,389] [builder.py:236]            [DEBUG]    |                                                                                                    |
[2022-11-16 20:38:45,389] [builder.py:237]            [DEBUG]    | Validating Method: allowed_library_types                                                           |
[2022-11-16 20:38:45,389] [builder.py:240]            [DEBUG]    | Value: ['movie']                                                                                   |
[2022-11-16 20:38:45,389] [builder.py:502]            [DEBUG]    |                                                                                                    |
[2022-11-16 20:38:45,389] [builder.py:503]            [DEBUG]    | Validating Method: ignore_blank_results                                                            |
[2022-11-16 20:38:45,389] [builder.py:504]            [DEBUG]    | Value: True                                                                                        |
[2022-11-16 20:38:45,389] [builder.py:516]            [DEBUG]    |                                                                                                    |
[2022-11-16 20:38:45,389] [builder.py:517]            [DEBUG]    | Validating Method: sync_mode                                                                       |
[2022-11-16 20:38:45,390] [builder.py:521]            [DEBUG]    | Value: sync                                                                                        |
[2022-11-16 20:38:45,390] [builder.py:613]            [DEBUG]    |                                                                                                    |
[2022-11-16 20:38:45,390] [builder.py:614]            [DEBUG]    | Validating Method: collection_order                                                                |
[2022-11-16 20:38:45,390] [builder.py:615]            [DEBUG]    | Value: custom                                                                                      |
[2022-11-16 20:38:45,390] [builder.py:646]            [DEBUG]    |                                                                                                    |
[2022-11-16 20:38:45,390] [builder.py:650]            [DEBUG]    | Validating Method: label                                                                           |
[2022-11-16 20:38:45,390] [builder.py:651]            [DEBUG]    | Value: Independent Spirit Awards Awards                                                            |
[2022-11-16 20:38:45,390] [builder.py:646]            [DEBUG]    |                                                                                                    |
[2022-11-16 20:38:45,390] [builder.py:650]            [DEBUG]    | Validating Method: trakt_list                                                                      |
[2022-11-16 20:38:45,390] [builder.py:651]            [DEBUG]    | Value: https://trakt.tv/users/pjcob/lists/2018-independent-spirits                                 |
[2022-11-16 20:38:45,432] [builder.py:646]            [DEBUG]    |                                                                                                    |
[2022-11-16 20:38:45,432] [builder.py:650]            [DEBUG]    | Validating Method: summary                                                                         |
[2022-11-16 20:38:45,432] [builder.py:651]            [DEBUG]    | Value: 2018 Independent Spirit Awards.                                                             |
[2022-11-16 20:38:45,432] [builder.py:646]            [DEBUG]    |                                                                                                    |
[2022-11-16 20:38:45,432] [builder.py:650]            [DEBUG]    | Validating Method: collection_mode                                                                 |
[2022-11-16 20:38:45,432] [builder.py:651]            [DEBUG]    | Value: hide                                                                                        |
[2022-11-16 20:38:45,432] [builder.py:646]            [DEBUG]    |                                                                                                    |
[2022-11-16 20:38:45,432] [builder.py:650]            [DEBUG]    | Validating Method: sort_title                                                                      |
[2022-11-16 20:38:45,432] [builder.py:651]            [DEBUG]    | Value: !16_Independent Spirit Awards 2018                                                          |
[2022-11-16 20:38:45,433] [builder.py:646]            [DEBUG]    |                                                                                                    |
[2022-11-16 20:38:45,433] [builder.py:650]            [DEBUG]    | Validating Method: url_poster                                                                      |
[2022-11-16 20:38:45,433] [builder.py:651]            [DEBUG]    | Value: https://raw.githubusercontent.com/meisnate12/Plex-Meta-Manager-Images/master/award/spirit/2018.jpg |
[2022-11-16 20:38:45,629] [builder.py:646]            [DEBUG]    |                                                                                                    |
[2022-11-16 20:38:45,630] [builder.py:650]            [DEBUG]    | Validating Method: cache_builders                                                                  |
[2022-11-16 20:38:45,630] [builder.py:651]            [DEBUG]    | Value: 1                                                                                           |
[2022-11-16 20:38:45,634] [plex.py:835]               [DEBUG]    |                                                                                                    |
[2022-11-16 20:38:45,634] [plex.py:838]               [DEBUG]    | Looking for: Independent Spirit Awards 2018                                                        |
[2022-11-16 20:38:45,634] [builder.py:814]            [INFO]     |                                                                                                    |
[2022-11-16 20:38:45,634] [builder.py:815]            [INFO]     | Validation Successful                                                                              |
[2022-11-16 20:38:45,634] [plex_meta_manager.py:594]  [INFO]     |                                                                                                    |
[2022-11-16 20:38:45,635] [plex_meta_manager.py:596]  [INFO]     |======================== Running Independent Spirit Awards 2018 Collection =========================|
[2022-11-16 20:38:45,635] [plex_meta_manager.py:608]  [INFO]     |                                                                                                    |
[2022-11-16 20:38:45,635] [plex_meta_manager.py:609]  [INFO]     | Sync Mode: sync                                                                                    |
[2022-11-16 20:38:45,635] [plex_meta_manager.py:612]  [DEBUG]    |                                                                                                    |
[2022-11-16 20:38:45,635] [plex_meta_manager.py:613]  [DEBUG]    | Builder: trakt_list: https://trakt.tv/users/pjcob/lists/2018-independent-spirits                   |
[2022-11-16 20:38:45,635] [plex_meta_manager.py:614]  [INFO]     |                                                                                                    |
[2022-11-16 20:38:45,636] [builder.py:1523]           [INFO]     | Builder: trakt_list loaded from Cache                                                              |
[2022-11-16 20:38:45,638] [builder.py:1574]           [DEBUG]    |                                                                                                    |
[2022-11-16 20:38:45,638] [builder.py:1575]           [DEBUG]    | 28 IDs Found                                                                                       |
[2022-11-16 20:38:45,638] [builder.py:1577]           [DEBUG]    |                                                                                                    |
[2022-11-16 20:38:45,638] [plex_meta_manager.py:711]  [WARNING]  | Collection Warning: No items found                                                                 |
[2022-11-16 20:38:45,638] [plex_meta_manager.py:736]  [INFO]     |                                                                                                    |
[2022-11-16 20:38:45,639] [plex_meta_manager.py:737]  [INFO]     |====================================================================================================|
[2022-11-16 20:38:45,639] [plex_meta_manager.py:737]  [INFO]     |                         Finished Independent Spirit Awards 2018 Collection                         |
[2022-11-16 20:38:45,639] [plex_meta_manager.py:737]  [INFO]     |                                    Collection Run Time: 0:00:00                                    |
[2022-11-16 20:38:45,639] [plex_meta_manager.py:737]  [INFO]     |====================================================================================================|
