[2022-11-16 18:40:48,453] [builder.py:193]            [INFO]     |====================================================================================================|
[2022-11-16 18:40:48,453] [builder.py:193]            [INFO]     |                       Batman (Michael Keaton) Collection in Halloween Movies                       |
[2022-11-16 18:40:48,453] [builder.py:193]            [INFO]     |====================================================================================================|
[2022-11-16 18:40:48,453] [builder.py:194]            [INFO]     |                                                                                                    |
[2022-11-16 18:40:48,453] [builder.py:199]            [INFO]     |================================ Building Definition From Templates ================================|
[2022-11-16 18:40:48,453] [builder.py:215]            [DEBUG]    |                                                                                                    |
[2022-11-16 18:40:48,454] [meta.py:210]               [DEBUG]    |======================================= Template Collection ========================================|
[2022-11-16 18:40:48,454] [meta.py:451]               [DEBUG]    |                                                                                                    |
[2022-11-16 18:40:48,456] [meta.py:512]               [DEBUG]    |                                                                                                    |
[2022-11-16 18:40:48,456] [meta.py:513]               [DEBUG]    |==================================== Final Template Attributes =====================================|
[2022-11-16 18:40:48,456] [meta.py:514]               [DEBUG]    |                                                                                                    |
[2022-11-16 18:40:48,456] [meta.py:515]               [DEBUG]    | {'tmdb_collection': 120794, 'tmdb_summary': 120794, 'url_poster': 'https://theposterdb.com/api/assets/6084', 'sort_title': '+4_Batman (Michael Keaton)', 'sync_mode': 'sync', 'collection_order': 'release'} |
[2022-11-16 18:40:48,456] [meta.py:516]               [DEBUG]    |                                                                                                    |
[2022-11-16 18:40:48,456] [builder.py:223]            [INFO]     |========================== Validating Batman (Michael Keaton) Attributes ===========================|
[2022-11-16 18:40:48,456] [builder.py:516]            [DEBUG]    |                                                                                                    |
[2022-11-16 18:40:48,456] [builder.py:517]            [DEBUG]    | Validating Method: sync_mode                                                                       |
[2022-11-16 18:40:48,457] [builder.py:521]            [DEBUG]    | Value: sync                                                                                        |
[2022-11-16 18:40:48,457] [builder.py:613]            [DEBUG]    |                                                                                                    |
[2022-11-16 18:40:48,457] [builder.py:614]            [DEBUG]    | Validating Method: collection_order                                                                |
[2022-11-16 18:40:48,457] [builder.py:615]            [DEBUG]    | Value: release                                                                                     |
[2022-11-16 18:40:48,457] [builder.py:646]            [DEBUG]    |                                                                                                    |
[2022-11-16 18:40:48,457] [builder.py:650]            [DEBUG]    | Validating Method: tmdb_collection                                                                 |
[2022-11-16 18:40:48,457] [builder.py:651]            [DEBUG]    | Value: 120794                                                                                      |
[2022-11-16 18:40:48,465] [builder.py:646]            [DEBUG]    |                                                                                                    |
[2022-11-16 18:40:48,465] [builder.py:650]            [DEBUG]    | Validating Method: tmdb_summary                                                                    |
[2022-11-16 18:40:48,466] [builder.py:651]            [DEBUG]    | Value: 120794                                                                                      |
[2022-11-16 18:40:48,474] [builder.py:646]            [DEBUG]    |                                                                                                    |
[2022-11-16 18:40:48,475] [builder.py:650]            [DEBUG]    | Validating Method: url_poster                                                                      |
[2022-11-16 18:40:48,475] [builder.py:651]            [DEBUG]    | Value: https://theposterdb.com/api/assets/6084                                                     |
[2022-11-16 18:40:49,061] [builder.py:646]            [DEBUG]    |                                                                                                    |
[2022-11-16 18:40:49,062] [builder.py:650]            [DEBUG]    | Validating Method: sort_title                                                                      |
[2022-11-16 18:40:49,062] [builder.py:651]            [DEBUG]    | Value: +4_Batman (Michael Keaton)                                                                  |
[2022-11-16 18:40:49,068] [plex.py:835]               [DEBUG]    |                                                                                                    |
[2022-11-16 18:40:49,068] [plex.py:838]               [DEBUG]    | Looking for: Batman (Michael Keaton)                                                               |
[2022-11-16 18:40:49,068] [builder.py:814]            [INFO]     |                                                                                                    |
[2022-11-16 18:40:49,068] [builder.py:815]            [INFO]     | Validation Successful                                                                              |
[2022-11-16 18:40:49,068] [plex_meta_manager.py:594]  [INFO]     |                                                                                                    |
[2022-11-16 18:40:49,069] [plex_meta_manager.py:596]  [INFO]     |============================ Running Batman (Michael Keaton) Collection ============================|
[2022-11-16 18:40:49,069] [plex_meta_manager.py:608]  [INFO]     |                                                                                                    |
[2022-11-16 18:40:49,069] [plex_meta_manager.py:609]  [INFO]     | Sync Mode: sync                                                                                    |
[2022-11-16 18:40:49,069] [plex_meta_manager.py:612]  [DEBUG]    |                                                                                                    |
[2022-11-16 18:40:49,069] [plex_meta_manager.py:613]  [DEBUG]    | Builder: tmdb_collection: 120794                                                                   |
[2022-11-16 18:40:49,069] [plex_meta_manager.py:614]  [INFO]     |                                                                                                    |
[2022-11-16 18:40:49,076] [tmdb.py:389]               [INFO]     | Processing TMDb Collection: (120794) Batman Collection (4 Items)                                   |
[2022-11-16 18:40:49,077] [builder.py:1574]           [DEBUG]    |                                                                                                    |
[2022-11-16 18:40:49,077] [builder.py:1575]           [DEBUG]    | 4 IDs Found                                                                                        |
[2022-11-16 18:40:49,077] [builder.py:1577]           [DEBUG]    |                                                                                                    |
[2022-11-16 18:40:49,077] [builder.py:2306]           [INFO]     |                                                                                                    |
[2022-11-16 18:40:49,077] [builder.py:2307]           [INFO]     |========================== Missing Movies from Library: Halloween Movies ===========================|
[2022-11-16 18:40:49,077] [builder.py:2308]           [INFO]     |                                                                                                    |
[2022-11-16 18:40:49,093] [builder.py:2321]           [INFO]     | Batman (Michael Keaton) Collection | ? | Batman (1989) (TMDb: 268)                                 |
[2022-11-16 18:40:49,115] [builder.py:2321]           [INFO]     | Batman (Michael Keaton) Collection | ? | Batman Returns (1992) (TMDb: 364)                         |
[2022-11-16 18:40:49,130] [builder.py:2321]           [INFO]     | Batman (Michael Keaton) Collection | ? | Batman Forever (1995) (TMDb: 414)                         |
[2022-11-16 18:40:49,141] [builder.py:2321]           [INFO]     | Batman (Michael Keaton) Collection | ? | Batman & Robin (1997) (TMDb: 415)                         |
[2022-11-16 18:40:49,141] [builder.py:2326]           [INFO]     |                                                                                                    |
[2022-11-16 18:40:49,141] [builder.py:2327]           [INFO]     | 4 Movies Missing                                                                                   |
[2022-11-16 18:40:51,224] [plex_meta_manager.py:652]  [INFO]     |                                                                                                    |
[2022-11-16 18:40:51,224] [plex_meta_manager.py:653]  [INFO]     | Collection Minimum: 2 not met for Batman (Michael Keaton) Collection                               |
[2022-11-16 18:40:51,225] [plex_meta_manager.py:736]  [INFO]     |                                                                                                    |
[2022-11-16 18:40:51,225] [plex_meta_manager.py:737]  [INFO]     |====================================================================================================|
[2022-11-16 18:40:51,225] [plex_meta_manager.py:737]  [INFO]     |                            Finished Batman (Michael Keaton) Collection                             |
[2022-11-16 18:40:51,225] [plex_meta_manager.py:737]  [INFO]     |                                    Collection Run Time: 0:00:02                                    |
[2022-11-16 18:40:51,225] [plex_meta_manager.py:737]  [INFO]     |====================================================================================================|
