[2022-11-17 09:22:43,861] [builder.py:193]            [INFO]     |====================================================================================================|
[2022-11-17 09:22:43,862] [builder.py:193]            [INFO]     |                         Lady and the Tramp Collection in Christmas Movies                          |
[2022-11-17 09:22:43,863] [builder.py:193]            [INFO]     |====================================================================================================|
[2022-11-17 09:22:43,863] [builder.py:194]            [INFO]     |                                                                                                    |
[2022-11-17 09:22:43,864] [builder.py:199]            [INFO]     |================================ Building Definition From Templates ================================|
[2022-11-17 09:22:43,864] [builder.py:215]            [DEBUG]    |                                                                                                    |
[2022-11-17 09:22:43,865] [meta.py:210]               [DEBUG]    |======================================= Template Collection ========================================|
[2022-11-17 09:22:43,867] [meta.py:451]               [DEBUG]    |                                                                                                    |
[2022-11-17 09:22:43,873] [meta.py:512]               [DEBUG]    |                                                                                                    |
[2022-11-17 09:22:43,874] [meta.py:513]               [DEBUG]    |==================================== Final Template Attributes =====================================|
[2022-11-17 09:22:43,874] [meta.py:514]               [DEBUG]    |                                                                                                    |
[2022-11-17 09:22:43,875] [meta.py:515]               [DEBUG]    | {'tmdb_collection': 97460, 'tmdb_summary': '<<summary>>', 'url_poster': '<<poster>>', 'sort_title': '+4_Lady and the Tramp', 'sync_mode': 'sync', 'collection_order': 'release'} |
[2022-11-17 09:22:43,876] [meta.py:516]               [DEBUG]    |                                                                                                    |
[2022-11-17 09:22:43,877] [builder.py:223]            [INFO]     |============================= Validating Lady and the Tramp Attributes =============================|
[2022-11-17 09:22:43,878] [builder.py:516]            [DEBUG]    |                                                                                                    |
[2022-11-17 09:22:43,879] [builder.py:517]            [DEBUG]    | Validating Method: sync_mode                                                                       |
[2022-11-17 09:22:43,879] [builder.py:521]            [DEBUG]    | Value: sync                                                                                        |
[2022-11-17 09:22:43,880] [builder.py:613]            [DEBUG]    |                                                                                                    |
[2022-11-17 09:22:43,881] [builder.py:614]            [DEBUG]    | Validating Method: collection_order                                                                |
[2022-11-17 09:22:43,882] [builder.py:615]            [DEBUG]    | Value: release                                                                                     |
[2022-11-17 09:22:43,883] [builder.py:646]            [DEBUG]    |                                                                                                    |
[2022-11-17 09:22:43,884] [builder.py:650]            [DEBUG]    | Validating Method: tmdb_collection                                                                 |
[2022-11-17 09:22:43,885] [builder.py:651]            [DEBUG]    | Value: 97460                                                                                       |
[2022-11-17 09:22:43,910] [builder.py:646]            [DEBUG]    |                                                                                                    |
[2022-11-17 09:22:43,911] [builder.py:650]            [DEBUG]    | Validating Method: tmdb_summary                                                                    |
[2022-11-17 09:22:43,911] [builder.py:651]            [DEBUG]    | Value: <<summary>>                                                                                 |
[2022-11-17 09:22:43,911] [plex_meta_manager.py:724]  [DEBUG]    | Traceback (most recent call last):                                                                 |
                                                                 |   File "//plex_meta_manager.py", line 592, in run_collection
                                                                 |     builder = CollectionBuilder(config, metadata, mapping_name, collection_attrs, library=library, extra=output_str)
                                                                 |   File "/modules/builder.py", line 700, in __init__
                                                                 |     self._summary(method_name, method_data)
                                                                 |   File "/modules/builder.py", line 821, in _summary
                                                                 |     self.summaries[method_name] = self.config.TMDb.get_movie_show_or_collection(util.regex_first_int(method_data, "TMDb ID"), self.library.is_movie).overview
                                                                 |   File "/modules/util.py", line 335, in regex_first_int
                                                                 |     raise Failed(f"Regex Error: Failed to parse {id_type} from {data}")
                                                                 | modules.util.Failed: Regex Error: Failed to parse TMDb ID from <<summary>>
                                                                 | 
[2022-11-17 09:22:43,912] [plex_meta_manager.py:725]  [ERROR]    | Regex Error: Failed to parse TMDb ID from <<summary>>
[2022-11-17 09:22:43,912] [plex_meta_manager.py:736]  [INFO]     | 
[2022-11-17 09:22:43,912] [plex_meta_manager.py:737]  [INFO]     |====================================================================================================|
[2022-11-17 09:22:43,912] [plex_meta_manager.py:737]  [INFO]     |                               Finished Lady and the Tramp Collection                               |
[2022-11-17 09:22:43,913] [plex_meta_manager.py:737]  [INFO]     |                                    Collection Run Time: 0:00:00                                    |
[2022-11-17 09:22:43,913] [plex_meta_manager.py:737]  [INFO]     |====================================================================================================|
