[2022-11-16 20:23:01,769] [builder.py:193]            [INFO]     |====================================================================================================|
[2022-11-16 20:23:01,769] [builder.py:193]            [INFO]     |                            Robert Downey Jr. Collection in Kids Movies                             |
[2022-11-16 20:23:01,770] [builder.py:193]            [INFO]     |====================================================================================================|
[2022-11-16 20:23:01,770] [builder.py:194]            [INFO]     |                                                                                                    |
[2022-11-16 20:23:01,770] [builder.py:196]            [INFO]     | Log Folder Name: Robert Downey Jr. is invalid using Robert Downey Jr                               |
[2022-11-16 20:23:01,770] [builder.py:197]            [INFO]     |                                                                                                    |
[2022-11-16 20:23:01,770] [builder.py:199]            [INFO]     |================================ Building Definition From Templates ================================|
[2022-11-16 20:23:01,770] [builder.py:215]            [DEBUG]    |                                                                                                    |
[2022-11-16 20:23:01,770] [meta.py:210]               [DEBUG]    |========================================= Template people ==========================================|
[2022-11-16 20:23:01,770] [meta.py:451]               [DEBUG]    |                                                                                                    |
[2022-11-16 20:23:01,771] [meta.py:512]               [DEBUG]    |                                                                                                    |
[2022-11-16 20:23:01,772] [meta.py:513]               [DEBUG]    |==================================== Final Template Attributes =====================================|
[2022-11-16 20:23:01,772] [meta.py:514]               [DEBUG]    |                                                                                                    |
[2022-11-16 20:23:01,772] [meta.py:515]               [DEBUG]    | {'actor': 'tmdb', 'tmdb_person': 3223, 'sort_title': '++_Robert Downey Jr.', 'collection_order': 'release'} |
[2022-11-16 20:23:01,772] [meta.py:516]               [DEBUG]    |                                                                                                    |
[2022-11-16 20:23:01,772] [builder.py:223]            [INFO]     |============================= Validating Robert Downey Jr. Attributes ==============================|
[2022-11-16 20:23:01,772] [builder.py:528]            [DEBUG]    |                                                                                                    |
[2022-11-16 20:23:01,772] [builder.py:529]            [DEBUG]    | Validating Method: tmdb_person                                                                     |
[2022-11-16 20:23:01,772] [builder.py:533]            [DEBUG]    | Value: 3223                                                                                        |
[2022-11-16 20:23:01,786] [builder.py:613]            [DEBUG]    |                                                                                                    |
[2022-11-16 20:23:01,786] [builder.py:614]            [DEBUG]    | Validating Method: collection_order                                                                |
[2022-11-16 20:23:01,786] [builder.py:615]            [DEBUG]    | Value: release                                                                                     |
[2022-11-16 20:23:01,787] [builder.py:646]            [DEBUG]    |                                                                                                    |
[2022-11-16 20:23:01,787] [builder.py:650]            [DEBUG]    | Validating Method: actor                                                                           |
[2022-11-16 20:23:01,787] [builder.py:651]            [DEBUG]    | Value: tmdb                                                                                        |
[2022-11-16 20:23:02,254] [builder.py:646]            [DEBUG]    |                                                                                                    |
[2022-11-16 20:23:02,255] [builder.py:650]            [DEBUG]    | Validating Method: sort_title                                                                      |
[2022-11-16 20:23:02,255] [builder.py:651]            [DEBUG]    | Value: ++_Robert Downey Jr.                                                                        |
[2022-11-16 20:23:02,260] [plex.py:835]               [DEBUG]    |                                                                                                    |
[2022-11-16 20:23:02,260] [plex.py:838]               [DEBUG]    | Looking for: Robert Downey Jr.                                                                     |
[2022-11-16 20:23:02,261] [builder.py:814]            [INFO]     |                                                                                                    |
[2022-11-16 20:23:02,261] [builder.py:815]            [INFO]     | Validation Successful                                                                              |
[2022-11-16 20:23:02,261] [plex_meta_manager.py:594]  [INFO]     |                                                                                                    |
[2022-11-16 20:23:02,261] [plex_meta_manager.py:596]  [INFO]     |=============================== Running Robert Downey Jr. Collection ===============================|
[2022-11-16 20:23:02,261] [plex_meta_manager.py:608]  [INFO]     |                                                                                                    |
[2022-11-16 20:23:02,261] [plex_meta_manager.py:609]  [INFO]     | Sync Mode: append                                                                                  |
[2022-11-16 20:23:02,261] [plex_meta_manager.py:612]  [DEBUG]    |                                                                                                    |
[2022-11-16 20:23:02,261] [plex_meta_manager.py:613]  [DEBUG]    | Builder: plex_search: (1, "Plex Movie Search\nSort By: ['title.asc']\nFilter:\n  Match any of the following:\n    Actor is Robert Downey Jr.", '?type=1&sort=titleSort&push=1&actor=43695&pop=1') |
[2022-11-16 20:23:02,261] [plex_meta_manager.py:614]  [INFO]     |                                                                                                    |
[2022-11-16 20:23:02,261] [plex.py:924]               [INFO]     | Processing Plex Movie Search                                                                       |
                                                                 | Sort By: ['title.asc']
                                                                 | Filter:
                                                                 |   Match any of the following:
                                                                 |     Actor is Robert Downey Jr.
[2022-11-16 20:23:02,268] [builder.py:1574]           [DEBUG]    | 
[2022-11-16 20:23:02,268] [builder.py:1575]           [DEBUG]    | 1 IDs Found
[2022-11-16 20:23:02,269] [builder.py:1577]           [DEBUG]    | 
[2022-11-16 20:23:02,269] [plex_meta_manager.py:652]  [INFO]     | 
[2022-11-16 20:23:02,269] [plex_meta_manager.py:653]  [INFO]     | Collection Minimum: 2 not met for Robert Downey Jr. Collection
[2022-11-16 20:23:02,269] [plex_meta_manager.py:736]  [INFO]     | 
[2022-11-16 20:23:02,269] [plex_meta_manager.py:737]  [INFO]     |====================================================================================================|
[2022-11-16 20:23:02,269] [plex_meta_manager.py:737]  [INFO]     |                               Finished Robert Downey Jr. Collection                                |
[2022-11-16 20:23:02,269] [plex_meta_manager.py:737]  [INFO]     |                                    Collection Run Time: 0:00:00                                    |
[2022-11-16 20:23:02,269] [plex_meta_manager.py:737]  [INFO]     |====================================================================================================|
