[2022-11-16 22:27:18,411] [builder.py:193]            [INFO]     |====================================================================================================|
[2022-11-16 22:27:18,411] [builder.py:193]            [INFO]     |                            Oscars Winners 2013 Collection in Old Movies                            |
[2022-11-16 22:27:18,411] [builder.py:193]            [INFO]     |====================================================================================================|
[2022-11-16 22:27:18,411] [builder.py:194]            [INFO]     |                                                                                                    |
[2022-11-16 22:27:18,411] [builder.py:199]            [INFO]     |================================ Building Definition From Templates ================================|
[2022-11-16 22:27:18,411] [builder.py:215]            [DEBUG]    |                                                                                                    |
[2022-11-16 22:27:18,412] [meta.py:210]               [DEBUG]    |================================== Template use_year_collections ===================================|
[2022-11-16 22:27:18,412] [meta.py:451]               [DEBUG]    |                                                                                                    |
[2022-11-16 22:27:18,413] [meta.py:210]               [DEBUG]    |========================================== Template imdb ===========================================|
[2022-11-16 22:27:18,413] [meta.py:451]               [DEBUG]    |                                                                                                    |
[2022-11-16 22:27:18,415] [meta.py:210]               [DEBUG]    |======================================= Template translation =======================================|
[2022-11-16 22:27:18,415] [meta.py:451]               [DEBUG]    |                                                                                                    |
[2022-11-16 22:27:18,418] [meta.py:210]               [DEBUG]    |========================================= Template shared ==========================================|
[2022-11-16 22:27:18,419] [meta.py:451]               [DEBUG]    |                                                                                                    |
[2022-11-16 22:27:18,429] [meta.py:210]               [DEBUG]    |=========================================== Template arr ===========================================|
[2022-11-16 22:27:18,430] [meta.py:451]               [DEBUG]    |                                                                                                    |
[2022-11-16 22:27:18,435] [meta.py:210]               [DEBUG]    |========================================= Template custom ==========================================|
[2022-11-16 22:27:18,435] [meta.py:451]               [DEBUG]    |                                                                                                    |
[2022-11-16 22:27:18,439] [meta.py:512]               [DEBUG]    |                                                                                                    |
[2022-11-16 22:27:18,439] [meta.py:513]               [DEBUG]    |==================================== Final Template Attributes =====================================|
[2022-11-16 22:27:18,439] [meta.py:514]               [DEBUG]    |                                                                                                    |
[2022-11-16 22:27:18,439] [meta.py:515]               [DEBUG]    | {'imdb_list': 'https://www.imdb.com/search/title/?release_date=2013-01-01,2013-12-31&groups=oscar_winner&sort=moviemeter,asc', 'summary': 'Academy Awards (Oscars) Winners for 2013.', 'name': 'Oscars Winners 2013', 'allowed_library_types': ['movie'], 'ignore_blank_results': True, 'collection_mode': 'hide', 'sort_title': '!16_Oscars Winners 2013', 'url_poster': 'https://raw.githubusercontent.com/meisnate12/Plex-Meta-Manager-Images/master/award/oscars/winner/2013.jpg', 'collection_order': 'custom', 'sync_mode': 'sync', 'cache_builders': 1} |
[2022-11-16 22:27:18,439] [meta.py:516]               [DEBUG]    |                                                                                                    |
[2022-11-16 22:27:18,440] [builder.py:223]            [INFO]     |============================ Validating Oscars Winners 2013 Attributes =============================|
[2022-11-16 22:27:18,440] [builder.py:226]            [DEBUG]    |                                                                                                    |
[2022-11-16 22:27:18,440] [builder.py:227]            [DEBUG]    | Validating Method: name                                                                            |
[2022-11-16 22:27:18,440] [builder.py:230]            [DEBUG]    | Value: Oscars Winners 2013                                                                         |
[2022-11-16 22:27:18,440] [builder.py:236]            [DEBUG]    |                                                                                                    |
[2022-11-16 22:27:18,440] [builder.py:237]            [DEBUG]    | Validating Method: allowed_library_types                                                           |
[2022-11-16 22:27:18,440] [builder.py:240]            [DEBUG]    | Value: ['movie']                                                                                   |
[2022-11-16 22:27:18,440] [builder.py:502]            [DEBUG]    |                                                                                                    |
[2022-11-16 22:27:18,440] [builder.py:503]            [DEBUG]    | Validating Method: ignore_blank_results                                                            |
[2022-11-16 22:27:18,440] [builder.py:504]            [DEBUG]    | Value: True                                                                                        |
[2022-11-16 22:27:18,441] [builder.py:516]            [DEBUG]    |                                                                                                    |
[2022-11-16 22:27:18,441] [builder.py:517]            [DEBUG]    | Validating Method: sync_mode                                                                       |
[2022-11-16 22:27:18,441] [builder.py:521]            [DEBUG]    | Value: sync                                                                                        |
[2022-11-16 22:27:18,441] [builder.py:613]            [DEBUG]    |                                                                                                    |
[2022-11-16 22:27:18,441] [builder.py:614]            [DEBUG]    | Validating Method: collection_order                                                                |
[2022-11-16 22:27:18,441] [builder.py:615]            [DEBUG]    | Value: custom                                                                                      |
[2022-11-16 22:27:18,441] [builder.py:646]            [DEBUG]    |                                                                                                    |
[2022-11-16 22:27:18,441] [builder.py:650]            [DEBUG]    | Validating Method: label                                                                           |
[2022-11-16 22:27:18,441] [builder.py:651]            [DEBUG]    | Value: Oscars Winners Awards                                                                       |
[2022-11-16 22:27:18,442] [builder.py:646]            [DEBUG]    |                                                                                                    |
[2022-11-16 22:27:18,442] [builder.py:650]            [DEBUG]    | Validating Method: imdb_list                                                                       |
[2022-11-16 22:27:18,442] [builder.py:651]            [DEBUG]    | Value: https://www.imdb.com/search/title/?release_date=2013-01-01,2013-12-31&groups=oscar_winner&sort=moviemeter,asc |
[2022-11-16 22:27:18,588] [builder.py:646]            [DEBUG]    |                                                                                                    |
[2022-11-16 22:27:18,589] [builder.py:650]            [DEBUG]    | Validating Method: summary                                                                         |
[2022-11-16 22:27:18,589] [builder.py:651]            [DEBUG]    | Value: Academy Awards (Oscars) Winners for 2013.                                                   |
[2022-11-16 22:27:18,589] [builder.py:646]            [DEBUG]    |                                                                                                    |
[2022-11-16 22:27:18,589] [builder.py:650]            [DEBUG]    | Validating Method: collection_mode                                                                 |
[2022-11-16 22:27:18,589] [builder.py:651]            [DEBUG]    | Value: hide                                                                                        |
[2022-11-16 22:27:18,589] [builder.py:646]            [DEBUG]    |                                                                                                    |
[2022-11-16 22:27:18,589] [builder.py:650]            [DEBUG]    | Validating Method: sort_title                                                                      |
[2022-11-16 22:27:18,589] [builder.py:651]            [DEBUG]    | Value: !16_Oscars Winners 2013                                                                     |
[2022-11-16 22:27:18,589] [builder.py:646]            [DEBUG]    |                                                                                                    |
[2022-11-16 22:27:18,590] [builder.py:650]            [DEBUG]    | Validating Method: url_poster                                                                      |
[2022-11-16 22:27:18,590] [builder.py:651]            [DEBUG]    | Value: https://raw.githubusercontent.com/meisnate12/Plex-Meta-Manager-Images/master/award/oscars/winner/2013.jpg |
[2022-11-16 22:27:18,700] [builder.py:646]            [DEBUG]    |                                                                                                    |
[2022-11-16 22:27:18,701] [builder.py:650]            [DEBUG]    | Validating Method: cache_builders                                                                  |
[2022-11-16 22:27:18,701] [builder.py:651]            [DEBUG]    | Value: 1                                                                                           |
[2022-11-16 22:27:18,707] [plex.py:835]               [DEBUG]    |                                                                                                    |
[2022-11-16 22:27:18,707] [plex.py:838]               [DEBUG]    | Looking for: Oscars Winners 2013                                                                   |
[2022-11-16 22:27:18,707] [builder.py:814]            [INFO]     |                                                                                                    |
[2022-11-16 22:27:18,708] [builder.py:815]            [INFO]     | Validation Successful                                                                              |
[2022-11-16 22:27:18,708] [plex_meta_manager.py:594]  [INFO]     |                                                                                                    |
[2022-11-16 22:27:18,708] [plex_meta_manager.py:596]  [INFO]     |============================== Running Oscars Winners 2013 Collection ==============================|
[2022-11-16 22:27:18,708] [plex_meta_manager.py:608]  [INFO]     |                                                                                                    |
[2022-11-16 22:27:18,708] [plex_meta_manager.py:609]  [INFO]     | Sync Mode: sync                                                                                    |
[2022-11-16 22:27:18,709] [plex_meta_manager.py:612]  [DEBUG]    |                                                                                                    |
[2022-11-16 22:27:18,709] [plex_meta_manager.py:613]  [DEBUG]    | Builder: imdb_list: {'url': 'https://www.imdb.com/search/title/?release_date=2013-01-01,2013-12-31&groups=oscar_winner&sort=moviemeter,asc', 'limit': 0} |
[2022-11-16 22:27:18,709] [plex_meta_manager.py:614]  [INFO]     |                                                                                                    |
[2022-11-16 22:27:18,710] [builder.py:1523]           [INFO]     | Builder: imdb_list loaded from Cache                                                               |
[2022-11-16 22:27:18,713] [builder.py:1574]           [DEBUG]    |                                                                                                    |
[2022-11-16 22:27:18,713] [builder.py:1575]           [DEBUG]    | 15 IDs Found                                                                                       |
[2022-11-16 22:27:18,713] [builder.py:1577]           [DEBUG]    |                                                                                                    |
[2022-11-16 22:27:18,726] [builder.py:2306]           [INFO]     |                                                                                                    |
[2022-11-16 22:27:18,727] [builder.py:2307]           [INFO]     |============================= Missing Movies from Library: Old Movies ==============================|
[2022-11-16 22:27:18,727] [builder.py:2308]           [INFO]     |                                                                                                    |
[2022-11-16 22:27:18,743] [builder.py:2321]           [INFO]     | Oscars Winners 2013 Collection | ? | The Great Gatsby (2013) (TMDb: 64682)                         |
[2022-11-16 22:27:18,755] [builder.py:2321]           [INFO]     | Oscars Winners 2013 Collection | ? | Her (2013) (TMDb: 152601)                                     |
[2022-11-16 22:27:18,771] [builder.py:2321]           [INFO]     | Oscars Winners 2013 Collection | ? | Frozen (2013) (TMDb: 109445)                                  |
[2022-11-16 22:27:18,784] [builder.py:2321]           [INFO]     | Oscars Winners 2013 Collection | ? | 12 Years a Slave (2013) (TMDb: 76203)                         |
[2022-11-16 22:27:18,798] [builder.py:2321]           [INFO]     | Oscars Winners 2013 Collection | ? | Dallas Buyers Club (2013) (TMDb: 152532)                      |
[2022-11-16 22:27:18,809] [builder.py:2321]           [INFO]     | Oscars Winners 2013 Collection | ? | Blue Jasmine (2013) (TMDb: 160588)                            |
[2022-11-16 22:27:18,835] [builder.py:2321]           [INFO]     | Oscars Winners 2013 Collection | ? | The Great Beauty (2013) (TMDb: 179144)                        |
[2022-11-16 22:27:18,847] [builder.py:2321]           [INFO]     | Oscars Winners 2013 Collection | ? | Ida (2013) (TMDb: 209274)                                     |
[2022-11-16 22:27:18,859] [builder.py:2321]           [INFO]     | Oscars Winners 2013 Collection | ? | 20 Feet from Stardom (2013) (TMDb: 159014)                    |
[2022-11-16 22:27:18,869] [builder.py:2321]           [INFO]     | Oscars Winners 2013 Collection | ? | The Phone Call (2013) (TMDb: 220809)                          |
[2022-11-16 22:27:18,882] [builder.py:2321]           [INFO]     | Oscars Winners 2013 Collection | ? | Mr Hublot (2013) (TMDb: 234862)                               |
[2022-11-16 22:27:18,894] [builder.py:2321]           [INFO]     | Oscars Winners 2013 Collection | ? | Helium (2014) (TMDb: 249699)                                  |
[2022-11-16 22:27:18,905] [builder.py:2321]           [INFO]     | Oscars Winners 2013 Collection | ? | The Lady in Number 6: Music Saved My Life (2013) (TMDb: 249724) |
[2022-11-16 22:27:18,916] [builder.py:2321]           [INFO]     | Oscars Winners 2013 Collection | ? | Crisis Hotline: Veterans Press 1 (2013) (TMDb: 248808)        |
[2022-11-16 22:27:18,917] [builder.py:2326]           [INFO]     |                                                                                                    |
[2022-11-16 22:27:18,917] [builder.py:2327]           [INFO]     | 14 Movies Missing                                                                                  |
[2022-11-16 22:27:23,747] [plex_meta_manager.py:652]  [INFO]     |                                                                                                    |
[2022-11-16 22:27:23,747] [plex_meta_manager.py:653]  [INFO]     | Collection Minimum: 2 not met for Oscars Winners 2013 Collection                                   |
[2022-11-16 22:27:23,747] [plex_meta_manager.py:736]  [INFO]     |                                                                                                    |
[2022-11-16 22:27:23,747] [plex_meta_manager.py:737]  [INFO]     |====================================================================================================|
[2022-11-16 22:27:23,747] [plex_meta_manager.py:737]  [INFO]     |                              Finished Oscars Winners 2013 Collection                               |
[2022-11-16 22:27:23,747] [plex_meta_manager.py:737]  [INFO]     |                                    Collection Run Time: 0:00:05                                    |
[2022-11-16 22:27:23,747] [plex_meta_manager.py:737]  [INFO]     |====================================================================================================|
