[2022-11-16 18:56:57,164] [builder.py:193]            [INFO]     |====================================================================================================|
[2022-11-16 18:56:57,164] [builder.py:193]            [INFO]     |                           TMDb Top Rated Collection in Halloween Movies                            |
[2022-11-16 18:56:57,164] [builder.py:193]            [INFO]     |====================================================================================================|
[2022-11-16 18:56:57,164] [builder.py:194]            [INFO]     |                                                                                                    |
[2022-11-16 18:56:57,164] [builder.py:199]            [INFO]     |================================ Building Definition From Templates ================================|
[2022-11-16 18:56:57,164] [builder.py:209]            [DEBUG]    |                                                                                                    |
[2022-11-16 18:56:57,165] [builder.py:210]            [DEBUG]    | Validating Method: variables                                                                       |
[2022-11-16 18:56:57,165] [builder.py:215]            [DEBUG]    |                                                                                                    |
[2022-11-16 18:56:57,165] [meta.py:210]               [DEBUG]    |========================================== Template tmdb ===========================================|
[2022-11-16 18:56:57,165] [meta.py:451]               [DEBUG]    |                                                                                                    |
[2022-11-16 18:56:57,168] [meta.py:210]               [DEBUG]    |========================================= Template shared ==========================================|
[2022-11-16 18:56:57,169] [meta.py:451]               [DEBUG]    |                                                                                                    |
[2022-11-16 18:56:57,195] [meta.py:210]               [DEBUG]    |=========================================== Template arr ===========================================|
[2022-11-16 18:56:57,196] [meta.py:451]               [DEBUG]    |                                                                                                    |
[2022-11-16 18:56:57,205] [meta.py:210]               [DEBUG]    |========================================= Template custom ==========================================|
[2022-11-16 18:56:57,206] [meta.py:451]               [DEBUG]    |                                                                                                    |
[2022-11-16 18:56:57,211] [meta.py:210]               [DEBUG]    |======================================= Template translation =======================================|
[2022-11-16 18:56:57,213] [meta.py:451]               [DEBUG]    |                                                                                                    |
[2022-11-16 18:56:57,218] [meta.py:512]               [DEBUG]    |                                                                                                    |
[2022-11-16 18:56:57,218] [meta.py:513]               [DEBUG]    |==================================== Final Template Attributes =====================================|
[2022-11-16 18:56:57,218] [meta.py:514]               [DEBUG]    |                                                                                                    |
[2022-11-16 18:56:57,218] [meta.py:515]               [DEBUG]    | {'tmdb_top_rated': 100, 'ignore_blank_results': True, 'collection_mode': 'hide', 'sort_title': '!01_TMDb Top Rated', 'url_poster': 'https://raw.githubusercontent.com/meisnate12/Plex-Meta-Manager-Images/master/chart/TMDb%20Top%20Rated.jpg', 'collection_order': 'custom', 'sync_mode': 'sync', 'cache_builders': 1, 'summary': 'A collection of the top rated movies according to TMDb.', 'name': 'TMDb Top Rated'} |
[2022-11-16 18:56:57,218] [meta.py:516]               [DEBUG]    |                                                                                                    |
[2022-11-16 18:56:57,219] [builder.py:223]            [INFO]     |=============================== Validating TMDb Top Rated Attributes ===============================|
[2022-11-16 18:56:57,219] [builder.py:226]            [DEBUG]    |                                                                                                    |
[2022-11-16 18:56:57,219] [builder.py:227]            [DEBUG]    | Validating Method: name                                                                            |
[2022-11-16 18:56:57,219] [builder.py:230]            [DEBUG]    | Value: TMDb Top Rated                                                                              |
[2022-11-16 18:56:57,219] [builder.py:502]            [DEBUG]    |                                                                                                    |
[2022-11-16 18:56:57,219] [builder.py:503]            [DEBUG]    | Validating Method: ignore_blank_results                                                            |
[2022-11-16 18:56:57,219] [builder.py:504]            [DEBUG]    | Value: True                                                                                        |
[2022-11-16 18:56:57,219] [builder.py:516]            [DEBUG]    |                                                                                                    |
[2022-11-16 18:56:57,219] [builder.py:517]            [DEBUG]    | Validating Method: sync_mode                                                                       |
[2022-11-16 18:56:57,219] [builder.py:521]            [DEBUG]    | Value: sync                                                                                        |
[2022-11-16 18:56:57,219] [builder.py:613]            [DEBUG]    |                                                                                                    |
[2022-11-16 18:56:57,220] [builder.py:614]            [DEBUG]    | Validating Method: collection_order                                                                |
[2022-11-16 18:56:57,220] [builder.py:615]            [DEBUG]    | Value: custom                                                                                      |
[2022-11-16 18:56:57,220] [builder.py:646]            [DEBUG]    |                                                                                                    |
[2022-11-16 18:56:57,220] [builder.py:650]            [DEBUG]    | Validating Method: tmdb_top_rated                                                                  |
[2022-11-16 18:56:57,220] [builder.py:651]            [DEBUG]    | Value: 100                                                                                         |
[2022-11-16 18:56:57,220] [builder.py:646]            [DEBUG]    |                                                                                                    |
[2022-11-16 18:56:57,220] [builder.py:650]            [DEBUG]    | Validating Method: collection_mode                                                                 |
[2022-11-16 18:56:57,220] [builder.py:651]            [DEBUG]    | Value: hide                                                                                        |
[2022-11-16 18:56:57,220] [builder.py:646]            [DEBUG]    |                                                                                                    |
[2022-11-16 18:56:57,220] [builder.py:650]            [DEBUG]    | Validating Method: sort_title                                                                      |
[2022-11-16 18:56:57,221] [builder.py:651]            [DEBUG]    | Value: !01_TMDb Top Rated                                                                          |
[2022-11-16 18:56:57,221] [builder.py:646]            [DEBUG]    |                                                                                                    |
[2022-11-16 18:56:57,221] [builder.py:650]            [DEBUG]    | Validating Method: url_poster                                                                      |
[2022-11-16 18:56:57,221] [builder.py:651]            [DEBUG]    | Value: https://raw.githubusercontent.com/meisnate12/Plex-Meta-Manager-Images/master/chart/TMDb%20Top%20Rated.jpg |
[2022-11-16 18:56:57,343] [builder.py:646]            [DEBUG]    |                                                                                                    |
[2022-11-16 18:56:57,343] [builder.py:650]            [DEBUG]    | Validating Method: cache_builders                                                                  |
[2022-11-16 18:56:57,343] [builder.py:651]            [DEBUG]    | Value: 1                                                                                           |
[2022-11-16 18:56:57,343] [builder.py:646]            [DEBUG]    |                                                                                                    |
[2022-11-16 18:56:57,344] [builder.py:650]            [DEBUG]    | Validating Method: summary                                                                         |
[2022-11-16 18:56:57,344] [builder.py:651]            [DEBUG]    | Value: A collection of the top rated movies according to TMDb.                                     |
[2022-11-16 18:56:57,349] [plex.py:835]               [DEBUG]    |                                                                                                    |
[2022-11-16 18:56:57,350] [plex.py:838]               [DEBUG]    | Looking for: TMDb Top Rated                                                                        |
[2022-11-16 18:56:57,350] [builder.py:814]            [INFO]     |                                                                                                    |
[2022-11-16 18:56:57,351] [builder.py:815]            [INFO]     | Validation Successful                                                                              |
[2022-11-16 18:56:57,351] [plex_meta_manager.py:594]  [INFO]     |                                                                                                    |
[2022-11-16 18:56:57,351] [plex_meta_manager.py:596]  [INFO]     |================================ Running TMDb Top Rated Collection =================================|
[2022-11-16 18:56:57,351] [plex_meta_manager.py:608]  [INFO]     |                                                                                                    |
[2022-11-16 18:56:57,352] [plex_meta_manager.py:609]  [INFO]     | Sync Mode: sync                                                                                    |
[2022-11-16 18:56:57,352] [plex_meta_manager.py:612]  [DEBUG]    |                                                                                                    |
[2022-11-16 18:56:57,352] [plex_meta_manager.py:613]  [DEBUG]    | Builder: tmdb_top_rated: 100                                                                       |
[2022-11-16 18:56:57,352] [plex_meta_manager.py:614]  [INFO]     |                                                                                                    |
[2022-11-16 18:56:57,353] [builder.py:1523]           [INFO]     | Builder: tmdb_top_rated loaded from Cache                                                          |
[2022-11-16 18:56:57,356] [builder.py:1574]           [DEBUG]    |                                                                                                    |
[2022-11-16 18:56:57,356] [builder.py:1575]           [DEBUG]    | 100 IDs Found                                                                                      |
[2022-11-16 18:56:57,357] [builder.py:1577]           [DEBUG]    |                                                                                                    |
[2022-11-16 18:56:57,357] [builder.py:2306]           [INFO]     |                                                                                                    |
[2022-11-16 18:56:57,357] [builder.py:2307]           [INFO]     |========================== Missing Movies from Library: Halloween Movies ===========================|
[2022-11-16 18:56:57,358] [builder.py:2308]           [INFO]     |                                                                                                    |
[2022-11-16 18:56:57,836] [builder.py:2321]           [INFO]     | TMDb Top Rated Collection | ? | The Godfather (1972) (TMDb: 238)                                   |
[2022-11-16 18:56:57,850] [builder.py:2321]           [INFO]     | TMDb Top Rated Collection | ? | The Shawshank Redemption (1994) (TMDb: 278)                        |
[2022-11-16 18:56:57,862] [builder.py:2321]           [INFO]     | TMDb Top Rated Collection | ? | The Godfather Part II (1974) (TMDb: 240)                           |
[2022-11-16 18:56:57,872] [builder.py:2321]           [INFO]     | TMDb Top Rated Collection | ? | The Legend of Hei (2019) (TMDb: 620249)                            |
[2022-11-16 18:56:57,886] [builder.py:2321]           [INFO]     | TMDb Top Rated Collection | ? | Schindler's List (1993) (TMDb: 424)                                |
[2022-11-16 18:56:57,898] [builder.py:2321]           [INFO]     | TMDb Top Rated Collection | ? | Dilwale Dulhania Le Jayenge (1995) (TMDb: 19404)                   |
[2022-11-16 18:56:57,912] [builder.py:2321]           [INFO]     | TMDb Top Rated Collection | ? | Spirited Away (2001) (TMDb: 129)                                   |
[2022-11-16 18:56:58,013] [builder.py:2321]           [INFO]     | TMDb Top Rated Collection | ? | 12 Angry Men (1957) (TMDb: 389)                                    |
[2022-11-16 18:56:58,028] [builder.py:2321]           [INFO]     | TMDb Top Rated Collection | ? | Dou kyu sei – Classmates (2016) (TMDb: 372754)                     |
[2022-11-16 18:56:58,043] [builder.py:2321]           [INFO]     | TMDb Top Rated Collection | ? | Your Name. (2016) (TMDb: 372058)                                   |
[2022-11-16 18:56:58,057] [builder.py:2321]           [INFO]     | TMDb Top Rated Collection | ? | Parasite (2019) (TMDb: 496243)                                     |
[2022-11-16 18:56:58,079] [builder.py:2321]           [INFO]     | TMDb Top Rated Collection | ? | The Green Mile (1999) (TMDb: 497)                                  |
[2022-11-16 18:56:58,096] [builder.py:2321]           [INFO]     | TMDb Top Rated Collection | ? | The Dark Knight (2008) (TMDb: 155)                                 |
[2022-11-16 18:56:58,122] [builder.py:2321]           [INFO]     | TMDb Top Rated Collection | ? | Gabriel's Inferno: Part II (2020) (TMDb: 724089)                   |
[2022-11-16 18:56:58,143] [builder.py:2321]           [INFO]     | TMDb Top Rated Collection | ? | Gabriel's Inferno (2020) (TMDb: 696374)                            |
[2022-11-16 18:56:58,164] [builder.py:2321]           [INFO]     | TMDb Top Rated Collection | ? | Pulp Fiction (1994) (TMDb: 680)                                    |
[2022-11-16 18:56:58,176] [builder.py:2321]           [INFO]     | TMDb Top Rated Collection | ? | The Good, the Bad and the Ugly (1966) (TMDb: 429)                  |
[2022-11-16 18:56:58,189] [builder.py:2321]           [INFO]     | TMDb Top Rated Collection | ? | Forrest Gump (1994) (TMDb: 13)                                     |
[2022-11-16 18:56:58,202] [builder.py:2321]           [INFO]     | TMDb Top Rated Collection | ? | The Lord of the Rings: The Return of the King (2003) (TMDb: 122)   |
[2022-11-16 18:56:58,221] [builder.py:2321]           [INFO]     | TMDb Top Rated Collection | ? | GoodFellas (1990) (TMDb: 769)                                      |
[2022-11-16 18:56:58,235] [builder.py:2321]           [INFO]     | TMDb Top Rated Collection | ? | Gabriel's Inferno: Part III (2020) (TMDb: 761053)                  |
[2022-11-16 18:56:58,251] [builder.py:2321]           [INFO]     | TMDb Top Rated Collection | ? | Cinema Paradiso (1988) (TMDb: 11216)                               |
[2022-11-16 18:56:58,262] [builder.py:2321]           [INFO]     | TMDb Top Rated Collection | ? | Life Is Beautiful (1997) (TMDb: 637)                               |
[2022-11-16 18:56:58,271] [builder.py:2321]           [INFO]     | TMDb Top Rated Collection | ? | Seven Samurai (1954) (TMDb: 346)                                   |
[2022-11-16 18:56:58,283] [builder.py:2321]           [INFO]     | TMDb Top Rated Collection | ? | Harakiri (1962) (TMDb: 14537)                                      |
[2022-11-16 18:56:58,294] [builder.py:2321]           [INFO]     | TMDb Top Rated Collection | ? | Once Upon a Time in America (1984) (TMDb: 311)                     |
[2022-11-16 18:56:58,371] [builder.py:2321]           [INFO]     | TMDb Top Rated Collection | ? | Grave of the Fireflies (1988) (TMDb: 12477)                        |
[2022-11-16 18:56:58,385] [builder.py:2321]           [INFO]     | TMDb Top Rated Collection | ? | One Flew Over the Cuckoo's Nest (1975) (TMDb: 510)                 |
[2022-11-16 18:56:58,396] [builder.py:2321]           [INFO]     | TMDb Top Rated Collection | ? | Fight Club (1999) (TMDb: 550)                                      |
[2022-11-16 18:56:58,406] [builder.py:2321]           [INFO]     | TMDb Top Rated Collection | ? | Primal: Tales of Savagery (2019) (TMDb: 704264)                    |
[2022-11-16 18:56:58,410] [builder.py:2321]           [INFO]     | TMDb Top Rated Collection | ? | City of God (2002) (TMDb: 598)                                     |
[2022-11-16 18:56:58,427] [builder.py:2321]           [INFO]     | TMDb Top Rated Collection | ? | Spider-Man: Into the Spider-Verse (2018) (TMDb: 324857)            |
[2022-11-16 18:56:58,439] [builder.py:2321]           [INFO]     | TMDb Top Rated Collection | ? | Hotarubi no Mori e (2011) (TMDb: 92321)                            |
[2022-11-16 18:56:58,452] [builder.py:2321]           [INFO]     | TMDb Top Rated Collection | ? | A Silent Voice: The Movie (2016) (TMDb: 378064)                    |
[2022-11-16 18:56:58,466] [builder.py:2321]           [INFO]     | TMDb Top Rated Collection | ? | Howl's Moving Castle (2004) (TMDb: 4935)                           |
[2022-11-16 18:56:58,482] [builder.py:2321]           [INFO]     | TMDb Top Rated Collection | ? | The Empire Strikes Back (1980) (TMDb: 1891)                        |
[2022-11-16 18:56:58,506] [builder.py:2321]           [INFO]     | TMDb Top Rated Collection | ? | BTS World Tour: Love Yourself in Seoul (2019) (TMDb: 568300)       |
[2022-11-16 18:56:58,523] [builder.py:2321]           [INFO]     | TMDb Top Rated Collection | ? | The Lord of the Rings: The Fellowship of the Ring (2001) (TMDb: 120) |
[2022-11-16 18:56:58,546] [builder.py:2321]           [INFO]     | TMDb Top Rated Collection | ? | Neon Genesis Evangelion: The End of Evangelion (1997) (TMDb: 18491) |
[2022-11-16 18:56:58,559] [builder.py:2321]           [INFO]     | TMDb Top Rated Collection | ? | Josee, the Tiger and the Fish (2020) (TMDb: 652837)                |
[2022-11-16 18:56:58,572] [builder.py:2321]           [INFO]     | TMDb Top Rated Collection | ? | Interstellar (2014) (TMDb: 157336)                                 |
[2022-11-16 18:56:58,586] [builder.py:2321]           [INFO]     | TMDb Top Rated Collection | ? | The Pianist (2002) (TMDb: 423)                                     |
[2022-11-16 18:56:58,597] [builder.py:2321]           [INFO]     | TMDb Top Rated Collection | ? | Sunset Boulevard (1950) (TMDb: 599)                                |
[2022-11-16 18:56:58,608] [builder.py:2321]           [INFO]     | TMDb Top Rated Collection | ? | Evangelion: 3.0+1.0 Thrice Upon a Time (2021) (TMDb: 283566)       |
[2022-11-16 18:56:58,631] [builder.py:2321]           [INFO]     | TMDb Top Rated Collection | ? | Whiplash (2014) (TMDb: 244786)                                     |
[2022-11-16 18:56:58,633] [builder.py:2321]           [INFO]     | TMDb Top Rated Collection | ? | The Lord of the Rings: The Two Towers (2002) (TMDb: 121)           |
[2022-11-16 18:56:58,644] [builder.py:2321]           [INFO]     | TMDb Top Rated Collection | ? | Green Snake (2021) (TMDb: 795607)                                  |
[2022-11-16 18:56:58,657] [builder.py:2321]           [INFO]     | TMDb Top Rated Collection | ? | American History X (1998) (TMDb: 73)                               |
[2022-11-16 18:56:58,670] [builder.py:2321]           [INFO]     | TMDb Top Rated Collection | ? | Rear Window (1954) (TMDb: 567)                                     |
[2022-11-16 18:56:58,686] [builder.py:2321]           [INFO]     | TMDb Top Rated Collection | ? | The Shop Around the Corner (1940) (TMDb: 20334)                    |
[2022-11-16 18:56:58,700] [builder.py:2321]           [INFO]     | TMDb Top Rated Collection | ? | Ikiru (1952) (TMDb: 3782)                                          |
[2022-11-16 18:56:58,703] [builder.py:2321]           [INFO]     | TMDb Top Rated Collection | ? | Inception (2010) (TMDb: 27205)                                     |
[2022-11-16 18:56:58,715] [builder.py:2321]           [INFO]     | TMDb Top Rated Collection | ? | Se7en (1995) (TMDb: 807)                                           |
[2022-11-16 18:56:58,734] [builder.py:2321]           [INFO]     | TMDb Top Rated Collection | ? | The Great Dictator (1940) (TMDb: 914)                              |
[2022-11-16 18:56:58,744] [builder.py:2321]           [INFO]     | TMDb Top Rated Collection | ? | Princess Mononoke (1997) (TMDb: 128)                               |
[2022-11-16 18:56:58,755] [builder.py:2321]           [INFO]     | TMDb Top Rated Collection | ? | City Lights (1931) (TMDb: 901)                                     |
[2022-11-16 18:56:58,765] [builder.py:2321]           [INFO]     | TMDb Top Rated Collection | ? | Violet Evergarden: The Movie (2020) (TMDb: 533514)                 |
[2022-11-16 18:56:58,778] [builder.py:2321]           [INFO]     | TMDb Top Rated Collection | ? | Top Gun: Maverick (2022) (TMDb: 361743)                            |
[2022-11-16 18:56:58,803] [builder.py:2321]           [INFO]     | TMDb Top Rated Collection | ? | Wolfwalkers (2020) (TMDb: 441130)                                  |
[2022-11-16 18:56:58,824] [builder.py:2321]           [INFO]     | TMDb Top Rated Collection | ? | The Silence of the Lambs (1991) (TMDb: 274)                        |
[2022-11-16 18:56:58,835] [builder.py:2321]           [INFO]     | TMDb Top Rated Collection | ? | High and Low (1963) (TMDb: 12493)                                  |
[2022-11-16 18:56:58,847] [builder.py:2321]           [INFO]     | TMDb Top Rated Collection | ? | Léon: The Professional (1994) (TMDb: 101)                          |
[2022-11-16 18:56:58,860] [builder.py:2321]           [INFO]     | TMDb Top Rated Collection | ? | Demon Slayer -Kimetsu no Yaiba- The Movie: Mugen Train (2020) (TMDb: 635302) |
[2022-11-16 18:56:58,871] [builder.py:2321]           [INFO]     | TMDb Top Rated Collection | ? | Modern Times (1936) (TMDb: 3082)                                   |
[2022-11-16 18:56:58,886] [builder.py:2321]           [INFO]     | TMDb Top Rated Collection | ? | Dead Poets Society (1989) (TMDb: 207)                              |
[2022-11-16 18:56:58,910] [builder.py:2321]           [INFO]     | TMDb Top Rated Collection | ? | Clouds (2020) (TMDb: 630566)                                       |
[2022-11-16 18:56:58,923] [builder.py:2321]           [INFO]     | TMDb Top Rated Collection | ? | Come and See (1985) (TMDb: 25237)                                  |
[2022-11-16 18:56:58,934] [builder.py:2321]           [INFO]     | TMDb Top Rated Collection | ? | Five Feet Apart (2019) (TMDb: 527641)                              |
[2022-11-16 18:56:58,944] [builder.py:2321]           [INFO]     | TMDb Top Rated Collection | ? | Once Upon a Time in the West (1968) (TMDb: 335)                    |
[2022-11-16 18:56:58,956] [builder.py:2321]           [INFO]     | TMDb Top Rated Collection | ? | Life in a Year (2020) (TMDb: 447362)                               |
[2022-11-16 18:56:58,960] [builder.py:2321]           [INFO]     | TMDb Top Rated Collection | ? | Purple Hearts (2022) (TMDb: 762975)                                |
[2022-11-16 18:56:58,979] [builder.py:2321]           [INFO]     | TMDb Top Rated Collection | ? | Back to the Future (1985) (TMDb: 105)                              |
[2022-11-16 18:56:58,998] [builder.py:2321]           [INFO]     | TMDb Top Rated Collection | ? | Hamilton (2020) (TMDb: 556574)                                     |
[2022-11-16 18:56:59,015] [builder.py:2321]           [INFO]     | TMDb Top Rated Collection | ? | Jujutsu Kaisen 0 (2021) (TMDb: 810693)                             |
[2022-11-16 18:56:59,020] [builder.py:2321]           [INFO]     | TMDb Top Rated Collection | ? | Paths of Glory (1957) (TMDb: 975)                                  |
[2022-11-16 18:56:59,044] [builder.py:2321]           [INFO]     | TMDb Top Rated Collection | ? | Le Trou (1960) (TMDb: 29259)                                       |
[2022-11-16 18:56:59,164] [builder.py:2321]           [INFO]     | TMDb Top Rated Collection | ? | Justice League Dark: Apokolips War (2020) (TMDb: 618344)           |
[2022-11-16 18:56:59,176] [builder.py:2321]           [INFO]     | TMDb Top Rated Collection | ? | Perfect Blue (1997) (TMDb: 10494)                                  |
[2022-11-16 18:56:59,189] [builder.py:2321]           [INFO]     | TMDb Top Rated Collection | ? | Apocalypse Now (1979) (TMDb: 28)                                   |
[2022-11-16 18:56:59,200] [builder.py:2321]           [INFO]     | TMDb Top Rated Collection | ? | Avengers: Endgame (2019) (TMDb: 299534)                            |
[2022-11-16 18:56:59,214] [builder.py:2321]           [INFO]     | TMDb Top Rated Collection | ? | Rascal Does Not Dream of a Dreaming Girl (2019) (TMDb: 572154)     |
[2022-11-16 18:56:59,227] [builder.py:2321]           [INFO]     | TMDb Top Rated Collection | ? | Steven Universe: The Movie (2019) (TMDb: 537061)                   |
[2022-11-16 18:56:59,245] [builder.py:2321]           [INFO]     | TMDb Top Rated Collection | ? | Woman in the Dunes (1964) (TMDb: 16672)                            |
[2022-11-16 18:56:59,257] [builder.py:2321]           [INFO]     | TMDb Top Rated Collection | ? | A Brighter Summer Day (1991) (TMDb: 15804)                         |
[2022-11-16 18:56:59,268] [builder.py:2321]           [INFO]     | TMDb Top Rated Collection | ? | Oldboy (2003) (TMDb: 670)                                          |
[2022-11-16 18:56:59,279] [builder.py:2321]           [INFO]     | TMDb Top Rated Collection | ? | Mommy (2014) (TMDb: 265177)                                        |
[2022-11-16 18:56:59,290] [builder.py:2321]           [INFO]     | TMDb Top Rated Collection | ? | The Intouchables (2011) (TMDb: 77338)                              |
[2022-11-16 18:56:59,303] [builder.py:2321]           [INFO]     | TMDb Top Rated Collection | ? | The Legend of 1900 (1998) (TMDb: 10376)                            |
[2022-11-16 18:56:59,320] [builder.py:2321]           [INFO]     | TMDb Top Rated Collection | ? | Avengers: Infinity War (2018) (TMDb: 299536)                       |
[2022-11-16 18:56:59,332] [builder.py:2321]           [INFO]     | TMDb Top Rated Collection | ? | It's a Wonderful Life (1946) (TMDb: 1585)                          |
[2022-11-16 18:56:59,350] [builder.py:2321]           [INFO]     | TMDb Top Rated Collection | ? | The Handmaiden (2016) (TMDb: 290098)                               |
[2022-11-16 18:56:59,361] [builder.py:2321]           [INFO]     | TMDb Top Rated Collection | ? | Along with the Gods: The Last 49 Days (2018) (TMDb: 518068)        |
[2022-11-16 18:56:59,373] [builder.py:2321]           [INFO]     | TMDb Top Rated Collection | ? | The Lion King (1994) (TMDb: 8587)                                  |
[2022-11-16 18:56:59,392] [builder.py:2321]           [INFO]     | TMDb Top Rated Collection | ? | The Art of Racing in the Rain (2019) (TMDb: 522924)                |
[2022-11-16 18:56:59,408] [builder.py:2321]           [INFO]     | TMDb Top Rated Collection | ? | Klaus (2019) (TMDb: 508965)                                        |
[2022-11-16 18:56:59,424] [builder.py:2321]           [INFO]     | TMDb Top Rated Collection | ? | Tokyo Story (1953) (TMDb: 18148)                                   |
[2022-11-16 18:56:59,441] [builder.py:2321]           [INFO]     | TMDb Top Rated Collection | ? | Persona (1966) (TMDb: 797)                                         |
[2022-11-16 18:56:59,453] [builder.py:2321]           [INFO]     | TMDb Top Rated Collection | ? | Maquia: When the Promised Flower Blooms (2018) (TMDb: 476292)      |
[2022-11-16 18:56:59,465] [builder.py:2321]           [INFO]     | TMDb Top Rated Collection | ? | My Hero Academia: Heroes Rising (2019) (TMDb: 592350)              |
[2022-11-16 18:56:59,466] [builder.py:2326]           [INFO]     |                                                                                                    |
[2022-11-16 18:56:59,466] [builder.py:2327]           [INFO]     | 99 Movies Missing                                                                                  |
[2022-11-16 18:57:04,145] [plex_meta_manager.py:652]  [INFO]     |                                                                                                    |
[2022-11-16 18:57:04,146] [plex_meta_manager.py:653]  [INFO]     | Collection Minimum: 2 not met for TMDb Top Rated Collection                                        |
[2022-11-16 18:57:04,146] [plex_meta_manager.py:736]  [INFO]     |                                                                                                    |
[2022-11-16 18:57:04,146] [plex_meta_manager.py:737]  [INFO]     |====================================================================================================|
[2022-11-16 18:57:04,147] [plex_meta_manager.py:737]  [INFO]     |                                 Finished TMDb Top Rated Collection                                 |
[2022-11-16 18:57:04,147] [plex_meta_manager.py:737]  [INFO]     |                                    Collection Run Time: 0:00:06                                    |
[2022-11-16 18:57:04,147] [plex_meta_manager.py:737]  [INFO]     |====================================================================================================|
