[2022-11-16 22:32:04,757] [builder.py:193]            [INFO]     |====================================================================================================|
[2022-11-16 22:32:04,757] [builder.py:193]            [INFO]     |                              Dolph Lundgren Collection in Old Movies                               |
[2022-11-16 22:32:04,758] [builder.py:193]            [INFO]     |====================================================================================================|
[2022-11-16 22:32:04,758] [builder.py:194]            [INFO]     |                                                                                                    |
[2022-11-16 22:32:04,758] [builder.py:199]            [INFO]     |================================ Building Definition From Templates ================================|
[2022-11-16 22:32:04,758] [builder.py:215]            [DEBUG]    |                                                                                                    |
[2022-11-16 22:32:04,758] [meta.py:210]               [DEBUG]    |====================================== Template smart_filter =======================================|
[2022-11-16 22:32:04,759] [meta.py:451]               [DEBUG]    |                                                                                                    |
[2022-11-16 22:32:04,765] [meta.py:210]               [DEBUG]    |======================================= Template translation =======================================|
[2022-11-16 22:32:04,766] [meta.py:451]               [DEBUG]    |                                                                                                    |
[2022-11-16 22:32:04,768] [meta.py:210]               [DEBUG]    |========================================= Template shared ==========================================|
[2022-11-16 22:32:04,769] [meta.py:451]               [DEBUG]    |                                                                                                    |
[2022-11-16 22:32:04,781] [meta.py:512]               [DEBUG]    |                                                                                                    |
[2022-11-16 22:32:04,781] [meta.py:513]               [DEBUG]    |==================================== Final Template Attributes =====================================|
[2022-11-16 22:32:04,781] [meta.py:514]               [DEBUG]    |                                                                                                    |
[2022-11-16 22:32:04,782] [meta.py:515]               [DEBUG]    | {'tmdb_person': ['Dolph Lundgren'], 'smart_filter': {'sort_by': 'title.asc', 'any': {'actor': 'tmdb'}}, 'summary': 'Movies with Dolph Lundgren.', 'name': 'Dolph Lundgren', 'ignore_blank_results': True, 'collection_mode': 'hide', 'sort_title': '!17_Dolph Lundgren', 'url_poster': 'https://raw.githubusercontent.com/meisnate12/Plex-Meta-Manager-Images/master/people/rainier/Dolph%20Lundgren.jpg'} |
[2022-11-16 22:32:04,782] [meta.py:516]               [DEBUG]    |                                                                                                    |
[2022-11-16 22:32:04,782] [builder.py:223]            [INFO]     |=============================== Validating Dolph Lundgren Attributes ===============================|
[2022-11-16 22:32:04,782] [builder.py:226]            [DEBUG]    |                                                                                                    |
[2022-11-16 22:32:04,782] [builder.py:227]            [DEBUG]    | Validating Method: name                                                                            |
[2022-11-16 22:32:04,782] [builder.py:230]            [DEBUG]    | Value: Dolph Lundgren                                                                              |
[2022-11-16 22:32:04,782] [builder.py:502]            [DEBUG]    |                                                                                                    |
[2022-11-16 22:32:04,783] [builder.py:503]            [DEBUG]    | Validating Method: ignore_blank_results                                                            |
[2022-11-16 22:32:04,783] [builder.py:504]            [DEBUG]    | Value: True                                                                                        |
[2022-11-16 22:32:04,783] [builder.py:528]            [DEBUG]    |                                                                                                    |
[2022-11-16 22:32:04,783] [builder.py:529]            [DEBUG]    | Validating Method: tmdb_person                                                                     |
[2022-11-16 22:32:04,783] [builder.py:533]            [DEBUG]    | Value: ['Dolph Lundgren']                                                                          |
[2022-11-16 22:32:04,938] [builder.py:1784]           [INFO]     |                                                                                                    |
[2022-11-16 22:32:04,939] [builder.py:1785]           [INFO]     | Validating Method: smart_filter                                                                    |
[2022-11-16 22:32:04,939] [builder.py:1791]           [DEBUG]    | Value: {'sort_by': 'title.asc', 'any': {'actor': 'tmdb'}}                                          |
[2022-11-16 22:32:05,333] [builder.py:1978]           [DEBUG]    | Smart URL: ?type=1&sort=titleSort&push=1&actor=48302&pop=1                                         |
[2022-11-16 22:32:05,333] [builder.py:646]            [DEBUG]    |                                                                                                    |
[2022-11-16 22:32:05,333] [builder.py:650]            [DEBUG]    | Validating Method: label                                                                           |
[2022-11-16 22:32:05,333] [builder.py:651]            [DEBUG]    | Value: Top Actors                                                                                  |
[2022-11-16 22:32:05,334] [builder.py:646]            [DEBUG]    |                                                                                                    |
[2022-11-16 22:32:05,334] [builder.py:650]            [DEBUG]    | Validating Method: summary                                                                         |
[2022-11-16 22:32:05,334] [builder.py:651]            [DEBUG]    | Value: Movies with Dolph Lundgren.                                                                 |
[2022-11-16 22:32:05,334] [builder.py:646]            [DEBUG]    |                                                                                                    |
[2022-11-16 22:32:05,334] [builder.py:650]            [DEBUG]    | Validating Method: collection_mode                                                                 |
[2022-11-16 22:32:05,334] [builder.py:651]            [DEBUG]    | Value: hide                                                                                        |
[2022-11-16 22:32:05,334] [builder.py:646]            [DEBUG]    |                                                                                                    |
[2022-11-16 22:32:05,335] [builder.py:650]            [DEBUG]    | Validating Method: sort_title                                                                      |
[2022-11-16 22:32:05,335] [builder.py:651]            [DEBUG]    | Value: !17_Dolph Lundgren                                                                          |
[2022-11-16 22:32:05,335] [builder.py:646]            [DEBUG]    |                                                                                                    |
[2022-11-16 22:32:05,335] [builder.py:650]            [DEBUG]    | Validating Method: url_poster                                                                      |
[2022-11-16 22:32:05,335] [builder.py:651]            [DEBUG]    | Value: https://raw.githubusercontent.com/meisnate12/Plex-Meta-Manager-Images/master/people/rainier/Dolph%20Lundgren.jpg |
[2022-11-16 22:32:05,513] [plex.py:835]               [DEBUG]    |                                                                                                    |
[2022-11-16 22:32:05,513] [plex.py:838]               [DEBUG]    | Looking for: Dolph Lundgren                                                                        |
[2022-11-16 22:32:05,514] [builder.py:814]            [INFO]     |                                                                                                    |
[2022-11-16 22:32:05,514] [builder.py:815]            [INFO]     | Validation Successful                                                                              |
[2022-11-16 22:32:05,515] [plex_meta_manager.py:594]  [INFO]     |                                                                                                    |
[2022-11-16 22:32:05,515] [plex_meta_manager.py:596]  [INFO]     |================================ Running Dolph Lundgren Collection =================================|
[2022-11-16 22:32:05,516] [plex_meta_manager.py:602]  [INFO]     |                                                                                                    |
[2022-11-16 22:32:05,516] [plex_meta_manager.py:603]  [INFO]     | Smart Movie Filter                                                                                 |
                                                                 | Sort By: ['title.asc']
                                                                 | Filter:
                                                                 |   Match any of the following:
                                                                 |     Actor is Dolph Lundgren
[2022-11-16 22:32:05,595] [builder.py:2509]           [DEBUG]    | Smart Collection Created: ?type=1&sort=titleSort&push=1&actor=48302&pop=1
[2022-11-16 22:32:05,605] [builder.py:2527]           [INFO]     | 
[2022-11-16 22:32:05,605] [builder.py:2528]           [INFO]     |========================== Updating Details of Dolph Lundgren Collection ===========================|
[2022-11-16 22:32:05,606] [builder.py:2529]           [INFO]     |                                                                                                    |
[2022-11-16 22:32:05,617] [builder.py:2595]           [INFO]     | Collection Metadata Edits                                                                          |
                                                                 | Summary (summary) | Movies with Dolph Lundgren.
                                                                 | Sort Title | !17_Dolph Lundgren
                                                                 | Label | +Top Actors, +PMM
[2022-11-16 22:32:07,722] [builder.py:2599]           [INFO]     | Details: have been updated
[2022-11-16 22:32:07,722] [builder.py:2603]           [INFO]     | 
[2022-11-16 22:32:09,450] [builder.py:2615]           [INFO]     | Collection Mode | hide
[2022-11-16 22:32:09,465] [plex.py:1203]              [WARNING]  | Asset Warning: Asset Directory Not Found and Created: config/Old_Movies/Assets/Dolph Lundgren
[2022-11-16 22:32:09,465] [util.py:174]               [DEBUG]    | 2 posters found:
[2022-11-16 22:32:09,466] [util.py:176]               [DEBUG]    | Method: tmdb_person Poster: https://image.tmdb.org/t/p/original/t3hMzibYVUS1KBXFgtxuNnax8qX.jpg
[2022-11-16 22:32:09,466] [util.py:176]               [DEBUG]    | Method: url_poster Poster: https://raw.githubusercontent.com/meisnate12/Plex-Meta-Manager-Images/master/people/rainier/Dolph%20Lundgren.jpg
[2022-11-16 22:32:09,790] [library.py:178]            [INFO]     | Detail: asset_directory updated Dolph Lundgren's poster to [File] config/Old_Movies/Assets/Dolph Lundgren/poster.jpg
[2022-11-16 22:32:09,869] [plex_meta_manager.py:736]  [INFO]     | 
[2022-11-16 22:32:09,869] [plex_meta_manager.py:737]  [INFO]     |====================================================================================================|
[2022-11-16 22:32:09,870] [plex_meta_manager.py:737]  [INFO]     |                                 Finished Dolph Lundgren Collection                                 |
[2022-11-16 22:32:09,870] [plex_meta_manager.py:737]  [INFO]     |                                    Collection Run Time: 0:00:05                                    |
[2022-11-16 22:32:09,871] [plex_meta_manager.py:737]  [INFO]     |====================================================================================================|
