[2022-11-17 00:43:33,821] [builder.py:193]            [INFO]     |====================================================================================================|
[2022-11-17 00:43:33,821] [builder.py:193]            [INFO]     |                        Laura Ziskin (Producer) Collection in Marvel Movies                         |
[2022-11-17 00:43:33,821] [builder.py:193]            [INFO]     |====================================================================================================|
[2022-11-17 00:43:33,821] [builder.py:194]            [INFO]     |                                                                                                    |
[2022-11-17 00:43:33,821] [builder.py:199]            [INFO]     |================================ Building Definition From Templates ================================|
[2022-11-17 00:43:33,822] [builder.py:215]            [DEBUG]    |                                                                                                    |
[2022-11-17 00:43:33,822] [meta.py:210]               [DEBUG]    |====================================== Template smart_filter =======================================|
[2022-11-17 00:43:33,822] [meta.py:451]               [DEBUG]    |                                                                                                    |
[2022-11-17 00:43:33,827] [meta.py:210]               [DEBUG]    |======================================= Template translation =======================================|
[2022-11-17 00:43:33,828] [meta.py:451]               [DEBUG]    |                                                                                                    |
[2022-11-17 00:43:33,831] [meta.py:210]               [DEBUG]    |========================================= Template shared ==========================================|
[2022-11-17 00:43:33,831] [meta.py:451]               [DEBUG]    |                                                                                                    |
[2022-11-17 00:43:33,843] [meta.py:512]               [DEBUG]    |                                                                                                    |
[2022-11-17 00:43:33,843] [meta.py:513]               [DEBUG]    |==================================== Final Template Attributes =====================================|
[2022-11-17 00:43:33,843] [meta.py:514]               [DEBUG]    |                                                                                                    |
[2022-11-17 00:43:33,843] [meta.py:515]               [DEBUG]    | {'tmdb_person': ['Laura Ziskin'], 'smart_filter': {'sort_by': 'title.asc', 'any': {'producer': 'tmdb'}}, 'summary': 'Movies produced by Laura Ziskin.', 'name': 'Laura Ziskin (Producer)', 'ignore_blank_results': True, 'collection_mode': 'hide', 'sort_title': '!19_Laura Ziskin (Producer)', 'url_poster': 'https://raw.githubusercontent.com/meisnate12/Plex-Meta-Manager-Images/master/people/rainier/Laura%20Ziskin.jpg'} |
[2022-11-17 00:43:33,843] [meta.py:516]               [DEBUG]    |                                                                                                    |
[2022-11-17 00:43:33,843] [builder.py:223]            [INFO]     |========================== Validating Laura Ziskin (Producer) Attributes ===========================|
[2022-11-17 00:43:33,843] [builder.py:226]            [DEBUG]    |                                                                                                    |
[2022-11-17 00:43:33,844] [builder.py:227]            [DEBUG]    | Validating Method: name                                                                            |
[2022-11-17 00:43:33,844] [builder.py:230]            [DEBUG]    | Value: Laura Ziskin (Producer)                                                                     |
[2022-11-17 00:43:33,844] [builder.py:502]            [DEBUG]    |                                                                                                    |
[2022-11-17 00:43:33,844] [builder.py:503]            [DEBUG]    | Validating Method: ignore_blank_results                                                            |
[2022-11-17 00:43:33,844] [builder.py:504]            [DEBUG]    | Value: True                                                                                        |
[2022-11-17 00:43:33,844] [builder.py:528]            [DEBUG]    |                                                                                                    |
[2022-11-17 00:43:33,844] [builder.py:529]            [DEBUG]    | Validating Method: tmdb_person                                                                     |
[2022-11-17 00:43:33,844] [builder.py:533]            [DEBUG]    | Value: ['Laura Ziskin']                                                                            |
[2022-11-17 00:43:33,953] [builder.py:1784]           [INFO]     |                                                                                                    |
[2022-11-17 00:43:33,953] [builder.py:1785]           [INFO]     | Validating Method: smart_filter                                                                    |
[2022-11-17 00:43:33,953] [builder.py:1791]           [DEBUG]    | Value: {'sort_by': 'title.asc', 'any': {'producer': 'tmdb'}}                                       |
[2022-11-17 00:43:33,979] [builder.py:1978]           [DEBUG]    | Smart URL: ?type=1&sort=titleSort&push=1&producer=47304&pop=1                                      |
[2022-11-17 00:43:33,980] [builder.py:646]            [DEBUG]    |                                                                                                    |
[2022-11-17 00:43:33,980] [builder.py:650]            [DEBUG]    | Validating Method: label                                                                           |
[2022-11-17 00:43:33,980] [builder.py:651]            [DEBUG]    | Value: Top Producers                                                                               |
[2022-11-17 00:43:33,980] [builder.py:646]            [DEBUG]    |                                                                                                    |
[2022-11-17 00:43:33,980] [builder.py:650]            [DEBUG]    | Validating Method: summary                                                                         |
[2022-11-17 00:43:33,980] [builder.py:651]            [DEBUG]    | Value: Movies produced by Laura Ziskin.                                                            |
[2022-11-17 00:43:33,981] [builder.py:646]            [DEBUG]    |                                                                                                    |
[2022-11-17 00:43:33,981] [builder.py:650]            [DEBUG]    | Validating Method: collection_mode                                                                 |
[2022-11-17 00:43:33,981] [builder.py:651]            [DEBUG]    | Value: hide                                                                                        |
[2022-11-17 00:43:33,981] [builder.py:646]            [DEBUG]    |                                                                                                    |
[2022-11-17 00:43:33,981] [builder.py:650]            [DEBUG]    | Validating Method: sort_title                                                                      |
[2022-11-17 00:43:33,981] [builder.py:651]            [DEBUG]    | Value: !19_Laura Ziskin (Producer)                                                                 |
[2022-11-17 00:43:33,981] [builder.py:646]            [DEBUG]    |                                                                                                    |
[2022-11-17 00:43:33,981] [builder.py:650]            [DEBUG]    | Validating Method: url_poster                                                                      |
[2022-11-17 00:43:33,981] [builder.py:651]            [DEBUG]    | Value: https://raw.githubusercontent.com/meisnate12/Plex-Meta-Manager-Images/master/people/rainier/Laura%20Ziskin.jpg |
[2022-11-17 00:43:34,079] [builder.py:845]            [WARNING]  | Collection Warning: No Poster Found at https://raw.githubusercontent.com/meisnate12/Plex-Meta-Manager-Images/master/people/rainier/Laura%20Ziskin.jpg |
[2022-11-17 00:43:34,084] [plex.py:835]               [DEBUG]    |                                                                                                    |
[2022-11-17 00:43:34,084] [plex.py:838]               [DEBUG]    | Looking for: Laura Ziskin (Producer)                                                               |
[2022-11-17 00:43:34,084] [builder.py:814]            [INFO]     |                                                                                                    |
[2022-11-17 00:43:34,085] [builder.py:815]            [INFO]     | Validation Successful                                                                              |
[2022-11-17 00:43:34,085] [plex_meta_manager.py:594]  [INFO]     |                                                                                                    |
[2022-11-17 00:43:34,085] [plex_meta_manager.py:596]  [INFO]     |============================ Running Laura Ziskin (Producer) Collection ============================|
[2022-11-17 00:43:34,085] [plex_meta_manager.py:602]  [INFO]     |                                                                                                    |
[2022-11-17 00:43:34,085] [plex_meta_manager.py:603]  [INFO]     | Smart Movie Filter                                                                                 |
                                                                 | Sort By: ['title.asc']
                                                                 | Filter:
                                                                 |   Match any of the following:
                                                                 |     Producer is Laura Ziskin
[2022-11-17 00:43:34,110] [builder.py:2509]           [DEBUG]    | Smart Collection Created: ?type=1&sort=titleSort&push=1&producer=47304&pop=1
[2022-11-17 00:43:34,115] [builder.py:2527]           [INFO]     | 
[2022-11-17 00:43:34,115] [builder.py:2528]           [INFO]     |====================== Updating Details of Laura Ziskin (Producer) Collection ======================|
[2022-11-17 00:43:34,115] [builder.py:2529]           [INFO]     |                                                                                                    |
[2022-11-17 00:43:34,122] [builder.py:2595]           [INFO]     | Collection Metadata Edits                                                                          |
                                                                 | Summary (summary) | Movies produced by Laura Ziskin.
                                                                 | Sort Title | !19_Laura Ziskin (Producer)
                                                                 | Label | +Top Producers, +PMM
[2022-11-17 00:43:35,809] [builder.py:2599]           [INFO]     | Details: have been updated
[2022-11-17 00:43:35,809] [builder.py:2603]           [INFO]     | 
[2022-11-17 00:43:37,272] [builder.py:2615]           [INFO]     | Collection Mode | hide
[2022-11-17 00:43:37,278] [plex.py:1203]              [WARNING]  | Asset Warning: Asset Directory Not Found and Created: config/Marvel_Movies/Assets/Laura Ziskin (Producer)
[2022-11-17 00:43:37,296] [plex_meta_manager.py:736]  [INFO]     | 
[2022-11-17 00:43:37,296] [plex_meta_manager.py:737]  [INFO]     |====================================================================================================|
[2022-11-17 00:43:37,296] [plex_meta_manager.py:737]  [INFO]     |                            Finished Laura Ziskin (Producer) Collection                             |
[2022-11-17 00:43:37,296] [plex_meta_manager.py:737]  [INFO]     |                                    Collection Run Time: 0:00:03                                    |
[2022-11-17 00:43:37,296] [plex_meta_manager.py:737]  [INFO]     |====================================================================================================|
