[2022-11-16 22:37:33,167] [builder.py:193]            [INFO]     |====================================================================================================|
[2022-11-16 22:37:33,167] [builder.py:193]            [INFO]     |                               IMDb Popular Collection in Old Movies                                |
[2022-11-16 22:37:33,167] [builder.py:193]            [INFO]     |====================================================================================================|
[2022-11-16 22:37:33,167] [builder.py:194]            [INFO]     |                                                                                                    |
[2022-11-16 22:37:33,168] [builder.py:199]            [INFO]     |================================ Building Definition From Templates ================================|
[2022-11-16 22:37:33,168] [builder.py:209]            [DEBUG]    |                                                                                                    |
[2022-11-16 22:37:33,168] [builder.py:210]            [DEBUG]    | Validating Method: variables                                                                       |
[2022-11-16 22:37:33,168] [builder.py:215]            [DEBUG]    |                                                                                                    |
[2022-11-16 22:37:33,168] [meta.py:210]               [DEBUG]    |======================================= Template imdb_chart ========================================|
[2022-11-16 22:37:33,169] [meta.py:451]               [DEBUG]    |                                                                                                    |
[2022-11-16 22:37:33,171] [meta.py:210]               [DEBUG]    |========================================= Template shared ==========================================|
[2022-11-16 22:37:33,172] [meta.py:451]               [DEBUG]    |                                                                                                    |
[2022-11-16 22:37:33,183] [meta.py:210]               [DEBUG]    |=========================================== Template arr ===========================================|
[2022-11-16 22:37:33,184] [meta.py:451]               [DEBUG]    |                                                                                                    |
[2022-11-16 22:37:33,190] [meta.py:210]               [DEBUG]    |========================================= Template custom ==========================================|
[2022-11-16 22:37:33,190] [meta.py:451]               [DEBUG]    |                                                                                                    |
[2022-11-16 22:37:33,194] [meta.py:210]               [DEBUG]    |======================================= Template translation =======================================|
[2022-11-16 22:37:33,195] [meta.py:451]               [DEBUG]    |                                                                                                    |
[2022-11-16 22:37:33,197] [meta.py:512]               [DEBUG]    |                                                                                                    |
[2022-11-16 22:37:33,197] [meta.py:513]               [DEBUG]    |==================================== Final Template Attributes =====================================|
[2022-11-16 22:37:33,198] [meta.py:514]               [DEBUG]    |                                                                                                    |
[2022-11-16 22:37:33,198] [meta.py:515]               [DEBUG]    | {'imdb_chart': 'popular_movies', 'ignore_blank_results': True, 'collection_mode': 'hide', 'sort_title': '!01_IMDb Popular', 'url_poster': 'https://raw.githubusercontent.com/meisnate12/Plex-Meta-Manager-Images/master/chart/IMDb%20Popular.jpg', 'collection_order': 'custom', 'sync_mode': 'sync', 'cache_builders': 1, 'summary': 'List of IMDb Popular movies.', 'name': 'IMDb Popular'} |
[2022-11-16 22:37:33,198] [meta.py:516]               [DEBUG]    |                                                                                                    |
[2022-11-16 22:37:33,198] [builder.py:223]            [INFO]     |================================ Validating IMDb Popular Attributes ================================|
[2022-11-16 22:37:33,198] [builder.py:226]            [DEBUG]    |                                                                                                    |
[2022-11-16 22:37:33,198] [builder.py:227]            [DEBUG]    | Validating Method: name                                                                            |
[2022-11-16 22:37:33,199] [builder.py:230]            [DEBUG]    | Value: IMDb Popular                                                                                |
[2022-11-16 22:37:33,199] [builder.py:502]            [DEBUG]    |                                                                                                    |
[2022-11-16 22:37:33,199] [builder.py:503]            [DEBUG]    | Validating Method: ignore_blank_results                                                            |
[2022-11-16 22:37:33,199] [builder.py:504]            [DEBUG]    | Value: True                                                                                        |
[2022-11-16 22:37:33,199] [builder.py:516]            [DEBUG]    |                                                                                                    |
[2022-11-16 22:37:33,199] [builder.py:517]            [DEBUG]    | Validating Method: sync_mode                                                                       |
[2022-11-16 22:37:33,199] [builder.py:521]            [DEBUG]    | Value: sync                                                                                        |
[2022-11-16 22:37:33,199] [builder.py:613]            [DEBUG]    |                                                                                                    |
[2022-11-16 22:37:33,200] [builder.py:614]            [DEBUG]    | Validating Method: collection_order                                                                |
[2022-11-16 22:37:33,200] [builder.py:615]            [DEBUG]    | Value: custom                                                                                      |
[2022-11-16 22:37:33,200] [builder.py:646]            [DEBUG]    |                                                                                                    |
[2022-11-16 22:37:33,200] [builder.py:650]            [DEBUG]    | Validating Method: imdb_chart                                                                      |
[2022-11-16 22:37:33,200] [builder.py:651]            [DEBUG]    | Value: popular_movies                                                                              |
[2022-11-16 22:37:33,200] [builder.py:646]            [DEBUG]    |                                                                                                    |
[2022-11-16 22:37:33,200] [builder.py:650]            [DEBUG]    | Validating Method: collection_mode                                                                 |
[2022-11-16 22:37:33,201] [builder.py:651]            [DEBUG]    | Value: hide                                                                                        |
[2022-11-16 22:37:33,201] [builder.py:646]            [DEBUG]    |                                                                                                    |
[2022-11-16 22:37:33,201] [builder.py:650]            [DEBUG]    | Validating Method: sort_title                                                                      |
[2022-11-16 22:37:33,201] [builder.py:651]            [DEBUG]    | Value: !01_IMDb Popular                                                                            |
[2022-11-16 22:37:33,201] [builder.py:646]            [DEBUG]    |                                                                                                    |
[2022-11-16 22:37:33,201] [builder.py:650]            [DEBUG]    | Validating Method: url_poster                                                                      |
[2022-11-16 22:37:33,201] [builder.py:651]            [DEBUG]    | Value: https://raw.githubusercontent.com/meisnate12/Plex-Meta-Manager-Images/master/chart/IMDb%20Popular.jpg |
[2022-11-16 22:37:33,322] [builder.py:646]            [DEBUG]    |                                                                                                    |
[2022-11-16 22:37:33,322] [builder.py:650]            [DEBUG]    | Validating Method: cache_builders                                                                  |
[2022-11-16 22:37:33,322] [builder.py:651]            [DEBUG]    | Value: 1                                                                                           |
[2022-11-16 22:37:33,322] [builder.py:646]            [DEBUG]    |                                                                                                    |
[2022-11-16 22:37:33,322] [builder.py:650]            [DEBUG]    | Validating Method: summary                                                                         |
[2022-11-16 22:37:33,323] [builder.py:651]            [DEBUG]    | Value: List of IMDb Popular movies.                                                                |
[2022-11-16 22:37:33,389] [builder.py:814]            [INFO]     |                                                                                                    |
[2022-11-16 22:37:33,389] [builder.py:815]            [INFO]     | Validation Successful                                                                              |
[2022-11-16 22:37:33,389] [plex_meta_manager.py:594]  [INFO]     |                                                                                                    |
[2022-11-16 22:37:33,389] [plex_meta_manager.py:596]  [INFO]     |================================= Running IMDb Popular Collection ==================================|
[2022-11-16 22:37:33,389] [plex_meta_manager.py:608]  [INFO]     |                                                                                                    |
[2022-11-16 22:37:33,390] [plex_meta_manager.py:609]  [INFO]     | Sync Mode: sync                                                                                    |
[2022-11-16 22:37:33,390] [plex_meta_manager.py:612]  [DEBUG]    |                                                                                                    |
[2022-11-16 22:37:33,390] [plex_meta_manager.py:613]  [DEBUG]    | Builder: imdb_chart: popular_movies                                                                |
[2022-11-16 22:37:33,390] [plex_meta_manager.py:614]  [INFO]     |                                                                                                    |
[2022-11-16 22:37:33,391] [builder.py:1523]           [INFO]     | Builder: imdb_chart loaded from Cache                                                              |
[2022-11-16 22:37:33,394] [builder.py:1574]           [DEBUG]    |                                                                                                    |
[2022-11-16 22:37:33,394] [builder.py:1575]           [DEBUG]    | 100 IDs Found                                                                                      |
[2022-11-16 22:37:33,394] [builder.py:1577]           [DEBUG]    |                                                                                                    |
[2022-11-16 22:37:33,451] [builder.py:2158]           [INFO]     |                                                                                                    |
[2022-11-16 22:37:33,451] [builder.py:2159]           [INFO]     |================================ Adding to IMDb Popular Collection =================================|
[2022-11-16 22:37:33,451] [builder.py:2160]           [INFO]     |                                                                                                    |
[2022-11-16 22:37:33,452] [builder.py:2174]           [INFO]     |  1/11 | IMDb Popular Collection | = | Enola Holmes (2020)                                          |
[2022-11-16 22:37:33,452] [builder.py:2174]           [INFO]     |  2/11 | IMDb Popular Collection | = | Top Gun (1986)                                               |
[2022-11-16 22:37:33,452] [builder.py:2174]           [INFO]     |  3/11 | IMDb Popular Collection | = | Avatar (2009)                                                |
[2022-11-16 22:37:33,452] [builder.py:2174]           [INFO]     |  4/11 | IMDb Popular Collection | = | The Shawshank Redemption (1994)                              |
[2022-11-16 22:37:33,452] [builder.py:2174]           [INFO]     |  5/11 | IMDb Popular Collection | = | The Godfather (1972)                                         |
[2022-11-16 22:37:33,453] [builder.py:2174]           [INFO]     |  6/11 | IMDb Popular Collection | = | Harry Potter and the Sorcerer's Stone (2001)                 |
[2022-11-16 22:37:33,453] [builder.py:2174]           [INFO]     |  7/11 | IMDb Popular Collection | + | Interstellar (2014)                                          |
[2022-11-16 22:37:33,576] [builder.py:2174]           [INFO]     |  8/11 | IMDb Popular Collection | + | Interstellar (2014)                                          |
[2022-11-16 22:37:33,685] [builder.py:2174]           [INFO]     |  9/11 | IMDb Popular Collection | = | The Lord of the Rings: The Fellowship of the Ring (2001)     |
[2022-11-16 22:37:33,686] [builder.py:2174]           [INFO]     | 10/11 | IMDb Popular Collection | + | Rogue One: A Star Wars Story (2016)                          |
[2022-11-16 22:37:35,893] [builder.py:2174]           [INFO]     | 11/11 | IMDb Popular Collection | + | Dune (2021)                                                  |
[2022-11-16 22:37:40,869] [builder.py:2194]           [INFO]     |                                                                                                    |
[2022-11-16 22:37:40,869] [builder.py:2196]           [INFO]     | 11 Movies Processed 4 Movies Added                                                                 |
[2022-11-16 22:37:40,869] [builder.py:2204]           [INFO]     |                                                                                                    |
[2022-11-16 22:37:40,869] [builder.py:2205]           [INFO]     |=============================== Removed from IMDb Popular Collection ===============================|
[2022-11-16 22:37:40,869] [builder.py:2206]           [INFO]     |                                                                                                    |
[2022-11-16 22:37:40,869] [builder.py:2211]           [INFO]     | 1/1 | IMDb Popular Collection | - | Ghostbusters (1984)                                            |
[2022-11-16 22:37:47,531] [builder.py:2223]           [INFO]     |                                                                                                    |
[2022-11-16 22:37:47,531] [builder.py:2224]           [INFO]     | 1 Movies Removed                                                                                   |
[2022-11-16 22:37:47,532] [builder.py:2306]           [INFO]     |                                                                                                    |
[2022-11-16 22:37:47,532] [builder.py:2307]           [INFO]     |============================= Missing Movies from Library: Old Movies ==============================|
[2022-11-16 22:37:47,532] [builder.py:2308]           [INFO]     |                                                                                                    |
[2022-11-16 22:37:47,544] [builder.py:2321]           [INFO]     | IMDb Popular Collection | ? | Black Panther: Wakanda Forever (2022) (TMDb: 505642)                 |
[2022-11-16 22:37:47,554] [builder.py:2321]           [INFO]     | IMDb Popular Collection | ? | Enola Holmes 2 (2022) (TMDb: 829280)                                 |
[2022-11-16 22:37:47,571] [builder.py:2321]           [INFO]     | IMDb Popular Collection | ? | Weird: The Al Yankovic Story (2022) (TMDb: 928344)                   |
[2022-11-16 22:37:47,586] [builder.py:2325]           [INFO]     | IMDb Popular Collection | X | The Whale (2022) (TMDb: 785084)                                      |
[2022-11-16 22:37:47,602] [builder.py:2321]           [INFO]     | IMDb Popular Collection | ? | Don't Worry Darling (2022) (TMDb: 619730)                            |
[2022-11-16 22:37:47,614] [builder.py:2321]           [INFO]     | IMDb Popular Collection | ? | All Quiet on the Western Front (2022) (TMDb: 49046)                  |
[2022-11-16 22:37:47,628] [builder.py:2321]           [INFO]     | IMDb Popular Collection | ? | Barbarian (2022) (TMDb: 913290)                                      |
[2022-11-16 22:37:47,639] [builder.py:2321]           [INFO]     | IMDb Popular Collection | ? | Black Adam (2022) (TMDb: 436270)                                     |
[2022-11-16 22:37:47,650] [builder.py:2321]           [INFO]     | IMDb Popular Collection | ? | Terrifier 2 (2022) (TMDb: 663712)                                    |
[2022-11-16 22:37:47,665] [builder.py:2325]           [INFO]     | IMDb Popular Collection | X | Avatar: The Way of Water (2022) (TMDb: 76600)                        |
[2022-11-16 22:37:47,678] [builder.py:2321]           [INFO]     | IMDb Popular Collection | ? | My Policeman (2022) (TMDb: 744114)                                   |
[2022-11-16 22:37:47,695] [builder.py:2321]           [INFO]     | IMDb Popular Collection | ? | See How They Run (2022) (TMDb: 766475)                               |
[2022-11-16 22:37:47,706] [builder.py:2321]           [INFO]     | IMDb Popular Collection | ? | Smile (2022) (TMDb: 882598)                                          |
[2022-11-16 22:37:47,721] [builder.py:2321]           [INFO]     | IMDb Popular Collection | ? | The Good Nurse (2022) (TMDb: 541134)                                 |
[2022-11-16 22:37:47,732] [builder.py:2325]           [INFO]     | IMDb Popular Collection | X | Glass Onion: A Knives Out Mystery (2022) (TMDb: 661374)              |
[2022-11-16 22:37:47,742] [builder.py:2321]           [INFO]     | IMDb Popular Collection | ? | The Banshees of Inisherin (2022) (TMDb: 674324)                      |
[2022-11-16 22:37:47,753] [builder.py:2321]           [INFO]     | IMDb Popular Collection | ? | Bullet Train (2022) (TMDb: 718930)                                   |
[2022-11-16 22:37:47,765] [builder.py:2321]           [INFO]     | IMDb Popular Collection | ? | Falling for Christmas (2022) (TMDb: 833097)                          |
[2022-11-16 22:37:47,778] [builder.py:2321]           [INFO]     | IMDb Popular Collection | ? | Top Gun: Maverick (2022) (TMDb: 361743)                              |
[2022-11-16 22:37:47,781] [builder.py:2325]           [INFO]     | IMDb Popular Collection | X | John Wick: Chapter 4 (2023) (TMDb: 603692)                           |
[2022-11-16 22:37:47,794] [builder.py:2321]           [INFO]     | IMDb Popular Collection | ? | Causeway (2022) (TMDb: 595586)                                       |
[2022-11-16 22:37:47,806] [builder.py:2321]           [INFO]     | IMDb Popular Collection | ? | X (2022) (TMDb: 760104)                                              |
[2022-11-16 22:37:47,819] [builder.py:2321]           [INFO]     | IMDb Popular Collection | ? | The Woman King (2022) (TMDb: 724495)                                 |
[2022-11-16 22:37:47,833] [builder.py:2321]           [INFO]     | IMDb Popular Collection | ? | Amsterdam (2022) (TMDb: 664469)                                      |
[2022-11-16 22:37:47,846] [builder.py:2321]           [INFO]     | IMDb Popular Collection | ? | Black Panther (2018) (TMDb: 284054)                                  |
[2022-11-16 22:37:47,875] [builder.py:2321]           [INFO]     | IMDb Popular Collection | ? | Terrifier (2016) (TMDb: 420634)                                      |
[2022-11-16 22:37:47,894] [builder.py:2321]           [INFO]     | IMDb Popular Collection | ? | Ticket to Paradise (2022) (TMDb: 800939)                             |
[2022-11-16 22:37:47,915] [builder.py:2321]           [INFO]     | IMDb Popular Collection | ? | The School for Good and Evil (2022) (TMDb: 779782)                   |
[2022-11-16 22:37:47,930] [builder.py:2325]           [INFO]     | IMDb Popular Collection | X | The Menu (2022) (TMDb: 593643)                                       |
[2022-11-16 22:37:47,949] [builder.py:2321]           [INFO]     | IMDb Popular Collection | ? | Kantara (2022) (TMDb: 858485)                                        |
[2022-11-16 22:37:47,961] [builder.py:2325]           [INFO]     | IMDb Popular Collection | X | A Christmas Story Christmas (2022) (TMDb: 929340)                    |
[2022-11-16 22:37:47,974] [builder.py:2321]           [INFO]     | IMDb Popular Collection | ? | Pearl (2022) (TMDb: 949423)                                          |
[2022-11-16 22:37:47,984] [builder.py:2321]           [INFO]     | IMDb Popular Collection | ? | Triangle of Sadness (2022) (TMDb: 497828)                            |
[2022-11-16 22:37:47,995] [builder.py:2321]           [INFO]     | IMDb Popular Collection | ? | The Fabelmans (2022) (TMDb: 804095)                                  |
[2022-11-16 22:37:48,008] [builder.py:2321]           [INFO]     | IMDb Popular Collection | ? | Spirited (2022) (TMDb: 632856)                                       |
[2022-11-16 22:37:48,026] [builder.py:2321]           [INFO]     | IMDb Popular Collection | ? | The Bad Guys (2022) (TMDb: 629542)                                   |
[2022-11-16 22:37:48,037] [builder.py:2325]           [INFO]     | IMDb Popular Collection | X | Disenchanted (2022) (TMDb: 338958)                                   |
[2022-11-16 22:37:48,051] [builder.py:2321]           [INFO]     | IMDb Popular Collection | ? | Brahmāstra Part One: Shiva (2022) (TMDb: 496331)                     |
[2022-11-16 22:37:48,063] [builder.py:2321]           [INFO]     | IMDb Popular Collection | ? | Everything Everywhere All at Once (2022) (TMDb: 545611)              |
[2022-11-16 22:37:48,075] [builder.py:2321]           [INFO]     | IMDb Popular Collection | ? | Nope (2022) (TMDb: 762504)                                           |
[2022-11-16 22:37:48,088] [builder.py:2321]           [INFO]     | IMDb Popular Collection | ? | Thor: Love and Thunder (2022) (TMDb: 616037)                         |
[2022-11-16 22:37:48,098] [builder.py:2321]           [INFO]     | IMDb Popular Collection | ? | On the Line (2022) (TMDb: 979924)                                    |
[2022-11-16 22:37:48,109] [builder.py:2321]           [INFO]     | IMDb Popular Collection | ? | One Piece Film Red (2022) (TMDb: 900667)                             |
[2022-11-16 22:37:48,119] [builder.py:2321]           [INFO]     | IMDb Popular Collection | ? | The Stranger (2022) (TMDb: 848791)                                   |
[2022-11-16 22:37:48,130] [builder.py:2325]           [INFO]     | IMDb Popular Collection | X | She Said (2022) (TMDb: 837881)                                       |
[2022-11-16 22:37:48,143] [builder.py:2321]           [INFO]     | IMDb Popular Collection | ? | R.I.P.D. 2: Rise of the Damned (2022) (TMDb: 1013860)                |
[2022-11-16 22:37:48,156] [builder.py:2321]           [INFO]     | IMDb Popular Collection | ? | The Batman (2022) (TMDb: 414906)                                     |
[2022-11-16 22:37:48,171] [builder.py:2321]           [INFO]     | IMDb Popular Collection | ? | Where the Crawdads Sing (2022) (TMDb: 682507)                        |
[2022-11-16 22:37:48,183] [builder.py:2321]           [INFO]     | IMDb Popular Collection | ? | TÁR (2022) (TMDb: 817758)                                            |
[2022-11-16 22:37:48,196] [builder.py:2321]           [INFO]     | IMDb Popular Collection | ? | The Northman (2022) (TMDb: 639933)                                   |
[2022-11-16 22:37:48,208] [builder.py:2321]           [INFO]     | IMDb Popular Collection | ? | The Takeover (2022) (TMDb: 944864)                                   |
[2022-11-16 22:37:48,221] [builder.py:2321]           [INFO]     | IMDb Popular Collection | ? | Fall (2022) (TMDb: 985939)                                           |
[2022-11-16 22:37:48,233] [builder.py:2325]           [INFO]     | IMDb Popular Collection | X | Bones and All (2022) (TMDb: 791177)                                  |
[2022-11-16 22:37:48,244] [builder.py:2321]           [INFO]     | IMDb Popular Collection | ? | Luckiest Girl Alive (2022) (TMDb: 799546)                            |
[2022-11-16 22:37:48,256] [builder.py:2321]           [INFO]     | IMDb Popular Collection | ? | Medieval (2022) (TMDb: 551271)                                       |
[2022-11-16 22:37:48,275] [builder.py:2321]           [INFO]     | IMDb Popular Collection | ? | Halloween Ends (2022) (TMDb: 616820)                                 |
[2022-11-16 22:37:48,288] [builder.py:2321]           [INFO]     | IMDb Popular Collection | ? | Wendell & Wild (2022) (TMDb: 511817)                                 |
[2022-11-16 22:37:48,304] [builder.py:2321]           [INFO]     | IMDb Popular Collection | ? | Prey for the Devil (2022) (TMDb: 676547)                             |
[2022-11-16 22:37:48,319] [builder.py:2325]           [INFO]     | IMDb Popular Collection | X | Babylon (2022) (TMDb: 615777)                                        |
[2022-11-16 22:37:48,333] [builder.py:2321]           [INFO]     | IMDb Popular Collection | ? | Armageddon Time (2022) (TMDb: 615952)                                |
[2022-11-16 22:37:48,345] [builder.py:2321]           [INFO]     | IMDb Popular Collection | ? | A Christmas Story (1983) (TMDb: 850)                                 |
[2022-11-16 22:37:48,368] [builder.py:2325]           [INFO]     | IMDb Popular Collection | X | Violent Night (2022) (TMDb: 899112)                                  |
[2022-11-16 22:37:48,381] [builder.py:2321]           [INFO]     | IMDb Popular Collection | ? | Elvis (2022) (TMDb: 614934)                                          |
[2022-11-16 22:37:48,393] [builder.py:2321]           [INFO]     | IMDb Popular Collection | ? | Blonde (2022) (TMDb: 301502)                                         |
[2022-11-16 22:37:48,403] [builder.py:2321]           [INFO]     | IMDb Popular Collection | ? | Knives Out (2019) (TMDb: 546554)                                     |
[2022-11-16 22:37:48,417] [builder.py:2321]           [INFO]     | IMDb Popular Collection | ? | Phone Bhoot (2022) (TMDb: 726207)                                    |
[2022-11-16 22:37:48,429] [builder.py:2321]           [INFO]     | IMDb Popular Collection | ? | Morbius (2022) (TMDb: 526896)                                        |
[2022-11-16 22:37:48,444] [builder.py:2321]           [INFO]     | IMDb Popular Collection | ? | All Quiet on the Western Front (1930) (TMDb: 143)                    |
[2022-11-16 22:37:48,456] [builder.py:2321]           [INFO]     | IMDb Popular Collection | ? | Midsommar (2019) (TMDb: 530385)                                      |
[2022-11-16 22:37:48,467] [builder.py:2321]           [INFO]     | IMDb Popular Collection | ? | Guillermo del Toro's Pinocchio (2022) (TMDb: 555604)                 |
[2022-11-16 22:37:48,505] [builder.py:2321]           [INFO]     | IMDb Popular Collection | ? | American Psycho (2000) (TMDb: 1359)                                  |
[2022-11-16 22:37:48,518] [builder.py:2321]           [INFO]     | IMDb Popular Collection | ? | Hellraiser (2022) (TMDb: 338947)                                     |
[2022-11-16 22:37:48,537] [builder.py:2321]           [INFO]     | IMDb Popular Collection | ? | The Unbearable Weight of Massive Talent (2022) (TMDb: 648579)        |
[2022-11-16 22:37:48,552] [builder.py:2321]           [INFO]     | IMDb Popular Collection | ? | Overdose (2022) (TMDb: 896485)                                       |
[2022-11-16 22:37:48,570] [builder.py:2321]           [INFO]     | IMDb Popular Collection | ? | The Lost City (2022) (TMDb: 752623)                                  |
[2022-11-16 22:37:48,585] [builder.py:2321]           [INFO]     | IMDb Popular Collection | ? | The Black Phone (2022) (TMDb: 756999)                                |
[2022-11-16 22:37:48,604] [builder.py:2321]           [INFO]     | IMDb Popular Collection | ? | The Gray Man (2022) (TMDb: 725201)                                   |
[2022-11-16 22:37:48,620] [builder.py:2321]           [INFO]     | IMDb Popular Collection | ? | Oblivion (2013) (TMDb: 75612)                                        |
[2022-11-16 22:37:48,634] [builder.py:2321]           [INFO]     | IMDb Popular Collection | ? | Spider-Man: No Way Home (2021) (TMDb: 634649)                        |
[2022-11-16 22:37:48,657] [builder.py:2321]           [INFO]     | IMDb Popular Collection | ? | Watcher (2022) (TMDb: 807356)                                        |
[2022-11-16 22:37:48,676] [builder.py:2321]           [INFO]     | IMDb Popular Collection | ? | Crimes of the Future (2022) (TMDb: 819876)                           |
[2022-11-16 22:37:48,689] [builder.py:2321]           [INFO]     | IMDb Popular Collection | ? | Selena Gomez: My Mind & Me (2022) (TMDb: 1022256)                    |
[2022-11-16 22:37:48,707] [builder.py:2321]           [INFO]     | IMDb Popular Collection | ? | Monica, O My Darling (2022) (TMDb: 915831)                           |
[2022-11-16 22:37:48,726] [builder.py:2321]           [INFO]     | IMDb Popular Collection | ? | Uncharted (2022) (TMDb: 335787)                                      |
[2022-11-16 22:37:48,738] [builder.py:2325]           [INFO]     | IMDb Popular Collection | X | Ant-Man and the Wasp: Quantumania (2023) (TMDb: 640146)              |
[2022-11-16 22:37:48,756] [builder.py:2321]           [INFO]     | IMDb Popular Collection | ? | Lyle, Lyle, Crocodile (2022) (TMDb: 830784)                          |
[2022-11-16 22:37:48,769] [builder.py:2325]           [INFO]     | IMDb Popular Collection | X | Devotion (2022) (TMDb: 653851)                                       |
[2022-11-16 22:37:48,780] [builder.py:2321]           [INFO]     | IMDb Popular Collection | ? | Jurassic World Dominion (2022) (TMDb: 507086)                        |
[2022-11-16 22:37:48,790] [builder.py:2321]           [INFO]     | IMDb Popular Collection | ? | V for Vendetta (2006) (TMDb: 752)                                    |
[2022-11-16 22:37:48,816] [builder.py:2321]           [INFO]     | IMDb Popular Collection | ? | Aftersun (2022) (TMDb: 965150)                                       |
[2022-11-16 22:37:48,817] [builder.py:2326]           [INFO]     |                                                                                                    |
[2022-11-16 22:37:48,817] [builder.py:2327]           [INFO]     | 77 Movies Missing                                                                                  |
[2022-11-16 22:37:59,330] [builder.py:2527]           [INFO]     |                                                                                                    |
[2022-11-16 22:37:59,331] [builder.py:2528]           [INFO]     |=========================== Updating Details of IMDb Popular Collection ============================|
[2022-11-16 22:37:59,331] [builder.py:2529]           [INFO]     |                                                                                                    |
[2022-11-16 22:37:59,341] [builder.py:2595]           [INFO]     | Collection Metadata Edits                                                                          |
[2022-11-16 22:38:01,927] [builder.py:2615]           [INFO]     | Collection Mode | hide                                                                             |
[2022-11-16 22:38:01,929] [util.py:174]               [DEBUG]    | 2 posters found:                                                                                   |
[2022-11-16 22:38:01,929] [util.py:176]               [DEBUG]    | Method: url_poster Poster: https://raw.githubusercontent.com/meisnate12/Plex-Meta-Manager-Images/master/chart/IMDb%20Popular.jpg |
[2022-11-16 22:38:01,929] [util.py:176]               [DEBUG]    | Method: asset_directory Poster: {'attribute': 'asset_directory', 'location': '/config/Old_Movies/Assets/IMDb Popular/poster.jpg', 'prefix': "IMDb Popular's ", 'is_poster': True, 'is_url': False, 'compare': 270991, 'message': "IMDb Popular's poster to [File] /config/Old_Movies/Assets/IMDb Popular/poster.jpg"} |
[2022-11-16 22:38:01,931] [library.py:180]            [INFO]     | Detail: IMDb Popular's poster update not needed                                                    |
[2022-11-16 22:38:02,022] [builder.py:2686]           [INFO]     |                                                                                                    |
[2022-11-16 22:38:02,023] [builder.py:2687]           [INFO]     |================================= Sorting IMDb Popular Collection ==================================|
[2022-11-16 22:38:02,023] [builder.py:2688]           [INFO]     |                                                                                                    |
[2022-11-16 22:38:02,023] [builder.py:2704]           [INFO]     | Moving Enola Holmes (2020) to the beginning                                                        |
[2022-11-16 22:38:02,073] [builder.py:2704]           [INFO]     | Moving Top Gun (1986) after Enola Holmes (2020)                                                    |
[2022-11-16 22:38:02,122] [builder.py:2704]           [INFO]     | Moving Avatar (2009) after Top Gun (1986)                                                          |
[2022-11-16 22:38:02,215] [builder.py:2704]           [INFO]     | Moving The Shawshank Redemption (1994) after Avatar (2009)                                         |
[2022-11-16 22:38:02,273] [builder.py:2704]           [INFO]     | Moving The Godfather (1972) after The Shawshank Redemption (1994)                                  |
[2022-11-16 22:38:02,323] [builder.py:2704]           [INFO]     | Moving Interstellar (2014) after Harry Potter and the Sorcerer's Stone (2001)                      |
[2022-11-16 22:38:02,374] [builder.py:2704]           [INFO]     | Moving Interstellar (2014) after Interstellar (2014)                                               |
[2022-11-16 22:38:02,425] [builder.py:2704]           [INFO]     | Moving The Lord of the Rings: The Fellowship of the Ring (2001) after Interstellar (2014)          |
[2022-11-16 22:38:02,474] [builder.py:2704]           [INFO]     | Moving Rogue One: A Star Wars Story (2016) after The Lord of the Rings: The Fellowship of the Ring (2001) |
[2022-11-16 22:38:02,524] [builder.py:2704]           [INFO]     | Moving Dune (2021) after Rogue One: A Star Wars Story (2016)                                       |
[2022-11-16 22:38:02,576] [plex_meta_manager.py:736]  [INFO]     |                                                                                                    |
[2022-11-16 22:38:02,577] [plex_meta_manager.py:737]  [INFO]     |====================================================================================================|
[2022-11-16 22:38:02,577] [plex_meta_manager.py:737]  [INFO]     |                                  Finished IMDb Popular Collection                                  |
[2022-11-16 22:38:02,577] [plex_meta_manager.py:737]  [INFO]     |                                    Collection Run Time: 0:00:29                                    |
[2022-11-16 22:38:02,577] [plex_meta_manager.py:737]  [INFO]     |====================================================================================================|
