[2022-11-16 22:32:46,615] [builder.py:193]            [INFO]     |====================================================================================================|
[2022-11-16 22:32:46,615] [builder.py:193]            [INFO]     |                           Justin Lin (Director) Collection in Old Movies                           |
[2022-11-16 22:32:46,615] [builder.py:193]            [INFO]     |====================================================================================================|
[2022-11-16 22:32:46,616] [builder.py:194]            [INFO]     |                                                                                                    |
[2022-11-16 22:32:46,616] [builder.py:199]            [INFO]     |================================ Building Definition From Templates ================================|
[2022-11-16 22:32:46,616] [builder.py:215]            [DEBUG]    |                                                                                                    |
[2022-11-16 22:32:46,616] [meta.py:210]               [DEBUG]    |====================================== Template smart_filter =======================================|
[2022-11-16 22:32:46,616] [meta.py:451]               [DEBUG]    |                                                                                                    |
[2022-11-16 22:32:46,622] [meta.py:210]               [DEBUG]    |======================================= Template translation =======================================|
[2022-11-16 22:32:46,623] [meta.py:451]               [DEBUG]    |                                                                                                    |
[2022-11-16 22:32:46,626] [meta.py:210]               [DEBUG]    |========================================= Template shared ==========================================|
[2022-11-16 22:32:46,627] [meta.py:451]               [DEBUG]    |                                                                                                    |
[2022-11-16 22:32:46,644] [meta.py:512]               [DEBUG]    |                                                                                                    |
[2022-11-16 22:32:46,645] [meta.py:513]               [DEBUG]    |==================================== Final Template Attributes =====================================|
[2022-11-16 22:32:46,645] [meta.py:514]               [DEBUG]    |                                                                                                    |
[2022-11-16 22:32:46,645] [meta.py:515]               [DEBUG]    | {'tmdb_person': ['Justin Lin'], 'smart_filter': {'sort_by': 'title.asc', 'any': {'director': 'tmdb'}}, 'summary': 'Movies directed by Justin Lin.', 'name': 'Justin Lin (Director)', 'ignore_blank_results': True, 'collection_mode': 'hide', 'sort_title': '!18_Justin Lin (Director)', 'url_poster': 'https://raw.githubusercontent.com/meisnate12/Plex-Meta-Manager-Images/master/people/rainier/Justin%20Lin.jpg'} |
[2022-11-16 22:32:46,645] [meta.py:516]               [DEBUG]    |                                                                                                    |
[2022-11-16 22:32:46,645] [builder.py:223]            [INFO]     |=========================== Validating Justin Lin (Director) Attributes ============================|
[2022-11-16 22:32:46,645] [builder.py:226]            [DEBUG]    |                                                                                                    |
[2022-11-16 22:32:46,646] [builder.py:227]            [DEBUG]    | Validating Method: name                                                                            |
[2022-11-16 22:32:46,646] [builder.py:230]            [DEBUG]    | Value: Justin Lin (Director)                                                                       |
[2022-11-16 22:32:46,646] [builder.py:502]            [DEBUG]    |                                                                                                    |
[2022-11-16 22:32:46,646] [builder.py:503]            [DEBUG]    | Validating Method: ignore_blank_results                                                            |
[2022-11-16 22:32:46,646] [builder.py:504]            [DEBUG]    | Value: True                                                                                        |
[2022-11-16 22:32:46,646] [builder.py:528]            [DEBUG]    |                                                                                                    |
[2022-11-16 22:32:46,646] [builder.py:529]            [DEBUG]    | Validating Method: tmdb_person                                                                     |
[2022-11-16 22:32:46,647] [builder.py:533]            [DEBUG]    | Value: ['Justin Lin']                                                                              |
[2022-11-16 22:32:46,762] [builder.py:1784]           [INFO]     |                                                                                                    |
[2022-11-16 22:32:46,763] [builder.py:1785]           [INFO]     | Validating Method: smart_filter                                                                    |
[2022-11-16 22:32:46,763] [builder.py:1791]           [DEBUG]    | Value: {'sort_by': 'title.asc', 'any': {'director': 'tmdb'}}                                       |
[2022-11-16 22:32:46,830] [builder.py:1978]           [DEBUG]    | Smart URL: ?type=1&sort=titleSort&push=1&director=49972&pop=1                                      |
[2022-11-16 22:32:46,832] [builder.py:646]            [DEBUG]    |                                                                                                    |
[2022-11-16 22:32:46,832] [builder.py:650]            [DEBUG]    | Validating Method: label                                                                           |
[2022-11-16 22:32:46,832] [builder.py:651]            [DEBUG]    | Value: Top Directors                                                                               |
[2022-11-16 22:32:46,832] [builder.py:646]            [DEBUG]    |                                                                                                    |
[2022-11-16 22:32:46,833] [builder.py:650]            [DEBUG]    | Validating Method: summary                                                                         |
[2022-11-16 22:32:46,833] [builder.py:651]            [DEBUG]    | Value: Movies directed by Justin Lin.                                                              |
[2022-11-16 22:32:46,833] [builder.py:646]            [DEBUG]    |                                                                                                    |
[2022-11-16 22:32:46,833] [builder.py:650]            [DEBUG]    | Validating Method: collection_mode                                                                 |
[2022-11-16 22:32:46,833] [builder.py:651]            [DEBUG]    | Value: hide                                                                                        |
[2022-11-16 22:32:46,834] [builder.py:646]            [DEBUG]    |                                                                                                    |
[2022-11-16 22:32:46,834] [builder.py:650]            [DEBUG]    | Validating Method: sort_title                                                                      |
[2022-11-16 22:32:46,834] [builder.py:651]            [DEBUG]    | Value: !18_Justin Lin (Director)                                                                   |
[2022-11-16 22:32:46,834] [builder.py:646]            [DEBUG]    |                                                                                                    |
[2022-11-16 22:32:46,835] [builder.py:650]            [DEBUG]    | Validating Method: url_poster                                                                      |
[2022-11-16 22:32:46,835] [builder.py:651]            [DEBUG]    | Value: https://raw.githubusercontent.com/meisnate12/Plex-Meta-Manager-Images/master/people/rainier/Justin%20Lin.jpg |
[2022-11-16 22:32:47,238] [plex.py:835]               [DEBUG]    |                                                                                                    |
[2022-11-16 22:32:47,238] [plex.py:838]               [DEBUG]    | Looking for: Justin Lin (Director)                                                                 |
[2022-11-16 22:32:47,239] [builder.py:814]            [INFO]     |                                                                                                    |
[2022-11-16 22:32:47,239] [builder.py:815]            [INFO]     | Validation Successful                                                                              |
[2022-11-16 22:32:47,240] [plex_meta_manager.py:594]  [INFO]     |                                                                                                    |
[2022-11-16 22:32:47,241] [plex_meta_manager.py:596]  [INFO]     |============================= Running Justin Lin (Director) Collection =============================|
[2022-11-16 22:32:47,241] [plex_meta_manager.py:602]  [INFO]     |                                                                                                    |
[2022-11-16 22:32:47,242] [plex_meta_manager.py:603]  [INFO]     | Smart Movie Filter                                                                                 |
                                                                 | Sort By: ['title.asc']
                                                                 | Filter:
                                                                 |   Match any of the following:
                                                                 |     Director is Justin Lin
[2022-11-16 22:32:47,287] [builder.py:2509]           [DEBUG]    | Smart Collection Created: ?type=1&sort=titleSort&push=1&director=49972&pop=1
[2022-11-16 22:32:47,296] [builder.py:2527]           [INFO]     | 
[2022-11-16 22:32:47,296] [builder.py:2528]           [INFO]     |======================= Updating Details of Justin Lin (Director) Collection =======================|
[2022-11-16 22:32:47,296] [builder.py:2529]           [INFO]     |                                                                                                    |
[2022-11-16 22:32:47,306] [builder.py:2595]           [INFO]     | Collection Metadata Edits                                                                          |
                                                                 | Summary (summary) | Movies directed by Justin Lin.
                                                                 | Sort Title | !18_Justin Lin (Director)
                                                                 | Label | +Top Directors, +PMM
[2022-11-16 22:32:49,976] [builder.py:2599]           [INFO]     | Details: have been updated
[2022-11-16 22:32:49,976] [builder.py:2603]           [INFO]     | 
[2022-11-16 22:32:52,482] [builder.py:2615]           [INFO]     | Collection Mode | hide
[2022-11-16 22:32:52,501] [plex.py:1203]              [WARNING]  | Asset Warning: Asset Directory Not Found and Created: config/Old_Movies/Assets/Justin Lin (Director)
[2022-11-16 22:32:52,502] [util.py:174]               [DEBUG]    | 2 posters found:
[2022-11-16 22:32:52,503] [util.py:176]               [DEBUG]    | Method: tmdb_person Poster: https://image.tmdb.org/t/p/original/w0ryazdt8iS3GBrjXfv0FIwvUGY.jpg
[2022-11-16 22:32:52,504] [util.py:176]               [DEBUG]    | Method: url_poster Poster: https://raw.githubusercontent.com/meisnate12/Plex-Meta-Manager-Images/master/people/rainier/Justin%20Lin.jpg
[2022-11-16 22:32:52,748] [library.py:178]            [INFO]     | Detail: asset_directory updated Justin Lin (Director)'s poster to [File] config/Old_Movies/Assets/Justin Lin (Director)/poster.jpg
[2022-11-16 22:32:52,827] [plex_meta_manager.py:736]  [INFO]     | 
[2022-11-16 22:32:52,828] [plex_meta_manager.py:737]  [INFO]     |====================================================================================================|
[2022-11-16 22:32:52,828] [plex_meta_manager.py:737]  [INFO]     |                             Finished Justin Lin (Director) Collection                              |
[2022-11-16 22:32:52,829] [plex_meta_manager.py:737]  [INFO]     |                                    Collection Run Time: 0:00:06                                    |
[2022-11-16 22:32:52,829] [plex_meta_manager.py:737]  [INFO]     |====================================================================================================|
