[2022-11-17 00:44:12,176] [builder.py:193]            [INFO]     |====================================================================================================|
[2022-11-17 00:44:12,176] [builder.py:193]            [INFO]     |                       Michael De Luca (Producer) Collection in Marvel Movies                       |
[2022-11-17 00:44:12,176] [builder.py:193]            [INFO]     |====================================================================================================|
[2022-11-17 00:44:12,176] [builder.py:194]            [INFO]     |                                                                                                    |
[2022-11-17 00:44:12,176] [builder.py:199]            [INFO]     |================================ Building Definition From Templates ================================|
[2022-11-17 00:44:12,176] [builder.py:215]            [DEBUG]    |                                                                                                    |
[2022-11-17 00:44:12,177] [meta.py:210]               [DEBUG]    |====================================== Template smart_filter =======================================|
[2022-11-17 00:44:12,177] [meta.py:451]               [DEBUG]    |                                                                                                    |
[2022-11-17 00:44:12,183] [meta.py:210]               [DEBUG]    |======================================= Template translation =======================================|
[2022-11-17 00:44:12,183] [meta.py:451]               [DEBUG]    |                                                                                                    |
[2022-11-17 00:44:12,186] [meta.py:210]               [DEBUG]    |========================================= Template shared ==========================================|
[2022-11-17 00:44:12,187] [meta.py:451]               [DEBUG]    |                                                                                                    |
[2022-11-17 00:44:12,202] [meta.py:512]               [DEBUG]    |                                                                                                    |
[2022-11-17 00:44:12,202] [meta.py:513]               [DEBUG]    |==================================== Final Template Attributes =====================================|
[2022-11-17 00:44:12,202] [meta.py:514]               [DEBUG]    |                                                                                                    |
[2022-11-17 00:44:12,202] [meta.py:515]               [DEBUG]    | {'tmdb_person': ['Michael De Luca'], 'smart_filter': {'sort_by': 'title.asc', 'any': {'producer': 'tmdb'}}, 'summary': 'Movies produced by Michael De Luca.', 'name': 'Michael De Luca (Producer)', 'ignore_blank_results': True, 'collection_mode': 'hide', 'sort_title': '!19_Michael De Luca (Producer)', 'url_poster': 'https://raw.githubusercontent.com/meisnate12/Plex-Meta-Manager-Images/master/people/rainier/Michael%20De%20Luca.jpg'} |
[2022-11-17 00:44:12,203] [meta.py:516]               [DEBUG]    |                                                                                                    |
[2022-11-17 00:44:12,203] [builder.py:223]            [INFO]     |========================= Validating Michael De Luca (Producer) Attributes =========================|
[2022-11-17 00:44:12,203] [builder.py:226]            [DEBUG]    |                                                                                                    |
[2022-11-17 00:44:12,203] [builder.py:227]            [DEBUG]    | Validating Method: name                                                                            |
[2022-11-17 00:44:12,203] [builder.py:230]            [DEBUG]    | Value: Michael De Luca (Producer)                                                                  |
[2022-11-17 00:44:12,203] [builder.py:502]            [DEBUG]    |                                                                                                    |
[2022-11-17 00:44:12,203] [builder.py:503]            [DEBUG]    | Validating Method: ignore_blank_results                                                            |
[2022-11-17 00:44:12,204] [builder.py:504]            [DEBUG]    | Value: True                                                                                        |
[2022-11-17 00:44:12,204] [builder.py:528]            [DEBUG]    |                                                                                                    |
[2022-11-17 00:44:12,204] [builder.py:529]            [DEBUG]    | Validating Method: tmdb_person                                                                     |
[2022-11-17 00:44:12,204] [builder.py:533]            [DEBUG]    | Value: ['Michael De Luca']                                                                         |
[2022-11-17 00:44:12,275] [builder.py:1784]           [INFO]     |                                                                                                    |
[2022-11-17 00:44:12,275] [builder.py:1785]           [INFO]     | Validating Method: smart_filter                                                                    |
[2022-11-17 00:44:12,275] [builder.py:1791]           [DEBUG]    | Value: {'sort_by': 'title.asc', 'any': {'producer': 'tmdb'}}                                       |
[2022-11-17 00:44:12,300] [builder.py:1978]           [DEBUG]    | Smart URL: ?type=1&sort=titleSort&push=1&producer=19066&pop=1                                      |
[2022-11-17 00:44:12,300] [builder.py:646]            [DEBUG]    |                                                                                                    |
[2022-11-17 00:44:12,300] [builder.py:650]            [DEBUG]    | Validating Method: label                                                                           |
[2022-11-17 00:44:12,300] [builder.py:651]            [DEBUG]    | Value: Top Producers                                                                               |
[2022-11-17 00:44:12,300] [builder.py:646]            [DEBUG]    |                                                                                                    |
[2022-11-17 00:44:12,300] [builder.py:650]            [DEBUG]    | Validating Method: summary                                                                         |
[2022-11-17 00:44:12,300] [builder.py:651]            [DEBUG]    | Value: Movies produced by Michael De Luca.                                                         |
[2022-11-17 00:44:12,300] [builder.py:646]            [DEBUG]    |                                                                                                    |
[2022-11-17 00:44:12,301] [builder.py:650]            [DEBUG]    | Validating Method: collection_mode                                                                 |
[2022-11-17 00:44:12,301] [builder.py:651]            [DEBUG]    | Value: hide                                                                                        |
[2022-11-17 00:44:12,301] [builder.py:646]            [DEBUG]    |                                                                                                    |
[2022-11-17 00:44:12,301] [builder.py:650]            [DEBUG]    | Validating Method: sort_title                                                                      |
[2022-11-17 00:44:12,301] [builder.py:651]            [DEBUG]    | Value: !19_Michael De Luca (Producer)                                                              |
[2022-11-17 00:44:12,301] [builder.py:646]            [DEBUG]    |                                                                                                    |
[2022-11-17 00:44:12,301] [builder.py:650]            [DEBUG]    | Validating Method: url_poster                                                                      |
[2022-11-17 00:44:12,301] [builder.py:651]            [DEBUG]    | Value: https://raw.githubusercontent.com/meisnate12/Plex-Meta-Manager-Images/master/people/rainier/Michael%20De%20Luca.jpg |
[2022-11-17 00:44:12,471] [plex.py:835]               [DEBUG]    |                                                                                                    |
[2022-11-17 00:44:12,471] [plex.py:838]               [DEBUG]    | Looking for: Michael De Luca (Producer)                                                            |
[2022-11-17 00:44:12,471] [builder.py:814]            [INFO]     |                                                                                                    |
[2022-11-17 00:44:12,472] [builder.py:815]            [INFO]     | Validation Successful                                                                              |
[2022-11-17 00:44:12,472] [plex_meta_manager.py:594]  [INFO]     |                                                                                                    |
[2022-11-17 00:44:12,472] [plex_meta_manager.py:596]  [INFO]     |========================== Running Michael De Luca (Producer) Collection ===========================|
[2022-11-17 00:44:12,473] [plex_meta_manager.py:602]  [INFO]     |                                                                                                    |
[2022-11-17 00:44:12,473] [plex_meta_manager.py:603]  [INFO]     | Smart Movie Filter                                                                                 |
                                                                 | Sort By: ['title.asc']
                                                                 | Filter:
                                                                 |   Match any of the following:
                                                                 |     Producer is Michael De Luca
[2022-11-17 00:44:12,506] [builder.py:2509]           [DEBUG]    | Smart Collection Created: ?type=1&sort=titleSort&push=1&producer=19066&pop=1
[2022-11-17 00:44:12,515] [builder.py:2527]           [INFO]     | 
[2022-11-17 00:44:12,516] [builder.py:2528]           [INFO]     |==================== Updating Details of Michael De Luca (Producer) Collection =====================|
[2022-11-17 00:44:12,516] [builder.py:2529]           [INFO]     |                                                                                                    |
[2022-11-17 00:44:12,527] [builder.py:2595]           [INFO]     | Collection Metadata Edits                                                                          |
                                                                 | Summary (summary) | Movies produced by Michael De Luca.
                                                                 | Sort Title | !19_Michael De Luca (Producer)
                                                                 | Label | +Top Producers, +PMM
[2022-11-17 00:44:14,021] [builder.py:2599]           [INFO]     | Details: have been updated
[2022-11-17 00:44:14,021] [builder.py:2603]           [INFO]     | 
[2022-11-17 00:44:15,523] [builder.py:2615]           [INFO]     | Collection Mode | hide
[2022-11-17 00:44:15,527] [plex.py:1203]              [WARNING]  | Asset Warning: Asset Directory Not Found and Created: config/Marvel_Movies/Assets/Michael De Luca (Producer)
[2022-11-17 00:44:15,527] [util.py:174]               [DEBUG]    | 2 posters found:
[2022-11-17 00:44:15,527] [util.py:176]               [DEBUG]    | Method: tmdb_person Poster: https://image.tmdb.org/t/p/original/xr0fhYmrPIUOH0HpDzDdd2pVYRE.jpg
[2022-11-17 00:44:15,527] [util.py:176]               [DEBUG]    | Method: url_poster Poster: https://raw.githubusercontent.com/meisnate12/Plex-Meta-Manager-Images/master/people/rainier/Michael%20De%20Luca.jpg
[2022-11-17 00:44:15,666] [library.py:178]            [INFO]     | Detail: asset_directory updated Michael De Luca (Producer)'s poster to [File] config/Marvel_Movies/Assets/Michael De Luca (Producer)/poster.jpg
[2022-11-17 00:44:15,700] [plex_meta_manager.py:736]  [INFO]     | 
[2022-11-17 00:44:15,700] [plex_meta_manager.py:737]  [INFO]     |====================================================================================================|
[2022-11-17 00:44:15,700] [plex_meta_manager.py:737]  [INFO]     |                           Finished Michael De Luca (Producer) Collection                           |
[2022-11-17 00:44:15,701] [plex_meta_manager.py:737]  [INFO]     |                                    Collection Run Time: 0:00:03                                    |
[2022-11-17 00:44:15,702] [plex_meta_manager.py:737]  [INFO]     |====================================================================================================|
