[2022-11-16 18:56:09,954] [builder.py:193]            [INFO]     |====================================================================================================|
[2022-11-16 18:56:09,954] [builder.py:193]            [INFO]     |                     Christopher Landon (Writer) Collection in Halloween Movies                     |
[2022-11-16 18:56:09,955] [builder.py:193]            [INFO]     |====================================================================================================|
[2022-11-16 18:56:09,955] [builder.py:194]            [INFO]     |                                                                                                    |
[2022-11-16 18:56:09,955] [builder.py:199]            [INFO]     |================================ Building Definition From Templates ================================|
[2022-11-16 18:56:09,955] [builder.py:215]            [DEBUG]    |                                                                                                    |
[2022-11-16 18:56:09,955] [meta.py:210]               [DEBUG]    |====================================== Template smart_filter =======================================|
[2022-11-16 18:56:09,956] [meta.py:451]               [DEBUG]    |                                                                                                    |
[2022-11-16 18:56:09,964] [meta.py:210]               [DEBUG]    |======================================= Template translation =======================================|
[2022-11-16 18:56:09,965] [meta.py:451]               [DEBUG]    |                                                                                                    |
[2022-11-16 18:56:09,969] [meta.py:210]               [DEBUG]    |========================================= Template shared ==========================================|
[2022-11-16 18:56:09,970] [meta.py:451]               [DEBUG]    |                                                                                                    |
[2022-11-16 18:56:09,993] [meta.py:512]               [DEBUG]    |                                                                                                    |
[2022-11-16 18:56:09,993] [meta.py:513]               [DEBUG]    |==================================== Final Template Attributes =====================================|
[2022-11-16 18:56:09,993] [meta.py:514]               [DEBUG]    |                                                                                                    |
[2022-11-16 18:56:09,993] [meta.py:515]               [DEBUG]    | {'tmdb_person': ['Christopher Landon'], 'smart_filter': {'sort_by': 'title.asc', 'any': {'writer': 'tmdb'}}, 'summary': 'Movies written by Christopher Landon.', 'name': 'Christopher Landon (Writer)', 'ignore_blank_results': True, 'collection_mode': 'hide', 'sort_title': '!20_Christopher Landon (Writer)', 'url_poster': 'https://raw.githubusercontent.com/meisnate12/Plex-Meta-Manager-Images/master/people/rainier/Christopher%20Landon.jpg'} |
[2022-11-16 18:56:09,993] [meta.py:516]               [DEBUG]    |                                                                                                    |
[2022-11-16 18:56:09,993] [builder.py:223]            [INFO]     |======================== Validating Christopher Landon (Writer) Attributes =========================|
[2022-11-16 18:56:09,993] [builder.py:226]            [DEBUG]    |                                                                                                    |
[2022-11-16 18:56:09,993] [builder.py:227]            [DEBUG]    | Validating Method: name                                                                            |
[2022-11-16 18:56:09,994] [builder.py:230]            [DEBUG]    | Value: Christopher Landon (Writer)                                                                 |
[2022-11-16 18:56:09,994] [builder.py:502]            [DEBUG]    |                                                                                                    |
[2022-11-16 18:56:09,994] [builder.py:503]            [DEBUG]    | Validating Method: ignore_blank_results                                                            |
[2022-11-16 18:56:09,994] [builder.py:504]            [DEBUG]    | Value: True                                                                                        |
[2022-11-16 18:56:09,994] [builder.py:528]            [DEBUG]    |                                                                                                    |
[2022-11-16 18:56:09,994] [builder.py:529]            [DEBUG]    | Validating Method: tmdb_person                                                                     |
[2022-11-16 18:56:09,994] [builder.py:533]            [DEBUG]    | Value: ['Christopher Landon']                                                                      |
[2022-11-16 18:56:10,051] [builder.py:1784]           [INFO]     |                                                                                                    |
[2022-11-16 18:56:10,051] [builder.py:1785]           [INFO]     | Validating Method: smart_filter                                                                    |
[2022-11-16 18:56:10,051] [builder.py:1791]           [DEBUG]    | Value: {'sort_by': 'title.asc', 'any': {'writer': 'tmdb'}}                                         |
[2022-11-16 18:56:10,164] [builder.py:1978]           [DEBUG]    | Smart URL: ?type=1&sort=titleSort&push=1&writer=20954&pop=1                                        |
[2022-11-16 18:56:10,165] [builder.py:646]            [DEBUG]    |                                                                                                    |
[2022-11-16 18:56:10,165] [builder.py:650]            [DEBUG]    | Validating Method: label                                                                           |
[2022-11-16 18:56:10,165] [builder.py:651]            [DEBUG]    | Value: Top Writers                                                                                 |
[2022-11-16 18:56:10,165] [builder.py:646]            [DEBUG]    |                                                                                                    |
[2022-11-16 18:56:10,165] [builder.py:650]            [DEBUG]    | Validating Method: summary                                                                         |
[2022-11-16 18:56:10,165] [builder.py:651]            [DEBUG]    | Value: Movies written by Christopher Landon.                                                       |
[2022-11-16 18:56:10,166] [builder.py:646]            [DEBUG]    |                                                                                                    |
[2022-11-16 18:56:10,166] [builder.py:650]            [DEBUG]    | Validating Method: collection_mode                                                                 |
[2022-11-16 18:56:10,166] [builder.py:651]            [DEBUG]    | Value: hide                                                                                        |
[2022-11-16 18:56:10,166] [builder.py:646]            [DEBUG]    |                                                                                                    |
[2022-11-16 18:56:10,166] [builder.py:650]            [DEBUG]    | Validating Method: sort_title                                                                      |
[2022-11-16 18:56:10,167] [builder.py:651]            [DEBUG]    | Value: !20_Christopher Landon (Writer)                                                             |
[2022-11-16 18:56:10,167] [builder.py:646]            [DEBUG]    |                                                                                                    |
[2022-11-16 18:56:10,167] [builder.py:650]            [DEBUG]    | Validating Method: url_poster                                                                      |
[2022-11-16 18:56:10,167] [builder.py:651]            [DEBUG]    | Value: https://raw.githubusercontent.com/meisnate12/Plex-Meta-Manager-Images/master/people/rainier/Christopher%20Landon.jpg |
[2022-11-16 18:56:10,265] [builder.py:845]            [WARNING]  | Collection Warning: No Poster Found at https://raw.githubusercontent.com/meisnate12/Plex-Meta-Manager-Images/master/people/rainier/Christopher%20Landon.jpg |
[2022-11-16 18:56:10,288] [builder.py:814]            [INFO]     |                                                                                                    |
[2022-11-16 18:56:10,288] [builder.py:815]            [INFO]     | Validation Successful                                                                              |
[2022-11-16 18:56:10,289] [plex_meta_manager.py:594]  [INFO]     |                                                                                                    |
[2022-11-16 18:56:10,289] [plex_meta_manager.py:596]  [INFO]     |========================== Running Christopher Landon (Writer) Collection ==========================|
[2022-11-16 18:56:10,289] [plex_meta_manager.py:602]  [INFO]     |                                                                                                    |
[2022-11-16 18:56:10,289] [plex_meta_manager.py:603]  [INFO]     | Smart Movie Filter                                                                                 |
                                                                 | Sort By: ['title.asc']
                                                                 | Filter:
                                                                 |   Match any of the following:
                                                                 |     Writer is Christopher Landon
[2022-11-16 18:56:10,311] [builder.py:2527]           [INFO]     | 
[2022-11-16 18:56:10,311] [builder.py:2528]           [INFO]     |==================== Updating Details of Christopher Landon (Writer) Collection ====================|
[2022-11-16 18:56:10,311] [builder.py:2529]           [INFO]     |                                                                                                    |
[2022-11-16 18:56:10,319] [builder.py:2595]           [INFO]     | Collection Metadata Edits                                                                          |
[2022-11-16 18:56:10,320] [util.py:174]               [DEBUG]    | 1 poster found:                                                                                    |
[2022-11-16 18:56:10,320] [util.py:176]               [DEBUG]    | Method: tmdb_person Poster: https://image.tmdb.org/t/p/original/jxNdw6wJo76ixoGtKMwdK0QMG2b.jpg    |
[2022-11-16 18:56:10,322] [library.py:180]            [INFO]     | Detail: poster update not needed                                                                   |
[2022-11-16 18:56:10,344] [plex_meta_manager.py:736]  [INFO]     |                                                                                                    |
[2022-11-16 18:56:10,345] [plex_meta_manager.py:737]  [INFO]     |====================================================================================================|
[2022-11-16 18:56:10,345] [plex_meta_manager.py:737]  [INFO]     |                          Finished Christopher Landon (Writer) Collection                           |
[2022-11-16 18:56:10,345] [plex_meta_manager.py:737]  [INFO]     |                                    Collection Run Time: 0:00:00                                    |
[2022-11-16 18:56:10,345] [plex_meta_manager.py:737]  [INFO]     |====================================================================================================|
