[2022-11-17 09:01:34,735] [builder.py:193]            [INFO]     |====================================================================================================|
[2022-11-17 09:01:34,739] [builder.py:193]            [INFO]     |                            Best of 2020 Collection in Christmas Movies                             |
[2022-11-17 09:01:34,741] [builder.py:193]            [INFO]     |====================================================================================================|
[2022-11-17 09:01:34,742] [builder.py:194]            [INFO]     |                                                                                                    |
[2022-11-17 09:01:34,743] [builder.py:199]            [INFO]     |================================ Building Definition From Templates ================================|
[2022-11-17 09:01:34,744] [builder.py:215]            [DEBUG]    |                                                                                                    |
[2022-11-17 09:01:34,745] [meta.py:210]               [DEBUG]    |========================================= Template Best of =========================================|
[2022-11-17 09:01:34,748] [meta.py:451]               [DEBUG]    |                                                                                                    |
[2022-11-17 09:01:34,761] [meta.py:512]               [DEBUG]    |                                                                                                    |
[2022-11-17 09:01:34,762] [meta.py:513]               [DEBUG]    |==================================== Final Template Attributes =====================================|
[2022-11-17 09:01:34,764] [meta.py:514]               [DEBUG]    |                                                                                                    |
[2022-11-17 09:01:34,764] [meta.py:515]               [DEBUG]    | {'trakt_list': 'https://trakt.tv/users/lish408/lists/rotten-tomatoes-best-of-2020', 'sort_title': '+1_Best of 2020', 'sync_mode': 'sync', 'summary': 'Rotten Tomatoes Best Movies of 2020', 'smart_label': 'audience_rating.desc'} |
[2022-11-17 09:01:34,766] [meta.py:516]               [DEBUG]    |                                                                                                    |
[2022-11-17 09:01:34,767] [builder.py:223]            [INFO]     |================================ Validating Best of 2020 Attributes ================================|
[2022-11-17 09:01:34,767] [builder.py:422]            [DEBUG]    |                                                                                                    |
[2022-11-17 09:01:34,768] [builder.py:423]            [DEBUG]    | Validating Method: smart_label                                                                     |
[2022-11-17 09:01:34,770] [builder.py:428]            [DEBUG]    | Value: audience_rating.desc                                                                        |
[2022-11-17 09:01:34,783] [builder.py:516]            [DEBUG]    |                                                                                                    |
[2022-11-17 09:01:34,784] [builder.py:517]            [DEBUG]    | Validating Method: sync_mode                                                                       |
[2022-11-17 09:01:34,784] [builder.py:521]            [DEBUG]    | Value: sync                                                                                        |
[2022-11-17 09:01:34,785] [builder.py:646]            [DEBUG]    |                                                                                                    |
[2022-11-17 09:01:34,785] [builder.py:650]            [DEBUG]    | Validating Method: trakt_list                                                                      |
[2022-11-17 09:01:34,786] [builder.py:651]            [DEBUG]    | Value: https://trakt.tv/users/lish408/lists/rotten-tomatoes-best-of-2020                           |
[2022-11-17 09:01:34,852] [builder.py:646]            [DEBUG]    |                                                                                                    |
[2022-11-17 09:01:34,853] [builder.py:650]            [DEBUG]    | Validating Method: sort_title                                                                      |
[2022-11-17 09:01:34,853] [builder.py:651]            [DEBUG]    | Value: +1_Best of 2020                                                                             |
[2022-11-17 09:01:34,853] [builder.py:646]            [DEBUG]    |                                                                                                    |
[2022-11-17 09:01:34,853] [builder.py:650]            [DEBUG]    | Validating Method: summary                                                                         |
[2022-11-17 09:01:34,853] [builder.py:651]            [DEBUG]    | Value: Rotten Tomatoes Best Movies of 2020                                                         |
[2022-11-17 09:01:34,869] [plex.py:835]               [DEBUG]    |                                                                                                    |
[2022-11-17 09:01:34,869] [plex.py:838]               [DEBUG]    | Looking for: Best of 2020                                                                          |
[2022-11-17 09:01:34,869] [builder.py:814]            [INFO]     |                                                                                                    |
[2022-11-17 09:01:34,869] [builder.py:815]            [INFO]     | Validation Successful                                                                              |
[2022-11-17 09:01:34,869] [plex_meta_manager.py:594]  [INFO]     |                                                                                                    |
[2022-11-17 09:01:34,870] [plex_meta_manager.py:596]  [INFO]     |================================= Running Best of 2020 Collection ==================================|
[2022-11-17 09:01:34,870] [plex_meta_manager.py:608]  [INFO]     |                                                                                                    |
[2022-11-17 09:01:34,870] [plex_meta_manager.py:609]  [INFO]     | Sync Mode: sync                                                                                    |
[2022-11-17 09:01:34,870] [plex_meta_manager.py:612]  [DEBUG]    |                                                                                                    |
[2022-11-17 09:01:34,870] [plex_meta_manager.py:613]  [DEBUG]    | Builder: trakt_list: https://trakt.tv/users/lish408/lists/rotten-tomatoes-best-of-2020             |
[2022-11-17 09:01:34,870] [plex_meta_manager.py:614]  [INFO]     |                                                                                                    |
[2022-11-17 09:01:34,870] [trakt.py:493]              [INFO]     | Processing Trakt List: https://trakt.tv/users/lish408/lists/rotten-tomatoes-best-of-2020           |
[2022-11-17 09:01:34,938] [builder.py:1574]           [DEBUG]    |                                                                                                    |
[2022-11-17 09:01:34,940] [builder.py:1575]           [DEBUG]    | 100 IDs Found                                                                                      |
[2022-11-17 09:01:34,940] [builder.py:1577]           [DEBUG]    |                                                                                                    |
[2022-11-17 09:01:34,941] [builder.py:2306]           [INFO]     |                                                                                                    |
[2022-11-17 09:01:34,941] [builder.py:2307]           [INFO]     |========================== Missing Movies from Library: Christmas Movies ===========================|
[2022-11-17 09:01:34,941] [builder.py:2308]           [INFO]     |                                                                                                    |
[2022-11-17 09:01:34,963] [builder.py:2321]           [INFO]     | Best of 2020 Collection | ? | One Night in Miami... (2020) (TMDb: 661914)                          |
[2022-11-17 09:01:34,980] [builder.py:2321]           [INFO]     | Best of 2020 Collection | ? | Portrait of a Lady on Fire (2019) (TMDb: 531428)                     |
[2022-11-17 09:01:35,018] [builder.py:2321]           [INFO]     | Best of 2020 Collection | ? | Minari (2021) (TMDb: 615643)                                         |
[2022-11-17 09:01:35,063] [builder.py:2321]           [INFO]     | Best of 2020 Collection | ? | The Invisible Man (2020) (TMDb: 570670)                              |
[2022-11-17 09:01:35,079] [builder.py:2321]           [INFO]     | Best of 2020 Collection | ? | Soul (2020) (TMDb: 508442)                                           |
[2022-11-17 09:01:35,091] [builder.py:2321]           [INFO]     | Best of 2020 Collection | ? | Ma Rainey's Black Bottom (2020) (TMDb: 615667)                       |
[2022-11-17 09:01:35,109] [builder.py:2321]           [INFO]     | Best of 2020 Collection | ? | 1917 (2019) (TMDb: 530915)                                           |
[2022-11-17 09:01:35,130] [builder.py:2321]           [INFO]     | Best of 2020 Collection | ? | Never Rarely Sometimes Always (2020) (TMDb: 595671)                  |
[2022-11-17 09:01:35,145] [builder.py:2321]           [INFO]     | Best of 2020 Collection | ? | Sound of Metal (2020) (TMDb: 502033)                                 |
[2022-11-17 09:01:35,161] [builder.py:2321]           [INFO]     | Best of 2020 Collection | ? | Promising Young Woman (2020) (TMDb: 582014)                          |
[2022-11-17 09:01:35,193] [builder.py:2321]           [INFO]     | Best of 2020 Collection | ? | Wolfwalkers (2020) (TMDb: 441130)                                    |
[2022-11-17 09:01:35,220] [builder.py:2321]           [INFO]     | Best of 2020 Collection | ? | Palm Springs (2020) (TMDb: 587792)                                   |
[2022-11-17 09:01:35,246] [builder.py:2321]           [INFO]     | Best of 2020 Collection | ? | Hamilton (2020) (TMDb: 556574)                                       |
[2022-11-17 09:01:35,262] [builder.py:2321]           [INFO]     | Best of 2020 Collection | ? | Da 5 Bloods (2020) (TMDb: 581859)                                    |
[2022-11-17 09:01:35,282] [builder.py:2321]           [INFO]     | Best of 2020 Collection | ? | First Cow (2020) (TMDb: 558582)                                      |
[2022-11-17 09:01:35,300] [builder.py:2321]           [INFO]     | Best of 2020 Collection | ? | Miss Juneteenth (2020) (TMDb: 653668)                                |
[2022-11-17 09:01:35,328] [builder.py:2321]           [INFO]     | Best of 2020 Collection | ? | His House (2020) (TMDb: 575774)                                      |
[2022-11-17 09:01:35,357] [builder.py:2321]           [INFO]     | Best of 2020 Collection | ? | Collective (2019) (TMDb: 618363)                                     |
[2022-11-17 09:01:35,390] [builder.py:2321]           [INFO]     | Best of 2020 Collection | ? | Crip Camp: A Disability Revolution (2020) (TMDb: 653725)             |
[2022-11-17 09:01:35,404] [builder.py:2321]           [INFO]     | Best of 2020 Collection | ? | 76 Days (2020) (TMDb: 728928)                                        |
[2022-11-17 09:01:35,422] [builder.py:2321]           [INFO]     | Best of 2020 Collection | ? | The Trial of the Chicago 7 (2020) (TMDb: 556984)                     |
[2022-11-17 09:01:35,443] [builder.py:2321]           [INFO]     | Best of 2020 Collection | ? | Host (2020) (TMDb: 723072)                                           |
[2022-11-17 09:01:35,460] [builder.py:2321]           [INFO]     | Best of 2020 Collection | ? | David Byrne's American Utopia (2020) (TMDb: 668800)                  |
[2022-11-17 09:01:35,474] [builder.py:2321]           [INFO]     | Best of 2020 Collection | ? | Dick Johnson Is Dead (2020) (TMDb: 653574)                           |
[2022-11-17 09:01:35,491] [builder.py:2321]           [INFO]     | Best of 2020 Collection | ? | Possessor Uncut (2020) (TMDb: 435615)                                |
[2022-11-17 09:01:35,508] [builder.py:2321]           [INFO]     | Best of 2020 Collection | ? | The Forty-Year-Old Version (2020) (TMDb: 620897)                     |
[2022-11-17 09:01:35,523] [builder.py:2321]           [INFO]     | Best of 2020 Collection | ? | Time (2020) (TMDb: 653729)                                           |
[2022-11-17 09:01:35,536] [builder.py:2321]           [INFO]     | Best of 2020 Collection | ? | Totally Under Control (2020) (TMDb: 741528)                          |
[2022-11-17 09:01:35,549] [builder.py:2321]           [INFO]     | Best of 2020 Collection | ? | Saint Frances (2020) (TMDb: 576005)                                  |
[2022-11-17 09:01:35,562] [builder.py:2321]           [INFO]     | Best of 2020 Collection | ? | Blow the Man Down (2019) (TMDb: 586451)                              |
[2022-11-17 09:01:35,582] [builder.py:2321]           [INFO]     | Best of 2020 Collection | ? | Onward (2020) (TMDb: 508439)                                         |
[2022-11-17 09:01:35,608] [builder.py:2321]           [INFO]     | Best of 2020 Collection | ? | The Personal History of David Copperfield (2019) (TMDb: 520900)      |
[2022-11-17 09:01:35,642] [builder.py:2321]           [INFO]     | Best of 2020 Collection | ? | The Vast of Night (2019) (TMDb: 565743)                              |
[2022-11-17 09:01:35,664] [builder.py:2321]           [INFO]     | Best of 2020 Collection | ? | Welcome to Chechnya (2020) (TMDb: 653579)                            |
[2022-11-17 09:01:35,678] [builder.py:2321]           [INFO]     | Best of 2020 Collection | ? | All In: The Fight for Democracy (2020) (TMDb: 727705)                |
[2022-11-17 09:01:35,691] [builder.py:2321]           [INFO]     | Best of 2020 Collection | ? | The Assistant (2020) (TMDb: 627463)                                  |
[2022-11-17 09:01:35,705] [builder.py:2321]           [INFO]     | Best of 2020 Collection | ? | Mucho Mucho Amor: The Legend of Walter Mercado (2020) (TMDb: 653735) |
[2022-11-17 09:01:35,719] [builder.py:2321]           [INFO]     | Best of 2020 Collection | ? | The Truffle Hunters (2020) (TMDb: 653762)                            |
[2022-11-17 09:01:35,735] [builder.py:2321]           [INFO]     | Best of 2020 Collection | ? | Relic (2020) (TMDb: 539181)                                          |
[2022-11-17 09:01:35,752] [builder.py:2321]           [INFO]     | Best of 2020 Collection | ? | Athlete A (2020) (TMDb: 684700)                                      |
[2022-11-17 09:01:35,769] [builder.py:2321]           [INFO]     | Best of 2020 Collection | ? | Driveways (2020) (TMDb: 568994)                                      |
[2022-11-17 09:01:35,785] [builder.py:2321]           [INFO]     | Best of 2020 Collection | ? | Corpus Christi (2019) (TMDb: 471707)                                 |
[2022-11-17 09:01:35,812] [builder.py:2321]           [INFO]     | Best of 2020 Collection | ? | A Secret Love (2020) (TMDb: 687156)                                  |
[2022-11-17 09:01:35,830] [builder.py:2321]           [INFO]     | Best of 2020 Collection | ? | On the Record (2020) (TMDb: 653612)                                  |
[2022-11-17 09:01:35,846] [builder.py:2321]           [INFO]     | Best of 2020 Collection | ? | Extra Ordinary (2019) (TMDb: 538227)                                 |
[2022-11-17 09:01:35,862] [builder.py:2321]           [INFO]     | Best of 2020 Collection | ? | Coded Bias (2020) (TMDb: 653734)                                     |
[2022-11-17 09:01:35,882] [builder.py:2321]           [INFO]     | Best of 2020 Collection | ? | Slay the Dragon (2019) (TMDb: 598492)                                |
[2022-11-17 09:01:35,885] [builder.py:2321]           [INFO]     | Best of 2020 Collection | ? | Gunda (2021) (TMDb: 664601)                                          |
[2022-11-17 09:01:35,897] [builder.py:2321]           [INFO]     | Best of 2020 Collection | ? | The Fight (2020) (TMDb: 653727)                                      |
[2022-11-17 09:01:35,910] [builder.py:2321]           [INFO]     | Best of 2020 Collection | ? | Another Round (2020) (TMDb: 580175)                                  |
[2022-11-17 09:01:35,922] [builder.py:2321]           [INFO]     | Best of 2020 Collection | ? | A Thousand Cuts (2020) (TMDb: 653731)                                |
[2022-11-17 09:01:35,935] [builder.py:2321]           [INFO]     | Best of 2020 Collection | ? | Coup 53 (2019) (TMDb: 626979)                                        |
[2022-11-17 09:01:35,946] [builder.py:2321]           [INFO]     | Best of 2020 Collection | ? | Rewind (2019) (TMDb: 597615)                                         |
[2022-11-17 09:01:35,968] [builder.py:2321]           [INFO]     | Best of 2020 Collection | ? | Mayor (2020) (TMDb: 681011)                                          |
[2022-11-17 09:01:35,984] [builder.py:2321]           [INFO]     | Best of 2020 Collection | ? | Mystify: Michael Hutchence (2019) (TMDb: 586534)                     |
[2022-11-17 09:01:36,005] [builder.py:2321]           [INFO]     | Best of 2020 Collection | ? | Acasă, My Home (2020) (TMDb: 653742)                                 |
[2022-11-17 09:01:36,015] [builder.py:2321]           [INFO]     | Best of 2020 Collection | ? | The Half of It (2020) (TMDb: 597219)                                 |
[2022-11-17 09:01:36,038] [builder.py:2321]           [INFO]     | Best of 2020 Collection | ? | The Painter and the Thief (2020) (TMDb: 654170)                      |
[2022-11-17 09:01:36,057] [builder.py:2321]           [INFO]     | Best of 2020 Collection | ? | City Hall (2020) (TMDb: 726041)                                      |
[2022-11-17 09:01:36,069] [builder.py:2321]           [INFO]     | Best of 2020 Collection | ? | Anything for Jackson (2020) (TMDb: 734353)                           |
[2022-11-17 09:01:36,125] [builder.py:2321]           [INFO]     | Best of 2020 Collection | ? | Vitalina Varela (2019) (TMDb: 468592)                                |
[2022-11-17 09:01:36,141] [builder.py:2321]           [INFO]     | Best of 2020 Collection | ? | Beats (2019) (TMDb: 493141)                                          |
[2022-11-17 09:01:36,160] [builder.py:2321]           [INFO]     | Best of 2020 Collection | ? | Night of the Kings (2021) (TMDb: 660958)                             |
[2022-11-17 09:01:36,180] [builder.py:2321]           [INFO]     | Best of 2020 Collection | ? | Bacurau (2019) (TMDb: 446159)                                        |
[2022-11-17 09:01:36,202] [builder.py:2321]           [INFO]     | Best of 2020 Collection | ? | Boys State (2020) (TMDb: 653723)                                     |
[2022-11-17 09:01:36,226] [builder.py:2321]           [INFO]     | Best of 2020 Collection | ? | Circus of Books (2019) (TMDb: 597594)                                |
[2022-11-17 09:01:36,242] [builder.py:2321]           [INFO]     | Best of 2020 Collection | ? | Saint Maud (2020) (TMDb: 575776)                                     |
[2022-11-17 09:01:36,255] [builder.py:2321]           [INFO]     | Best of 2020 Collection | ? | Why Don't You Just Die! (2018) (TMDb: 514684)                        |
[2022-11-17 09:01:36,267] [builder.py:2321]           [INFO]     | Best of 2020 Collection | ? | Enola Holmes (2020) (TMDb: 497582)                                   |
[2022-11-17 09:01:36,280] [builder.py:2321]           [INFO]     | Best of 2020 Collection | ? | Disclosure (2020) (TMDb: 653610)                                     |
[2022-11-17 09:01:36,293] [builder.py:2321]           [INFO]     | Best of 2020 Collection | ? | Apples (2021) (TMDb: 652156)                                         |
[2022-11-17 09:01:36,310] [builder.py:2321]           [INFO]     | Best of 2020 Collection | ? | La Llorona (2019) (TMDb: 617708)                                     |
[2022-11-17 09:01:36,347] [builder.py:2321]           [INFO]     | Best of 2020 Collection | ? | The Dissident (2020) (TMDb: 653746)                                  |
[2022-11-17 09:01:36,361] [builder.py:2321]           [INFO]     | Best of 2020 Collection | ? | News of the World (2020) (TMDb: 581032)                              |
[2022-11-17 09:01:36,375] [builder.py:2321]           [INFO]     | Best of 2020 Collection | ? | There Is No Evil (2020) (TMDb: 667935)                               |
[2022-11-17 09:01:36,397] [builder.py:2321]           [INFO]     | Best of 2020 Collection | ? | Farewell Amor (2020) (TMDb: 653665)                                  |
[2022-11-17 09:01:36,415] [builder.py:2321]           [INFO]     | Best of 2020 Collection | ? | Sweat (2021) (TMDb: 712121)                                          |
[2022-11-17 09:01:36,432] [builder.py:2321]           [INFO]     | Best of 2020 Collection | ? | Fourteen (2019) (TMDb: 573081)                                       |
[2022-11-17 09:01:36,448] [builder.py:2321]           [INFO]     | Best of 2020 Collection | ? | House of Hummingbird (2019) (TMDb: 547404)                           |
[2022-11-17 09:01:36,464] [builder.py:2321]           [INFO]     | Best of 2020 Collection | ? | The Go-Go's (2020) (TMDb: 653748)                                    |
[2022-11-17 09:01:36,484] [builder.py:2321]           [INFO]     | Best of 2020 Collection | ? | Make Up (2020) (TMDb: 584583)                                        |
[2022-11-17 09:01:36,502] [builder.py:2321]           [INFO]     | Best of 2020 Collection | ? | Fireball: Visitors from Darker Worlds (2020) (TMDb: 574082)          |
[2022-11-17 09:01:36,547] [builder.py:2321]           [INFO]     | Best of 2020 Collection | ? | On the Rocks (2020) (TMDb: 575417)                                   |
[2022-11-17 09:01:36,570] [builder.py:2321]           [INFO]     | Best of 2020 Collection | ? | The Last Tree (2019) (TMDb: 565386)                                  |
[2022-11-17 09:01:36,598] [builder.py:2321]           [INFO]     | Best of 2020 Collection | ? | Babyteeth (2020) (TMDb: 522098)                                      |
[2022-11-17 09:01:36,622] [builder.py:2321]           [INFO]     | Best of 2020 Collection | ? | The Human Voice (2020) (TMDb: 671577)                                |
[2022-11-17 09:01:36,641] [builder.py:2321]           [INFO]     | Best of 2020 Collection | ? | Spontaneous (2020) (TMDb: 604578)                                    |
[2022-11-17 09:01:36,653] [builder.py:2321]           [INFO]     | Best of 2020 Collection | ? | Rocks (2019) (TMDb: 575773)                                          |
[2022-11-17 09:01:36,674] [builder.py:2321]           [INFO]     | Best of 2020 Collection | ? | Assassins (2021) (TMDb: 653740)                                      |
[2022-11-17 09:01:36,707] [builder.py:2321]           [INFO]     | Best of 2020 Collection | ? | The Boy Behind The Door (2020) (TMDb: 741613)                        |
[2022-11-17 09:01:36,725] [builder.py:2321]           [INFO]     | Best of 2020 Collection | ? | A Shaun the Sheep Movie: Farmageddon (2019) (TMDb: 422803)           |
[2022-11-17 09:01:36,747] [builder.py:2321]           [INFO]     | Best of 2020 Collection | ? | Kajillionaire (2020) (TMDb: 541305)                                  |
[2022-11-17 09:01:36,760] [builder.py:2321]           [INFO]     | Best of 2020 Collection | ? | Just Mercy (2019) (TMDb: 522212)                                     |
[2022-11-17 09:01:36,767] [builder.py:2321]           [INFO]     | Best of 2020 Collection | ? | Zappa (2020) (TMDb: 353047)                                          |
[2022-11-17 09:01:36,789] [builder.py:2321]           [INFO]     | Best of 2020 Collection | ? | Slaxx (2020) (TMDb: 605133)                                          |
[2022-11-17 09:01:36,811] [builder.py:2321]           [INFO]     | Best of 2020 Collection | ? | Borat Subsequent Moviefilm (2020) (TMDb: 740985)                     |
[2022-11-17 09:01:36,829] [builder.py:2321]           [INFO]     | Best of 2020 Collection | ? | Birds of Prey (and the Fantabulous Emancipation of One Harley Quinn) (2020) (TMDb: 495764) |
[2022-11-17 09:01:36,851] [builder.py:2321]           [INFO]     | Best of 2020 Collection | ? | Love and Monsters (2020) (TMDb: 590223)                              |
[2022-11-17 09:01:36,886] [builder.py:2321]           [INFO]     | Best of 2020 Collection | ? | The White Tiger (2021) (TMDb: 628534)                                |
[2022-11-17 09:01:36,902] [builder.py:2321]           [INFO]     | Best of 2020 Collection | ? | Yes, God, Yes (2020) (TMDb: 527660)                                  |
[2022-11-17 09:01:36,903] [builder.py:2326]           [INFO]     |                                                                                                    |
[2022-11-17 09:01:36,903] [builder.py:2327]           [INFO]     | 100 Movies Missing                                                                                 |
[2022-11-17 09:01:37,532] [plex_meta_manager.py:652]  [INFO]     |                                                                                                    |
[2022-11-17 09:01:37,532] [plex_meta_manager.py:653]  [INFO]     | Collection Minimum: 2 not met for Best of 2020 Collection                                          |
[2022-11-17 09:01:37,533] [plex_meta_manager.py:736]  [INFO]     |                                                                                                    |
[2022-11-17 09:01:37,535] [plex_meta_manager.py:737]  [INFO]     |====================================================================================================|
[2022-11-17 09:01:37,536] [plex_meta_manager.py:737]  [INFO]     |                                  Finished Best of 2020 Collection                                  |
[2022-11-17 09:01:37,536] [plex_meta_manager.py:737]  [INFO]     |                                    Collection Run Time: 0:00:02                                    |
[2022-11-17 09:01:37,537] [plex_meta_manager.py:737]  [INFO]     |====================================================================================================|
