[2022-11-16 18:55:50,760] [builder.py:193]            [INFO]     |====================================================================================================|
[2022-11-16 18:55:50,761] [builder.py:193]            [INFO]     |                        Oren Peli (Producer) Collection in Halloween Movies                         |
[2022-11-16 18:55:50,761] [builder.py:193]            [INFO]     |====================================================================================================|
[2022-11-16 18:55:50,761] [builder.py:194]            [INFO]     |                                                                                                    |
[2022-11-16 18:55:50,761] [builder.py:199]            [INFO]     |================================ Building Definition From Templates ================================|
[2022-11-16 18:55:50,761] [builder.py:215]            [DEBUG]    |                                                                                                    |
[2022-11-16 18:55:50,761] [meta.py:210]               [DEBUG]    |====================================== Template smart_filter =======================================|
[2022-11-16 18:55:50,762] [meta.py:451]               [DEBUG]    |                                                                                                    |
[2022-11-16 18:55:50,768] [meta.py:210]               [DEBUG]    |======================================= Template translation =======================================|
[2022-11-16 18:55:50,768] [meta.py:451]               [DEBUG]    |                                                                                                    |
[2022-11-16 18:55:50,771] [meta.py:210]               [DEBUG]    |========================================= Template shared ==========================================|
[2022-11-16 18:55:50,772] [meta.py:451]               [DEBUG]    |                                                                                                    |
[2022-11-16 18:55:50,782] [meta.py:512]               [DEBUG]    |                                                                                                    |
[2022-11-16 18:55:50,783] [meta.py:513]               [DEBUG]    |==================================== Final Template Attributes =====================================|
[2022-11-16 18:55:50,783] [meta.py:514]               [DEBUG]    |                                                                                                    |
[2022-11-16 18:55:50,783] [meta.py:515]               [DEBUG]    | {'tmdb_person': ['Oren Peli'], 'smart_filter': {'sort_by': 'title.asc', 'any': {'producer': 'tmdb'}}, 'summary': 'Movies produced by Oren Peli.', 'name': 'Oren Peli (Producer)', 'ignore_blank_results': True, 'collection_mode': 'hide', 'sort_title': '!19_Oren Peli (Producer)', 'url_poster': 'https://raw.githubusercontent.com/meisnate12/Plex-Meta-Manager-Images/master/people/rainier/Oren%20Peli.jpg'} |
[2022-11-16 18:55:50,783] [meta.py:516]               [DEBUG]    |                                                                                                    |
[2022-11-16 18:55:50,783] [builder.py:223]            [INFO]     |============================ Validating Oren Peli (Producer) Attributes ============================|
[2022-11-16 18:55:50,783] [builder.py:226]            [DEBUG]    |                                                                                                    |
[2022-11-16 18:55:50,783] [builder.py:227]            [DEBUG]    | Validating Method: name                                                                            |
[2022-11-16 18:55:50,783] [builder.py:230]            [DEBUG]    | Value: Oren Peli (Producer)                                                                        |
[2022-11-16 18:55:50,783] [builder.py:502]            [DEBUG]    |                                                                                                    |
[2022-11-16 18:55:50,784] [builder.py:503]            [DEBUG]    | Validating Method: ignore_blank_results                                                            |
[2022-11-16 18:55:50,784] [builder.py:504]            [DEBUG]    | Value: True                                                                                        |
[2022-11-16 18:55:50,784] [builder.py:528]            [DEBUG]    |                                                                                                    |
[2022-11-16 18:55:50,784] [builder.py:529]            [DEBUG]    | Validating Method: tmdb_person                                                                     |
[2022-11-16 18:55:50,784] [builder.py:533]            [DEBUG]    | Value: ['Oren Peli']                                                                               |
[2022-11-16 18:55:50,828] [builder.py:1784]           [INFO]     |                                                                                                    |
[2022-11-16 18:55:50,828] [builder.py:1785]           [INFO]     | Validating Method: smart_filter                                                                    |
[2022-11-16 18:55:50,828] [builder.py:1791]           [DEBUG]    | Value: {'sort_by': 'title.asc', 'any': {'producer': 'tmdb'}}                                       |
[2022-11-16 18:55:50,920] [builder.py:1978]           [DEBUG]    | Smart URL: ?type=1&sort=titleSort&push=1&producer=16991&pop=1                                      |
[2022-11-16 18:55:50,921] [builder.py:646]            [DEBUG]    |                                                                                                    |
[2022-11-16 18:55:50,921] [builder.py:650]            [DEBUG]    | Validating Method: label                                                                           |
[2022-11-16 18:55:50,921] [builder.py:651]            [DEBUG]    | Value: Top Producers                                                                               |
[2022-11-16 18:55:50,922] [builder.py:646]            [DEBUG]    |                                                                                                    |
[2022-11-16 18:55:50,922] [builder.py:650]            [DEBUG]    | Validating Method: summary                                                                         |
[2022-11-16 18:55:50,922] [builder.py:651]            [DEBUG]    | Value: Movies produced by Oren Peli.                                                               |
[2022-11-16 18:55:50,922] [builder.py:646]            [DEBUG]    |                                                                                                    |
[2022-11-16 18:55:50,922] [builder.py:650]            [DEBUG]    | Validating Method: collection_mode                                                                 |
[2022-11-16 18:55:50,922] [builder.py:651]            [DEBUG]    | Value: hide                                                                                        |
[2022-11-16 18:55:50,922] [builder.py:646]            [DEBUG]    |                                                                                                    |
[2022-11-16 18:55:50,922] [builder.py:650]            [DEBUG]    | Validating Method: sort_title                                                                      |
[2022-11-16 18:55:50,923] [builder.py:651]            [DEBUG]    | Value: !19_Oren Peli (Producer)                                                                    |
[2022-11-16 18:55:50,923] [builder.py:646]            [DEBUG]    |                                                                                                    |
[2022-11-16 18:55:50,923] [builder.py:650]            [DEBUG]    | Validating Method: url_poster                                                                      |
[2022-11-16 18:55:50,923] [builder.py:651]            [DEBUG]    | Value: https://raw.githubusercontent.com/meisnate12/Plex-Meta-Manager-Images/master/people/rainier/Oren%20Peli.jpg |
[2022-11-16 18:55:51,236] [builder.py:845]            [WARNING]  | Collection Warning: No Poster Found at https://raw.githubusercontent.com/meisnate12/Plex-Meta-Manager-Images/master/people/rainier/Oren%20Peli.jpg |
[2022-11-16 18:55:51,279] [builder.py:814]            [INFO]     |                                                                                                    |
[2022-11-16 18:55:51,279] [builder.py:815]            [INFO]     | Validation Successful                                                                              |
[2022-11-16 18:55:51,279] [plex_meta_manager.py:594]  [INFO]     |                                                                                                    |
[2022-11-16 18:55:51,279] [plex_meta_manager.py:596]  [INFO]     |============================= Running Oren Peli (Producer) Collection ==============================|
[2022-11-16 18:55:51,280] [plex_meta_manager.py:602]  [INFO]     |                                                                                                    |
[2022-11-16 18:55:51,280] [plex_meta_manager.py:603]  [INFO]     | Smart Movie Filter                                                                                 |
                                                                 | Sort By: ['title.asc']
                                                                 | Filter:
                                                                 |   Match any of the following:
                                                                 |     Producer is Oren Peli
[2022-11-16 18:55:51,315] [builder.py:2527]           [INFO]     | 
[2022-11-16 18:55:51,316] [builder.py:2528]           [INFO]     |======================= Updating Details of Oren Peli (Producer) Collection ========================|
[2022-11-16 18:55:51,316] [builder.py:2529]           [INFO]     |                                                                                                    |
[2022-11-16 18:55:51,323] [builder.py:2595]           [INFO]     | Collection Metadata Edits                                                                          |
[2022-11-16 18:55:51,323] [util.py:174]               [DEBUG]    | 1 poster found:                                                                                    |
[2022-11-16 18:55:51,323] [util.py:176]               [DEBUG]    | Method: tmdb_person Poster: https://image.tmdb.org/t/p/original/1GQMVWW2G7CpR3kSZMe348CZoQh.jpg    |
[2022-11-16 18:55:51,325] [library.py:180]            [INFO]     | Detail: poster update not needed                                                                   |
[2022-11-16 18:55:51,355] [plex_meta_manager.py:736]  [INFO]     |                                                                                                    |
[2022-11-16 18:55:51,355] [plex_meta_manager.py:737]  [INFO]     |====================================================================================================|
[2022-11-16 18:55:51,355] [plex_meta_manager.py:737]  [INFO]     |                              Finished Oren Peli (Producer) Collection                              |
[2022-11-16 18:55:51,355] [plex_meta_manager.py:737]  [INFO]     |                                    Collection Run Time: 0:00:00                                    |
[2022-11-16 18:55:51,355] [plex_meta_manager.py:737]  [INFO]     |====================================================================================================|
