[2022-11-16 22:31:37,446] [builder.py:193]            [INFO]     |====================================================================================================|
[2022-11-16 22:31:37,446] [builder.py:193]            [INFO]     |                              Geoff Gustafson Collection in Old Movies                              |
[2022-11-16 22:31:37,447] [builder.py:193]            [INFO]     |====================================================================================================|
[2022-11-16 22:31:37,447] [builder.py:194]            [INFO]     |                                                                                                    |
[2022-11-16 22:31:37,447] [builder.py:199]            [INFO]     |================================ Building Definition From Templates ================================|
[2022-11-16 22:31:37,447] [builder.py:215]            [DEBUG]    |                                                                                                    |
[2022-11-16 22:31:37,447] [meta.py:210]               [DEBUG]    |====================================== Template smart_filter =======================================|
[2022-11-16 22:31:37,448] [meta.py:451]               [DEBUG]    |                                                                                                    |
[2022-11-16 22:31:37,453] [meta.py:210]               [DEBUG]    |======================================= Template translation =======================================|
[2022-11-16 22:31:37,454] [meta.py:451]               [DEBUG]    |                                                                                                    |
[2022-11-16 22:31:37,457] [meta.py:210]               [DEBUG]    |========================================= Template shared ==========================================|
[2022-11-16 22:31:37,458] [meta.py:451]               [DEBUG]    |                                                                                                    |
[2022-11-16 22:31:37,469] [meta.py:512]               [DEBUG]    |                                                                                                    |
[2022-11-16 22:31:37,470] [meta.py:513]               [DEBUG]    |==================================== Final Template Attributes =====================================|
[2022-11-16 22:31:37,470] [meta.py:514]               [DEBUG]    |                                                                                                    |
[2022-11-16 22:31:37,470] [meta.py:515]               [DEBUG]    | {'tmdb_person': ['Geoff Gustafson'], 'smart_filter': {'sort_by': 'title.asc', 'any': {'actor': 'tmdb'}}, 'summary': 'Movies with Geoff Gustafson.', 'name': 'Geoff Gustafson', 'ignore_blank_results': True, 'collection_mode': 'hide', 'sort_title': '!17_Geoff Gustafson', 'url_poster': 'https://raw.githubusercontent.com/meisnate12/Plex-Meta-Manager-Images/master/people/rainier/Geoff%20Gustafson.jpg'} |
[2022-11-16 22:31:37,470] [meta.py:516]               [DEBUG]    |                                                                                                    |
[2022-11-16 22:31:37,470] [builder.py:223]            [INFO]     |============================== Validating Geoff Gustafson Attributes ===============================|
[2022-11-16 22:31:37,471] [builder.py:226]            [DEBUG]    |                                                                                                    |
[2022-11-16 22:31:37,471] [builder.py:227]            [DEBUG]    | Validating Method: name                                                                            |
[2022-11-16 22:31:37,471] [builder.py:230]            [DEBUG]    | Value: Geoff Gustafson                                                                             |
[2022-11-16 22:31:37,471] [builder.py:502]            [DEBUG]    |                                                                                                    |
[2022-11-16 22:31:37,471] [builder.py:503]            [DEBUG]    | Validating Method: ignore_blank_results                                                            |
[2022-11-16 22:31:37,472] [builder.py:504]            [DEBUG]    | Value: True                                                                                        |
[2022-11-16 22:31:37,472] [builder.py:528]            [DEBUG]    |                                                                                                    |
[2022-11-16 22:31:37,472] [builder.py:529]            [DEBUG]    | Validating Method: tmdb_person                                                                     |
[2022-11-16 22:31:37,472] [builder.py:533]            [DEBUG]    | Value: ['Geoff Gustafson']                                                                         |
[2022-11-16 22:31:37,815] [builder.py:1784]           [INFO]     |                                                                                                    |
[2022-11-16 22:31:37,816] [builder.py:1785]           [INFO]     | Validating Method: smart_filter                                                                    |
[2022-11-16 22:31:37,816] [builder.py:1791]           [DEBUG]    | Value: {'sort_by': 'title.asc', 'any': {'actor': 'tmdb'}}                                          |
[2022-11-16 22:31:38,117] [builder.py:1978]           [DEBUG]    | Smart URL: ?type=1&sort=titleSort&push=1&actor=1463&pop=1                                          |
[2022-11-16 22:31:38,118] [builder.py:646]            [DEBUG]    |                                                                                                    |
[2022-11-16 22:31:38,118] [builder.py:650]            [DEBUG]    | Validating Method: label                                                                           |
[2022-11-16 22:31:38,118] [builder.py:651]            [DEBUG]    | Value: Top Actors                                                                                  |
[2022-11-16 22:31:38,119] [builder.py:646]            [DEBUG]    |                                                                                                    |
[2022-11-16 22:31:38,119] [builder.py:650]            [DEBUG]    | Validating Method: summary                                                                         |
[2022-11-16 22:31:38,119] [builder.py:651]            [DEBUG]    | Value: Movies with Geoff Gustafson.                                                                |
[2022-11-16 22:31:38,119] [builder.py:646]            [DEBUG]    |                                                                                                    |
[2022-11-16 22:31:38,119] [builder.py:650]            [DEBUG]    | Validating Method: collection_mode                                                                 |
[2022-11-16 22:31:38,119] [builder.py:651]            [DEBUG]    | Value: hide                                                                                        |
[2022-11-16 22:31:38,120] [builder.py:646]            [DEBUG]    |                                                                                                    |
[2022-11-16 22:31:38,120] [builder.py:650]            [DEBUG]    | Validating Method: sort_title                                                                      |
[2022-11-16 22:31:38,120] [builder.py:651]            [DEBUG]    | Value: !17_Geoff Gustafson                                                                         |
[2022-11-16 22:31:38,120] [builder.py:646]            [DEBUG]    |                                                                                                    |
[2022-11-16 22:31:38,120] [builder.py:650]            [DEBUG]    | Validating Method: url_poster                                                                      |
[2022-11-16 22:31:38,120] [builder.py:651]            [DEBUG]    | Value: https://raw.githubusercontent.com/meisnate12/Plex-Meta-Manager-Images/master/people/rainier/Geoff%20Gustafson.jpg |
[2022-11-16 22:31:38,226] [builder.py:845]            [WARNING]  | Collection Warning: No Poster Found at https://raw.githubusercontent.com/meisnate12/Plex-Meta-Manager-Images/master/people/rainier/Geoff%20Gustafson.jpg |
[2022-11-16 22:31:38,231] [plex.py:835]               [DEBUG]    |                                                                                                    |
[2022-11-16 22:31:38,231] [plex.py:838]               [DEBUG]    | Looking for: Geoff Gustafson                                                                       |
[2022-11-16 22:31:38,232] [builder.py:814]            [INFO]     |                                                                                                    |
[2022-11-16 22:31:38,232] [builder.py:815]            [INFO]     | Validation Successful                                                                              |
[2022-11-16 22:31:38,232] [plex_meta_manager.py:594]  [INFO]     |                                                                                                    |
[2022-11-16 22:31:38,232] [plex_meta_manager.py:596]  [INFO]     |================================ Running Geoff Gustafson Collection ================================|
[2022-11-16 22:31:38,232] [plex_meta_manager.py:602]  [INFO]     |                                                                                                    |
[2022-11-16 22:31:38,232] [plex_meta_manager.py:603]  [INFO]     | Smart Movie Filter                                                                                 |
                                                                 | Sort By: ['title.asc']
                                                                 | Filter:
                                                                 |   Match any of the following:
                                                                 |     Actor is Geoff Gustafson
[2022-11-16 22:31:38,314] [builder.py:2509]           [DEBUG]    | Smart Collection Created: ?type=1&sort=titleSort&push=1&actor=1463&pop=1
[2022-11-16 22:31:38,320] [builder.py:2527]           [INFO]     | 
[2022-11-16 22:31:38,321] [builder.py:2528]           [INFO]     |========================== Updating Details of Geoff Gustafson Collection ==========================|
[2022-11-16 22:31:38,321] [builder.py:2529]           [INFO]     |                                                                                                    |
[2022-11-16 22:31:38,329] [builder.py:2595]           [INFO]     | Collection Metadata Edits                                                                          |
                                                                 | Summary (summary) | Movies with Geoff Gustafson.
                                                                 | Sort Title | !17_Geoff Gustafson
                                                                 | Label | +Top Actors, +PMM
[2022-11-16 22:31:40,414] [builder.py:2599]           [INFO]     | Details: have been updated
[2022-11-16 22:31:40,414] [builder.py:2603]           [INFO]     | 
[2022-11-16 22:31:42,550] [builder.py:2615]           [INFO]     | Collection Mode | hide
[2022-11-16 22:31:42,565] [plex.py:1203]              [WARNING]  | Asset Warning: Asset Directory Not Found and Created: config/Old_Movies/Assets/Geoff Gustafson
[2022-11-16 22:31:42,565] [util.py:174]               [DEBUG]    | 1 poster found:
[2022-11-16 22:31:42,566] [util.py:176]               [DEBUG]    | Method: tmdb_person Poster: https://image.tmdb.org/t/p/original/geqRfzNtdVHDJMvVobBHXQUJG5T.jpg
[2022-11-16 22:31:42,609] [library.py:178]            [INFO]     | Detail: tmdb_person updated poster to [URL] https://image.tmdb.org/t/p/original/geqRfzNtdVHDJMvVobBHXQUJG5T.jpg
[2022-11-16 22:31:42,681] [plex_meta_manager.py:736]  [INFO]     | 
[2022-11-16 22:31:42,682] [plex_meta_manager.py:737]  [INFO]     |====================================================================================================|
[2022-11-16 22:31:42,682] [plex_meta_manager.py:737]  [INFO]     |                                Finished Geoff Gustafson Collection                                 |
[2022-11-16 22:31:42,682] [plex_meta_manager.py:737]  [INFO]     |                                    Collection Run Time: 0:00:05                                    |
[2022-11-16 22:31:42,682] [plex_meta_manager.py:737]  [INFO]     |====================================================================================================|
