[2022-11-25 15:44:21,431] [builder.py:193]            [INFO]     |====================================================================================================|
[2022-11-25 15:44:21,431] [builder.py:193]            [INFO]     |                                 Emmys 2020 Collection in TV Shows                                  |
[2022-11-25 15:44:21,431] [builder.py:193]            [INFO]     |====================================================================================================|
[2022-11-25 15:44:21,431] [builder.py:194]            [INFO]     |                                                                                                    |
[2022-11-25 15:44:21,431] [builder.py:199]            [INFO]     |================================ Building Definition From Templates ================================|
[2022-11-25 15:44:21,431] [builder.py:215]            [DEBUG]    |                                                                                                    |
[2022-11-25 15:44:21,431] [meta.py:210]               [DEBUG]    |================================== Template use_year_collections ===================================|
[2022-11-25 15:44:21,432] [meta.py:451]               [DEBUG]    |                                                                                                    |
[2022-11-25 15:44:21,434] [meta.py:210]               [DEBUG]    |========================================== Template imdb ===========================================|
[2022-11-25 15:44:21,435] [meta.py:451]               [DEBUG]    |                                                                                                    |
[2022-11-25 15:44:21,437] [meta.py:210]               [DEBUG]    |========================================= Template shared ==========================================|
[2022-11-25 15:44:21,437] [meta.py:451]               [DEBUG]    |                                                                                                    |
[2022-11-25 15:44:21,461] [meta.py:210]               [DEBUG]    |=========================================== Template arr ===========================================|
[2022-11-25 15:44:21,462] [meta.py:451]               [DEBUG]    |                                                                                                    |
[2022-11-25 15:44:21,471] [meta.py:210]               [DEBUG]    |========================================= Template custom ==========================================|
[2022-11-25 15:44:21,472] [meta.py:451]               [DEBUG]    |                                                                                                    |
[2022-11-25 15:44:21,477] [meta.py:512]               [DEBUG]    |                                                                                                    |
[2022-11-25 15:44:21,477] [meta.py:513]               [DEBUG]    |==================================== Final Template Attributes =====================================|
[2022-11-25 15:44:21,477] [meta.py:514]               [DEBUG]    |                                                                                                    |
[2022-11-25 15:44:21,477] [meta.py:515]               [DEBUG]    | {'imdb_list': 'https://www.imdb.com/search/title/?release_date=2020-01-01,2020-12-31&groups=emmy_winner&sort=moviemeter,asc', 'ignore_blank_results': True, 'sort_title': '!16_Emmys 2020', 'url_poster': 'https://raw.githubusercontent.com/meisnate12/Plex-Meta-Manager-Images/master/award/emmys/winner/2020.jpg', 'collection_order': 'custom', 'sync_mode': 'sync', 'cache_builders': 1} |
[2022-11-25 15:44:21,477] [meta.py:516]               [DEBUG]    |                                                                                                    |
[2022-11-25 15:44:21,477] [builder.py:223]            [INFO]     |================================= Validating Emmys 2020 Attributes =================================|
[2022-11-25 15:44:21,478] [builder.py:502]            [DEBUG]    |                                                                                                    |
[2022-11-25 15:44:21,478] [builder.py:503]            [DEBUG]    | Validating Method: ignore_blank_results                                                            |
[2022-11-25 15:44:21,478] [builder.py:504]            [DEBUG]    | Value: True                                                                                        |
[2022-11-25 15:44:21,478] [builder.py:516]            [DEBUG]    |                                                                                                    |
[2022-11-25 15:44:21,478] [builder.py:517]            [DEBUG]    | Validating Method: sync_mode                                                                       |
[2022-11-25 15:44:21,478] [builder.py:521]            [DEBUG]    | Value: sync                                                                                        |
[2022-11-25 15:44:21,478] [builder.py:613]            [DEBUG]    |                                                                                                    |
[2022-11-25 15:44:21,478] [builder.py:614]            [DEBUG]    | Validating Method: collection_order                                                                |
[2022-11-25 15:44:21,478] [builder.py:615]            [DEBUG]    | Value: custom                                                                                      |
[2022-11-25 15:44:21,478] [builder.py:646]            [DEBUG]    |                                                                                                    |
[2022-11-25 15:44:21,479] [builder.py:650]            [DEBUG]    | Validating Method: label                                                                           |
[2022-11-25 15:44:21,479] [builder.py:651]            [DEBUG]    | Value: Emmy Awards                                                                                 |
[2022-11-25 15:44:21,479] [builder.py:646]            [DEBUG]    |                                                                                                    |
[2022-11-25 15:44:21,479] [builder.py:650]            [DEBUG]    | Validating Method: imdb_list                                                                       |
[2022-11-25 15:44:21,479] [builder.py:651]            [DEBUG]    | Value: https://www.imdb.com/search/title/?release_date=2020-01-01,2020-12-31&groups=emmy_winner&sort=moviemeter,asc |
[2022-11-25 15:44:21,795] [builder.py:646]            [DEBUG]    |                                                                                                    |
[2022-11-25 15:44:21,796] [builder.py:650]            [DEBUG]    | Validating Method: sort_title                                                                      |
[2022-11-25 15:44:21,796] [builder.py:651]            [DEBUG]    | Value: !16_Emmys 2020                                                                              |
[2022-11-25 15:44:21,796] [builder.py:646]            [DEBUG]    |                                                                                                    |
[2022-11-25 15:44:21,796] [builder.py:650]            [DEBUG]    | Validating Method: url_poster                                                                      |
[2022-11-25 15:44:21,796] [builder.py:651]            [DEBUG]    | Value: https://raw.githubusercontent.com/meisnate12/Plex-Meta-Manager-Images/master/award/emmys/winner/2020.jpg |
[2022-11-25 15:44:21,900] [builder.py:646]            [DEBUG]    |                                                                                                    |
[2022-11-25 15:44:21,901] [builder.py:650]            [DEBUG]    | Validating Method: cache_builders                                                                  |
[2022-11-25 15:44:21,901] [builder.py:651]            [DEBUG]    | Value: 1                                                                                           |
[2022-11-25 15:44:21,933] [builder.py:814]            [INFO]     |                                                                                                    |
[2022-11-25 15:44:21,936] [builder.py:815]            [INFO]     | Validation Successful                                                                              |
[2022-11-25 15:44:21,937] [plex_meta_manager.py:594]  [INFO]     |                                                                                                    |
[2022-11-25 15:44:21,937] [plex_meta_manager.py:596]  [INFO]     |================================== Running Emmys 2020 Collection ===================================|
[2022-11-25 15:44:21,937] [plex_meta_manager.py:608]  [INFO]     |                                                                                                    |
[2022-11-25 15:44:21,937] [plex_meta_manager.py:609]  [INFO]     | Sync Mode: sync                                                                                    |
[2022-11-25 15:44:21,937] [plex_meta_manager.py:612]  [DEBUG]    |                                                                                                    |
[2022-11-25 15:44:21,937] [plex_meta_manager.py:613]  [DEBUG]    | Builder: imdb_list: {'url': 'https://www.imdb.com/search/title/?release_date=2020-01-01,2020-12-31&groups=emmy_winner&sort=moviemeter,asc', 'limit': 0} |
[2022-11-25 15:44:21,937] [plex_meta_manager.py:614]  [INFO]     |                                                                                                    |
[2022-11-25 15:44:21,939] [builder.py:1523]           [INFO]     | Builder: imdb_list loaded from Cache                                                               |
[2022-11-25 15:44:21,943] [builder.py:1574]           [DEBUG]    |                                                                                                    |
[2022-11-25 15:44:21,944] [builder.py:1575]           [DEBUG]    | 41 IDs Found                                                                                       |
[2022-11-25 15:44:21,944] [builder.py:1577]           [DEBUG]    |                                                                                                    |
[2022-11-25 15:44:22,007] [builder.py:1637]           [WARNING]  | Convert Error: No TVDb ID Found for TMDb ID: 214895                                                |
[2022-11-25 15:44:22,034] [builder.py:1637]           [WARNING]  | Convert Error: No TMDb ID Found for IMDb ID: tt12059644                                            |
[2022-11-25 15:44:22,046] [builder.py:1637]           [WARNING]  | Convert Error: No TMDb ID Found for IMDb ID: tt10305932                                            |
[2022-11-25 15:44:22,060] [builder.py:1637]           [WARNING]  | Convert Error: No TVDb ID Found for TMDb ID: 131643                                                |
[2022-11-25 15:44:22,072] [builder.py:1637]           [WARNING]  | Convert Error: No TVDb ID Found for TMDb ID: 119650                                                |
[2022-11-25 15:44:22,081] [builder.py:1637]           [WARNING]  | Convert Error: No TMDb ID Found for IMDb ID: tt11748436                                            |
[2022-11-25 15:44:22,094] [builder.py:1637]           [WARNING]  | Convert Error: No TMDb ID Found for IMDb ID: tt12599288                                            |
[2022-11-25 15:44:22,106] [builder.py:1637]           [WARNING]  | Convert Error: No TMDb ID Found for IMDb ID: tt14431252                                            |
[2022-11-25 15:44:22,106] [builder.py:2158]           [INFO]     |                                                                                                    |
[2022-11-25 15:44:22,107] [builder.py:2159]           [INFO]     |================================= Adding to Emmys 2020 Collection ==================================|
[2022-11-25 15:44:22,108] [builder.py:2160]           [INFO]     |                                                                                                    |
[2022-11-25 15:44:22,108] [builder.py:2174]           [INFO]     | 1/4 | Emmys 2020 Collection | = | Bridgerton                                                       |
[2022-11-25 15:44:22,108] [builder.py:2174]           [INFO]     | 2/4 | Emmys 2020 Collection | = | The Queen's Gambit                                               |
[2022-11-25 15:44:22,108] [builder.py:2174]           [INFO]     | 3/4 | Emmys 2020 Collection | = | Star Trek: Picard                                                |
[2022-11-25 15:44:22,109] [builder.py:2174]           [INFO]     | 4/4 | Emmys 2020 Collection | = | The Great                                                        |
[2022-11-25 15:44:22,109] [builder.py:2194]           [INFO]     |                                                                                                    |
[2022-11-25 15:44:22,109] [builder.py:2196]           [INFO]     | 4 Shows Processed 0 Shows Added                                                                    |
[2022-11-25 15:44:22,109] [builder.py:2306]           [INFO]     |                                                                                                    |
[2022-11-25 15:44:22,109] [builder.py:2307]           [INFO]     |============================== Missing Movies from Library: TV Shows ===============================|
[2022-11-25 15:44:22,110] [builder.py:2308]           [INFO]     |                                                                                                    |
[2022-11-25 15:44:22,120] [builder.py:2321]           [INFO]     | Emmys 2020 Collection | ? | Hamilton (2020) (TMDb: 556574)                                         |
[2022-11-25 15:44:22,130] [builder.py:2321]           [INFO]     | Emmys 2020 Collection | ? | The Social Dilemma (2020) (TMDb: 656690)                               |
[2022-11-25 15:44:22,141] [builder.py:2321]           [INFO]     | Emmys 2020 Collection | ? | Dolly Parton's Christmas on the Square (2020) (TMDb: 747349)           |
[2022-11-25 15:44:22,152] [builder.py:2321]           [INFO]     | Emmys 2020 Collection | ? | David Attenborough: A Life on Our Planet (2020) (TMDb: 664280)         |
[2022-11-25 15:44:22,163] [builder.py:2321]           [INFO]     | Emmys 2020 Collection | ? | Black Is King (2020) (TMDb: 719643)                                    |
[2022-11-25 15:44:22,173] [builder.py:2321]           [INFO]     | Emmys 2020 Collection | ? | David Byrne's American Utopia (2020) (TMDb: 668800)                    |
[2022-11-25 15:44:22,184] [builder.py:2321]           [INFO]     | Emmys 2020 Collection | ? | Dick Johnson Is Dead (2020) (TMDb: 653574)                             |
[2022-11-25 15:44:22,194] [builder.py:2321]           [INFO]     | Emmys 2020 Collection | ? | The Bee Gees: How Can You Mend a Broken Heart (2020) (TMDb: 730009)    |
[2022-11-25 15:44:22,204] [builder.py:2321]           [INFO]     | Emmys 2020 Collection | ? | Boys State (2020) (TMDb: 653723)                                       |
[2022-11-25 15:44:22,214] [builder.py:2321]           [INFO]     | Emmys 2020 Collection | ? | 76 Days (2020) (TMDb: 728928)                                          |
[2022-11-25 15:44:22,232] [builder.py:2321]           [INFO]     | Emmys 2020 Collection | ? | We Are the Dream: The Kids of the Oakland MLK Oratorical Fest (2020) (TMDb: 677639) |
[2022-11-25 15:44:22,243] [builder.py:2321]           [INFO]     | Emmys 2020 Collection | ? | Stephen Colbert's Election Night 2020: Democracy's Last Stand: Building Back America Great Again Better 2020 (2020) (TMDb: 759721) |
[2022-11-25 15:44:22,244] [builder.py:2326]           [INFO]     |                                                                                                    |
[2022-11-25 15:44:22,244] [builder.py:2327]           [INFO]     | 12 Movies Missing                                                                                  |
[2022-11-25 15:44:23,348] [builder.py:2352]           [INFO]     |                                                                                                    |
[2022-11-25 15:44:23,348] [builder.py:2353]           [INFO]     |============================== Missing Shows from Library: Emmys 2020 ==============================|
[2022-11-25 15:44:23,349] [builder.py:2354]           [INFO]     |                                                                                                    |
[2022-11-25 15:44:23,404] [builder.py:2366]           [INFO]     | Emmys 2020 Collection | ? | Ted Lasso (TVDb: 383203)                                               |
[2022-11-25 15:44:23,432] [builder.py:2366]           [INFO]     | Emmys 2020 Collection | ? | The Flight Attendant (TVDb: 366625)                                    |
[2022-11-25 15:44:23,467] [builder.py:2366]           [INFO]     | Emmys 2020 Collection | ? | Lovecraft Country (TVDb: 357864)                                       |
[2022-11-25 15:44:23,490] [builder.py:2366]           [INFO]     | Emmys 2020 Collection | ? | The Last Dance (TVDb: 347721)                                          |
[2022-11-25 15:44:23,527] [builder.py:2366]           [INFO]     | Emmys 2020 Collection | ? | I May Destroy You (TVDb: 371798)                                       |
[2022-11-25 15:44:23,558] [builder.py:2366]           [INFO]     | Emmys 2020 Collection | ? | Unorthodox (TVDb: 376122)                                              |
[2022-11-25 15:44:23,605] [builder.py:2366]           [INFO]     | Emmys 2020 Collection | ? | Hollywood (2020) (TVDb: 375503)                                        |
[2022-11-25 15:44:23,633] [builder.py:2366]           [INFO]     | Emmys 2020 Collection | ? | I Know This Much Is True (TVDb: 354972)                                |
[2022-11-25 15:44:23,818] [builder.py:2366]           [INFO]     | Emmys 2020 Collection | ? | Home Before Dark (TVDb: 362004)                                        |
[2022-11-25 15:44:23,845] [builder.py:2366]           [INFO]     | Emmys 2020 Collection | ? | Zoey's Extraordinary Playlist (TVDb: 363815)                           |
[2022-11-25 15:44:23,867] [builder.py:2366]           [INFO]     | Emmys 2020 Collection | ? | Mrs. America (TVDb: 367230)                                            |
[2022-11-25 15:44:23,899] [builder.py:2366]           [INFO]     | Emmys 2020 Collection | ? | The Good Lord Bird (TVDb: 367633)                                      |
[2022-11-25 15:44:24,061] [builder.py:2366]           [INFO]     | Emmys 2020 Collection | ? | We're Here (TVDb: 371893)                                              |
[2022-11-25 15:44:24,097] [builder.py:2366]           [INFO]     | Emmys 2020 Collection | ? | Cheer (2020) (TVDb: 374441)                                            |
[2022-11-25 15:44:24,122] [builder.py:2366]           [INFO]     | Emmys 2020 Collection | ? | Legendary (TVDb: 377143)                                               |
[2022-11-25 15:44:24,232] [builder.py:2366]           [INFO]     | Emmys 2020 Collection | ? | Mapleworth Murders (TVDb: 373202)                                      |
[2022-11-25 15:44:24,386] [builder.py:2366]           [INFO]     | Emmys 2020 Collection | ? | #FreeRayshawn (TVDb: 376944)                                           |
[2022-11-25 15:44:24,387] [builder.py:2371]           [INFO]     |                                                                                                    |
[2022-11-25 15:44:24,387] [builder.py:2372]           [INFO]     | 17 Shows Missing                                                                                   |
[2022-11-25 15:44:25,699] [sonarr.py:70]              [INFO]     |                                                                                                    |
[2022-11-25 15:44:25,700] [sonarr.py:71]              [INFO]     |===================================== Adding Missing to Sonarr =====================================|
[2022-11-25 15:44:25,701] [sonarr.py:72]              [DEBUG]    |                                                                                                    |
[2022-11-25 15:44:25,701] [sonarr.py:73]              [DEBUG]    | Sonarr Adds: [383203, 366625, 357864, 347721, 371798, 376122, 375503, 354972, 362004, 363815, 367230, 367633, 371893, 374441, 377143, 373202, 376944] |
[2022-11-25 15:45:05,843] [sonarr.py:170]             [INFO]     |                                                                                                    |
[2022-11-25 15:45:05,844] [sonarr.py:186]             [INFO]     | Skipped: In Cache | 383203                                                                         |
[2022-11-25 15:45:05,844] [sonarr.py:186]             [INFO]     | Skipped: In Cache | 357864                                                                         |
[2022-11-25 15:45:05,844] [sonarr.py:186]             [INFO]     | Skipped: In Cache | 347721                                                                         |
[2022-11-25 15:45:05,844] [sonarr.py:186]             [INFO]     | Skipped: In Cache | 371798                                                                         |
[2022-11-25 15:45:05,844] [sonarr.py:186]             [INFO]     | Skipped: In Cache | 376122                                                                         |
[2022-11-25 15:45:05,844] [sonarr.py:186]             [INFO]     | Skipped: In Cache | 375503                                                                         |
[2022-11-25 15:45:05,845] [sonarr.py:186]             [INFO]     | Skipped: In Cache | 354972                                                                         |
[2022-11-25 15:45:05,845] [sonarr.py:186]             [INFO]     | Skipped: In Cache | 362004                                                                         |
[2022-11-25 15:45:05,845] [sonarr.py:186]             [INFO]     | Skipped: In Cache | 363815                                                                         |
[2022-11-25 15:45:05,845] [sonarr.py:186]             [INFO]     | Skipped: In Cache | 367230                                                                         |
[2022-11-25 15:45:05,845] [sonarr.py:186]             [INFO]     | Skipped: In Cache | 367633                                                                         |
[2022-11-25 15:45:05,845] [sonarr.py:186]             [INFO]     | Skipped: In Cache | 371893                                                                         |
[2022-11-25 15:45:05,845] [sonarr.py:186]             [INFO]     | Skipped: In Cache | 374441                                                                         |
[2022-11-25 15:45:05,846] [sonarr.py:186]             [INFO]     | Skipped: In Cache | 377143                                                                         |
[2022-11-25 15:45:05,846] [sonarr.py:186]             [INFO]     | Skipped: In Cache | 373202                                                                         |
[2022-11-25 15:45:05,846] [sonarr.py:186]             [INFO]     | Skipped: In Cache | 376944                                                                         |
[2022-11-25 15:45:05,846] [sonarr.py:187]             [INFO]     | 16 Series already exist in Sonarr                                                                  |
[2022-11-25 15:45:05,846] [sonarr.py:205]             [INFO]     |                                                                                                    |
[2022-11-25 15:45:05,846] [sonarr.py:206]             [INFO]     | Invalid TVDb ID | [The Flight Attendant]                                                           |
[2022-11-25 15:45:05,846] [sonarr.py:207]             [INFO]     | 1 Series with Invalid IDs                                                                          |
[2022-11-25 15:45:05,909] [builder.py:2527]           [INFO]     |                                                                                                    |
[2022-11-25 15:45:05,909] [builder.py:2528]           [INFO]     |============================ Updating Details of Emmys 2020 Collection =============================|
[2022-11-25 15:45:05,909] [builder.py:2529]           [INFO]     |                                                                                                    |
[2022-11-25 15:45:05,917] [builder.py:2595]           [INFO]     | Collection Metadata Edits                                                                          |
[2022-11-25 15:45:05,918] [util.py:174]               [DEBUG]    | 1 poster found:                                                                                    |
[2022-11-25 15:45:05,918] [util.py:176]               [DEBUG]    | Method: url_poster Poster: https://raw.githubusercontent.com/meisnate12/Plex-Meta-Manager-Images/master/award/emmys/winner/2020.jpg |
[2022-11-25 15:45:05,919] [library.py:180]            [INFO]     | Detail: poster update not needed                                                                   |
[2022-11-25 15:45:05,948] [builder.py:2686]           [INFO]     |                                                                                                    |
[2022-11-25 15:45:05,948] [builder.py:2687]           [INFO]     |================================== Sorting Emmys 2020 Collection ===================================|
[2022-11-25 15:45:05,948] [builder.py:2688]           [INFO]     |                                                                                                    |
[2022-11-25 15:45:05,948] [plex_meta_manager.py:736]  [INFO]     |                                                                                                    |
[2022-11-25 15:45:05,949] [plex_meta_manager.py:737]  [INFO]     |====================================================================================================|
[2022-11-25 15:45:05,949] [plex_meta_manager.py:737]  [INFO]     |                                   Finished Emmys 2020 Collection                                   |
[2022-11-25 15:45:05,949] [plex_meta_manager.py:737]  [INFO]     |                                    Collection Run Time: 0:00:44                                    |
[2022-11-25 15:45:05,949] [plex_meta_manager.py:737]  [INFO]     |====================================================================================================|
