[2022-11-24 16:52:03,767] [builder.py:193]            [INFO]     |====================================================================================================|
[2022-11-24 16:52:03,768] [builder.py:193]            [INFO]     |                            Steven Weber Collection in Christmas Movies                             |
[2022-11-24 16:52:03,768] [builder.py:193]            [INFO]     |====================================================================================================|
[2022-11-24 16:52:03,768] [builder.py:194]            [INFO]     |                                                                                                    |
[2022-11-24 16:52:03,769] [builder.py:199]            [INFO]     |================================ Building Definition From Templates ================================|
[2022-11-24 16:52:03,769] [builder.py:215]            [DEBUG]    |                                                                                                    |
[2022-11-24 16:52:03,769] [meta.py:210]               [DEBUG]    |====================================== Template smart_filter =======================================|
[2022-11-24 16:52:03,770] [meta.py:451]               [DEBUG]    |                                                                                                    |
[2022-11-24 16:52:03,794] [meta.py:210]               [DEBUG]    |======================================= Template translation =======================================|
[2022-11-24 16:52:03,797] [meta.py:451]               [DEBUG]    |                                                                                                    |
[2022-11-24 16:52:03,803] [meta.py:210]               [DEBUG]    |========================================= Template shared ==========================================|
[2022-11-24 16:52:03,804] [meta.py:451]               [DEBUG]    |                                                                                                    |
[2022-11-24 16:52:03,843] [meta.py:512]               [DEBUG]    |                                                                                                    |
[2022-11-24 16:52:03,849] [meta.py:513]               [DEBUG]    |==================================== Final Template Attributes =====================================|
[2022-11-24 16:52:03,849] [meta.py:514]               [DEBUG]    |                                                                                                    |
[2022-11-24 16:52:03,850] [meta.py:515]               [DEBUG]    | {'tmdb_person': ['Steven Weber'], 'smart_filter': {'sort_by': 'title.asc', 'any': {'actor': 'tmdb'}}, 'summary': 'Movies with Steven Weber.', 'name': 'Steven Weber', 'ignore_blank_results': True, 'collection_mode': 'hide', 'sort_title': '!17_Steven Weber', 'url_poster': 'https://raw.githubusercontent.com/meisnate12/Plex-Meta-Manager-Images/master/people/rainier/Steven%20Weber.jpg'} |
[2022-11-24 16:52:03,850] [meta.py:516]               [DEBUG]    |                                                                                                    |
[2022-11-24 16:52:03,850] [builder.py:223]            [INFO]     |================================ Validating Steven Weber Attributes ================================|
[2022-11-24 16:52:03,850] [builder.py:226]            [DEBUG]    |                                                                                                    |
[2022-11-24 16:52:03,850] [builder.py:227]            [DEBUG]    | Validating Method: name                                                                            |
[2022-11-24 16:52:03,851] [builder.py:230]            [DEBUG]    | Value: Steven Weber                                                                                |
[2022-11-24 16:52:03,851] [builder.py:502]            [DEBUG]    |                                                                                                    |
[2022-11-24 16:52:03,851] [builder.py:503]            [DEBUG]    | Validating Method: ignore_blank_results                                                            |
[2022-11-24 16:52:03,851] [builder.py:504]            [DEBUG]    | Value: True                                                                                        |
[2022-11-24 16:52:03,851] [builder.py:528]            [DEBUG]    |                                                                                                    |
[2022-11-24 16:52:03,852] [builder.py:529]            [DEBUG]    | Validating Method: tmdb_person                                                                     |
[2022-11-24 16:52:03,852] [builder.py:533]            [DEBUG]    | Value: ['Steven Weber']                                                                            |
[2022-11-24 16:52:04,045] [builder.py:1784]           [INFO]     |                                                                                                    |
[2022-11-24 16:52:04,045] [builder.py:1785]           [INFO]     | Validating Method: smart_filter                                                                    |
[2022-11-24 16:52:04,045] [builder.py:1791]           [DEBUG]    | Value: {'sort_by': 'title.asc', 'any': {'actor': 'tmdb'}}                                          |
[2022-11-24 16:52:04,554] [builder.py:1978]           [DEBUG]    | Smart URL: ?type=1&sort=titleSort&push=1&actor=79&pop=1                                            |
[2022-11-24 16:52:04,560] [builder.py:646]            [DEBUG]    |                                                                                                    |
[2022-11-24 16:52:04,560] [builder.py:650]            [DEBUG]    | Validating Method: label                                                                           |
[2022-11-24 16:52:04,560] [builder.py:651]            [DEBUG]    | Value: Top Actors                                                                                  |
[2022-11-24 16:52:04,561] [builder.py:646]            [DEBUG]    |                                                                                                    |
[2022-11-24 16:52:04,561] [builder.py:650]            [DEBUG]    | Validating Method: summary                                                                         |
[2022-11-24 16:52:04,561] [builder.py:651]            [DEBUG]    | Value: Movies with Steven Weber.                                                                   |
[2022-11-24 16:52:04,561] [builder.py:646]            [DEBUG]    |                                                                                                    |
[2022-11-24 16:52:04,562] [builder.py:650]            [DEBUG]    | Validating Method: collection_mode                                                                 |
[2022-11-24 16:52:04,562] [builder.py:651]            [DEBUG]    | Value: hide                                                                                        |
[2022-11-24 16:52:04,562] [builder.py:646]            [DEBUG]    |                                                                                                    |
[2022-11-24 16:52:04,562] [builder.py:650]            [DEBUG]    | Validating Method: sort_title                                                                      |
[2022-11-24 16:52:04,562] [builder.py:651]            [DEBUG]    | Value: !17_Steven Weber                                                                            |
[2022-11-24 16:52:04,563] [builder.py:646]            [DEBUG]    |                                                                                                    |
[2022-11-24 16:52:04,563] [builder.py:650]            [DEBUG]    | Validating Method: url_poster                                                                      |
[2022-11-24 16:52:04,563] [builder.py:651]            [DEBUG]    | Value: https://raw.githubusercontent.com/meisnate12/Plex-Meta-Manager-Images/master/people/rainier/Steven%20Weber.jpg |
[2022-11-24 16:52:04,810] [plex.py:835]               [DEBUG]    |                                                                                                    |
[2022-11-24 16:52:04,811] [plex.py:838]               [DEBUG]    | Looking for: Steven Weber                                                                          |
[2022-11-24 16:52:04,811] [builder.py:814]            [INFO]     |                                                                                                    |
[2022-11-24 16:52:04,811] [builder.py:815]            [INFO]     | Validation Successful                                                                              |
[2022-11-24 16:52:04,812] [plex_meta_manager.py:594]  [INFO]     |                                                                                                    |
[2022-11-24 16:52:04,813] [plex_meta_manager.py:596]  [INFO]     |================================= Running Steven Weber Collection ==================================|
[2022-11-24 16:52:04,813] [plex_meta_manager.py:602]  [INFO]     |                                                                                                    |
[2022-11-24 16:52:04,813] [plex_meta_manager.py:603]  [INFO]     | Smart Movie Filter                                                                                 |
                                                                 | Sort By: ['title.asc']
                                                                 | Filter:
                                                                 |   Match any of the following:
                                                                 |     Actor is Steven Weber
[2022-11-24 16:52:04,917] [builder.py:2509]           [DEBUG]    | Smart Collection Created: ?type=1&sort=titleSort&push=1&actor=79&pop=1
[2022-11-24 16:52:04,924] [builder.py:2527]           [INFO]     | 
[2022-11-24 16:52:04,924] [builder.py:2528]           [INFO]     |=========================== Updating Details of Steven Weber Collection ============================|
[2022-11-24 16:52:04,924] [builder.py:2529]           [INFO]     |                                                                                                    |
[2022-11-24 16:52:04,961] [builder.py:2595]           [INFO]     | Collection Metadata Edits                                                                          |
                                                                 | Summary (summary) | Movies with Steven Weber.
                                                                 | Sort Title | !17_Steven Weber
                                                                 | Label | +Top Actors, +PMM
[2022-11-24 16:52:10,050] [builder.py:2599]           [INFO]     | Details: have been updated
[2022-11-24 16:52:10,050] [builder.py:2603]           [INFO]     | 
[2022-11-24 16:52:13,979] [builder.py:2615]           [INFO]     | Collection Mode | hide
[2022-11-24 16:52:14,071] [plex.py:1203]              [WARNING]  | Asset Warning: Asset Directory Not Found and Created: config/Christmas_Movies/Assets/Steven Weber
[2022-11-24 16:52:14,072] [util.py:174]               [DEBUG]    | 2 posters found:
[2022-11-24 16:52:14,072] [util.py:176]               [DEBUG]    | Method: tmdb_person Poster: https://image.tmdb.org/t/p/original/8FtkapenCOpe39eE1sQus5WLWAq.jpg
[2022-11-24 16:52:14,072] [util.py:176]               [DEBUG]    | Method: url_poster Poster: https://raw.githubusercontent.com/meisnate12/Plex-Meta-Manager-Images/master/people/rainier/Steven%20Weber.jpg
[2022-11-24 16:52:14,461] [library.py:178]            [INFO]     | Detail: asset_directory updated Steven Weber's poster to [File] config/Christmas_Movies/Assets/Steven Weber/poster.jpg
[2022-11-24 16:52:14,566] [plex_meta_manager.py:736]  [INFO]     | 
[2022-11-24 16:52:14,566] [plex_meta_manager.py:737]  [INFO]     |====================================================================================================|
[2022-11-24 16:52:14,566] [plex_meta_manager.py:737]  [INFO]     |                                  Finished Steven Weber Collection                                  |
[2022-11-24 16:52:14,566] [plex_meta_manager.py:737]  [INFO]     |                                    Collection Run Time: 0:00:10                                    |
[2022-11-24 16:52:14,566] [plex_meta_manager.py:737]  [INFO]     |====================================================================================================|
