[2022-11-25 14:33:32,777] [builder.py:193]            [INFO]     |====================================================================================================|
[2022-11-25 14:33:32,778] [builder.py:193]            [INFO]     |                            Cynthia Gibb Collection in Christmas Movies                             |
[2022-11-25 14:33:32,778] [builder.py:193]            [INFO]     |====================================================================================================|
[2022-11-25 14:33:32,778] [builder.py:194]            [INFO]     |                                                                                                    |
[2022-11-25 14:33:32,778] [builder.py:199]            [INFO]     |================================ Building Definition From Templates ================================|
[2022-11-25 14:33:32,781] [builder.py:215]            [DEBUG]    |                                                                                                    |
[2022-11-25 14:33:32,782] [meta.py:210]               [DEBUG]    |====================================== Template smart_filter =======================================|
[2022-11-25 14:33:32,783] [meta.py:451]               [DEBUG]    |                                                                                                    |
[2022-11-25 14:33:32,795] [meta.py:210]               [DEBUG]    |======================================= Template translation =======================================|
[2022-11-25 14:33:32,799] [meta.py:451]               [DEBUG]    |                                                                                                    |
[2022-11-25 14:33:32,803] [meta.py:210]               [DEBUG]    |========================================= Template shared ==========================================|
[2022-11-25 14:33:32,816] [meta.py:451]               [DEBUG]    |                                                                                                    |
[2022-11-25 14:33:32,863] [meta.py:512]               [DEBUG]    |                                                                                                    |
[2022-11-25 14:33:32,864] [meta.py:513]               [DEBUG]    |==================================== Final Template Attributes =====================================|
[2022-11-25 14:33:32,865] [meta.py:514]               [DEBUG]    |                                                                                                    |
[2022-11-25 14:33:32,865] [meta.py:515]               [DEBUG]    | {'tmdb_person': ['Cynthia Gibb'], 'smart_filter': {'sort_by': 'title.asc', 'any': {'actor': 'tmdb'}}, 'summary': 'Movies with Cynthia Gibb.', 'name': 'Cynthia Gibb', 'ignore_blank_results': True, 'collection_mode': 'hide', 'sort_title': '!17_Cynthia Gibb', 'url_poster': 'https://raw.githubusercontent.com/meisnate12/Plex-Meta-Manager-Images/master/people/rainier/Cynthia%20Gibb.jpg'} |
[2022-11-25 14:33:32,866] [meta.py:516]               [DEBUG]    |                                                                                                    |
[2022-11-25 14:33:32,866] [builder.py:223]            [INFO]     |================================ Validating Cynthia Gibb Attributes ================================|
[2022-11-25 14:33:32,867] [builder.py:226]            [DEBUG]    |                                                                                                    |
[2022-11-25 14:33:32,867] [builder.py:227]            [DEBUG]    | Validating Method: name                                                                            |
[2022-11-25 14:33:32,868] [builder.py:230]            [DEBUG]    | Value: Cynthia Gibb                                                                                |
[2022-11-25 14:33:32,868] [builder.py:502]            [DEBUG]    |                                                                                                    |
[2022-11-25 14:33:32,869] [builder.py:503]            [DEBUG]    | Validating Method: ignore_blank_results                                                            |
[2022-11-25 14:33:32,869] [builder.py:504]            [DEBUG]    | Value: True                                                                                        |
[2022-11-25 14:33:32,870] [builder.py:528]            [DEBUG]    |                                                                                                    |
[2022-11-25 14:33:32,871] [builder.py:529]            [DEBUG]    | Validating Method: tmdb_person                                                                     |
[2022-11-25 14:33:32,871] [builder.py:533]            [DEBUG]    | Value: ['Cynthia Gibb']                                                                            |
[2022-11-25 14:33:32,937] [builder.py:1784]           [INFO]     |                                                                                                    |
[2022-11-25 14:33:32,937] [builder.py:1785]           [INFO]     | Validating Method: smart_filter                                                                    |
[2022-11-25 14:33:32,937] [builder.py:1791]           [DEBUG]    | Value: {'sort_by': 'title.asc', 'any': {'actor': 'tmdb'}}                                          |
[2022-11-25 14:33:34,102] [builder.py:1978]           [DEBUG]    | Smart URL: ?type=1&sort=titleSort&push=1&actor=509658&pop=1                                        |
[2022-11-25 14:33:34,103] [builder.py:646]            [DEBUG]    |                                                                                                    |
[2022-11-25 14:33:34,103] [builder.py:650]            [DEBUG]    | Validating Method: label                                                                           |
[2022-11-25 14:33:34,103] [builder.py:651]            [DEBUG]    | Value: Top Actors                                                                                  |
[2022-11-25 14:33:34,103] [builder.py:646]            [DEBUG]    |                                                                                                    |
[2022-11-25 14:33:34,103] [builder.py:650]            [DEBUG]    | Validating Method: summary                                                                         |
[2022-11-25 14:33:34,103] [builder.py:651]            [DEBUG]    | Value: Movies with Cynthia Gibb.                                                                   |
[2022-11-25 14:33:34,104] [builder.py:646]            [DEBUG]    |                                                                                                    |
[2022-11-25 14:33:34,104] [builder.py:650]            [DEBUG]    | Validating Method: collection_mode                                                                 |
[2022-11-25 14:33:34,104] [builder.py:651]            [DEBUG]    | Value: hide                                                                                        |
[2022-11-25 14:33:34,104] [builder.py:646]            [DEBUG]    |                                                                                                    |
[2022-11-25 14:33:34,104] [builder.py:650]            [DEBUG]    | Validating Method: sort_title                                                                      |
[2022-11-25 14:33:34,104] [builder.py:651]            [DEBUG]    | Value: !17_Cynthia Gibb                                                                            |
[2022-11-25 14:33:34,104] [builder.py:646]            [DEBUG]    |                                                                                                    |
[2022-11-25 14:33:34,104] [builder.py:650]            [DEBUG]    | Validating Method: url_poster                                                                      |
[2022-11-25 14:33:34,105] [builder.py:651]            [DEBUG]    | Value: https://raw.githubusercontent.com/meisnate12/Plex-Meta-Manager-Images/master/people/rainier/Cynthia%20Gibb.jpg |
[2022-11-25 14:33:34,209] [builder.py:845]            [WARNING]  | Collection Warning: No Poster Found at https://raw.githubusercontent.com/meisnate12/Plex-Meta-Manager-Images/master/people/rainier/Cynthia%20Gibb.jpg |
[2022-11-25 14:33:34,241] [builder.py:814]            [INFO]     |                                                                                                    |
[2022-11-25 14:33:34,241] [builder.py:815]            [INFO]     | Validation Successful                                                                              |
[2022-11-25 14:33:34,242] [plex_meta_manager.py:594]  [INFO]     |                                                                                                    |
[2022-11-25 14:33:34,242] [plex_meta_manager.py:596]  [INFO]     |================================= Running Cynthia Gibb Collection ==================================|
[2022-11-25 14:33:34,242] [plex_meta_manager.py:602]  [INFO]     |                                                                                                    |
[2022-11-25 14:33:34,242] [plex_meta_manager.py:603]  [INFO]     | Smart Movie Filter                                                                                 |
                                                                 | Sort By: ['title.asc']
                                                                 | Filter:
                                                                 |   Match any of the following:
                                                                 |     Actor is Cynthia Gibb
[2022-11-25 14:33:34,281] [builder.py:2527]           [INFO]     | 
[2022-11-25 14:33:34,281] [builder.py:2528]           [INFO]     |=========================== Updating Details of Cynthia Gibb Collection ============================|
[2022-11-25 14:33:34,282] [builder.py:2529]           [INFO]     |                                                                                                    |
[2022-11-25 14:33:34,289] [builder.py:2595]           [INFO]     | Collection Metadata Edits                                                                          |
[2022-11-25 14:33:34,290] [util.py:174]               [DEBUG]    | 1 poster found:                                                                                    |
[2022-11-25 14:33:34,291] [util.py:176]               [DEBUG]    | Method: tmdb_person Poster: https://image.tmdb.org/t/p/original/1BmK4W1WtmKEUr3LEcbBbbxObQq.jpg    |
[2022-11-25 14:33:34,292] [library.py:180]            [INFO]     | Detail: poster update not needed                                                                   |
[2022-11-25 14:33:34,320] [plex_meta_manager.py:736]  [INFO]     |                                                                                                    |
[2022-11-25 14:33:34,320] [plex_meta_manager.py:737]  [INFO]     |====================================================================================================|
[2022-11-25 14:33:34,321] [plex_meta_manager.py:737]  [INFO]     |                                  Finished Cynthia Gibb Collection                                  |
[2022-11-25 14:33:34,321] [plex_meta_manager.py:737]  [INFO]     |                                    Collection Run Time: 0:00:01                                    |
[2022-11-25 14:33:34,321] [plex_meta_manager.py:737]  [INFO]     |====================================================================================================|
