[2022-11-16 20:41:21,013] [builder.py:193]            [INFO]     |====================================================================================================|
[2022-11-16 20:41:21,013] [builder.py:193]            [INFO]     |                         Ron Clements (Director) Collection in Kids Movies                          |
[2022-11-16 20:41:21,013] [builder.py:193]            [INFO]     |====================================================================================================|
[2022-11-16 20:41:21,013] [builder.py:194]            [INFO]     |                                                                                                    |
[2022-11-16 20:41:21,014] [builder.py:199]            [INFO]     |================================ Building Definition From Templates ================================|
[2022-11-16 20:41:21,014] [builder.py:215]            [DEBUG]    |                                                                                                    |
[2022-11-16 20:41:21,014] [meta.py:210]               [DEBUG]    |====================================== Template smart_filter =======================================|
[2022-11-16 20:41:21,014] [meta.py:451]               [DEBUG]    |                                                                                                    |
[2022-11-16 20:41:21,019] [meta.py:210]               [DEBUG]    |======================================= Template translation =======================================|
[2022-11-16 20:41:21,020] [meta.py:451]               [DEBUG]    |                                                                                                    |
[2022-11-16 20:41:21,022] [meta.py:210]               [DEBUG]    |========================================= Template shared ==========================================|
[2022-11-16 20:41:21,023] [meta.py:451]               [DEBUG]    |                                                                                                    |
[2022-11-16 20:41:21,033] [meta.py:512]               [DEBUG]    |                                                                                                    |
[2022-11-16 20:41:21,033] [meta.py:513]               [DEBUG]    |==================================== Final Template Attributes =====================================|
[2022-11-16 20:41:21,034] [meta.py:514]               [DEBUG]    |                                                                                                    |
[2022-11-16 20:41:21,034] [meta.py:515]               [DEBUG]    | {'tmdb_person': ['Ron Clements'], 'smart_filter': {'sort_by': 'title.asc', 'any': {'director': 'tmdb'}}, 'summary': 'Movies directed by Ron Clements.', 'name': 'Ron Clements (Director)', 'ignore_blank_results': True, 'collection_mode': 'hide', 'sort_title': '!18_Ron Clements (Director)', 'url_poster': 'https://raw.githubusercontent.com/meisnate12/Plex-Meta-Manager-Images/master/people/rainier/Ron%20Clements.jpg'} |
[2022-11-16 20:41:21,034] [meta.py:516]               [DEBUG]    |                                                                                                    |
[2022-11-16 20:41:21,034] [builder.py:223]            [INFO]     |========================== Validating Ron Clements (Director) Attributes ===========================|
[2022-11-16 20:41:21,034] [builder.py:226]            [DEBUG]    |                                                                                                    |
[2022-11-16 20:41:21,034] [builder.py:227]            [DEBUG]    | Validating Method: name                                                                            |
[2022-11-16 20:41:21,034] [builder.py:230]            [DEBUG]    | Value: Ron Clements (Director)                                                                     |
[2022-11-16 20:41:21,034] [builder.py:502]            [DEBUG]    |                                                                                                    |
[2022-11-16 20:41:21,034] [builder.py:503]            [DEBUG]    | Validating Method: ignore_blank_results                                                            |
[2022-11-16 20:41:21,034] [builder.py:504]            [DEBUG]    | Value: True                                                                                        |
[2022-11-16 20:41:21,035] [builder.py:528]            [DEBUG]    |                                                                                                    |
[2022-11-16 20:41:21,035] [builder.py:529]            [DEBUG]    | Validating Method: tmdb_person                                                                     |
[2022-11-16 20:41:21,035] [builder.py:533]            [DEBUG]    | Value: ['Ron Clements']                                                                            |
[2022-11-16 20:41:21,101] [builder.py:1784]           [INFO]     |                                                                                                    |
[2022-11-16 20:41:21,102] [builder.py:1785]           [INFO]     | Validating Method: smart_filter                                                                    |
[2022-11-16 20:41:21,102] [builder.py:1791]           [DEBUG]    | Value: {'sort_by': 'title.asc', 'any': {'director': 'tmdb'}}                                       |
[2022-11-16 20:41:21,158] [builder.py:1978]           [DEBUG]    | Smart URL: ?type=1&sort=titleSort&push=1&director=34458&pop=1                                      |
[2022-11-16 20:41:21,158] [builder.py:646]            [DEBUG]    |                                                                                                    |
[2022-11-16 20:41:21,158] [builder.py:650]            [DEBUG]    | Validating Method: label                                                                           |
[2022-11-16 20:41:21,158] [builder.py:651]            [DEBUG]    | Value: Top Directors                                                                               |
[2022-11-16 20:41:21,158] [builder.py:646]            [DEBUG]    |                                                                                                    |
[2022-11-16 20:41:21,158] [builder.py:650]            [DEBUG]    | Validating Method: summary                                                                         |
[2022-11-16 20:41:21,158] [builder.py:651]            [DEBUG]    | Value: Movies directed by Ron Clements.                                                            |
[2022-11-16 20:41:21,159] [builder.py:646]            [DEBUG]    |                                                                                                    |
[2022-11-16 20:41:21,159] [builder.py:650]            [DEBUG]    | Validating Method: collection_mode                                                                 |
[2022-11-16 20:41:21,159] [builder.py:651]            [DEBUG]    | Value: hide                                                                                        |
[2022-11-16 20:41:21,159] [builder.py:646]            [DEBUG]    |                                                                                                    |
[2022-11-16 20:41:21,159] [builder.py:650]            [DEBUG]    | Validating Method: sort_title                                                                      |
[2022-11-16 20:41:21,159] [builder.py:651]            [DEBUG]    | Value: !18_Ron Clements (Director)                                                                 |
[2022-11-16 20:41:21,159] [builder.py:646]            [DEBUG]    |                                                                                                    |
[2022-11-16 20:41:21,159] [builder.py:650]            [DEBUG]    | Validating Method: url_poster                                                                      |
[2022-11-16 20:41:21,159] [builder.py:651]            [DEBUG]    | Value: https://raw.githubusercontent.com/meisnate12/Plex-Meta-Manager-Images/master/people/rainier/Ron%20Clements.jpg |
[2022-11-16 20:41:21,451] [plex.py:835]               [DEBUG]    |                                                                                                    |
[2022-11-16 20:41:21,451] [plex.py:838]               [DEBUG]    | Looking for: Ron Clements (Director)                                                               |
[2022-11-16 20:41:21,451] [builder.py:814]            [INFO]     |                                                                                                    |
[2022-11-16 20:41:21,451] [builder.py:815]            [INFO]     | Validation Successful                                                                              |
[2022-11-16 20:41:21,452] [plex_meta_manager.py:594]  [INFO]     |                                                                                                    |
[2022-11-16 20:41:21,452] [plex_meta_manager.py:596]  [INFO]     |============================ Running Ron Clements (Director) Collection ============================|
[2022-11-16 20:41:21,452] [plex_meta_manager.py:602]  [INFO]     |                                                                                                    |
[2022-11-16 20:41:21,452] [plex_meta_manager.py:603]  [INFO]     | Smart Movie Filter                                                                                 |
                                                                 | Sort By: ['title.asc']
                                                                 | Filter:
                                                                 |   Match any of the following:
                                                                 |     Director is Ron Clements
[2022-11-16 20:41:21,481] [builder.py:2509]           [DEBUG]    | Smart Collection Created: ?type=1&sort=titleSort&push=1&director=34458&pop=1
[2022-11-16 20:41:21,486] [builder.py:2527]           [INFO]     | 
[2022-11-16 20:41:21,487] [builder.py:2528]           [INFO]     |====================== Updating Details of Ron Clements (Director) Collection ======================|
[2022-11-16 20:41:21,487] [builder.py:2529]           [INFO]     |                                                                                                    |
[2022-11-16 20:41:21,494] [builder.py:2595]           [INFO]     | Collection Metadata Edits                                                                          |
                                                                 | Summary (summary) | Movies directed by Ron Clements.
                                                                 | Sort Title | !18_Ron Clements (Director)
                                                                 | Label | +Top Directors, +PMM
[2022-11-16 20:41:23,187] [builder.py:2599]           [INFO]     | Details: have been updated
[2022-11-16 20:41:23,187] [builder.py:2603]           [INFO]     | 
[2022-11-16 20:41:24,816] [builder.py:2615]           [INFO]     | Collection Mode | hide
[2022-11-16 20:41:24,827] [plex.py:1203]              [WARNING]  | Asset Warning: Asset Directory Not Found and Created: config/Kids_Movies/Assets/Ron Clements (Director)
[2022-11-16 20:41:24,828] [util.py:174]               [DEBUG]    | 2 posters found:
[2022-11-16 20:41:24,828] [util.py:176]               [DEBUG]    | Method: tmdb_person Poster: https://image.tmdb.org/t/p/original/iCq89uPdVjtGkO7UbTn5UPqHIPx.jpg
[2022-11-16 20:41:24,828] [util.py:176]               [DEBUG]    | Method: url_poster Poster: https://raw.githubusercontent.com/meisnate12/Plex-Meta-Manager-Images/master/people/rainier/Ron%20Clements.jpg
[2022-11-16 20:41:25,085] [library.py:178]            [INFO]     | Detail: asset_directory updated Ron Clements (Director)'s poster to [File] config/Kids_Movies/Assets/Ron Clements (Director)/poster.jpg
[2022-11-16 20:41:25,128] [plex_meta_manager.py:736]  [INFO]     | 
[2022-11-16 20:41:25,128] [plex_meta_manager.py:737]  [INFO]     |====================================================================================================|
[2022-11-16 20:41:25,128] [plex_meta_manager.py:737]  [INFO]     |                            Finished Ron Clements (Director) Collection                             |
[2022-11-16 20:41:25,129] [plex_meta_manager.py:737]  [INFO]     |                                    Collection Run Time: 0:00:04                                    |
[2022-11-16 20:41:25,129] [plex_meta_manager.py:737]  [INFO]     |====================================================================================================|
