[2022-11-20 15:23:20,945] [builder.py:193]            [INFO]     |====================================================================================================|
[2022-11-20 15:23:20,946] [builder.py:193]            [INFO]     |                        Subtitle Language Collections Collection in TV Shows                        |
[2022-11-20 15:23:20,946] [builder.py:193]            [INFO]     |====================================================================================================|
[2022-11-20 15:23:20,947] [builder.py:194]            [INFO]     |                                                                                                    |
[2022-11-20 15:23:20,947] [builder.py:199]            [INFO]     |================================ Building Definition From Templates ================================|
[2022-11-20 15:23:20,947] [builder.py:215]            [DEBUG]    |                                                                                                    |
[2022-11-20 15:23:20,947] [meta.py:210]               [DEBUG]    |======================================== Template separator ========================================|
[2022-11-20 15:23:20,948] [meta.py:336]               [DEBUG]    |                                                                                                    |
[2022-11-20 15:23:20,948] [meta.py:337]               [DEBUG]    | Conditional: use_blank                                                                             |
[2022-11-20 15:23:20,948] [meta.py:365]               [DEBUG]    | Condition 1 Failed: placeholder_tmdb_movie.exists: true does not exist                             |
[2022-11-20 15:23:20,948] [meta.py:365]               [DEBUG]    | Condition 2 Failed: placeholder_tvdb_show.exists: true does not exist                              |
[2022-11-20 15:23:20,949] [meta.py:365]               [DEBUG]    | Condition 3 Failed: placeholder_imdb_id.exists: true does not exist                                |
[2022-11-20 15:23:20,949] [meta.py:402]               [DEBUG]    | Conditional Variable: use_blank defaults to "True"                                                 |
[2022-11-20 15:23:20,949] [meta.py:451]               [DEBUG]    |                                                                                                    |
[2022-11-20 15:23:20,960] [meta.py:210]               [DEBUG]    |======================================= Template translation =======================================|
[2022-11-20 15:23:20,961] [meta.py:451]               [DEBUG]    |                                                                                                    |
[2022-11-20 15:23:20,966] [meta.py:512]               [DEBUG]    |                                                                                                    |
[2022-11-20 15:23:20,966] [meta.py:513]               [DEBUG]    |==================================== Final Template Attributes =====================================|
[2022-11-20 15:23:20,966] [meta.py:514]               [DEBUG]    |                                                                                                    |
[2022-11-20 15:23:20,966] [meta.py:515]               [DEBUG]    | {'sort_title': '!11_!Subtitle Language Collections', 'blank_collection': True, 'url_poster': 'https://raw.githubusercontent.com/meisnate12/Plex-Meta-Manager-Images/master/separators/orig/subtitle_language.jpg', 'summary': 'Section separator for Subtitle Language Collections.', 'name': 'Subtitle Language Collections'} |
[2022-11-20 15:23:20,966] [meta.py:516]               [DEBUG]    |                                                                                                    |
[2022-11-20 15:23:20,966] [builder.py:223]            [INFO]     |======================= Validating Subtitle Language Collections Attributes ========================|
[2022-11-20 15:23:20,966] [builder.py:226]            [DEBUG]    |                                                                                                    |
[2022-11-20 15:23:20,967] [builder.py:227]            [DEBUG]    | Validating Method: name                                                                            |
[2022-11-20 15:23:20,967] [builder.py:230]            [DEBUG]    | Value: Subtitle Language Collections                                                               |
[2022-11-20 15:23:20,967] [builder.py:509]            [DEBUG]    |                                                                                                    |
[2022-11-20 15:23:20,967] [builder.py:510]            [DEBUG]    | Validating Method: blank_collection                                                                |
[2022-11-20 15:23:20,968] [builder.py:511]            [DEBUG]    | Value: True                                                                                        |
[2022-11-20 15:23:20,968] [builder.py:646]            [DEBUG]    |                                                                                                    |
[2022-11-20 15:23:20,968] [builder.py:650]            [DEBUG]    | Validating Method: sort_title                                                                      |
[2022-11-20 15:23:20,968] [builder.py:651]            [DEBUG]    | Value: !11_!Subtitle Language Collections                                                          |
[2022-11-20 15:23:20,969] [builder.py:646]            [DEBUG]    |                                                                                                    |
[2022-11-20 15:23:20,969] [builder.py:650]            [DEBUG]    | Validating Method: url_poster                                                                      |
[2022-11-20 15:23:20,969] [builder.py:651]            [DEBUG]    | Value: https://raw.githubusercontent.com/meisnate12/Plex-Meta-Manager-Images/master/separators/orig/subtitle_language.jpg |
[2022-11-20 15:23:20,992] [builder.py:646]            [DEBUG]    |                                                                                                    |
[2022-11-20 15:23:20,992] [builder.py:650]            [DEBUG]    | Validating Method: summary                                                                         |
[2022-11-20 15:23:20,992] [builder.py:651]            [DEBUG]    | Value: Section separator for Subtitle Language Collections.                                        |
[2022-11-20 15:23:21,002] [builder.py:814]            [INFO]     |                                                                                                    |
[2022-11-20 15:23:21,003] [builder.py:815]            [INFO]     | Validation Successful                                                                              |
[2022-11-20 15:23:21,003] [plex_meta_manager.py:594]  [INFO]     |                                                                                                    |
[2022-11-20 15:23:21,003] [plex_meta_manager.py:596]  [INFO]     |========================= Running Subtitle Language Collections Collection =========================|
[2022-11-20 15:23:21,008] [builder.py:2527]           [INFO]     |                                                                                                    |
[2022-11-20 15:23:21,008] [builder.py:2528]           [INFO]     |=================== Updating Details of Subtitle Language Collections Collection ===================|
[2022-11-20 15:23:21,009] [builder.py:2529]           [INFO]     |                                                                                                    |
[2022-11-20 15:23:21,016] [builder.py:2595]           [INFO]     | Collection Metadata Edits                                                                          |
[2022-11-20 15:23:21,016] [util.py:174]               [DEBUG]    | 1 poster found:                                                                                    |
[2022-11-20 15:23:21,016] [util.py:176]               [DEBUG]    | Method: url_poster Poster: https://raw.githubusercontent.com/meisnate12/Plex-Meta-Manager-Images/master/separators/orig/subtitle_language.jpg |
[2022-11-20 15:23:21,053] [library.py:178]            [INFO]     | Detail: url_poster updated poster to [URL] https://raw.githubusercontent.com/meisnate12/Plex-Meta-Manager-Images/master/separators/orig/subtitle_language.jpg |
[2022-11-20 15:23:21,071] [plex_meta_manager.py:736]  [INFO]     |                                                                                                    |
[2022-11-20 15:23:21,071] [plex_meta_manager.py:737]  [INFO]     |====================================================================================================|
[2022-11-20 15:23:21,071] [plex_meta_manager.py:737]  [INFO]     |                         Finished Subtitle Language Collections Collection                          |
[2022-11-20 15:23:21,071] [plex_meta_manager.py:737]  [INFO]     |                                    Collection Run Time: 0:00:00                                    |
[2022-11-20 15:23:21,071] [plex_meta_manager.py:737]  [INFO]     |====================================================================================================|
