[2022-11-17 00:33:05,665] [builder.py:193]            [INFO]     |====================================================================================================|
[2022-11-17 00:33:05,665] [builder.py:193]            [INFO]     |                              James Franco Collection in Marvel Movies                              |
[2022-11-17 00:33:05,665] [builder.py:193]            [INFO]     |====================================================================================================|
[2022-11-17 00:33:05,665] [builder.py:194]            [INFO]     |                                                                                                    |
[2022-11-17 00:33:05,665] [builder.py:199]            [INFO]     |================================ Building Definition From Templates ================================|
[2022-11-17 00:33:05,666] [builder.py:215]            [DEBUG]    |                                                                                                    |
[2022-11-17 00:33:05,666] [meta.py:210]               [DEBUG]    |========================================= Template people ==========================================|
[2022-11-17 00:33:05,666] [meta.py:451]               [DEBUG]    |                                                                                                    |
[2022-11-17 00:33:05,668] [meta.py:512]               [DEBUG]    |                                                                                                    |
[2022-11-17 00:33:05,668] [meta.py:513]               [DEBUG]    |==================================== Final Template Attributes =====================================|
[2022-11-17 00:33:05,669] [meta.py:514]               [DEBUG]    |                                                                                                    |
[2022-11-17 00:33:05,669] [meta.py:515]               [DEBUG]    | {'actor': 'tmdb', 'tmdb_person': 17051, 'sort_title': '++_James Franco', 'collection_order': 'release'} |
[2022-11-17 00:33:05,669] [meta.py:516]               [DEBUG]    |                                                                                                    |
[2022-11-17 00:33:05,669] [builder.py:223]            [INFO]     |================================ Validating James Franco Attributes ================================|
[2022-11-17 00:33:05,669] [builder.py:528]            [DEBUG]    |                                                                                                    |
[2022-11-17 00:33:05,670] [builder.py:529]            [DEBUG]    | Validating Method: tmdb_person                                                                     |
[2022-11-17 00:33:05,670] [builder.py:533]            [DEBUG]    | Value: 17051                                                                                       |
[2022-11-17 00:33:05,679] [builder.py:613]            [DEBUG]    |                                                                                                    |
[2022-11-17 00:33:05,679] [builder.py:614]            [DEBUG]    | Validating Method: collection_order                                                                |
[2022-11-17 00:33:05,680] [builder.py:615]            [DEBUG]    | Value: release                                                                                     |
[2022-11-17 00:33:05,680] [builder.py:646]            [DEBUG]    |                                                                                                    |
[2022-11-17 00:33:05,680] [builder.py:650]            [DEBUG]    | Validating Method: actor                                                                           |
[2022-11-17 00:33:05,680] [builder.py:651]            [DEBUG]    | Value: tmdb                                                                                        |
[2022-11-17 00:33:06,006] [builder.py:646]            [DEBUG]    |                                                                                                    |
[2022-11-17 00:33:06,007] [builder.py:650]            [DEBUG]    | Validating Method: sort_title                                                                      |
[2022-11-17 00:33:06,007] [builder.py:651]            [DEBUG]    | Value: ++_James Franco                                                                             |
[2022-11-17 00:33:06,015] [builder.py:795]            [INFO]     |                                                                                                    |
[2022-11-17 00:33:06,015] [builder.py:796]            [ERROR]    | Collection Error: Converting James Franco to a normal collection                                   |
[2022-11-17 00:33:06,026] [builder.py:814]            [INFO]     |                                                                                                    |
[2022-11-17 00:33:06,026] [builder.py:815]            [INFO]     | Validation Successful                                                                              |
[2022-11-17 00:33:06,026] [plex_meta_manager.py:594]  [INFO]     |                                                                                                    |
[2022-11-17 00:33:06,027] [plex_meta_manager.py:596]  [INFO]     |================================= Running James Franco Collection ==================================|
[2022-11-17 00:33:06,027] [plex_meta_manager.py:608]  [INFO]     |                                                                                                    |
[2022-11-17 00:33:06,027] [plex_meta_manager.py:609]  [INFO]     | Sync Mode: append                                                                                  |
[2022-11-17 00:33:06,027] [plex_meta_manager.py:612]  [DEBUG]    |                                                                                                    |
[2022-11-17 00:33:06,027] [plex_meta_manager.py:613]  [DEBUG]    | Builder: plex_search: (1, "Plex Movie Search\nSort By: ['title.asc']\nFilter:\n  Match any of the following:\n    Actor is James Franco", '?type=1&sort=titleSort&push=1&actor=13577&pop=1') |
[2022-11-17 00:33:06,027] [plex_meta_manager.py:614]  [INFO]     |                                                                                                    |
[2022-11-17 00:33:06,027] [plex.py:924]               [INFO]     | Processing Plex Movie Search                                                                       |
                                                                 | Sort By: ['title.asc']
                                                                 | Filter:
                                                                 |   Match any of the following:
                                                                 |     Actor is James Franco
[2022-11-17 00:33:06,048] [builder.py:1574]           [DEBUG]    | 
[2022-11-17 00:33:06,049] [builder.py:1575]           [DEBUG]    | 3 IDs Found
[2022-11-17 00:33:06,049] [builder.py:1577]           [DEBUG]    | 
[2022-11-17 00:33:06,049] [builder.py:2158]           [INFO]     | 
[2022-11-17 00:33:06,050] [builder.py:2159]           [INFO]     |================================ Adding to James Franco Collection =================================|
[2022-11-17 00:33:06,050] [builder.py:2160]           [INFO]     |                                                                                                    |
[2022-11-17 00:33:06,050] [builder.py:2174]           [INFO]     | 1/3 | James Franco Collection | + | Spider-Man (2002)                                              |
[2022-11-17 00:33:08,126] [builder.py:2174]           [INFO]     | 2/3 | James Franco Collection | + | Spider-Man 2 (2004)                                            |
[2022-11-17 00:33:10,144] [builder.py:2174]           [INFO]     | 3/3 | James Franco Collection | + | Spider-Man 3 (2007)                                            |
[2022-11-17 00:33:15,435] [builder.py:2194]           [INFO]     |                                                                                                    |
[2022-11-17 00:33:15,436] [builder.py:2196]           [INFO]     | 3 Movies Processed 3 Movies Added                                                                  |
[2022-11-17 00:33:15,441] [builder.py:2527]           [INFO]     |                                                                                                    |
[2022-11-17 00:33:15,442] [builder.py:2528]           [INFO]     |=========================== Updating Details of James Franco Collection ============================|
[2022-11-17 00:33:15,442] [builder.py:2529]           [INFO]     |                                                                                                    |
[2022-11-17 00:33:15,451] [builder.py:2595]           [INFO]     | Collection Metadata Edits                                                                          |
                                                                 | Summary (tmdb_person) | James Edward Franco (born April 19, 1978) is an American actor and filmmaker. For his role in 127 Hours (2010), he was nominated for an Academy Award for Best Actor. Franco is known for his roles in films, such as Sam Raimi's Spider-Man trilogy (2002–2007), Milk (2008), Eat, Pray, Love (2010), Rise of the Planet of the Apes (2011), Spring Breakers (2012), and Oz the Great and Powerful (2013). He is known for his collaborations with fellow actor Seth Rogen, having appeared in eight films and one television series with him, examples being Pineapple Express (2008), This Is the End (2013), Sausage Party (2016), and The Disaster Artist (2017), for which he won a Golden Globe Award for Best Actor.
                                                                 | 
                                                                 | Franco is also known for his work on television where his first prominent acting role was the character Daniel Desario on the short-lived ensemble comedy-drama Freaks and Geeks (1999–2000), which developed a cult following. He portrayed the title character in the television biographical film James Dean (2001), for which he won a Golden Globe Award, and received nominations for Screen Actors Guild Award and Primetime Emmy Award. Franco had a recurring role on the daytime soap opera General Hospital (2009–2012) and starred in the limited series 11.22.63 (2016). He starred in the David Simon-created HBO drama The Deuce (2017–2019).
                                                                 | Sort Title | ++_James Franco
                                                                 | Label | +PMM
[2022-11-17 00:33:17,510] [builder.py:2599]           [INFO]     | Details: have been updated
[2022-11-17 00:33:17,510] [builder.py:2603]           [INFO]     | 
[2022-11-17 00:33:17,511] [util.py:174]               [DEBUG]    | 1 poster found:
[2022-11-17 00:33:17,511] [util.py:176]               [DEBUG]    | Method: tmdb_person Poster: https://image.tmdb.org/t/p/original/rShzuvrQJJQJ6lXDn3IQX4o0iCE.jpg
[2022-11-17 00:33:17,587] [library.py:178]            [INFO]     | Detail: tmdb_person updated poster to [URL] https://image.tmdb.org/t/p/original/rShzuvrQJJQJ6lXDn3IQX4o0iCE.jpg
[2022-11-17 00:33:17,636] [plex_meta_manager.py:736]  [INFO]     | 
[2022-11-17 00:33:17,636] [plex_meta_manager.py:737]  [INFO]     |====================================================================================================|
[2022-11-17 00:33:17,636] [plex_meta_manager.py:737]  [INFO]     |                                  Finished James Franco Collection                                  |
[2022-11-17 00:33:17,636] [plex_meta_manager.py:737]  [INFO]     |                                    Collection Run Time: 0:00:11                                    |
[2022-11-17 00:33:17,637] [plex_meta_manager.py:737]  [INFO]     |====================================================================================================|
