[2022-11-16 21:27:17,013] [builder.py:193]            [INFO]     |====================================================================================================|
[2022-11-16 21:27:17,013] [builder.py:193]            [INFO]     |                               Best of 2014 Collection in Old Movies                                |
[2022-11-16 21:27:17,014] [builder.py:193]            [INFO]     |====================================================================================================|
[2022-11-16 21:27:17,014] [builder.py:194]            [INFO]     |                                                                                                    |
[2022-11-16 21:27:17,014] [builder.py:199]            [INFO]     |================================ Building Definition From Templates ================================|
[2022-11-16 21:27:17,014] [builder.py:215]            [DEBUG]    |                                                                                                    |
[2022-11-16 21:27:17,014] [meta.py:210]               [DEBUG]    |========================================= Template Best of =========================================|
[2022-11-16 21:27:17,014] [meta.py:451]               [DEBUG]    |                                                                                                    |
[2022-11-16 21:27:17,016] [meta.py:512]               [DEBUG]    |                                                                                                    |
[2022-11-16 21:27:17,016] [meta.py:513]               [DEBUG]    |==================================== Final Template Attributes =====================================|
[2022-11-16 21:27:17,016] [meta.py:514]               [DEBUG]    |                                                                                                    |
[2022-11-16 21:27:17,017] [meta.py:515]               [DEBUG]    | {'trakt_list': 'https://trakt.tv/users/lish408/lists/rotten-tomatoes-best-of-2014', 'sort_title': '+1_Best of 2014', 'sync_mode': 'sync', 'summary': 'Rotten Tomatoes Best Movies of 2014', 'smart_label': 'audience_rating.desc'} |
[2022-11-16 21:27:17,017] [meta.py:516]               [DEBUG]    |                                                                                                    |
[2022-11-16 21:27:17,017] [builder.py:223]            [INFO]     |================================ Validating Best of 2014 Attributes ================================|
[2022-11-16 21:27:17,017] [builder.py:422]            [DEBUG]    |                                                                                                    |
[2022-11-16 21:27:17,017] [builder.py:423]            [DEBUG]    | Validating Method: smart_label                                                                     |
[2022-11-16 21:27:17,017] [builder.py:428]            [DEBUG]    | Value: audience_rating.desc                                                                        |
[2022-11-16 21:27:17,026] [builder.py:516]            [DEBUG]    |                                                                                                    |
[2022-11-16 21:27:17,027] [builder.py:517]            [DEBUG]    | Validating Method: sync_mode                                                                       |
[2022-11-16 21:27:17,027] [builder.py:521]            [DEBUG]    | Value: sync                                                                                        |
[2022-11-16 21:27:17,027] [builder.py:646]            [DEBUG]    |                                                                                                    |
[2022-11-16 21:27:17,027] [builder.py:650]            [DEBUG]    | Validating Method: trakt_list                                                                      |
[2022-11-16 21:27:17,028] [builder.py:651]            [DEBUG]    | Value: https://trakt.tv/users/lish408/lists/rotten-tomatoes-best-of-2014                           |
[2022-11-16 21:27:17,088] [builder.py:646]            [DEBUG]    |                                                                                                    |
[2022-11-16 21:27:17,088] [builder.py:650]            [DEBUG]    | Validating Method: sort_title                                                                      |
[2022-11-16 21:27:17,088] [builder.py:651]            [DEBUG]    | Value: +1_Best of 2014                                                                             |
[2022-11-16 21:27:17,089] [builder.py:646]            [DEBUG]    |                                                                                                    |
[2022-11-16 21:27:17,089] [builder.py:650]            [DEBUG]    | Validating Method: summary                                                                         |
[2022-11-16 21:27:17,089] [builder.py:651]            [DEBUG]    | Value: Rotten Tomatoes Best Movies of 2014                                                         |
[2022-11-16 21:27:17,136] [builder.py:814]            [INFO]     |                                                                                                    |
[2022-11-16 21:27:17,136] [builder.py:815]            [INFO]     | Validation Successful                                                                              |
[2022-11-16 21:27:17,136] [plex_meta_manager.py:594]  [INFO]     |                                                                                                    |
[2022-11-16 21:27:17,136] [plex_meta_manager.py:596]  [INFO]     |================================= Running Best of 2014 Collection ==================================|
[2022-11-16 21:27:17,136] [plex_meta_manager.py:602]  [INFO]     |                                                                                                    |
[2022-11-16 21:27:17,136] [plex_meta_manager.py:603]  [INFO]     | Smart Movie Label                                                                                  |
                                                                 | Sort By: ['audience_rating.desc']
                                                                 | Filter:
                                                                 |   Match all of the following:
                                                                 |     Label is Best of 2014
[2022-11-16 21:27:17,137] [plex_meta_manager.py:608]  [INFO]     | 
[2022-11-16 21:27:17,137] [plex_meta_manager.py:609]  [INFO]     | Sync Mode: sync
[2022-11-16 21:27:17,137] [plex_meta_manager.py:612]  [DEBUG]    | 
[2022-11-16 21:27:17,138] [plex_meta_manager.py:613]  [DEBUG]    | Builder: trakt_list: https://trakt.tv/users/lish408/lists/rotten-tomatoes-best-of-2014
[2022-11-16 21:27:17,138] [plex_meta_manager.py:614]  [INFO]     | 
[2022-11-16 21:27:17,138] [trakt.py:493]              [INFO]     | Processing Trakt List: https://trakt.tv/users/lish408/lists/rotten-tomatoes-best-of-2014
[2022-11-16 21:27:17,200] [builder.py:1574]           [DEBUG]    | 
[2022-11-16 21:27:17,201] [builder.py:1575]           [DEBUG]    | 100 IDs Found
[2022-11-16 21:27:17,201] [builder.py:1577]           [DEBUG]    | 
[2022-11-16 21:27:17,202] [builder.py:2158]           [INFO]     | 
[2022-11-16 21:27:17,202] [builder.py:2159]           [INFO]     |================================ Adding to Best of 2014 Collection =================================|
[2022-11-16 21:27:17,203] [builder.py:2160]           [INFO]     |                                                                                                    |
[2022-11-16 21:27:17,232] [builder.py:2174]           [INFO]     | 1/4 | Best of 2014 Collection | = | Edge of Tomorrow (2014)                                        |
[2022-11-16 21:27:17,232] [builder.py:2174]           [INFO]     | 2/4 | Best of 2014 Collection | = | X-Men: Days of Future Past (2014)                              |
[2022-11-16 21:27:17,232] [builder.py:2174]           [INFO]     | 3/4 | Best of 2014 Collection | = | Citizenfour (2014)                                             |
[2022-11-16 21:27:17,232] [builder.py:2174]           [INFO]     | 4/4 | Best of 2014 Collection | = | John Wick (2014)                                               |
[2022-11-16 21:27:17,233] [builder.py:2194]           [INFO]     |                                                                                                    |
[2022-11-16 21:27:17,233] [builder.py:2196]           [INFO]     | 4 Movies Processed 0 Movies Added                                                                  |
[2022-11-16 21:27:17,233] [builder.py:2306]           [INFO]     |                                                                                                    |
[2022-11-16 21:27:17,233] [builder.py:2307]           [INFO]     |============================= Missing Movies from Library: Old Movies ==============================|
[2022-11-16 21:27:17,234] [builder.py:2308]           [INFO]     |                                                                                                    |
[2022-11-16 21:27:17,249] [builder.py:2321]           [INFO]     | Best of 2014 Collection | ? | Selma (2014) (TMDb: 273895)                                          |
[2022-11-16 21:27:17,261] [builder.py:2321]           [INFO]     | Best of 2014 Collection | ? | Boyhood (2014) (TMDb: 85350)                                         |
[2022-11-16 21:27:17,274] [builder.py:2321]           [INFO]     | Best of 2014 Collection | ? | The Babadook (2014) (TMDb: 242224)                                   |
[2022-11-16 21:27:17,290] [builder.py:2321]           [INFO]     | Best of 2014 Collection | ? | The Lego Movie (2014) (TMDb: 137106)                                 |
[2022-11-16 21:27:17,303] [builder.py:2321]           [INFO]     | Best of 2014 Collection | ? | Nightcrawler (2014) (TMDb: 242582)                                   |
[2022-11-16 21:27:17,314] [builder.py:2321]           [INFO]     | Best of 2014 Collection | ? | Whiplash (2014) (TMDb: 244786)                                       |
[2022-11-16 21:27:17,326] [builder.py:2321]           [INFO]     | Best of 2014 Collection | ? | Life Itself (2014) (TMDb: 250766)                                    |
[2022-11-16 21:27:17,336] [builder.py:2321]           [INFO]     | Best of 2014 Collection | ? | Guardians of the Galaxy (2014) (TMDb: 118340)                        |
[2022-11-16 21:27:17,348] [builder.py:2321]           [INFO]     | Best of 2014 Collection | ? | Birdman or (The Unexpected Virtue of Ignorance) (2014) (TMDb: 194662) |
[2022-11-16 21:27:17,359] [builder.py:2321]           [INFO]     | Best of 2014 Collection | ? | The Grand Budapest Hotel (2014) (TMDb: 120467)                       |
[2022-11-16 21:27:17,374] [builder.py:2321]           [INFO]     | Best of 2014 Collection | ? | Mr. Turner (2014) (TMDb: 245700)                                     |
[2022-11-16 21:27:17,390] [builder.py:2321]           [INFO]     | Best of 2014 Collection | ? | Snowpiercer (2013) (TMDb: 110415)                                    |
[2022-11-16 21:27:17,402] [builder.py:2321]           [INFO]     | Best of 2014 Collection | ? | Two Days, One Night (2014) (TMDb: 221902)                            |
[2022-11-16 21:27:17,415] [builder.py:2321]           [INFO]     | Best of 2014 Collection | ? | Gloria (2013) (TMDb: 160068)                                         |
[2022-11-16 21:27:17,430] [builder.py:2321]           [INFO]     | Best of 2014 Collection | ? | The Tale of The Princess Kaguya (2013) (TMDb: 149871)                |
[2022-11-16 21:27:17,445] [builder.py:2321]           [INFO]     | Best of 2014 Collection | ? | Starred Up (2014) (TMDb: 209276)                                     |
[2022-11-16 21:27:17,456] [builder.py:2321]           [INFO]     | Best of 2014 Collection | ? | Dawn of the Planet of the Apes (2014) (TMDb: 119450)                 |
[2022-11-16 21:27:17,469] [builder.py:2321]           [INFO]     | Best of 2014 Collection | ? | Leviathan (2014) (TMDb: 265180)                                      |
[2022-11-16 21:27:17,482] [builder.py:2321]           [INFO]     | Best of 2014 Collection | ? | Captain America: The Winter Soldier (2014) (TMDb: 100402)            |
[2022-11-16 21:27:17,495] [builder.py:2321]           [INFO]     | Best of 2014 Collection | ? | Jodorowsky's Dune (2013) (TMDb: 191720)                              |
[2022-11-16 21:27:17,511] [builder.py:2321]           [INFO]     | Best of 2014 Collection | ? | Song of the Sea (2014) (TMDb: 110416)                                |
[2022-11-16 21:27:17,542] [builder.py:2321]           [INFO]     | Best of 2014 Collection | ? | Ida (2013) (TMDb: 209274)                                            |
[2022-11-16 21:27:17,553] [builder.py:2321]           [INFO]     | Best of 2014 Collection | ? | Gone Girl (2014) (TMDb: 210577)                                      |
[2022-11-16 21:27:17,566] [builder.py:2321]           [INFO]     | Best of 2014 Collection | ? | The Missing Picture (2013) (TMDb: 186997)                            |
[2022-11-16 21:27:17,578] [builder.py:2321]           [INFO]     | Best of 2014 Collection | ? | Blue Ruin (2014) (TMDb: 188166)                                      |
[2022-11-16 21:27:17,600] [builder.py:2321]           [INFO]     | Best of 2014 Collection | ? | The Lunchbox (2013) (TMDb: 191714)                                   |
[2022-11-16 21:27:17,612] [builder.py:2321]           [INFO]     | Best of 2014 Collection | ? | We Are the Best! (2013) (TMDb: 191294)                               |
[2022-11-16 21:27:17,623] [builder.py:2321]           [INFO]     | Best of 2014 Collection | ? | Ilo Ilo (2013) (TMDb: 188598)                                        |
[2022-11-16 21:27:17,643] [builder.py:2321]           [INFO]     | Best of 2014 Collection | ? | Elaine Stritch: Shoot Me (2013) (TMDb: 174319)                       |
[2022-11-16 21:27:17,659] [builder.py:2321]           [INFO]     | Best of 2014 Collection | ? | A Girl Walks Home Alone at Night (2014) (TMDb: 252171)               |
[2022-11-16 21:27:17,670] [builder.py:2321]           [INFO]     | Best of 2014 Collection | ? | Ernest & Celestine (2012) (TMDb: 126319)                             |
[2022-11-16 21:27:17,684] [builder.py:2321]           [INFO]     | Best of 2014 Collection | ? | The Imitation Game (2014) (TMDb: 205596)                             |
[2022-11-16 21:27:17,695] [builder.py:2321]           [INFO]     | Best of 2014 Collection | ? | Force Majeure (2014) (TMDb: 265189)                                  |
[2022-11-16 21:27:17,715] [builder.py:2321]           [INFO]     | Best of 2014 Collection | ? | Love Is Strange (2014) (TMDb: 244268)                                |
[2022-11-16 21:27:17,727] [builder.py:2321]           [INFO]     | Best of 2014 Collection | ? | Locke (2014) (TMDb: 210479)                                          |
[2022-11-16 21:27:17,741] [builder.py:2321]           [INFO]     | Best of 2014 Collection | ? | Wild (2014) (TMDb: 228970)                                           |
[2022-11-16 21:27:17,753] [builder.py:2321]           [INFO]     | Best of 2014 Collection | ? | The Overnighters (2014) (TMDb: 250666)                               |
[2022-11-16 21:27:17,765] [builder.py:2321]           [INFO]     | Best of 2014 Collection | ? | A Summer's Tale (1996) (TMDb: 37563)                                 |
[2022-11-16 21:27:17,777] [builder.py:2321]           [INFO]     | Best of 2014 Collection | ? | Big Hero 6 (2014) (TMDb: 177572)                                     |
[2022-11-16 21:27:17,788] [builder.py:2321]           [INFO]     | Best of 2014 Collection | ? | Keep On Keepin’ On (2014) (TMDb: 259999)                             |
[2022-11-16 21:27:17,815] [builder.py:2321]           [INFO]     | Best of 2014 Collection | ? | Nas: Time Is Illmatic (2014) (TMDb: 256503)                          |
[2022-11-16 21:27:17,826] [builder.py:2321]           [INFO]     | Best of 2014 Collection | ? | Finding Vivian Maier (2014) (TMDb: 169607)                           |
[2022-11-16 21:27:17,838] [builder.py:2321]           [INFO]     | Best of 2014 Collection | ? | Frank (2014) (TMDb: 171372)                                          |
[2022-11-16 21:27:17,851] [builder.py:2321]           [INFO]     | Best of 2014 Collection | ? | How to Train Your Dragon 2 (2014) (TMDb: 82702)                      |
[2022-11-16 21:27:17,868] [builder.py:2321]           [INFO]     | Best of 2014 Collection | ? | 20,000 Days on Earth (2014) (TMDb: 246400)                           |
[2022-11-16 21:27:17,881] [builder.py:2321]           [INFO]     | Best of 2014 Collection | ? | Pride (2014) (TMDb: 234200)                                          |
[2022-11-16 21:27:17,893] [builder.py:2321]           [INFO]     | Best of 2014 Collection | ? | Manakamana (2013) (TMDb: 213684)                                     |
[2022-11-16 21:27:17,910] [builder.py:2321]           [INFO]     | Best of 2014 Collection | ? | Stranger by the Lake (2013) (TMDb: 186992)                           |
[2022-11-16 21:27:17,925] [builder.py:2321]           [INFO]     | Best of 2014 Collection | ? | Particle Fever (2013) (TMDb: 202141)                                 |
[2022-11-16 21:27:17,936] [builder.py:2321]           [INFO]     | Best of 2014 Collection | ? | The Last of the Unjust (2013) (TMDb: 179146)                         |
[2022-11-16 21:27:17,948] [builder.py:2321]           [INFO]     | Best of 2014 Collection | ? | Housebound (2014) (TMDb: 253306)                                     |
[2022-11-16 21:27:17,960] [builder.py:2321]           [INFO]     | Best of 2014 Collection | ? | Foxcatcher (2014) (TMDb: 87492)                                      |
[2022-11-16 21:27:17,972] [builder.py:2321]           [INFO]     | Best of 2014 Collection | ? | National Gallery (2014) (TMDb: 266080)                               |
[2022-11-16 21:27:17,995] [builder.py:2321]           [INFO]     | Best of 2014 Collection | ? | The Drop (2014) (TMDb: 154400)                                       |
[2022-11-16 21:27:17,998] [builder.py:2321]           [INFO]     | Best of 2014 Collection | ? | The Rocket (2013) (TMDb: 168742)                                     |
[2022-11-16 21:27:18,022] [builder.py:2321]           [INFO]     | Best of 2014 Collection | ? | Last Days in Vietnam (2014) (TMDb: 250761)                           |
[2022-11-16 21:27:18,042] [builder.py:2321]           [INFO]     | Best of 2014 Collection | ? | Obvious Child (2014) (TMDb: 248774)                                  |
[2022-11-16 21:27:18,066] [builder.py:2321]           [INFO]     | Best of 2014 Collection | ? | The Guest (2014) (TMDb: 241848)                                      |
[2022-11-16 21:27:18,080] [builder.py:2321]           [INFO]     | Best of 2014 Collection | ? | Dear White People (2014) (TMDb: 114750)                              |
[2022-11-16 21:27:18,095] [builder.py:2321]           [INFO]     | Best of 2014 Collection | ? | The Dance of Reality (2013) (TMDb: 137698)                           |
[2022-11-16 21:27:18,112] [builder.py:2321]           [INFO]     | Best of 2014 Collection | ? | Calvary (2014) (TMDb: 157832)                                        |
[2022-11-16 21:27:18,124] [builder.py:2321]           [INFO]     | Best of 2014 Collection | ? | The Normal Heart (2014) (TMDb: 113833)                               |
[2022-11-16 21:27:18,142] [builder.py:2321]           [INFO]     | Best of 2014 Collection | ? | Diplomacy (2014) (TMDb: 253239)                                      |
[2022-11-16 21:27:18,155] [builder.py:2321]           [INFO]     | Best of 2014 Collection | ? | The Wind Rises (2013) (TMDb: 149870)                                 |
[2022-11-16 21:27:18,169] [builder.py:2321]           [INFO]     | Best of 2014 Collection | ? | Le Week-End (2013) (TMDb: 209350)                                    |
[2022-11-16 21:27:18,184] [builder.py:2321]           [INFO]     | Best of 2014 Collection | ? | Child's Pose (2013) (TMDb: 160118)                                   |
[2022-11-16 21:27:18,197] [builder.py:2321]           [INFO]     | Best of 2014 Collection | ? | The Internet's Own Boy: The Story of Aaron Swartz (2014) (TMDb: 250658) |
[2022-11-16 21:27:18,208] [builder.py:2321]           [INFO]     | Best of 2014 Collection | ? | Chef (2014) (TMDb: 212778)                                           |
[2022-11-16 21:27:18,223] [builder.py:2321]           [INFO]     | Best of 2014 Collection | ? | Under the Skin (2014) (TMDb: 97370)                                  |
[2022-11-16 21:27:18,236] [builder.py:2321]           [INFO]     | Best of 2014 Collection | ? | Only Lovers Left Alive (2013) (TMDb: 152603)                         |
[2022-11-16 21:27:18,252] [builder.py:2321]           [INFO]     | Best of 2014 Collection | ? | The Way He Looks (2014) (TMDb: 237791)                               |
[2022-11-16 21:27:18,262] [builder.py:2321]           [INFO]     | Best of 2014 Collection | ? | Norte, The End of History (2013) (TMDb: 186975)                      |
[2022-11-16 21:27:18,284] [builder.py:2321]           [INFO]     | Best of 2014 Collection | ? | Mistaken for Strangers (2013) (TMDb: 173455)                         |
[2022-11-16 21:27:18,300] [builder.py:2321]           [INFO]     | Best of 2014 Collection | ? | Tim's Vermeer (2013) (TMDb: 212063)                                  |
[2022-11-16 21:27:18,312] [builder.py:2321]           [INFO]     | Best of 2014 Collection | ? | Top Five (2014) (TMDb: 284296)                                       |
[2022-11-16 21:27:18,325] [builder.py:2321]           [INFO]     | Best of 2014 Collection | ? | 12 O’Clock Boys (2013) (TMDb: 169853)                                |
[2022-11-16 21:27:18,336] [builder.py:2321]           [INFO]     | Best of 2014 Collection | ? | Omar (2013) (TMDb: 187028)                                           |
[2022-11-16 21:27:18,348] [builder.py:2321]           [INFO]     | Best of 2014 Collection | ? | 22 Jump Street (2014) (TMDb: 187017)                                 |
[2022-11-16 21:27:18,359] [builder.py:2321]           [INFO]     | Best of 2014 Collection | ? | A Most Wanted Man (2014) (TMDb: 157849)                              |
[2022-11-16 21:27:18,370] [builder.py:2321]           [INFO]     | Best of 2014 Collection | ? | The Dog (2013) (TMDb: 212849)                                        |
[2022-11-16 21:27:18,383] [builder.py:2321]           [INFO]     | Best of 2014 Collection | ? | Wetlands (2013) (TMDb: 208277)                                       |
[2022-11-16 21:27:18,394] [builder.py:2321]           [INFO]     | Best of 2014 Collection | ? | The Skeleton Twins (2014) (TMDb: 244772)                             |
[2022-11-16 21:27:18,406] [builder.py:2321]           [INFO]     | Best of 2014 Collection | ? | Venus in Fur (2013) (TMDb: 197082)                                   |
[2022-11-16 21:27:18,417] [builder.py:2321]           [INFO]     | Best of 2014 Collection | ? | Art and Craft (2014) (TMDb: 265929)                                  |
[2022-11-16 21:27:18,440] [builder.py:2321]           [INFO]     | Best of 2014 Collection | ? | The Case Against 8 (2014) (TMDb: 250651)                             |
[2022-11-16 21:27:18,452] [builder.py:2321]           [INFO]     | Best of 2014 Collection | ? | Closed Curtain (2013) (TMDb: 160171)                                 |
[2022-11-16 21:27:18,465] [builder.py:2321]           [INFO]     | Best of 2014 Collection | ? | The Kill Team (2013) (TMDb: 174351)                                  |
[2022-11-16 21:27:18,476] [builder.py:2321]           [INFO]     | Best of 2014 Collection | ? | The Trip to Italy (2014) (TMDb: 242088)                              |
[2022-11-16 21:27:18,487] [builder.py:2321]           [INFO]     | Best of 2014 Collection | ? | Night Moves (2014) (TMDb: 157823)                                    |
[2022-11-16 21:27:18,499] [builder.py:2321]           [INFO]     | Best of 2014 Collection | ? | Bears (2014) (TMDb: 214314)                                          |
[2022-11-16 21:27:18,537] [builder.py:2321]           [INFO]     | Best of 2014 Collection | ? | The Blue Room (2014) (TMDb: 266034)                                  |
[2022-11-16 21:27:18,551] [builder.py:2321]           [INFO]     | Best of 2014 Collection | ? | Cheap Thrills (2013) (TMDb: 175291)                                  |
[2022-11-16 21:27:18,563] [builder.py:2321]           [INFO]     | Best of 2014 Collection | ? | In Bloom (2013) (TMDb: 176403)                                       |
[2022-11-16 21:27:18,565] [builder.py:2321]           [INFO]     | Best of 2014 Collection | ? | To Be Takei (2014) (TMDb: 250777)                                    |
[2022-11-16 21:27:18,576] [builder.py:2321]           [INFO]     | Best of 2014 Collection | ? | Coherence (2013) (TMDb: 220289)                                      |
[2022-11-16 21:27:18,588] [builder.py:2321]           [INFO]     | Best of 2014 Collection | ? | Joe (2013) (TMDb: 157847)                                            |
[2022-11-16 21:27:18,588] [builder.py:2326]           [INFO]     |                                                                                                    |
[2022-11-16 21:27:18,588] [builder.py:2327]           [INFO]     | 96 Movies Missing                                                                                  |
[2022-11-16 21:27:18,840] [builder.py:2527]           [INFO]     |                                                                                                    |
[2022-11-16 21:27:18,841] [builder.py:2528]           [INFO]     |=========================== Updating Details of Best of 2014 Collection ============================|
[2022-11-16 21:27:18,841] [builder.py:2529]           [INFO]     |                                                                                                    |
[2022-11-16 21:27:18,849] [builder.py:2595]           [INFO]     | Collection Metadata Edits                                                                          |
[2022-11-16 21:27:18,866] [plex_meta_manager.py:736]  [INFO]     |                                                                                                    |
[2022-11-16 21:27:18,866] [plex_meta_manager.py:737]  [INFO]     |====================================================================================================|
[2022-11-16 21:27:18,866] [plex_meta_manager.py:737]  [INFO]     |                                  Finished Best of 2014 Collection                                  |
[2022-11-16 21:27:18,866] [plex_meta_manager.py:737]  [INFO]     |                                    Collection Run Time: 0:00:01                                    |
[2022-11-16 21:27:18,867] [plex_meta_manager.py:737]  [INFO]     |====================================================================================================|
