[2022-11-17 08:55:14,382] [builder.py:193]            [INFO]     |====================================================================================================|
[2022-11-17 08:55:14,383] [builder.py:193]            [INFO]     |                      Pirates of the Caribbean Collection in Christmas Movies                       |
[2022-11-17 08:55:14,383] [builder.py:193]            [INFO]     |====================================================================================================|
[2022-11-17 08:55:14,383] [builder.py:194]            [INFO]     |                                                                                                    |
[2022-11-17 08:55:14,384] [builder.py:199]            [INFO]     |================================ Building Definition From Templates ================================|
[2022-11-17 08:55:14,384] [builder.py:215]            [DEBUG]    |                                                                                                    |
[2022-11-17 08:55:14,384] [meta.py:210]               [DEBUG]    |========================================== Template Movie ==========================================|
[2022-11-17 08:55:14,385] [meta.py:451]               [DEBUG]    |                                                                                                    |
[2022-11-17 08:55:14,387] [meta.py:512]               [DEBUG]    |                                                                                                    |
[2022-11-17 08:55:14,388] [meta.py:513]               [DEBUG]    |==================================== Final Template Attributes =====================================|
[2022-11-17 08:55:14,388] [meta.py:514]               [DEBUG]    |                                                                                                    |
[2022-11-17 08:55:14,388] [meta.py:515]               [DEBUG]    | {'tmdb_collection': 295, 'tmdb_summary': 295, 'url_poster': 'https://theposterdb.com/api/assets/71934', 'sort_title': '++++_Pirates of the Caribbean', 'collection_order': 'release'} |
[2022-11-17 08:55:14,388] [meta.py:516]               [DEBUG]    |                                                                                                    |
[2022-11-17 08:55:14,389] [builder.py:223]            [INFO]     |========================== Validating Pirates of the Caribbean Attributes ==========================|
[2022-11-17 08:55:14,389] [builder.py:613]            [DEBUG]    |                                                                                                    |
[2022-11-17 08:55:14,389] [builder.py:614]            [DEBUG]    | Validating Method: collection_order                                                                |
[2022-11-17 08:55:14,389] [builder.py:615]            [DEBUG]    | Value: release                                                                                     |
[2022-11-17 08:55:14,389] [builder.py:646]            [DEBUG]    |                                                                                                    |
[2022-11-17 08:55:14,390] [builder.py:650]            [DEBUG]    | Validating Method: tmdb_collection                                                                 |
[2022-11-17 08:55:14,390] [builder.py:651]            [DEBUG]    | Value: 295                                                                                         |
[2022-11-17 08:55:14,410] [builder.py:646]            [DEBUG]    |                                                                                                    |
[2022-11-17 08:55:14,410] [builder.py:650]            [DEBUG]    | Validating Method: tmdb_summary                                                                    |
[2022-11-17 08:55:14,411] [builder.py:651]            [DEBUG]    | Value: 295                                                                                         |
[2022-11-17 08:55:14,422] [builder.py:646]            [DEBUG]    |                                                                                                    |
[2022-11-17 08:55:14,423] [builder.py:650]            [DEBUG]    | Validating Method: url_poster                                                                      |
[2022-11-17 08:55:14,423] [builder.py:651]            [DEBUG]    | Value: https://theposterdb.com/api/assets/71934                                                    |
[2022-11-17 08:55:15,147] [builder.py:646]            [DEBUG]    |                                                                                                    |
[2022-11-17 08:55:15,148] [builder.py:650]            [DEBUG]    | Validating Method: sort_title                                                                      |
[2022-11-17 08:55:15,148] [builder.py:651]            [DEBUG]    | Value: ++++_Pirates of the Caribbean                                                               |
[2022-11-17 08:55:15,155] [plex.py:835]               [DEBUG]    |                                                                                                    |
[2022-11-17 08:55:15,155] [plex.py:838]               [DEBUG]    | Looking for: Pirates of the Caribbean                                                              |
[2022-11-17 08:55:15,156] [builder.py:814]            [INFO]     |                                                                                                    |
[2022-11-17 08:55:15,156] [builder.py:815]            [INFO]     | Validation Successful                                                                              |
[2022-11-17 08:55:15,156] [plex_meta_manager.py:594]  [INFO]     |                                                                                                    |
[2022-11-17 08:55:15,157] [plex_meta_manager.py:596]  [INFO]     |=========================== Running Pirates of the Caribbean Collection ============================|
[2022-11-17 08:55:15,157] [plex_meta_manager.py:608]  [INFO]     |                                                                                                    |
[2022-11-17 08:55:15,157] [plex_meta_manager.py:609]  [INFO]     | Sync Mode: append                                                                                  |
[2022-11-17 08:55:15,158] [plex_meta_manager.py:612]  [DEBUG]    |                                                                                                    |
[2022-11-17 08:55:15,158] [plex_meta_manager.py:613]  [DEBUG]    | Builder: tmdb_collection: 295                                                                      |
[2022-11-17 08:55:15,158] [plex_meta_manager.py:614]  [INFO]     |                                                                                                    |
[2022-11-17 08:55:15,168] [tmdb.py:389]               [INFO]     | Processing TMDb Collection: (295) Pirates of the Caribbean Collection (5 Items)                    |
[2022-11-17 08:55:15,169] [builder.py:1574]           [DEBUG]    |                                                                                                    |
[2022-11-17 08:55:15,169] [builder.py:1575]           [DEBUG]    | 5 IDs Found                                                                                        |
[2022-11-17 08:55:15,169] [builder.py:1577]           [DEBUG]    |                                                                                                    |
[2022-11-17 08:55:15,170] [builder.py:2306]           [INFO]     |                                                                                                    |
[2022-11-17 08:55:15,170] [builder.py:2307]           [INFO]     |========================== Missing Movies from Library: Christmas Movies ===========================|
[2022-11-17 08:55:15,170] [builder.py:2308]           [INFO]     |                                                                                                    |
[2022-11-17 08:55:15,185] [builder.py:2321]           [INFO]     | Pirates of the Caribbean Collection | ? | Pirates of the Caribbean: The Curse of the Black Pearl (2003) (TMDb: 22) |
[2022-11-17 08:55:15,203] [builder.py:2321]           [INFO]     | Pirates of the Caribbean Collection | ? | Pirates of the Caribbean: Dead Man's Chest (2006) (TMDb: 58) |
[2022-11-17 08:55:15,217] [builder.py:2321]           [INFO]     | Pirates of the Caribbean Collection | ? | Pirates of the Caribbean: At World's End (2007) (TMDb: 285) |
[2022-11-17 08:55:15,232] [builder.py:2321]           [INFO]     | Pirates of the Caribbean Collection | ? | Pirates of the Caribbean: On Stranger Tides (2011) (TMDb: 1865) |
[2022-11-17 08:55:15,248] [builder.py:2321]           [INFO]     | Pirates of the Caribbean Collection | ? | Pirates of the Caribbean: Dead Men Tell No Tales (2017) (TMDb: 166426) |
[2022-11-17 08:55:15,250] [builder.py:2326]           [INFO]     |                                                                                                    |
[2022-11-17 08:55:15,251] [builder.py:2327]           [INFO]     | 5 Movies Missing                                                                                   |
[2022-11-17 08:55:15,360] [plex_meta_manager.py:652]  [INFO]     |                                                                                                    |
[2022-11-17 08:55:15,361] [plex_meta_manager.py:653]  [INFO]     | Collection Minimum: 2 not met for Pirates of the Caribbean Collection                              |
[2022-11-17 08:55:15,362] [plex_meta_manager.py:736]  [INFO]     |                                                                                                    |
[2022-11-17 08:55:15,363] [plex_meta_manager.py:737]  [INFO]     |====================================================================================================|
[2022-11-17 08:55:15,363] [plex_meta_manager.py:737]  [INFO]     |                            Finished Pirates of the Caribbean Collection                            |
[2022-11-17 08:55:15,363] [plex_meta_manager.py:737]  [INFO]     |                                    Collection Run Time: 0:00:00                                    |
[2022-11-17 08:55:15,364] [plex_meta_manager.py:737]  [INFO]     |====================================================================================================|
