[2022-11-16 20:33:35,091] [builder.py:193]            [INFO]     |====================================================================================================|
[2022-11-16 20:33:35,091] [builder.py:193]            [INFO]     |                            Golden Globe 2016 Collection in Kids Movies                             |
[2022-11-16 20:33:35,091] [builder.py:193]            [INFO]     |====================================================================================================|
[2022-11-16 20:33:35,091] [builder.py:194]            [INFO]     |                                                                                                    |
[2022-11-16 20:33:35,091] [builder.py:199]            [INFO]     |================================ Building Definition From Templates ================================|
[2022-11-16 20:33:35,091] [builder.py:215]            [DEBUG]    |                                                                                                    |
[2022-11-16 20:33:35,091] [meta.py:210]               [DEBUG]    |================================== Template use_year_collections ===================================|
[2022-11-16 20:33:35,092] [meta.py:451]               [DEBUG]    |                                                                                                    |
[2022-11-16 20:33:35,092] [meta.py:210]               [DEBUG]    |========================================== Template imdb ===========================================|
[2022-11-16 20:33:35,093] [meta.py:451]               [DEBUG]    |                                                                                                    |
[2022-11-16 20:33:35,094] [meta.py:210]               [DEBUG]    |======================================= Template translation =======================================|
[2022-11-16 20:33:35,095] [meta.py:451]               [DEBUG]    |                                                                                                    |
[2022-11-16 20:33:35,097] [meta.py:210]               [DEBUG]    |========================================= Template shared ==========================================|
[2022-11-16 20:33:35,098] [meta.py:451]               [DEBUG]    |                                                                                                    |
[2022-11-16 20:33:35,108] [meta.py:210]               [DEBUG]    |=========================================== Template arr ===========================================|
[2022-11-16 20:33:35,109] [meta.py:451]               [DEBUG]    |                                                                                                    |
[2022-11-16 20:33:35,114] [meta.py:210]               [DEBUG]    |========================================= Template custom ==========================================|
[2022-11-16 20:33:35,115] [meta.py:451]               [DEBUG]    |                                                                                                    |
[2022-11-16 20:33:35,118] [meta.py:512]               [DEBUG]    |                                                                                                    |
[2022-11-16 20:33:35,119] [meta.py:513]               [DEBUG]    |==================================== Final Template Attributes =====================================|
[2022-11-16 20:33:35,119] [meta.py:514]               [DEBUG]    |                                                                                                    |
[2022-11-16 20:33:35,119] [meta.py:515]               [DEBUG]    | {'imdb_list': 'https://www.imdb.com/search/title/?release_date=2016-01-01,2016-12-31&groups=golden_globe_winner&sort=moviemeter,asc', 'summary': '2016 Golden Globe Winners.', 'name': 'Golden Globe 2016', 'ignore_blank_results': True, 'collection_mode': 'hide', 'sort_title': '!16_Golden Globe 2016', 'url_poster': 'https://raw.githubusercontent.com/meisnate12/Plex-Meta-Manager-Images/master/award/golden/winner/2016.jpg', 'collection_order': 'custom', 'sync_mode': 'sync', 'cache_builders': 1} |
[2022-11-16 20:33:35,119] [meta.py:516]               [DEBUG]    |                                                                                                    |
[2022-11-16 20:33:35,119] [builder.py:223]            [INFO]     |============================= Validating Golden Globe 2016 Attributes ==============================|
[2022-11-16 20:33:35,119] [builder.py:226]            [DEBUG]    |                                                                                                    |
[2022-11-16 20:33:35,119] [builder.py:227]            [DEBUG]    | Validating Method: name                                                                            |
[2022-11-16 20:33:35,119] [builder.py:230]            [DEBUG]    | Value: Golden Globe 2016                                                                           |
[2022-11-16 20:33:35,119] [builder.py:502]            [DEBUG]    |                                                                                                    |
[2022-11-16 20:33:35,120] [builder.py:503]            [DEBUG]    | Validating Method: ignore_blank_results                                                            |
[2022-11-16 20:33:35,120] [builder.py:504]            [DEBUG]    | Value: True                                                                                        |
[2022-11-16 20:33:35,120] [builder.py:516]            [DEBUG]    |                                                                                                    |
[2022-11-16 20:33:35,120] [builder.py:517]            [DEBUG]    | Validating Method: sync_mode                                                                       |
[2022-11-16 20:33:35,120] [builder.py:521]            [DEBUG]    | Value: sync                                                                                        |
[2022-11-16 20:33:35,120] [builder.py:613]            [DEBUG]    |                                                                                                    |
[2022-11-16 20:33:35,120] [builder.py:614]            [DEBUG]    | Validating Method: collection_order                                                                |
[2022-11-16 20:33:35,120] [builder.py:615]            [DEBUG]    | Value: custom                                                                                      |
[2022-11-16 20:33:35,120] [builder.py:646]            [DEBUG]    |                                                                                                    |
[2022-11-16 20:33:35,120] [builder.py:650]            [DEBUG]    | Validating Method: label                                                                           |
[2022-11-16 20:33:35,120] [builder.py:651]            [DEBUG]    | Value: Golden Globes Awards                                                                        |
[2022-11-16 20:33:35,121] [builder.py:646]            [DEBUG]    |                                                                                                    |
[2022-11-16 20:33:35,121] [builder.py:650]            [DEBUG]    | Validating Method: imdb_list                                                                       |
[2022-11-16 20:33:35,121] [builder.py:651]            [DEBUG]    | Value: https://www.imdb.com/search/title/?release_date=2016-01-01,2016-12-31&groups=golden_globe_winner&sort=moviemeter,asc |
[2022-11-16 20:33:35,294] [builder.py:646]            [DEBUG]    |                                                                                                    |
[2022-11-16 20:33:35,295] [builder.py:650]            [DEBUG]    | Validating Method: summary                                                                         |
[2022-11-16 20:33:35,295] [builder.py:651]            [DEBUG]    | Value: 2016 Golden Globe Winners.                                                                  |
[2022-11-16 20:33:35,295] [builder.py:646]            [DEBUG]    |                                                                                                    |
[2022-11-16 20:33:35,296] [builder.py:650]            [DEBUG]    | Validating Method: collection_mode                                                                 |
[2022-11-16 20:33:35,296] [builder.py:651]            [DEBUG]    | Value: hide                                                                                        |
[2022-11-16 20:33:35,296] [builder.py:646]            [DEBUG]    |                                                                                                    |
[2022-11-16 20:33:35,296] [builder.py:650]            [DEBUG]    | Validating Method: sort_title                                                                      |
[2022-11-16 20:33:35,296] [builder.py:651]            [DEBUG]    | Value: !16_Golden Globe 2016                                                                       |
[2022-11-16 20:33:35,296] [builder.py:646]            [DEBUG]    |                                                                                                    |
[2022-11-16 20:33:35,296] [builder.py:650]            [DEBUG]    | Validating Method: url_poster                                                                      |
[2022-11-16 20:33:35,296] [builder.py:651]            [DEBUG]    | Value: https://raw.githubusercontent.com/meisnate12/Plex-Meta-Manager-Images/master/award/golden/winner/2016.jpg |
[2022-11-16 20:33:35,507] [builder.py:646]            [DEBUG]    |                                                                                                    |
[2022-11-16 20:33:35,507] [builder.py:650]            [DEBUG]    | Validating Method: cache_builders                                                                  |
[2022-11-16 20:33:35,507] [builder.py:651]            [DEBUG]    | Value: 1                                                                                           |
[2022-11-16 20:33:35,512] [plex.py:835]               [DEBUG]    |                                                                                                    |
[2022-11-16 20:33:35,512] [plex.py:838]               [DEBUG]    | Looking for: Golden Globe 2016                                                                     |
[2022-11-16 20:33:35,513] [builder.py:814]            [INFO]     |                                                                                                    |
[2022-11-16 20:33:35,513] [builder.py:815]            [INFO]     | Validation Successful                                                                              |
[2022-11-16 20:33:35,513] [plex_meta_manager.py:594]  [INFO]     |                                                                                                    |
[2022-11-16 20:33:35,513] [plex_meta_manager.py:596]  [INFO]     |=============================== Running Golden Globe 2016 Collection ===============================|
[2022-11-16 20:33:35,513] [plex_meta_manager.py:608]  [INFO]     |                                                                                                    |
[2022-11-16 20:33:35,513] [plex_meta_manager.py:609]  [INFO]     | Sync Mode: sync                                                                                    |
[2022-11-16 20:33:35,513] [plex_meta_manager.py:612]  [DEBUG]    |                                                                                                    |
[2022-11-16 20:33:35,514] [plex_meta_manager.py:613]  [DEBUG]    | Builder: imdb_list: {'url': 'https://www.imdb.com/search/title/?release_date=2016-01-01,2016-12-31&groups=golden_globe_winner&sort=moviemeter,asc', 'limit': 0} |
[2022-11-16 20:33:35,514] [plex_meta_manager.py:614]  [INFO]     |                                                                                                    |
[2022-11-16 20:33:35,515] [builder.py:1523]           [INFO]     | Builder: imdb_list loaded from Cache                                                               |
[2022-11-16 20:33:35,516] [builder.py:1574]           [DEBUG]    |                                                                                                    |
[2022-11-16 20:33:35,517] [builder.py:1575]           [DEBUG]    | 14 IDs Found                                                                                       |
[2022-11-16 20:33:35,517] [builder.py:1577]           [DEBUG]    |                                                                                                    |
[2022-11-16 20:33:35,531] [builder.py:2306]           [INFO]     |                                                                                                    |
[2022-11-16 20:33:35,531] [builder.py:2307]           [INFO]     |============================= Missing Movies from Library: Kids Movies =============================|
[2022-11-16 20:33:35,532] [builder.py:2308]           [INFO]     |                                                                                                    |
[2022-11-16 20:33:35,553] [builder.py:2321]           [INFO]     | Golden Globe 2016 Collection | ? | La La Land (2016) (TMDb: 313369)                                |
[2022-11-16 20:33:35,565] [builder.py:2321]           [INFO]     | Golden Globe 2016 Collection | ? | Manchester by the Sea (2016) (TMDb: 334541)                     |
[2022-11-16 20:33:35,579] [builder.py:2321]           [INFO]     | Golden Globe 2016 Collection | ? | Nocturnal Animals (2016) (TMDb: 340666)                         |
[2022-11-16 20:33:35,589] [builder.py:2321]           [INFO]     | Golden Globe 2016 Collection | ? | Moonlight (2016) (TMDb: 376867)                                 |
[2022-11-16 20:33:35,604] [builder.py:2321]           [INFO]     | Golden Globe 2016 Collection | ? | Fences (2016) (TMDb: 393457)                                    |
[2022-11-16 20:33:35,615] [builder.py:2321]           [INFO]     | Golden Globe 2016 Collection | ? | Elle (2016) (TMDb: 337674)                                      |
[2022-11-16 20:33:35,615] [builder.py:2326]           [INFO]     |                                                                                                    |
[2022-11-16 20:33:35,616] [builder.py:2327]           [INFO]     | 6 Movies Missing                                                                                   |
[2022-11-16 20:33:38,922] [plex_meta_manager.py:652]  [INFO]     |                                                                                                    |
[2022-11-16 20:33:38,922] [plex_meta_manager.py:653]  [INFO]     | Collection Minimum: 2 not met for Golden Globe 2016 Collection                                     |
[2022-11-16 20:33:38,923] [plex_meta_manager.py:736]  [INFO]     |                                                                                                    |
[2022-11-16 20:33:38,923] [plex_meta_manager.py:737]  [INFO]     |====================================================================================================|
[2022-11-16 20:33:38,923] [plex_meta_manager.py:737]  [INFO]     |                               Finished Golden Globe 2016 Collection                                |
[2022-11-16 20:33:38,923] [plex_meta_manager.py:737]  [INFO]     |                                    Collection Run Time: 0:00:03                                    |
[2022-11-16 20:33:38,923] [plex_meta_manager.py:737]  [INFO]     |====================================================================================================|
