[2022-11-16 18:55:39,283] [builder.py:193]            [INFO]     |====================================================================================================|
[2022-11-16 18:55:39,284] [builder.py:193]            [INFO]     |                       Steve Miner (Director) Collection in Halloween Movies                        |
[2022-11-16 18:55:39,284] [builder.py:193]            [INFO]     |====================================================================================================|
[2022-11-16 18:55:39,284] [builder.py:194]            [INFO]     |                                                                                                    |
[2022-11-16 18:55:39,284] [builder.py:199]            [INFO]     |================================ Building Definition From Templates ================================|
[2022-11-16 18:55:39,284] [builder.py:215]            [DEBUG]    |                                                                                                    |
[2022-11-16 18:55:39,284] [meta.py:210]               [DEBUG]    |====================================== Template smart_filter =======================================|
[2022-11-16 18:55:39,285] [meta.py:451]               [DEBUG]    |                                                                                                    |
[2022-11-16 18:55:39,292] [meta.py:210]               [DEBUG]    |======================================= Template translation =======================================|
[2022-11-16 18:55:39,293] [meta.py:451]               [DEBUG]    |                                                                                                    |
[2022-11-16 18:55:39,297] [meta.py:210]               [DEBUG]    |========================================= Template shared ==========================================|
[2022-11-16 18:55:39,298] [meta.py:451]               [DEBUG]    |                                                                                                    |
[2022-11-16 18:55:39,315] [meta.py:512]               [DEBUG]    |                                                                                                    |
[2022-11-16 18:55:39,315] [meta.py:513]               [DEBUG]    |==================================== Final Template Attributes =====================================|
[2022-11-16 18:55:39,315] [meta.py:514]               [DEBUG]    |                                                                                                    |
[2022-11-16 18:55:39,315] [meta.py:515]               [DEBUG]    | {'tmdb_person': ['Steve Miner'], 'smart_filter': {'sort_by': 'title.asc', 'any': {'director': 'tmdb'}}, 'summary': 'Movies directed by Steve Miner.', 'name': 'Steve Miner (Director)', 'ignore_blank_results': True, 'collection_mode': 'hide', 'sort_title': '!18_Steve Miner (Director)', 'url_poster': 'https://raw.githubusercontent.com/meisnate12/Plex-Meta-Manager-Images/master/people/rainier/Steve%20Miner.jpg'} |
[2022-11-16 18:55:39,315] [meta.py:516]               [DEBUG]    |                                                                                                    |
[2022-11-16 18:55:39,315] [builder.py:223]            [INFO]     |=========================== Validating Steve Miner (Director) Attributes ===========================|
[2022-11-16 18:55:39,315] [builder.py:226]            [DEBUG]    |                                                                                                    |
[2022-11-16 18:55:39,315] [builder.py:227]            [DEBUG]    | Validating Method: name                                                                            |
[2022-11-16 18:55:39,315] [builder.py:230]            [DEBUG]    | Value: Steve Miner (Director)                                                                      |
[2022-11-16 18:55:39,316] [builder.py:502]            [DEBUG]    |                                                                                                    |
[2022-11-16 18:55:39,316] [builder.py:503]            [DEBUG]    | Validating Method: ignore_blank_results                                                            |
[2022-11-16 18:55:39,316] [builder.py:504]            [DEBUG]    | Value: True                                                                                        |
[2022-11-16 18:55:39,316] [builder.py:528]            [DEBUG]    |                                                                                                    |
[2022-11-16 18:55:39,316] [builder.py:529]            [DEBUG]    | Validating Method: tmdb_person                                                                     |
[2022-11-16 18:55:39,316] [builder.py:533]            [DEBUG]    | Value: ['Steve Miner']                                                                             |
[2022-11-16 18:55:39,373] [builder.py:1784]           [INFO]     |                                                                                                    |
[2022-11-16 18:55:39,373] [builder.py:1785]           [INFO]     | Validating Method: smart_filter                                                                    |
[2022-11-16 18:55:39,373] [builder.py:1791]           [DEBUG]    | Value: {'sort_by': 'title.asc', 'any': {'director': 'tmdb'}}                                       |
[2022-11-16 18:55:39,441] [builder.py:1978]           [DEBUG]    | Smart URL: ?type=1&sort=titleSort&push=1&director=19851&pop=1                                      |
[2022-11-16 18:55:39,441] [builder.py:646]            [DEBUG]    |                                                                                                    |
[2022-11-16 18:55:39,441] [builder.py:650]            [DEBUG]    | Validating Method: label                                                                           |
[2022-11-16 18:55:39,441] [builder.py:651]            [DEBUG]    | Value: Top Directors                                                                               |
[2022-11-16 18:55:39,441] [builder.py:646]            [DEBUG]    |                                                                                                    |
[2022-11-16 18:55:39,441] [builder.py:650]            [DEBUG]    | Validating Method: summary                                                                         |
[2022-11-16 18:55:39,442] [builder.py:651]            [DEBUG]    | Value: Movies directed by Steve Miner.                                                             |
[2022-11-16 18:55:39,442] [builder.py:646]            [DEBUG]    |                                                                                                    |
[2022-11-16 18:55:39,442] [builder.py:650]            [DEBUG]    | Validating Method: collection_mode                                                                 |
[2022-11-16 18:55:39,442] [builder.py:651]            [DEBUG]    | Value: hide                                                                                        |
[2022-11-16 18:55:39,442] [builder.py:646]            [DEBUG]    |                                                                                                    |
[2022-11-16 18:55:39,442] [builder.py:650]            [DEBUG]    | Validating Method: sort_title                                                                      |
[2022-11-16 18:55:39,442] [builder.py:651]            [DEBUG]    | Value: !18_Steve Miner (Director)                                                                  |
[2022-11-16 18:55:39,442] [builder.py:646]            [DEBUG]    |                                                                                                    |
[2022-11-16 18:55:39,442] [builder.py:650]            [DEBUG]    | Validating Method: url_poster                                                                      |
[2022-11-16 18:55:39,443] [builder.py:651]            [DEBUG]    | Value: https://raw.githubusercontent.com/meisnate12/Plex-Meta-Manager-Images/master/people/rainier/Steve%20Miner.jpg |
[2022-11-16 18:55:39,565] [builder.py:845]            [WARNING]  | Collection Warning: No Poster Found at https://raw.githubusercontent.com/meisnate12/Plex-Meta-Manager-Images/master/people/rainier/Steve%20Miner.jpg |
[2022-11-16 18:55:39,600] [builder.py:814]            [INFO]     |                                                                                                    |
[2022-11-16 18:55:39,600] [builder.py:815]            [INFO]     | Validation Successful                                                                              |
[2022-11-16 18:55:39,600] [plex_meta_manager.py:594]  [INFO]     |                                                                                                    |
[2022-11-16 18:55:39,601] [plex_meta_manager.py:596]  [INFO]     |============================ Running Steve Miner (Director) Collection =============================|
[2022-11-16 18:55:39,601] [plex_meta_manager.py:602]  [INFO]     |                                                                                                    |
[2022-11-16 18:55:39,601] [plex_meta_manager.py:603]  [INFO]     | Smart Movie Filter                                                                                 |
                                                                 | Sort By: ['title.asc']
                                                                 | Filter:
                                                                 |   Match any of the following:
                                                                 |     Director is Steve Miner
[2022-11-16 18:55:39,623] [builder.py:2527]           [INFO]     | 
[2022-11-16 18:55:39,623] [builder.py:2528]           [INFO]     |====================== Updating Details of Steve Miner (Director) Collection =======================|
[2022-11-16 18:55:39,623] [builder.py:2529]           [INFO]     |                                                                                                    |
[2022-11-16 18:55:39,631] [builder.py:2595]           [INFO]     | Collection Metadata Edits                                                                          |
[2022-11-16 18:55:39,644] [util.py:174]               [DEBUG]    | 1 poster found:                                                                                    |
[2022-11-16 18:55:39,644] [util.py:176]               [DEBUG]    | Method: tmdb_person Poster: https://image.tmdb.org/t/p/original/jI202evRSMXDHCugyWvrAaUuVO4.jpg    |
[2022-11-16 18:55:39,646] [library.py:180]            [INFO]     | Detail: poster update not needed                                                                   |
[2022-11-16 18:55:39,660] [plex_meta_manager.py:736]  [INFO]     |                                                                                                    |
[2022-11-16 18:55:39,660] [plex_meta_manager.py:737]  [INFO]     |====================================================================================================|
[2022-11-16 18:55:39,660] [plex_meta_manager.py:737]  [INFO]     |                             Finished Steve Miner (Director) Collection                             |
[2022-11-16 18:55:39,660] [plex_meta_manager.py:737]  [INFO]     |                                    Collection Run Time: 0:00:00                                    |
[2022-11-16 18:55:39,661] [plex_meta_manager.py:737]  [INFO]     |====================================================================================================|
