[2022-11-17 00:33:47,542] [builder.py:193]            [INFO]     |====================================================================================================|
[2022-11-17 00:33:47,543] [builder.py:193]            [INFO]     |                             Kevin Costner Collection in Marvel Movies                              |
[2022-11-17 00:33:47,543] [builder.py:193]            [INFO]     |====================================================================================================|
[2022-11-17 00:33:47,543] [builder.py:194]            [INFO]     |                                                                                                    |
[2022-11-17 00:33:47,543] [builder.py:199]            [INFO]     |================================ Building Definition From Templates ================================|
[2022-11-17 00:33:47,543] [builder.py:215]            [DEBUG]    |                                                                                                    |
[2022-11-17 00:33:47,543] [meta.py:210]               [DEBUG]    |========================================= Template people ==========================================|
[2022-11-17 00:33:47,543] [meta.py:451]               [DEBUG]    |                                                                                                    |
[2022-11-17 00:33:47,544] [meta.py:512]               [DEBUG]    |                                                                                                    |
[2022-11-17 00:33:47,545] [meta.py:513]               [DEBUG]    |==================================== Final Template Attributes =====================================|
[2022-11-17 00:33:47,545] [meta.py:514]               [DEBUG]    |                                                                                                    |
[2022-11-17 00:33:47,545] [meta.py:515]               [DEBUG]    | {'actor': 'tmdb', 'tmdb_person': 1269, 'sort_title': '++_Kevin Costner', 'collection_order': 'release'} |
[2022-11-17 00:33:47,545] [meta.py:516]               [DEBUG]    |                                                                                                    |
[2022-11-17 00:33:47,545] [builder.py:223]            [INFO]     |=============================== Validating Kevin Costner Attributes ================================|
[2022-11-17 00:33:47,545] [builder.py:528]            [DEBUG]    |                                                                                                    |
[2022-11-17 00:33:47,545] [builder.py:529]            [DEBUG]    | Validating Method: tmdb_person                                                                     |
[2022-11-17 00:33:47,545] [builder.py:533]            [DEBUG]    | Value: 1269                                                                                        |
[2022-11-17 00:33:47,553] [builder.py:613]            [DEBUG]    |                                                                                                    |
[2022-11-17 00:33:47,553] [builder.py:614]            [DEBUG]    | Validating Method: collection_order                                                                |
[2022-11-17 00:33:47,553] [builder.py:615]            [DEBUG]    | Value: release                                                                                     |
[2022-11-17 00:33:47,553] [builder.py:646]            [DEBUG]    |                                                                                                    |
[2022-11-17 00:33:47,553] [builder.py:650]            [DEBUG]    | Validating Method: actor                                                                           |
[2022-11-17 00:33:47,553] [builder.py:651]            [DEBUG]    | Value: tmdb                                                                                        |
[2022-11-17 00:33:47,896] [builder.py:646]            [DEBUG]    |                                                                                                    |
[2022-11-17 00:33:47,896] [builder.py:650]            [DEBUG]    | Validating Method: sort_title                                                                      |
[2022-11-17 00:33:47,896] [builder.py:651]            [DEBUG]    | Value: ++_Kevin Costner                                                                            |
[2022-11-17 00:33:47,901] [builder.py:795]            [INFO]     |                                                                                                    |
[2022-11-17 00:33:47,901] [builder.py:796]            [ERROR]    | Collection Error: Converting Kevin Costner to a normal collection                                  |
[2022-11-17 00:33:47,907] [builder.py:814]            [INFO]     |                                                                                                    |
[2022-11-17 00:33:47,907] [builder.py:815]            [INFO]     | Validation Successful                                                                              |
[2022-11-17 00:33:47,907] [plex_meta_manager.py:594]  [INFO]     |                                                                                                    |
[2022-11-17 00:33:47,907] [plex_meta_manager.py:596]  [INFO]     |================================= Running Kevin Costner Collection =================================|
[2022-11-17 00:33:47,908] [plex_meta_manager.py:608]  [INFO]     |                                                                                                    |
[2022-11-17 00:33:47,908] [plex_meta_manager.py:609]  [INFO]     | Sync Mode: append                                                                                  |
[2022-11-17 00:33:47,908] [plex_meta_manager.py:612]  [DEBUG]    |                                                                                                    |
[2022-11-17 00:33:47,908] [plex_meta_manager.py:613]  [DEBUG]    | Builder: plex_search: (1, "Plex Movie Search\nSort By: ['title.asc']\nFilter:\n  Match any of the following:\n    Actor is Kevin Costner", '?type=1&sort=titleSort&push=1&actor=46309&pop=1') |
[2022-11-17 00:33:47,908] [plex_meta_manager.py:614]  [INFO]     |                                                                                                    |
[2022-11-17 00:33:47,908] [plex.py:924]               [INFO]     | Processing Plex Movie Search                                                                       |
                                                                 | Sort By: ['title.asc']
                                                                 | Filter:
                                                                 |   Match any of the following:
                                                                 |     Actor is Kevin Costner
[2022-11-17 00:33:47,917] [builder.py:1574]           [DEBUG]    | 
[2022-11-17 00:33:47,917] [builder.py:1575]           [DEBUG]    | 2 IDs Found
[2022-11-17 00:33:47,917] [builder.py:1577]           [DEBUG]    | 
[2022-11-17 00:33:47,917] [builder.py:2158]           [INFO]     | 
[2022-11-17 00:33:47,917] [builder.py:2159]           [INFO]     |================================ Adding to Kevin Costner Collection ================================|
[2022-11-17 00:33:47,917] [builder.py:2160]           [INFO]     |                                                                                                    |
[2022-11-17 00:33:47,918] [builder.py:2174]           [INFO]     | 1/2 | Kevin Costner Collection | + | Batman v Superman: Dawn of Justice (2016)                     |
[2022-11-17 00:33:47,984] [builder.py:2174]           [INFO]     | 2/2 | Kevin Costner Collection | + | Man of Steel (2013)                                           |
[2022-11-17 00:33:50,219] [builder.py:2194]           [INFO]     |                                                                                                    |
[2022-11-17 00:33:50,220] [builder.py:2196]           [INFO]     | 2 Movies Processed 2 Movies Added                                                                  |
[2022-11-17 00:33:50,224] [builder.py:2527]           [INFO]     |                                                                                                    |
[2022-11-17 00:33:50,224] [builder.py:2528]           [INFO]     |=========================== Updating Details of Kevin Costner Collection ===========================|
[2022-11-17 00:33:50,224] [builder.py:2529]           [INFO]     |                                                                                                    |
[2022-11-17 00:33:50,232] [builder.py:2595]           [INFO]     | Collection Metadata Edits                                                                          |
                                                                 | Summary (tmdb_person) | Kevin Michael Costner (born January 18, 1955) is an American actor and filmmaker. He has received two Academy Awards, two Golden Globe Awards, a Primetime Emmy Award, and two Screen Actors Guild Awards.
                                                                 | 
                                                                 | Costner starred in Fandango, American Flyers, Silverado and many other films. He rose to prominence with his starring roles in The Untouchables and No Way Out (1987). He then starred in Bull Durham (1988), Field of Dreams (1989), Dances with Wolves (1990), for which he won two Academy Awards, JFK (1991), Robin Hood: Prince of Thieves (1991), The Bodyguard (1992), A Perfect World (1993), and Wyatt Earp (1994). In 1995, Costner starred in and co-produced Waterworld. His second directorial feature, The Postman, was released in 1997.
                                                                 | 
                                                                 | He later starred in Message in a Bottle (1999), For Love of the Game (1999), Thirteen Days (2000), 3000 Miles to Graceland (2001), Dragonfly (2002), Rumor Has It (2005), The Guardian (2006), Mr. Brooks (2007), 3 Days to Kill (2014), McFarland, USA (2015), Draft Day (2014), and Criminal (2016). He has also played supporting parts in such films as The Upside of Anger (2005), Man of Steel (2013), Hidden Figures (2016), Molly's Game (2017), and Let Him Go (2020).
                                                                 | 
                                                                 | On television, Costner portrayed Devil Anse Hatfield in the miniseries Hatfields & McCoys (2012), winning the Primetime Emmy Award for Outstanding Lead Actor in a Limited Series or Movie. Since 2018, he has starred as John Dutton on the drama series Yellowstone for which he received a Screen Actors Guild Award nomination.
                                                                 | Sort Title | ++_Kevin Costner
                                                                 | Label | +PMM
[2022-11-17 00:33:51,804] [builder.py:2599]           [INFO]     | Details: have been updated
[2022-11-17 00:33:51,804] [builder.py:2603]           [INFO]     | 
[2022-11-17 00:33:51,805] [util.py:174]               [DEBUG]    | 1 poster found:
[2022-11-17 00:33:51,805] [util.py:176]               [DEBUG]    | Method: tmdb_person Poster: https://image.tmdb.org/t/p/original/bykmxJHLfbFM3NT05RZXhx8YTzF.jpg
[2022-11-17 00:33:51,875] [library.py:178]            [INFO]     | Detail: tmdb_person updated poster to [URL] https://image.tmdb.org/t/p/original/bykmxJHLfbFM3NT05RZXhx8YTzF.jpg
[2022-11-17 00:33:51,938] [plex_meta_manager.py:736]  [INFO]     | 
[2022-11-17 00:33:51,938] [plex_meta_manager.py:737]  [INFO]     |====================================================================================================|
[2022-11-17 00:33:51,938] [plex_meta_manager.py:737]  [INFO]     |                                 Finished Kevin Costner Collection                                  |
[2022-11-17 00:33:51,938] [plex_meta_manager.py:737]  [INFO]     |                                    Collection Run Time: 0:00:04                                    |
[2022-11-17 00:33:51,938] [plex_meta_manager.py:737]  [INFO]     |====================================================================================================|
