[2022-11-16 22:37:07,682] [builder.py:193]            [INFO]     |====================================================================================================|
[2022-11-16 22:37:07,683] [builder.py:193]            [INFO]     |                           Terry Rossio (Writer) Collection in Old Movies                           |
[2022-11-16 22:37:07,683] [builder.py:193]            [INFO]     |====================================================================================================|
[2022-11-16 22:37:07,683] [builder.py:194]            [INFO]     |                                                                                                    |
[2022-11-16 22:37:07,683] [builder.py:199]            [INFO]     |================================ Building Definition From Templates ================================|
[2022-11-16 22:37:07,683] [builder.py:215]            [DEBUG]    |                                                                                                    |
[2022-11-16 22:37:07,683] [meta.py:210]               [DEBUG]    |====================================== Template smart_filter =======================================|
[2022-11-16 22:37:07,684] [meta.py:451]               [DEBUG]    |                                                                                                    |
[2022-11-16 22:37:07,692] [meta.py:210]               [DEBUG]    |======================================= Template translation =======================================|
[2022-11-16 22:37:07,693] [meta.py:451]               [DEBUG]    |                                                                                                    |
[2022-11-16 22:37:07,695] [meta.py:210]               [DEBUG]    |========================================= Template shared ==========================================|
[2022-11-16 22:37:07,696] [meta.py:451]               [DEBUG]    |                                                                                                    |
[2022-11-16 22:37:07,707] [meta.py:512]               [DEBUG]    |                                                                                                    |
[2022-11-16 22:37:07,707] [meta.py:513]               [DEBUG]    |==================================== Final Template Attributes =====================================|
[2022-11-16 22:37:07,707] [meta.py:514]               [DEBUG]    |                                                                                                    |
[2022-11-16 22:37:07,707] [meta.py:515]               [DEBUG]    | {'tmdb_person': ['Terry Rossio'], 'smart_filter': {'sort_by': 'title.asc', 'any': {'writer': 'tmdb'}}, 'summary': 'Movies written by Terry Rossio.', 'name': 'Terry Rossio (Writer)', 'ignore_blank_results': True, 'collection_mode': 'hide', 'sort_title': '!20_Terry Rossio (Writer)', 'url_poster': 'https://raw.githubusercontent.com/meisnate12/Plex-Meta-Manager-Images/master/people/rainier/Terry%20Rossio.jpg'} |
[2022-11-16 22:37:07,707] [meta.py:516]               [DEBUG]    |                                                                                                    |
[2022-11-16 22:37:07,707] [builder.py:223]            [INFO]     |=========================== Validating Terry Rossio (Writer) Attributes ============================|
[2022-11-16 22:37:07,707] [builder.py:226]            [DEBUG]    |                                                                                                    |
[2022-11-16 22:37:07,707] [builder.py:227]            [DEBUG]    | Validating Method: name                                                                            |
[2022-11-16 22:37:07,707] [builder.py:230]            [DEBUG]    | Value: Terry Rossio (Writer)                                                                       |
[2022-11-16 22:37:07,708] [builder.py:502]            [DEBUG]    |                                                                                                    |
[2022-11-16 22:37:07,708] [builder.py:503]            [DEBUG]    | Validating Method: ignore_blank_results                                                            |
[2022-11-16 22:37:07,708] [builder.py:504]            [DEBUG]    | Value: True                                                                                        |
[2022-11-16 22:37:07,708] [builder.py:528]            [DEBUG]    |                                                                                                    |
[2022-11-16 22:37:07,708] [builder.py:529]            [DEBUG]    | Validating Method: tmdb_person                                                                     |
[2022-11-16 22:37:07,708] [builder.py:533]            [DEBUG]    | Value: ['Terry Rossio']                                                                            |
[2022-11-16 22:37:07,786] [builder.py:1784]           [INFO]     |                                                                                                    |
[2022-11-16 22:37:07,786] [builder.py:1785]           [INFO]     | Validating Method: smart_filter                                                                    |
[2022-11-16 22:37:07,786] [builder.py:1791]           [DEBUG]    | Value: {'sort_by': 'title.asc', 'any': {'writer': 'tmdb'}}                                         |
[2022-11-16 22:37:07,863] [builder.py:1978]           [DEBUG]    | Smart URL: ?type=1&sort=titleSort&push=1&writer=34461&pop=1                                        |
[2022-11-16 22:37:07,863] [builder.py:646]            [DEBUG]    |                                                                                                    |
[2022-11-16 22:37:07,863] [builder.py:650]            [DEBUG]    | Validating Method: label                                                                           |
[2022-11-16 22:37:07,863] [builder.py:651]            [DEBUG]    | Value: Top Writers                                                                                 |
[2022-11-16 22:37:07,863] [builder.py:646]            [DEBUG]    |                                                                                                    |
[2022-11-16 22:37:07,863] [builder.py:650]            [DEBUG]    | Validating Method: summary                                                                         |
[2022-11-16 22:37:07,863] [builder.py:651]            [DEBUG]    | Value: Movies written by Terry Rossio.                                                             |
[2022-11-16 22:37:07,863] [builder.py:646]            [DEBUG]    |                                                                                                    |
[2022-11-16 22:37:07,863] [builder.py:650]            [DEBUG]    | Validating Method: collection_mode                                                                 |
[2022-11-16 22:37:07,864] [builder.py:651]            [DEBUG]    | Value: hide                                                                                        |
[2022-11-16 22:37:07,864] [builder.py:646]            [DEBUG]    |                                                                                                    |
[2022-11-16 22:37:07,864] [builder.py:650]            [DEBUG]    | Validating Method: sort_title                                                                      |
[2022-11-16 22:37:07,864] [builder.py:651]            [DEBUG]    | Value: !20_Terry Rossio (Writer)                                                                   |
[2022-11-16 22:37:07,864] [builder.py:646]            [DEBUG]    |                                                                                                    |
[2022-11-16 22:37:07,864] [builder.py:650]            [DEBUG]    | Validating Method: url_poster                                                                      |
[2022-11-16 22:37:07,864] [builder.py:651]            [DEBUG]    | Value: https://raw.githubusercontent.com/meisnate12/Plex-Meta-Manager-Images/master/people/rainier/Terry%20Rossio.jpg |
[2022-11-16 22:37:08,227] [plex.py:835]               [DEBUG]    |                                                                                                    |
[2022-11-16 22:37:08,227] [plex.py:838]               [DEBUG]    | Looking for: Terry Rossio (Writer)                                                                 |
[2022-11-16 22:37:08,227] [builder.py:814]            [INFO]     |                                                                                                    |
[2022-11-16 22:37:08,227] [builder.py:815]            [INFO]     | Validation Successful                                                                              |
[2022-11-16 22:37:08,228] [plex_meta_manager.py:594]  [INFO]     |                                                                                                    |
[2022-11-16 22:37:08,228] [plex_meta_manager.py:596]  [INFO]     |============================= Running Terry Rossio (Writer) Collection =============================|
[2022-11-16 22:37:08,228] [plex_meta_manager.py:602]  [INFO]     |                                                                                                    |
[2022-11-16 22:37:08,228] [plex_meta_manager.py:603]  [INFO]     | Smart Movie Filter                                                                                 |
                                                                 | Sort By: ['title.asc']
                                                                 | Filter:
                                                                 |   Match any of the following:
                                                                 |     Writer is Terry Rossio
[2022-11-16 22:37:08,254] [builder.py:2509]           [DEBUG]    | Smart Collection Created: ?type=1&sort=titleSort&push=1&writer=34461&pop=1
[2022-11-16 22:37:08,260] [builder.py:2527]           [INFO]     | 
[2022-11-16 22:37:08,260] [builder.py:2528]           [INFO]     |======================= Updating Details of Terry Rossio (Writer) Collection =======================|
[2022-11-16 22:37:08,260] [builder.py:2529]           [INFO]     |                                                                                                    |
[2022-11-16 22:37:08,268] [builder.py:2595]           [INFO]     | Collection Metadata Edits                                                                          |
                                                                 | Summary (summary) | Movies written by Terry Rossio.
                                                                 | Sort Title | !20_Terry Rossio (Writer)
                                                                 | Label | +Top Writers, +PMM
[2022-11-16 22:37:09,849] [builder.py:2599]           [INFO]     | Details: have been updated
[2022-11-16 22:37:09,849] [builder.py:2603]           [INFO]     | 
[2022-11-16 22:37:11,362] [builder.py:2615]           [INFO]     | Collection Mode | hide
[2022-11-16 22:37:11,378] [plex.py:1203]              [WARNING]  | Asset Warning: Asset Directory Not Found and Created: config/Old_Movies/Assets/Terry Rossio (Writer)
[2022-11-16 22:37:11,378] [util.py:174]               [DEBUG]    | 2 posters found:
[2022-11-16 22:37:11,378] [util.py:176]               [DEBUG]    | Method: tmdb_person Poster: https://image.tmdb.org/t/p/original/fFB0vhLH1dU6pSMWojEY5Stbv21.jpg
[2022-11-16 22:37:11,378] [util.py:176]               [DEBUG]    | Method: url_poster Poster: https://raw.githubusercontent.com/meisnate12/Plex-Meta-Manager-Images/master/people/rainier/Terry%20Rossio.jpg
[2022-11-16 22:37:11,682] [library.py:178]            [INFO]     | Detail: asset_directory updated Terry Rossio (Writer)'s poster to [File] config/Old_Movies/Assets/Terry Rossio (Writer)/poster.jpg
[2022-11-16 22:37:11,767] [plex_meta_manager.py:736]  [INFO]     | 
[2022-11-16 22:37:11,767] [plex_meta_manager.py:737]  [INFO]     |====================================================================================================|
[2022-11-16 22:37:11,767] [plex_meta_manager.py:737]  [INFO]     |                             Finished Terry Rossio (Writer) Collection                              |
[2022-11-16 22:37:11,768] [plex_meta_manager.py:737]  [INFO]     |                                    Collection Run Time: 0:00:04                                    |
[2022-11-16 22:37:11,768] [plex_meta_manager.py:737]  [INFO]     |====================================================================================================|
