[2022-11-16 18:51:35,330] [builder.py:193]            [INFO]     |====================================================================================================|
[2022-11-16 18:51:35,331] [builder.py:193]            [INFO]     |                     Critics Choice Awards 2018 Collection in Halloween Movies                      |
[2022-11-16 18:51:35,331] [builder.py:193]            [INFO]     |====================================================================================================|
[2022-11-16 18:51:35,331] [builder.py:194]            [INFO]     |                                                                                                    |
[2022-11-16 18:51:35,331] [builder.py:199]            [INFO]     |================================ Building Definition From Templates ================================|
[2022-11-16 18:51:35,331] [builder.py:215]            [DEBUG]    |                                                                                                    |
[2022-11-16 18:51:35,331] [meta.py:210]               [DEBUG]    |================================== Template use_year_collections ===================================|
[2022-11-16 18:51:35,332] [meta.py:451]               [DEBUG]    |                                                                                                    |
[2022-11-16 18:51:35,336] [meta.py:210]               [DEBUG]    |========================================== Template trakt ==========================================|
[2022-11-16 18:51:35,336] [meta.py:451]               [DEBUG]    |                                                                                                    |
[2022-11-16 18:51:35,339] [meta.py:210]               [DEBUG]    |======================================= Template translation =======================================|
[2022-11-16 18:51:35,339] [meta.py:451]               [DEBUG]    |                                                                                                    |
[2022-11-16 18:51:35,343] [meta.py:210]               [DEBUG]    |========================================= Template shared ==========================================|
[2022-11-16 18:51:35,345] [meta.py:451]               [DEBUG]    |                                                                                                    |
[2022-11-16 18:51:35,349] [meta.py:506]               [INFO]     |                                                                                                    |
[2022-11-16 18:51:35,349] [meta.py:507]               [WARNING]  | Template Warning: template attribute: trakt_list from shared skipped                               |
[2022-11-16 18:51:35,364] [meta.py:210]               [DEBUG]    |=========================================== Template arr ===========================================|
[2022-11-16 18:51:35,365] [meta.py:451]               [DEBUG]    |                                                                                                    |
[2022-11-16 18:51:35,377] [meta.py:210]               [DEBUG]    |========================================= Template custom ==========================================|
[2022-11-16 18:51:35,378] [meta.py:451]               [DEBUG]    |                                                                                                    |
[2022-11-16 18:51:35,383] [meta.py:512]               [DEBUG]    |                                                                                                    |
[2022-11-16 18:51:35,384] [meta.py:513]               [DEBUG]    |==================================== Final Template Attributes =====================================|
[2022-11-16 18:51:35,384] [meta.py:514]               [DEBUG]    |                                                                                                    |
[2022-11-16 18:51:35,384] [meta.py:515]               [DEBUG]    | {'trakt_list': 'https://trakt.tv/users/pjcob/lists/2018-critics-choice', 'summary': '2018 Critics Choice Awards.', 'name': 'Critics Choice Awards 2018', 'ignore_blank_results': True, 'collection_mode': 'hide', 'sort_title': '!16_Critics Choice Awards 2018', 'url_poster': 'https://raw.githubusercontent.com/meisnate12/Plex-Meta-Manager-Images/master/award/choice/2018.jpg', 'collection_order': 'custom', 'sync_mode': 'sync', 'cache_builders': 1} |
[2022-11-16 18:51:35,385] [meta.py:516]               [DEBUG]    |                                                                                                    |
[2022-11-16 18:51:35,385] [builder.py:223]            [INFO]     |========================= Validating Critics Choice Awards 2018 Attributes =========================|
[2022-11-16 18:51:35,385] [builder.py:226]            [DEBUG]    |                                                                                                    |
[2022-11-16 18:51:35,386] [builder.py:227]            [DEBUG]    | Validating Method: name                                                                            |
[2022-11-16 18:51:35,386] [builder.py:230]            [DEBUG]    | Value: Critics Choice Awards 2018                                                                  |
[2022-11-16 18:51:35,386] [builder.py:502]            [DEBUG]    |                                                                                                    |
[2022-11-16 18:51:35,386] [builder.py:503]            [DEBUG]    | Validating Method: ignore_blank_results                                                            |
[2022-11-16 18:51:35,387] [builder.py:504]            [DEBUG]    | Value: True                                                                                        |
[2022-11-16 18:51:35,387] [builder.py:516]            [DEBUG]    |                                                                                                    |
[2022-11-16 18:51:35,388] [builder.py:517]            [DEBUG]    | Validating Method: sync_mode                                                                       |
[2022-11-16 18:51:35,388] [builder.py:521]            [DEBUG]    | Value: sync                                                                                        |
[2022-11-16 18:51:35,388] [builder.py:613]            [DEBUG]    |                                                                                                    |
[2022-11-16 18:51:35,389] [builder.py:614]            [DEBUG]    | Validating Method: collection_order                                                                |
[2022-11-16 18:51:35,389] [builder.py:615]            [DEBUG]    | Value: custom                                                                                      |
[2022-11-16 18:51:35,389] [builder.py:646]            [DEBUG]    |                                                                                                    |
[2022-11-16 18:51:35,389] [builder.py:650]            [DEBUG]    | Validating Method: label                                                                           |
[2022-11-16 18:51:35,389] [builder.py:651]            [DEBUG]    | Value: Critics Choice Awards                                                                       |
[2022-11-16 18:51:35,390] [builder.py:646]            [DEBUG]    |                                                                                                    |
[2022-11-16 18:51:35,390] [builder.py:650]            [DEBUG]    | Validating Method: trakt_list                                                                      |
[2022-11-16 18:51:35,390] [builder.py:651]            [DEBUG]    | Value: https://trakt.tv/users/pjcob/lists/2018-critics-choice                                      |
[2022-11-16 18:51:35,425] [builder.py:646]            [DEBUG]    |                                                                                                    |
[2022-11-16 18:51:35,425] [builder.py:650]            [DEBUG]    | Validating Method: summary                                                                         |
[2022-11-16 18:51:35,426] [builder.py:651]            [DEBUG]    | Value: 2018 Critics Choice Awards.                                                                 |
[2022-11-16 18:51:35,426] [builder.py:646]            [DEBUG]    |                                                                                                    |
[2022-11-16 18:51:35,426] [builder.py:650]            [DEBUG]    | Validating Method: collection_mode                                                                 |
[2022-11-16 18:51:35,426] [builder.py:651]            [DEBUG]    | Value: hide                                                                                        |
[2022-11-16 18:51:35,427] [builder.py:646]            [DEBUG]    |                                                                                                    |
[2022-11-16 18:51:35,427] [builder.py:650]            [DEBUG]    | Validating Method: sort_title                                                                      |
[2022-11-16 18:51:35,427] [builder.py:651]            [DEBUG]    | Value: !16_Critics Choice Awards 2018                                                              |
[2022-11-16 18:51:35,427] [builder.py:646]            [DEBUG]    |                                                                                                    |
[2022-11-16 18:51:35,428] [builder.py:650]            [DEBUG]    | Validating Method: url_poster                                                                      |
[2022-11-16 18:51:35,428] [builder.py:651]            [DEBUG]    | Value: https://raw.githubusercontent.com/meisnate12/Plex-Meta-Manager-Images/master/award/choice/2018.jpg |
[2022-11-16 18:51:35,546] [builder.py:646]            [DEBUG]    |                                                                                                    |
[2022-11-16 18:51:35,546] [builder.py:650]            [DEBUG]    | Validating Method: cache_builders                                                                  |
[2022-11-16 18:51:35,546] [builder.py:651]            [DEBUG]    | Value: 1                                                                                           |
[2022-11-16 18:51:35,552] [plex.py:835]               [DEBUG]    |                                                                                                    |
[2022-11-16 18:51:35,553] [plex.py:838]               [DEBUG]    | Looking for: Critics Choice Awards 2018                                                            |
[2022-11-16 18:51:35,553] [builder.py:814]            [INFO]     |                                                                                                    |
[2022-11-16 18:51:35,554] [builder.py:815]            [INFO]     | Validation Successful                                                                              |
[2022-11-16 18:51:35,555] [plex_meta_manager.py:594]  [INFO]     |                                                                                                    |
[2022-11-16 18:51:35,556] [plex_meta_manager.py:596]  [INFO]     |========================== Running Critics Choice Awards 2018 Collection ===========================|
[2022-11-16 18:51:35,556] [plex_meta_manager.py:608]  [INFO]     |                                                                                                    |
[2022-11-16 18:51:35,557] [plex_meta_manager.py:609]  [INFO]     | Sync Mode: sync                                                                                    |
[2022-11-16 18:51:35,558] [plex_meta_manager.py:612]  [DEBUG]    |                                                                                                    |
[2022-11-16 18:51:35,558] [plex_meta_manager.py:613]  [DEBUG]    | Builder: trakt_list: https://trakt.tv/users/pjcob/lists/2018-critics-choice                        |
[2022-11-16 18:51:35,559] [plex_meta_manager.py:614]  [INFO]     |                                                                                                    |
[2022-11-16 18:51:35,561] [builder.py:1523]           [INFO]     | Builder: trakt_list loaded from Cache                                                              |
[2022-11-16 18:51:35,564] [builder.py:1574]           [DEBUG]    |                                                                                                    |
[2022-11-16 18:51:35,564] [builder.py:1575]           [DEBUG]    | 12 IDs Found                                                                                       |
[2022-11-16 18:51:35,564] [builder.py:1577]           [DEBUG]    |                                                                                                    |
[2022-11-16 18:51:35,564] [builder.py:2306]           [INFO]     |                                                                                                    |
[2022-11-16 18:51:35,565] [builder.py:2307]           [INFO]     |========================== Missing Movies from Library: Halloween Movies ===========================|
[2022-11-16 18:51:35,565] [builder.py:2308]           [INFO]     |                                                                                                    |
[2022-11-16 18:51:35,720] [builder.py:2321]           [INFO]     | Critics Choice Awards 2018 Collection | ? | Stronger (2017) (TMDb: 395993)                         |
[2022-11-16 18:51:35,735] [builder.py:2321]           [INFO]     | Critics Choice Awards 2018 Collection | ? | Girls Trip (2017) (TMDb: 417870)                       |
[2022-11-16 18:51:35,748] [builder.py:2321]           [INFO]     | Critics Choice Awards 2018 Collection | ? | Thelma (2017) (TMDb: 401898)                           |
[2022-11-16 18:51:35,765] [builder.py:2321]           [INFO]     | Critics Choice Awards 2018 Collection | ? | The Meyerowitz Stories (New and Selected) (2017) (TMDb: 396398) |
[2022-11-16 18:51:35,779] [builder.py:2321]           [INFO]     | Critics Choice Awards 2018 Collection | ? | Wonder Woman (2017) (TMDb: 297762)                     |
[2022-11-16 18:51:35,794] [builder.py:2321]           [INFO]     | Critics Choice Awards 2018 Collection | ? | Murder on the Orient Express (2017) (TMDb: 392044)     |
[2022-11-16 18:51:35,810] [builder.py:2321]           [INFO]     | Critics Choice Awards 2018 Collection | ? | Thor: Ragnarok (2017) (TMDb: 284053)                   |
[2022-11-16 18:51:35,821] [builder.py:2321]           [INFO]     | Critics Choice Awards 2018 Collection | ? | Despicable Me 3 (2017) (TMDb: 324852)                  |
[2022-11-16 18:51:35,833] [builder.py:2321]           [INFO]     | Critics Choice Awards 2018 Collection | ? | The Lego Batman Movie (2017) (TMDb: 324849)            |
[2022-11-16 18:51:35,846] [builder.py:2321]           [INFO]     | Critics Choice Awards 2018 Collection | ? | Gifted (2017) (TMDb: 400928)                           |
[2022-11-16 18:51:35,857] [builder.py:2321]           [INFO]     | Critics Choice Awards 2018 Collection | ? | Wonderstruck (2017) (TMDb: 383709)                     |
[2022-11-16 18:51:35,858] [builder.py:2326]           [INFO]     |                                                                                                    |
[2022-11-16 18:51:35,858] [builder.py:2327]           [INFO]     | 11 Movies Missing                                                                                  |
[2022-11-16 18:51:39,578] [plex_meta_manager.py:652]  [INFO]     |                                                                                                    |
[2022-11-16 18:51:39,579] [plex_meta_manager.py:653]  [INFO]     | Collection Minimum: 2 not met for Critics Choice Awards 2018 Collection                            |
[2022-11-16 18:51:39,579] [plex_meta_manager.py:736]  [INFO]     |                                                                                                    |
[2022-11-16 18:51:39,579] [plex_meta_manager.py:737]  [INFO]     |====================================================================================================|
[2022-11-16 18:51:39,579] [plex_meta_manager.py:737]  [INFO]     |                           Finished Critics Choice Awards 2018 Collection                           |
[2022-11-16 18:51:39,580] [plex_meta_manager.py:737]  [INFO]     |                                    Collection Run Time: 0:00:04                                    |
[2022-11-16 18:51:39,580] [plex_meta_manager.py:737]  [INFO]     |====================================================================================================|
