[2022-11-16 22:22:32,099] [builder.py:193]            [INFO]     |====================================================================================================|
[2022-11-16 22:22:32,099] [builder.py:193]            [INFO]     |                             Golden Globe 2021 Collection in Old Movies                             |
[2022-11-16 22:22:32,099] [builder.py:193]            [INFO]     |====================================================================================================|
[2022-11-16 22:22:32,099] [builder.py:194]            [INFO]     |                                                                                                    |
[2022-11-16 22:22:32,099] [builder.py:199]            [INFO]     |================================ Building Definition From Templates ================================|
[2022-11-16 22:22:32,099] [builder.py:215]            [DEBUG]    |                                                                                                    |
[2022-11-16 22:22:32,100] [meta.py:210]               [DEBUG]    |================================== Template use_year_collections ===================================|
[2022-11-16 22:22:32,100] [meta.py:451]               [DEBUG]    |                                                                                                    |
[2022-11-16 22:22:32,101] [meta.py:210]               [DEBUG]    |========================================== Template imdb ===========================================|
[2022-11-16 22:22:32,101] [meta.py:451]               [DEBUG]    |                                                                                                    |
[2022-11-16 22:22:32,103] [meta.py:210]               [DEBUG]    |======================================= Template translation =======================================|
[2022-11-16 22:22:32,103] [meta.py:451]               [DEBUG]    |                                                                                                    |
[2022-11-16 22:22:32,106] [meta.py:210]               [DEBUG]    |========================================= Template shared ==========================================|
[2022-11-16 22:22:32,107] [meta.py:451]               [DEBUG]    |                                                                                                    |
[2022-11-16 22:22:32,117] [meta.py:210]               [DEBUG]    |=========================================== Template arr ===========================================|
[2022-11-16 22:22:32,118] [meta.py:451]               [DEBUG]    |                                                                                                    |
[2022-11-16 22:22:32,123] [meta.py:210]               [DEBUG]    |========================================= Template custom ==========================================|
[2022-11-16 22:22:32,123] [meta.py:451]               [DEBUG]    |                                                                                                    |
[2022-11-16 22:22:32,127] [meta.py:512]               [DEBUG]    |                                                                                                    |
[2022-11-16 22:22:32,127] [meta.py:513]               [DEBUG]    |==================================== Final Template Attributes =====================================|
[2022-11-16 22:22:32,127] [meta.py:514]               [DEBUG]    |                                                                                                    |
[2022-11-16 22:22:32,127] [meta.py:515]               [DEBUG]    | {'imdb_list': 'https://www.imdb.com/search/title/?release_date=2021-01-01,2021-12-31&groups=golden_globe_winner&sort=moviemeter,asc', 'summary': '2021 Golden Globe Winners.', 'name': 'Golden Globe 2021', 'ignore_blank_results': True, 'collection_mode': 'hide', 'sort_title': '!16_Golden Globe 2021', 'url_poster': 'https://raw.githubusercontent.com/meisnate12/Plex-Meta-Manager-Images/master/award/golden/winner/2021.jpg', 'collection_order': 'custom', 'sync_mode': 'sync', 'cache_builders': 1} |
[2022-11-16 22:22:32,127] [meta.py:516]               [DEBUG]    |                                                                                                    |
[2022-11-16 22:22:32,127] [builder.py:223]            [INFO]     |============================= Validating Golden Globe 2021 Attributes ==============================|
[2022-11-16 22:22:32,127] [builder.py:226]            [DEBUG]    |                                                                                                    |
[2022-11-16 22:22:32,128] [builder.py:227]            [DEBUG]    | Validating Method: name                                                                            |
[2022-11-16 22:22:32,128] [builder.py:230]            [DEBUG]    | Value: Golden Globe 2021                                                                           |
[2022-11-16 22:22:32,128] [builder.py:502]            [DEBUG]    |                                                                                                    |
[2022-11-16 22:22:32,128] [builder.py:503]            [DEBUG]    | Validating Method: ignore_blank_results                                                            |
[2022-11-16 22:22:32,128] [builder.py:504]            [DEBUG]    | Value: True                                                                                        |
[2022-11-16 22:22:32,128] [builder.py:516]            [DEBUG]    |                                                                                                    |
[2022-11-16 22:22:32,128] [builder.py:517]            [DEBUG]    | Validating Method: sync_mode                                                                       |
[2022-11-16 22:22:32,128] [builder.py:521]            [DEBUG]    | Value: sync                                                                                        |
[2022-11-16 22:22:32,128] [builder.py:613]            [DEBUG]    |                                                                                                    |
[2022-11-16 22:22:32,129] [builder.py:614]            [DEBUG]    | Validating Method: collection_order                                                                |
[2022-11-16 22:22:32,129] [builder.py:615]            [DEBUG]    | Value: custom                                                                                      |
[2022-11-16 22:22:32,129] [builder.py:646]            [DEBUG]    |                                                                                                    |
[2022-11-16 22:22:32,129] [builder.py:650]            [DEBUG]    | Validating Method: label                                                                           |
[2022-11-16 22:22:32,129] [builder.py:651]            [DEBUG]    | Value: Golden Globes Awards                                                                        |
[2022-11-16 22:22:32,129] [builder.py:646]            [DEBUG]    |                                                                                                    |
[2022-11-16 22:22:32,129] [builder.py:650]            [DEBUG]    | Validating Method: imdb_list                                                                       |
[2022-11-16 22:22:32,129] [builder.py:651]            [DEBUG]    | Value: https://www.imdb.com/search/title/?release_date=2021-01-01,2021-12-31&groups=golden_globe_winner&sort=moviemeter,asc |
[2022-11-16 22:22:32,313] [builder.py:646]            [DEBUG]    |                                                                                                    |
[2022-11-16 22:22:32,315] [builder.py:650]            [DEBUG]    | Validating Method: summary                                                                         |
[2022-11-16 22:22:32,315] [builder.py:651]            [DEBUG]    | Value: 2021 Golden Globe Winners.                                                                  |
[2022-11-16 22:22:32,315] [builder.py:646]            [DEBUG]    |                                                                                                    |
[2022-11-16 22:22:32,315] [builder.py:650]            [DEBUG]    | Validating Method: collection_mode                                                                 |
[2022-11-16 22:22:32,315] [builder.py:651]            [DEBUG]    | Value: hide                                                                                        |
[2022-11-16 22:22:32,315] [builder.py:646]            [DEBUG]    |                                                                                                    |
[2022-11-16 22:22:32,315] [builder.py:650]            [DEBUG]    | Validating Method: sort_title                                                                      |
[2022-11-16 22:22:32,315] [builder.py:651]            [DEBUG]    | Value: !16_Golden Globe 2021                                                                       |
[2022-11-16 22:22:32,316] [builder.py:646]            [DEBUG]    |                                                                                                    |
[2022-11-16 22:22:32,316] [builder.py:650]            [DEBUG]    | Validating Method: url_poster                                                                      |
[2022-11-16 22:22:32,316] [builder.py:651]            [DEBUG]    | Value: https://raw.githubusercontent.com/meisnate12/Plex-Meta-Manager-Images/master/award/golden/winner/2021.jpg |
[2022-11-16 22:22:32,370] [builder.py:646]            [DEBUG]    |                                                                                                    |
[2022-11-16 22:22:32,370] [builder.py:650]            [DEBUG]    | Validating Method: cache_builders                                                                  |
[2022-11-16 22:22:32,370] [builder.py:651]            [DEBUG]    | Value: 1                                                                                           |
[2022-11-16 22:22:32,375] [plex.py:835]               [DEBUG]    |                                                                                                    |
[2022-11-16 22:22:32,375] [plex.py:838]               [DEBUG]    | Looking for: Golden Globe 2021                                                                     |
[2022-11-16 22:22:32,375] [builder.py:814]            [INFO]     |                                                                                                    |
[2022-11-16 22:22:32,375] [builder.py:815]            [INFO]     | Validation Successful                                                                              |
[2022-11-16 22:22:32,375] [plex_meta_manager.py:594]  [INFO]     |                                                                                                    |
[2022-11-16 22:22:32,375] [plex_meta_manager.py:596]  [INFO]     |=============================== Running Golden Globe 2021 Collection ===============================|
[2022-11-16 22:22:32,375] [plex_meta_manager.py:608]  [INFO]     |                                                                                                    |
[2022-11-16 22:22:32,375] [plex_meta_manager.py:609]  [INFO]     | Sync Mode: sync                                                                                    |
[2022-11-16 22:22:32,375] [plex_meta_manager.py:612]  [DEBUG]    |                                                                                                    |
[2022-11-16 22:22:32,376] [plex_meta_manager.py:613]  [DEBUG]    | Builder: imdb_list: {'url': 'https://www.imdb.com/search/title/?release_date=2021-01-01,2021-12-31&groups=golden_globe_winner&sort=moviemeter,asc', 'limit': 0} |
[2022-11-16 22:22:32,376] [plex_meta_manager.py:614]  [INFO]     |                                                                                                    |
[2022-11-16 22:22:32,377] [builder.py:1523]           [INFO]     | Builder: imdb_list loaded from Cache                                                               |
[2022-11-16 22:22:32,378] [builder.py:1574]           [DEBUG]    |                                                                                                    |
[2022-11-16 22:22:32,378] [builder.py:1575]           [DEBUG]    | 18 IDs Found                                                                                       |
[2022-11-16 22:22:32,379] [builder.py:1577]           [DEBUG]    |                                                                                                    |
[2022-11-16 22:22:32,389] [builder.py:2158]           [INFO]     |                                                                                                    |
[2022-11-16 22:22:32,389] [builder.py:2159]           [INFO]     |============================== Adding to Golden Globe 2021 Collection ==============================|
[2022-11-16 22:22:32,389] [builder.py:2160]           [INFO]     |                                                                                                    |
[2022-11-16 22:22:32,390] [builder.py:2174]           [INFO]     | 1/5 | Golden Globe 2021 Collection | + | Dune (2021)                                               |
[2022-11-16 22:22:32,504] [builder.py:2174]           [INFO]     | 2/5 | Golden Globe 2021 Collection | + | No Time to Die (2021)                                     |
[2022-11-16 22:22:32,604] [builder.py:2174]           [INFO]     | 3/5 | Golden Globe 2021 Collection | + | The Power of the Dog (2021)                               |
[2022-11-16 22:22:32,709] [builder.py:2174]           [INFO]     | 4/5 | Golden Globe 2021 Collection | + | Belfast (2021)                                            |
[2022-11-16 22:22:32,844] [builder.py:2174]           [INFO]     | 5/5 | Golden Globe 2021 Collection | + | King Richard (2021)                                       |
[2022-11-16 22:22:36,419] [builder.py:2194]           [INFO]     |                                                                                                    |
[2022-11-16 22:22:36,419] [builder.py:2196]           [INFO]     | 5 Movies Processed 5 Movies Added                                                                  |
[2022-11-16 22:22:36,419] [builder.py:2306]           [INFO]     |                                                                                                    |
[2022-11-16 22:22:36,419] [builder.py:2307]           [INFO]     |============================= Missing Movies from Library: Old Movies ==============================|
[2022-11-16 22:22:36,419] [builder.py:2308]           [INFO]     |                                                                                                    |
[2022-11-16 22:22:36,440] [builder.py:2321]           [INFO]     | Golden Globe 2021 Collection | ? | Encanto (2021) (TMDb: 568124)                                   |
[2022-11-16 22:22:36,456] [builder.py:2321]           [INFO]     | Golden Globe 2021 Collection | ? | West Side Story (2021) (TMDb: 511809)                           |
[2022-11-16 22:22:36,471] [builder.py:2321]           [INFO]     | Golden Globe 2021 Collection | ? | Drive My Car (2021) (TMDb: 758866)                              |
[2022-11-16 22:22:36,493] [builder.py:2321]           [INFO]     | Golden Globe 2021 Collection | ? | tick, tick... BOOM! (2021) (TMDb: 537116)                       |
[2022-11-16 22:22:36,507] [builder.py:2321]           [INFO]     | Golden Globe 2021 Collection | ? | Judas and the Black Messiah (2021) (TMDb: 583406)               |
[2022-11-16 22:22:36,522] [builder.py:2321]           [INFO]     | Golden Globe 2021 Collection | ? | The Mauritanian (2021) (TMDb: 644583)                           |
[2022-11-16 22:22:36,536] [builder.py:2321]           [INFO]     | Golden Globe 2021 Collection | ? | Being the Ricardos (2021) (TMDb: 517088)                        |
[2022-11-16 22:22:36,558] [builder.py:2321]           [INFO]     | Golden Globe 2021 Collection | ? | The United States vs. Billie Holiday (2021) (TMDb: 566076)      |
[2022-11-16 22:22:36,558] [builder.py:2326]           [INFO]     |                                                                                                    |
[2022-11-16 22:22:36,559] [builder.py:2327]           [INFO]     | 8 Movies Missing                                                                                   |
[2022-11-16 22:22:41,192] [builder.py:2527]           [INFO]     |                                                                                                    |
[2022-11-16 22:22:41,192] [builder.py:2528]           [INFO]     |========================= Updating Details of Golden Globe 2021 Collection =========================|
[2022-11-16 22:22:41,192] [builder.py:2529]           [INFO]     |                                                                                                    |
[2022-11-16 22:22:41,200] [builder.py:2595]           [INFO]     | Collection Metadata Edits                                                                          |
                                                                 | Summary (summary) | 2021 Golden Globe Winners.
                                                                 | Sort Title | !16_Golden Globe 2021
                                                                 | Label | +Golden Globes Awards, +PMM
[2022-11-16 22:22:42,769] [builder.py:2599]           [INFO]     | Details: have been updated
[2022-11-16 22:22:42,769] [builder.py:2603]           [INFO]     | 
[2022-11-16 22:22:44,253] [builder.py:2615]           [INFO]     | Collection Mode | hide
[2022-11-16 22:22:45,861] [builder.py:2629]           [INFO]     | Collection Order | custom
[2022-11-16 22:22:45,872] [plex.py:1203]              [WARNING]  | Asset Warning: Asset Directory Not Found and Created: config/Old_Movies/Assets/Golden Globe 2021
[2022-11-16 22:22:45,873] [util.py:174]               [DEBUG]    | 1 poster found:
[2022-11-16 22:22:45,873] [util.py:176]               [DEBUG]    | Method: url_poster Poster: https://raw.githubusercontent.com/meisnate12/Plex-Meta-Manager-Images/master/award/golden/winner/2021.jpg
[2022-11-16 22:22:46,005] [library.py:178]            [INFO]     | Detail: asset_directory updated Golden Globe 2021's poster to [File] config/Old_Movies/Assets/Golden Globe 2021/poster.jpg
[2022-11-16 22:22:46,080] [builder.py:2686]           [INFO]     | 
[2022-11-16 22:22:46,080] [builder.py:2687]           [INFO]     |=============================== Sorting Golden Globe 2021 Collection ===============================|
[2022-11-16 22:22:46,080] [builder.py:2688]           [INFO]     |                                                                                                    |
[2022-11-16 22:22:46,080] [builder.py:2704]           [INFO]     | Moving Dune (2021) to the beginning                                                                |
[2022-11-16 22:22:46,112] [builder.py:2704]           [INFO]     | Moving No Time to Die (2021) after Dune (2021)                                                     |
[2022-11-16 22:22:46,140] [builder.py:2704]           [INFO]     | Moving The Power of the Dog (2021) after No Time to Die (2021)                                     |
[2022-11-16 22:22:46,164] [builder.py:2704]           [INFO]     | Moving Belfast (2021) after The Power of the Dog (2021)                                            |
[2022-11-16 22:22:46,190] [builder.py:2704]           [INFO]     | Moving King Richard (2021) after Belfast (2021)                                                    |
[2022-11-16 22:22:46,222] [plex_meta_manager.py:736]  [INFO]     |                                                                                                    |
[2022-11-16 22:22:46,222] [plex_meta_manager.py:737]  [INFO]     |====================================================================================================|
[2022-11-16 22:22:46,222] [plex_meta_manager.py:737]  [INFO]     |                               Finished Golden Globe 2021 Collection                                |
[2022-11-16 22:22:46,222] [plex_meta_manager.py:737]  [INFO]     |                                    Collection Run Time: 0:00:14                                    |
[2022-11-16 22:22:46,222] [plex_meta_manager.py:737]  [INFO]     |====================================================================================================|
