[2022-11-25 15:42:43,038] [builder.py:193]            [INFO]     |====================================================================================================|
[2022-11-25 15:42:43,038] [builder.py:193]            [INFO]     |                              Golden Globe 2022 Collection in TV Shows                              |
[2022-11-25 15:42:43,038] [builder.py:193]            [INFO]     |====================================================================================================|
[2022-11-25 15:42:43,038] [builder.py:194]            [INFO]     |                                                                                                    |
[2022-11-25 15:42:43,038] [builder.py:199]            [INFO]     |================================ Building Definition From Templates ================================|
[2022-11-25 15:42:43,038] [builder.py:215]            [DEBUG]    |                                                                                                    |
[2022-11-25 15:42:43,039] [meta.py:210]               [DEBUG]    |================================== Template use_year_collections ===================================|
[2022-11-25 15:42:43,039] [meta.py:451]               [DEBUG]    |                                                                                                    |
[2022-11-25 15:42:43,040] [meta.py:210]               [DEBUG]    |========================================== Template imdb ===========================================|
[2022-11-25 15:42:43,041] [meta.py:451]               [DEBUG]    |                                                                                                    |
[2022-11-25 15:42:43,042] [meta.py:210]               [DEBUG]    |======================================= Template translation =======================================|
[2022-11-25 15:42:43,046] [meta.py:451]               [DEBUG]    |                                                                                                    |
[2022-11-25 15:42:43,049] [meta.py:210]               [DEBUG]    |========================================= Template shared ==========================================|
[2022-11-25 15:42:43,053] [meta.py:451]               [DEBUG]    |                                                                                                    |
[2022-11-25 15:42:43,072] [meta.py:210]               [DEBUG]    |=========================================== Template arr ===========================================|
[2022-11-25 15:42:43,074] [meta.py:451]               [DEBUG]    |                                                                                                    |
[2022-11-25 15:42:43,087] [meta.py:210]               [DEBUG]    |========================================= Template custom ==========================================|
[2022-11-25 15:42:43,087] [meta.py:451]               [DEBUG]    |                                                                                                    |
[2022-11-25 15:42:43,095] [meta.py:512]               [DEBUG]    |                                                                                                    |
[2022-11-25 15:42:43,095] [meta.py:513]               [DEBUG]    |==================================== Final Template Attributes =====================================|
[2022-11-25 15:42:43,095] [meta.py:514]               [DEBUG]    |                                                                                                    |
[2022-11-25 15:42:43,095] [meta.py:515]               [DEBUG]    | {'imdb_list': 'https://www.imdb.com/search/title/?release_date=2022-01-01,2022-12-31&groups=golden_globe_winner&sort=moviemeter,asc', 'summary': '2022 Golden Globe Winners.', 'name': 'Golden Globe 2022', 'ignore_blank_results': True, 'sort_title': '!16_Golden Globe 2022', 'url_poster': 'https://raw.githubusercontent.com/meisnate12/Plex-Meta-Manager-Images/master/award/golden/winner/2022.jpg', 'collection_order': 'custom', 'sync_mode': 'sync', 'cache_builders': 1} |
[2022-11-25 15:42:43,096] [meta.py:516]               [DEBUG]    |                                                                                                    |
[2022-11-25 15:42:43,096] [builder.py:223]            [INFO]     |============================= Validating Golden Globe 2022 Attributes ==============================|
[2022-11-25 15:42:43,096] [builder.py:226]            [DEBUG]    |                                                                                                    |
[2022-11-25 15:42:43,098] [builder.py:227]            [DEBUG]    | Validating Method: name                                                                            |
[2022-11-25 15:42:43,098] [builder.py:230]            [DEBUG]    | Value: Golden Globe 2022                                                                           |
[2022-11-25 15:42:43,098] [builder.py:502]            [DEBUG]    |                                                                                                    |
[2022-11-25 15:42:43,098] [builder.py:503]            [DEBUG]    | Validating Method: ignore_blank_results                                                            |
[2022-11-25 15:42:43,098] [builder.py:504]            [DEBUG]    | Value: True                                                                                        |
[2022-11-25 15:42:43,098] [builder.py:516]            [DEBUG]    |                                                                                                    |
[2022-11-25 15:42:43,098] [builder.py:517]            [DEBUG]    | Validating Method: sync_mode                                                                       |
[2022-11-25 15:42:43,098] [builder.py:521]            [DEBUG]    | Value: sync                                                                                        |
[2022-11-25 15:42:43,099] [builder.py:613]            [DEBUG]    |                                                                                                    |
[2022-11-25 15:42:43,099] [builder.py:614]            [DEBUG]    | Validating Method: collection_order                                                                |
[2022-11-25 15:42:43,099] [builder.py:615]            [DEBUG]    | Value: custom                                                                                      |
[2022-11-25 15:42:43,099] [builder.py:646]            [DEBUG]    |                                                                                                    |
[2022-11-25 15:42:43,099] [builder.py:650]            [DEBUG]    | Validating Method: label                                                                           |
[2022-11-25 15:42:43,099] [builder.py:651]            [DEBUG]    | Value: Golden Globes Awards                                                                        |
[2022-11-25 15:42:43,099] [builder.py:646]            [DEBUG]    |                                                                                                    |
[2022-11-25 15:42:43,099] [builder.py:650]            [DEBUG]    | Validating Method: imdb_list                                                                       |
[2022-11-25 15:42:43,099] [builder.py:651]            [DEBUG]    | Value: https://www.imdb.com/search/title/?release_date=2022-01-01,2022-12-31&groups=golden_globe_winner&sort=moviemeter,asc |
[2022-11-25 15:42:43,187] [plex_meta_manager.py:724]  [DEBUG]    | Traceback (most recent call last):                                                                 |
                                                                 |   File "//plex_meta_manager.py", line 592, in run_collection
                                                                 |     builder = CollectionBuilder(config, metadata, mapping_name, collection_attrs, library=library, extra=output_str)
                                                                 |   File "/modules/builder.py", line 724, in __init__
                                                                 |     self._imdb(method_name, method_data)
                                                                 |   File "/modules/builder.py", line 1160, in _imdb
                                                                 |     for imdb_dict in self.config.IMDb.validate_imdb_lists(self.Type, method_data, self.language):
                                                                 |   File "/modules/imdb.py", line 52, in validate_imdb_lists
                                                                 |     self._total(imdb_url, language)
                                                                 |   File "/modules/imdb.py", line 115, in _total
                                                                 |     raise Failed(f"IMDb Error: Failed to parse URL: {imdb_url}")
                                                                 | modules.util.Failed: IMDb Error: Failed to parse URL: https://www.imdb.com/search/title/?release_date=2022-01-01,2022-12-31&groups=golden_globe_winner&sort=moviemeter,asc
                                                                 | 
[2022-11-25 15:42:43,189] [plex_meta_manager.py:725]  [ERROR]    | IMDb Error: Failed to parse URL: https://www.imdb.com/search/title/?release_date=2022-01-01,2022-12-31&groups=golden_globe_winner&sort=moviemeter,asc
[2022-11-25 15:42:43,189] [plex_meta_manager.py:736]  [INFO]     | 
[2022-11-25 15:42:43,189] [plex_meta_manager.py:737]  [INFO]     |====================================================================================================|
[2022-11-25 15:42:43,189] [plex_meta_manager.py:737]  [INFO]     |                               Finished Golden Globe 2022 Collection                                |
[2022-11-25 15:42:43,189] [plex_meta_manager.py:737]  [INFO]     |                                    Collection Run Time: 0:00:00                                    |
[2022-11-25 15:42:43,189] [plex_meta_manager.py:737]  [INFO]     |====================================================================================================|
