[2022-11-16 18:54:04,485] [builder.py:193]            [INFO]     |====================================================================================================|
[2022-11-16 18:54:04,485] [builder.py:193]            [INFO]     |                       César Best Film Winners Collection in Halloween Movies                       |
[2022-11-16 18:54:04,485] [builder.py:193]            [INFO]     |====================================================================================================|
[2022-11-16 18:54:04,485] [builder.py:194]            [INFO]     |                                                                                                    |
[2022-11-16 18:54:04,486] [builder.py:199]            [INFO]     |================================ Building Definition From Templates ================================|
[2022-11-16 18:54:04,486] [builder.py:209]            [DEBUG]    |                                                                                                    |
[2022-11-16 18:54:04,486] [builder.py:210]            [DEBUG]    | Validating Method: variables                                                                       |
[2022-11-16 18:54:04,486] [builder.py:215]            [DEBUG]    |                                                                                                    |
[2022-11-16 18:54:04,486] [meta.py:210]               [DEBUG]    |========================================= Template shared ==========================================|
[2022-11-16 18:54:04,487] [meta.py:451]               [DEBUG]    |                                                                                                    |
[2022-11-16 18:54:04,511] [meta.py:210]               [DEBUG]    |=========================================== Template arr ===========================================|
[2022-11-16 18:54:04,512] [meta.py:451]               [DEBUG]    |                                                                                                    |
[2022-11-16 18:54:04,522] [meta.py:210]               [DEBUG]    |========================================= Template custom ==========================================|
[2022-11-16 18:54:04,523] [meta.py:451]               [DEBUG]    |                                                                                                    |
[2022-11-16 18:54:04,530] [meta.py:210]               [DEBUG]    |======================================= Template translation =======================================|
[2022-11-16 18:54:04,531] [meta.py:451]               [DEBUG]    |                                                                                                    |
[2022-11-16 18:54:04,535] [meta.py:512]               [DEBUG]    |                                                                                                    |
[2022-11-16 18:54:04,536] [meta.py:513]               [DEBUG]    |==================================== Final Template Attributes =====================================|
[2022-11-16 18:54:04,536] [meta.py:514]               [DEBUG]    |                                                                                                    |
[2022-11-16 18:54:04,536] [meta.py:515]               [DEBUG]    | {'allowed_library_types': ['movie'], 'ignore_blank_results': True, 'collection_mode': 'hide', 'sort_title': '!16_César Best Film Winners', 'url_poster': 'https://raw.githubusercontent.com/meisnate12/Plex-Meta-Manager-Images/master/award/cesar/winner.jpg', 'collection_order': 'custom', 'sync_mode': 'sync', 'cache_builders': 1, 'summary': 'The César Award is the national film award of France, first given out in 1975. The nominations are selected by the members of the Académie des Arts et Techniques du Cinéma. The name of the award comes from the sculptor César Baldaccini. They are considered to be the French equivalent of the American Academy Awards.', 'name': 'César Best Film Winners'} |
[2022-11-16 18:54:04,536] [meta.py:516]               [DEBUG]    |                                                                                                    |
[2022-11-16 18:54:04,537] [builder.py:223]            [INFO]     |========================== Validating César Best Film Winners Attributes ===========================|
[2022-11-16 18:54:04,537] [builder.py:226]            [DEBUG]    |                                                                                                    |
[2022-11-16 18:54:04,537] [builder.py:227]            [DEBUG]    | Validating Method: name                                                                            |
[2022-11-16 18:54:04,538] [builder.py:230]            [DEBUG]    | Value: César Best Film Winners                                                                     |
[2022-11-16 18:54:04,538] [builder.py:236]            [DEBUG]    |                                                                                                    |
[2022-11-16 18:54:04,538] [builder.py:237]            [DEBUG]    | Validating Method: allowed_library_types                                                           |
[2022-11-16 18:54:04,538] [builder.py:240]            [DEBUG]    | Value: ['movie']                                                                                   |
[2022-11-16 18:54:04,539] [builder.py:502]            [DEBUG]    |                                                                                                    |
[2022-11-16 18:54:04,539] [builder.py:503]            [DEBUG]    | Validating Method: ignore_blank_results                                                            |
[2022-11-16 18:54:04,539] [builder.py:504]            [DEBUG]    | Value: True                                                                                        |
[2022-11-16 18:54:04,539] [builder.py:516]            [DEBUG]    |                                                                                                    |
[2022-11-16 18:54:04,540] [builder.py:517]            [DEBUG]    | Validating Method: sync_mode                                                                       |
[2022-11-16 18:54:04,540] [builder.py:521]            [DEBUG]    | Value: sync                                                                                        |
[2022-11-16 18:54:04,540] [builder.py:613]            [DEBUG]    |                                                                                                    |
[2022-11-16 18:54:04,540] [builder.py:614]            [DEBUG]    | Validating Method: collection_order                                                                |
[2022-11-16 18:54:04,540] [builder.py:615]            [DEBUG]    | Value: custom                                                                                      |
[2022-11-16 18:54:04,541] [builder.py:646]            [DEBUG]    |                                                                                                    |
[2022-11-16 18:54:04,541] [builder.py:650]            [DEBUG]    | Validating Method: trakt_list                                                                      |
[2022-11-16 18:54:04,541] [builder.py:651]            [DEBUG]    | Value: https://trakt.tv/users/maxwelldeux/lists/cesar-award-best-french-film                       |
[2022-11-16 18:54:04,612] [builder.py:646]            [DEBUG]    |                                                                                                    |
[2022-11-16 18:54:04,612] [builder.py:650]            [DEBUG]    | Validating Method: collection_mode                                                                 |
[2022-11-16 18:54:04,613] [builder.py:651]            [DEBUG]    | Value: hide                                                                                        |
[2022-11-16 18:54:04,613] [builder.py:646]            [DEBUG]    |                                                                                                    |
[2022-11-16 18:54:04,613] [builder.py:650]            [DEBUG]    | Validating Method: sort_title                                                                      |
[2022-11-16 18:54:04,613] [builder.py:651]            [DEBUG]    | Value: !16_César Best Film Winners                                                                 |
[2022-11-16 18:54:04,614] [builder.py:646]            [DEBUG]    |                                                                                                    |
[2022-11-16 18:54:04,614] [builder.py:650]            [DEBUG]    | Validating Method: url_poster                                                                      |
[2022-11-16 18:54:04,614] [builder.py:651]            [DEBUG]    | Value: https://raw.githubusercontent.com/meisnate12/Plex-Meta-Manager-Images/master/award/cesar/winner.jpg |
[2022-11-16 18:54:04,776] [builder.py:646]            [DEBUG]    |                                                                                                    |
[2022-11-16 18:54:04,776] [builder.py:650]            [DEBUG]    | Validating Method: cache_builders                                                                  |
[2022-11-16 18:54:04,776] [builder.py:651]            [DEBUG]    | Value: 1                                                                                           |
[2022-11-16 18:54:04,777] [builder.py:646]            [DEBUG]    |                                                                                                    |
[2022-11-16 18:54:04,777] [builder.py:650]            [DEBUG]    | Validating Method: summary                                                                         |
[2022-11-16 18:54:04,777] [builder.py:651]            [DEBUG]    | Value: The César Award is the national film award of France, first given out in 1975. The nominations are selected by the members of the Académie des Arts et Techniques du Cinéma. The name of the award comes from the sculptor César Baldaccini. They are considered to be the French equivalent of the American Academy Awards. |
[2022-11-16 18:54:04,781] [plex.py:835]               [DEBUG]    |                                                                                                    |
[2022-11-16 18:54:04,782] [plex.py:838]               [DEBUG]    | Looking for: César Best Film Winners                                                               |
[2022-11-16 18:54:04,782] [builder.py:814]            [INFO]     |                                                                                                    |
[2022-11-16 18:54:04,782] [builder.py:815]            [INFO]     | Validation Successful                                                                              |
[2022-11-16 18:54:04,782] [plex_meta_manager.py:594]  [INFO]     |                                                                                                    |
[2022-11-16 18:54:04,782] [plex_meta_manager.py:596]  [INFO]     |============================ Running César Best Film Winners Collection ============================|
[2022-11-16 18:54:04,784] [plex_meta_manager.py:608]  [INFO]     |                                                                                                    |
[2022-11-16 18:54:04,784] [plex_meta_manager.py:609]  [INFO]     | Sync Mode: sync                                                                                    |
[2022-11-16 18:54:04,784] [plex_meta_manager.py:612]  [DEBUG]    |                                                                                                    |
[2022-11-16 18:54:04,784] [plex_meta_manager.py:613]  [DEBUG]    | Builder: trakt_list: https://trakt.tv/users/maxwelldeux/lists/cesar-award-best-french-film         |
[2022-11-16 18:54:04,784] [plex_meta_manager.py:614]  [INFO]     |                                                                                                    |
[2022-11-16 18:54:04,786] [builder.py:1523]           [INFO]     | Builder: trakt_list loaded from Cache                                                              |
[2022-11-16 18:54:04,791] [builder.py:1574]           [DEBUG]    |                                                                                                    |
[2022-11-16 18:54:04,791] [builder.py:1575]           [DEBUG]    | 48 IDs Found                                                                                       |
[2022-11-16 18:54:04,791] [builder.py:1577]           [DEBUG]    |                                                                                                    |
[2022-11-16 18:54:04,792] [plex_meta_manager.py:711]  [WARNING]  | Collection Warning: No items found                                                                 |
[2022-11-16 18:54:04,792] [plex_meta_manager.py:736]  [INFO]     |                                                                                                    |
[2022-11-16 18:54:04,792] [plex_meta_manager.py:737]  [INFO]     |====================================================================================================|
[2022-11-16 18:54:04,792] [plex_meta_manager.py:737]  [INFO]     |                            Finished César Best Film Winners Collection                             |
[2022-11-16 18:54:04,793] [plex_meta_manager.py:737]  [INFO]     |                                    Collection Run Time: 0:00:00                                    |
[2022-11-16 18:54:04,793] [plex_meta_manager.py:737]  [INFO]     |====================================================================================================|
