[2022-11-16 20:43:43,544] [builder.py:193]            [INFO]     |====================================================================================================|
[2022-11-16 20:43:43,544] [builder.py:193]            [INFO]     |                           John Hughes (Writer) Collection in Kids Movies                           |
[2022-11-16 20:43:43,544] [builder.py:193]            [INFO]     |====================================================================================================|
[2022-11-16 20:43:43,544] [builder.py:194]            [INFO]     |                                                                                                    |
[2022-11-16 20:43:43,544] [builder.py:199]            [INFO]     |================================ Building Definition From Templates ================================|
[2022-11-16 20:43:43,544] [builder.py:215]            [DEBUG]    |                                                                                                    |
[2022-11-16 20:43:43,544] [meta.py:210]               [DEBUG]    |====================================== Template smart_filter =======================================|
[2022-11-16 20:43:43,545] [meta.py:451]               [DEBUG]    |                                                                                                    |
[2022-11-16 20:43:43,550] [meta.py:210]               [DEBUG]    |======================================= Template translation =======================================|
[2022-11-16 20:43:43,550] [meta.py:451]               [DEBUG]    |                                                                                                    |
[2022-11-16 20:43:43,553] [meta.py:210]               [DEBUG]    |========================================= Template shared ==========================================|
[2022-11-16 20:43:43,554] [meta.py:451]               [DEBUG]    |                                                                                                    |
[2022-11-16 20:43:43,564] [meta.py:512]               [DEBUG]    |                                                                                                    |
[2022-11-16 20:43:43,564] [meta.py:513]               [DEBUG]    |==================================== Final Template Attributes =====================================|
[2022-11-16 20:43:43,564] [meta.py:514]               [DEBUG]    |                                                                                                    |
[2022-11-16 20:43:43,564] [meta.py:515]               [DEBUG]    | {'tmdb_person': ['John Hughes'], 'smart_filter': {'sort_by': 'title.asc', 'any': {'writer': 'tmdb'}}, 'summary': 'Movies written by John Hughes.', 'name': 'John Hughes (Writer)', 'ignore_blank_results': True, 'collection_mode': 'hide', 'sort_title': '!20_John Hughes (Writer)', 'url_poster': 'https://raw.githubusercontent.com/meisnate12/Plex-Meta-Manager-Images/master/people/rainier/John%20Hughes.jpg'} |
[2022-11-16 20:43:43,564] [meta.py:516]               [DEBUG]    |                                                                                                    |
[2022-11-16 20:43:43,564] [builder.py:223]            [INFO]     |============================ Validating John Hughes (Writer) Attributes ============================|
[2022-11-16 20:43:43,564] [builder.py:226]            [DEBUG]    |                                                                                                    |
[2022-11-16 20:43:43,565] [builder.py:227]            [DEBUG]    | Validating Method: name                                                                            |
[2022-11-16 20:43:43,565] [builder.py:230]            [DEBUG]    | Value: John Hughes (Writer)                                                                        |
[2022-11-16 20:43:43,565] [builder.py:502]            [DEBUG]    |                                                                                                    |
[2022-11-16 20:43:43,565] [builder.py:503]            [DEBUG]    | Validating Method: ignore_blank_results                                                            |
[2022-11-16 20:43:43,565] [builder.py:504]            [DEBUG]    | Value: True                                                                                        |
[2022-11-16 20:43:43,565] [builder.py:528]            [DEBUG]    |                                                                                                    |
[2022-11-16 20:43:43,565] [builder.py:529]            [DEBUG]    | Validating Method: tmdb_person                                                                     |
[2022-11-16 20:43:43,565] [builder.py:533]            [DEBUG]    | Value: ['John Hughes']                                                                             |
[2022-11-16 20:43:43,698] [builder.py:1784]           [INFO]     |                                                                                                    |
[2022-11-16 20:43:43,698] [builder.py:1785]           [INFO]     | Validating Method: smart_filter                                                                    |
[2022-11-16 20:43:43,699] [builder.py:1791]           [DEBUG]    | Value: {'sort_by': 'title.asc', 'any': {'writer': 'tmdb'}}                                         |
[2022-11-16 20:43:43,789] [builder.py:1978]           [DEBUG]    | Smart URL: ?type=1&sort=titleSort&push=1&writer=4646&pop=1                                         |
[2022-11-16 20:43:43,789] [builder.py:646]            [DEBUG]    |                                                                                                    |
[2022-11-16 20:43:43,789] [builder.py:650]            [DEBUG]    | Validating Method: label                                                                           |
[2022-11-16 20:43:43,789] [builder.py:651]            [DEBUG]    | Value: Top Writers                                                                                 |
[2022-11-16 20:43:43,790] [builder.py:646]            [DEBUG]    |                                                                                                    |
[2022-11-16 20:43:43,790] [builder.py:650]            [DEBUG]    | Validating Method: summary                                                                         |
[2022-11-16 20:43:43,790] [builder.py:651]            [DEBUG]    | Value: Movies written by John Hughes.                                                              |
[2022-11-16 20:43:43,790] [builder.py:646]            [DEBUG]    |                                                                                                    |
[2022-11-16 20:43:43,790] [builder.py:650]            [DEBUG]    | Validating Method: collection_mode                                                                 |
[2022-11-16 20:43:43,790] [builder.py:651]            [DEBUG]    | Value: hide                                                                                        |
[2022-11-16 20:43:43,790] [builder.py:646]            [DEBUG]    |                                                                                                    |
[2022-11-16 20:43:43,790] [builder.py:650]            [DEBUG]    | Validating Method: sort_title                                                                      |
[2022-11-16 20:43:43,790] [builder.py:651]            [DEBUG]    | Value: !20_John Hughes (Writer)                                                                    |
[2022-11-16 20:43:43,790] [builder.py:646]            [DEBUG]    |                                                                                                    |
[2022-11-16 20:43:43,790] [builder.py:650]            [DEBUG]    | Validating Method: url_poster                                                                      |
[2022-11-16 20:43:43,790] [builder.py:651]            [DEBUG]    | Value: https://raw.githubusercontent.com/meisnate12/Plex-Meta-Manager-Images/master/people/rainier/John%20Hughes.jpg |
[2022-11-16 20:43:44,018] [plex.py:835]               [DEBUG]    |                                                                                                    |
[2022-11-16 20:43:44,018] [plex.py:838]               [DEBUG]    | Looking for: John Hughes (Writer)                                                                  |
[2022-11-16 20:43:44,019] [builder.py:814]            [INFO]     |                                                                                                    |
[2022-11-16 20:43:44,019] [builder.py:815]            [INFO]     | Validation Successful                                                                              |
[2022-11-16 20:43:44,019] [plex_meta_manager.py:594]  [INFO]     |                                                                                                    |
[2022-11-16 20:43:44,019] [plex_meta_manager.py:596]  [INFO]     |============================= Running John Hughes (Writer) Collection ==============================|
[2022-11-16 20:43:44,019] [plex_meta_manager.py:602]  [INFO]     |                                                                                                    |
[2022-11-16 20:43:44,019] [plex_meta_manager.py:603]  [INFO]     | Smart Movie Filter                                                                                 |
                                                                 | Sort By: ['title.asc']
                                                                 | Filter:
                                                                 |   Match any of the following:
                                                                 |     Writer is John Hughes
[2022-11-16 20:43:44,047] [builder.py:2509]           [DEBUG]    | Smart Collection Created: ?type=1&sort=titleSort&push=1&writer=4646&pop=1
[2022-11-16 20:43:44,052] [builder.py:2527]           [INFO]     | 
[2022-11-16 20:43:44,053] [builder.py:2528]           [INFO]     |======================= Updating Details of John Hughes (Writer) Collection ========================|
[2022-11-16 20:43:44,053] [builder.py:2529]           [INFO]     |                                                                                                    |
[2022-11-16 20:43:44,059] [builder.py:2595]           [INFO]     | Collection Metadata Edits                                                                          |
                                                                 | Summary (summary) | Movies written by John Hughes.
                                                                 | Sort Title | !20_John Hughes (Writer)
                                                                 | Label | +Top Writers, +PMM
[2022-11-16 20:43:45,741] [builder.py:2599]           [INFO]     | Details: have been updated
[2022-11-16 20:43:45,741] [builder.py:2603]           [INFO]     | 
[2022-11-16 20:43:47,329] [builder.py:2615]           [INFO]     | Collection Mode | hide
[2022-11-16 20:43:47,337] [plex.py:1203]              [WARNING]  | Asset Warning: Asset Directory Not Found and Created: config/Kids_Movies/Assets/John Hughes (Writer)
[2022-11-16 20:43:47,337] [util.py:174]               [DEBUG]    | 2 posters found:
[2022-11-16 20:43:47,337] [util.py:176]               [DEBUG]    | Method: tmdb_person Poster: https://image.tmdb.org/t/p/original/1Pm0HXRXSwz5BON9HHNDLdl4HjZ.jpg
[2022-11-16 20:43:47,337] [util.py:176]               [DEBUG]    | Method: url_poster Poster: https://raw.githubusercontent.com/meisnate12/Plex-Meta-Manager-Images/master/people/rainier/John%20Hughes.jpg
[2022-11-16 20:43:47,539] [library.py:178]            [INFO]     | Detail: asset_directory updated John Hughes (Writer)'s poster to [File] config/Kids_Movies/Assets/John Hughes (Writer)/poster.jpg
[2022-11-16 20:43:47,608] [plex_meta_manager.py:736]  [INFO]     | 
[2022-11-16 20:43:47,608] [plex_meta_manager.py:737]  [INFO]     |====================================================================================================|
[2022-11-16 20:43:47,608] [plex_meta_manager.py:737]  [INFO]     |                              Finished John Hughes (Writer) Collection                              |
[2022-11-16 20:43:47,608] [plex_meta_manager.py:737]  [INFO]     |                                    Collection Run Time: 0:00:04                                    |
[2022-11-16 20:43:47,608] [plex_meta_manager.py:737]  [INFO]     |====================================================================================================|
