[2022-11-25 15:46:47,788] [builder.py:193]            [INFO]     |====================================================================================================|
[2022-11-25 15:46:47,788] [builder.py:193]            [INFO]     |                                 Emmys 2022 Collection in TV Shows                                  |
[2022-11-25 15:46:47,788] [builder.py:193]            [INFO]     |====================================================================================================|
[2022-11-25 15:46:47,789] [builder.py:194]            [INFO]     |                                                                                                    |
[2022-11-25 15:46:47,789] [builder.py:199]            [INFO]     |================================ Building Definition From Templates ================================|
[2022-11-25 15:46:47,789] [builder.py:215]            [DEBUG]    |                                                                                                    |
[2022-11-25 15:46:47,789] [meta.py:210]               [DEBUG]    |================================== Template use_year_collections ===================================|
[2022-11-25 15:46:47,790] [meta.py:451]               [DEBUG]    |                                                                                                    |
[2022-11-25 15:46:47,791] [meta.py:210]               [DEBUG]    |========================================== Template imdb ===========================================|
[2022-11-25 15:46:47,792] [meta.py:451]               [DEBUG]    |                                                                                                    |
[2022-11-25 15:46:47,794] [meta.py:210]               [DEBUG]    |========================================= Template shared ==========================================|
[2022-11-25 15:46:47,795] [meta.py:451]               [DEBUG]    |                                                                                                    |
[2022-11-25 15:46:47,820] [meta.py:210]               [DEBUG]    |=========================================== Template arr ===========================================|
[2022-11-25 15:46:47,821] [meta.py:451]               [DEBUG]    |                                                                                                    |
[2022-11-25 15:46:47,833] [meta.py:210]               [DEBUG]    |========================================= Template custom ==========================================|
[2022-11-25 15:46:47,834] [meta.py:451]               [DEBUG]    |                                                                                                    |
[2022-11-25 15:46:47,842] [meta.py:512]               [DEBUG]    |                                                                                                    |
[2022-11-25 15:46:47,842] [meta.py:513]               [DEBUG]    |==================================== Final Template Attributes =====================================|
[2022-11-25 15:46:47,842] [meta.py:514]               [DEBUG]    |                                                                                                    |
[2022-11-25 15:46:47,842] [meta.py:515]               [DEBUG]    | {'imdb_list': 'https://www.imdb.com/search/title/?release_date=2022-01-01,2022-12-31&groups=emmy_winner&sort=moviemeter,asc', 'ignore_blank_results': True, 'sort_title': '!16_Emmys 2022', 'url_poster': 'https://raw.githubusercontent.com/meisnate12/Plex-Meta-Manager-Images/master/award/emmys/winner/2022.jpg', 'collection_order': 'custom', 'sync_mode': 'sync', 'cache_builders': 1} |
[2022-11-25 15:46:47,842] [meta.py:516]               [DEBUG]    |                                                                                                    |
[2022-11-25 15:46:47,842] [builder.py:223]            [INFO]     |================================= Validating Emmys 2022 Attributes =================================|
[2022-11-25 15:46:47,843] [builder.py:502]            [DEBUG]    |                                                                                                    |
[2022-11-25 15:46:47,843] [builder.py:503]            [DEBUG]    | Validating Method: ignore_blank_results                                                            |
[2022-11-25 15:46:47,843] [builder.py:504]            [DEBUG]    | Value: True                                                                                        |
[2022-11-25 15:46:47,843] [builder.py:516]            [DEBUG]    |                                                                                                    |
[2022-11-25 15:46:47,843] [builder.py:517]            [DEBUG]    | Validating Method: sync_mode                                                                       |
[2022-11-25 15:46:47,843] [builder.py:521]            [DEBUG]    | Value: sync                                                                                        |
[2022-11-25 15:46:47,843] [builder.py:613]            [DEBUG]    |                                                                                                    |
[2022-11-25 15:46:47,843] [builder.py:614]            [DEBUG]    | Validating Method: collection_order                                                                |
[2022-11-25 15:46:47,843] [builder.py:615]            [DEBUG]    | Value: custom                                                                                      |
[2022-11-25 15:46:47,843] [builder.py:646]            [DEBUG]    |                                                                                                    |
[2022-11-25 15:46:47,843] [builder.py:650]            [DEBUG]    | Validating Method: label                                                                           |
[2022-11-25 15:46:47,843] [builder.py:651]            [DEBUG]    | Value: Emmy Awards                                                                                 |
[2022-11-25 15:46:47,844] [builder.py:646]            [DEBUG]    |                                                                                                    |
[2022-11-25 15:46:47,844] [builder.py:650]            [DEBUG]    | Validating Method: imdb_list                                                                       |
[2022-11-25 15:46:47,844] [builder.py:651]            [DEBUG]    | Value: https://www.imdb.com/search/title/?release_date=2022-01-01,2022-12-31&groups=emmy_winner&sort=moviemeter,asc |
[2022-11-25 15:46:48,019] [builder.py:646]            [DEBUG]    |                                                                                                    |
[2022-11-25 15:46:48,022] [builder.py:650]            [DEBUG]    | Validating Method: sort_title                                                                      |
[2022-11-25 15:46:48,022] [builder.py:651]            [DEBUG]    | Value: !16_Emmys 2022                                                                              |
[2022-11-25 15:46:48,023] [builder.py:646]            [DEBUG]    |                                                                                                    |
[2022-11-25 15:46:48,023] [builder.py:650]            [DEBUG]    | Validating Method: url_poster                                                                      |
[2022-11-25 15:46:48,023] [builder.py:651]            [DEBUG]    | Value: https://raw.githubusercontent.com/meisnate12/Plex-Meta-Manager-Images/master/award/emmys/winner/2022.jpg |
[2022-11-25 15:46:48,104] [builder.py:646]            [DEBUG]    |                                                                                                    |
[2022-11-25 15:46:48,105] [builder.py:650]            [DEBUG]    | Validating Method: cache_builders                                                                  |
[2022-11-25 15:46:48,105] [builder.py:651]            [DEBUG]    | Value: 1                                                                                           |
[2022-11-25 15:46:48,144] [builder.py:814]            [INFO]     |                                                                                                    |
[2022-11-25 15:46:48,145] [builder.py:815]            [INFO]     | Validation Successful                                                                              |
[2022-11-25 15:46:48,145] [plex_meta_manager.py:594]  [INFO]     |                                                                                                    |
[2022-11-25 15:46:48,145] [plex_meta_manager.py:596]  [INFO]     |================================== Running Emmys 2022 Collection ===================================|
[2022-11-25 15:46:48,145] [plex_meta_manager.py:608]  [INFO]     |                                                                                                    |
[2022-11-25 15:46:48,145] [plex_meta_manager.py:609]  [INFO]     | Sync Mode: sync                                                                                    |
[2022-11-25 15:46:48,145] [plex_meta_manager.py:612]  [DEBUG]    |                                                                                                    |
[2022-11-25 15:46:48,145] [plex_meta_manager.py:613]  [DEBUG]    | Builder: imdb_list: {'url': 'https://www.imdb.com/search/title/?release_date=2022-01-01,2022-12-31&groups=emmy_winner&sort=moviemeter,asc', 'limit': 0} |
[2022-11-25 15:46:48,145] [plex_meta_manager.py:614]  [INFO]     |                                                                                                    |
[2022-11-25 15:46:48,147] [builder.py:1523]           [INFO]     | Builder: imdb_list loaded from Cache                                                               |
[2022-11-25 15:46:48,152] [builder.py:1574]           [DEBUG]    |                                                                                                    |
[2022-11-25 15:46:48,152] [builder.py:1575]           [DEBUG]    | 16 IDs Found                                                                                       |
[2022-11-25 15:46:48,152] [builder.py:1577]           [DEBUG]    |                                                                                                    |
[2022-11-25 15:46:48,192] [builder.py:1637]           [WARNING]  | Convert Error: No TMDb ID Found for IMDb ID: tt15527110                                            |
[2022-11-25 15:46:48,192] [builder.py:2158]           [INFO]     |                                                                                                    |
[2022-11-25 15:46:48,192] [builder.py:2159]           [INFO]     |================================= Adding to Emmys 2022 Collection ==================================|
[2022-11-25 15:46:48,192] [builder.py:2160]           [INFO]     |                                                                                                    |
[2022-11-25 15:46:48,192] [builder.py:2174]           [INFO]     | 1/2 | Emmys 2022 Collection | = | Severance                                                        |
[2022-11-25 15:46:48,192] [builder.py:2174]           [INFO]     | 2/2 | Emmys 2022 Collection | = | Moon Knight                                                      |
[2022-11-25 15:46:48,192] [builder.py:2194]           [INFO]     |                                                                                                    |
[2022-11-25 15:46:48,192] [builder.py:2196]           [INFO]     | 2 Shows Processed 0 Shows Added                                                                    |
[2022-11-25 15:46:48,193] [builder.py:2306]           [INFO]     |                                                                                                    |
[2022-11-25 15:46:48,193] [builder.py:2307]           [INFO]     |============================== Missing Movies from Library: TV Shows ===============================|
[2022-11-25 15:46:48,193] [builder.py:2308]           [INFO]     |                                                                                                    |
[2022-11-25 15:46:48,214] [builder.py:2321]           [INFO]     | Emmys 2022 Collection | ? | The House (2022) (TMDb: 926899)                                        |
[2022-11-25 15:46:48,231] [builder.py:2321]           [INFO]     | Emmys 2022 Collection | ? | Chip 'n Dale: Rescue Rangers (2022) (TMDb: 420821)                     |
[2022-11-25 15:46:48,245] [builder.py:2321]           [INFO]     | Emmys 2022 Collection | ? | Lucy and Desi (2022) (TMDb: 736280)                                    |
[2022-11-25 15:46:48,254] [builder.py:2321]           [INFO]     | Emmys 2022 Collection | ? | Jerrod Carmichael: Rothaniel (2022) (TMDb: 952326)                     |
[2022-11-25 15:46:48,254] [builder.py:2326]           [INFO]     |                                                                                                    |
[2022-11-25 15:46:48,255] [builder.py:2327]           [INFO]     | 4 Movies Missing                                                                                   |
[2022-11-25 15:46:49,638] [builder.py:2352]           [INFO]     |                                                                                                    |
[2022-11-25 15:46:49,642] [builder.py:2353]           [INFO]     |============================== Missing Shows from Library: Emmys 2022 ==============================|
[2022-11-25 15:46:49,642] [builder.py:2354]           [INFO]     |                                                                                                    |
[2022-11-25 15:46:49,669] [builder.py:2366]           [INFO]     | Emmys 2022 Collection | ? | The Dropout (TVDb: 363024)                                             |
[2022-11-25 15:46:49,691] [builder.py:2366]           [INFO]     | Emmys 2022 Collection | ? | The Gilded Age (TVDb: 364412)                                          |
[2022-11-25 15:46:49,725] [builder.py:2366]           [INFO]     | Emmys 2022 Collection | ? | Pam & Tommy (TVDb: 400690)                                             |
[2022-11-25 15:46:49,748] [builder.py:2366]           [INFO]     | Emmys 2022 Collection | ? | How I Met Your Father (TVDb: 401513)                                   |
[2022-11-25 15:46:49,773] [builder.py:2366]           [INFO]     | Emmys 2022 Collection | ? | The Boys Presents: Diabolical (TVDb: 413188)                           |
[2022-11-25 15:46:49,797] [builder.py:2366]           [INFO]     | Emmys 2022 Collection | ? | George Carlin's American Dream (TVDb: 419734)                          |
[2022-11-25 15:46:49,820] [builder.py:2366]           [INFO]     | Emmys 2022 Collection | ? | Our Great National Parks (TVDb: 417835)                                |
[2022-11-25 15:46:49,944] [builder.py:2366]           [INFO]     | Emmys 2022 Collection | ? | Lizzo’s Watch Out for the Big Grrrls (TVDb: 416823)                    |
[2022-11-25 15:46:49,973] [builder.py:2366]           [INFO]     | Emmys 2022 Collection | ? | Love on the Spectrum U.S. (TVDb: 419263)                               |
[2022-11-25 15:46:49,973] [builder.py:2371]           [INFO]     |                                                                                                    |
[2022-11-25 15:46:49,973] [builder.py:2372]           [INFO]     | 9 Shows Missing                                                                                    |
[2022-11-25 15:46:51,110] [sonarr.py:70]              [INFO]     |                                                                                                    |
[2022-11-25 15:46:51,110] [sonarr.py:71]              [INFO]     |===================================== Adding Missing to Sonarr =====================================|
[2022-11-25 15:46:51,110] [sonarr.py:72]              [DEBUG]    |                                                                                                    |
[2022-11-25 15:46:51,111] [sonarr.py:73]              [DEBUG]    | Sonarr Adds: [363024, 364412, 400690, 401513, 413188, 419734, 417835, 416823, 419263]              |
[2022-11-25 15:48:15,689] [sonarr.py:170]             [INFO]     |                                                                                                    |
[2022-11-25 15:48:15,689] [sonarr.py:186]             [INFO]     | Skipped: In Cache | 363024                                                                         |
[2022-11-25 15:48:15,689] [sonarr.py:186]             [INFO]     | Skipped: In Cache | 364412                                                                         |
[2022-11-25 15:48:15,689] [sonarr.py:186]             [INFO]     | Skipped: In Cache | 400690                                                                         |
[2022-11-25 15:48:15,689] [sonarr.py:186]             [INFO]     | Skipped: In Cache | 401513                                                                         |
[2022-11-25 15:48:15,689] [sonarr.py:186]             [INFO]     | Skipped: In Cache | 413188                                                                         |
[2022-11-25 15:48:15,690] [sonarr.py:186]             [INFO]     | Skipped: In Cache | 419734                                                                         |
[2022-11-25 15:48:15,690] [sonarr.py:186]             [INFO]     | Skipped: In Cache | 417835                                                                         |
[2022-11-25 15:48:15,690] [sonarr.py:186]             [INFO]     | Skipped: In Cache | 416823                                                                         |
[2022-11-25 15:48:15,690] [sonarr.py:186]             [INFO]     | Skipped: In Cache | 419263                                                                         |
[2022-11-25 15:48:15,690] [sonarr.py:187]             [INFO]     | 9 Series already exist in Sonarr                                                                   |
[2022-11-25 15:48:15,799] [builder.py:2527]           [INFO]     |                                                                                                    |
[2022-11-25 15:48:15,799] [builder.py:2528]           [INFO]     |============================ Updating Details of Emmys 2022 Collection =============================|
[2022-11-25 15:48:15,799] [builder.py:2529]           [INFO]     |                                                                                                    |
[2022-11-25 15:48:15,809] [builder.py:2595]           [INFO]     | Collection Metadata Edits                                                                          |
[2022-11-25 15:48:15,809] [util.py:174]               [DEBUG]    | 1 poster found:                                                                                    |
[2022-11-25 15:48:15,810] [util.py:176]               [DEBUG]    | Method: url_poster Poster: https://raw.githubusercontent.com/meisnate12/Plex-Meta-Manager-Images/master/award/emmys/winner/2022.jpg |
[2022-11-25 15:48:15,811] [library.py:180]            [INFO]     | Detail: poster update not needed                                                                   |
[2022-11-25 15:48:15,836] [builder.py:2686]           [INFO]     |                                                                                                    |
[2022-11-25 15:48:15,843] [builder.py:2687]           [INFO]     |================================== Sorting Emmys 2022 Collection ===================================|
[2022-11-25 15:48:15,843] [builder.py:2688]           [INFO]     |                                                                                                    |
[2022-11-25 15:48:15,843] [plex_meta_manager.py:736]  [INFO]     |                                                                                                    |
[2022-11-25 15:48:15,843] [plex_meta_manager.py:737]  [INFO]     |====================================================================================================|
[2022-11-25 15:48:15,843] [plex_meta_manager.py:737]  [INFO]     |                                   Finished Emmys 2022 Collection                                   |
[2022-11-25 15:48:15,843] [plex_meta_manager.py:737]  [INFO]     |                                    Collection Run Time: 0:01:28                                    |
[2022-11-25 15:48:15,843] [plex_meta_manager.py:737]  [INFO]     |====================================================================================================|
