[2022-11-16 22:12:28,390] [builder.py:193]            [INFO]     |====================================================================================================|
[2022-11-16 22:12:28,391] [builder.py:193]            [INFO]     |                                Vin Diesel Collection in Old Movies                                 |
[2022-11-16 22:12:28,391] [builder.py:193]            [INFO]     |====================================================================================================|
[2022-11-16 22:12:28,391] [builder.py:194]            [INFO]     |                                                                                                    |
[2022-11-16 22:12:28,392] [builder.py:199]            [INFO]     |================================ Building Definition From Templates ================================|
[2022-11-16 22:12:28,392] [builder.py:215]            [DEBUG]    |                                                                                                    |
[2022-11-16 22:12:28,392] [meta.py:210]               [DEBUG]    |========================================= Template people ==========================================|
[2022-11-16 22:12:28,392] [meta.py:451]               [DEBUG]    |                                                                                                    |
[2022-11-16 22:12:28,393] [meta.py:512]               [DEBUG]    |                                                                                                    |
[2022-11-16 22:12:28,393] [meta.py:513]               [DEBUG]    |==================================== Final Template Attributes =====================================|
[2022-11-16 22:12:28,394] [meta.py:514]               [DEBUG]    |                                                                                                    |
[2022-11-16 22:12:28,394] [meta.py:515]               [DEBUG]    | {'actor': 'tmdb', 'tmdb_person': 12835, 'sort_title': '++_Vin Diesel', 'collection_order': 'release'} |
[2022-11-16 22:12:28,394] [meta.py:516]               [DEBUG]    |                                                                                                    |
[2022-11-16 22:12:28,394] [builder.py:223]            [INFO]     |================================= Validating Vin Diesel Attributes =================================|
[2022-11-16 22:12:28,394] [builder.py:528]            [DEBUG]    |                                                                                                    |
[2022-11-16 22:12:28,394] [builder.py:529]            [DEBUG]    | Validating Method: tmdb_person                                                                     |
[2022-11-16 22:12:28,395] [builder.py:533]            [DEBUG]    | Value: 12835                                                                                       |
[2022-11-16 22:12:28,409] [builder.py:613]            [DEBUG]    |                                                                                                    |
[2022-11-16 22:12:28,409] [builder.py:614]            [DEBUG]    | Validating Method: collection_order                                                                |
[2022-11-16 22:12:28,409] [builder.py:615]            [DEBUG]    | Value: release                                                                                     |
[2022-11-16 22:12:28,409] [builder.py:646]            [DEBUG]    |                                                                                                    |
[2022-11-16 22:12:28,409] [builder.py:650]            [DEBUG]    | Validating Method: actor                                                                           |
[2022-11-16 22:12:28,409] [builder.py:651]            [DEBUG]    | Value: tmdb                                                                                        |
[2022-11-16 22:12:28,722] [builder.py:646]            [DEBUG]    |                                                                                                    |
[2022-11-16 22:12:28,722] [builder.py:650]            [DEBUG]    | Validating Method: sort_title                                                                      |
[2022-11-16 22:12:28,723] [builder.py:651]            [DEBUG]    | Value: ++_Vin Diesel                                                                               |
[2022-11-16 22:12:28,728] [builder.py:795]            [INFO]     |                                                                                                    |
[2022-11-16 22:12:28,728] [builder.py:796]            [ERROR]    | Collection Error: Converting Vin Diesel to a normal collection                                     |
[2022-11-16 22:12:28,734] [builder.py:814]            [INFO]     |                                                                                                    |
[2022-11-16 22:12:28,734] [builder.py:815]            [INFO]     | Validation Successful                                                                              |
[2022-11-16 22:12:28,734] [plex_meta_manager.py:594]  [INFO]     |                                                                                                    |
[2022-11-16 22:12:28,734] [plex_meta_manager.py:596]  [INFO]     |================================== Running Vin Diesel Collection ===================================|
[2022-11-16 22:12:28,735] [plex_meta_manager.py:608]  [INFO]     |                                                                                                    |
[2022-11-16 22:12:28,735] [plex_meta_manager.py:609]  [INFO]     | Sync Mode: append                                                                                  |
[2022-11-16 22:12:28,735] [plex_meta_manager.py:612]  [DEBUG]    |                                                                                                    |
[2022-11-16 22:12:28,735] [plex_meta_manager.py:613]  [DEBUG]    | Builder: plex_search: (1, "Plex Movie Search\nSort By: ['title.asc']\nFilter:\n  Match any of the following:\n    Actor is Vin Diesel", '?type=1&sort=titleSort&push=1&actor=45953&pop=1') |
[2022-11-16 22:12:28,735] [plex_meta_manager.py:614]  [INFO]     |                                                                                                    |
[2022-11-16 22:12:28,735] [plex.py:924]               [INFO]     | Processing Plex Movie Search                                                                       |
                                                                 | Sort By: ['title.asc']
                                                                 | Filter:
                                                                 |   Match any of the following:
                                                                 |     Actor is Vin Diesel
[2022-11-16 22:12:28,766] [builder.py:1574]           [DEBUG]    | 
[2022-11-16 22:12:28,767] [builder.py:1575]           [DEBUG]    | 9 IDs Found
[2022-11-16 22:12:28,767] [builder.py:1577]           [DEBUG]    | 
[2022-11-16 22:12:28,767] [builder.py:2158]           [INFO]     | 
[2022-11-16 22:12:28,767] [builder.py:2159]           [INFO]     |================================= Adding to Vin Diesel Collection ==================================|
[2022-11-16 22:12:28,767] [builder.py:2160]           [INFO]     |                                                                                                    |
[2022-11-16 22:12:28,767] [builder.py:2174]           [INFO]     | 1/9 | Vin Diesel Collection | + | F9: The Fast Saga (2021)                                         |
[2022-11-16 22:12:28,906] [builder.py:2174]           [INFO]     | 2/9 | Vin Diesel Collection | + | Fast & Furious (2009)                                            |
[2022-11-16 22:12:30,897] [builder.py:2174]           [INFO]     | 3/9 | Vin Diesel Collection | + | Fast & Furious 6 (2013)                                          |
[2022-11-16 22:12:30,995] [builder.py:2174]           [INFO]     | 4/9 | Vin Diesel Collection | + | The Fast and the Furious (2001)                                  |
[2022-11-16 22:12:32,917] [builder.py:2174]           [INFO]     | 5/9 | Vin Diesel Collection | + | The Fast and the Furious: Tokyo Drift (2006)                     |
[2022-11-16 22:12:34,814] [builder.py:2174]           [INFO]     | 6/9 | Vin Diesel Collection | + | Fast Five (2011)                                                 |
[2022-11-16 22:12:34,928] [builder.py:2174]           [INFO]     | 7/9 | Vin Diesel Collection | + | The Fate of the Furious (2017)                                   |
[2022-11-16 22:12:35,052] [builder.py:2174]           [INFO]     | 8/9 | Vin Diesel Collection | + | Furious 7 (2015)                                                 |
[2022-11-16 22:12:35,155] [builder.py:2174]           [INFO]     | 9/9 | Vin Diesel Collection | + | Saving Private Ryan (1998)                                       |
[2022-11-16 22:12:37,563] [builder.py:2194]           [INFO]     |                                                                                                    |
[2022-11-16 22:12:37,564] [builder.py:2196]           [INFO]     | 9 Movies Processed 9 Movies Added                                                                  |
[2022-11-16 22:12:37,569] [builder.py:2527]           [INFO]     |                                                                                                    |
[2022-11-16 22:12:37,569] [builder.py:2528]           [INFO]     |============================ Updating Details of Vin Diesel Collection =============================|
[2022-11-16 22:12:37,569] [builder.py:2529]           [INFO]     |                                                                                                    |
[2022-11-16 22:12:37,575] [builder.py:2595]           [INFO]     | Collection Metadata Edits                                                                          |
                                                                 | Summary (tmdb_person) | Mark Sinclair (born 18 July 1967), known professionally as Vin Diesel, is an American actor, producer, director and screenwriter. He is best known for playing Dominic Toretto in the Fast & Furious franchise and is one of the highest-grossing actors of all time.
                                                                 | 
                                                                 | He began his career in 1990 but struggled to gain roles until he wrote, directed, produced, scored, and starred in the short film Multi-Facial (1995). This attracted the attention of Steven Spielberg, who was developing Saving Private Ryan (1998); Spielberg re-wrote elements of the film to allow Diesel to appear. He subsequently voiced the titular character in The Iron Giant (1999) while gaining a reputation as an action star after headlining the Fast & Furious, XXX, and The Chronicles of Riddick film franchises.
                                                                 | 
                                                                 | Diesel voiced Groot in Guardians of the Galaxy (2014) and its sequel (2017), as well as Ralph Breaks the Internet (2018). Away from action films, he has enjoyed commercial success in a number of other genres, such as the comedy film The Pacifier (2005), while his performance in Find Me Guilty (2006) was praised. Diesel portrayed the comic book superhero Bloodshot in its 2020 film adaptation and is slated to appear in the Avatar sequels.
                                                                 | 
                                                                 | He founded the production company One Race Films, where he has also served as a producer or executive producer for a number of his star vehicles. Diesel also founded the record label Racetrack Records and video game developer Tigon Studios and has provided his voice and motion capture for all of Tigon's releases.
                                                                 | 
                                                                 | From Wikipedia, the free encyclopedia
                                                                 | Sort Title | ++_Vin Diesel
                                                                 | Label | +PMM
[2022-11-16 22:12:39,079] [builder.py:2599]           [INFO]     | Details: have been updated
[2022-11-16 22:12:39,079] [builder.py:2603]           [INFO]     | 
[2022-11-16 22:12:39,080] [util.py:174]               [DEBUG]    | 1 poster found:
[2022-11-16 22:12:39,080] [util.py:176]               [DEBUG]    | Method: tmdb_person Poster: https://image.tmdb.org/t/p/original/7rwSXluNWZAluYMOEWBxkPmckES.jpg
[2022-11-16 22:12:39,417] [library.py:178]            [INFO]     | Detail: tmdb_person updated poster to [URL] https://image.tmdb.org/t/p/original/7rwSXluNWZAluYMOEWBxkPmckES.jpg
[2022-11-16 22:12:39,478] [plex_meta_manager.py:736]  [INFO]     | 
[2022-11-16 22:12:39,478] [plex_meta_manager.py:737]  [INFO]     |====================================================================================================|
[2022-11-16 22:12:39,478] [plex_meta_manager.py:737]  [INFO]     |                                   Finished Vin Diesel Collection                                   |
[2022-11-16 22:12:39,478] [plex_meta_manager.py:737]  [INFO]     |                                    Collection Run Time: 0:00:11                                    |
[2022-11-16 22:12:39,478] [plex_meta_manager.py:737]  [INFO]     |====================================================================================================|
