[2022-11-16 18:51:35,109] [builder.py:193]            [INFO]     |====================================================================================================|
[2022-11-16 18:51:35,109] [builder.py:193]            [INFO]     |                     Critics Choice Awards 2017 Collection in Halloween Movies                      |
[2022-11-16 18:51:35,109] [builder.py:193]            [INFO]     |====================================================================================================|
[2022-11-16 18:51:35,109] [builder.py:194]            [INFO]     |                                                                                                    |
[2022-11-16 18:51:35,109] [builder.py:199]            [INFO]     |================================ Building Definition From Templates ================================|
[2022-11-16 18:51:35,109] [builder.py:215]            [DEBUG]    |                                                                                                    |
[2022-11-16 18:51:35,109] [meta.py:210]               [DEBUG]    |================================== Template use_year_collections ===================================|
[2022-11-16 18:51:35,110] [meta.py:451]               [DEBUG]    |                                                                                                    |
[2022-11-16 18:51:35,111] [meta.py:210]               [DEBUG]    |========================================== Template trakt ==========================================|
[2022-11-16 18:51:35,112] [meta.py:451]               [DEBUG]    |                                                                                                    |
[2022-11-16 18:51:35,114] [meta.py:210]               [DEBUG]    |======================================= Template translation =======================================|
[2022-11-16 18:51:35,114] [meta.py:451]               [DEBUG]    |                                                                                                    |
[2022-11-16 18:51:35,117] [meta.py:210]               [DEBUG]    |========================================= Template shared ==========================================|
[2022-11-16 18:51:35,118] [meta.py:451]               [DEBUG]    |                                                                                                    |
[2022-11-16 18:51:35,123] [meta.py:506]               [INFO]     |                                                                                                    |
[2022-11-16 18:51:35,123] [meta.py:507]               [WARNING]  | Template Warning: template attribute: trakt_list from shared skipped                               |
[2022-11-16 18:51:35,135] [meta.py:210]               [DEBUG]    |=========================================== Template arr ===========================================|
[2022-11-16 18:51:35,136] [meta.py:451]               [DEBUG]    |                                                                                                    |
[2022-11-16 18:51:35,146] [meta.py:210]               [DEBUG]    |========================================= Template custom ==========================================|
[2022-11-16 18:51:35,147] [meta.py:451]               [DEBUG]    |                                                                                                    |
[2022-11-16 18:51:35,154] [meta.py:512]               [DEBUG]    |                                                                                                    |
[2022-11-16 18:51:35,154] [meta.py:513]               [DEBUG]    |==================================== Final Template Attributes =====================================|
[2022-11-16 18:51:35,155] [meta.py:514]               [DEBUG]    |                                                                                                    |
[2022-11-16 18:51:35,155] [meta.py:515]               [DEBUG]    | {'trakt_list': 'https://trakt.tv/users/pjcob/lists/2017-critics-choice', 'summary': '2017 Critics Choice Awards.', 'name': 'Critics Choice Awards 2017', 'ignore_blank_results': True, 'collection_mode': 'hide', 'sort_title': '!16_Critics Choice Awards 2017', 'url_poster': 'https://raw.githubusercontent.com/meisnate12/Plex-Meta-Manager-Images/master/award/choice/2017.jpg', 'collection_order': 'custom', 'sync_mode': 'sync', 'cache_builders': 1} |
[2022-11-16 18:51:35,156] [meta.py:516]               [DEBUG]    |                                                                                                    |
[2022-11-16 18:51:35,157] [builder.py:223]            [INFO]     |========================= Validating Critics Choice Awards 2017 Attributes =========================|
[2022-11-16 18:51:35,158] [builder.py:226]            [DEBUG]    |                                                                                                    |
[2022-11-16 18:51:35,158] [builder.py:227]            [DEBUG]    | Validating Method: name                                                                            |
[2022-11-16 18:51:35,159] [builder.py:230]            [DEBUG]    | Value: Critics Choice Awards 2017                                                                  |
[2022-11-16 18:51:35,160] [builder.py:502]            [DEBUG]    |                                                                                                    |
[2022-11-16 18:51:35,160] [builder.py:503]            [DEBUG]    | Validating Method: ignore_blank_results                                                            |
[2022-11-16 18:51:35,162] [builder.py:504]            [DEBUG]    | Value: True                                                                                        |
[2022-11-16 18:51:35,163] [builder.py:516]            [DEBUG]    |                                                                                                    |
[2022-11-16 18:51:35,164] [builder.py:517]            [DEBUG]    | Validating Method: sync_mode                                                                       |
[2022-11-16 18:51:35,164] [builder.py:521]            [DEBUG]    | Value: sync                                                                                        |
[2022-11-16 18:51:35,165] [builder.py:613]            [DEBUG]    |                                                                                                    |
[2022-11-16 18:51:35,166] [builder.py:614]            [DEBUG]    | Validating Method: collection_order                                                                |
[2022-11-16 18:51:35,169] [builder.py:615]            [DEBUG]    | Value: custom                                                                                      |
[2022-11-16 18:51:35,169] [builder.py:646]            [DEBUG]    |                                                                                                    |
[2022-11-16 18:51:35,169] [builder.py:650]            [DEBUG]    | Validating Method: label                                                                           |
[2022-11-16 18:51:35,169] [builder.py:651]            [DEBUG]    | Value: Critics Choice Awards                                                                       |
[2022-11-16 18:51:35,170] [builder.py:646]            [DEBUG]    |                                                                                                    |
[2022-11-16 18:51:35,170] [builder.py:650]            [DEBUG]    | Validating Method: trakt_list                                                                      |
[2022-11-16 18:51:35,170] [builder.py:651]            [DEBUG]    | Value: https://trakt.tv/users/pjcob/lists/2017-critics-choice                                      |
[2022-11-16 18:51:35,207] [builder.py:646]            [DEBUG]    |                                                                                                    |
[2022-11-16 18:51:35,208] [builder.py:650]            [DEBUG]    | Validating Method: summary                                                                         |
[2022-11-16 18:51:35,208] [builder.py:651]            [DEBUG]    | Value: 2017 Critics Choice Awards.                                                                 |
[2022-11-16 18:51:35,208] [builder.py:646]            [DEBUG]    |                                                                                                    |
[2022-11-16 18:51:35,208] [builder.py:650]            [DEBUG]    | Validating Method: collection_mode                                                                 |
[2022-11-16 18:51:35,209] [builder.py:651]            [DEBUG]    | Value: hide                                                                                        |
[2022-11-16 18:51:35,209] [builder.py:646]            [DEBUG]    |                                                                                                    |
[2022-11-16 18:51:35,209] [builder.py:650]            [DEBUG]    | Validating Method: sort_title                                                                      |
[2022-11-16 18:51:35,209] [builder.py:651]            [DEBUG]    | Value: !16_Critics Choice Awards 2017                                                              |
[2022-11-16 18:51:35,209] [builder.py:646]            [DEBUG]    |                                                                                                    |
[2022-11-16 18:51:35,210] [builder.py:650]            [DEBUG]    | Validating Method: url_poster                                                                      |
[2022-11-16 18:51:35,210] [builder.py:651]            [DEBUG]    | Value: https://raw.githubusercontent.com/meisnate12/Plex-Meta-Manager-Images/master/award/choice/2017.jpg |
[2022-11-16 18:51:35,316] [builder.py:646]            [DEBUG]    |                                                                                                    |
[2022-11-16 18:51:35,317] [builder.py:650]            [DEBUG]    | Validating Method: cache_builders                                                                  |
[2022-11-16 18:51:35,317] [builder.py:651]            [DEBUG]    | Value: 1                                                                                           |
[2022-11-16 18:51:35,322] [plex.py:835]               [DEBUG]    |                                                                                                    |
[2022-11-16 18:51:35,322] [plex.py:838]               [DEBUG]    | Looking for: Critics Choice Awards 2017                                                            |
[2022-11-16 18:51:35,322] [builder.py:814]            [INFO]     |                                                                                                    |
[2022-11-16 18:51:35,322] [builder.py:815]            [INFO]     | Validation Successful                                                                              |
[2022-11-16 18:51:35,323] [plex_meta_manager.py:594]  [INFO]     |                                                                                                    |
[2022-11-16 18:51:35,323] [plex_meta_manager.py:596]  [INFO]     |========================== Running Critics Choice Awards 2017 Collection ===========================|
[2022-11-16 18:51:35,323] [plex_meta_manager.py:608]  [INFO]     |                                                                                                    |
[2022-11-16 18:51:35,323] [plex_meta_manager.py:609]  [INFO]     | Sync Mode: sync                                                                                    |
[2022-11-16 18:51:35,323] [plex_meta_manager.py:612]  [DEBUG]    |                                                                                                    |
[2022-11-16 18:51:35,323] [plex_meta_manager.py:613]  [DEBUG]    | Builder: trakt_list: https://trakt.tv/users/pjcob/lists/2017-critics-choice                        |
[2022-11-16 18:51:35,323] [plex_meta_manager.py:614]  [INFO]     |                                                                                                    |
[2022-11-16 18:51:35,325] [builder.py:1523]           [INFO]     | Builder: trakt_list loaded from Cache                                                              |
[2022-11-16 18:51:35,328] [builder.py:1574]           [DEBUG]    |                                                                                                    |
[2022-11-16 18:51:35,329] [builder.py:1575]           [DEBUG]    | 15 IDs Found                                                                                       |
[2022-11-16 18:51:35,329] [builder.py:1577]           [DEBUG]    |                                                                                                    |
[2022-11-16 18:51:35,329] [plex_meta_manager.py:711]  [WARNING]  | Collection Warning: No items found                                                                 |
[2022-11-16 18:51:35,329] [plex_meta_manager.py:736]  [INFO]     |                                                                                                    |
[2022-11-16 18:51:35,329] [plex_meta_manager.py:737]  [INFO]     |====================================================================================================|
[2022-11-16 18:51:35,330] [plex_meta_manager.py:737]  [INFO]     |                           Finished Critics Choice Awards 2017 Collection                           |
[2022-11-16 18:51:35,330] [plex_meta_manager.py:737]  [INFO]     |                                    Collection Run Time: 0:00:00                                    |
[2022-11-16 18:51:35,330] [plex_meta_manager.py:737]  [INFO]     |====================================================================================================|
