[2022-11-17 00:45:08,906] [builder.py:193]            [INFO]     |====================================================================================================|
[2022-11-17 00:45:08,906] [builder.py:193]            [INFO]     |                           Joe Simon (Writer) Collection in Marvel Movies                           |
[2022-11-17 00:45:08,906] [builder.py:193]            [INFO]     |====================================================================================================|
[2022-11-17 00:45:08,906] [builder.py:194]            [INFO]     |                                                                                                    |
[2022-11-17 00:45:08,906] [builder.py:199]            [INFO]     |================================ Building Definition From Templates ================================|
[2022-11-17 00:45:08,906] [builder.py:215]            [DEBUG]    |                                                                                                    |
[2022-11-17 00:45:08,906] [meta.py:210]               [DEBUG]    |====================================== Template smart_filter =======================================|
[2022-11-17 00:45:08,907] [meta.py:451]               [DEBUG]    |                                                                                                    |
[2022-11-17 00:45:08,912] [meta.py:210]               [DEBUG]    |======================================= Template translation =======================================|
[2022-11-17 00:45:08,912] [meta.py:451]               [DEBUG]    |                                                                                                    |
[2022-11-17 00:45:08,915] [meta.py:210]               [DEBUG]    |========================================= Template shared ==========================================|
[2022-11-17 00:45:08,915] [meta.py:451]               [DEBUG]    |                                                                                                    |
[2022-11-17 00:45:08,926] [meta.py:512]               [DEBUG]    |                                                                                                    |
[2022-11-17 00:45:08,926] [meta.py:513]               [DEBUG]    |==================================== Final Template Attributes =====================================|
[2022-11-17 00:45:08,926] [meta.py:514]               [DEBUG]    |                                                                                                    |
[2022-11-17 00:45:08,926] [meta.py:515]               [DEBUG]    | {'tmdb_person': ['Joe Simon'], 'smart_filter': {'sort_by': 'title.asc', 'any': {'writer': 'tmdb'}}, 'summary': 'Movies written by Joe Simon.', 'name': 'Joe Simon (Writer)', 'ignore_blank_results': True, 'collection_mode': 'hide', 'sort_title': '!20_Joe Simon (Writer)', 'url_poster': 'https://raw.githubusercontent.com/meisnate12/Plex-Meta-Manager-Images/master/people/rainier/Joe%20Simon.jpg'} |
[2022-11-17 00:45:08,926] [meta.py:516]               [DEBUG]    |                                                                                                    |
[2022-11-17 00:45:08,927] [builder.py:223]            [INFO]     |============================= Validating Joe Simon (Writer) Attributes =============================|
[2022-11-17 00:45:08,927] [builder.py:226]            [DEBUG]    |                                                                                                    |
[2022-11-17 00:45:08,927] [builder.py:227]            [DEBUG]    | Validating Method: name                                                                            |
[2022-11-17 00:45:08,927] [builder.py:230]            [DEBUG]    | Value: Joe Simon (Writer)                                                                          |
[2022-11-17 00:45:08,927] [builder.py:502]            [DEBUG]    |                                                                                                    |
[2022-11-17 00:45:08,927] [builder.py:503]            [DEBUG]    | Validating Method: ignore_blank_results                                                            |
[2022-11-17 00:45:08,927] [builder.py:504]            [DEBUG]    | Value: True                                                                                        |
[2022-11-17 00:45:08,927] [builder.py:528]            [DEBUG]    |                                                                                                    |
[2022-11-17 00:45:08,927] [builder.py:529]            [DEBUG]    | Validating Method: tmdb_person                                                                     |
[2022-11-17 00:45:08,927] [builder.py:533]            [DEBUG]    | Value: ['Joe Simon']                                                                               |
[2022-11-17 00:45:09,041] [builder.py:1784]           [INFO]     |                                                                                                    |
[2022-11-17 00:45:09,041] [builder.py:1785]           [INFO]     | Validating Method: smart_filter                                                                    |
[2022-11-17 00:45:09,042] [builder.py:1791]           [DEBUG]    | Value: {'sort_by': 'title.asc', 'any': {'writer': 'tmdb'}}                                         |
[2022-11-17 00:45:09,089] [builder.py:1978]           [DEBUG]    | Smart URL: ?type=1&sort=titleSort&push=1&writer=46225&pop=1                                        |
[2022-11-17 00:45:09,089] [builder.py:646]            [DEBUG]    |                                                                                                    |
[2022-11-17 00:45:09,089] [builder.py:650]            [DEBUG]    | Validating Method: label                                                                           |
[2022-11-17 00:45:09,090] [builder.py:651]            [DEBUG]    | Value: Top Writers                                                                                 |
[2022-11-17 00:45:09,090] [builder.py:646]            [DEBUG]    |                                                                                                    |
[2022-11-17 00:45:09,090] [builder.py:650]            [DEBUG]    | Validating Method: summary                                                                         |
[2022-11-17 00:45:09,090] [builder.py:651]            [DEBUG]    | Value: Movies written by Joe Simon.                                                                |
[2022-11-17 00:45:09,090] [builder.py:646]            [DEBUG]    |                                                                                                    |
[2022-11-17 00:45:09,090] [builder.py:650]            [DEBUG]    | Validating Method: collection_mode                                                                 |
[2022-11-17 00:45:09,090] [builder.py:651]            [DEBUG]    | Value: hide                                                                                        |
[2022-11-17 00:45:09,090] [builder.py:646]            [DEBUG]    |                                                                                                    |
[2022-11-17 00:45:09,090] [builder.py:650]            [DEBUG]    | Validating Method: sort_title                                                                      |
[2022-11-17 00:45:09,091] [builder.py:651]            [DEBUG]    | Value: !20_Joe Simon (Writer)                                                                      |
[2022-11-17 00:45:09,091] [builder.py:646]            [DEBUG]    |                                                                                                    |
[2022-11-17 00:45:09,091] [builder.py:650]            [DEBUG]    | Validating Method: url_poster                                                                      |
[2022-11-17 00:45:09,091] [builder.py:651]            [DEBUG]    | Value: https://raw.githubusercontent.com/meisnate12/Plex-Meta-Manager-Images/master/people/rainier/Joe%20Simon.jpg |
[2022-11-17 00:45:09,322] [plex.py:835]               [DEBUG]    |                                                                                                    |
[2022-11-17 00:45:09,322] [plex.py:838]               [DEBUG]    | Looking for: Joe Simon (Writer)                                                                    |
[2022-11-17 00:45:09,322] [builder.py:814]            [INFO]     |                                                                                                    |
[2022-11-17 00:45:09,322] [builder.py:815]            [INFO]     | Validation Successful                                                                              |
[2022-11-17 00:45:09,323] [plex_meta_manager.py:594]  [INFO]     |                                                                                                    |
[2022-11-17 00:45:09,323] [plex_meta_manager.py:596]  [INFO]     |============================== Running Joe Simon (Writer) Collection ===============================|
[2022-11-17 00:45:09,323] [plex_meta_manager.py:602]  [INFO]     |                                                                                                    |
[2022-11-17 00:45:09,323] [plex_meta_manager.py:603]  [INFO]     | Smart Movie Filter                                                                                 |
                                                                 | Sort By: ['title.asc']
                                                                 | Filter:
                                                                 |   Match any of the following:
                                                                 |     Writer is Joe Simon
[2022-11-17 00:45:09,346] [builder.py:2509]           [DEBUG]    | Smart Collection Created: ?type=1&sort=titleSort&push=1&writer=46225&pop=1
[2022-11-17 00:45:09,350] [builder.py:2527]           [INFO]     | 
[2022-11-17 00:45:09,351] [builder.py:2528]           [INFO]     |======================== Updating Details of Joe Simon (Writer) Collection =========================|
[2022-11-17 00:45:09,351] [builder.py:2529]           [INFO]     |                                                                                                    |
[2022-11-17 00:45:09,357] [builder.py:2595]           [INFO]     | Collection Metadata Edits                                                                          |
                                                                 | Summary (summary) | Movies written by Joe Simon.
                                                                 | Sort Title | !20_Joe Simon (Writer)
                                                                 | Label | +Top Writers, +PMM
[2022-11-17 00:45:11,006] [builder.py:2599]           [INFO]     | Details: have been updated
[2022-11-17 00:45:11,007] [builder.py:2603]           [INFO]     | 
[2022-11-17 00:45:12,391] [builder.py:2615]           [INFO]     | Collection Mode | hide
[2022-11-17 00:45:12,397] [plex.py:1203]              [WARNING]  | Asset Warning: Asset Directory Not Found and Created: config/Marvel_Movies/Assets/Joe Simon (Writer)
[2022-11-17 00:45:12,397] [util.py:174]               [DEBUG]    | 1 poster found:
[2022-11-17 00:45:12,397] [util.py:176]               [DEBUG]    | Method: url_poster Poster: https://raw.githubusercontent.com/meisnate12/Plex-Meta-Manager-Images/master/people/rainier/Joe%20Simon.jpg
[2022-11-17 00:45:12,704] [library.py:178]            [INFO]     | Detail: asset_directory updated Joe Simon (Writer)'s poster to [File] config/Marvel_Movies/Assets/Joe Simon (Writer)/poster.jpg
[2022-11-17 00:45:12,750] [plex_meta_manager.py:736]  [INFO]     | 
[2022-11-17 00:45:12,751] [plex_meta_manager.py:737]  [INFO]     |====================================================================================================|
[2022-11-17 00:45:12,751] [plex_meta_manager.py:737]  [INFO]     |                               Finished Joe Simon (Writer) Collection                               |
[2022-11-17 00:45:12,751] [plex_meta_manager.py:737]  [INFO]     |                                    Collection Run Time: 0:00:03                                    |
[2022-11-17 00:45:12,751] [plex_meta_manager.py:737]  [INFO]     |====================================================================================================|
