[2022-11-16 18:56:04,883] [builder.py:193]            [INFO]     |====================================================================================================|
[2022-11-16 18:56:04,883] [builder.py:193]            [INFO]     |                         Wes Craven (Writer) Collection in Halloween Movies                         |
[2022-11-16 18:56:04,884] [builder.py:193]            [INFO]     |====================================================================================================|
[2022-11-16 18:56:04,884] [builder.py:194]            [INFO]     |                                                                                                    |
[2022-11-16 18:56:04,885] [builder.py:199]            [INFO]     |================================ Building Definition From Templates ================================|
[2022-11-16 18:56:04,885] [builder.py:215]            [DEBUG]    |                                                                                                    |
[2022-11-16 18:56:04,886] [meta.py:210]               [DEBUG]    |====================================== Template smart_filter =======================================|
[2022-11-16 18:56:04,887] [meta.py:451]               [DEBUG]    |                                                                                                    |
[2022-11-16 18:56:04,897] [meta.py:210]               [DEBUG]    |======================================= Template translation =======================================|
[2022-11-16 18:56:04,898] [meta.py:451]               [DEBUG]    |                                                                                                    |
[2022-11-16 18:56:04,903] [meta.py:210]               [DEBUG]    |========================================= Template shared ==========================================|
[2022-11-16 18:56:04,905] [meta.py:451]               [DEBUG]    |                                                                                                    |
[2022-11-16 18:56:04,934] [meta.py:512]               [DEBUG]    |                                                                                                    |
[2022-11-16 18:56:04,934] [meta.py:513]               [DEBUG]    |==================================== Final Template Attributes =====================================|
[2022-11-16 18:56:04,935] [meta.py:514]               [DEBUG]    |                                                                                                    |
[2022-11-16 18:56:04,935] [meta.py:515]               [DEBUG]    | {'tmdb_person': ['Wes Craven'], 'smart_filter': {'sort_by': 'title.asc', 'any': {'writer': 'tmdb'}}, 'summary': 'Movies written by Wes Craven.', 'name': 'Wes Craven (Writer)', 'ignore_blank_results': True, 'collection_mode': 'hide', 'sort_title': '!20_Wes Craven (Writer)', 'url_poster': 'https://raw.githubusercontent.com/meisnate12/Plex-Meta-Manager-Images/master/people/rainier/Wes%20Craven.jpg'} |
[2022-11-16 18:56:04,936] [meta.py:516]               [DEBUG]    |                                                                                                    |
[2022-11-16 18:56:04,937] [builder.py:223]            [INFO]     |============================ Validating Wes Craven (Writer) Attributes =============================|
[2022-11-16 18:56:04,938] [builder.py:226]            [DEBUG]    |                                                                                                    |
[2022-11-16 18:56:04,938] [builder.py:227]            [DEBUG]    | Validating Method: name                                                                            |
[2022-11-16 18:56:04,939] [builder.py:230]            [DEBUG]    | Value: Wes Craven (Writer)                                                                         |
[2022-11-16 18:56:04,941] [builder.py:502]            [DEBUG]    |                                                                                                    |
[2022-11-16 18:56:04,941] [builder.py:503]            [DEBUG]    | Validating Method: ignore_blank_results                                                            |
[2022-11-16 18:56:04,941] [builder.py:504]            [DEBUG]    | Value: True                                                                                        |
[2022-11-16 18:56:04,942] [builder.py:528]            [DEBUG]    |                                                                                                    |
[2022-11-16 18:56:04,942] [builder.py:529]            [DEBUG]    | Validating Method: tmdb_person                                                                     |
[2022-11-16 18:56:04,942] [builder.py:533]            [DEBUG]    | Value: ['Wes Craven']                                                                              |
[2022-11-16 18:56:05,016] [builder.py:1784]           [INFO]     |                                                                                                    |
[2022-11-16 18:56:05,016] [builder.py:1785]           [INFO]     | Validating Method: smart_filter                                                                    |
[2022-11-16 18:56:05,017] [builder.py:1791]           [DEBUG]    | Value: {'sort_by': 'title.asc', 'any': {'writer': 'tmdb'}}                                         |
[2022-11-16 18:56:05,108] [builder.py:1978]           [DEBUG]    | Smart URL: ?type=1&sort=titleSort&push=1&writer=14534&pop=1                                        |
[2022-11-16 18:56:05,108] [builder.py:646]            [DEBUG]    |                                                                                                    |
[2022-11-16 18:56:05,108] [builder.py:650]            [DEBUG]    | Validating Method: label                                                                           |
[2022-11-16 18:56:05,108] [builder.py:651]            [DEBUG]    | Value: Top Writers                                                                                 |
[2022-11-16 18:56:05,109] [builder.py:646]            [DEBUG]    |                                                                                                    |
[2022-11-16 18:56:05,109] [builder.py:650]            [DEBUG]    | Validating Method: summary                                                                         |
[2022-11-16 18:56:05,109] [builder.py:651]            [DEBUG]    | Value: Movies written by Wes Craven.                                                               |
[2022-11-16 18:56:05,109] [builder.py:646]            [DEBUG]    |                                                                                                    |
[2022-11-16 18:56:05,109] [builder.py:650]            [DEBUG]    | Validating Method: collection_mode                                                                 |
[2022-11-16 18:56:05,109] [builder.py:651]            [DEBUG]    | Value: hide                                                                                        |
[2022-11-16 18:56:05,109] [builder.py:646]            [DEBUG]    |                                                                                                    |
[2022-11-16 18:56:05,109] [builder.py:650]            [DEBUG]    | Validating Method: sort_title                                                                      |
[2022-11-16 18:56:05,110] [builder.py:651]            [DEBUG]    | Value: !20_Wes Craven (Writer)                                                                     |
[2022-11-16 18:56:05,110] [builder.py:646]            [DEBUG]    |                                                                                                    |
[2022-11-16 18:56:05,110] [builder.py:650]            [DEBUG]    | Validating Method: url_poster                                                                      |
[2022-11-16 18:56:05,110] [builder.py:651]            [DEBUG]    | Value: https://raw.githubusercontent.com/meisnate12/Plex-Meta-Manager-Images/master/people/rainier/Wes%20Craven.jpg |
[2022-11-16 18:56:05,197] [builder.py:814]            [INFO]     |                                                                                                    |
[2022-11-16 18:56:05,197] [builder.py:815]            [INFO]     | Validation Successful                                                                              |
[2022-11-16 18:56:05,198] [plex_meta_manager.py:594]  [INFO]     |                                                                                                    |
[2022-11-16 18:56:05,199] [plex_meta_manager.py:596]  [INFO]     |============================== Running Wes Craven (Writer) Collection ==============================|
[2022-11-16 18:56:05,199] [plex_meta_manager.py:602]  [INFO]     |                                                                                                    |
[2022-11-16 18:56:05,199] [plex_meta_manager.py:603]  [INFO]     | Smart Movie Filter                                                                                 |
                                                                 | Sort By: ['title.asc']
                                                                 | Filter:
                                                                 |   Match any of the following:
                                                                 |     Writer is Wes Craven
[2022-11-16 18:56:05,267] [builder.py:2527]           [INFO]     | 
[2022-11-16 18:56:05,267] [builder.py:2528]           [INFO]     |======================== Updating Details of Wes Craven (Writer) Collection ========================|
[2022-11-16 18:56:05,267] [builder.py:2529]           [INFO]     |                                                                                                    |
[2022-11-16 18:56:05,290] [builder.py:2595]           [INFO]     | Collection Metadata Edits                                                                          |
[2022-11-16 18:56:05,292] [util.py:174]               [DEBUG]    | 3 posters found:                                                                                   |
[2022-11-16 18:56:05,293] [util.py:176]               [DEBUG]    | Method: tmdb_person Poster: https://image.tmdb.org/t/p/original/eqwl6owrYykeTGTpKxwcAkbEJmg.jpg    |
[2022-11-16 18:56:05,293] [util.py:176]               [DEBUG]    | Method: url_poster Poster: https://raw.githubusercontent.com/meisnate12/Plex-Meta-Manager-Images/master/people/rainier/Wes%20Craven.jpg |
[2022-11-16 18:56:05,293] [util.py:176]               [DEBUG]    | Method: asset_directory Poster: {'attribute': 'asset_directory', 'location': '/config/Halloween_Movies/Assets/Wes Craven (Writer)/poster.jpg', 'prefix': "Wes Craven (Writer)'s ", 'is_poster': True, 'is_url': False, 'compare': 820022, 'message': "Wes Craven (Writer)'s poster to [File] /config/Halloween_Movies/Assets/Wes Craven (Writer)/poster.jpg"} |
[2022-11-16 18:56:05,294] [library.py:180]            [INFO]     | Detail: Wes Craven (Writer)'s poster update not needed                                             |
[2022-11-16 18:56:05,353] [plex_meta_manager.py:736]  [INFO]     |                                                                                                    |
[2022-11-16 18:56:05,353] [plex_meta_manager.py:737]  [INFO]     |====================================================================================================|
[2022-11-16 18:56:05,353] [plex_meta_manager.py:737]  [INFO]     |                              Finished Wes Craven (Writer) Collection                               |
[2022-11-16 18:56:05,353] [plex_meta_manager.py:737]  [INFO]     |                                    Collection Run Time: 0:00:00                                    |
[2022-11-16 18:56:05,353] [plex_meta_manager.py:737]  [INFO]     |====================================================================================================|
