[2022-11-16 20:38:56,259] [builder.py:193]            [INFO]     |====================================================================================================|
[2022-11-16 20:38:56,259] [builder.py:193]            [INFO]     |                               Frank Welker Collection in Kids Movies                               |
[2022-11-16 20:38:56,259] [builder.py:193]            [INFO]     |====================================================================================================|
[2022-11-16 20:38:56,259] [builder.py:194]            [INFO]     |                                                                                                    |
[2022-11-16 20:38:56,260] [builder.py:199]            [INFO]     |================================ Building Definition From Templates ================================|
[2022-11-16 20:38:56,260] [builder.py:215]            [DEBUG]    |                                                                                                    |
[2022-11-16 20:38:56,260] [meta.py:210]               [DEBUG]    |====================================== Template smart_filter =======================================|
[2022-11-16 20:38:56,260] [meta.py:451]               [DEBUG]    |                                                                                                    |
[2022-11-16 20:38:56,267] [meta.py:210]               [DEBUG]    |======================================= Template translation =======================================|
[2022-11-16 20:38:56,267] [meta.py:451]               [DEBUG]    |                                                                                                    |
[2022-11-16 20:38:56,270] [meta.py:210]               [DEBUG]    |========================================= Template shared ==========================================|
[2022-11-16 20:38:56,270] [meta.py:451]               [DEBUG]    |                                                                                                    |
[2022-11-16 20:38:56,282] [meta.py:512]               [DEBUG]    |                                                                                                    |
[2022-11-16 20:38:56,283] [meta.py:513]               [DEBUG]    |==================================== Final Template Attributes =====================================|
[2022-11-16 20:38:56,283] [meta.py:514]               [DEBUG]    |                                                                                                    |
[2022-11-16 20:38:56,283] [meta.py:515]               [DEBUG]    | {'tmdb_person': ['Frank Welker'], 'smart_filter': {'sort_by': 'title.asc', 'any': {'actor': 'tmdb'}}, 'summary': 'Movies with Frank Welker.', 'name': 'Frank Welker', 'ignore_blank_results': True, 'collection_mode': 'hide', 'sort_title': '!17_Frank Welker', 'url_poster': 'https://raw.githubusercontent.com/meisnate12/Plex-Meta-Manager-Images/master/people/rainier/Frank%20Welker.jpg'} |
[2022-11-16 20:38:56,283] [meta.py:516]               [DEBUG]    |                                                                                                    |
[2022-11-16 20:38:56,283] [builder.py:223]            [INFO]     |================================ Validating Frank Welker Attributes ================================|
[2022-11-16 20:38:56,283] [builder.py:226]            [DEBUG]    |                                                                                                    |
[2022-11-16 20:38:56,284] [builder.py:227]            [DEBUG]    | Validating Method: name                                                                            |
[2022-11-16 20:38:56,284] [builder.py:230]            [DEBUG]    | Value: Frank Welker                                                                                |
[2022-11-16 20:38:56,284] [builder.py:502]            [DEBUG]    |                                                                                                    |
[2022-11-16 20:38:56,284] [builder.py:503]            [DEBUG]    | Validating Method: ignore_blank_results                                                            |
[2022-11-16 20:38:56,284] [builder.py:504]            [DEBUG]    | Value: True                                                                                        |
[2022-11-16 20:38:56,284] [builder.py:528]            [DEBUG]    |                                                                                                    |
[2022-11-16 20:38:56,284] [builder.py:529]            [DEBUG]    | Validating Method: tmdb_person                                                                     |
[2022-11-16 20:38:56,284] [builder.py:533]            [DEBUG]    | Value: ['Frank Welker']                                                                            |
[2022-11-16 20:38:56,641] [builder.py:1784]           [INFO]     |                                                                                                    |
[2022-11-16 20:38:56,641] [builder.py:1785]           [INFO]     | Validating Method: smart_filter                                                                    |
[2022-11-16 20:38:56,642] [builder.py:1791]           [DEBUG]    | Value: {'sort_by': 'title.asc', 'any': {'actor': 'tmdb'}}                                          |
[2022-11-16 20:38:56,996] [builder.py:1978]           [DEBUG]    | Smart URL: ?type=1&sort=titleSort&push=1&actor=2409&pop=1                                          |
[2022-11-16 20:38:56,997] [builder.py:646]            [DEBUG]    |                                                                                                    |
[2022-11-16 20:38:56,997] [builder.py:650]            [DEBUG]    | Validating Method: label                                                                           |
[2022-11-16 20:38:56,997] [builder.py:651]            [DEBUG]    | Value: Top Actors                                                                                  |
[2022-11-16 20:38:56,997] [builder.py:646]            [DEBUG]    |                                                                                                    |
[2022-11-16 20:38:56,997] [builder.py:650]            [DEBUG]    | Validating Method: summary                                                                         |
[2022-11-16 20:38:56,997] [builder.py:651]            [DEBUG]    | Value: Movies with Frank Welker.                                                                   |
[2022-11-16 20:38:56,997] [builder.py:646]            [DEBUG]    |                                                                                                    |
[2022-11-16 20:38:56,997] [builder.py:650]            [DEBUG]    | Validating Method: collection_mode                                                                 |
[2022-11-16 20:38:56,997] [builder.py:651]            [DEBUG]    | Value: hide                                                                                        |
[2022-11-16 20:38:56,997] [builder.py:646]            [DEBUG]    |                                                                                                    |
[2022-11-16 20:38:56,998] [builder.py:650]            [DEBUG]    | Validating Method: sort_title                                                                      |
[2022-11-16 20:38:56,998] [builder.py:651]            [DEBUG]    | Value: !17_Frank Welker                                                                            |
[2022-11-16 20:38:56,998] [builder.py:646]            [DEBUG]    |                                                                                                    |
[2022-11-16 20:38:56,998] [builder.py:650]            [DEBUG]    | Validating Method: url_poster                                                                      |
[2022-11-16 20:38:56,998] [builder.py:651]            [DEBUG]    | Value: https://raw.githubusercontent.com/meisnate12/Plex-Meta-Manager-Images/master/people/rainier/Frank%20Welker.jpg |
[2022-11-16 20:38:57,264] [plex.py:835]               [DEBUG]    |                                                                                                    |
[2022-11-16 20:38:57,264] [plex.py:838]               [DEBUG]    | Looking for: Frank Welker                                                                          |
[2022-11-16 20:38:57,264] [builder.py:814]            [INFO]     |                                                                                                    |
[2022-11-16 20:38:57,264] [builder.py:815]            [INFO]     | Validation Successful                                                                              |
[2022-11-16 20:38:57,266] [plex_meta_manager.py:594]  [INFO]     |                                                                                                    |
[2022-11-16 20:38:57,266] [plex_meta_manager.py:596]  [INFO]     |================================= Running Frank Welker Collection ==================================|
[2022-11-16 20:38:57,266] [plex_meta_manager.py:602]  [INFO]     |                                                                                                    |
[2022-11-16 20:38:57,266] [plex_meta_manager.py:603]  [INFO]     | Smart Movie Filter                                                                                 |
                                                                 | Sort By: ['title.asc']
                                                                 | Filter:
                                                                 |   Match any of the following:
                                                                 |     Actor is Frank Welker
[2022-11-16 20:38:57,514] [builder.py:2509]           [DEBUG]    | Smart Collection Created: ?type=1&sort=titleSort&push=1&actor=2409&pop=1
[2022-11-16 20:38:57,519] [builder.py:2527]           [INFO]     | 
[2022-11-16 20:38:57,519] [builder.py:2528]           [INFO]     |=========================== Updating Details of Frank Welker Collection ============================|
[2022-11-16 20:38:57,520] [builder.py:2529]           [INFO]     |                                                                                                    |
[2022-11-16 20:38:57,527] [builder.py:2595]           [INFO]     | Collection Metadata Edits                                                                          |
                                                                 | Summary (summary) | Movies with Frank Welker.
                                                                 | Sort Title | !17_Frank Welker
                                                                 | Label | +Top Actors, +PMM
[2022-11-16 20:38:58,975] [builder.py:2599]           [INFO]     | Details: have been updated
[2022-11-16 20:38:58,976] [builder.py:2603]           [INFO]     | 
[2022-11-16 20:39:00,245] [builder.py:2615]           [INFO]     | Collection Mode | hide
[2022-11-16 20:39:00,250] [plex.py:1203]              [WARNING]  | Asset Warning: Asset Directory Not Found and Created: config/Kids_Movies/Assets/Frank Welker
[2022-11-16 20:39:00,251] [util.py:174]               [DEBUG]    | 2 posters found:
[2022-11-16 20:39:00,251] [util.py:176]               [DEBUG]    | Method: tmdb_person Poster: https://image.tmdb.org/t/p/original/xXODQ5AX6pG4my8ieeEIuiAREXs.jpg
[2022-11-16 20:39:00,251] [util.py:176]               [DEBUG]    | Method: url_poster Poster: https://raw.githubusercontent.com/meisnate12/Plex-Meta-Manager-Images/master/people/rainier/Frank%20Welker.jpg
[2022-11-16 20:39:00,627] [library.py:178]            [INFO]     | Detail: asset_directory updated Frank Welker's poster to [File] config/Kids_Movies/Assets/Frank Welker/poster.jpg
[2022-11-16 20:39:01,006] [plex_meta_manager.py:736]  [INFO]     | 
[2022-11-16 20:39:01,006] [plex_meta_manager.py:737]  [INFO]     |====================================================================================================|
[2022-11-16 20:39:01,006] [plex_meta_manager.py:737]  [INFO]     |                                  Finished Frank Welker Collection                                  |
[2022-11-16 20:39:01,006] [plex_meta_manager.py:737]  [INFO]     |                                    Collection Run Time: 0:00:04                                    |
[2022-11-16 20:39:01,006] [plex_meta_manager.py:737]  [INFO]     |====================================================================================================|
