[2022-11-25 15:58:54,125] [builder.py:193]            [INFO]     |====================================================================================================|
[2022-11-25 15:58:54,125] [builder.py:193]            [INFO]     |                                New Episodes Collection in TV Shows                                 |
[2022-11-25 15:58:54,125] [builder.py:193]            [INFO]     |====================================================================================================|
[2022-11-25 15:58:54,125] [builder.py:194]            [INFO]     |                                                                                                    |
[2022-11-25 15:58:54,126] [builder.py:199]            [INFO]     |================================ Building Definition From Templates ================================|
[2022-11-25 15:58:54,126] [builder.py:209]            [DEBUG]    |                                                                                                    |
[2022-11-25 15:58:54,126] [builder.py:210]            [DEBUG]    | Validating Method: variables                                                                       |
[2022-11-25 15:58:54,126] [builder.py:215]            [DEBUG]    |                                                                                                    |
[2022-11-25 15:58:54,126] [meta.py:210]               [DEBUG]    |====================================== Template smart_filter =======================================|
[2022-11-25 15:58:54,127] [meta.py:451]               [DEBUG]    |                                                                                                    |
[2022-11-25 15:58:54,161] [meta.py:210]               [DEBUG]    |========================================= Template shared ==========================================|
[2022-11-25 15:58:54,164] [meta.py:451]               [DEBUG]    |                                                                                                    |
[2022-11-25 15:58:54,207] [meta.py:210]               [DEBUG]    |======================================= Template translation =======================================|
[2022-11-25 15:58:54,208] [meta.py:451]               [DEBUG]    |                                                                                                    |
[2022-11-25 15:58:54,217] [meta.py:512]               [DEBUG]    |                                                                                                    |
[2022-11-25 15:58:54,217] [meta.py:513]               [DEBUG]    |==================================== Final Template Attributes =====================================|
[2022-11-25 15:58:54,218] [meta.py:514]               [DEBUG]    |                                                                                                    |
[2022-11-25 15:58:54,218] [meta.py:515]               [DEBUG]    | {'smart_filter': {'sort_by': 'release.desc', 'type': 'episodes', 'any': {'episode_air_date': 7}}, 'allowed_library_types': ['show'], 'ignore_blank_results': True, 'sort_title': '!01_New Episodes', 'url_poster': 'https://raw.githubusercontent.com/meisnate12/Plex-Meta-Manager-Images/master/chart/New%20Episodes.jpg', 'summary': 'A collection of newly-released Episodes.', 'name': 'New Episodes'} |
[2022-11-25 15:58:54,219] [meta.py:516]               [DEBUG]    |                                                                                                    |
[2022-11-25 15:58:54,219] [builder.py:223]            [INFO]     |================================ Validating New Episodes Attributes ================================|
[2022-11-25 15:58:54,220] [builder.py:226]            [DEBUG]    |                                                                                                    |
[2022-11-25 15:58:54,220] [builder.py:227]            [DEBUG]    | Validating Method: name                                                                            |
[2022-11-25 15:58:54,220] [builder.py:230]            [DEBUG]    | Value: New Episodes                                                                                |
[2022-11-25 15:58:54,221] [builder.py:236]            [DEBUG]    |                                                                                                    |
[2022-11-25 15:58:54,222] [builder.py:237]            [DEBUG]    | Validating Method: allowed_library_types                                                           |
[2022-11-25 15:58:54,222] [builder.py:240]            [DEBUG]    | Value: ['show']                                                                                    |
[2022-11-25 15:58:54,222] [builder.py:502]            [DEBUG]    |                                                                                                    |
[2022-11-25 15:58:54,223] [builder.py:503]            [DEBUG]    | Validating Method: ignore_blank_results                                                            |
[2022-11-25 15:58:54,224] [builder.py:504]            [DEBUG]    | Value: True                                                                                        |
[2022-11-25 15:58:54,224] [builder.py:1784]           [INFO]     |                                                                                                    |
[2022-11-25 15:58:54,224] [builder.py:1785]           [INFO]     | Validating Method: smart_filter                                                                    |
[2022-11-25 15:58:54,225] [builder.py:1791]           [DEBUG]    | Value: {'sort_by': 'release.desc', 'type': 'episodes', 'any': {'episode_air_date': 7}}             |
[2022-11-25 15:58:54,225] [builder.py:1978]           [DEBUG]    | Smart URL: ?type=2&sort=originallyAvailableAt%3Adesc&push=1&episode.originallyAvailableAt%3E%3E=-7d&pop=1 |
[2022-11-25 15:58:54,226] [builder.py:646]            [DEBUG]    |                                                                                                    |
[2022-11-25 15:58:54,227] [builder.py:650]            [DEBUG]    | Validating Method: sort_title                                                                      |
[2022-11-25 15:58:54,227] [builder.py:651]            [DEBUG]    | Value: !01_New Episodes                                                                            |
[2022-11-25 15:58:54,227] [builder.py:646]            [DEBUG]    |                                                                                                    |
[2022-11-25 15:58:54,227] [builder.py:650]            [DEBUG]    | Validating Method: url_poster                                                                      |
[2022-11-25 15:58:54,227] [builder.py:651]            [DEBUG]    | Value: https://raw.githubusercontent.com/meisnate12/Plex-Meta-Manager-Images/master/chart/New%20Episodes.jpg |
[2022-11-25 15:58:54,255] [builder.py:646]            [DEBUG]    |                                                                                                    |
[2022-11-25 15:58:54,256] [builder.py:650]            [DEBUG]    | Validating Method: summary                                                                         |
[2022-11-25 15:58:54,256] [builder.py:651]            [DEBUG]    | Value: A collection of newly-released Episodes.                                                    |
[2022-11-25 15:58:54,282] [builder.py:814]            [INFO]     |                                                                                                    |
[2022-11-25 15:58:54,282] [builder.py:815]            [INFO]     | Validation Successful                                                                              |
[2022-11-25 15:58:54,284] [plex_meta_manager.py:594]  [INFO]     |                                                                                                    |
[2022-11-25 15:58:54,284] [plex_meta_manager.py:596]  [INFO]     |================================= Running New Episodes Collection ==================================|
[2022-11-25 15:58:54,284] [plex_meta_manager.py:602]  [INFO]     |                                                                                                    |
[2022-11-25 15:58:54,284] [plex_meta_manager.py:603]  [INFO]     | Smart Show Filter                                                                                  |
                                                                 | Sort By: ['release.desc']
                                                                 | Filter:
                                                                 |   Match any of the following:
                                                                 |     Episode Air Date is in the last 7d Days
[2022-11-25 15:58:54,325] [builder.py:2527]           [INFO]     | 
[2022-11-25 15:58:54,325] [builder.py:2528]           [INFO]     |=========================== Updating Details of New Episodes Collection ============================|
[2022-11-25 15:58:54,325] [builder.py:2529]           [INFO]     |                                                                                                    |
[2022-11-25 15:58:54,333] [builder.py:2595]           [INFO]     | Collection Metadata Edits                                                                          |
[2022-11-25 15:58:54,334] [util.py:174]               [DEBUG]    | 1 poster found:                                                                                    |
[2022-11-25 15:58:54,335] [util.py:176]               [DEBUG]    | Method: url_poster Poster: https://raw.githubusercontent.com/meisnate12/Plex-Meta-Manager-Images/master/chart/New%20Episodes.jpg |
[2022-11-25 15:58:54,336] [library.py:180]            [INFO]     | Detail: poster update not needed                                                                   |
[2022-11-25 15:58:54,368] [plex_meta_manager.py:736]  [INFO]     |                                                                                                    |
[2022-11-25 15:58:54,369] [plex_meta_manager.py:737]  [INFO]     |====================================================================================================|
[2022-11-25 15:58:54,369] [plex_meta_manager.py:737]  [INFO]     |                                  Finished New Episodes Collection                                  |
[2022-11-25 15:58:54,369] [plex_meta_manager.py:737]  [INFO]     |                                    Collection Run Time: 0:00:00                                    |
[2022-11-25 15:58:54,369] [plex_meta_manager.py:737]  [INFO]     |====================================================================================================|
