[2022-11-17 00:37:23,630] [builder.py:193]            [INFO]     |====================================================================================================|
[2022-11-17 00:37:23,630] [builder.py:193]            [INFO]     |                              Recommended Collection in Marvel Movies                               |
[2022-11-17 00:37:23,630] [builder.py:193]            [INFO]     |====================================================================================================|
[2022-11-17 00:37:23,630] [builder.py:194]            [INFO]     |                                                                                                    |
[2022-11-17 00:37:23,630] [builder.py:199]            [INFO]     |================================ Building Definition From Templates ================================|
[2022-11-17 00:37:23,630] [builder.py:215]            [DEBUG]    |                                                                                                    |
[2022-11-17 00:37:23,630] [meta.py:210]               [DEBUG]    |======================================= Template Suggestion ========================================|
[2022-11-17 00:37:23,631] [meta.py:451]               [DEBUG]    |                                                                                                    |
[2022-11-17 00:37:23,632] [meta.py:512]               [DEBUG]    |                                                                                                    |
[2022-11-17 00:37:23,632] [meta.py:513]               [DEBUG]    |==================================== Final Template Attributes =====================================|
[2022-11-17 00:37:23,632] [meta.py:514]               [DEBUG]    |                                                                                                    |
[2022-11-17 00:37:23,633] [meta.py:515]               [DEBUG]    | {'url_poster': 'https://theposterdb.com/api/assets/213604', 'sort_title': '++++++++++_Recommended', 'collection_mode': 'hide', 'collection_order': 'release.desc', 'sync_mode': 'sync'} |
[2022-11-17 00:37:23,633] [meta.py:516]               [DEBUG]    |                                                                                                    |
[2022-11-17 00:37:23,633] [builder.py:223]            [INFO]     |================================ Validating Recommended Attributes =================================|
[2022-11-17 00:37:23,633] [builder.py:516]            [DEBUG]    |                                                                                                    |
[2022-11-17 00:37:23,633] [builder.py:517]            [DEBUG]    | Validating Method: sync_mode                                                                       |
[2022-11-17 00:37:23,633] [builder.py:521]            [DEBUG]    | Value: sync                                                                                        |
[2022-11-17 00:37:23,633] [builder.py:613]            [DEBUG]    |                                                                                                    |
[2022-11-17 00:37:23,633] [builder.py:614]            [DEBUG]    | Validating Method: collection_order                                                                |
[2022-11-17 00:37:23,633] [builder.py:615]            [DEBUG]    | Value: release.desc                                                                                |
[2022-11-17 00:37:23,633] [builder.py:646]            [DEBUG]    |                                                                                                    |
[2022-11-17 00:37:23,634] [builder.py:650]            [DEBUG]    | Validating Method: trakt_list                                                                      |
[2022-11-17 00:37:23,634] [builder.py:651]            [DEBUG]    | Value: ['https://trakt.tv/users/jjjonesjr33/lists/top-20-movies-of-the-week']                      |
[2022-11-17 00:37:23,670] [builder.py:646]            [DEBUG]    |                                                                                                    |
[2022-11-17 00:37:23,671] [builder.py:650]            [DEBUG]    | Validating Method: visible_home                                                                    |
[2022-11-17 00:37:23,671] [builder.py:651]            [DEBUG]    | Value: range(01/01-12/31)                                                                          |
[2022-11-17 00:37:23,671] [builder.py:646]            [DEBUG]    |                                                                                                    |
[2022-11-17 00:37:23,671] [builder.py:650]            [DEBUG]    | Validating Method: visible_shared                                                                  |
[2022-11-17 00:37:23,671] [builder.py:651]            [DEBUG]    | Value: range(01/01-12/31)                                                                          |
[2022-11-17 00:37:23,672] [builder.py:646]            [DEBUG]    |                                                                                                    |
[2022-11-17 00:37:23,672] [builder.py:650]            [DEBUG]    | Validating Method: summary                                                                         |
[2022-11-17 00:37:23,672] [builder.py:651]            [DEBUG]    | Value: Recommended Top Movies of the Week                                                          |
[2022-11-17 00:37:23,672] [builder.py:646]            [DEBUG]    |                                                                                                    |
[2022-11-17 00:37:23,672] [builder.py:650]            [DEBUG]    | Validating Method: url_poster                                                                      |
[2022-11-17 00:37:23,672] [builder.py:651]            [DEBUG]    | Value: https://theposterdb.com/api/assets/213604                                                   |
[2022-11-17 00:37:24,294] [builder.py:646]            [DEBUG]    |                                                                                                    |
[2022-11-17 00:37:24,295] [builder.py:650]            [DEBUG]    | Validating Method: sort_title                                                                      |
[2022-11-17 00:37:24,295] [builder.py:651]            [DEBUG]    | Value: ++++++++++_Recommended                                                                      |
[2022-11-17 00:37:24,295] [builder.py:646]            [DEBUG]    |                                                                                                    |
[2022-11-17 00:37:24,295] [builder.py:650]            [DEBUG]    | Validating Method: collection_mode                                                                 |
[2022-11-17 00:37:24,295] [builder.py:651]            [DEBUG]    | Value: hide                                                                                        |
[2022-11-17 00:37:24,300] [plex.py:835]               [DEBUG]    |                                                                                                    |
[2022-11-17 00:37:24,300] [plex.py:837]               [DEBUG]    | Found: Trakt Recommended                                                                           |
[2022-11-17 00:37:24,301] [plex.py:838]               [DEBUG]    | Looking for: Recommended                                                                           |
[2022-11-17 00:37:24,301] [builder.py:814]            [INFO]     |                                                                                                    |
[2022-11-17 00:37:24,301] [builder.py:815]            [INFO]     | Validation Successful                                                                              |
[2022-11-17 00:37:24,301] [plex_meta_manager.py:594]  [INFO]     |                                                                                                    |
[2022-11-17 00:37:24,301] [plex_meta_manager.py:596]  [INFO]     |================================== Running Recommended Collection ==================================|
[2022-11-17 00:37:24,301] [plex_meta_manager.py:608]  [INFO]     |                                                                                                    |
[2022-11-17 00:37:24,301] [plex_meta_manager.py:609]  [INFO]     | Sync Mode: sync                                                                                    |
[2022-11-17 00:37:24,301] [plex_meta_manager.py:612]  [DEBUG]    |                                                                                                    |
[2022-11-17 00:37:24,301] [plex_meta_manager.py:613]  [DEBUG]    | Builder: trakt_list: https://trakt.tv/users/jjjonesjr33/lists/top-20-movies-of-the-week            |
[2022-11-17 00:37:24,301] [plex_meta_manager.py:614]  [INFO]     |                                                                                                    |
[2022-11-17 00:37:24,302] [trakt.py:493]              [INFO]     | Processing Trakt List: https://trakt.tv/users/jjjonesjr33/lists/top-20-movies-of-the-week          |
[2022-11-17 00:37:24,337] [builder.py:1574]           [DEBUG]    |                                                                                                    |
[2022-11-17 00:37:24,337] [builder.py:1575]           [DEBUG]    | 20 IDs Found                                                                                       |
[2022-11-17 00:37:24,337] [builder.py:1577]           [DEBUG]    |                                                                                                    |
[2022-11-17 00:37:24,338] [builder.py:2306]           [INFO]     |                                                                                                    |
[2022-11-17 00:37:24,338] [builder.py:2307]           [INFO]     |============================ Missing Movies from Library: Marvel Movies ============================|
[2022-11-17 00:37:24,338] [builder.py:2308]           [INFO]     |                                                                                                    |
[2022-11-17 00:37:24,351] [builder.py:2321]           [INFO]     | Recommended Collection | ? | Black Panther: Wakanda Forever (2022) (TMDb: 505642)                  |
[2022-11-17 00:37:24,367] [builder.py:2321]           [INFO]     | Recommended Collection | ? | Black Adam (2022) (TMDb: 436270)                                      |
[2022-11-17 00:37:24,380] [builder.py:2321]           [INFO]     | Recommended Collection | ? | Enola Holmes 2 (2022) (TMDb: 829280)                                  |
[2022-11-17 00:37:24,391] [builder.py:2321]           [INFO]     | Recommended Collection | ? | Smile (2022) (TMDb: 882598)                                           |
[2022-11-17 00:37:24,402] [builder.py:2321]           [INFO]     | Recommended Collection | ? | Ticket to Paradise (2022) (TMDb: 800939)                              |
[2022-11-17 00:37:24,413] [builder.py:2321]           [INFO]     | Recommended Collection | ? | Bullet Train (2022) (TMDb: 718930)                                    |
[2022-11-17 00:37:24,423] [builder.py:2321]           [INFO]     | Recommended Collection | ? | The Woman King (2022) (TMDb: 724495)                                  |
[2022-11-17 00:37:24,432] [builder.py:2321]           [INFO]     | Recommended Collection | ? | Top Gun: Maverick (2022) (TMDb: 361743)                               |
[2022-11-17 00:37:24,457] [builder.py:2321]           [INFO]     | Recommended Collection | ? | All Quiet on the Western Front (2022) (TMDb: 49046)                   |
[2022-11-17 00:37:24,494] [builder.py:2321]           [INFO]     | Recommended Collection | ? | Weird: The Al Yankovic Story (2022) (TMDb: 928344)                    |
[2022-11-17 00:37:24,505] [builder.py:2321]           [INFO]     | Recommended Collection | ? | Don't Worry Darling (2022) (TMDb: 619730)                             |
[2022-11-17 00:37:24,517] [builder.py:2321]           [INFO]     | Recommended Collection | ? | Amsterdam (2022) (TMDb: 664469)                                       |
[2022-11-17 00:37:24,528] [builder.py:2321]           [INFO]     | Recommended Collection | ? | Barbarian (2022) (TMDb: 913290)                                       |
[2022-11-17 00:37:24,540] [builder.py:2321]           [INFO]     | Recommended Collection | ? | On the Line (2022) (TMDb: 979924)                                     |
[2022-11-17 00:37:24,552] [builder.py:2321]           [INFO]     | Recommended Collection | ? | Thor: Love and Thunder (2022) (TMDb: 616037)                          |
[2022-11-17 00:37:24,564] [builder.py:2321]           [INFO]     | Recommended Collection | ? | Enola Holmes (2020) (TMDb: 497582)                                    |
[2022-11-17 00:37:24,576] [builder.py:2321]           [INFO]     | Recommended Collection | ? | Falling for Christmas (2022) (TMDb: 833097)                           |
[2022-11-17 00:37:24,590] [builder.py:2321]           [INFO]     | Recommended Collection | ? | The Good Nurse (2022) (TMDb: 541134)                                  |
[2022-11-17 00:37:24,600] [builder.py:2321]           [INFO]     | Recommended Collection | ? | See How They Run (2022) (TMDb: 766475)                                |
[2022-11-17 00:37:24,601] [builder.py:2326]           [INFO]     |                                                                                                    |
[2022-11-17 00:37:24,601] [builder.py:2327]           [INFO]     | 19 Movies Missing                                                                                  |
[2022-11-17 00:37:27,442] [plex_meta_manager.py:652]  [INFO]     |                                                                                                    |
[2022-11-17 00:37:27,442] [plex_meta_manager.py:653]  [INFO]     | Collection Minimum: 2 not met for Recommended Collection                                           |
[2022-11-17 00:37:27,442] [plex_meta_manager.py:736]  [INFO]     |                                                                                                    |
[2022-11-17 00:37:27,442] [plex_meta_manager.py:737]  [INFO]     |====================================================================================================|
[2022-11-17 00:37:27,442] [plex_meta_manager.py:737]  [INFO]     |                                  Finished Recommended Collection                                   |
[2022-11-17 00:37:27,442] [plex_meta_manager.py:737]  [INFO]     |                                    Collection Run Time: 0:00:03                                    |
[2022-11-17 00:37:27,442] [plex_meta_manager.py:737]  [INFO]     |====================================================================================================|
