[2022-11-16 22:31:32,562] [builder.py:193]            [INFO]     |====================================================================================================|
[2022-11-16 22:31:32,562] [builder.py:193]            [INFO]     |                               Crystal Lowe Collection in Old Movies                                |
[2022-11-16 22:31:32,562] [builder.py:193]            [INFO]     |====================================================================================================|
[2022-11-16 22:31:32,562] [builder.py:194]            [INFO]     |                                                                                                    |
[2022-11-16 22:31:32,563] [builder.py:199]            [INFO]     |================================ Building Definition From Templates ================================|
[2022-11-16 22:31:32,563] [builder.py:215]            [DEBUG]    |                                                                                                    |
[2022-11-16 22:31:32,563] [meta.py:210]               [DEBUG]    |====================================== Template smart_filter =======================================|
[2022-11-16 22:31:32,564] [meta.py:451]               [DEBUG]    |                                                                                                    |
[2022-11-16 22:31:32,573] [meta.py:210]               [DEBUG]    |======================================= Template translation =======================================|
[2022-11-16 22:31:32,573] [meta.py:451]               [DEBUG]    |                                                                                                    |
[2022-11-16 22:31:32,578] [meta.py:210]               [DEBUG]    |========================================= Template shared ==========================================|
[2022-11-16 22:31:32,579] [meta.py:451]               [DEBUG]    |                                                                                                    |
[2022-11-16 22:31:32,589] [meta.py:512]               [DEBUG]    |                                                                                                    |
[2022-11-16 22:31:32,589] [meta.py:513]               [DEBUG]    |==================================== Final Template Attributes =====================================|
[2022-11-16 22:31:32,589] [meta.py:514]               [DEBUG]    |                                                                                                    |
[2022-11-16 22:31:32,589] [meta.py:515]               [DEBUG]    | {'tmdb_person': ['Crystal Lowe'], 'smart_filter': {'sort_by': 'title.asc', 'any': {'actor': 'tmdb'}}, 'summary': 'Movies with Crystal Lowe.', 'name': 'Crystal Lowe', 'ignore_blank_results': True, 'collection_mode': 'hide', 'sort_title': '!17_Crystal Lowe', 'url_poster': 'https://raw.githubusercontent.com/meisnate12/Plex-Meta-Manager-Images/master/people/rainier/Crystal%20Lowe.jpg'} |
[2022-11-16 22:31:32,590] [meta.py:516]               [DEBUG]    |                                                                                                    |
[2022-11-16 22:31:32,590] [builder.py:223]            [INFO]     |================================ Validating Crystal Lowe Attributes ================================|
[2022-11-16 22:31:32,590] [builder.py:226]            [DEBUG]    |                                                                                                    |
[2022-11-16 22:31:32,590] [builder.py:227]            [DEBUG]    | Validating Method: name                                                                            |
[2022-11-16 22:31:32,590] [builder.py:230]            [DEBUG]    | Value: Crystal Lowe                                                                                |
[2022-11-16 22:31:32,590] [builder.py:502]            [DEBUG]    |                                                                                                    |
[2022-11-16 22:31:32,590] [builder.py:503]            [DEBUG]    | Validating Method: ignore_blank_results                                                            |
[2022-11-16 22:31:32,590] [builder.py:504]            [DEBUG]    | Value: True                                                                                        |
[2022-11-16 22:31:32,590] [builder.py:528]            [DEBUG]    |                                                                                                    |
[2022-11-16 22:31:32,590] [builder.py:529]            [DEBUG]    | Validating Method: tmdb_person                                                                     |
[2022-11-16 22:31:32,591] [builder.py:533]            [DEBUG]    | Value: ['Crystal Lowe']                                                                            |
[2022-11-16 22:31:32,723] [builder.py:1784]           [INFO]     |                                                                                                    |
[2022-11-16 22:31:32,723] [builder.py:1785]           [INFO]     | Validating Method: smart_filter                                                                    |
[2022-11-16 22:31:32,724] [builder.py:1791]           [DEBUG]    | Value: {'sort_by': 'title.asc', 'any': {'actor': 'tmdb'}}                                          |
[2022-11-16 22:31:33,041] [builder.py:1978]           [DEBUG]    | Smart URL: ?type=1&sort=titleSort&push=1&actor=4977&pop=1                                          |
[2022-11-16 22:31:33,041] [builder.py:646]            [DEBUG]    |                                                                                                    |
[2022-11-16 22:31:33,042] [builder.py:650]            [DEBUG]    | Validating Method: label                                                                           |
[2022-11-16 22:31:33,042] [builder.py:651]            [DEBUG]    | Value: Top Actors                                                                                  |
[2022-11-16 22:31:33,042] [builder.py:646]            [DEBUG]    |                                                                                                    |
[2022-11-16 22:31:33,042] [builder.py:650]            [DEBUG]    | Validating Method: summary                                                                         |
[2022-11-16 22:31:33,042] [builder.py:651]            [DEBUG]    | Value: Movies with Crystal Lowe.                                                                   |
[2022-11-16 22:31:33,042] [builder.py:646]            [DEBUG]    |                                                                                                    |
[2022-11-16 22:31:33,042] [builder.py:650]            [DEBUG]    | Validating Method: collection_mode                                                                 |
[2022-11-16 22:31:33,042] [builder.py:651]            [DEBUG]    | Value: hide                                                                                        |
[2022-11-16 22:31:33,042] [builder.py:646]            [DEBUG]    |                                                                                                    |
[2022-11-16 22:31:33,043] [builder.py:650]            [DEBUG]    | Validating Method: sort_title                                                                      |
[2022-11-16 22:31:33,043] [builder.py:651]            [DEBUG]    | Value: !17_Crystal Lowe                                                                            |
[2022-11-16 22:31:33,043] [builder.py:646]            [DEBUG]    |                                                                                                    |
[2022-11-16 22:31:33,043] [builder.py:650]            [DEBUG]    | Validating Method: url_poster                                                                      |
[2022-11-16 22:31:33,043] [builder.py:651]            [DEBUG]    | Value: https://raw.githubusercontent.com/meisnate12/Plex-Meta-Manager-Images/master/people/rainier/Crystal%20Lowe.jpg |
[2022-11-16 22:31:33,147] [builder.py:845]            [WARNING]  | Collection Warning: No Poster Found at https://raw.githubusercontent.com/meisnate12/Plex-Meta-Manager-Images/master/people/rainier/Crystal%20Lowe.jpg |
[2022-11-16 22:31:33,152] [plex.py:835]               [DEBUG]    |                                                                                                    |
[2022-11-16 22:31:33,152] [plex.py:838]               [DEBUG]    | Looking for: Crystal Lowe                                                                          |
[2022-11-16 22:31:33,152] [builder.py:814]            [INFO]     |                                                                                                    |
[2022-11-16 22:31:33,152] [builder.py:815]            [INFO]     | Validation Successful                                                                              |
[2022-11-16 22:31:33,153] [plex_meta_manager.py:594]  [INFO]     |                                                                                                    |
[2022-11-16 22:31:33,153] [plex_meta_manager.py:596]  [INFO]     |================================= Running Crystal Lowe Collection ==================================|
[2022-11-16 22:31:33,153] [plex_meta_manager.py:602]  [INFO]     |                                                                                                    |
[2022-11-16 22:31:33,153] [plex_meta_manager.py:603]  [INFO]     | Smart Movie Filter                                                                                 |
                                                                 | Sort By: ['title.asc']
                                                                 | Filter:
                                                                 |   Match any of the following:
                                                                 |     Actor is Crystal Lowe
[2022-11-16 22:31:33,193] [builder.py:2509]           [DEBUG]    | Smart Collection Created: ?type=1&sort=titleSort&push=1&actor=4977&pop=1
[2022-11-16 22:31:33,203] [builder.py:2527]           [INFO]     | 
[2022-11-16 22:31:33,204] [builder.py:2528]           [INFO]     |=========================== Updating Details of Crystal Lowe Collection ============================|
[2022-11-16 22:31:33,204] [builder.py:2529]           [INFO]     |                                                                                                    |
[2022-11-16 22:31:33,213] [builder.py:2595]           [INFO]     | Collection Metadata Edits                                                                          |
                                                                 | Summary (summary) | Movies with Crystal Lowe.
                                                                 | Sort Title | !17_Crystal Lowe
                                                                 | Label | +Top Actors, +PMM
[2022-11-16 22:31:35,379] [builder.py:2599]           [INFO]     | Details: have been updated
[2022-11-16 22:31:35,379] [builder.py:2603]           [INFO]     | 
[2022-11-16 22:31:37,342] [builder.py:2615]           [INFO]     | Collection Mode | hide
[2022-11-16 22:31:37,355] [plex.py:1203]              [WARNING]  | Asset Warning: Asset Directory Not Found and Created: config/Old_Movies/Assets/Crystal Lowe
[2022-11-16 22:31:37,355] [util.py:174]               [DEBUG]    | 1 poster found:
[2022-11-16 22:31:37,355] [util.py:176]               [DEBUG]    | Method: tmdb_person Poster: https://image.tmdb.org/t/p/original/9M9FbnKMTTqgJmWrsKqviewLrmj.jpg
[2022-11-16 22:31:37,399] [library.py:178]            [INFO]     | Detail: tmdb_person updated poster to [URL] https://image.tmdb.org/t/p/original/9M9FbnKMTTqgJmWrsKqviewLrmj.jpg
[2022-11-16 22:31:37,445] [plex_meta_manager.py:736]  [INFO]     | 
[2022-11-16 22:31:37,445] [plex_meta_manager.py:737]  [INFO]     |====================================================================================================|
[2022-11-16 22:31:37,445] [plex_meta_manager.py:737]  [INFO]     |                                  Finished Crystal Lowe Collection                                  |
[2022-11-16 22:31:37,445] [plex_meta_manager.py:737]  [INFO]     |                                    Collection Run Time: 0:00:04                                    |
[2022-11-16 22:31:37,446] [plex_meta_manager.py:737]  [INFO]     |====================================================================================================|
