[2022-11-16 18:56:08,102] [builder.py:193]            [INFO]     |====================================================================================================|
[2022-11-16 18:56:08,103] [builder.py:193]            [INFO]     |                       Leigh Whannell (Writer) Collection in Halloween Movies                       |
[2022-11-16 18:56:08,103] [builder.py:193]            [INFO]     |====================================================================================================|
[2022-11-16 18:56:08,103] [builder.py:194]            [INFO]     |                                                                                                    |
[2022-11-16 18:56:08,104] [builder.py:199]            [INFO]     |================================ Building Definition From Templates ================================|
[2022-11-16 18:56:08,104] [builder.py:215]            [DEBUG]    |                                                                                                    |
[2022-11-16 18:56:08,104] [meta.py:210]               [DEBUG]    |====================================== Template smart_filter =======================================|
[2022-11-16 18:56:08,105] [meta.py:451]               [DEBUG]    |                                                                                                    |
[2022-11-16 18:56:08,113] [meta.py:210]               [DEBUG]    |======================================= Template translation =======================================|
[2022-11-16 18:56:08,114] [meta.py:451]               [DEBUG]    |                                                                                                    |
[2022-11-16 18:56:08,117] [meta.py:210]               [DEBUG]    |========================================= Template shared ==========================================|
[2022-11-16 18:56:08,119] [meta.py:451]               [DEBUG]    |                                                                                                    |
[2022-11-16 18:56:08,136] [meta.py:512]               [DEBUG]    |                                                                                                    |
[2022-11-16 18:56:08,136] [meta.py:513]               [DEBUG]    |==================================== Final Template Attributes =====================================|
[2022-11-16 18:56:08,136] [meta.py:514]               [DEBUG]    |                                                                                                    |
[2022-11-16 18:56:08,136] [meta.py:515]               [DEBUG]    | {'tmdb_person': ['Leigh Whannell'], 'smart_filter': {'sort_by': 'title.asc', 'any': {'writer': 'tmdb'}}, 'summary': 'Movies written by Leigh Whannell.', 'name': 'Leigh Whannell (Writer)', 'ignore_blank_results': True, 'collection_mode': 'hide', 'sort_title': '!20_Leigh Whannell (Writer)', 'url_poster': 'https://raw.githubusercontent.com/meisnate12/Plex-Meta-Manager-Images/master/people/rainier/Leigh%20Whannell.jpg'} |
[2022-11-16 18:56:08,136] [meta.py:516]               [DEBUG]    |                                                                                                    |
[2022-11-16 18:56:08,136] [builder.py:223]            [INFO]     |========================== Validating Leigh Whannell (Writer) Attributes ===========================|
[2022-11-16 18:56:08,136] [builder.py:226]            [DEBUG]    |                                                                                                    |
[2022-11-16 18:56:08,137] [builder.py:227]            [DEBUG]    | Validating Method: name                                                                            |
[2022-11-16 18:56:08,137] [builder.py:230]            [DEBUG]    | Value: Leigh Whannell (Writer)                                                                     |
[2022-11-16 18:56:08,137] [builder.py:502]            [DEBUG]    |                                                                                                    |
[2022-11-16 18:56:08,137] [builder.py:503]            [DEBUG]    | Validating Method: ignore_blank_results                                                            |
[2022-11-16 18:56:08,137] [builder.py:504]            [DEBUG]    | Value: True                                                                                        |
[2022-11-16 18:56:08,137] [builder.py:528]            [DEBUG]    |                                                                                                    |
[2022-11-16 18:56:08,137] [builder.py:529]            [DEBUG]    | Validating Method: tmdb_person                                                                     |
[2022-11-16 18:56:08,137] [builder.py:533]            [DEBUG]    | Value: ['Leigh Whannell']                                                                          |
[2022-11-16 18:56:08,173] [builder.py:1784]           [INFO]     |                                                                                                    |
[2022-11-16 18:56:08,174] [builder.py:1785]           [INFO]     | Validating Method: smart_filter                                                                    |
[2022-11-16 18:56:08,174] [builder.py:1791]           [DEBUG]    | Value: {'sort_by': 'title.asc', 'any': {'writer': 'tmdb'}}                                         |
[2022-11-16 18:56:08,283] [builder.py:1978]           [DEBUG]    | Smart URL: ?type=1&sort=titleSort&push=1&writer=18275&pop=1                                        |
[2022-11-16 18:56:08,283] [builder.py:646]            [DEBUG]    |                                                                                                    |
[2022-11-16 18:56:08,284] [builder.py:650]            [DEBUG]    | Validating Method: label                                                                           |
[2022-11-16 18:56:08,284] [builder.py:651]            [DEBUG]    | Value: Top Writers                                                                                 |
[2022-11-16 18:56:08,284] [builder.py:646]            [DEBUG]    |                                                                                                    |
[2022-11-16 18:56:08,284] [builder.py:650]            [DEBUG]    | Validating Method: summary                                                                         |
[2022-11-16 18:56:08,284] [builder.py:651]            [DEBUG]    | Value: Movies written by Leigh Whannell.                                                           |
[2022-11-16 18:56:08,284] [builder.py:646]            [DEBUG]    |                                                                                                    |
[2022-11-16 18:56:08,284] [builder.py:650]            [DEBUG]    | Validating Method: collection_mode                                                                 |
[2022-11-16 18:56:08,285] [builder.py:651]            [DEBUG]    | Value: hide                                                                                        |
[2022-11-16 18:56:08,285] [builder.py:646]            [DEBUG]    |                                                                                                    |
[2022-11-16 18:56:08,285] [builder.py:650]            [DEBUG]    | Validating Method: sort_title                                                                      |
[2022-11-16 18:56:08,285] [builder.py:651]            [DEBUG]    | Value: !20_Leigh Whannell (Writer)                                                                 |
[2022-11-16 18:56:08,285] [builder.py:646]            [DEBUG]    |                                                                                                    |
[2022-11-16 18:56:08,285] [builder.py:650]            [DEBUG]    | Validating Method: url_poster                                                                      |
[2022-11-16 18:56:08,285] [builder.py:651]            [DEBUG]    | Value: https://raw.githubusercontent.com/meisnate12/Plex-Meta-Manager-Images/master/people/rainier/Leigh%20Whannell.jpg |
[2022-11-16 18:56:08,342] [builder.py:814]            [INFO]     |                                                                                                    |
[2022-11-16 18:56:08,343] [builder.py:815]            [INFO]     | Validation Successful                                                                              |
[2022-11-16 18:56:08,343] [plex_meta_manager.py:594]  [INFO]     |                                                                                                    |
[2022-11-16 18:56:08,343] [plex_meta_manager.py:596]  [INFO]     |============================ Running Leigh Whannell (Writer) Collection ============================|
[2022-11-16 18:56:08,344] [plex_meta_manager.py:602]  [INFO]     |                                                                                                    |
[2022-11-16 18:56:08,344] [plex_meta_manager.py:603]  [INFO]     | Smart Movie Filter                                                                                 |
                                                                 | Sort By: ['title.asc']
                                                                 | Filter:
                                                                 |   Match any of the following:
                                                                 |     Writer is Leigh Whannell
[2022-11-16 18:56:08,374] [builder.py:2527]           [INFO]     | 
[2022-11-16 18:56:08,374] [builder.py:2528]           [INFO]     |====================== Updating Details of Leigh Whannell (Writer) Collection ======================|
[2022-11-16 18:56:08,375] [builder.py:2529]           [INFO]     |                                                                                                    |
[2022-11-16 18:56:08,384] [builder.py:2595]           [INFO]     | Collection Metadata Edits                                                                          |
[2022-11-16 18:56:08,386] [util.py:174]               [DEBUG]    | 3 posters found:                                                                                   |
[2022-11-16 18:56:08,386] [util.py:176]               [DEBUG]    | Method: tmdb_person Poster: https://image.tmdb.org/t/p/original/wvoTbsROOHfCqJ3Voe9zpal429L.jpg    |
[2022-11-16 18:56:08,387] [util.py:176]               [DEBUG]    | Method: url_poster Poster: https://raw.githubusercontent.com/meisnate12/Plex-Meta-Manager-Images/master/people/rainier/Leigh%20Whannell.jpg |
[2022-11-16 18:56:08,387] [util.py:176]               [DEBUG]    | Method: asset_directory Poster: {'attribute': 'asset_directory', 'location': '/config/Halloween_Movies/Assets/Leigh Whannell (Writer)/poster.jpg', 'prefix': "Leigh Whannell (Writer)'s ", 'is_poster': True, 'is_url': False, 'compare': 708692, 'message': "Leigh Whannell (Writer)'s poster to [File] /config/Halloween_Movies/Assets/Leigh Whannell (Writer)/poster.jpg"} |
[2022-11-16 18:56:08,388] [library.py:180]            [INFO]     | Detail: Leigh Whannell (Writer)'s poster update not needed                                         |
[2022-11-16 18:56:08,421] [plex_meta_manager.py:736]  [INFO]     |                                                                                                    |
[2022-11-16 18:56:08,422] [plex_meta_manager.py:737]  [INFO]     |====================================================================================================|
[2022-11-16 18:56:08,422] [plex_meta_manager.py:737]  [INFO]     |                            Finished Leigh Whannell (Writer) Collection                             |
[2022-11-16 18:56:08,422] [plex_meta_manager.py:737]  [INFO]     |                                    Collection Run Time: 0:00:00                                    |
[2022-11-16 18:56:08,422] [plex_meta_manager.py:737]  [INFO]     |====================================================================================================|
