[2022-11-16 20:31:47,618] [builder.py:193]            [INFO]     |====================================================================================================|
[2022-11-16 20:31:47,618] [builder.py:193]            [INFO]     |                            Golden Globe 1982 Collection in Kids Movies                             |
[2022-11-16 20:31:47,618] [builder.py:193]            [INFO]     |====================================================================================================|
[2022-11-16 20:31:47,618] [builder.py:194]            [INFO]     |                                                                                                    |
[2022-11-16 20:31:47,618] [builder.py:199]            [INFO]     |================================ Building Definition From Templates ================================|
[2022-11-16 20:31:47,618] [builder.py:215]            [DEBUG]    |                                                                                                    |
[2022-11-16 20:31:47,618] [meta.py:210]               [DEBUG]    |================================== Template use_year_collections ===================================|
[2022-11-16 20:31:47,619] [meta.py:451]               [DEBUG]    |                                                                                                    |
[2022-11-16 20:31:47,620] [meta.py:210]               [DEBUG]    |========================================== Template imdb ===========================================|
[2022-11-16 20:31:47,620] [meta.py:451]               [DEBUG]    |                                                                                                    |
[2022-11-16 20:31:47,621] [meta.py:210]               [DEBUG]    |======================================= Template translation =======================================|
[2022-11-16 20:31:47,622] [meta.py:451]               [DEBUG]    |                                                                                                    |
[2022-11-16 20:31:47,624] [meta.py:210]               [DEBUG]    |========================================= Template shared ==========================================|
[2022-11-16 20:31:47,625] [meta.py:451]               [DEBUG]    |                                                                                                    |
[2022-11-16 20:31:47,635] [meta.py:210]               [DEBUG]    |=========================================== Template arr ===========================================|
[2022-11-16 20:31:47,636] [meta.py:451]               [DEBUG]    |                                                                                                    |
[2022-11-16 20:31:47,641] [meta.py:210]               [DEBUG]    |========================================= Template custom ==========================================|
[2022-11-16 20:31:47,642] [meta.py:451]               [DEBUG]    |                                                                                                    |
[2022-11-16 20:31:47,645] [meta.py:512]               [DEBUG]    |                                                                                                    |
[2022-11-16 20:31:47,646] [meta.py:513]               [DEBUG]    |==================================== Final Template Attributes =====================================|
[2022-11-16 20:31:47,646] [meta.py:514]               [DEBUG]    |                                                                                                    |
[2022-11-16 20:31:47,646] [meta.py:515]               [DEBUG]    | {'imdb_list': 'https://www.imdb.com/search/title/?release_date=1982-01-01,1982-12-31&groups=golden_globe_winner&sort=moviemeter,asc', 'summary': '1982 Golden Globe Winners.', 'name': 'Golden Globe 1982', 'ignore_blank_results': True, 'collection_mode': 'hide', 'sort_title': '!16_Golden Globe 1982', 'url_poster': 'https://raw.githubusercontent.com/meisnate12/Plex-Meta-Manager-Images/master/award/golden/winner/1982.jpg', 'collection_order': 'custom', 'sync_mode': 'sync', 'cache_builders': 1} |
[2022-11-16 20:31:47,646] [meta.py:516]               [DEBUG]    |                                                                                                    |
[2022-11-16 20:31:47,646] [builder.py:223]            [INFO]     |============================= Validating Golden Globe 1982 Attributes ==============================|
[2022-11-16 20:31:47,646] [builder.py:226]            [DEBUG]    |                                                                                                    |
[2022-11-16 20:31:47,646] [builder.py:227]            [DEBUG]    | Validating Method: name                                                                            |
[2022-11-16 20:31:47,646] [builder.py:230]            [DEBUG]    | Value: Golden Globe 1982                                                                           |
[2022-11-16 20:31:47,646] [builder.py:502]            [DEBUG]    |                                                                                                    |
[2022-11-16 20:31:47,646] [builder.py:503]            [DEBUG]    | Validating Method: ignore_blank_results                                                            |
[2022-11-16 20:31:47,647] [builder.py:504]            [DEBUG]    | Value: True                                                                                        |
[2022-11-16 20:31:47,647] [builder.py:516]            [DEBUG]    |                                                                                                    |
[2022-11-16 20:31:47,647] [builder.py:517]            [DEBUG]    | Validating Method: sync_mode                                                                       |
[2022-11-16 20:31:47,647] [builder.py:521]            [DEBUG]    | Value: sync                                                                                        |
[2022-11-16 20:31:47,647] [builder.py:613]            [DEBUG]    |                                                                                                    |
[2022-11-16 20:31:47,647] [builder.py:614]            [DEBUG]    | Validating Method: collection_order                                                                |
[2022-11-16 20:31:47,647] [builder.py:615]            [DEBUG]    | Value: custom                                                                                      |
[2022-11-16 20:31:47,647] [builder.py:646]            [DEBUG]    |                                                                                                    |
[2022-11-16 20:31:47,647] [builder.py:650]            [DEBUG]    | Validating Method: label                                                                           |
[2022-11-16 20:31:47,647] [builder.py:651]            [DEBUG]    | Value: Golden Globes Awards                                                                        |
[2022-11-16 20:31:47,647] [builder.py:646]            [DEBUG]    |                                                                                                    |
[2022-11-16 20:31:47,648] [builder.py:650]            [DEBUG]    | Validating Method: imdb_list                                                                       |
[2022-11-16 20:31:47,648] [builder.py:651]            [DEBUG]    | Value: https://www.imdb.com/search/title/?release_date=1982-01-01,1982-12-31&groups=golden_globe_winner&sort=moviemeter,asc |
[2022-11-16 20:31:47,791] [builder.py:646]            [DEBUG]    |                                                                                                    |
[2022-11-16 20:31:47,793] [builder.py:650]            [DEBUG]    | Validating Method: summary                                                                         |
[2022-11-16 20:31:47,793] [builder.py:651]            [DEBUG]    | Value: 1982 Golden Globe Winners.                                                                  |
[2022-11-16 20:31:47,793] [builder.py:646]            [DEBUG]    |                                                                                                    |
[2022-11-16 20:31:47,793] [builder.py:650]            [DEBUG]    | Validating Method: collection_mode                                                                 |
[2022-11-16 20:31:47,793] [builder.py:651]            [DEBUG]    | Value: hide                                                                                        |
[2022-11-16 20:31:47,793] [builder.py:646]            [DEBUG]    |                                                                                                    |
[2022-11-16 20:31:47,794] [builder.py:650]            [DEBUG]    | Validating Method: sort_title                                                                      |
[2022-11-16 20:31:47,794] [builder.py:651]            [DEBUG]    | Value: !16_Golden Globe 1982                                                                       |
[2022-11-16 20:31:47,794] [builder.py:646]            [DEBUG]    |                                                                                                    |
[2022-11-16 20:31:47,794] [builder.py:650]            [DEBUG]    | Validating Method: url_poster                                                                      |
[2022-11-16 20:31:47,794] [builder.py:651]            [DEBUG]    | Value: https://raw.githubusercontent.com/meisnate12/Plex-Meta-Manager-Images/master/award/golden/winner/1982.jpg |
[2022-11-16 20:31:47,899] [builder.py:646]            [DEBUG]    |                                                                                                    |
[2022-11-16 20:31:47,899] [builder.py:650]            [DEBUG]    | Validating Method: cache_builders                                                                  |
[2022-11-16 20:31:47,899] [builder.py:651]            [DEBUG]    | Value: 1                                                                                           |
[2022-11-16 20:31:47,905] [plex.py:835]               [DEBUG]    |                                                                                                    |
[2022-11-16 20:31:47,905] [plex.py:838]               [DEBUG]    | Looking for: Golden Globe 1982                                                                     |
[2022-11-16 20:31:47,905] [builder.py:814]            [INFO]     |                                                                                                    |
[2022-11-16 20:31:47,905] [builder.py:815]            [INFO]     | Validation Successful                                                                              |
[2022-11-16 20:31:47,905] [plex_meta_manager.py:594]  [INFO]     |                                                                                                    |
[2022-11-16 20:31:47,905] [plex_meta_manager.py:596]  [INFO]     |=============================== Running Golden Globe 1982 Collection ===============================|
[2022-11-16 20:31:47,905] [plex_meta_manager.py:608]  [INFO]     |                                                                                                    |
[2022-11-16 20:31:47,905] [plex_meta_manager.py:609]  [INFO]     | Sync Mode: sync                                                                                    |
[2022-11-16 20:31:47,906] [plex_meta_manager.py:612]  [DEBUG]    |                                                                                                    |
[2022-11-16 20:31:47,906] [plex_meta_manager.py:613]  [DEBUG]    | Builder: imdb_list: {'url': 'https://www.imdb.com/search/title/?release_date=1982-01-01,1982-12-31&groups=golden_globe_winner&sort=moviemeter,asc', 'limit': 0} |
[2022-11-16 20:31:47,906] [plex_meta_manager.py:614]  [INFO]     |                                                                                                    |
[2022-11-16 20:31:47,907] [builder.py:1523]           [INFO]     | Builder: imdb_list loaded from Cache                                                               |
[2022-11-16 20:31:47,909] [builder.py:1574]           [DEBUG]    |                                                                                                    |
[2022-11-16 20:31:47,909] [builder.py:1575]           [DEBUG]    | 12 IDs Found                                                                                       |
[2022-11-16 20:31:47,909] [builder.py:1577]           [DEBUG]    |                                                                                                    |
[2022-11-16 20:31:47,921] [builder.py:2306]           [INFO]     |                                                                                                    |
[2022-11-16 20:31:47,922] [builder.py:2307]           [INFO]     |============================= Missing Movies from Library: Kids Movies =============================|
[2022-11-16 20:31:47,922] [builder.py:2308]           [INFO]     |                                                                                                    |
[2022-11-16 20:31:47,934] [builder.py:2321]           [INFO]     | Golden Globe 1982 Collection | ? | Conan the Barbarian (1982) (TMDb: 9387)                         |
[2022-11-16 20:31:47,945] [builder.py:2321]           [INFO]     | Golden Globe 1982 Collection | ? | Tootsie (1982) (TMDb: 9576)                                     |
[2022-11-16 20:31:47,960] [builder.py:2321]           [INFO]     | Golden Globe 1982 Collection | ? | An Officer and a Gentleman (1982) (TMDb: 2623)                  |
[2022-11-16 20:31:47,971] [builder.py:2321]           [INFO]     | Golden Globe 1982 Collection | ? | Gandhi (1982) (TMDb: 783)                                       |
[2022-11-16 20:31:47,984] [builder.py:2321]           [INFO]     | Golden Globe 1982 Collection | ? | Sophie's Choice (1982) (TMDb: 15764)                            |
[2022-11-16 20:31:47,996] [builder.py:2321]           [INFO]     | Golden Globe 1982 Collection | ? | Fanny and Alexander (1982) (TMDb: 5961)                         |
[2022-11-16 20:31:48,008] [builder.py:2321]           [INFO]     | Golden Globe 1982 Collection | ? | Victor/Victoria (1982) (TMDb: 12614)                            |
[2022-11-16 20:31:48,191] [builder.py:2321]           [INFO]     | Golden Globe 1982 Collection | ? | A Woman Called Golda (1982) (TMDb: 126031)                      |
[2022-11-16 20:31:48,191] [builder.py:2326]           [INFO]     |                                                                                                    |
[2022-11-16 20:31:48,191] [builder.py:2327]           [INFO]     | 8 Movies Missing                                                                                   |
[2022-11-16 20:31:51,587] [plex_meta_manager.py:652]  [INFO]     |                                                                                                    |
[2022-11-16 20:31:51,587] [plex_meta_manager.py:653]  [INFO]     | Collection Minimum: 2 not met for Golden Globe 1982 Collection                                     |
[2022-11-16 20:31:51,587] [plex_meta_manager.py:736]  [INFO]     |                                                                                                    |
[2022-11-16 20:31:51,587] [plex_meta_manager.py:737]  [INFO]     |====================================================================================================|
[2022-11-16 20:31:51,587] [plex_meta_manager.py:737]  [INFO]     |                               Finished Golden Globe 1982 Collection                                |
[2022-11-16 20:31:51,587] [plex_meta_manager.py:737]  [INFO]     |                                    Collection Run Time: 0:00:03                                    |
[2022-11-16 20:31:51,587] [plex_meta_manager.py:737]  [INFO]     |====================================================================================================|
