[2022-11-16 23:23:54,234] [builder.py:193]            [INFO]     |====================================================================================================|
[2022-11-16 23:23:54,235] [builder.py:193]            [INFO]     |                           New Year's Eve Movies Collection in New Movies                           |
[2022-11-16 23:23:54,236] [builder.py:193]            [INFO]     |====================================================================================================|
[2022-11-16 23:23:54,237] [builder.py:194]            [INFO]     |                                                                                                    |
[2022-11-16 23:23:54,237] [builder.py:199]            [INFO]     |================================ Building Definition From Templates ================================|
[2022-11-16 23:23:54,238] [builder.py:215]            [DEBUG]    |                                                                                                    |
[2022-11-16 23:23:54,238] [meta.py:210]               [DEBUG]    |========================================= Template Holiday =========================================|
[2022-11-16 23:23:54,239] [meta.py:451]               [DEBUG]    |                                                                                                    |
[2022-11-16 23:23:54,242] [meta.py:512]               [DEBUG]    |                                                                                                    |
[2022-11-16 23:23:54,242] [meta.py:513]               [DEBUG]    |==================================== Final Template Attributes =====================================|
[2022-11-16 23:23:54,242] [meta.py:514]               [DEBUG]    |                                                                                                    |
[2022-11-16 23:23:54,242] [meta.py:515]               [DEBUG]    | {'url_poster': 'https://i.imgur.com/YCYXhAX.png', 'collection_order': 'release.desc', 'collection_mode': 'hide', 'delete_not_scheduled': False, 'run_again': True, 'sync_mode': 'sync'} |
[2022-11-16 23:23:54,242] [meta.py:516]               [DEBUG]    |                                                                                                    |
[2022-11-16 23:23:54,243] [builder.py:223]            [INFO]     |=========================== Validating New Year's Eve Movies Attributes ============================|
[2022-11-16 23:23:54,243] [builder.py:443]            [DEBUG]    |                                                                                                    |
[2022-11-16 23:23:54,243] [builder.py:444]            [DEBUG]    | Validating Method: delete_not_scheduled                                                            |
[2022-11-16 23:23:54,243] [builder.py:445]            [DEBUG]    | Value: False                                                                                       |
[2022-11-16 23:23:54,243] [builder.py:488]            [DEBUG]    |                                                                                                    |
[2022-11-16 23:23:54,243] [builder.py:489]            [DEBUG]    | Validating Method: run_again                                                                       |
[2022-11-16 23:23:54,244] [builder.py:490]            [DEBUG]    | Value: True                                                                                        |
[2022-11-16 23:23:54,244] [builder.py:516]            [DEBUG]    |                                                                                                    |
[2022-11-16 23:23:54,244] [builder.py:517]            [DEBUG]    | Validating Method: sync_mode                                                                       |
[2022-11-16 23:23:54,244] [builder.py:521]            [DEBUG]    | Value: sync                                                                                        |
[2022-11-16 23:23:54,244] [builder.py:613]            [DEBUG]    |                                                                                                    |
[2022-11-16 23:23:54,244] [builder.py:614]            [DEBUG]    | Validating Method: collection_order                                                                |
[2022-11-16 23:23:54,244] [builder.py:615]            [DEBUG]    | Value: release.desc                                                                                |
[2022-11-16 23:23:54,244] [builder.py:646]            [DEBUG]    |                                                                                                    |
[2022-11-16 23:23:54,245] [builder.py:650]            [DEBUG]    | Validating Method: visible_home                                                                    |
[2022-11-16 23:23:54,245] [builder.py:651]            [DEBUG]    | Value: range(12/26-01/05)                                                                          |
[2022-11-16 23:23:54,245] [builder.py:646]            [DEBUG]    |                                                                                                    |
[2022-11-16 23:23:54,245] [builder.py:650]            [DEBUG]    | Validating Method: visible_shared                                                                  |
[2022-11-16 23:23:54,245] [builder.py:651]            [DEBUG]    | Value: range(12/26-01/05)                                                                          |
[2022-11-16 23:23:54,246] [builder.py:646]            [DEBUG]    |                                                                                                    |
[2022-11-16 23:23:54,246] [builder.py:650]            [DEBUG]    | Validating Method: sort_title                                                                      |
[2022-11-16 23:23:54,246] [builder.py:651]            [DEBUG]    | Value: +++++++_New Year                                                                            |
[2022-11-16 23:23:54,246] [builder.py:646]            [DEBUG]    |                                                                                                    |
[2022-11-16 23:23:54,246] [builder.py:650]            [DEBUG]    | Validating Method: imdb_list                                                                       |
[2022-11-16 23:23:54,246] [builder.py:651]            [DEBUG]    | Value: ['https://www.imdb.com/list/ls066838460/']                                                  |
[2022-11-16 23:23:55,227] [builder.py:646]            [DEBUG]    |                                                                                                    |
[2022-11-16 23:23:55,231] [builder.py:650]            [DEBUG]    | Validating Method: summary                                                                         |
[2022-11-16 23:23:55,232] [builder.py:651]            [DEBUG]    | Value: This collection revolves around the plot involving New Year's Eve.                          |
[2022-11-16 23:23:55,234] [builder.py:646]            [DEBUG]    |                                                                                                    |
[2022-11-16 23:23:55,234] [builder.py:650]            [DEBUG]    | Validating Method: url_poster                                                                      |
[2022-11-16 23:23:55,234] [builder.py:651]            [DEBUG]    | Value: https://i.imgur.com/YCYXhAX.png                                                             |
[2022-11-16 23:23:55,437] [builder.py:646]            [DEBUG]    |                                                                                                    |
[2022-11-16 23:23:55,437] [builder.py:650]            [DEBUG]    | Validating Method: collection_mode                                                                 |
[2022-11-16 23:23:55,437] [builder.py:651]            [DEBUG]    | Value: hide                                                                                        |
[2022-11-16 23:23:55,441] [plex.py:835]               [DEBUG]    |                                                                                                    |
[2022-11-16 23:23:55,442] [plex.py:838]               [DEBUG]    | Looking for: New Year's Eve Movies                                                                 |
[2022-11-16 23:23:55,442] [builder.py:814]            [INFO]     |                                                                                                    |
[2022-11-16 23:23:55,443] [builder.py:815]            [INFO]     | Validation Successful                                                                              |
[2022-11-16 23:23:55,443] [plex_meta_manager.py:594]  [INFO]     |                                                                                                    |
[2022-11-16 23:23:55,443] [plex_meta_manager.py:596]  [INFO]     |============================= Running New Year's Eve Movies Collection =============================|
[2022-11-16 23:23:55,444] [plex_meta_manager.py:608]  [INFO]     |                                                                                                    |
[2022-11-16 23:23:55,444] [plex_meta_manager.py:609]  [INFO]     | Sync Mode: sync                                                                                    |
[2022-11-16 23:23:55,444] [plex_meta_manager.py:612]  [DEBUG]    |                                                                                                    |
[2022-11-16 23:23:55,445] [plex_meta_manager.py:613]  [DEBUG]    | Builder: imdb_list: {'url': 'https://www.imdb.com/list/ls066838460/', 'limit': 0}                  |
[2022-11-16 23:23:55,445] [plex_meta_manager.py:614]  [INFO]     |                                                                                                    |
[2022-11-16 23:23:55,445] [imdb.py:202]               [INFO]     | Processing IMDb List: https://www.imdb.com/list/ls066838460/                                       |
[2022-11-16 23:23:58,909] [builder.py:1574]           [DEBUG]    |                                                                                                    |
[2022-11-16 23:23:58,909] [builder.py:1575]           [DEBUG]    | 23 IDs Found                                                                                       |
[2022-11-16 23:23:58,909] [builder.py:1577]           [DEBUG]    |                                                                                                    |
[2022-11-16 23:23:58,936] [builder.py:2306]           [INFO]     |                                                                                                    |
[2022-11-16 23:23:58,940] [builder.py:2307]           [INFO]     |============================= Missing Movies from Library: New Movies ==============================|
[2022-11-16 23:23:58,940] [builder.py:2308]           [INFO]     |                                                                                                    |
[2022-11-16 23:23:58,954] [builder.py:2321]           [INFO]     | New Year's Eve Movies Collection | ? | The Poseidon Adventure (1972) (TMDb: 551)                   |
[2022-11-16 23:23:58,965] [builder.py:2321]           [INFO]     | New Year's Eve Movies Collection | ? | The Godfather Part II (1974) (TMDb: 240)                    |
[2022-11-16 23:23:58,974] [builder.py:2321]           [INFO]     | New Year's Eve Movies Collection | ? | Trading Places (1983) (TMDb: 1621)                          |
[2022-11-16 23:23:58,985] [builder.py:2321]           [INFO]     | New Year's Eve Movies Collection | ? | Radio Days (1987) (TMDb: 30890)                             |
[2022-11-16 23:23:59,002] [builder.py:2321]           [INFO]     | New Year's Eve Movies Collection | ? | When Harry Met Sally... (1989) (TMDb: 639)                  |
[2022-11-16 23:23:59,013] [builder.py:2321]           [INFO]     | New Year's Eve Movies Collection | ? | Ghostbusters II (1989) (TMDb: 2978)                         |
[2022-11-16 23:23:59,025] [builder.py:2321]           [INFO]     | New Year's Eve Movies Collection | ? | Mermaids (1990) (TMDb: 4587)                                |
[2022-11-16 23:23:59,045] [builder.py:2321]           [INFO]     | New Year's Eve Movies Collection | ? | The Hudsucker Proxy (1994) (TMDb: 11934)                    |
[2022-11-16 23:23:59,058] [builder.py:2321]           [INFO]     | New Year's Eve Movies Collection | ? | Four Rooms (1995) (TMDb: 5)                                 |
[2022-11-16 23:23:59,069] [builder.py:2321]           [INFO]     | New Year's Eve Movies Collection | ? | Waiting to Exhale (1995) (TMDb: 31357)                      |
[2022-11-16 23:23:59,080] [builder.py:2321]           [INFO]     | New Year's Eve Movies Collection | ? | Money Train (1995) (TMDb: 11517)                            |
[2022-11-16 23:23:59,104] [builder.py:2321]           [INFO]     | New Year's Eve Movies Collection | ? | Strange Days (1995) (TMDb: 281)                             |
[2022-11-16 23:23:59,106] [builder.py:2321]           [INFO]     | New Year's Eve Movies Collection | ? | Boogie Nights (1997) (TMDb: 4995)                           |
[2022-11-16 23:23:59,117] [builder.py:2321]           [INFO]     | New Year's Eve Movies Collection | ? | 54 (1998) (TMDb: 3682)                                      |
[2022-11-16 23:23:59,129] [builder.py:2321]           [INFO]     | New Year's Eve Movies Collection | ? | 200 Cigarettes (1999) (TMDb: 15256)                         |
[2022-11-16 23:23:59,139] [builder.py:2321]           [INFO]     | New Year's Eve Movies Collection | ? | Ocean's Eleven (2001) (TMDb: 161)                           |
[2022-11-16 23:23:59,150] [builder.py:2321]           [INFO]     | New Year's Eve Movies Collection | ? | Better Luck Tomorrow (2002) (TMDb: 14290)                   |
[2022-11-16 23:23:59,162] [builder.py:2321]           [INFO]     | New Year's Eve Movies Collection | ? | About a Boy (2002) (TMDb: 245)                              |
[2022-11-16 23:23:59,184] [builder.py:2321]           [INFO]     | New Year's Eve Movies Collection | ? | Bridget Jones's Diary (2001) (TMDb: 634)                    |
[2022-11-16 23:23:59,201] [builder.py:2321]           [INFO]     | New Year's Eve Movies Collection | ? | Rent (2005) (TMDb: 1833)                                    |
[2022-11-16 23:23:59,213] [builder.py:2321]           [INFO]     | New Year's Eve Movies Collection | ? | In Search of a Midnight Kiss (2007) (TMDb: 13120)           |
[2022-11-16 23:23:59,227] [builder.py:2321]           [INFO]     | New Year's Eve Movies Collection | ? | New Year's Eve (2011) (TMDb: 62838)                         |
[2022-11-16 23:23:59,247] [builder.py:2321]           [INFO]     | New Year's Eve Movies Collection | ? | A Long Way Down (2014) (TMDb: 141043)                       |
[2022-11-16 23:23:59,247] [builder.py:2326]           [INFO]     |                                                                                                    |
[2022-11-16 23:23:59,247] [builder.py:2327]           [INFO]     | 23 Movies Missing                                                                                  |
[2022-11-16 23:24:01,825] [plex_meta_manager.py:652]  [INFO]     |                                                                                                    |
[2022-11-16 23:24:01,825] [plex_meta_manager.py:653]  [INFO]     | Collection Minimum: 2 not met for New Year's Eve Movies Collection                                 |
[2022-11-16 23:24:01,825] [plex_meta_manager.py:736]  [INFO]     |                                                                                                    |
[2022-11-16 23:24:01,825] [plex_meta_manager.py:737]  [INFO]     |====================================================================================================|
[2022-11-16 23:24:01,825] [plex_meta_manager.py:737]  [INFO]     |                             Finished New Year's Eve Movies Collection                              |
[2022-11-16 23:24:01,826] [plex_meta_manager.py:737]  [INFO]     |                                    Collection Run Time: 0:00:07                                    |
[2022-11-16 23:24:01,826] [plex_meta_manager.py:737]  [INFO]     |====================================================================================================|
