[2022-11-20 17:03:31,788] [builder.py:193]            [INFO]     |====================================================================================================|
[2022-11-20 17:03:31,789] [builder.py:193]            [INFO]     |                     Jonathan Wright (Director) Collection in Christmas Movies                      |
[2022-11-20 17:03:31,789] [builder.py:193]            [INFO]     |====================================================================================================|
[2022-11-20 17:03:31,791] [builder.py:194]            [INFO]     |                                                                                                    |
[2022-11-20 17:03:31,792] [builder.py:199]            [INFO]     |================================ Building Definition From Templates ================================|
[2022-11-20 17:03:31,797] [builder.py:215]            [DEBUG]    |                                                                                                    |
[2022-11-20 17:03:31,799] [meta.py:210]               [DEBUG]    |====================================== Template smart_filter =======================================|
[2022-11-20 17:03:31,803] [meta.py:451]               [DEBUG]    |                                                                                                    |
[2022-11-20 17:03:31,815] [meta.py:210]               [DEBUG]    |======================================= Template translation =======================================|
[2022-11-20 17:03:31,816] [meta.py:451]               [DEBUG]    |                                                                                                    |
[2022-11-20 17:03:31,821] [meta.py:210]               [DEBUG]    |========================================= Template shared ==========================================|
[2022-11-20 17:03:31,823] [meta.py:451]               [DEBUG]    |                                                                                                    |
[2022-11-20 17:03:31,843] [meta.py:512]               [DEBUG]    |                                                                                                    |
[2022-11-20 17:03:31,843] [meta.py:513]               [DEBUG]    |==================================== Final Template Attributes =====================================|
[2022-11-20 17:03:31,844] [meta.py:514]               [DEBUG]    |                                                                                                    |
[2022-11-20 17:03:31,844] [meta.py:515]               [DEBUG]    | {'tmdb_person': ['Jonathan Wright'], 'smart_filter': {'sort_by': 'title.asc', 'any': {'director': 'tmdb'}}, 'summary': 'Movies directed by Jonathan Wright.', 'name': 'Jonathan Wright (Director)', 'ignore_blank_results': True, 'collection_mode': 'hide', 'sort_title': '!18_Jonathan Wright (Director)', 'url_poster': 'https://raw.githubusercontent.com/meisnate12/Plex-Meta-Manager-Images/master/people/rainier/Jonathan%20Wright.jpg'} |
[2022-11-20 17:03:31,845] [meta.py:516]               [DEBUG]    |                                                                                                    |
[2022-11-20 17:03:31,847] [builder.py:223]            [INFO]     |========================= Validating Jonathan Wright (Director) Attributes =========================|
[2022-11-20 17:03:31,848] [builder.py:226]            [DEBUG]    |                                                                                                    |
[2022-11-20 17:03:31,849] [builder.py:227]            [DEBUG]    | Validating Method: name                                                                            |
[2022-11-20 17:03:31,850] [builder.py:230]            [DEBUG]    | Value: Jonathan Wright (Director)                                                                  |
[2022-11-20 17:03:31,852] [builder.py:502]            [DEBUG]    |                                                                                                    |
[2022-11-20 17:03:31,853] [builder.py:503]            [DEBUG]    | Validating Method: ignore_blank_results                                                            |
[2022-11-20 17:03:31,854] [builder.py:504]            [DEBUG]    | Value: True                                                                                        |
[2022-11-20 17:03:31,855] [builder.py:528]            [DEBUG]    |                                                                                                    |
[2022-11-20 17:03:31,856] [builder.py:529]            [DEBUG]    | Validating Method: tmdb_person                                                                     |
[2022-11-20 17:03:31,857] [builder.py:533]            [DEBUG]    | Value: ['Jonathan Wright']                                                                         |
[2022-11-20 17:03:31,912] [builder.py:1784]           [INFO]     |                                                                                                    |
[2022-11-20 17:03:31,913] [builder.py:1785]           [INFO]     | Validating Method: smart_filter                                                                    |
[2022-11-20 17:03:31,915] [builder.py:1791]           [DEBUG]    | Value: {'sort_by': 'title.asc', 'any': {'director': 'tmdb'}}                                       |
[2022-11-20 17:03:32,333] [builder.py:1978]           [DEBUG]    | Smart URL: ?type=1&sort=titleSort&push=1&director=4304&pop=1                                       |
[2022-11-20 17:03:32,334] [builder.py:646]            [DEBUG]    |                                                                                                    |
[2022-11-20 17:03:32,335] [builder.py:650]            [DEBUG]    | Validating Method: label                                                                           |
[2022-11-20 17:03:32,335] [builder.py:651]            [DEBUG]    | Value: Top Directors                                                                               |
[2022-11-20 17:03:32,336] [builder.py:646]            [DEBUG]    |                                                                                                    |
[2022-11-20 17:03:32,336] [builder.py:650]            [DEBUG]    | Validating Method: summary                                                                         |
[2022-11-20 17:03:32,337] [builder.py:651]            [DEBUG]    | Value: Movies directed by Jonathan Wright.                                                         |
[2022-11-20 17:03:32,342] [builder.py:646]            [DEBUG]    |                                                                                                    |
[2022-11-20 17:03:32,343] [builder.py:650]            [DEBUG]    | Validating Method: collection_mode                                                                 |
[2022-11-20 17:03:32,343] [builder.py:651]            [DEBUG]    | Value: hide                                                                                        |
[2022-11-20 17:03:32,344] [builder.py:646]            [DEBUG]    |                                                                                                    |
[2022-11-20 17:03:32,345] [builder.py:650]            [DEBUG]    | Validating Method: sort_title                                                                      |
[2022-11-20 17:03:32,348] [builder.py:651]            [DEBUG]    | Value: !18_Jonathan Wright (Director)                                                              |
[2022-11-20 17:03:32,348] [builder.py:646]            [DEBUG]    |                                                                                                    |
[2022-11-20 17:03:32,349] [builder.py:650]            [DEBUG]    | Validating Method: url_poster                                                                      |
[2022-11-20 17:03:32,349] [builder.py:651]            [DEBUG]    | Value: https://raw.githubusercontent.com/meisnate12/Plex-Meta-Manager-Images/master/people/rainier/Jonathan%20Wright.jpg |
[2022-11-20 17:03:32,442] [builder.py:845]            [WARNING]  | Collection Warning: No Poster Found at https://raw.githubusercontent.com/meisnate12/Plex-Meta-Manager-Images/master/people/rainier/Jonathan%20Wright.jpg |
[2022-11-20 17:03:32,559] [builder.py:814]            [INFO]     |                                                                                                    |
[2022-11-20 17:03:32,560] [builder.py:815]            [INFO]     | Validation Successful                                                                              |
[2022-11-20 17:03:32,560] [plex_meta_manager.py:594]  [INFO]     |                                                                                                    |
[2022-11-20 17:03:32,560] [plex_meta_manager.py:596]  [INFO]     |========================== Running Jonathan Wright (Director) Collection ===========================|
[2022-11-20 17:03:32,561] [plex_meta_manager.py:602]  [INFO]     |                                                                                                    |
[2022-11-20 17:03:32,561] [plex_meta_manager.py:603]  [INFO]     | Smart Movie Filter                                                                                 |
                                                                 | Sort By: ['title.asc']
                                                                 | Filter:
                                                                 |   Match any of the following:
                                                                 |     Director is Jonathan Wright
[2022-11-20 17:03:32,670] [builder.py:2527]           [INFO]     | 
[2022-11-20 17:03:32,670] [builder.py:2528]           [INFO]     |==================== Updating Details of Jonathan Wright (Director) Collection =====================|
[2022-11-20 17:03:32,671] [builder.py:2529]           [INFO]     |                                                                                                    |
[2022-11-20 17:03:32,779] [builder.py:2595]           [INFO]     | Collection Metadata Edits                                                                          |
[2022-11-20 17:03:32,855] [plex_meta_manager.py:736]  [INFO]     |                                                                                                    |
[2022-11-20 17:03:32,855] [plex_meta_manager.py:737]  [INFO]     |====================================================================================================|
[2022-11-20 17:03:32,855] [plex_meta_manager.py:737]  [INFO]     |                           Finished Jonathan Wright (Director) Collection                           |
[2022-11-20 17:03:32,856] [plex_meta_manager.py:737]  [INFO]     |                                    Collection Run Time: 0:00:01                                    |
[2022-11-20 17:03:32,856] [plex_meta_manager.py:737]  [INFO]     |====================================================================================================|
