[2022-11-17 00:22:09,898] [builder.py:193]            [INFO]     |====================================================================================================|
[2022-11-17 00:22:09,899] [builder.py:193]            [INFO]     |                          Thanksgiving Movies Collection in Marvel Movies                           |
[2022-11-17 00:22:09,899] [builder.py:193]            [INFO]     |====================================================================================================|
[2022-11-17 00:22:09,899] [builder.py:194]            [INFO]     |                                                                                                    |
[2022-11-17 00:22:09,899] [builder.py:199]            [INFO]     |================================ Building Definition From Templates ================================|
[2022-11-17 00:22:09,899] [builder.py:215]            [DEBUG]    |                                                                                                    |
[2022-11-17 00:22:09,899] [meta.py:210]               [DEBUG]    |========================================= Template Holiday =========================================|
[2022-11-17 00:22:09,900] [meta.py:451]               [DEBUG]    |                                                                                                    |
[2022-11-17 00:22:09,901] [meta.py:512]               [DEBUG]    |                                                                                                    |
[2022-11-17 00:22:09,901] [meta.py:513]               [DEBUG]    |==================================== Final Template Attributes =====================================|
[2022-11-17 00:22:09,901] [meta.py:514]               [DEBUG]    |                                                                                                    |
[2022-11-17 00:22:09,901] [meta.py:515]               [DEBUG]    | {'url_poster': 'https://theposterdb.com/api/assets/212638', 'collection_order': 'release.desc', 'collection_mode': 'hide', 'delete_not_scheduled': False, 'run_again': True, 'sync_mode': 'sync'} |
[2022-11-17 00:22:09,902] [meta.py:516]               [DEBUG]    |                                                                                                    |
[2022-11-17 00:22:09,902] [builder.py:223]            [INFO]     |============================ Validating Thanksgiving Movies Attributes =============================|
[2022-11-17 00:22:09,902] [builder.py:443]            [DEBUG]    |                                                                                                    |
[2022-11-17 00:22:09,902] [builder.py:444]            [DEBUG]    | Validating Method: delete_not_scheduled                                                            |
[2022-11-17 00:22:09,902] [builder.py:445]            [DEBUG]    | Value: False                                                                                       |
[2022-11-17 00:22:09,902] [builder.py:488]            [DEBUG]    |                                                                                                    |
[2022-11-17 00:22:09,902] [builder.py:489]            [DEBUG]    | Validating Method: run_again                                                                       |
[2022-11-17 00:22:09,902] [builder.py:490]            [DEBUG]    | Value: True                                                                                        |
[2022-11-17 00:22:09,902] [builder.py:516]            [DEBUG]    |                                                                                                    |
[2022-11-17 00:22:09,902] [builder.py:517]            [DEBUG]    | Validating Method: sync_mode                                                                       |
[2022-11-17 00:22:09,902] [builder.py:521]            [DEBUG]    | Value: sync                                                                                        |
[2022-11-17 00:22:09,903] [builder.py:613]            [DEBUG]    |                                                                                                    |
[2022-11-17 00:22:09,903] [builder.py:614]            [DEBUG]    | Validating Method: collection_order                                                                |
[2022-11-17 00:22:09,903] [builder.py:615]            [DEBUG]    | Value: release.desc                                                                                |
[2022-11-17 00:22:09,903] [builder.py:646]            [DEBUG]    |                                                                                                    |
[2022-11-17 00:22:09,903] [builder.py:650]            [DEBUG]    | Validating Method: visible_home                                                                    |
[2022-11-17 00:22:09,903] [builder.py:651]            [DEBUG]    | Value: range(11/01-11/31)                                                                          |
[2022-11-17 00:22:09,904] [builder.py:646]            [DEBUG]    |                                                                                                    |
[2022-11-17 00:22:09,904] [builder.py:650]            [DEBUG]    | Validating Method: visible_shared                                                                  |
[2022-11-17 00:22:09,904] [builder.py:651]            [DEBUG]    | Value: range(11/01-11/31)                                                                          |
[2022-11-17 00:22:09,904] [builder.py:646]            [DEBUG]    |                                                                                                    |
[2022-11-17 00:22:09,904] [builder.py:650]            [DEBUG]    | Validating Method: sort_title                                                                      |
[2022-11-17 00:22:09,904] [builder.py:651]            [DEBUG]    | Value: +++++++_Thanksgiving                                                                        |
[2022-11-17 00:22:09,904] [builder.py:646]            [DEBUG]    |                                                                                                    |
[2022-11-17 00:22:09,904] [builder.py:650]            [DEBUG]    | Validating Method: imdb_list                                                                       |
[2022-11-17 00:22:09,904] [builder.py:651]            [DEBUG]    | Value: ['https://www.imdb.com/list/ls000835734/', 'https://www.imdb.com/list/ls091597850/']        |
[2022-11-17 00:22:11,564] [builder.py:646]            [DEBUG]    |                                                                                                    |
[2022-11-17 00:22:11,567] [builder.py:650]            [DEBUG]    | Validating Method: summary                                                                         |
[2022-11-17 00:22:11,568] [builder.py:651]            [DEBUG]    | Value: This collection revolves around the plot involving Thanksgiving.                            |
[2022-11-17 00:22:11,568] [builder.py:646]            [DEBUG]    |                                                                                                    |
[2022-11-17 00:22:11,568] [builder.py:650]            [DEBUG]    | Validating Method: url_poster                                                                      |
[2022-11-17 00:22:11,569] [builder.py:651]            [DEBUG]    | Value: https://theposterdb.com/api/assets/212638                                                   |
[2022-11-17 00:22:12,263] [builder.py:646]            [DEBUG]    |                                                                                                    |
[2022-11-17 00:22:12,264] [builder.py:650]            [DEBUG]    | Validating Method: collection_mode                                                                 |
[2022-11-17 00:22:12,264] [builder.py:651]            [DEBUG]    | Value: hide                                                                                        |
[2022-11-17 00:22:12,278] [plex.py:835]               [DEBUG]    |                                                                                                    |
[2022-11-17 00:22:12,279] [plex.py:838]               [DEBUG]    | Looking for: Thanksgiving Movies                                                                   |
[2022-11-17 00:22:12,279] [builder.py:814]            [INFO]     |                                                                                                    |
[2022-11-17 00:22:12,286] [builder.py:815]            [INFO]     | Validation Successful                                                                              |
[2022-11-17 00:22:12,286] [plex_meta_manager.py:594]  [INFO]     |                                                                                                    |
[2022-11-17 00:22:12,287] [plex_meta_manager.py:596]  [INFO]     |============================== Running Thanksgiving Movies Collection ==============================|
[2022-11-17 00:22:12,287] [plex_meta_manager.py:608]  [INFO]     |                                                                                                    |
[2022-11-17 00:22:12,287] [plex_meta_manager.py:609]  [INFO]     | Sync Mode: sync                                                                                    |
[2022-11-17 00:22:12,287] [plex_meta_manager.py:612]  [DEBUG]    |                                                                                                    |
[2022-11-17 00:22:12,288] [plex_meta_manager.py:613]  [DEBUG]    | Builder: imdb_list: {'url': 'https://www.imdb.com/list/ls000835734/', 'limit': 0}                  |
[2022-11-17 00:22:12,288] [plex_meta_manager.py:614]  [INFO]     |                                                                                                    |
[2022-11-17 00:22:12,288] [imdb.py:202]               [INFO]     | Processing IMDb List: https://www.imdb.com/list/ls000835734/                                       |
[2022-11-17 00:22:15,884] [builder.py:1574]           [DEBUG]    |                                                                                                    |
[2022-11-17 00:22:15,884] [builder.py:1575]           [DEBUG]    | 46 IDs Found                                                                                       |
[2022-11-17 00:22:15,885] [builder.py:1577]           [DEBUG]    |                                                                                                    |
[2022-11-17 00:22:15,928] [builder.py:1637]           [WARNING]  | Convert Error: No TMDb ID Found for IMDb ID: tt1448754                                             |
[2022-11-17 00:22:15,928] [plex_meta_manager.py:612]  [DEBUG]    |                                                                                                    |
[2022-11-17 00:22:15,928] [plex_meta_manager.py:613]  [DEBUG]    | Builder: imdb_list: {'url': 'https://www.imdb.com/list/ls091597850/', 'limit': 0}                  |
[2022-11-17 00:22:15,929] [plex_meta_manager.py:614]  [INFO]     |                                                                                                    |
[2022-11-17 00:22:15,929] [imdb.py:202]               [INFO]     | Processing IMDb List: https://www.imdb.com/list/ls091597850/                                       |
[2022-11-17 00:22:19,220] [builder.py:1574]           [DEBUG]    |                                                                                                    |
[2022-11-17 00:22:19,220] [builder.py:1575]           [DEBUG]    | 21 IDs Found                                                                                       |
[2022-11-17 00:22:19,220] [builder.py:1577]           [DEBUG]    |                                                                                                    |
[2022-11-17 00:22:19,249] [builder.py:2306]           [INFO]     |                                                                                                    |
[2022-11-17 00:22:19,253] [builder.py:2307]           [INFO]     |============================ Missing Movies from Library: Marvel Movies ============================|
[2022-11-17 00:22:19,253] [builder.py:2308]           [INFO]     |                                                                                                    |
[2022-11-17 00:22:19,264] [builder.py:2321]           [INFO]     | Thanksgiving Movies Collection | ? | The New World (2005) (TMDb: 11400)                            |
[2022-11-17 00:22:19,276] [builder.py:2321]           [INFO]     | Thanksgiving Movies Collection | ? | Home for the Holidays (1995) (TMDb: 9089)                     |
[2022-11-17 00:22:19,287] [builder.py:2321]           [INFO]     | Thanksgiving Movies Collection | ? | Planes, Trains and Automobiles (1987) (TMDb: 2609)            |
[2022-11-17 00:22:19,297] [builder.py:2321]           [INFO]     | Thanksgiving Movies Collection | ? | Scent of a Woman (1992) (TMDb: 9475)                          |
[2022-11-17 00:22:19,314] [builder.py:2321]           [INFO]     | Thanksgiving Movies Collection | ? | Black Friday (2021) (TMDb: 765869)                            |
[2022-11-17 00:22:19,326] [builder.py:2321]           [INFO]     | Thanksgiving Movies Collection | ? | Avalon (1990) (TMDb: 2302)                                    |
[2022-11-17 00:22:19,342] [builder.py:2321]           [INFO]     | Thanksgiving Movies Collection | ? | Four Brothers (2005) (TMDb: 8292)                             |
[2022-11-17 00:22:19,354] [builder.py:2321]           [INFO]     | Thanksgiving Movies Collection | ? | Addams Family Values (1993) (TMDb: 2758)                      |
[2022-11-17 00:22:19,365] [builder.py:2321]           [INFO]     | Thanksgiving Movies Collection | ? | Pieces of April (2003) (TMDb: 1550)                           |
[2022-11-17 00:22:19,376] [builder.py:2321]           [INFO]     | Thanksgiving Movies Collection | ? | Rescue Dawn (2006) (TMDb: 9952)                               |
[2022-11-17 00:22:19,394] [builder.py:2321]           [INFO]     | Thanksgiving Movies Collection | ? | Funny People (2009) (TMDb: 20829)                             |
[2022-11-17 00:22:19,405] [builder.py:2321]           [INFO]     | Thanksgiving Movies Collection | ? | The Ice Storm (1997) (TMDb: 68924)                            |
[2022-11-17 00:22:19,416] [builder.py:2321]           [INFO]     | Thanksgiving Movies Collection | ? | Nobody's Fool (1994) (TMDb: 11593)                            |
[2022-11-17 00:22:19,428] [builder.py:2321]           [INFO]     | Thanksgiving Movies Collection | ? | Hannah and Her Sisters (1986) (TMDb: 5143)                    |
[2022-11-17 00:22:19,439] [builder.py:2321]           [INFO]     | Thanksgiving Movies Collection | ? | A Charlie Brown Thanksgiving (1973) (TMDb: 13479)             |
[2022-11-17 00:22:19,449] [builder.py:2321]           [INFO]     | Thanksgiving Movies Collection | ? | The Last Waltz (1978) (TMDb: 13963)                           |
[2022-11-17 00:22:19,461] [builder.py:2321]           [INFO]     | Thanksgiving Movies Collection | ? | The House of Yes (1997) (TMDb: 33344)                         |
[2022-11-17 00:22:19,471] [builder.py:2321]           [INFO]     | Thanksgiving Movies Collection | ? | Holiday Engagement (2011) (TMDb: 82099)                       |
[2022-11-17 00:22:19,485] [builder.py:2321]           [INFO]     | Thanksgiving Movies Collection | ? | Squanto: A Warrior's Tale (1994) (TMDb: 65158)                |
[2022-11-17 00:22:19,501] [builder.py:2321]           [INFO]     | Thanksgiving Movies Collection | ? | Holiday Inn (1942) (TMDb: 13485)                              |
[2022-11-17 00:22:19,512] [builder.py:2321]           [INFO]     | Thanksgiving Movies Collection | ? | Grumpy Old Men (1993) (TMDb: 11520)                           |
[2022-11-17 00:22:19,524] [builder.py:2321]           [INFO]     | Thanksgiving Movies Collection | ? | A Time to Remember (2003) (TMDb: 184981)                      |
[2022-11-17 00:22:19,535] [builder.py:2321]           [INFO]     | Thanksgiving Movies Collection | ? | Alice's Restaurant (1969) (TMDb: 5638)                        |
[2022-11-17 00:22:19,546] [builder.py:2321]           [INFO]     | Thanksgiving Movies Collection | ? | Pocahontas (1995) (TMDb: 10530)                               |
[2022-11-17 00:22:19,559] [builder.py:2321]           [INFO]     | Thanksgiving Movies Collection | ? | What's Cooking? (2000) (TMDb: 77434)                          |
[2022-11-17 00:22:19,569] [builder.py:2321]           [INFO]     | Thanksgiving Movies Collection | ? | Broadway Danny Rose (1984) (TMDb: 12762)                      |
[2022-11-17 00:22:19,580] [builder.py:2321]           [INFO]     | Thanksgiving Movies Collection | ? | The War at Home (1996) (TMDb: 59232)                          |
[2022-11-17 00:22:19,591] [builder.py:2321]           [INFO]     | Thanksgiving Movies Collection | ? | One Special Night (1999) (TMDb: 50616)                        |
[2022-11-17 00:22:19,602] [builder.py:2321]           [INFO]     | Thanksgiving Movies Collection | ? | The Daytrippers (1997) (TMDb: 49806)                          |
[2022-11-17 00:22:19,612] [builder.py:2321]           [INFO]     | Thanksgiving Movies Collection | ? | Dutch (1991) (TMDb: 25330)                                    |
[2022-11-17 00:22:19,622] [builder.py:2321]           [INFO]     | Thanksgiving Movies Collection | ? | Smart People (2008) (TMDb: 12890)                             |
[2022-11-17 00:22:19,636] [builder.py:2321]           [INFO]     | Thanksgiving Movies Collection | ? | Tadpole (2002) (TMDb: 39141)                                  |
[2022-11-17 00:22:19,651] [builder.py:2321]           [INFO]     | Thanksgiving Movies Collection | ? | An Old Fashioned Thanksgiving (2008) (TMDb: 24364)            |
[2022-11-17 00:22:19,674] [builder.py:2321]           [INFO]     | Thanksgiving Movies Collection | ? | The Myth of Fingerprints (1997) (TMDb: 98502)                 |
[2022-11-17 00:22:19,688] [builder.py:2321]           [INFO]     | Thanksgiving Movies Collection | ? | Blood Rage (1987) (TMDb: 28264)                               |
[2022-11-17 00:22:19,706] [builder.py:2321]           [INFO]     | Thanksgiving Movies Collection | ? | Son in Law (1993) (TMDb: 13203)                               |
[2022-11-17 00:22:19,717] [builder.py:2321]           [INFO]     | Thanksgiving Movies Collection | ? | Boogeyman (2005) (TMDb: 8968)                                 |
[2022-11-17 00:22:19,730] [builder.py:2321]           [INFO]     | Thanksgiving Movies Collection | ? | Holiday Reunion (2003) (TMDb: 18038)                          |
[2022-11-17 00:22:19,740] [builder.py:2321]           [INFO]     | Thanksgiving Movies Collection | ? | ThanksKilling (2008) (TMDb: 60366)                            |
[2022-11-17 00:22:19,751] [builder.py:2321]           [INFO]     | Thanksgiving Movies Collection | ? | Miracle on 34th Street (1994) (TMDb: 10510)                   |
[2022-11-17 00:22:19,782] [builder.py:2321]           [INFO]     | Thanksgiving Movies Collection | ? | Turkey Drop (2019) (TMDb: 639421)                             |
[2022-11-17 00:22:19,793] [builder.py:2321]           [INFO]     | Thanksgiving Movies Collection | ? | A Family Thanksgiving (2010) (TMDb: 99079)                    |
[2022-11-17 00:22:19,804] [builder.py:2321]           [INFO]     | Thanksgiving Movies Collection | ? | Paul Blart: Mall Cop (2009) (TMDb: 14560)                     |
[2022-11-17 00:22:19,822] [builder.py:2321]           [INFO]     | Thanksgiving Movies Collection | ? | Free Birds (2013) (TMDb: 175574)                              |
[2022-11-17 00:22:19,835] [builder.py:2321]           [INFO]     | Thanksgiving Movies Collection | ? | Winnie the Pooh: Seasons of Giving (1999) (TMDb: 261339)      |
[2022-11-17 00:22:19,857] [builder.py:2321]           [INFO]     | Thanksgiving Movies Collection | ? | Tower Heist (2011) (TMDb: 59108)                              |
[2022-11-17 00:22:19,872] [builder.py:2321]           [INFO]     | Thanksgiving Movies Collection | ? | The Big Chill (1983) (TMDb: 12560)                            |
[2022-11-17 00:22:19,886] [builder.py:2321]           [INFO]     | Thanksgiving Movies Collection | ? | Coco (2017) (TMDb: 354912)                                    |
[2022-11-17 00:22:19,901] [builder.py:2321]           [INFO]     | Thanksgiving Movies Collection | ? | The Book of Life (2014) (TMDb: 228326)                        |
[2022-11-17 00:22:19,912] [builder.py:2321]           [INFO]     | Thanksgiving Movies Collection | ? | Friendsgiving (2020) (TMDb: 524840)                           |
[2022-11-17 00:22:19,912] [builder.py:2326]           [INFO]     |                                                                                                    |
[2022-11-17 00:22:19,912] [builder.py:2327]           [INFO]     | 50 Movies Missing                                                                                  |
[2022-11-17 00:22:22,298] [plex_meta_manager.py:652]  [INFO]     |                                                                                                    |
[2022-11-17 00:22:22,298] [plex_meta_manager.py:653]  [INFO]     | Collection Minimum: 2 not met for Thanksgiving Movies Collection                                   |
[2022-11-17 00:22:22,298] [plex_meta_manager.py:736]  [INFO]     |                                                                                                    |
[2022-11-17 00:22:22,298] [plex_meta_manager.py:737]  [INFO]     |====================================================================================================|
[2022-11-17 00:22:22,298] [plex_meta_manager.py:737]  [INFO]     |                              Finished Thanksgiving Movies Collection                               |
[2022-11-17 00:22:22,298] [plex_meta_manager.py:737]  [INFO]     |                                    Collection Run Time: 0:00:12                                    |
[2022-11-17 00:22:22,299] [plex_meta_manager.py:737]  [INFO]     |====================================================================================================|
