[2022-11-17 03:15:19,969] [builder.py:193]            [INFO]     |====================================================================================================|
[2022-11-17 03:15:19,969] [builder.py:193]            [INFO]     |                                Joel Kinnaman Collection in TV Shows                                |
[2022-11-17 03:15:19,969] [builder.py:193]            [INFO]     |====================================================================================================|
[2022-11-17 03:15:19,969] [builder.py:194]            [INFO]     |                                                                                                    |
[2022-11-17 03:15:19,970] [builder.py:199]            [INFO]     |================================ Building Definition From Templates ================================|
[2022-11-17 03:15:19,970] [builder.py:215]            [DEBUG]    |                                                                                                    |
[2022-11-17 03:15:19,970] [meta.py:210]               [DEBUG]    |====================================== Template smart_filter =======================================|
[2022-11-17 03:15:19,970] [meta.py:451]               [DEBUG]    |                                                                                                    |
[2022-11-17 03:15:19,977] [meta.py:210]               [DEBUG]    |======================================= Template translation =======================================|
[2022-11-17 03:15:19,978] [meta.py:451]               [DEBUG]    |                                                                                                    |
[2022-11-17 03:15:19,981] [meta.py:210]               [DEBUG]    |========================================= Template shared ==========================================|
[2022-11-17 03:15:19,982] [meta.py:451]               [DEBUG]    |                                                                                                    |
[2022-11-17 03:15:19,994] [meta.py:512]               [DEBUG]    |                                                                                                    |
[2022-11-17 03:15:19,994] [meta.py:513]               [DEBUG]    |==================================== Final Template Attributes =====================================|
[2022-11-17 03:15:19,994] [meta.py:514]               [DEBUG]    |                                                                                                    |
[2022-11-17 03:15:19,994] [meta.py:515]               [DEBUG]    | {'tmdb_person': ['Joel Kinnaman'], 'smart_filter': {'sort_by': 'release.desc', 'any': {'actor': 'tmdb'}}, 'summary': 'Shows with Joel Kinnaman.', 'name': 'Joel Kinnaman', 'ignore_blank_results': True, 'collection_mode': 'hide', 'sort_title': '!17_Joel Kinnaman', 'url_poster': 'https://raw.githubusercontent.com/meisnate12/Plex-Meta-Manager-Images/master/people/rainier/Joel%20Kinnaman.jpg'} |
[2022-11-17 03:15:19,994] [meta.py:516]               [DEBUG]    |                                                                                                    |
[2022-11-17 03:15:19,994] [builder.py:223]            [INFO]     |=============================== Validating Joel Kinnaman Attributes ================================|
[2022-11-17 03:15:19,994] [builder.py:226]            [DEBUG]    |                                                                                                    |
[2022-11-17 03:15:19,995] [builder.py:227]            [DEBUG]    | Validating Method: name                                                                            |
[2022-11-17 03:15:19,995] [builder.py:230]            [DEBUG]    | Value: Joel Kinnaman                                                                               |
[2022-11-17 03:15:19,995] [builder.py:502]            [DEBUG]    |                                                                                                    |
[2022-11-17 03:15:19,995] [builder.py:503]            [DEBUG]    | Validating Method: ignore_blank_results                                                            |
[2022-11-17 03:15:19,995] [builder.py:504]            [DEBUG]    | Value: True                                                                                        |
[2022-11-17 03:15:19,995] [builder.py:528]            [DEBUG]    |                                                                                                    |
[2022-11-17 03:15:19,995] [builder.py:529]            [DEBUG]    | Validating Method: tmdb_person                                                                     |
[2022-11-17 03:15:19,995] [builder.py:533]            [DEBUG]    | Value: ['Joel Kinnaman']                                                                           |
[2022-11-17 03:15:20,118] [builder.py:1784]           [INFO]     |                                                                                                    |
[2022-11-17 03:15:20,118] [builder.py:1785]           [INFO]     | Validating Method: smart_filter                                                                    |
[2022-11-17 03:15:20,118] [builder.py:1791]           [DEBUG]    | Value: {'sort_by': 'release.desc', 'any': {'actor': 'tmdb'}}                                       |
[2022-11-17 03:15:20,395] [builder.py:1978]           [DEBUG]    | Smart URL: ?type=2&sort=originallyAvailableAt%3Adesc&push=1&show.actor=63708&pop=1                 |
[2022-11-17 03:15:20,395] [builder.py:646]            [DEBUG]    |                                                                                                    |
[2022-11-17 03:15:20,396] [builder.py:650]            [DEBUG]    | Validating Method: label                                                                           |
[2022-11-17 03:15:20,396] [builder.py:651]            [DEBUG]    | Value: Top Actors                                                                                  |
[2022-11-17 03:15:20,396] [builder.py:646]            [DEBUG]    |                                                                                                    |
[2022-11-17 03:15:20,396] [builder.py:650]            [DEBUG]    | Validating Method: summary                                                                         |
[2022-11-17 03:15:20,396] [builder.py:651]            [DEBUG]    | Value: Shows with Joel Kinnaman.                                                                   |
[2022-11-17 03:15:20,396] [builder.py:646]            [DEBUG]    |                                                                                                    |
[2022-11-17 03:15:20,396] [builder.py:650]            [DEBUG]    | Validating Method: collection_mode                                                                 |
[2022-11-17 03:15:20,396] [builder.py:651]            [DEBUG]    | Value: hide                                                                                        |
[2022-11-17 03:15:20,396] [builder.py:646]            [DEBUG]    |                                                                                                    |
[2022-11-17 03:15:20,396] [builder.py:650]            [DEBUG]    | Validating Method: sort_title                                                                      |
[2022-11-17 03:15:20,396] [builder.py:651]            [DEBUG]    | Value: !17_Joel Kinnaman                                                                           |
[2022-11-17 03:15:20,397] [builder.py:646]            [DEBUG]    |                                                                                                    |
[2022-11-17 03:15:20,397] [builder.py:650]            [DEBUG]    | Validating Method: url_poster                                                                      |
[2022-11-17 03:15:20,397] [builder.py:651]            [DEBUG]    | Value: https://raw.githubusercontent.com/meisnate12/Plex-Meta-Manager-Images/master/people/rainier/Joel%20Kinnaman.jpg |
[2022-11-17 03:15:20,546] [plex.py:835]               [DEBUG]    |                                                                                                    |
[2022-11-17 03:15:20,546] [plex.py:838]               [DEBUG]    | Looking for: Joel Kinnaman                                                                         |
[2022-11-17 03:15:20,546] [builder.py:814]            [INFO]     |                                                                                                    |
[2022-11-17 03:15:20,547] [builder.py:815]            [INFO]     | Validation Successful                                                                              |
[2022-11-17 03:15:20,547] [plex_meta_manager.py:594]  [INFO]     |                                                                                                    |
[2022-11-17 03:15:20,547] [plex_meta_manager.py:596]  [INFO]     |================================= Running Joel Kinnaman Collection =================================|
[2022-11-17 03:15:20,547] [plex_meta_manager.py:602]  [INFO]     |                                                                                                    |
[2022-11-17 03:15:20,547] [plex_meta_manager.py:603]  [INFO]     | Smart Show Filter                                                                                  |
                                                                 | Sort By: ['release.desc']
                                                                 | Filter:
                                                                 |   Match any of the following:
                                                                 |     Actor is Joel Kinnaman
[2022-11-17 03:15:20,569] [builder.py:2509]           [DEBUG]    | Smart Collection Created: ?type=2&sort=originallyAvailableAt%3Adesc&push=1&show.actor=63708&pop=1
[2022-11-17 03:15:20,574] [builder.py:2527]           [INFO]     | 
[2022-11-17 03:15:20,574] [builder.py:2528]           [INFO]     |=========================== Updating Details of Joel Kinnaman Collection ===========================|
[2022-11-17 03:15:20,575] [builder.py:2529]           [INFO]     |                                                                                                    |
[2022-11-17 03:15:20,582] [builder.py:2595]           [INFO]     | Collection Metadata Edits                                                                          |
                                                                 | Summary (summary) | Shows with Joel Kinnaman.
                                                                 | Sort Title | !17_Joel Kinnaman
                                                                 | Label | +Top Actors, +PMM
[2022-11-17 03:15:22,561] [builder.py:2599]           [INFO]     | Details: have been updated
[2022-11-17 03:15:22,561] [builder.py:2603]           [INFO]     | 
[2022-11-17 03:15:24,684] [builder.py:2615]           [INFO]     | Collection Mode | hide
[2022-11-17 03:15:24,685] [util.py:174]               [DEBUG]    | 2 posters found:
[2022-11-17 03:15:24,685] [util.py:176]               [DEBUG]    | Method: tmdb_person Poster: https://image.tmdb.org/t/p/original/c4TTWy1WntzDxpgIe8kbODjWOfD.jpg
[2022-11-17 03:15:24,685] [util.py:176]               [DEBUG]    | Method: url_poster Poster: https://raw.githubusercontent.com/meisnate12/Plex-Meta-Manager-Images/master/people/rainier/Joel%20Kinnaman.jpg
[2022-11-17 03:15:24,861] [library.py:178]            [INFO]     | Detail: url_poster updated poster to [URL] https://raw.githubusercontent.com/meisnate12/Plex-Meta-Manager-Images/master/people/rainier/Joel%20Kinnaman.jpg
[2022-11-17 03:15:24,890] [plex_meta_manager.py:736]  [INFO]     | 
[2022-11-17 03:15:24,890] [plex_meta_manager.py:737]  [INFO]     |====================================================================================================|
[2022-11-17 03:15:24,890] [plex_meta_manager.py:737]  [INFO]     |                                 Finished Joel Kinnaman Collection                                  |
[2022-11-17 03:15:24,891] [plex_meta_manager.py:737]  [INFO]     |                                    Collection Run Time: 0:00:04                                    |
[2022-11-17 03:15:24,891] [plex_meta_manager.py:737]  [INFO]     |====================================================================================================|
