[2022-11-16 20:35:11,766] [builder.py:193]            [INFO]     |====================================================================================================|
[2022-11-16 20:35:11,767] [builder.py:193]            [INFO]     |                           Oscars Winners 1987 Collection in Kids Movies                            |
[2022-11-16 20:35:11,767] [builder.py:193]            [INFO]     |====================================================================================================|
[2022-11-16 20:35:11,767] [builder.py:194]            [INFO]     |                                                                                                    |
[2022-11-16 20:35:11,767] [builder.py:199]            [INFO]     |================================ Building Definition From Templates ================================|
[2022-11-16 20:35:11,767] [builder.py:215]            [DEBUG]    |                                                                                                    |
[2022-11-16 20:35:11,767] [meta.py:210]               [DEBUG]    |================================== Template use_year_collections ===================================|
[2022-11-16 20:35:11,768] [meta.py:451]               [DEBUG]    |                                                                                                    |
[2022-11-16 20:35:11,769] [meta.py:210]               [DEBUG]    |========================================== Template imdb ===========================================|
[2022-11-16 20:35:11,769] [meta.py:451]               [DEBUG]    |                                                                                                    |
[2022-11-16 20:35:11,770] [meta.py:210]               [DEBUG]    |======================================= Template translation =======================================|
[2022-11-16 20:35:11,771] [meta.py:451]               [DEBUG]    |                                                                                                    |
[2022-11-16 20:35:11,773] [meta.py:210]               [DEBUG]    |========================================= Template shared ==========================================|
[2022-11-16 20:35:11,774] [meta.py:451]               [DEBUG]    |                                                                                                    |
[2022-11-16 20:35:11,791] [meta.py:210]               [DEBUG]    |=========================================== Template arr ===========================================|
[2022-11-16 20:35:11,792] [meta.py:451]               [DEBUG]    |                                                                                                    |
[2022-11-16 20:35:11,801] [meta.py:210]               [DEBUG]    |========================================= Template custom ==========================================|
[2022-11-16 20:35:11,801] [meta.py:451]               [DEBUG]    |                                                                                                    |
[2022-11-16 20:35:11,807] [meta.py:512]               [DEBUG]    |                                                                                                    |
[2022-11-16 20:35:11,807] [meta.py:513]               [DEBUG]    |==================================== Final Template Attributes =====================================|
[2022-11-16 20:35:11,807] [meta.py:514]               [DEBUG]    |                                                                                                    |
[2022-11-16 20:35:11,808] [meta.py:515]               [DEBUG]    | {'imdb_list': 'https://www.imdb.com/search/title/?release_date=1987-01-01,1987-12-31&groups=oscar_winner&sort=moviemeter,asc', 'summary': 'Academy Awards (Oscars) Winners for 1987.', 'name': 'Oscars Winners 1987', 'allowed_library_types': ['movie'], 'ignore_blank_results': True, 'collection_mode': 'hide', 'sort_title': '!16_Oscars Winners 1987', 'url_poster': 'https://raw.githubusercontent.com/meisnate12/Plex-Meta-Manager-Images/master/award/oscars/winner/1987.jpg', 'collection_order': 'custom', 'sync_mode': 'sync', 'cache_builders': 1} |
[2022-11-16 20:35:11,808] [meta.py:516]               [DEBUG]    |                                                                                                    |
[2022-11-16 20:35:11,808] [builder.py:223]            [INFO]     |============================ Validating Oscars Winners 1987 Attributes =============================|
[2022-11-16 20:35:11,808] [builder.py:226]            [DEBUG]    |                                                                                                    |
[2022-11-16 20:35:11,808] [builder.py:227]            [DEBUG]    | Validating Method: name                                                                            |
[2022-11-16 20:35:11,808] [builder.py:230]            [DEBUG]    | Value: Oscars Winners 1987                                                                         |
[2022-11-16 20:35:11,808] [builder.py:236]            [DEBUG]    |                                                                                                    |
[2022-11-16 20:35:11,808] [builder.py:237]            [DEBUG]    | Validating Method: allowed_library_types                                                           |
[2022-11-16 20:35:11,808] [builder.py:240]            [DEBUG]    | Value: ['movie']                                                                                   |
[2022-11-16 20:35:11,809] [builder.py:502]            [DEBUG]    |                                                                                                    |
[2022-11-16 20:35:11,809] [builder.py:503]            [DEBUG]    | Validating Method: ignore_blank_results                                                            |
[2022-11-16 20:35:11,809] [builder.py:504]            [DEBUG]    | Value: True                                                                                        |
[2022-11-16 20:35:11,809] [builder.py:516]            [DEBUG]    |                                                                                                    |
[2022-11-16 20:35:11,809] [builder.py:517]            [DEBUG]    | Validating Method: sync_mode                                                                       |
[2022-11-16 20:35:11,809] [builder.py:521]            [DEBUG]    | Value: sync                                                                                        |
[2022-11-16 20:35:11,809] [builder.py:613]            [DEBUG]    |                                                                                                    |
[2022-11-16 20:35:11,809] [builder.py:614]            [DEBUG]    | Validating Method: collection_order                                                                |
[2022-11-16 20:35:11,809] [builder.py:615]            [DEBUG]    | Value: custom                                                                                      |
[2022-11-16 20:35:11,810] [builder.py:646]            [DEBUG]    |                                                                                                    |
[2022-11-16 20:35:11,810] [builder.py:650]            [DEBUG]    | Validating Method: label                                                                           |
[2022-11-16 20:35:11,810] [builder.py:651]            [DEBUG]    | Value: Oscars Winners Awards                                                                       |
[2022-11-16 20:35:11,810] [builder.py:646]            [DEBUG]    |                                                                                                    |
[2022-11-16 20:35:11,810] [builder.py:650]            [DEBUG]    | Validating Method: imdb_list                                                                       |
[2022-11-16 20:35:11,810] [builder.py:651]            [DEBUG]    | Value: https://www.imdb.com/search/title/?release_date=1987-01-01,1987-12-31&groups=oscar_winner&sort=moviemeter,asc |
[2022-11-16 20:35:12,023] [builder.py:646]            [DEBUG]    |                                                                                                    |
[2022-11-16 20:35:12,024] [builder.py:650]            [DEBUG]    | Validating Method: summary                                                                         |
[2022-11-16 20:35:12,025] [builder.py:651]            [DEBUG]    | Value: Academy Awards (Oscars) Winners for 1987.                                                   |
[2022-11-16 20:35:12,025] [builder.py:646]            [DEBUG]    |                                                                                                    |
[2022-11-16 20:35:12,025] [builder.py:650]            [DEBUG]    | Validating Method: collection_mode                                                                 |
[2022-11-16 20:35:12,025] [builder.py:651]            [DEBUG]    | Value: hide                                                                                        |
[2022-11-16 20:35:12,025] [builder.py:646]            [DEBUG]    |                                                                                                    |
[2022-11-16 20:35:12,025] [builder.py:650]            [DEBUG]    | Validating Method: sort_title                                                                      |
[2022-11-16 20:35:12,025] [builder.py:651]            [DEBUG]    | Value: !16_Oscars Winners 1987                                                                     |
[2022-11-16 20:35:12,025] [builder.py:646]            [DEBUG]    |                                                                                                    |
[2022-11-16 20:35:12,026] [builder.py:650]            [DEBUG]    | Validating Method: url_poster                                                                      |
[2022-11-16 20:35:12,026] [builder.py:651]            [DEBUG]    | Value: https://raw.githubusercontent.com/meisnate12/Plex-Meta-Manager-Images/master/award/oscars/winner/1987.jpg |
[2022-11-16 20:35:12,206] [builder.py:646]            [DEBUG]    |                                                                                                    |
[2022-11-16 20:35:12,206] [builder.py:650]            [DEBUG]    | Validating Method: cache_builders                                                                  |
[2022-11-16 20:35:12,206] [builder.py:651]            [DEBUG]    | Value: 1                                                                                           |
[2022-11-16 20:35:12,211] [plex.py:835]               [DEBUG]    |                                                                                                    |
[2022-11-16 20:35:12,211] [plex.py:838]               [DEBUG]    | Looking for: Oscars Winners 1987                                                                   |
[2022-11-16 20:35:12,211] [builder.py:814]            [INFO]     |                                                                                                    |
[2022-11-16 20:35:12,211] [builder.py:815]            [INFO]     | Validation Successful                                                                              |
[2022-11-16 20:35:12,211] [plex_meta_manager.py:594]  [INFO]     |                                                                                                    |
[2022-11-16 20:35:12,212] [plex_meta_manager.py:596]  [INFO]     |============================== Running Oscars Winners 1987 Collection ==============================|
[2022-11-16 20:35:12,212] [plex_meta_manager.py:608]  [INFO]     |                                                                                                    |
[2022-11-16 20:35:12,212] [plex_meta_manager.py:609]  [INFO]     | Sync Mode: sync                                                                                    |
[2022-11-16 20:35:12,212] [plex_meta_manager.py:612]  [DEBUG]    |                                                                                                    |
[2022-11-16 20:35:12,212] [plex_meta_manager.py:613]  [DEBUG]    | Builder: imdb_list: {'url': 'https://www.imdb.com/search/title/?release_date=1987-01-01,1987-12-31&groups=oscar_winner&sort=moviemeter,asc', 'limit': 0} |
[2022-11-16 20:35:12,212] [plex_meta_manager.py:614]  [INFO]     |                                                                                                    |
[2022-11-16 20:35:12,213] [builder.py:1523]           [INFO]     | Builder: imdb_list loaded from Cache                                                               |
[2022-11-16 20:35:12,216] [builder.py:1574]           [DEBUG]    |                                                                                                    |
[2022-11-16 20:35:12,216] [builder.py:1575]           [DEBUG]    | 13 IDs Found                                                                                       |
[2022-11-16 20:35:12,216] [builder.py:1577]           [DEBUG]    |                                                                                                    |
[2022-11-16 20:35:12,224] [builder.py:2306]           [INFO]     |                                                                                                    |
[2022-11-16 20:35:12,224] [builder.py:2307]           [INFO]     |============================= Missing Movies from Library: Kids Movies =============================|
[2022-11-16 20:35:12,225] [builder.py:2308]           [INFO]     |                                                                                                    |
[2022-11-16 20:35:12,237] [builder.py:2321]           [INFO]     | Oscars Winners 1987 Collection | ? | Dirty Dancing (1987) (TMDb: 88)                               |
[2022-11-16 20:35:12,248] [builder.py:2321]           [INFO]     | Oscars Winners 1987 Collection | ? | The Untouchables (1987) (TMDb: 117)                           |
[2022-11-16 20:35:12,265] [builder.py:2321]           [INFO]     | Oscars Winners 1987 Collection | ? | Moonstruck (1987) (TMDb: 2039)                                |
[2022-11-16 20:35:12,276] [builder.py:2321]           [INFO]     | Oscars Winners 1987 Collection | ? | Wall Street (1987) (TMDb: 10673)                              |
[2022-11-16 20:35:12,289] [builder.py:2321]           [INFO]     | Oscars Winners 1987 Collection | ? | Innerspace (1987) (TMDb: 2614)                                |
[2022-11-16 20:35:12,301] [builder.py:2321]           [INFO]     | Oscars Winners 1987 Collection | ? | The Last Emperor (1987) (TMDb: 746)                           |
[2022-11-16 20:35:12,313] [builder.py:2321]           [INFO]     | Oscars Winners 1987 Collection | ? | Babette's Feast (1987) (TMDb: 11832)                          |
[2022-11-16 20:35:12,323] [builder.py:2321]           [INFO]     | Oscars Winners 1987 Collection | ? | Pelle the Conqueror (1987) (TMDb: 11174)                      |
[2022-11-16 20:35:12,333] [builder.py:2321]           [INFO]     | Oscars Winners 1987 Collection | ? | The Man Who Planted Trees (1987) (TMDb: 49565)                |
[2022-11-16 20:35:12,344] [builder.py:2321]           [INFO]     | Oscars Winners 1987 Collection | ? | Ray's Male Heterosexual Dance Hall (1987) (TMDb: 211375)      |
[2022-11-16 20:35:12,355] [builder.py:2321]           [INFO]     | Oscars Winners 1987 Collection | ? | Young at Heart (1987) (TMDb: 244690)                          |
[2022-11-16 20:35:12,364] [builder.py:2321]           [INFO]     | Oscars Winners 1987 Collection | ? | The Ten-Year Lunch (1987) (TMDb: 182561)                      |
[2022-11-16 20:35:12,364] [builder.py:2326]           [INFO]     |                                                                                                    |
[2022-11-16 20:35:12,364] [builder.py:2327]           [INFO]     | 12 Movies Missing                                                                                  |
[2022-11-16 20:35:15,904] [plex_meta_manager.py:652]  [INFO]     |                                                                                                    |
[2022-11-16 20:35:15,905] [plex_meta_manager.py:653]  [INFO]     | Collection Minimum: 2 not met for Oscars Winners 1987 Collection                                   |
[2022-11-16 20:35:15,905] [plex_meta_manager.py:736]  [INFO]     |                                                                                                    |
[2022-11-16 20:35:15,905] [plex_meta_manager.py:737]  [INFO]     |====================================================================================================|
[2022-11-16 20:35:15,905] [plex_meta_manager.py:737]  [INFO]     |                              Finished Oscars Winners 1987 Collection                               |
[2022-11-16 20:35:15,905] [plex_meta_manager.py:737]  [INFO]     |                                    Collection Run Time: 0:00:04                                    |
[2022-11-16 20:35:15,905] [plex_meta_manager.py:737]  [INFO]     |====================================================================================================|
