[2022-11-17 02:22:14,802] [builder.py:193]            [INFO]     |====================================================================================================|
[2022-11-17 02:22:14,802] [builder.py:193]            [INFO]     |                                 Emmys 1990 Collection in TV Shows                                  |
[2022-11-17 02:22:14,802] [builder.py:193]            [INFO]     |====================================================================================================|
[2022-11-17 02:22:14,803] [builder.py:194]            [INFO]     |                                                                                                    |
[2022-11-17 02:22:14,803] [builder.py:199]            [INFO]     |================================ Building Definition From Templates ================================|
[2022-11-17 02:22:14,804] [builder.py:215]            [DEBUG]    |                                                                                                    |
[2022-11-17 02:22:14,804] [meta.py:210]               [DEBUG]    |================================== Template use_year_collections ===================================|
[2022-11-17 02:22:14,805] [meta.py:451]               [DEBUG]    |                                                                                                    |
[2022-11-17 02:22:14,808] [meta.py:210]               [DEBUG]    |========================================== Template imdb ===========================================|
[2022-11-17 02:22:14,808] [meta.py:451]               [DEBUG]    |                                                                                                    |
[2022-11-17 02:22:14,811] [meta.py:210]               [DEBUG]    |========================================= Template shared ==========================================|
[2022-11-17 02:22:14,812] [meta.py:451]               [DEBUG]    |                                                                                                    |
[2022-11-17 02:22:14,833] [meta.py:210]               [DEBUG]    |=========================================== Template arr ===========================================|
[2022-11-17 02:22:14,834] [meta.py:451]               [DEBUG]    |                                                                                                    |
[2022-11-17 02:22:14,844] [meta.py:210]               [DEBUG]    |========================================= Template custom ==========================================|
[2022-11-17 02:22:14,845] [meta.py:451]               [DEBUG]    |                                                                                                    |
[2022-11-17 02:22:14,851] [meta.py:512]               [DEBUG]    |                                                                                                    |
[2022-11-17 02:22:14,851] [meta.py:513]               [DEBUG]    |==================================== Final Template Attributes =====================================|
[2022-11-17 02:22:14,852] [meta.py:514]               [DEBUG]    |                                                                                                    |
[2022-11-17 02:22:14,853] [meta.py:515]               [DEBUG]    | {'imdb_list': 'https://www.imdb.com/search/title/?release_date=1990-01-01,1990-12-31&groups=emmy_winner&sort=moviemeter,asc', 'ignore_blank_results': True, 'collection_mode': 'hide', 'sort_title': '!16_Emmys 1990', 'url_poster': 'https://raw.githubusercontent.com/meisnate12/Plex-Meta-Manager-Images/master/award/emmys/winner/1990.jpg', 'collection_order': 'custom', 'sync_mode': 'sync', 'cache_builders': 1} |
[2022-11-17 02:22:14,853] [meta.py:516]               [DEBUG]    |                                                                                                    |
[2022-11-17 02:22:14,853] [builder.py:223]            [INFO]     |================================= Validating Emmys 1990 Attributes =================================|
[2022-11-17 02:22:14,853] [builder.py:502]            [DEBUG]    |                                                                                                    |
[2022-11-17 02:22:14,854] [builder.py:503]            [DEBUG]    | Validating Method: ignore_blank_results                                                            |
[2022-11-17 02:22:14,854] [builder.py:504]            [DEBUG]    | Value: True                                                                                        |
[2022-11-17 02:22:14,854] [builder.py:516]            [DEBUG]    |                                                                                                    |
[2022-11-17 02:22:14,854] [builder.py:517]            [DEBUG]    | Validating Method: sync_mode                                                                       |
[2022-11-17 02:22:14,854] [builder.py:521]            [DEBUG]    | Value: sync                                                                                        |
[2022-11-17 02:22:14,854] [builder.py:613]            [DEBUG]    |                                                                                                    |
[2022-11-17 02:22:14,855] [builder.py:614]            [DEBUG]    | Validating Method: collection_order                                                                |
[2022-11-17 02:22:14,855] [builder.py:615]            [DEBUG]    | Value: custom                                                                                      |
[2022-11-17 02:22:14,855] [builder.py:646]            [DEBUG]    |                                                                                                    |
[2022-11-17 02:22:14,855] [builder.py:650]            [DEBUG]    | Validating Method: label                                                                           |
[2022-11-17 02:22:14,855] [builder.py:651]            [DEBUG]    | Value: Emmy Awards                                                                                 |
[2022-11-17 02:22:14,855] [builder.py:646]            [DEBUG]    |                                                                                                    |
[2022-11-17 02:22:14,855] [builder.py:650]            [DEBUG]    | Validating Method: imdb_list                                                                       |
[2022-11-17 02:22:14,855] [builder.py:651]            [DEBUG]    | Value: https://www.imdb.com/search/title/?release_date=1990-01-01,1990-12-31&groups=emmy_winner&sort=moviemeter,asc |
[2022-11-17 02:22:15,462] [builder.py:646]            [DEBUG]    |                                                                                                    |
[2022-11-17 02:22:15,464] [builder.py:650]            [DEBUG]    | Validating Method: collection_mode                                                                 |
[2022-11-17 02:22:15,464] [builder.py:651]            [DEBUG]    | Value: hide                                                                                        |
[2022-11-17 02:22:15,464] [builder.py:646]            [DEBUG]    |                                                                                                    |
[2022-11-17 02:22:15,465] [builder.py:650]            [DEBUG]    | Validating Method: sort_title                                                                      |
[2022-11-17 02:22:15,465] [builder.py:651]            [DEBUG]    | Value: !16_Emmys 1990                                                                              |
[2022-11-17 02:22:15,465] [builder.py:646]            [DEBUG]    |                                                                                                    |
[2022-11-17 02:22:15,466] [builder.py:650]            [DEBUG]    | Validating Method: url_poster                                                                      |
[2022-11-17 02:22:15,466] [builder.py:651]            [DEBUG]    | Value: https://raw.githubusercontent.com/meisnate12/Plex-Meta-Manager-Images/master/award/emmys/winner/1990.jpg |
[2022-11-17 02:22:15,666] [builder.py:646]            [DEBUG]    |                                                                                                    |
[2022-11-17 02:22:15,666] [builder.py:650]            [DEBUG]    | Validating Method: cache_builders                                                                  |
[2022-11-17 02:22:15,666] [builder.py:651]            [DEBUG]    | Value: 1                                                                                           |
[2022-11-17 02:22:15,671] [plex.py:835]               [DEBUG]    |                                                                                                    |
[2022-11-17 02:22:15,672] [plex.py:838]               [DEBUG]    | Looking for: Emmys 1990                                                                            |
[2022-11-17 02:22:15,672] [builder.py:814]            [INFO]     |                                                                                                    |
[2022-11-17 02:22:15,672] [builder.py:815]            [INFO]     | Validation Successful                                                                              |
[2022-11-17 02:22:15,672] [plex_meta_manager.py:594]  [INFO]     |                                                                                                    |
[2022-11-17 02:22:15,672] [plex_meta_manager.py:596]  [INFO]     |================================== Running Emmys 1990 Collection ===================================|
[2022-11-17 02:22:15,672] [plex_meta_manager.py:608]  [INFO]     |                                                                                                    |
[2022-11-17 02:22:15,672] [plex_meta_manager.py:609]  [INFO]     | Sync Mode: sync                                                                                    |
[2022-11-17 02:22:15,672] [plex_meta_manager.py:612]  [DEBUG]    |                                                                                                    |
[2022-11-17 02:22:15,673] [plex_meta_manager.py:613]  [DEBUG]    | Builder: imdb_list: {'url': 'https://www.imdb.com/search/title/?release_date=1990-01-01,1990-12-31&groups=emmy_winner&sort=moviemeter,asc', 'limit': 0} |
[2022-11-17 02:22:15,673] [plex_meta_manager.py:614]  [INFO]     |                                                                                                    |
[2022-11-17 02:22:15,675] [imdb.py:202]               [INFO]     | Processing IMDb List: https://www.imdb.com/search/title/?release_date=1990-01-01,1990-12-31&groups=emmy_winner&sort=moviemeter,asc |
[2022-11-17 02:22:18,391] [builder.py:1574]           [DEBUG]    |                                                                                                    |
[2022-11-17 02:22:18,394] [builder.py:1575]           [DEBUG]    | 47 IDs Found                                                                                       |
[2022-11-17 02:22:18,394] [builder.py:1577]           [DEBUG]    |                                                                                                    |
[2022-11-17 02:22:18,470] [builder.py:1637]           [WARNING]  | Convert Error: No TVDb ID Found for TMDb ID: 35412                                                 |
[2022-11-17 02:22:18,492] [builder.py:1637]           [WARNING]  | Convert Error: No TVDb ID Found for TMDb ID: 47439                                                 |
[2022-11-17 02:22:18,801] [builder.py:1637]           [WARNING]  | Convert Error: No TVDb ID Found for TMDb ID: 29989                                                 |
[2022-11-17 02:22:18,910] [builder.py:1637]           [WARNING]  | Convert Error: No TVDb ID Found for TMDb ID: 40224                                                 |
[2022-11-17 02:22:19,124] [builder.py:1637]           [WARNING]  | Convert Error: No TMDb ID Found for IMDb ID: tt0159546                                             |
[2022-11-17 02:22:19,336] [builder.py:1637]           [WARNING]  | Convert Error: No TVDb ID Found for TMDb ID: 47359                                                 |
[2022-11-17 02:22:19,348] [builder.py:1637]           [WARNING]  | Convert Error: No TMDb ID Found for IMDb ID: tt0205698                                             |
[2022-11-17 02:22:19,376] [builder.py:1637]           [WARNING]  | Convert Error: No TMDb ID Found for IMDb ID: tt0307893                                             |
[2022-11-17 02:22:19,407] [builder.py:1637]           [WARNING]  | Convert Error: No TVDb ID Found for TMDb ID: 47405                                                 |
[2022-11-17 02:22:19,492] [builder.py:1637]           [WARNING]  | Convert Error: No TMDb ID Found for IMDb ID: tt2391867                                             |
[2022-11-17 02:22:19,539] [plex_meta_manager.py:711]  [WARNING]  | Collection Warning: No items found                                                                 |
[2022-11-17 02:22:19,539] [plex_meta_manager.py:736]  [INFO]     |                                                                                                    |
[2022-11-17 02:22:19,540] [plex_meta_manager.py:737]  [INFO]     |====================================================================================================|
[2022-11-17 02:22:19,540] [plex_meta_manager.py:737]  [INFO]     |                                   Finished Emmys 1990 Collection                                   |
[2022-11-17 02:22:19,540] [plex_meta_manager.py:737]  [INFO]     |                                    Collection Run Time: 0:00:04                                    |
[2022-11-17 02:22:19,540] [plex_meta_manager.py:737]  [INFO]     |====================================================================================================|
