[2022-11-17 02:19:41,120] [builder.py:193]            [INFO]     |====================================================================================================|
[2022-11-17 02:19:41,120] [builder.py:193]            [INFO]     |                                 Emmys 1967 Collection in TV Shows                                  |
[2022-11-17 02:19:41,121] [builder.py:193]            [INFO]     |====================================================================================================|
[2022-11-17 02:19:41,121] [builder.py:194]            [INFO]     |                                                                                                    |
[2022-11-17 02:19:41,121] [builder.py:199]            [INFO]     |================================ Building Definition From Templates ================================|
[2022-11-17 02:19:41,121] [builder.py:215]            [DEBUG]    |                                                                                                    |
[2022-11-17 02:19:41,122] [meta.py:210]               [DEBUG]    |================================== Template use_year_collections ===================================|
[2022-11-17 02:19:41,126] [meta.py:451]               [DEBUG]    |                                                                                                    |
[2022-11-17 02:19:41,136] [meta.py:210]               [DEBUG]    |========================================== Template imdb ===========================================|
[2022-11-17 02:19:41,140] [meta.py:451]               [DEBUG]    |                                                                                                    |
[2022-11-17 02:19:41,149] [meta.py:210]               [DEBUG]    |========================================= Template shared ==========================================|
[2022-11-17 02:19:41,155] [meta.py:451]               [DEBUG]    |                                                                                                    |
[2022-11-17 02:19:41,227] [meta.py:210]               [DEBUG]    |=========================================== Template arr ===========================================|
[2022-11-17 02:19:41,244] [meta.py:451]               [DEBUG]    |                                                                                                    |
[2022-11-17 02:19:41,277] [meta.py:210]               [DEBUG]    |========================================= Template custom ==========================================|
[2022-11-17 02:19:41,277] [meta.py:451]               [DEBUG]    |                                                                                                    |
[2022-11-17 02:19:41,292] [meta.py:512]               [DEBUG]    |                                                                                                    |
[2022-11-17 02:19:41,292] [meta.py:513]               [DEBUG]    |==================================== Final Template Attributes =====================================|
[2022-11-17 02:19:41,292] [meta.py:514]               [DEBUG]    |                                                                                                    |
[2022-11-17 02:19:41,293] [meta.py:515]               [DEBUG]    | {'imdb_list': 'https://www.imdb.com/search/title/?release_date=1967-01-01,1967-12-31&groups=emmy_winner&sort=moviemeter,asc', 'ignore_blank_results': True, 'collection_mode': 'hide', 'sort_title': '!16_Emmys 1967', 'url_poster': 'https://raw.githubusercontent.com/meisnate12/Plex-Meta-Manager-Images/master/award/emmys/winner/1967.jpg', 'collection_order': 'custom', 'sync_mode': 'sync', 'cache_builders': 1} |
[2022-11-17 02:19:41,293] [meta.py:516]               [DEBUG]    |                                                                                                    |
[2022-11-17 02:19:41,293] [builder.py:223]            [INFO]     |================================= Validating Emmys 1967 Attributes =================================|
[2022-11-17 02:19:41,293] [builder.py:502]            [DEBUG]    |                                                                                                    |
[2022-11-17 02:19:41,293] [builder.py:503]            [DEBUG]    | Validating Method: ignore_blank_results                                                            |
[2022-11-17 02:19:41,293] [builder.py:504]            [DEBUG]    | Value: True                                                                                        |
[2022-11-17 02:19:41,294] [builder.py:516]            [DEBUG]    |                                                                                                    |
[2022-11-17 02:19:41,294] [builder.py:517]            [DEBUG]    | Validating Method: sync_mode                                                                       |
[2022-11-17 02:19:41,294] [builder.py:521]            [DEBUG]    | Value: sync                                                                                        |
[2022-11-17 02:19:41,294] [builder.py:613]            [DEBUG]    |                                                                                                    |
[2022-11-17 02:19:41,294] [builder.py:614]            [DEBUG]    | Validating Method: collection_order                                                                |
[2022-11-17 02:19:41,294] [builder.py:615]            [DEBUG]    | Value: custom                                                                                      |
[2022-11-17 02:19:41,294] [builder.py:646]            [DEBUG]    |                                                                                                    |
[2022-11-17 02:19:41,295] [builder.py:650]            [DEBUG]    | Validating Method: label                                                                           |
[2022-11-17 02:19:41,295] [builder.py:651]            [DEBUG]    | Value: Emmy Awards                                                                                 |
[2022-11-17 02:19:41,295] [builder.py:646]            [DEBUG]    |                                                                                                    |
[2022-11-17 02:19:41,295] [builder.py:650]            [DEBUG]    | Validating Method: imdb_list                                                                       |
[2022-11-17 02:19:41,295] [builder.py:651]            [DEBUG]    | Value: https://www.imdb.com/search/title/?release_date=1967-01-01,1967-12-31&groups=emmy_winner&sort=moviemeter,asc |
[2022-11-17 02:19:41,662] [builder.py:646]            [DEBUG]    |                                                                                                    |
[2022-11-17 02:19:41,664] [builder.py:650]            [DEBUG]    | Validating Method: collection_mode                                                                 |
[2022-11-17 02:19:41,664] [builder.py:651]            [DEBUG]    | Value: hide                                                                                        |
[2022-11-17 02:19:41,664] [builder.py:646]            [DEBUG]    |                                                                                                    |
[2022-11-17 02:19:41,664] [builder.py:650]            [DEBUG]    | Validating Method: sort_title                                                                      |
[2022-11-17 02:19:41,664] [builder.py:651]            [DEBUG]    | Value: !16_Emmys 1967                                                                              |
[2022-11-17 02:19:41,664] [builder.py:646]            [DEBUG]    |                                                                                                    |
[2022-11-17 02:19:41,664] [builder.py:650]            [DEBUG]    | Validating Method: url_poster                                                                      |
[2022-11-17 02:19:41,664] [builder.py:651]            [DEBUG]    | Value: https://raw.githubusercontent.com/meisnate12/Plex-Meta-Manager-Images/master/award/emmys/winner/1967.jpg |
[2022-11-17 02:19:41,817] [builder.py:646]            [DEBUG]    |                                                                                                    |
[2022-11-17 02:19:41,818] [builder.py:650]            [DEBUG]    | Validating Method: cache_builders                                                                  |
[2022-11-17 02:19:41,818] [builder.py:651]            [DEBUG]    | Value: 1                                                                                           |
[2022-11-17 02:19:41,823] [plex.py:835]               [DEBUG]    |                                                                                                    |
[2022-11-17 02:19:41,823] [plex.py:838]               [DEBUG]    | Looking for: Emmys 1967                                                                            |
[2022-11-17 02:19:41,823] [builder.py:814]            [INFO]     |                                                                                                    |
[2022-11-17 02:19:41,823] [builder.py:815]            [INFO]     | Validation Successful                                                                              |
[2022-11-17 02:19:41,823] [plex_meta_manager.py:594]  [INFO]     |                                                                                                    |
[2022-11-17 02:19:41,823] [plex_meta_manager.py:596]  [INFO]     |================================== Running Emmys 1967 Collection ===================================|
[2022-11-17 02:19:41,823] [plex_meta_manager.py:608]  [INFO]     |                                                                                                    |
[2022-11-17 02:19:41,824] [plex_meta_manager.py:609]  [INFO]     | Sync Mode: sync                                                                                    |
[2022-11-17 02:19:41,824] [plex_meta_manager.py:612]  [DEBUG]    |                                                                                                    |
[2022-11-17 02:19:41,824] [plex_meta_manager.py:613]  [DEBUG]    | Builder: imdb_list: {'url': 'https://www.imdb.com/search/title/?release_date=1967-01-01,1967-12-31&groups=emmy_winner&sort=moviemeter,asc', 'limit': 0} |
[2022-11-17 02:19:41,824] [plex_meta_manager.py:614]  [INFO]     |                                                                                                    |
[2022-11-17 02:19:41,825] [imdb.py:202]               [INFO]     | Processing IMDb List: https://www.imdb.com/search/title/?release_date=1967-01-01,1967-12-31&groups=emmy_winner&sort=moviemeter,asc |
[2022-11-17 02:19:44,157] [builder.py:1574]           [DEBUG]    |                                                                                                    |
[2022-11-17 02:19:44,157] [builder.py:1575]           [DEBUG]    | 17 IDs Found                                                                                       |
[2022-11-17 02:19:44,157] [builder.py:1577]           [DEBUG]    |                                                                                                    |
[2022-11-17 02:19:44,185] [builder.py:1637]           [WARNING]  | Convert Error: No TVDb ID Found for TMDb ID: 13439                                                 |
[2022-11-17 02:19:44,258] [builder.py:1637]           [WARNING]  | Convert Error: No TMDb ID Found for IMDb ID: tt2402723                                             |
[2022-11-17 02:19:44,490] [builder.py:1637]           [WARNING]  | Convert Error: No TVDb ID Found for TMDb ID: 31058                                                 |
[2022-11-17 02:19:44,490] [plex_meta_manager.py:711]  [WARNING]  | Collection Warning: No items found                                                                 |
[2022-11-17 02:19:44,491] [plex_meta_manager.py:736]  [INFO]     |                                                                                                    |
[2022-11-17 02:19:44,491] [plex_meta_manager.py:737]  [INFO]     |====================================================================================================|
[2022-11-17 02:19:44,491] [plex_meta_manager.py:737]  [INFO]     |                                   Finished Emmys 1967 Collection                                   |
[2022-11-17 02:19:44,491] [plex_meta_manager.py:737]  [INFO]     |                                    Collection Run Time: 0:00:03                                    |
[2022-11-17 02:19:44,491] [plex_meta_manager.py:737]  [INFO]     |====================================================================================================|
