[2022-11-16 20:32:47,291] [builder.py:193]            [INFO]     |====================================================================================================|
[2022-11-16 20:32:47,291] [builder.py:193]            [INFO]     |                            Golden Globe 2006 Collection in Kids Movies                             |
[2022-11-16 20:32:47,292] [builder.py:193]            [INFO]     |====================================================================================================|
[2022-11-16 20:32:47,292] [builder.py:194]            [INFO]     |                                                                                                    |
[2022-11-16 20:32:47,292] [builder.py:199]            [INFO]     |================================ Building Definition From Templates ================================|
[2022-11-16 20:32:47,292] [builder.py:215]            [DEBUG]    |                                                                                                    |
[2022-11-16 20:32:47,292] [meta.py:210]               [DEBUG]    |================================== Template use_year_collections ===================================|
[2022-11-16 20:32:47,293] [meta.py:451]               [DEBUG]    |                                                                                                    |
[2022-11-16 20:32:47,294] [meta.py:210]               [DEBUG]    |========================================== Template imdb ===========================================|
[2022-11-16 20:32:47,294] [meta.py:451]               [DEBUG]    |                                                                                                    |
[2022-11-16 20:32:47,296] [meta.py:210]               [DEBUG]    |======================================= Template translation =======================================|
[2022-11-16 20:32:47,296] [meta.py:451]               [DEBUG]    |                                                                                                    |
[2022-11-16 20:32:47,299] [meta.py:210]               [DEBUG]    |========================================= Template shared ==========================================|
[2022-11-16 20:32:47,300] [meta.py:451]               [DEBUG]    |                                                                                                    |
[2022-11-16 20:32:47,316] [meta.py:210]               [DEBUG]    |=========================================== Template arr ===========================================|
[2022-11-16 20:32:47,317] [meta.py:451]               [DEBUG]    |                                                                                                    |
[2022-11-16 20:32:47,325] [meta.py:210]               [DEBUG]    |========================================= Template custom ==========================================|
[2022-11-16 20:32:47,326] [meta.py:451]               [DEBUG]    |                                                                                                    |
[2022-11-16 20:32:47,331] [meta.py:512]               [DEBUG]    |                                                                                                    |
[2022-11-16 20:32:47,331] [meta.py:513]               [DEBUG]    |==================================== Final Template Attributes =====================================|
[2022-11-16 20:32:47,331] [meta.py:514]               [DEBUG]    |                                                                                                    |
[2022-11-16 20:32:47,332] [meta.py:515]               [DEBUG]    | {'imdb_list': 'https://www.imdb.com/search/title/?release_date=2006-01-01,2006-12-31&groups=golden_globe_winner&sort=moviemeter,asc', 'summary': '2006 Golden Globe Winners.', 'name': 'Golden Globe 2006', 'ignore_blank_results': True, 'collection_mode': 'hide', 'sort_title': '!16_Golden Globe 2006', 'url_poster': 'https://raw.githubusercontent.com/meisnate12/Plex-Meta-Manager-Images/master/award/golden/winner/2006.jpg', 'collection_order': 'custom', 'sync_mode': 'sync', 'cache_builders': 1} |
[2022-11-16 20:32:47,332] [meta.py:516]               [DEBUG]    |                                                                                                    |
[2022-11-16 20:32:47,332] [builder.py:223]            [INFO]     |============================= Validating Golden Globe 2006 Attributes ==============================|
[2022-11-16 20:32:47,332] [builder.py:226]            [DEBUG]    |                                                                                                    |
[2022-11-16 20:32:47,332] [builder.py:227]            [DEBUG]    | Validating Method: name                                                                            |
[2022-11-16 20:32:47,332] [builder.py:230]            [DEBUG]    | Value: Golden Globe 2006                                                                           |
[2022-11-16 20:32:47,332] [builder.py:502]            [DEBUG]    |                                                                                                    |
[2022-11-16 20:32:47,332] [builder.py:503]            [DEBUG]    | Validating Method: ignore_blank_results                                                            |
[2022-11-16 20:32:47,333] [builder.py:504]            [DEBUG]    | Value: True                                                                                        |
[2022-11-16 20:32:47,333] [builder.py:516]            [DEBUG]    |                                                                                                    |
[2022-11-16 20:32:47,333] [builder.py:517]            [DEBUG]    | Validating Method: sync_mode                                                                       |
[2022-11-16 20:32:47,333] [builder.py:521]            [DEBUG]    | Value: sync                                                                                        |
[2022-11-16 20:32:47,333] [builder.py:613]            [DEBUG]    |                                                                                                    |
[2022-11-16 20:32:47,334] [builder.py:614]            [DEBUG]    | Validating Method: collection_order                                                                |
[2022-11-16 20:32:47,334] [builder.py:615]            [DEBUG]    | Value: custom                                                                                      |
[2022-11-16 20:32:47,334] [builder.py:646]            [DEBUG]    |                                                                                                    |
[2022-11-16 20:32:47,335] [builder.py:650]            [DEBUG]    | Validating Method: label                                                                           |
[2022-11-16 20:32:47,335] [builder.py:651]            [DEBUG]    | Value: Golden Globes Awards                                                                        |
[2022-11-16 20:32:47,335] [builder.py:646]            [DEBUG]    |                                                                                                    |
[2022-11-16 20:32:47,335] [builder.py:650]            [DEBUG]    | Validating Method: imdb_list                                                                       |
[2022-11-16 20:32:47,335] [builder.py:651]            [DEBUG]    | Value: https://www.imdb.com/search/title/?release_date=2006-01-01,2006-12-31&groups=golden_globe_winner&sort=moviemeter,asc |
[2022-11-16 20:32:47,544] [builder.py:646]            [DEBUG]    |                                                                                                    |
[2022-11-16 20:32:47,545] [builder.py:650]            [DEBUG]    | Validating Method: summary                                                                         |
[2022-11-16 20:32:47,545] [builder.py:651]            [DEBUG]    | Value: 2006 Golden Globe Winners.                                                                  |
[2022-11-16 20:32:47,545] [builder.py:646]            [DEBUG]    |                                                                                                    |
[2022-11-16 20:32:47,545] [builder.py:650]            [DEBUG]    | Validating Method: collection_mode                                                                 |
[2022-11-16 20:32:47,546] [builder.py:651]            [DEBUG]    | Value: hide                                                                                        |
[2022-11-16 20:32:47,546] [builder.py:646]            [DEBUG]    |                                                                                                    |
[2022-11-16 20:32:47,546] [builder.py:650]            [DEBUG]    | Validating Method: sort_title                                                                      |
[2022-11-16 20:32:47,546] [builder.py:651]            [DEBUG]    | Value: !16_Golden Globe 2006                                                                       |
[2022-11-16 20:32:47,546] [builder.py:646]            [DEBUG]    |                                                                                                    |
[2022-11-16 20:32:47,546] [builder.py:650]            [DEBUG]    | Validating Method: url_poster                                                                      |
[2022-11-16 20:32:47,546] [builder.py:651]            [DEBUG]    | Value: https://raw.githubusercontent.com/meisnate12/Plex-Meta-Manager-Images/master/award/golden/winner/2006.jpg |
[2022-11-16 20:32:47,650] [builder.py:646]            [DEBUG]    |                                                                                                    |
[2022-11-16 20:32:47,651] [builder.py:650]            [DEBUG]    | Validating Method: cache_builders                                                                  |
[2022-11-16 20:32:47,651] [builder.py:651]            [DEBUG]    | Value: 1                                                                                           |
[2022-11-16 20:32:47,663] [plex.py:835]               [DEBUG]    |                                                                                                    |
[2022-11-16 20:32:47,663] [plex.py:838]               [DEBUG]    | Looking for: Golden Globe 2006                                                                     |
[2022-11-16 20:32:47,663] [builder.py:814]            [INFO]     |                                                                                                    |
[2022-11-16 20:32:47,663] [builder.py:815]            [INFO]     | Validation Successful                                                                              |
[2022-11-16 20:32:47,664] [plex_meta_manager.py:594]  [INFO]     |                                                                                                    |
[2022-11-16 20:32:47,664] [plex_meta_manager.py:596]  [INFO]     |=============================== Running Golden Globe 2006 Collection ===============================|
[2022-11-16 20:32:47,664] [plex_meta_manager.py:608]  [INFO]     |                                                                                                    |
[2022-11-16 20:32:47,664] [plex_meta_manager.py:609]  [INFO]     | Sync Mode: sync                                                                                    |
[2022-11-16 20:32:47,664] [plex_meta_manager.py:612]  [DEBUG]    |                                                                                                    |
[2022-11-16 20:32:47,664] [plex_meta_manager.py:613]  [DEBUG]    | Builder: imdb_list: {'url': 'https://www.imdb.com/search/title/?release_date=2006-01-01,2006-12-31&groups=golden_globe_winner&sort=moviemeter,asc', 'limit': 0} |
[2022-11-16 20:32:47,665] [plex_meta_manager.py:614]  [INFO]     |                                                                                                    |
[2022-11-16 20:32:47,667] [builder.py:1523]           [INFO]     | Builder: imdb_list loaded from Cache                                                               |
[2022-11-16 20:32:47,676] [builder.py:1574]           [DEBUG]    |                                                                                                    |
[2022-11-16 20:32:47,681] [builder.py:1575]           [DEBUG]    | 18 IDs Found                                                                                       |
[2022-11-16 20:32:47,681] [builder.py:1577]           [DEBUG]    |                                                                                                    |
[2022-11-16 20:32:47,701] [builder.py:2158]           [INFO]     |                                                                                                    |
[2022-11-16 20:32:47,701] [builder.py:2159]           [INFO]     |============================== Adding to Golden Globe 2006 Collection ==============================|
[2022-11-16 20:32:47,702] [builder.py:2160]           [INFO]     |                                                                                                    |
[2022-11-16 20:32:47,702] [builder.py:2174]           [INFO]     | 1/2 | Golden Globe 2006 Collection | + | Cars (2006)                                               |
[2022-11-16 20:32:47,816] [builder.py:2174]           [INFO]     | 2/2 | Golden Globe 2006 Collection | + | Happy Feet (2006)                                         |
[2022-11-16 20:32:52,069] [builder.py:2194]           [INFO]     |                                                                                                    |
[2022-11-16 20:32:52,069] [builder.py:2196]           [INFO]     | 2 Movies Processed 2 Movies Added                                                                  |
[2022-11-16 20:32:52,070] [builder.py:2306]           [INFO]     |                                                                                                    |
[2022-11-16 20:32:52,070] [builder.py:2307]           [INFO]     |============================= Missing Movies from Library: Kids Movies =============================|
[2022-11-16 20:32:52,070] [builder.py:2308]           [INFO]     |                                                                                                    |
[2022-11-16 20:32:52,123] [builder.py:2321]           [INFO]     | Golden Globe 2006 Collection | ? | The Departed (2006) (TMDb: 1422)                                |
[2022-11-16 20:32:52,139] [builder.py:2321]           [INFO]     | Golden Globe 2006 Collection | ? | The Devil Wears Prada (2006) (TMDb: 350)                        |
[2022-11-16 20:32:52,152] [builder.py:2321]           [INFO]     | Golden Globe 2006 Collection | ? | Babel (2006) (TMDb: 1164)                                       |
[2022-11-16 20:32:52,164] [builder.py:2321]           [INFO]     | Golden Globe 2006 Collection | ? | Borat: Cultural Learnings of America for Make Benefit Glorious Nation of Kazakhstan (2006) (TMDb: 496) |
[2022-11-16 20:32:52,176] [builder.py:2321]           [INFO]     | Golden Globe 2006 Collection | ? | The Queen (2006) (TMDb: 1165)                                   |
[2022-11-16 20:32:52,187] [builder.py:2321]           [INFO]     | Golden Globe 2006 Collection | ? | The Last King of Scotland (2006) (TMDb: 1523)                   |
[2022-11-16 20:32:52,200] [builder.py:2321]           [INFO]     | Golden Globe 2006 Collection | ? | Letters from Iwo Jima (2006) (TMDb: 1251)                       |
[2022-11-16 20:32:52,212] [builder.py:2321]           [INFO]     | Golden Globe 2006 Collection | ? | Dreamgirls (2006) (TMDb: 1125)                                  |
[2022-11-16 20:32:52,222] [builder.py:2321]           [INFO]     | Golden Globe 2006 Collection | ? | The Painted Veil (2006) (TMDb: 14202)                           |
[2022-11-16 20:32:52,234] [builder.py:2321]           [INFO]     | Golden Globe 2006 Collection | ? | Away from Her (2007) (TMDb: 1919)                               |
[2022-11-16 20:32:52,479] [builder.py:2321]           [INFO]     | Golden Globe 2006 Collection | ? | Longford (2006) (TMDb: 36328)                                   |
[2022-11-16 20:32:52,479] [builder.py:2326]           [INFO]     |                                                                                                    |
[2022-11-16 20:32:52,480] [builder.py:2327]           [INFO]     | 11 Movies Missing                                                                                  |
[2022-11-16 20:32:55,587] [builder.py:2527]           [INFO]     |                                                                                                    |
[2022-11-16 20:32:55,587] [builder.py:2528]           [INFO]     |========================= Updating Details of Golden Globe 2006 Collection =========================|
[2022-11-16 20:32:55,587] [builder.py:2529]           [INFO]     |                                                                                                    |
[2022-11-16 20:32:55,593] [builder.py:2595]           [INFO]     | Collection Metadata Edits                                                                          |
                                                                 | Summary (summary) | 2006 Golden Globe Winners.
                                                                 | Sort Title | !16_Golden Globe 2006
                                                                 | Label | +Golden Globes Awards, +PMM
[2022-11-16 20:32:57,164] [builder.py:2599]           [INFO]     | Details: have been updated
[2022-11-16 20:32:57,165] [builder.py:2603]           [INFO]     | 
[2022-11-16 20:32:58,548] [builder.py:2615]           [INFO]     | Collection Mode | hide
[2022-11-16 20:32:59,933] [builder.py:2629]           [INFO]     | Collection Order | custom
[2022-11-16 20:32:59,940] [plex.py:1203]              [WARNING]  | Asset Warning: Asset Directory Not Found and Created: config/Kids_Movies/Assets/Golden Globe 2006
[2022-11-16 20:32:59,941] [util.py:174]               [DEBUG]    | 1 poster found:
[2022-11-16 20:32:59,941] [util.py:176]               [DEBUG]    | Method: url_poster Poster: https://raw.githubusercontent.com/meisnate12/Plex-Meta-Manager-Images/master/award/golden/winner/2006.jpg
[2022-11-16 20:33:00,132] [library.py:178]            [INFO]     | Detail: asset_directory updated Golden Globe 2006's poster to [File] config/Kids_Movies/Assets/Golden Globe 2006/poster.jpg
[2022-11-16 20:33:00,208] [builder.py:2686]           [INFO]     | 
[2022-11-16 20:33:00,208] [builder.py:2687]           [INFO]     |=============================== Sorting Golden Globe 2006 Collection ===============================|
[2022-11-16 20:33:00,208] [builder.py:2688]           [INFO]     |                                                                                                    |
[2022-11-16 20:33:00,208] [plex_meta_manager.py:736]  [INFO]     |                                                                                                    |
[2022-11-16 20:33:00,208] [plex_meta_manager.py:737]  [INFO]     |====================================================================================================|
[2022-11-16 20:33:00,208] [plex_meta_manager.py:737]  [INFO]     |                               Finished Golden Globe 2006 Collection                                |
[2022-11-16 20:33:00,209] [plex_meta_manager.py:737]  [INFO]     |                                    Collection Run Time: 0:00:12                                    |
[2022-11-16 20:33:00,209] [plex_meta_manager.py:737]  [INFO]     |====================================================================================================|
