[2022-11-16 23:34:39,153] [builder.py:193]            [INFO]     |====================================================================================================|
[2022-11-16 23:34:39,154] [builder.py:193]            [INFO]     |                              George Clooney Collection in New Movies                               |
[2022-11-16 23:34:39,154] [builder.py:193]            [INFO]     |====================================================================================================|
[2022-11-16 23:34:39,154] [builder.py:194]            [INFO]     |                                                                                                    |
[2022-11-16 23:34:39,154] [builder.py:199]            [INFO]     |================================ Building Definition From Templates ================================|
[2022-11-16 23:34:39,155] [builder.py:215]            [DEBUG]    |                                                                                                    |
[2022-11-16 23:34:39,155] [meta.py:210]               [DEBUG]    |========================================= Template people ==========================================|
[2022-11-16 23:34:39,155] [meta.py:451]               [DEBUG]    |                                                                                                    |
[2022-11-16 23:34:39,157] [meta.py:512]               [DEBUG]    |                                                                                                    |
[2022-11-16 23:34:39,157] [meta.py:513]               [DEBUG]    |==================================== Final Template Attributes =====================================|
[2022-11-16 23:34:39,158] [meta.py:514]               [DEBUG]    |                                                                                                    |
[2022-11-16 23:34:39,158] [meta.py:515]               [DEBUG]    | {'actor': 'tmdb', 'tmdb_person': 1461, 'sort_title': '++_George Clooney', 'collection_order': 'release'} |
[2022-11-16 23:34:39,158] [meta.py:516]               [DEBUG]    |                                                                                                    |
[2022-11-16 23:34:39,158] [builder.py:223]            [INFO]     |=============================== Validating George Clooney Attributes ===============================|
[2022-11-16 23:34:39,159] [builder.py:528]            [DEBUG]    |                                                                                                    |
[2022-11-16 23:34:39,160] [builder.py:529]            [DEBUG]    | Validating Method: tmdb_person                                                                     |
[2022-11-16 23:34:39,160] [builder.py:533]            [DEBUG]    | Value: 1461                                                                                        |
[2022-11-16 23:34:39,172] [builder.py:613]            [DEBUG]    |                                                                                                    |
[2022-11-16 23:34:39,173] [builder.py:614]            [DEBUG]    | Validating Method: collection_order                                                                |
[2022-11-16 23:34:39,173] [builder.py:615]            [DEBUG]    | Value: release                                                                                     |
[2022-11-16 23:34:39,173] [builder.py:646]            [DEBUG]    |                                                                                                    |
[2022-11-16 23:34:39,173] [builder.py:650]            [DEBUG]    | Validating Method: actor                                                                           |
[2022-11-16 23:34:39,174] [builder.py:651]            [DEBUG]    | Value: tmdb                                                                                        |
[2022-11-16 23:34:39,499] [builder.py:646]            [DEBUG]    |                                                                                                    |
[2022-11-16 23:34:39,499] [builder.py:650]            [DEBUG]    | Validating Method: sort_title                                                                      |
[2022-11-16 23:34:39,500] [builder.py:651]            [DEBUG]    | Value: ++_George Clooney                                                                           |
[2022-11-16 23:34:39,504] [plex.py:835]               [DEBUG]    |                                                                                                    |
[2022-11-16 23:34:39,505] [plex.py:838]               [DEBUG]    | Looking for: George Clooney                                                                        |
[2022-11-16 23:34:39,505] [builder.py:814]            [INFO]     |                                                                                                    |
[2022-11-16 23:34:39,506] [builder.py:815]            [INFO]     | Validation Successful                                                                              |
[2022-11-16 23:34:39,506] [plex_meta_manager.py:594]  [INFO]     |                                                                                                    |
[2022-11-16 23:34:39,507] [plex_meta_manager.py:596]  [INFO]     |================================ Running George Clooney Collection =================================|
[2022-11-16 23:34:39,507] [plex_meta_manager.py:608]  [INFO]     |                                                                                                    |
[2022-11-16 23:34:39,508] [plex_meta_manager.py:609]  [INFO]     | Sync Mode: append                                                                                  |
[2022-11-16 23:34:39,508] [plex_meta_manager.py:612]  [DEBUG]    |                                                                                                    |
[2022-11-16 23:34:39,509] [plex_meta_manager.py:613]  [DEBUG]    | Builder: plex_search: (1, "Plex Movie Search\nSort By: ['title.asc']\nFilter:\n  Match any of the following:\n    Actor is George Clooney", '?type=1&sort=titleSort&push=1&actor=3734&pop=1') |
[2022-11-16 23:34:39,509] [plex_meta_manager.py:614]  [INFO]     |                                                                                                    |
[2022-11-16 23:34:39,510] [plex.py:924]               [INFO]     | Processing Plex Movie Search                                                                       |
                                                                 | Sort By: ['title.asc']
                                                                 | Filter:
                                                                 |   Match any of the following:
                                                                 |     Actor is George Clooney
[2022-11-16 23:34:39,522] [builder.py:1574]           [DEBUG]    | 
[2022-11-16 23:34:39,523] [builder.py:1575]           [DEBUG]    | 1 IDs Found
[2022-11-16 23:34:39,523] [builder.py:1577]           [DEBUG]    | 
[2022-11-16 23:34:39,523] [plex_meta_manager.py:652]  [INFO]     | 
[2022-11-16 23:34:39,523] [plex_meta_manager.py:653]  [INFO]     | Collection Minimum: 2 not met for George Clooney Collection
[2022-11-16 23:34:39,523] [plex_meta_manager.py:736]  [INFO]     | 
[2022-11-16 23:34:39,524] [plex_meta_manager.py:737]  [INFO]     |====================================================================================================|
[2022-11-16 23:34:39,524] [plex_meta_manager.py:737]  [INFO]     |                                 Finished George Clooney Collection                                 |
[2022-11-16 23:34:39,524] [plex_meta_manager.py:737]  [INFO]     |                                    Collection Run Time: 0:00:00                                    |
[2022-11-16 23:34:39,524] [plex_meta_manager.py:737]  [INFO]     |====================================================================================================|
