[2022-11-16 20:09:31,773] [builder.py:193]            [INFO]     |====================================================================================================|
[2022-11-16 20:09:31,774] [builder.py:193]            [INFO]     |                               40's Movies Collection in Kids Movies                                |
[2022-11-16 20:09:31,774] [builder.py:193]            [INFO]     |====================================================================================================|
[2022-11-16 20:09:31,774] [builder.py:194]            [INFO]     |                                                                                                    |
[2022-11-16 20:09:31,774] [builder.py:199]            [INFO]     |================================ Building Definition From Templates ================================|
[2022-11-16 20:09:31,774] [builder.py:215]            [DEBUG]    |                                                                                                    |
[2022-11-16 20:09:31,774] [meta.py:210]               [DEBUG]    |========================================= Template Decade ==========================================|
[2022-11-16 20:09:31,775] [meta.py:451]               [DEBUG]    |                                                                                                    |
[2022-11-16 20:09:31,777] [meta.py:512]               [DEBUG]    |                                                                                                    |
[2022-11-16 20:09:31,777] [meta.py:513]               [DEBUG]    |==================================== Final Template Attributes =====================================|
[2022-11-16 20:09:31,777] [meta.py:514]               [DEBUG]    |                                                                                                    |
[2022-11-16 20:09:31,777] [meta.py:515]               [DEBUG]    | {'plex_search': {'decade': 1940}, 'url_poster': 'https://theposterdb.com/api/assets/105676', 'sort_title': "+++_40's Movies", 'collection_order': 'alpha'} |
[2022-11-16 20:09:31,778] [meta.py:516]               [DEBUG]    |                                                                                                    |
[2022-11-16 20:09:31,778] [builder.py:223]            [INFO]     |================================ Validating 40's Movies Attributes =================================|
[2022-11-16 20:09:31,778] [builder.py:613]            [DEBUG]    |                                                                                                    |
[2022-11-16 20:09:31,778] [builder.py:614]            [DEBUG]    | Validating Method: collection_order                                                                |
[2022-11-16 20:09:31,778] [builder.py:615]            [DEBUG]    | Value: alpha                                                                                       |
[2022-11-16 20:09:31,778] [builder.py:646]            [DEBUG]    |                                                                                                    |
[2022-11-16 20:09:31,779] [builder.py:650]            [DEBUG]    | Validating Method: plex_search                                                                     |
[2022-11-16 20:09:31,779] [builder.py:651]            [DEBUG]    | Value: {'decade': 1940}                                                                            |
[2022-11-16 20:09:31,779] [builder.py:646]            [DEBUG]    |                                                                                                    |
[2022-11-16 20:09:31,779] [builder.py:650]            [DEBUG]    | Validating Method: url_poster                                                                      |
[2022-11-16 20:09:31,779] [builder.py:651]            [DEBUG]    | Value: https://theposterdb.com/api/assets/105676                                                   |
[2022-11-16 20:09:32,400] [builder.py:646]            [DEBUG]    |                                                                                                    |
[2022-11-16 20:09:32,400] [builder.py:650]            [DEBUG]    | Validating Method: sort_title                                                                      |
[2022-11-16 20:09:32,401] [builder.py:651]            [DEBUG]    | Value: +++_40's Movies                                                                             |
[2022-11-16 20:09:32,609] [builder.py:814]            [INFO]     |                                                                                                    |
[2022-11-16 20:09:32,609] [builder.py:815]            [INFO]     | Validation Successful                                                                              |
[2022-11-16 20:09:32,609] [plex_meta_manager.py:594]  [INFO]     |                                                                                                    |
[2022-11-16 20:09:32,609] [plex_meta_manager.py:596]  [INFO]     |================================== Running 40's Movies Collection ==================================|
[2022-11-16 20:09:32,610] [plex_meta_manager.py:608]  [INFO]     |                                                                                                    |
[2022-11-16 20:09:32,610] [plex_meta_manager.py:609]  [INFO]     | Sync Mode: append                                                                                  |
[2022-11-16 20:09:32,610] [plex_meta_manager.py:612]  [DEBUG]    |                                                                                                    |
[2022-11-16 20:09:32,610] [plex_meta_manager.py:613]  [DEBUG]    | Builder: plex_search: (1, "Plex Movie Search\nSort By: ['title.asc']\nFilter:\n  Match all of the following:\n    Match any of the following:\n      Decade is 1940", '?type=1&sort=titleSort&push=1&decade=1940&pop=1') |
[2022-11-16 20:09:32,610] [plex_meta_manager.py:614]  [INFO]     |                                                                                                    |
[2022-11-16 20:09:32,610] [plex.py:924]               [INFO]     | Processing Plex Movie Search                                                                       |
                                                                 | Sort By: ['title.asc']
                                                                 | Filter:
                                                                 |   Match all of the following:
                                                                 |     Match any of the following:
                                                                 |       Decade is 1940
[2022-11-16 20:09:32,765] [builder.py:1574]           [DEBUG]    | 
[2022-11-16 20:09:32,765] [builder.py:1575]           [DEBUG]    | 33 IDs Found
[2022-11-16 20:09:32,766] [builder.py:1577]           [DEBUG]    | 
[2022-11-16 20:09:32,768] [builder.py:2158]           [INFO]     | 
[2022-11-16 20:09:32,768] [builder.py:2159]           [INFO]     |================================= Adding to 40's Movies Collection =================================|
[2022-11-16 20:09:32,768] [builder.py:2160]           [INFO]     |                                                                                                    |
[2022-11-16 20:09:32,768] [builder.py:2174]           [INFO]     |  1/33 | 40's Movies Collection | = | The Adventures of Ichabod and Mr. Toad (1949)                 |
[2022-11-16 20:09:32,769] [builder.py:2174]           [INFO]     |  2/33 | 40's Movies Collection | = | All in a Nutshell (1949)                                      |
[2022-11-16 20:09:32,769] [builder.py:2174]           [INFO]     |  3/33 | 40's Movies Collection | = | The Art of Skiing (1941)                                      |
[2022-11-16 20:09:32,769] [builder.py:2174]           [INFO]     |  4/33 | 40's Movies Collection | = | Bambi (1942)                                                  |
[2022-11-16 20:09:32,769] [builder.py:2174]           [INFO]     |  5/33 | 40's Movies Collection | = | Bone Bandit (1948)                                            |
[2022-11-16 20:09:32,769] [builder.py:2174]           [INFO]     |  6/33 | 40's Movies Collection | = | Canine Caddy (1941)                                           |
[2022-11-16 20:09:32,769] [builder.py:2174]           [INFO]     |  7/33 | 40's Movies Collection | = | Chip an' Dale (1947)                                          |
[2022-11-16 20:09:32,770] [builder.py:2174]           [INFO]     |  8/33 | 40's Movies Collection | = | Donald's Dog Laundry (1940)                                   |
[2022-11-16 20:09:32,770] [builder.py:2174]           [INFO]     |  9/33 | 40's Movies Collection | = | Double Dribble (1946)                                         |
[2022-11-16 20:09:32,770] [builder.py:2174]           [INFO]     | 10/33 | 40's Movies Collection | = | Dumbo (1941)                                                  |
[2022-11-16 20:09:32,770] [builder.py:2174]           [INFO]     | 11/33 | 40's Movies Collection | = | Fun and Fancy Free (1947)                                     |
[2022-11-16 20:09:32,770] [builder.py:2174]           [INFO]     | 12/33 | 40's Movies Collection | = | How to Fish (1942)                                            |
[2022-11-16 20:09:32,770] [builder.py:2174]           [INFO]     | 13/33 | 40's Movies Collection | = | How to Play Baseball (1942)                                   |
[2022-11-16 20:09:32,771] [builder.py:2174]           [INFO]     | 14/33 | 40's Movies Collection | = | How to Play Football (1944)                                   |
[2022-11-16 20:09:32,771] [builder.py:2174]           [INFO]     | 15/33 | 40's Movies Collection | = | How to Swim (1942)                                            |
[2022-11-16 20:09:32,771] [builder.py:2174]           [INFO]     | 16/33 | 40's Movies Collection | = | A Knight for a Day (1946)                                     |
[2022-11-16 20:09:32,771] [builder.py:2174]           [INFO]     | 17/33 | 40's Movies Collection | = | Lend a Paw (1941)                                             |
[2022-11-16 20:09:32,771] [builder.py:2174]           [INFO]     | 18/33 | 40's Movies Collection | = | The Little Whirlwind (1941)                                   |
[2022-11-16 20:09:32,772] [builder.py:2174]           [INFO]     | 19/33 | 40's Movies Collection | = | Mail Dog (1947)                                               |
[2022-11-16 20:09:32,772] [builder.py:2174]           [INFO]     | 20/33 | 40's Movies Collection | = | Melody Time (1948)                                            |
[2022-11-16 20:09:32,772] [builder.py:2174]           [INFO]     | 21/33 | 40's Movies Collection | = | Mickey's Birthday Party (1942)                                |
[2022-11-16 20:09:32,772] [builder.py:2174]           [INFO]     | 22/33 | 40's Movies Collection | = | Mr. Duck Steps Out (1940)                                     |
[2022-11-16 20:09:32,772] [builder.py:2174]           [INFO]     | 23/33 | 40's Movies Collection | = | Mr. Mouse Takes a Trip (1940)                                 |
[2022-11-16 20:09:32,773] [builder.py:2174]           [INFO]     | 24/33 | 40's Movies Collection | = | The Olympic Champ (1942)                                      |
[2022-11-16 20:09:32,773] [builder.py:2174]           [INFO]     | 25/33 | 40's Movies Collection | = | Pinocchio (1940)                                              |
[2022-11-16 20:09:32,773] [builder.py:2174]           [INFO]     | 26/33 | 40's Movies Collection | = | The Reluctant Dragon (1941)                                   |
[2022-11-16 20:09:32,774] [builder.py:2174]           [INFO]     | 27/33 | 40's Movies Collection | = | Rescue Dog (1947)                                             |
[2022-11-16 20:09:32,774] [builder.py:2174]           [INFO]     | 28/33 | 40's Movies Collection | = | Saludos Amigos (1942)                                         |
[2022-11-16 20:09:32,774] [builder.py:2174]           [INFO]     | 29/33 | 40's Movies Collection | = | So Dear to My Heart (1948)                                    |
[2022-11-16 20:09:32,774] [builder.py:2174]           [INFO]     | 30/33 | 40's Movies Collection | = | Song of the South (1946)                                      |
[2022-11-16 20:09:32,775] [builder.py:2174]           [INFO]     | 31/33 | 40's Movies Collection | = | The Three Caballeros (1944)                                   |
[2022-11-16 20:09:32,775] [builder.py:2174]           [INFO]     | 32/33 | 40's Movies Collection | = | Tugboat Mickey (1940)                                         |
[2022-11-16 20:09:32,775] [builder.py:2174]           [INFO]     | 33/33 | 40's Movies Collection | = | Winter Storage (1949)                                         |
[2022-11-16 20:09:32,776] [builder.py:2194]           [INFO]     |                                                                                                    |
[2022-11-16 20:09:32,776] [builder.py:2196]           [INFO]     | 33 Movies Processed 0 Movies Added                                                                 |
[2022-11-16 20:09:32,791] [builder.py:2527]           [INFO]     |                                                                                                    |
[2022-11-16 20:09:32,792] [builder.py:2528]           [INFO]     |============================ Updating Details of 40's Movies Collection ============================|
[2022-11-16 20:09:32,792] [builder.py:2529]           [INFO]     |                                                                                                    |
[2022-11-16 20:09:32,815] [builder.py:2595]           [INFO]     | Collection Metadata Edits                                                                          |
[2022-11-16 20:09:33,008] [util.py:174]               [DEBUG]    | 2 posters found:                                                                                   |
[2022-11-16 20:09:33,008] [util.py:176]               [DEBUG]    | Method: url_poster Poster: https://theposterdb.com/api/assets/105676                               |
[2022-11-16 20:09:33,009] [util.py:176]               [DEBUG]    | Method: asset_directory Poster: {'attribute': 'asset_directory', 'location': "/config/Kids_Movies/Assets/40's Movies/poster.png", 'prefix': "40's Movies's ", 'is_poster': True, 'is_url': False, 'compare': 1267066, 'message': "40's Movies's poster to [File] /config/Kids_Movies/Assets/40's Movies/poster.png"} |
[2022-11-16 20:09:33,010] [library.py:180]            [INFO]     | Detail: 40's Movies's poster update not needed                                                     |
[2022-11-16 20:09:33,133] [plex_meta_manager.py:736]  [INFO]     |                                                                                                    |
[2022-11-16 20:09:33,134] [plex_meta_manager.py:737]  [INFO]     |====================================================================================================|
[2022-11-16 20:09:33,134] [plex_meta_manager.py:737]  [INFO]     |                                  Finished 40's Movies Collection                                   |
[2022-11-16 20:09:33,134] [plex_meta_manager.py:737]  [INFO]     |                                    Collection Run Time: 0:00:01                                    |
[2022-11-16 20:09:33,134] [plex_meta_manager.py:737]  [INFO]     |====================================================================================================|
