[2022-11-17 00:45:58,988] [builder.py:193]            [INFO]     |====================================================================================================|
[2022-11-17 00:45:58,988] [builder.py:193]            [INFO]     |                              IMDb Popular Collection in Marvel Movies                              |
[2022-11-17 00:45:58,988] [builder.py:193]            [INFO]     |====================================================================================================|
[2022-11-17 00:45:58,988] [builder.py:194]            [INFO]     |                                                                                                    |
[2022-11-17 00:45:58,988] [builder.py:199]            [INFO]     |================================ Building Definition From Templates ================================|
[2022-11-17 00:45:58,988] [builder.py:209]            [DEBUG]    |                                                                                                    |
[2022-11-17 00:45:58,988] [builder.py:210]            [DEBUG]    | Validating Method: variables                                                                       |
[2022-11-17 00:45:58,988] [builder.py:215]            [DEBUG]    |                                                                                                    |
[2022-11-17 00:45:58,989] [meta.py:210]               [DEBUG]    |======================================= Template imdb_chart ========================================|
[2022-11-17 00:45:58,990] [meta.py:451]               [DEBUG]    |                                                                                                    |
[2022-11-17 00:45:58,992] [meta.py:210]               [DEBUG]    |========================================= Template shared ==========================================|
[2022-11-17 00:45:58,993] [meta.py:451]               [DEBUG]    |                                                                                                    |
[2022-11-17 00:45:59,010] [meta.py:210]               [DEBUG]    |=========================================== Template arr ===========================================|
[2022-11-17 00:45:59,011] [meta.py:451]               [DEBUG]    |                                                                                                    |
[2022-11-17 00:45:59,016] [meta.py:210]               [DEBUG]    |========================================= Template custom ==========================================|
[2022-11-17 00:45:59,017] [meta.py:451]               [DEBUG]    |                                                                                                    |
[2022-11-17 00:45:59,020] [meta.py:210]               [DEBUG]    |======================================= Template translation =======================================|
[2022-11-17 00:45:59,021] [meta.py:451]               [DEBUG]    |                                                                                                    |
[2022-11-17 00:45:59,023] [meta.py:512]               [DEBUG]    |                                                                                                    |
[2022-11-17 00:45:59,023] [meta.py:513]               [DEBUG]    |==================================== Final Template Attributes =====================================|
[2022-11-17 00:45:59,024] [meta.py:514]               [DEBUG]    |                                                                                                    |
[2022-11-17 00:45:59,024] [meta.py:515]               [DEBUG]    | {'imdb_chart': 'popular_movies', 'ignore_blank_results': True, 'collection_mode': 'hide', 'sort_title': '!01_IMDb Popular', 'url_poster': 'https://raw.githubusercontent.com/meisnate12/Plex-Meta-Manager-Images/master/chart/IMDb%20Popular.jpg', 'collection_order': 'custom', 'sync_mode': 'sync', 'cache_builders': 1, 'summary': 'List of IMDb Popular movies.', 'name': 'IMDb Popular'} |
[2022-11-17 00:45:59,024] [meta.py:516]               [DEBUG]    |                                                                                                    |
[2022-11-17 00:45:59,024] [builder.py:223]            [INFO]     |================================ Validating IMDb Popular Attributes ================================|
[2022-11-17 00:45:59,024] [builder.py:226]            [DEBUG]    |                                                                                                    |
[2022-11-17 00:45:59,024] [builder.py:227]            [DEBUG]    | Validating Method: name                                                                            |
[2022-11-17 00:45:59,024] [builder.py:230]            [DEBUG]    | Value: IMDb Popular                                                                                |
[2022-11-17 00:45:59,024] [builder.py:502]            [DEBUG]    |                                                                                                    |
[2022-11-17 00:45:59,025] [builder.py:503]            [DEBUG]    | Validating Method: ignore_blank_results                                                            |
[2022-11-17 00:45:59,025] [builder.py:504]            [DEBUG]    | Value: True                                                                                        |
[2022-11-17 00:45:59,025] [builder.py:516]            [DEBUG]    |                                                                                                    |
[2022-11-17 00:45:59,025] [builder.py:517]            [DEBUG]    | Validating Method: sync_mode                                                                       |
[2022-11-17 00:45:59,025] [builder.py:521]            [DEBUG]    | Value: sync                                                                                        |
[2022-11-17 00:45:59,025] [builder.py:613]            [DEBUG]    |                                                                                                    |
[2022-11-17 00:45:59,025] [builder.py:614]            [DEBUG]    | Validating Method: collection_order                                                                |
[2022-11-17 00:45:59,025] [builder.py:615]            [DEBUG]    | Value: custom                                                                                      |
[2022-11-17 00:45:59,025] [builder.py:646]            [DEBUG]    |                                                                                                    |
[2022-11-17 00:45:59,025] [builder.py:650]            [DEBUG]    | Validating Method: imdb_chart                                                                      |
[2022-11-17 00:45:59,025] [builder.py:651]            [DEBUG]    | Value: popular_movies                                                                              |
[2022-11-17 00:45:59,026] [builder.py:646]            [DEBUG]    |                                                                                                    |
[2022-11-17 00:45:59,026] [builder.py:650]            [DEBUG]    | Validating Method: collection_mode                                                                 |
[2022-11-17 00:45:59,026] [builder.py:651]            [DEBUG]    | Value: hide                                                                                        |
[2022-11-17 00:45:59,026] [builder.py:646]            [DEBUG]    |                                                                                                    |
[2022-11-17 00:45:59,026] [builder.py:650]            [DEBUG]    | Validating Method: sort_title                                                                      |
[2022-11-17 00:45:59,026] [builder.py:651]            [DEBUG]    | Value: !01_IMDb Popular                                                                            |
[2022-11-17 00:45:59,026] [builder.py:646]            [DEBUG]    |                                                                                                    |
[2022-11-17 00:45:59,026] [builder.py:650]            [DEBUG]    | Validating Method: url_poster                                                                      |
[2022-11-17 00:45:59,026] [builder.py:651]            [DEBUG]    | Value: https://raw.githubusercontent.com/meisnate12/Plex-Meta-Manager-Images/master/chart/IMDb%20Popular.jpg |
[2022-11-17 00:45:59,150] [builder.py:646]            [DEBUG]    |                                                                                                    |
[2022-11-17 00:45:59,150] [builder.py:650]            [DEBUG]    | Validating Method: cache_builders                                                                  |
[2022-11-17 00:45:59,150] [builder.py:651]            [DEBUG]    | Value: 1                                                                                           |
[2022-11-17 00:45:59,151] [builder.py:646]            [DEBUG]    |                                                                                                    |
[2022-11-17 00:45:59,151] [builder.py:650]            [DEBUG]    | Validating Method: summary                                                                         |
[2022-11-17 00:45:59,151] [builder.py:651]            [DEBUG]    | Value: List of IMDb Popular movies.                                                                |
[2022-11-17 00:45:59,155] [plex.py:835]               [DEBUG]    |                                                                                                    |
[2022-11-17 00:45:59,155] [plex.py:838]               [DEBUG]    | Looking for: IMDb Popular                                                                          |
[2022-11-17 00:45:59,155] [builder.py:814]            [INFO]     |                                                                                                    |
[2022-11-17 00:45:59,156] [builder.py:815]            [INFO]     | Validation Successful                                                                              |
[2022-11-17 00:45:59,156] [plex_meta_manager.py:594]  [INFO]     |                                                                                                    |
[2022-11-17 00:45:59,156] [plex_meta_manager.py:596]  [INFO]     |================================= Running IMDb Popular Collection ==================================|
[2022-11-17 00:45:59,156] [plex_meta_manager.py:608]  [INFO]     |                                                                                                    |
[2022-11-17 00:45:59,156] [plex_meta_manager.py:609]  [INFO]     | Sync Mode: sync                                                                                    |
[2022-11-17 00:45:59,156] [plex_meta_manager.py:612]  [DEBUG]    |                                                                                                    |
[2022-11-17 00:45:59,157] [plex_meta_manager.py:613]  [DEBUG]    | Builder: imdb_chart: popular_movies                                                                |
[2022-11-17 00:45:59,157] [plex_meta_manager.py:614]  [INFO]     |                                                                                                    |
[2022-11-17 00:45:59,157] [builder.py:1523]           [INFO]     | Builder: imdb_chart loaded from Cache                                                              |
[2022-11-17 00:45:59,159] [builder.py:1574]           [DEBUG]    |                                                                                                    |
[2022-11-17 00:45:59,160] [builder.py:1575]           [DEBUG]    | 100 IDs Found                                                                                      |
[2022-11-17 00:45:59,160] [builder.py:1577]           [DEBUG]    |                                                                                                    |
[2022-11-17 00:45:59,292] [builder.py:2158]           [INFO]     |                                                                                                    |
[2022-11-17 00:45:59,292] [builder.py:2159]           [INFO]     |================================ Adding to IMDb Popular Collection =================================|
[2022-11-17 00:45:59,292] [builder.py:2160]           [INFO]     |                                                                                                    |
[2022-11-17 00:45:59,292] [builder.py:2174]           [INFO]     | 1/2 | IMDb Popular Collection | + | Black Panther (2018)                                           |
[2022-11-17 00:45:59,360] [builder.py:2174]           [INFO]     | 2/2 | IMDb Popular Collection | + | Spider-Man: No Way Home (2021)                                 |
[2022-11-17 00:46:02,878] [builder.py:2194]           [INFO]     |                                                                                                    |
[2022-11-17 00:46:02,879] [builder.py:2196]           [INFO]     | 2 Movies Processed 2 Movies Added                                                                  |
[2022-11-17 00:46:02,879] [builder.py:2306]           [INFO]     |                                                                                                    |
[2022-11-17 00:46:02,879] [builder.py:2307]           [INFO]     |============================ Missing Movies from Library: Marvel Movies ============================|
[2022-11-17 00:46:02,879] [builder.py:2308]           [INFO]     |                                                                                                    |
[2022-11-17 00:46:02,916] [builder.py:2321]           [INFO]     | IMDb Popular Collection | ? | Black Panther: Wakanda Forever (2022) (TMDb: 505642)                 |
[2022-11-17 00:46:02,938] [builder.py:2321]           [INFO]     | IMDb Popular Collection | ? | Enola Holmes 2 (2022) (TMDb: 829280)                                 |
[2022-11-17 00:46:02,955] [builder.py:2321]           [INFO]     | IMDb Popular Collection | ? | Weird: The Al Yankovic Story (2022) (TMDb: 928344)                   |
[2022-11-17 00:46:02,970] [builder.py:2325]           [INFO]     | IMDb Popular Collection | X | The Whale (2022) (TMDb: 785084)                                      |
[2022-11-17 00:46:02,983] [builder.py:2321]           [INFO]     | IMDb Popular Collection | ? | Don't Worry Darling (2022) (TMDb: 619730)                            |
[2022-11-17 00:46:03,001] [builder.py:2321]           [INFO]     | IMDb Popular Collection | ? | All Quiet on the Western Front (2022) (TMDb: 49046)                  |
[2022-11-17 00:46:03,014] [builder.py:2321]           [INFO]     | IMDb Popular Collection | ? | Barbarian (2022) (TMDb: 913290)                                      |
[2022-11-17 00:46:03,027] [builder.py:2321]           [INFO]     | IMDb Popular Collection | ? | Black Adam (2022) (TMDb: 436270)                                     |
[2022-11-17 00:46:03,053] [builder.py:2321]           [INFO]     | IMDb Popular Collection | ? | Terrifier 2 (2022) (TMDb: 663712)                                    |
[2022-11-17 00:46:03,066] [builder.py:2321]           [INFO]     | IMDb Popular Collection | ? | Enola Holmes (2020) (TMDb: 497582)                                   |
[2022-11-17 00:46:03,083] [builder.py:2325]           [INFO]     | IMDb Popular Collection | X | Avatar: The Way of Water (2022) (TMDb: 76600)                        |
[2022-11-17 00:46:03,097] [builder.py:2321]           [INFO]     | IMDb Popular Collection | ? | My Policeman (2022) (TMDb: 744114)                                   |
[2022-11-17 00:46:03,111] [builder.py:2321]           [INFO]     | IMDb Popular Collection | ? | See How They Run (2022) (TMDb: 766475)                               |
[2022-11-17 00:46:03,127] [builder.py:2321]           [INFO]     | IMDb Popular Collection | ? | Smile (2022) (TMDb: 882598)                                          |
[2022-11-17 00:46:03,166] [builder.py:2321]           [INFO]     | IMDb Popular Collection | ? | The Good Nurse (2022) (TMDb: 541134)                                 |
[2022-11-17 00:46:03,176] [builder.py:2325]           [INFO]     | IMDb Popular Collection | X | Glass Onion: A Knives Out Mystery (2022) (TMDb: 661374)              |
[2022-11-17 00:46:03,187] [builder.py:2321]           [INFO]     | IMDb Popular Collection | ? | The Banshees of Inisherin (2022) (TMDb: 674324)                      |
[2022-11-17 00:46:03,199] [builder.py:2321]           [INFO]     | IMDb Popular Collection | ? | Bullet Train (2022) (TMDb: 718930)                                   |
[2022-11-17 00:46:03,210] [builder.py:2321]           [INFO]     | IMDb Popular Collection | ? | Falling for Christmas (2022) (TMDb: 833097)                          |
[2022-11-17 00:46:03,221] [builder.py:2321]           [INFO]     | IMDb Popular Collection | ? | Top Gun: Maverick (2022) (TMDb: 361743)                              |
[2022-11-17 00:46:03,233] [builder.py:2325]           [INFO]     | IMDb Popular Collection | X | John Wick: Chapter 4 (2023) (TMDb: 603692)                           |
[2022-11-17 00:46:03,246] [builder.py:2321]           [INFO]     | IMDb Popular Collection | ? | Causeway (2022) (TMDb: 595586)                                       |
[2022-11-17 00:46:03,259] [builder.py:2321]           [INFO]     | IMDb Popular Collection | ? | X (2022) (TMDb: 760104)                                              |
[2022-11-17 00:46:03,270] [builder.py:2321]           [INFO]     | IMDb Popular Collection | ? | The Woman King (2022) (TMDb: 724495)                                 |
[2022-11-17 00:46:03,281] [builder.py:2321]           [INFO]     | IMDb Popular Collection | ? | Amsterdam (2022) (TMDb: 664469)                                      |
[2022-11-17 00:46:03,293] [builder.py:2321]           [INFO]     | IMDb Popular Collection | ? | Terrifier (2016) (TMDb: 420634)                                      |
[2022-11-17 00:46:03,305] [builder.py:2321]           [INFO]     | IMDb Popular Collection | ? | Ticket to Paradise (2022) (TMDb: 800939)                             |
[2022-11-17 00:46:03,317] [builder.py:2321]           [INFO]     | IMDb Popular Collection | ? | The School for Good and Evil (2022) (TMDb: 779782)                   |
[2022-11-17 00:46:03,330] [builder.py:2321]           [INFO]     | IMDb Popular Collection | ? | The Menu (2022) (TMDb: 593643)                                       |
[2022-11-17 00:46:03,341] [builder.py:2321]           [INFO]     | IMDb Popular Collection | ? | Kantara (2022) (TMDb: 858485)                                        |
[2022-11-17 00:46:03,351] [builder.py:2325]           [INFO]     | IMDb Popular Collection | X | A Christmas Story Christmas (2022) (TMDb: 929340)                    |
[2022-11-17 00:46:03,368] [builder.py:2321]           [INFO]     | IMDb Popular Collection | ? | Pearl (2022) (TMDb: 949423)                                          |
[2022-11-17 00:46:03,379] [builder.py:2321]           [INFO]     | IMDb Popular Collection | ? | Triangle of Sadness (2022) (TMDb: 497828)                            |
[2022-11-17 00:46:03,389] [builder.py:2321]           [INFO]     | IMDb Popular Collection | ? | The Fabelmans (2022) (TMDb: 804095)                                  |
[2022-11-17 00:46:03,400] [builder.py:2321]           [INFO]     | IMDb Popular Collection | ? | Spirited (2022) (TMDb: 632856)                                       |
[2022-11-17 00:46:03,418] [builder.py:2321]           [INFO]     | IMDb Popular Collection | ? | The Bad Guys (2022) (TMDb: 629542)                                   |
[2022-11-17 00:46:03,429] [builder.py:2325]           [INFO]     | IMDb Popular Collection | X | Disenchanted (2022) (TMDb: 338958)                                   |
[2022-11-17 00:46:03,440] [builder.py:2321]           [INFO]     | IMDb Popular Collection | ? | Brahmāstra Part One: Shiva (2022) (TMDb: 496331)                     |
[2022-11-17 00:46:03,451] [builder.py:2321]           [INFO]     | IMDb Popular Collection | ? | Everything Everywhere All at Once (2022) (TMDb: 545611)              |
[2022-11-17 00:46:03,463] [builder.py:2321]           [INFO]     | IMDb Popular Collection | ? | Nope (2022) (TMDb: 762504)                                           |
[2022-11-17 00:46:03,473] [builder.py:2321]           [INFO]     | IMDb Popular Collection | ? | Thor: Love and Thunder (2022) (TMDb: 616037)                         |
[2022-11-17 00:46:03,490] [builder.py:2321]           [INFO]     | IMDb Popular Collection | ? | On the Line (2022) (TMDb: 979924)                                    |
[2022-11-17 00:46:03,500] [builder.py:2321]           [INFO]     | IMDb Popular Collection | ? | One Piece Film Red (2022) (TMDb: 900667)                             |
[2022-11-17 00:46:03,521] [builder.py:2321]           [INFO]     | IMDb Popular Collection | ? | The Stranger (2022) (TMDb: 848791)                                   |
[2022-11-17 00:46:03,533] [builder.py:2321]           [INFO]     | IMDb Popular Collection | ? | She Said (2022) (TMDb: 837881)                                       |
[2022-11-17 00:46:03,544] [builder.py:2321]           [INFO]     | IMDb Popular Collection | ? | Top Gun (1986) (TMDb: 744)                                           |
[2022-11-17 00:46:03,556] [builder.py:2321]           [INFO]     | IMDb Popular Collection | ? | R.I.P.D. 2: Rise of the Damned (2022) (TMDb: 1013860)                |
[2022-11-17 00:46:03,569] [builder.py:2321]           [INFO]     | IMDb Popular Collection | ? | The Batman (2022) (TMDb: 414906)                                     |
[2022-11-17 00:46:03,580] [builder.py:2321]           [INFO]     | IMDb Popular Collection | ? | Where the Crawdads Sing (2022) (TMDb: 682507)                        |
[2022-11-17 00:46:03,592] [builder.py:2321]           [INFO]     | IMDb Popular Collection | ? | TÁR (2022) (TMDb: 817758)                                            |
[2022-11-17 00:46:03,608] [builder.py:2321]           [INFO]     | IMDb Popular Collection | ? | The Northman (2022) (TMDb: 639933)                                   |
[2022-11-17 00:46:03,619] [builder.py:2321]           [INFO]     | IMDb Popular Collection | ? | The Takeover (2022) (TMDb: 944864)                                   |
[2022-11-17 00:46:03,630] [builder.py:2321]           [INFO]     | IMDb Popular Collection | ? | Fall (2022) (TMDb: 985939)                                           |
[2022-11-17 00:46:03,641] [builder.py:2325]           [INFO]     | IMDb Popular Collection | X | Bones and All (2022) (TMDb: 791177)                                  |
[2022-11-17 00:46:03,652] [builder.py:2321]           [INFO]     | IMDb Popular Collection | ? | Luckiest Girl Alive (2022) (TMDb: 799546)                            |
[2022-11-17 00:46:03,673] [builder.py:2321]           [INFO]     | IMDb Popular Collection | ? | Medieval (2022) (TMDb: 551271)                                       |
[2022-11-17 00:46:03,675] [builder.py:2321]           [INFO]     | IMDb Popular Collection | ? | Halloween Ends (2022) (TMDb: 616820)                                 |
[2022-11-17 00:46:03,684] [builder.py:2321]           [INFO]     | IMDb Popular Collection | ? | Avatar (2009) (TMDb: 19995)                                          |
[2022-11-17 00:46:03,696] [builder.py:2321]           [INFO]     | IMDb Popular Collection | ? | Wendell & Wild (2022) (TMDb: 511817)                                 |
[2022-11-17 00:46:03,706] [builder.py:2321]           [INFO]     | IMDb Popular Collection | ? | Prey for the Devil (2022) (TMDb: 676547)                             |
[2022-11-17 00:46:03,717] [builder.py:2321]           [INFO]     | IMDb Popular Collection | ? | The Shawshank Redemption (1994) (TMDb: 278)                          |
[2022-11-17 00:46:03,729] [builder.py:2325]           [INFO]     | IMDb Popular Collection | X | Babylon (2022) (TMDb: 615777)                                        |
[2022-11-17 00:46:03,741] [builder.py:2321]           [INFO]     | IMDb Popular Collection | ? | The Godfather (1972) (TMDb: 238)                                     |
[2022-11-17 00:46:03,753] [builder.py:2321]           [INFO]     | IMDb Popular Collection | ? | Armageddon Time (2022) (TMDb: 615952)                                |
[2022-11-17 00:46:03,764] [builder.py:2321]           [INFO]     | IMDb Popular Collection | ? | Harry Potter and the Philosopher's Stone (2001) (TMDb: 671)          |
[2022-11-17 00:46:03,781] [builder.py:2321]           [INFO]     | IMDb Popular Collection | ? | A Christmas Story (1983) (TMDb: 850)                                 |
[2022-11-17 00:46:03,793] [builder.py:2325]           [INFO]     | IMDb Popular Collection | X | Violent Night (2022) (TMDb: 899112)                                  |
[2022-11-17 00:46:03,806] [builder.py:2321]           [INFO]     | IMDb Popular Collection | ? | Elvis (2022) (TMDb: 614934)                                          |
[2022-11-17 00:46:03,818] [builder.py:2321]           [INFO]     | IMDb Popular Collection | ? | Blonde (2022) (TMDb: 301502)                                         |
[2022-11-17 00:46:03,829] [builder.py:2321]           [INFO]     | IMDb Popular Collection | ? | Knives Out (2019) (TMDb: 546554)                                     |
[2022-11-17 00:46:03,847] [builder.py:2321]           [INFO]     | IMDb Popular Collection | ? | Phone Bhoot (2022) (TMDb: 726207)                                    |
[2022-11-17 00:46:03,860] [builder.py:2321]           [INFO]     | IMDb Popular Collection | ? | Morbius (2022) (TMDb: 526896)                                        |
[2022-11-17 00:46:03,881] [builder.py:2321]           [INFO]     | IMDb Popular Collection | ? | All Quiet on the Western Front (1930) (TMDb: 143)                    |
[2022-11-17 00:46:03,892] [builder.py:2321]           [INFO]     | IMDb Popular Collection | ? | Midsommar (2019) (TMDb: 530385)                                      |
[2022-11-17 00:46:03,910] [builder.py:2321]           [INFO]     | IMDb Popular Collection | ? | Guillermo del Toro's Pinocchio (2022) (TMDb: 555604)                 |
[2022-11-17 00:46:03,931] [builder.py:2321]           [INFO]     | IMDb Popular Collection | ? | Interstellar (2014) (TMDb: 157336)                                   |
[2022-11-17 00:46:03,933] [builder.py:2321]           [INFO]     | IMDb Popular Collection | ? | American Psycho (2000) (TMDb: 1359)                                  |
[2022-11-17 00:46:03,952] [builder.py:2321]           [INFO]     | IMDb Popular Collection | ? | Hellraiser (2022) (TMDb: 338947)                                     |
[2022-11-17 00:46:03,970] [builder.py:2321]           [INFO]     | IMDb Popular Collection | ? | The Unbearable Weight of Massive Talent (2022) (TMDb: 648579)        |
[2022-11-17 00:46:03,982] [builder.py:2321]           [INFO]     | IMDb Popular Collection | ? | Overdose (2022) (TMDb: 896485)                                       |
[2022-11-17 00:46:03,999] [builder.py:2321]           [INFO]     | IMDb Popular Collection | ? | The Lost City (2022) (TMDb: 752623)                                  |
[2022-11-17 00:46:04,020] [builder.py:2321]           [INFO]     | IMDb Popular Collection | ? | The Black Phone (2022) (TMDb: 756999)                                |
[2022-11-17 00:46:04,034] [builder.py:2321]           [INFO]     | IMDb Popular Collection | ? | The Gray Man (2022) (TMDb: 725201)                                   |
[2022-11-17 00:46:04,048] [builder.py:2321]           [INFO]     | IMDb Popular Collection | ? | Oblivion (2013) (TMDb: 75612)                                        |
[2022-11-17 00:46:04,058] [builder.py:2321]           [INFO]     | IMDb Popular Collection | ? | Watcher (2022) (TMDb: 807356)                                        |
[2022-11-17 00:46:04,069] [builder.py:2321]           [INFO]     | IMDb Popular Collection | ? | The Lord of the Rings: The Fellowship of the Ring (2001) (TMDb: 120) |
[2022-11-17 00:46:04,080] [builder.py:2321]           [INFO]     | IMDb Popular Collection | ? | Crimes of the Future (2022) (TMDb: 819876)                           |
[2022-11-17 00:46:04,093] [builder.py:2321]           [INFO]     | IMDb Popular Collection | ? | Selena Gomez: My Mind & Me (2022) (TMDb: 1022256)                    |
[2022-11-17 00:46:04,105] [builder.py:2321]           [INFO]     | IMDb Popular Collection | ? | Monica, O My Darling (2022) (TMDb: 915831)                           |
[2022-11-17 00:46:04,116] [builder.py:2321]           [INFO]     | IMDb Popular Collection | ? | Rogue One: A Star Wars Story (2016) (TMDb: 330459)                   |
[2022-11-17 00:46:04,350] [builder.py:2321]           [INFO]     | IMDb Popular Collection | ? | Uncharted (2022) (TMDb: 335787)                                      |
[2022-11-17 00:46:04,365] [builder.py:2325]           [INFO]     | IMDb Popular Collection | X | Ant-Man and the Wasp: Quantumania (2023) (TMDb: 640146)              |
[2022-11-17 00:46:04,376] [builder.py:2321]           [INFO]     | IMDb Popular Collection | ? | Lyle, Lyle, Crocodile (2022) (TMDb: 830784)                          |
[2022-11-17 00:46:04,392] [builder.py:2321]           [INFO]     | IMDb Popular Collection | ? | Dune (2021) (TMDb: 438631)                                           |
[2022-11-17 00:46:04,404] [builder.py:2325]           [INFO]     | IMDb Popular Collection | X | Devotion (2022) (TMDb: 653851)                                       |
[2022-11-17 00:46:04,419] [builder.py:2321]           [INFO]     | IMDb Popular Collection | ? | Jurassic World Dominion (2022) (TMDb: 507086)                        |
[2022-11-17 00:46:04,432] [builder.py:2321]           [INFO]     | IMDb Popular Collection | ? | V for Vendetta (2006) (TMDb: 752)                                    |
[2022-11-17 00:46:04,444] [builder.py:2321]           [INFO]     | IMDb Popular Collection | ? | Aftersun (2022) (TMDb: 965150)                                       |
[2022-11-17 00:46:04,444] [builder.py:2326]           [INFO]     |                                                                                                    |
[2022-11-17 00:46:04,444] [builder.py:2327]           [INFO]     | 87 Movies Missing                                                                                  |
[2022-11-17 00:46:11,037] [builder.py:2527]           [INFO]     |                                                                                                    |
[2022-11-17 00:46:11,037] [builder.py:2528]           [INFO]     |=========================== Updating Details of IMDb Popular Collection ============================|
[2022-11-17 00:46:11,037] [builder.py:2529]           [INFO]     |                                                                                                    |
[2022-11-17 00:46:11,044] [builder.py:2595]           [INFO]     | Collection Metadata Edits                                                                          |
                                                                 | Summary (summary) | List of IMDb Popular movies.
                                                                 | Sort Title | !01_IMDb Popular
                                                                 | Label | +PMM
[2022-11-17 00:46:12,596] [builder.py:2599]           [INFO]     | Details: have been updated
[2022-11-17 00:46:12,596] [builder.py:2603]           [INFO]     | 
[2022-11-17 00:46:14,287] [builder.py:2615]           [INFO]     | Collection Mode | hide
[2022-11-17 00:46:15,793] [builder.py:2629]           [INFO]     | Collection Order | custom
[2022-11-17 00:46:15,798] [plex.py:1203]              [WARNING]  | Asset Warning: Asset Directory Not Found and Created: config/Marvel_Movies/Assets/IMDb Popular
[2022-11-17 00:46:15,798] [util.py:174]               [DEBUG]    | 1 poster found:
[2022-11-17 00:46:15,798] [util.py:176]               [DEBUG]    | Method: url_poster Poster: https://raw.githubusercontent.com/meisnate12/Plex-Meta-Manager-Images/master/chart/IMDb%20Popular.jpg
[2022-11-17 00:46:15,910] [library.py:178]            [INFO]     | Detail: asset_directory updated IMDb Popular's poster to [File] config/Marvel_Movies/Assets/IMDb Popular/poster.jpg
[2022-11-17 00:46:15,967] [builder.py:2686]           [INFO]     | 
[2022-11-17 00:46:15,967] [builder.py:2687]           [INFO]     |================================= Sorting IMDb Popular Collection ==================================|
[2022-11-17 00:46:15,967] [builder.py:2688]           [INFO]     |                                                                                                    |
[2022-11-17 00:46:15,967] [builder.py:2704]           [INFO]     | Moving Black Panther (2018) to the beginning                                                       |
[2022-11-17 00:46:16,002] [builder.py:2704]           [INFO]     | Moving Spider-Man: No Way Home (2021) after Black Panther (2018)                                   |
[2022-11-17 00:46:16,019] [plex_meta_manager.py:736]  [INFO]     |                                                                                                    |
[2022-11-17 00:46:16,020] [plex_meta_manager.py:737]  [INFO]     |====================================================================================================|
[2022-11-17 00:46:16,020] [plex_meta_manager.py:737]  [INFO]     |                                  Finished IMDb Popular Collection                                  |
[2022-11-17 00:46:16,020] [plex_meta_manager.py:737]  [INFO]     |                                    Collection Run Time: 0:00:17                                    |
[2022-11-17 00:46:16,020] [plex_meta_manager.py:737]  [INFO]     |====================================================================================================|
