[2022-11-17 00:42:32,794] [builder.py:193]            [INFO]     |====================================================================================================|
[2022-11-17 00:42:32,794] [builder.py:193]            [INFO]     |                        Anthony Russo (Director) Collection in Marvel Movies                        |
[2022-11-17 00:42:32,794] [builder.py:193]            [INFO]     |====================================================================================================|
[2022-11-17 00:42:32,794] [builder.py:194]            [INFO]     |                                                                                                    |
[2022-11-17 00:42:32,795] [builder.py:199]            [INFO]     |================================ Building Definition From Templates ================================|
[2022-11-17 00:42:32,795] [builder.py:215]            [DEBUG]    |                                                                                                    |
[2022-11-17 00:42:32,795] [meta.py:210]               [DEBUG]    |====================================== Template smart_filter =======================================|
[2022-11-17 00:42:32,796] [meta.py:451]               [DEBUG]    |                                                                                                    |
[2022-11-17 00:42:32,806] [meta.py:210]               [DEBUG]    |======================================= Template translation =======================================|
[2022-11-17 00:42:32,807] [meta.py:451]               [DEBUG]    |                                                                                                    |
[2022-11-17 00:42:32,810] [meta.py:210]               [DEBUG]    |========================================= Template shared ==========================================|
[2022-11-17 00:42:32,811] [meta.py:451]               [DEBUG]    |                                                                                                    |
[2022-11-17 00:42:32,822] [meta.py:512]               [DEBUG]    |                                                                                                    |
[2022-11-17 00:42:32,822] [meta.py:513]               [DEBUG]    |==================================== Final Template Attributes =====================================|
[2022-11-17 00:42:32,822] [meta.py:514]               [DEBUG]    |                                                                                                    |
[2022-11-17 00:42:32,822] [meta.py:515]               [DEBUG]    | {'tmdb_person': ['Anthony Russo'], 'smart_filter': {'sort_by': 'title.asc', 'any': {'director': 'tmdb'}}, 'summary': 'Movies directed by Anthony Russo.', 'name': 'Anthony Russo (Director)', 'ignore_blank_results': True, 'collection_mode': 'hide', 'sort_title': '!18_Anthony Russo (Director)', 'url_poster': 'https://raw.githubusercontent.com/meisnate12/Plex-Meta-Manager-Images/master/people/rainier/Anthony%20Russo.jpg'} |
[2022-11-17 00:42:32,822] [meta.py:516]               [DEBUG]    |                                                                                                    |
[2022-11-17 00:42:32,823] [builder.py:223]            [INFO]     |========================== Validating Anthony Russo (Director) Attributes ==========================|
[2022-11-17 00:42:32,823] [builder.py:226]            [DEBUG]    |                                                                                                    |
[2022-11-17 00:42:32,823] [builder.py:227]            [DEBUG]    | Validating Method: name                                                                            |
[2022-11-17 00:42:32,823] [builder.py:230]            [DEBUG]    | Value: Anthony Russo (Director)                                                                    |
[2022-11-17 00:42:32,823] [builder.py:502]            [DEBUG]    |                                                                                                    |
[2022-11-17 00:42:32,823] [builder.py:503]            [DEBUG]    | Validating Method: ignore_blank_results                                                            |
[2022-11-17 00:42:32,823] [builder.py:504]            [DEBUG]    | Value: True                                                                                        |
[2022-11-17 00:42:32,823] [builder.py:528]            [DEBUG]    |                                                                                                    |
[2022-11-17 00:42:32,823] [builder.py:529]            [DEBUG]    | Validating Method: tmdb_person                                                                     |
[2022-11-17 00:42:32,823] [builder.py:533]            [DEBUG]    | Value: ['Anthony Russo']                                                                           |
[2022-11-17 00:42:32,893] [builder.py:1784]           [INFO]     |                                                                                                    |
[2022-11-17 00:42:32,893] [builder.py:1785]           [INFO]     | Validating Method: smart_filter                                                                    |
[2022-11-17 00:42:32,893] [builder.py:1791]           [DEBUG]    | Value: {'sort_by': 'title.asc', 'any': {'director': 'tmdb'}}                                       |
[2022-11-17 00:42:32,936] [builder.py:1978]           [DEBUG]    | Smart URL: ?type=1&sort=titleSort&push=1&director=45932&pop=1                                      |
[2022-11-17 00:42:32,936] [builder.py:646]            [DEBUG]    |                                                                                                    |
[2022-11-17 00:42:32,936] [builder.py:650]            [DEBUG]    | Validating Method: label                                                                           |
[2022-11-17 00:42:32,936] [builder.py:651]            [DEBUG]    | Value: Top Directors                                                                               |
[2022-11-17 00:42:32,936] [builder.py:646]            [DEBUG]    |                                                                                                    |
[2022-11-17 00:42:32,936] [builder.py:650]            [DEBUG]    | Validating Method: summary                                                                         |
[2022-11-17 00:42:32,936] [builder.py:651]            [DEBUG]    | Value: Movies directed by Anthony Russo.                                                           |
[2022-11-17 00:42:32,937] [builder.py:646]            [DEBUG]    |                                                                                                    |
[2022-11-17 00:42:32,937] [builder.py:650]            [DEBUG]    | Validating Method: collection_mode                                                                 |
[2022-11-17 00:42:32,937] [builder.py:651]            [DEBUG]    | Value: hide                                                                                        |
[2022-11-17 00:42:32,937] [builder.py:646]            [DEBUG]    |                                                                                                    |
[2022-11-17 00:42:32,937] [builder.py:650]            [DEBUG]    | Validating Method: sort_title                                                                      |
[2022-11-17 00:42:32,937] [builder.py:651]            [DEBUG]    | Value: !18_Anthony Russo (Director)                                                                |
[2022-11-17 00:42:32,937] [builder.py:646]            [DEBUG]    |                                                                                                    |
[2022-11-17 00:42:32,937] [builder.py:650]            [DEBUG]    | Validating Method: url_poster                                                                      |
[2022-11-17 00:42:32,937] [builder.py:651]            [DEBUG]    | Value: https://raw.githubusercontent.com/meisnate12/Plex-Meta-Manager-Images/master/people/rainier/Anthony%20Russo.jpg |
[2022-11-17 00:42:33,151] [plex.py:835]               [DEBUG]    |                                                                                                    |
[2022-11-17 00:42:33,152] [plex.py:838]               [DEBUG]    | Looking for: Anthony Russo (Director)                                                              |
[2022-11-17 00:42:33,152] [builder.py:814]            [INFO]     |                                                                                                    |
[2022-11-17 00:42:33,152] [builder.py:815]            [INFO]     | Validation Successful                                                                              |
[2022-11-17 00:42:33,152] [plex_meta_manager.py:594]  [INFO]     |                                                                                                    |
[2022-11-17 00:42:33,152] [plex_meta_manager.py:596]  [INFO]     |=========================== Running Anthony Russo (Director) Collection ============================|
[2022-11-17 00:42:33,153] [plex_meta_manager.py:602]  [INFO]     |                                                                                                    |
[2022-11-17 00:42:33,153] [plex_meta_manager.py:603]  [INFO]     | Smart Movie Filter                                                                                 |
                                                                 | Sort By: ['title.asc']
                                                                 | Filter:
                                                                 |   Match any of the following:
                                                                 |     Director is Anthony Russo
[2022-11-17 00:42:33,180] [builder.py:2509]           [DEBUG]    | Smart Collection Created: ?type=1&sort=titleSort&push=1&director=45932&pop=1
[2022-11-17 00:42:33,185] [builder.py:2527]           [INFO]     | 
[2022-11-17 00:42:33,185] [builder.py:2528]           [INFO]     |===================== Updating Details of Anthony Russo (Director) Collection ======================|
[2022-11-17 00:42:33,185] [builder.py:2529]           [INFO]     |                                                                                                    |
[2022-11-17 00:42:33,192] [builder.py:2595]           [INFO]     | Collection Metadata Edits                                                                          |
                                                                 | Summary (summary) | Movies directed by Anthony Russo.
                                                                 | Sort Title | !18_Anthony Russo (Director)
                                                                 | Label | +Top Directors, +PMM
[2022-11-17 00:42:34,710] [builder.py:2599]           [INFO]     | Details: have been updated
[2022-11-17 00:42:34,711] [builder.py:2603]           [INFO]     | 
[2022-11-17 00:42:36,203] [builder.py:2615]           [INFO]     | Collection Mode | hide
[2022-11-17 00:42:36,206] [plex.py:1203]              [WARNING]  | Asset Warning: Asset Directory Not Found and Created: config/Marvel_Movies/Assets/Anthony Russo (Director)
[2022-11-17 00:42:36,206] [util.py:174]               [DEBUG]    | 2 posters found:
[2022-11-17 00:42:36,206] [util.py:176]               [DEBUG]    | Method: tmdb_person Poster: https://image.tmdb.org/t/p/original/xbINBnWn28YygYWUJ1aSAw0xPRv.jpg
[2022-11-17 00:42:36,206] [util.py:176]               [DEBUG]    | Method: url_poster Poster: https://raw.githubusercontent.com/meisnate12/Plex-Meta-Manager-Images/master/people/rainier/Anthony%20Russo.jpg
[2022-11-17 00:42:36,343] [library.py:178]            [INFO]     | Detail: asset_directory updated Anthony Russo (Director)'s poster to [File] config/Marvel_Movies/Assets/Anthony Russo (Director)/poster.jpg
[2022-11-17 00:42:36,377] [plex_meta_manager.py:736]  [INFO]     | 
[2022-11-17 00:42:36,377] [plex_meta_manager.py:737]  [INFO]     |====================================================================================================|
[2022-11-17 00:42:36,377] [plex_meta_manager.py:737]  [INFO]     |                            Finished Anthony Russo (Director) Collection                            |
[2022-11-17 00:42:36,377] [plex_meta_manager.py:737]  [INFO]     |                                    Collection Run Time: 0:00:03                                    |
[2022-11-17 00:42:36,377] [plex_meta_manager.py:737]  [INFO]     |====================================================================================================|
