[2022-11-24 16:52:01,342] [builder.py:193]            [INFO]     |====================================================================================================|
[2022-11-24 16:52:01,343] [builder.py:193]            [INFO]     |                          Pia Vicioso-Vila Collection in Christmas Movies                           |
[2022-11-24 16:52:01,343] [builder.py:193]            [INFO]     |====================================================================================================|
[2022-11-24 16:52:01,343] [builder.py:194]            [INFO]     |                                                                                                    |
[2022-11-24 16:52:01,343] [builder.py:199]            [INFO]     |================================ Building Definition From Templates ================================|
[2022-11-24 16:52:01,343] [builder.py:215]            [DEBUG]    |                                                                                                    |
[2022-11-24 16:52:01,346] [meta.py:210]               [DEBUG]    |====================================== Template smart_filter =======================================|
[2022-11-24 16:52:01,347] [meta.py:451]               [DEBUG]    |                                                                                                    |
[2022-11-24 16:52:01,355] [meta.py:210]               [DEBUG]    |======================================= Template translation =======================================|
[2022-11-24 16:52:01,361] [meta.py:451]               [DEBUG]    |                                                                                                    |
[2022-11-24 16:52:01,373] [meta.py:210]               [DEBUG]    |========================================= Template shared ==========================================|
[2022-11-24 16:52:01,374] [meta.py:451]               [DEBUG]    |                                                                                                    |
[2022-11-24 16:52:01,402] [meta.py:512]               [DEBUG]    |                                                                                                    |
[2022-11-24 16:52:01,403] [meta.py:513]               [DEBUG]    |==================================== Final Template Attributes =====================================|
[2022-11-24 16:52:01,403] [meta.py:514]               [DEBUG]    |                                                                                                    |
[2022-11-24 16:52:01,403] [meta.py:515]               [DEBUG]    | {'tmdb_person': ['Pia Vicioso-Vila'], 'smart_filter': {'sort_by': 'title.asc', 'any': {'actor': 'tmdb'}}, 'summary': 'Movies with Pia Vicioso-Vila.', 'name': 'Pia Vicioso-Vila', 'ignore_blank_results': True, 'collection_mode': 'hide', 'sort_title': '!17_Pia Vicioso-Vila', 'url_poster': 'https://raw.githubusercontent.com/meisnate12/Plex-Meta-Manager-Images/master/people/rainier/Pia%20Vicioso-Vila.jpg'} |
[2022-11-24 16:52:01,407] [meta.py:516]               [DEBUG]    |                                                                                                    |
[2022-11-24 16:52:01,407] [builder.py:223]            [INFO]     |============================== Validating Pia Vicioso-Vila Attributes ==============================|
[2022-11-24 16:52:01,408] [builder.py:226]            [DEBUG]    |                                                                                                    |
[2022-11-24 16:52:01,408] [builder.py:227]            [DEBUG]    | Validating Method: name                                                                            |
[2022-11-24 16:52:01,408] [builder.py:230]            [DEBUG]    | Value: Pia Vicioso-Vila                                                                            |
[2022-11-24 16:52:01,408] [builder.py:502]            [DEBUG]    |                                                                                                    |
[2022-11-24 16:52:01,408] [builder.py:503]            [DEBUG]    | Validating Method: ignore_blank_results                                                            |
[2022-11-24 16:52:01,408] [builder.py:504]            [DEBUG]    | Value: True                                                                                        |
[2022-11-24 16:52:01,409] [builder.py:528]            [DEBUG]    |                                                                                                    |
[2022-11-24 16:52:01,409] [builder.py:529]            [DEBUG]    | Validating Method: tmdb_person                                                                     |
[2022-11-24 16:52:01,409] [builder.py:533]            [DEBUG]    | Value: ['Pia Vicioso-Vila']                                                                        |
[2022-11-24 16:52:01,510] [builder.py:1784]           [INFO]     |                                                                                                    |
[2022-11-24 16:52:01,510] [builder.py:1785]           [INFO]     | Validating Method: smart_filter                                                                    |
[2022-11-24 16:52:01,511] [builder.py:1791]           [DEBUG]    | Value: {'sort_by': 'title.asc', 'any': {'actor': 'tmdb'}}                                          |
[2022-11-24 16:52:02,512] [builder.py:1978]           [DEBUG]    | Smart URL: ?type=1&sort=titleSort&push=1&actor=507488&pop=1                                        |
[2022-11-24 16:52:02,512] [builder.py:646]            [DEBUG]    |                                                                                                    |
[2022-11-24 16:52:02,513] [builder.py:650]            [DEBUG]    | Validating Method: label                                                                           |
[2022-11-24 16:52:02,513] [builder.py:651]            [DEBUG]    | Value: Top Actors                                                                                  |
[2022-11-24 16:52:02,513] [builder.py:646]            [DEBUG]    |                                                                                                    |
[2022-11-24 16:52:02,513] [builder.py:650]            [DEBUG]    | Validating Method: summary                                                                         |
[2022-11-24 16:52:02,514] [builder.py:651]            [DEBUG]    | Value: Movies with Pia Vicioso-Vila.                                                               |
[2022-11-24 16:52:02,514] [builder.py:646]            [DEBUG]    |                                                                                                    |
[2022-11-24 16:52:02,514] [builder.py:650]            [DEBUG]    | Validating Method: collection_mode                                                                 |
[2022-11-24 16:52:02,514] [builder.py:651]            [DEBUG]    | Value: hide                                                                                        |
[2022-11-24 16:52:02,514] [builder.py:646]            [DEBUG]    |                                                                                                    |
[2022-11-24 16:52:02,515] [builder.py:650]            [DEBUG]    | Validating Method: sort_title                                                                      |
[2022-11-24 16:52:02,515] [builder.py:651]            [DEBUG]    | Value: !17_Pia Vicioso-Vila                                                                        |
[2022-11-24 16:52:02,515] [builder.py:646]            [DEBUG]    |                                                                                                    |
[2022-11-24 16:52:02,515] [builder.py:650]            [DEBUG]    | Validating Method: url_poster                                                                      |
[2022-11-24 16:52:02,515] [builder.py:651]            [DEBUG]    | Value: https://raw.githubusercontent.com/meisnate12/Plex-Meta-Manager-Images/master/people/rainier/Pia%20Vicioso-Vila.jpg |
[2022-11-24 16:52:02,628] [builder.py:845]            [WARNING]  | Collection Warning: No Poster Found at https://raw.githubusercontent.com/meisnate12/Plex-Meta-Manager-Images/master/people/rainier/Pia%20Vicioso-Vila.jpg |
[2022-11-24 16:52:02,662] [plex.py:835]               [DEBUG]    |                                                                                                    |
[2022-11-24 16:52:02,662] [plex.py:838]               [DEBUG]    | Looking for: Pia Vicioso-Vila                                                                      |
[2022-11-24 16:52:02,662] [builder.py:814]            [INFO]     |                                                                                                    |
[2022-11-24 16:52:02,663] [builder.py:815]            [INFO]     | Validation Successful                                                                              |
[2022-11-24 16:52:02,663] [plex_meta_manager.py:594]  [INFO]     |                                                                                                    |
[2022-11-24 16:52:02,663] [plex_meta_manager.py:596]  [INFO]     |=============================== Running Pia Vicioso-Vila Collection ================================|
[2022-11-24 16:52:02,663] [plex_meta_manager.py:602]  [INFO]     |                                                                                                    |
[2022-11-24 16:52:02,663] [plex_meta_manager.py:603]  [INFO]     | Smart Movie Filter                                                                                 |
                                                                 | Sort By: ['title.asc']
                                                                 | Filter:
                                                                 |   Match any of the following:
                                                                 |     Actor is Pia Vicioso-Vila
[2022-11-24 16:52:02,676] [plex_meta_manager.py:652]  [INFO]     | 
[2022-11-24 16:52:02,677] [plex_meta_manager.py:653]  [INFO]     | Collection Minimum: 2 not met for Pia Vicioso-Vila Collection
[2022-11-24 16:52:02,677] [plex_meta_manager.py:736]  [INFO]     | 
[2022-11-24 16:52:02,677] [plex_meta_manager.py:737]  [INFO]     |====================================================================================================|
[2022-11-24 16:52:02,677] [plex_meta_manager.py:737]  [INFO]     |                                Finished Pia Vicioso-Vila Collection                                |
[2022-11-24 16:52:02,678] [plex_meta_manager.py:737]  [INFO]     |                                    Collection Run Time: 0:00:01                                    |
[2022-11-24 16:52:02,678] [plex_meta_manager.py:737]  [INFO]     |====================================================================================================|
