[2022-11-25 15:15:40,226] [builder.py:193]            [INFO]     |====================================================================================================|
[2022-11-25 15:15:40,227] [builder.py:193]            [INFO]     |                                  Showtime Collection in TV Shows                                   |
[2022-11-25 15:15:40,227] [builder.py:193]            [INFO]     |====================================================================================================|
[2022-11-25 15:15:40,227] [builder.py:194]            [INFO]     |                                                                                                    |
[2022-11-25 15:15:40,227] [builder.py:199]            [INFO]     |================================ Building Definition From Templates ================================|
[2022-11-25 15:15:40,227] [builder.py:215]            [DEBUG]    |                                                                                                    |
[2022-11-25 15:15:40,227] [meta.py:210]               [DEBUG]    |========================================= Template network =========================================|
[2022-11-25 15:15:40,228] [meta.py:451]               [DEBUG]    |                                                                                                    |
[2022-11-25 15:15:40,237] [meta.py:512]               [DEBUG]    |                                                                                                    |
[2022-11-25 15:15:40,238] [meta.py:513]               [DEBUG]    |==================================== Final Template Attributes =====================================|
[2022-11-25 15:15:40,238] [meta.py:514]               [DEBUG]    |                                                                                                    |
[2022-11-25 15:15:40,238] [meta.py:515]               [DEBUG]    | {'tmdb_network': 67, 'sort_title': '+2_Showtime', 'sync_mode': 'sync', 'smart_label': 'episode_added.desc'} |
[2022-11-25 15:15:40,238] [meta.py:516]               [DEBUG]    |                                                                                                    |
[2022-11-25 15:15:40,238] [builder.py:223]            [INFO]     |================================== Validating Showtime Attributes ==================================|
[2022-11-25 15:15:40,238] [builder.py:422]            [DEBUG]    |                                                                                                    |
[2022-11-25 15:15:40,238] [builder.py:423]            [DEBUG]    | Validating Method: smart_label                                                                     |
[2022-11-25 15:15:40,238] [builder.py:428]            [DEBUG]    | Value: episode_added.desc                                                                          |
[2022-11-25 15:15:40,252] [builder.py:516]            [DEBUG]    |                                                                                                    |
[2022-11-25 15:15:40,252] [builder.py:517]            [DEBUG]    | Validating Method: sync_mode                                                                       |
[2022-11-25 15:15:40,252] [builder.py:521]            [DEBUG]    | Value: sync                                                                                        |
[2022-11-25 15:15:40,253] [builder.py:646]            [DEBUG]    |                                                                                                    |
[2022-11-25 15:15:40,253] [builder.py:650]            [DEBUG]    | Validating Method: tmdb_network                                                                    |
[2022-11-25 15:15:40,253] [builder.py:651]            [DEBUG]    | Value: 67                                                                                          |
[2022-11-25 15:15:40,261] [builder.py:646]            [DEBUG]    |                                                                                                    |
[2022-11-25 15:15:40,261] [builder.py:650]            [DEBUG]    | Validating Method: sort_title                                                                      |
[2022-11-25 15:15:40,262] [builder.py:651]            [DEBUG]    | Value: +2_Showtime                                                                                 |
[2022-11-25 15:15:40,313] [builder.py:814]            [INFO]     |                                                                                                    |
[2022-11-25 15:15:40,313] [builder.py:815]            [INFO]     | Validation Successful                                                                              |
[2022-11-25 15:15:40,313] [plex_meta_manager.py:594]  [INFO]     |                                                                                                    |
[2022-11-25 15:15:40,313] [plex_meta_manager.py:596]  [INFO]     |=================================== Running Showtime Collection ====================================|
[2022-11-25 15:15:40,313] [plex_meta_manager.py:602]  [INFO]     |                                                                                                    |
[2022-11-25 15:15:40,313] [plex_meta_manager.py:603]  [INFO]     | Smart Show Label                                                                                   |
                                                                 | Sort By: ['episode_added.desc']
                                                                 | Filter:
                                                                 |   Match all of the following:
                                                                 |     Label is Showtime
[2022-11-25 15:15:40,314] [plex_meta_manager.py:608]  [INFO]     | 
[2022-11-25 15:15:40,314] [plex_meta_manager.py:609]  [INFO]     | Sync Mode: sync
[2022-11-25 15:15:40,314] [plex_meta_manager.py:612]  [DEBUG]    | 
[2022-11-25 15:15:40,314] [plex_meta_manager.py:613]  [DEBUG]    | Builder: tmdb_network: 67
[2022-11-25 15:15:40,314] [plex_meta_manager.py:614]  [INFO]     | 
[2022-11-25 15:15:40,585] [tmdb.py:335]               [INFO]     | Processing TMDb Network: (67) Showtime (205 Shows)
[2022-11-25 15:15:40,586] [builder.py:1574]           [DEBUG]    | 
[2022-11-25 15:15:40,586] [builder.py:1575]           [DEBUG]    | 205 IDs Found
[2022-11-25 15:15:40,586] [builder.py:1577]           [DEBUG]    | 
[2022-11-25 15:15:40,650] [builder.py:1689]           [WARNING]  | Convert Error: No TVDb ID Found for TMDb ID: 3119
[2022-11-25 15:15:40,662] [builder.py:1689]           [WARNING]  | Convert Error: No TVDb ID Found for TMDb ID: 109377
[2022-11-25 15:15:40,695] [builder.py:1689]           [WARNING]  | Convert Error: No TVDb ID Found for TMDb ID: 46679
[2022-11-25 15:15:40,728] [builder.py:1689]           [WARNING]  | Convert Error: No TVDb ID Found for TMDb ID: 46502
[2022-11-25 15:15:40,751] [builder.py:1689]           [WARNING]  | Convert Error: No TVDb ID Found for TMDb ID: 123198
[2022-11-25 15:15:40,764] [builder.py:1689]           [WARNING]  | Convert Error: No TVDb ID Found for TMDb ID: 59087
[2022-11-25 15:15:40,776] [builder.py:1689]           [WARNING]  | Convert Error: No TVDb ID Found for TMDb ID: 100662
[2022-11-25 15:15:40,795] [builder.py:1689]           [WARNING]  | Convert Error: No TVDb ID Found for TMDb ID: 155819
[2022-11-25 15:15:40,808] [builder.py:1689]           [WARNING]  | Convert Error: No TVDb ID Found for TMDb ID: 55627
[2022-11-25 15:15:40,828] [builder.py:1689]           [WARNING]  | Convert Error: No TVDb ID Found for TMDb ID: 114655
[2022-11-25 15:15:40,838] [builder.py:1689]           [WARNING]  | Convert Error: No TVDb ID Found for TMDb ID: 99054
[2022-11-25 15:15:40,849] [builder.py:1689]           [WARNING]  | Convert Error: No TVDb ID Found for TMDb ID: 23131
[2022-11-25 15:15:40,866] [builder.py:1689]           [WARNING]  | Convert Error: No TVDb ID Found for TMDb ID: 73462
[2022-11-25 15:15:40,877] [builder.py:1689]           [WARNING]  | Convert Error: No TVDb ID Found for TMDb ID: 35619
[2022-11-25 15:15:40,889] [builder.py:1689]           [WARNING]  | Convert Error: No TVDb ID Found for TMDb ID: 37401
[2022-11-25 15:15:40,904] [builder.py:1689]           [WARNING]  | Convert Error: No TVDb ID Found for TMDb ID: 15481
[2022-11-25 15:15:40,922] [builder.py:1689]           [WARNING]  | Convert Error: No TVDb ID Found for TMDb ID: 55725
[2022-11-25 15:15:40,934] [builder.py:1689]           [WARNING]  | Convert Error: No TVDb ID Found for TMDb ID: 131163
[2022-11-25 15:15:40,946] [builder.py:1689]           [WARNING]  | Convert Error: No TVDb ID Found for TMDb ID: 46969
[2022-11-25 15:15:40,961] [builder.py:1689]           [WARNING]  | Convert Error: No TVDb ID Found for TMDb ID: 44719
[2022-11-25 15:15:40,984] [builder.py:1689]           [WARNING]  | Convert Error: No TVDb ID Found for TMDb ID: 38497
[2022-11-25 15:15:40,998] [builder.py:1689]           [WARNING]  | Convert Error: No TVDb ID Found for TMDb ID: 37411
[2022-11-25 15:15:41,009] [builder.py:1689]           [WARNING]  | Convert Error: No TVDb ID Found for TMDb ID: 36343
[2022-11-25 15:15:41,019] [builder.py:1689]           [WARNING]  | Convert Error: No TVDb ID Found for TMDb ID: 36096
[2022-11-25 15:15:41,030] [builder.py:1689]           [WARNING]  | Convert Error: No TVDb ID Found for TMDb ID: 33724
[2022-11-25 15:15:41,041] [builder.py:1689]           [WARNING]  | Convert Error: No TVDb ID Found for TMDb ID: 31030
[2022-11-25 15:15:41,051] [builder.py:1689]           [WARNING]  | Convert Error: No TVDb ID Found for TMDb ID: 30554
[2022-11-25 15:15:41,062] [builder.py:1689]           [WARNING]  | Convert Error: No TVDb ID Found for TMDb ID: 30330
[2022-11-25 15:15:41,078] [builder.py:1689]           [WARNING]  | Convert Error: No TVDb ID Found for TMDb ID: 29550
[2022-11-25 15:15:41,089] [builder.py:1689]           [WARNING]  | Convert Error: No TVDb ID Found for TMDb ID: 28083
[2022-11-25 15:15:41,099] [builder.py:1689]           [WARNING]  | Convert Error: No TVDb ID Found for TMDb ID: 27663
[2022-11-25 15:15:41,109] [builder.py:1689]           [WARNING]  | Convert Error: No TVDb ID Found for TMDb ID: 26727
[2022-11-25 15:15:41,120] [builder.py:1689]           [WARNING]  | Convert Error: No TVDb ID Found for TMDb ID: 25386
[2022-11-25 15:15:41,136] [builder.py:1689]           [WARNING]  | Convert Error: No TVDb ID Found for TMDb ID: 25250
[2022-11-25 15:15:41,173] [builder.py:1689]           [WARNING]  | Convert Error: No TVDb ID Found for TMDb ID: 23085
[2022-11-25 15:15:41,186] [builder.py:1689]           [WARNING]  | Convert Error: No TVDb ID Found for TMDb ID: 15880
[2022-11-25 15:15:41,196] [builder.py:1689]           [WARNING]  | Convert Error: No TVDb ID Found for TMDb ID: 6970
[2022-11-25 15:15:41,208] [builder.py:1689]           [WARNING]  | Convert Error: No TVDb ID Found for TMDb ID: 5879
[2022-11-25 15:15:41,208] [builder.py:2158]           [INFO]     | 
[2022-11-25 15:15:41,208] [builder.py:2159]           [INFO]     |================================== Adding to Showtime Collection ===================================|
[2022-11-25 15:15:41,209] [builder.py:2160]           [INFO]     |                                                                                                    |
[2022-11-25 15:15:41,236] [builder.py:2174]           [INFO]     | 1/7 | Showtime Collection | = | Stargate SG-1                                                      |
[2022-11-25 15:15:41,236] [builder.py:2174]           [INFO]     | 2/7 | Showtime Collection | = | Billions                                                           |
[2022-11-25 15:15:41,236] [builder.py:2174]           [INFO]     | 3/7 | Showtime Collection | = | Your Honor (US)                                                    |
[2022-11-25 15:15:41,236] [builder.py:2174]           [INFO]     | 4/7 | Showtime Collection | = | The Man Who Fell to Earth                                          |
[2022-11-25 15:15:41,237] [builder.py:2174]           [INFO]     | 5/7 | Showtime Collection | = | Penny Dreadful                                                     |
[2022-11-25 15:15:41,237] [builder.py:2174]           [INFO]     | 6/7 | Showtime Collection | = | Patrick Melrose                                                    |
[2022-11-25 15:15:41,237] [builder.py:2174]           [INFO]     | 7/7 | Showtime Collection | = | Murder in the Bayou                                                |
[2022-11-25 15:15:41,237] [builder.py:2194]           [INFO]     |                                                                                                    |
[2022-11-25 15:15:41,238] [builder.py:2196]           [INFO]     | 7 Shows Processed 0 Shows Added                                                                    |
[2022-11-25 15:15:41,238] [builder.py:2352]           [INFO]     |                                                                                                    |
[2022-11-25 15:15:41,238] [builder.py:2353]           [INFO]     |=============================== Missing Shows from Library: Showtime ===============================|
[2022-11-25 15:15:41,238] [builder.py:2354]           [INFO]     |                                                                                                    |
[2022-11-25 15:15:41,285] [builder.py:2366]           [INFO]     | Showtime Collection | ? | Shameless (US) (TVDb: 161511)                                            |
[2022-11-25 15:15:41,331] [builder.py:2366]           [INFO]     | Showtime Collection | ? | Dexter (TVDb: 79349)                                                     |
[2022-11-25 15:15:41,355] [builder.py:2366]           [INFO]     | Showtime Collection | ? | The L Word: Generation Q (TVDb: 364477)                                  |
[2022-11-25 15:15:41,379] [builder.py:2366]           [INFO]     | Showtime Collection | ? | Ray Donovan (TVDb: 259866)                                               |
[2022-11-25 15:15:41,415] [builder.py:2366]           [INFO]     | Showtime Collection | ? | Weeds (TVDb: 74845)                                                      |
[2022-11-25 15:15:41,488] [builder.py:2366]           [INFO]     | Showtime Collection | ? | Twin Peaks (TVDb: 70533)                                                 |
[2022-11-25 15:15:41,537] [builder.py:2366]           [INFO]     | Showtime Collection | ? | Homeland (TVDb: 247897)                                                  |
[2022-11-25 15:15:41,567] [builder.py:2366]           [INFO]     | Showtime Collection | ? | Yellowjackets (TVDb: 399731)                                             |
[2022-11-25 15:15:41,608] [builder.py:2366]           [INFO]     | Showtime Collection | ? | Californication (TVDb: 80349)                                            |
[2022-11-25 15:15:41,631] [builder.py:2366]           [INFO]     | Showtime Collection | ? | The Tudors (TVDb: 79925)                                                 |
[2022-11-25 15:15:41,670] [builder.py:2366]           [INFO]     | Showtime Collection | ? | The L Word (TVDb: 72477)                                                 |
[2022-11-25 15:15:41,699] [builder.py:2366]           [INFO]     | Showtime Collection | ? | Dexter: New Blood (TVDb: 412366)                                         |
[2022-11-25 15:15:41,724] [builder.py:2366]           [INFO]     | Showtime Collection | ? | Submission (TVDb: 311108)                                                |
[2022-11-25 15:15:41,747] [builder.py:2366]           [INFO]     | Showtime Collection | ? | Masters of Sex (TVDb: 261557)                                            |
[2022-11-25 15:15:41,782] [builder.py:2366]           [INFO]     | Showtime Collection | ? | Let the Right One In (TVDb: 355532)                                      |
[2022-11-25 15:15:41,826] [builder.py:2366]           [INFO]     | Showtime Collection | ? | Queer as Folk (US) (TVDb: 75367)                                         |
[2022-11-25 15:15:41,861] [builder.py:2366]           [INFO]     | Showtime Collection | ? | The Borgias (TVDb: 187881)                                               |
[2022-11-25 15:15:41,900] [builder.py:2366]           [INFO]     | Showtime Collection | ? | Masters of Horror (TVDb: 79066)                                          |
[2022-11-25 15:15:41,934] [builder.py:2366]           [INFO]     | Showtime Collection | ? | The Affair (TVDb: 270439)                                                |
[2022-11-25 15:15:41,967] [builder.py:2366]           [INFO]     | Showtime Collection | ? | The Outer Limits (1995) (TVDb: 72224)                                    |
[2022-11-25 15:15:42,024] [builder.py:2366]           [INFO]     | Showtime Collection | ? | The Chi (TVDb: 336602)                                                   |
[2022-11-25 15:15:42,070] [builder.py:2366]           [INFO]     | Showtime Collection | ? | City on a Hill (TVDb: 356672)                                            |
[2022-11-25 15:15:42,116] [builder.py:2366]           [INFO]     | Showtime Collection | ? | Nurse Jackie (TVDb: 95731)                                               |
[2022-11-25 15:15:42,142] [builder.py:2366]           [INFO]     | Showtime Collection | ? | American Gigolo (TVDb: 404938)                                           |
[2022-11-25 15:15:42,171] [builder.py:2366]           [INFO]     | Showtime Collection | ? | Ziwe (TVDb: 400803)                                                      |
[2022-11-25 15:15:42,195] [builder.py:2366]           [INFO]     | Showtime Collection | ? | Black Monday (TVDb: 349338)                                              |
[2022-11-25 15:15:42,241] [builder.py:2366]           [INFO]     | Showtime Collection | ? | The Hunger (TVDb: 76238)                                                 |
[2022-11-25 15:15:42,391] [builder.py:2366]           [INFO]     | Showtime Collection | ? | Penny Dreadful: City of Angels (TVDb: 360892)                            |
[2022-11-25 15:15:42,421] [builder.py:2366]           [INFO]     | Showtime Collection | ? | Inside The NFL (TVDb: 72075)                                             |
[2022-11-25 15:15:42,448] [builder.py:2366]           [INFO]     | Showtime Collection | ? | Super Pumped (TVDb: 403415)                                              |
[2022-11-25 15:15:42,477] [builder.py:2366]           [INFO]     | Showtime Collection | ? | United States of Tara (TVDb: 83463)                                      |
[2022-11-25 15:15:42,620] [builder.py:2366]           [INFO]     | Showtime Collection | ? | Kidding (TVDb: 348841)                                                   |
[2022-11-25 15:15:42,657] [builder.py:2366]           [INFO]     | Showtime Collection | ? | House of Lies (TVDb: 247909)                                             |
[2022-11-25 15:15:42,702] [builder.py:2366]           [INFO]     | Showtime Collection | ? | Dead Like Me (TVDb: 72129)                                               |
[2022-11-25 15:15:42,733] [builder.py:2366]           [INFO]     | Showtime Collection | ? | I'm Dying Up Here (TVDb: 322434)                                         |
[2022-11-25 15:15:42,942] [builder.py:2366]           [INFO]     | Showtime Collection | ? | Red Shoe Diaries (TVDb: 76949)                                           |
[2022-11-25 15:15:42,973] [builder.py:2366]           [INFO]     | Showtime Collection | ? | The Big C (TVDb: 161501)                                                 |
[2022-11-25 15:15:43,019] [builder.py:2366]           [INFO]     | Showtime Collection | ? | Penn & Teller: Bullshit! (TVDb: 72301)                                   |
[2022-11-25 15:15:43,041] [builder.py:2366]           [INFO]     | Showtime Collection | ? | SMILF (TVDb: 332898)                                                     |
[2022-11-25 15:15:43,078] [builder.py:2366]           [INFO]     | Showtime Collection | ? | Episodes (TVDb: 123581)                                                  |
[2022-11-25 15:15:43,117] [builder.py:2366]           [INFO]     | Showtime Collection | ? | Sleeper Cell (TVDb: 74843)                                               |
[2022-11-25 15:15:43,141] [builder.py:2366]           [INFO]     | Showtime Collection | ? | The Circus (TVDb: 304498)                                                |
[2022-11-25 15:15:43,164] [builder.py:2366]           [INFO]     | Showtime Collection | ? | The Loudest Voice (TVDb: 358970)                                         |
[2022-11-25 15:15:43,221] [builder.py:2366]           [INFO]     | Showtime Collection | ? | Our Cartoon President (TVDb: 339467)                                     |
[2022-11-25 15:15:43,247] [builder.py:2366]           [INFO]     | Showtime Collection | ? | On Becoming a God in Central Florida (TVDb: 349638)                      |
[2022-11-25 15:15:43,376] [builder.py:2366]           [INFO]     | Showtime Collection | ? | Beach Heat: Miami (TVDb: 252741)                                         |
[2022-11-25 15:15:43,405] [builder.py:2366]           [INFO]     | Showtime Collection | ? | The First Lady (2022) (TVDb: 389612)                                     |
[2022-11-25 15:15:43,443] [builder.py:2366]           [INFO]     | Showtime Collection | ? | Secret Diary of a Call Girl (TVDb: 80621)                                |
[2022-11-25 15:15:43,469] [builder.py:2366]           [INFO]     | Showtime Collection | ? | Escape at Dannemora (TVDb: 349738)                                       |
[2022-11-25 15:15:43,495] [builder.py:2366]           [INFO]     | Showtime Collection | ? | Faerie Tale Theatre (TVDb: 75391)                                        |
[2022-11-25 15:15:43,638] [builder.py:2366]           [INFO]     | Showtime Collection | ? | Desus & Mero (TVDb: 317301)                                              |
[2022-11-25 15:15:43,668] [builder.py:2366]           [INFO]     | Showtime Collection | ? | Moonbase 8 (TVDb: 366383)                                                |
[2022-11-25 15:15:43,693] [builder.py:2366]           [INFO]     | Showtime Collection | ? | Dead Man's Gun (TVDb: 73600)                                             |
[2022-11-25 15:15:43,831] [builder.py:2366]           [INFO]     | Showtime Collection | ? | The Real L Word (TVDb: 171241)                                           |
[2022-11-25 15:15:43,871] [builder.py:2366]           [INFO]     | Showtime Collection | ? | Jeremiah (TVDb: 78820)                                                   |
[2022-11-25 15:15:44,016] [builder.py:2366]           [INFO]     | Showtime Collection | ? | Brothers (TVDb: 71477)                                                   |
[2022-11-25 15:15:44,040] [builder.py:2366]           [INFO]     | Showtime Collection | ? | The Paper Chase (TVDb: 73769)                                            |
[2022-11-25 15:15:44,065] [builder.py:2366]           [INFO]     | Showtime Collection | ? | The Good Lord Bird (TVDb: 367633)                                        |
[2022-11-25 15:15:44,190] [builder.py:2366]           [INFO]     | Showtime Collection | ? | Desus & Mero (2019) (TVDb: 356163)                                       |
[2022-11-25 15:15:44,224] [builder.py:2366]           [INFO]     | Showtime Collection | ? | Poltergeist: The Legacy (TVDb: 77952)                                    |
[2022-11-25 15:15:44,358] [builder.py:2366]           [INFO]     | Showtime Collection | ? | Who Is America? (TVDb: 350028)                                           |
[2022-11-25 15:15:44,478] [builder.py:2366]           [INFO]     | Showtime Collection | ? | It's Garry Shandling's Show (TVDb: 71275)                                |
[2022-11-25 15:15:44,603] [builder.py:2366]           [INFO]     | Showtime Collection | ? | The Busy World of Richard Scarry (TVDb: 74992)                           |
[2022-11-25 15:15:44,635] [builder.py:2366]           [INFO]     | Showtime Collection | ? | American Rust (TVDb: 367660)                                             |
[2022-11-25 15:15:44,667] [builder.py:2366]           [INFO]     | Showtime Collection | ? | Brotherhood (TVDb: 79356)                                                |
[2022-11-25 15:15:44,691] [builder.py:2366]           [INFO]     | Showtime Collection | ? | Odyssey 5 (TVDb: 70694)                                                  |
[2022-11-25 15:15:44,716] [builder.py:2366]           [INFO]     | Showtime Collection | ? | HAPPYish (TVDb: 277431)                                                  |
[2022-11-25 15:15:44,885] [builder.py:2366]           [INFO]     | Showtime Collection | ? | Cape Wrath (Meadowlands) (TVDb: 80223)                                   |
[2022-11-25 15:15:44,925] [builder.py:2366]           [INFO]     | Showtime Collection | ? | The Comey Rule (TVDb: 384097)                                            |
[2022-11-25 15:15:44,982] [builder.py:2366]           [INFO]     | Showtime Collection | ? | Huff (TVDb: 74663)                                                       |
[2022-11-25 15:15:45,046] [builder.py:2366]           [INFO]     | Showtime Collection | ? | The Chris Isaak Show (TVDb: 72944)                                       |
[2022-11-25 15:15:45,169] [builder.py:2366]           [INFO]     | Showtime Collection | ? | Beggars and Choosers (TVDb: 78373)                                       |
[2022-11-25 15:15:45,294] [builder.py:2366]           [INFO]     | Showtime Collection | ? | Flatbush Misdemeanors (TVDb: 390125)                                     |
[2022-11-25 15:15:45,319] [builder.py:2366]           [INFO]     | Showtime Collection | ? | Dark Net (TVDb: 303598)                                                  |
[2022-11-25 15:15:45,343] [builder.py:2366]           [INFO]     | Showtime Collection | ? | Fallen Angels (TVDb: 72927)                                              |
[2022-11-25 15:15:45,479] [builder.py:2366]           [INFO]     | Showtime Collection | ? | I Love That for You (TVDb: 406308)                                       |
[2022-11-25 15:15:45,537] [builder.py:2366]           [INFO]     | Showtime Collection | ? | Web Therapy (2011) (TVDb: 250078)                                        |
[2022-11-25 15:15:45,718] [builder.py:2361]           [ERROR]    | TVDb Error: Name not found from TVDb ID: 12519                                                     |
[2022-11-25 15:15:45,873] [builder.py:2366]           [INFO]     | Showtime Collection | ? | Roadies (TVDb: 307368)                                                   |
[2022-11-25 15:15:45,896] [builder.py:2366]           [INFO]     | Showtime Collection | ? | Out of Order (TVDb: 71508)                                               |
[2022-11-25 15:15:45,919] [builder.py:2366]           [INFO]     | Showtime Collection | ? | Fat Actress (TVDb: 74813)                                                |
[2022-11-25 15:15:46,010] [builder.py:2370]           [INFO]     | Showtime Collection | X | Big Brother After Dark (TVDb: 81491)                                     |
[2022-11-25 15:15:46,049] [builder.py:2366]           [INFO]     | Showtime Collection | ? | The Untold History of the United States (TVDb: 263532)                   |
[2022-11-25 15:15:46,222] [builder.py:2366]           [INFO]     | Showtime Collection | ? | Inside Comedy (TVDb: 255569)                                             |
[2022-11-25 15:15:46,359] [builder.py:2366]           [INFO]     | Showtime Collection | ? | Gigolos (TVDb: 245941)                                                   |
[2022-11-25 15:15:46,528] [builder.py:2366]           [INFO]     | Showtime Collection | ? | Naked SNCTM (TVDb: 333274)                                               |
[2022-11-25 15:15:46,635] [builder.py:2366]           [INFO]     | Showtime Collection | ? | White Famous (TVDb: 333010)                                              |
[2022-11-25 15:15:46,665] [builder.py:2366]           [INFO]     | Showtime Collection | ? | The Green Room with Paul Provenza (TVDb: 163611)                         |
[2022-11-25 15:15:46,699] [builder.py:2366]           [INFO]     | Showtime Collection | ? | Soul Food (TVDb: 81878)                                                  |
[2022-11-25 15:15:46,799] [builder.py:2366]           [INFO]     | Showtime Collection | ? | Couples Therapy (2019) (TVDb: 367813)                                    |
[2022-11-25 15:15:46,891] [builder.py:2366]           [INFO]     | Showtime Collection | ? | Body Language (2008) (TVDb: 253966)                                      |
[2022-11-25 15:15:46,920] [builder.py:2366]           [INFO]     | Showtime Collection | ? | Work in Progress (TVDb: 367632)                                          |
[2022-11-25 15:15:47,037] [builder.py:2366]           [INFO]     | Showtime Collection | ? | Lady Chatterley's Stories (TVDb: 70968)                                  |
[2022-11-25 15:15:47,060] [builder.py:2366]           [INFO]     | Showtime Collection | ? | History of the Eagles (TVDb: 274224)                                     |
[2022-11-25 15:15:47,088] [builder.py:2366]           [INFO]     | Showtime Collection | ? | Guerrilla (TVDb: 322433)                                                 |
[2022-11-25 15:15:47,187] [builder.py:2366]           [INFO]     | Showtime Collection | ? | Resurrection Blvd. (TVDb: 72717)                                         |
[2022-11-25 15:15:47,214] [builder.py:2366]           [INFO]     | Showtime Collection | ? | Wu-Tang Clan: Of Mics and Men (TVDb: 358700)                             |
[2022-11-25 15:15:47,375] [builder.py:2366]           [INFO]     | Showtime Collection | ? | Family Business (TVDb: 78819)                                            |
[2022-11-25 15:15:47,497] [builder.py:2366]           [INFO]     | Showtime Collection | ? | The Hoop Life (TVDb: 76145)                                              |
[2022-11-25 15:15:47,645] [builder.py:2366]           [INFO]     | Showtime Collection | ? | Street Time (TVDb: 83154)                                                |
[2022-11-25 15:15:47,754] [builder.py:2366]           [INFO]     | Showtime Collection | ? | Hot Springs Hotel (TVDb: 256576)                                         |
[2022-11-25 15:15:47,787] [builder.py:2366]           [INFO]     | Showtime Collection | ? | The Putin Interviews (TVDb: 327978)                                      |
[2022-11-25 15:15:47,882] [builder.py:2366]           [INFO]     | Showtime Collection | ? | Leap Years (TVDb: 76854)                                                 |
[2022-11-25 15:15:48,021] [builder.py:2366]           [INFO]     | Showtime Collection | ? | Barbershop (TVDb: 74828)                                                 |
[2022-11-25 15:15:48,045] [builder.py:2366]           [INFO]     | Showtime Collection | ? | Queer Duck (TVDb: 267629)                                                |
[2022-11-25 15:15:48,077] [builder.py:2366]           [INFO]     | Showtime Collection | ? | UFO (2021) (TVDb: 405061)                                                |
[2022-11-25 15:15:48,105] [builder.py:2366]           [INFO]     | Showtime Collection | ? | Dice (2016) (TVDb: 306859)                                               |
[2022-11-25 15:15:48,196] [builder.py:2366]           [INFO]     | Showtime Collection | ? | Deeper Throat (TVDb: 145631)                                             |
[2022-11-25 15:15:48,287] [builder.py:2366]           [INFO]     | Showtime Collection | ? | Chris Cross (TVDb: 77557)                                                |
[2022-11-25 15:15:48,420] [builder.py:2366]           [INFO]     | Showtime Collection | ? | Kama Sutra (TVDb: 70451)                                                 |
[2022-11-25 15:15:48,520] [builder.py:2366]           [INFO]     | Showtime Collection | ? | Shangri-La (2019) (TVDb: 364956)                                         |
[2022-11-25 15:15:48,604] [builder.py:2366]           [INFO]     | Showtime Collection | ? | The Underground (TVDb: 79428)                                            |
[2022-11-25 15:15:48,755] [builder.py:2366]           [INFO]     | Showtime Collection | ? | Enemies: The President, Justice & The FBI (TVDb: 353953)                 |
[2022-11-25 15:15:48,947] [builder.py:2366]           [INFO]     | Showtime Collection | ? | The Comedy Store (TVDb: 384494)                                          |
[2022-11-25 15:15:49,061] [builder.py:2366]           [INFO]     | Showtime Collection | ? | 7 Deadly Sins (TVDb: 282547)                                             |
[2022-11-25 15:15:49,178] [builder.py:2366]           [INFO]     | Showtime Collection | ? | Outcry (TVDb: 383603)                                                    |
[2022-11-25 15:15:49,352] [builder.py:2366]           [INFO]     | Showtime Collection | ? | Going to California (TVDb: 194531)                                       |
[2022-11-25 15:15:49,435] [builder.py:2366]           [INFO]     | Showtime Collection | ? | Chromiumblue.com (TVDb: 72872)                                           |
[2022-11-25 15:15:49,524] [builder.py:2366]           [INFO]     | Showtime Collection | ? | Sherman Oaks (TVDb: 76357)                                               |
[2022-11-25 15:15:49,694] [builder.py:2366]           [INFO]     | Showtime Collection | ? | The Lincoln Project (TVDb: 424725)                                       |
[2022-11-25 15:15:49,723] [builder.py:2366]           [INFO]     | Showtime Collection | ? | Cloudstreet (TVDb: 248563)                                               |
[2022-11-25 15:15:49,844] [builder.py:2366]           [INFO]     | Showtime Collection | ? | Tracey Ullman's State of the Union (TVDb: 81646)                         |
[2022-11-25 15:15:49,955] [builder.py:2366]           [INFO]     | Showtime Collection | ? | Rude Awakening (TVDb: 72473)                                             |
[2022-11-25 15:15:50,049] [builder.py:2366]           [INFO]     | Showtime Collection | ? | Fast Track (TVDb: 70972)                                                 |
[2022-11-25 15:15:50,076] [builder.py:2366]           [INFO]     | Showtime Collection | ? | The Reagans (TVDb: 384493)                                               |
[2022-11-25 15:15:50,106] [builder.py:2366]           [INFO]     | Showtime Collection | ? | Buried (TVDb: 408674)                                                    |
[2022-11-25 15:15:50,138] [builder.py:2366]           [INFO]     | Showtime Collection | ? | The Trade (TVDb: 338850)                                                 |
[2022-11-25 15:15:50,162] [builder.py:2366]           [INFO]     | Showtime Collection | ? | Years of Living Dangerously (TVDb: 274880)                               |
[2022-11-25 15:15:50,282] [builder.py:2366]           [INFO]     | Showtime Collection | ? | Look (TVDb: 87821)                                                       |
[2022-11-25 15:15:50,313] [builder.py:2366]           [INFO]     | Showtime Collection | ? | The Fourth Estate (TVDb: 347162)                                         |
[2022-11-25 15:15:50,423] [builder.py:2366]           [INFO]     | Showtime Collection | ? | Dave's Old Porn (TVDb: 252798)                                           |
[2022-11-25 15:15:50,525] [builder.py:2366]           [INFO]     | Showtime Collection | ? | Live Nude Comedy (TVDb: 186211)                                          |
[2022-11-25 15:15:50,635] [builder.py:2366]           [INFO]     | Showtime Collection | ? | Free for All (TVDb: 79597)                                               |
[2022-11-25 15:15:50,664] [builder.py:2366]           [INFO]     | Showtime Collection | ? | We Need to Talk About Cosby (TVDb: 413655)                               |
[2022-11-25 15:15:50,738] [builder.py:2366]           [INFO]     | Showtime Collection | ? | 3AM (TVDb: 296083)                                                       |
[2022-11-25 15:15:50,832] [builder.py:2366]           [INFO]     | Showtime Collection | ? | I Can't Believe I'm Still Single (TVDb: 100911)                          |
[2022-11-25 15:15:50,936] [builder.py:2370]           [INFO]     | Showtime Collection | X | Ripley (TVDb: 372727)                                                    |
[2022-11-25 15:15:51,024] [builder.py:2366]           [INFO]     | Showtime Collection | ? | Kurt Vonnegut's Monkey House (TVDb: 76749)                               |
[2022-11-25 15:15:51,050] [builder.py:2366]           [INFO]     | Showtime Collection | ? | Just Another Immigrant (TVDb: 347028)                                    |
[2022-11-25 15:15:51,157] [builder.py:2366]           [INFO]     | Showtime Collection | ? | everything’s gonna be all white (TVDb: 415560)                           |
[2022-11-25 15:15:51,189] [builder.py:2366]           [INFO]     | Showtime Collection | ? | Supreme Team (TVDb: 422152)                                              |
[2022-11-25 15:15:51,214] [builder.py:2366]           [INFO]     | Showtime Collection | ? | A Season With (TVDb: 299392)                                             |
[2022-11-25 15:15:51,315] [builder.py:2366]           [INFO]     | Showtime Collection | ? | Linc's (TVDb: 70962)                                                     |
[2022-11-25 15:15:51,350] [builder.py:2366]           [INFO]     | Showtime Collection | ? | Supervillain: The Making of Tekashi 6ix9ine (TVDb: 396215)               |
[2022-11-25 15:15:51,448] [builder.py:2366]           [INFO]     | Showtime Collection | ? | Washingtoon (TVDb: 70671)                                                |
[2022-11-25 15:15:51,475] [builder.py:2366]           [INFO]     | Showtime Collection | ? | Active Shooter: America Under Fire (TVDb: 334632)                        |
[2022-11-25 15:15:51,584] [builder.py:2366]           [INFO]     | Showtime Collection | ? | Quest for the Stanley Cup (TVDb: 311789)                                 |
[2022-11-25 15:15:51,609] [builder.py:2366]           [INFO]     | Showtime Collection | ? | Full Color Football: The History of the American Football League (TVDb: 122201) |
[2022-11-25 15:15:51,699] [builder.py:2366]           [INFO]     | Showtime Collection | ? | Action (2019) (TVDb: 361190)                                             |
[2022-11-25 15:15:51,814] [builder.py:2366]           [INFO]     | Showtime Collection | ? | This American Life (TVDb: 79928)                                         |
[2022-11-25 15:15:51,894] [builder.py:2366]           [INFO]     | Showtime Collection | ? | My Life as a Dog (TVDb: 76970)                                           |
[2022-11-25 15:15:52,019] [builder.py:2366]           [INFO]     | Showtime Collection | ? | Gossip (2021) (TVDb: 408536)                                             |
[2022-11-25 15:15:52,215] [builder.py:2366]           [INFO]     | Showtime Collection | ? | Shut Up and Dribble (TVDb: 354542)                                       |
[2022-11-25 15:15:52,308] [builder.py:2370]           [INFO]     | Showtime Collection | X | Love Street (TVDb: 70803)                                                |
[2022-11-25 15:15:52,391] [builder.py:2366]           [INFO]     | Showtime Collection | ? | Sexual Healing (TVDb: 132801)                                            |
[2022-11-25 15:15:52,496] [builder.py:2366]           [INFO]     | Showtime Collection | ? | Love Fraud (TVDb: 376355)                                                |
[2022-11-25 15:15:52,599] [builder.py:2370]           [INFO]     | Showtime Collection | X | Shelley Duvall's Bedtime Stories (TVDb: 152801)                          |
[2022-11-25 15:15:52,723] [builder.py:2366]           [INFO]     | Showtime Collection | ? | The Franchise (TVDb: 249594)                                             |
[2022-11-25 15:15:52,811] [builder.py:2366]           [INFO]     | Showtime Collection | ? | La La Land (TVDb: 137751)                                                |
[2022-11-25 15:15:52,906] [builder.py:2370]           [INFO]     | Showtime Collection | X | Lock 'N Load (TVDb: 106591)                                              |
[2022-11-25 15:15:52,906] [builder.py:2371]           [INFO]     |                                                                                                    |
[2022-11-25 15:15:52,907] [builder.py:2372]           [INFO]     | 154 Shows Missing                                                                                  |
[2022-11-25 15:15:53,176] [sonarr.py:70]              [INFO]     |                                                                                                    |
[2022-11-25 15:15:53,176] [sonarr.py:71]              [INFO]     |===================================== Adding Missing to Sonarr =====================================|
[2022-11-25 15:15:53,176] [sonarr.py:72]              [DEBUG]    |                                                                                                    |
[2022-11-25 15:15:53,177] [sonarr.py:73]              [DEBUG]    | Sonarr Adds: [161511, 79349, 364477, 259866, 74845, 70533, 247897, 399731, 80349, 79925, 72477, 412366, 311108, 261557, 355532, 75367, 187881, 79066, 270439, 72224, 336602, 356672, 95731, 404938, 400803, 349338, 76238, 360892, 72075, 403415, 83463, 348841, 247909, 72129, 322434, 76949, 161501, 72301, 332898, 123581, 74843, 304498, 358970, 339467, 349638, 252741, 389612, 80621, 349738, 75391, 317301, 366383, 73600, 171241, 78820, 71477, 73769, 367633, 356163, 77952, 350028, 71275, 74992, 367660, 79356, 70694, 277431, 80223, 384097, 74663, 72944, 78373, 390125, 303598, 72927, 406308, 250078, 307368, 71508, 74813, 263532, 255569, 245941, 333274, 333010, 163611, 81878, 367813, 253966, 367632, 70968, 274224, 322433, 72717, 358700, 78819, 76145, 83154, 256576, 327978, 76854, 74828, 267629, 405061, 306859, 145631, 77557, 70451, 364956, 79428, 353953, 384494, 282547, 383603, 194531, 72872, 76357, 424725, 248563, 81646, 72473, 70972, 384493, 408674, 338850, 274880, 87821, 347162, 252798, 186211, 79597, 413655, 296083, 100911, 76749, 347028, 415560, 422152, 299392, 70962, 396215, 70671, 334632, 311789, 122201, 361190, 79928, 76970, 408536, 354542, 132801, 376355, 249594, 137751] |
[2022-11-25 15:16:19,313] [sonarr.py:170]             [INFO]     |                                                                                                    |
[2022-11-25 15:16:19,313] [sonarr.py:186]             [INFO]     | Skipped: In Cache | 161511                                                                         |
[2022-11-25 15:16:19,313] [sonarr.py:186]             [INFO]     | Skipped: In Cache | 79349                                                                          |
[2022-11-25 15:16:19,313] [sonarr.py:186]             [INFO]     | Skipped: In Cache | 364477                                                                         |
[2022-11-25 15:16:19,313] [sonarr.py:186]             [INFO]     | Skipped: In Cache | 74845                                                                          |
[2022-11-25 15:16:19,313] [sonarr.py:186]             [INFO]     | Skipped: In Cache | 70533                                                                          |
[2022-11-25 15:16:19,313] [sonarr.py:186]             [INFO]     | Skipped: In Cache | 399731                                                                         |
[2022-11-25 15:16:19,314] [sonarr.py:186]             [INFO]     | Skipped: In Cache | 80349                                                                          |
[2022-11-25 15:16:19,314] [sonarr.py:186]             [INFO]     | Skipped: In Cache | 79925                                                                          |
[2022-11-25 15:16:19,314] [sonarr.py:186]             [INFO]     | Skipped: In Cache | 72477                                                                          |
[2022-11-25 15:16:19,314] [sonarr.py:186]             [INFO]     | Skipped: In Cache | 412366                                                                         |
[2022-11-25 15:16:19,314] [sonarr.py:186]             [INFO]     | Skipped: In Cache | 311108                                                                         |
[2022-11-25 15:16:19,314] [sonarr.py:186]             [INFO]     | Skipped: In Cache | 261557                                                                         |
[2022-11-25 15:16:19,314] [sonarr.py:186]             [INFO]     | Skipped: In Cache | 355532                                                                         |
[2022-11-25 15:16:19,314] [sonarr.py:186]             [INFO]     | Skipped: In Cache | 75367                                                                          |
[2022-11-25 15:16:19,314] [sonarr.py:186]             [INFO]     | Skipped: In Cache | 187881                                                                         |
[2022-11-25 15:16:19,314] [sonarr.py:186]             [INFO]     | Skipped: In Cache | 79066                                                                          |
[2022-11-25 15:16:19,314] [sonarr.py:186]             [INFO]     | Skipped: In Cache | 270439                                                                         |
[2022-11-25 15:16:19,314] [sonarr.py:186]             [INFO]     | Skipped: In Cache | 72224                                                                          |
[2022-11-25 15:16:19,314] [sonarr.py:186]             [INFO]     | Skipped: In Cache | 336602                                                                         |
[2022-11-25 15:16:19,315] [sonarr.py:186]             [INFO]     | Skipped: In Cache | 356672                                                                         |
[2022-11-25 15:16:19,315] [sonarr.py:186]             [INFO]     | Skipped: In Cache | 95731                                                                          |
[2022-11-25 15:16:19,315] [sonarr.py:186]             [INFO]     | Skipped: In Cache | 404938                                                                         |
[2022-11-25 15:16:19,315] [sonarr.py:186]             [INFO]     | Skipped: In Cache | 400803                                                                         |
[2022-11-25 15:16:19,315] [sonarr.py:186]             [INFO]     | Skipped: In Cache | 349338                                                                         |
[2022-11-25 15:16:19,315] [sonarr.py:186]             [INFO]     | Skipped: In Cache | 76238                                                                          |
[2022-11-25 15:16:19,315] [sonarr.py:186]             [INFO]     | Skipped: In Cache | 360892                                                                         |
[2022-11-25 15:16:19,315] [sonarr.py:186]             [INFO]     | Skipped: In Cache | 72075                                                                          |
[2022-11-25 15:16:19,315] [sonarr.py:186]             [INFO]     | Skipped: In Cache | 403415                                                                         |
[2022-11-25 15:16:19,315] [sonarr.py:186]             [INFO]     | Skipped: In Cache | 83463                                                                          |
[2022-11-25 15:16:19,315] [sonarr.py:186]             [INFO]     | Skipped: In Cache | 247909                                                                         |
[2022-11-25 15:16:19,315] [sonarr.py:186]             [INFO]     | Skipped: In Cache | 72129                                                                          |
[2022-11-25 15:16:19,315] [sonarr.py:186]             [INFO]     | Skipped: In Cache | 322434                                                                         |
[2022-11-25 15:16:19,315] [sonarr.py:186]             [INFO]     | Skipped: In Cache | 76949                                                                          |
[2022-11-25 15:16:19,315] [sonarr.py:186]             [INFO]     | Skipped: In Cache | 161501                                                                         |
[2022-11-25 15:16:19,316] [sonarr.py:186]             [INFO]     | Skipped: In Cache | 72301                                                                          |
[2022-11-25 15:16:19,316] [sonarr.py:186]             [INFO]     | Skipped: In Cache | 332898                                                                         |
[2022-11-25 15:16:19,316] [sonarr.py:186]             [INFO]     | Skipped: In Cache | 123581                                                                         |
[2022-11-25 15:16:19,316] [sonarr.py:186]             [INFO]     | Skipped: In Cache | 74843                                                                          |
[2022-11-25 15:16:19,316] [sonarr.py:186]             [INFO]     | Skipped: In Cache | 304498                                                                         |
[2022-11-25 15:16:19,316] [sonarr.py:186]             [INFO]     | Skipped: In Cache | 358970                                                                         |
[2022-11-25 15:16:19,316] [sonarr.py:186]             [INFO]     | Skipped: In Cache | 339467                                                                         |
[2022-11-25 15:16:19,316] [sonarr.py:186]             [INFO]     | Skipped: In Cache | 349638                                                                         |
[2022-11-25 15:16:19,316] [sonarr.py:186]             [INFO]     | Skipped: In Cache | 252741                                                                         |
[2022-11-25 15:16:19,316] [sonarr.py:186]             [INFO]     | Skipped: In Cache | 389612                                                                         |
[2022-11-25 15:16:19,316] [sonarr.py:186]             [INFO]     | Skipped: In Cache | 80621                                                                          |
[2022-11-25 15:16:19,316] [sonarr.py:186]             [INFO]     | Skipped: In Cache | 349738                                                                         |
[2022-11-25 15:16:19,316] [sonarr.py:186]             [INFO]     | Skipped: In Cache | 75391                                                                          |
[2022-11-25 15:16:19,316] [sonarr.py:186]             [INFO]     | Skipped: In Cache | 317301                                                                         |
[2022-11-25 15:16:19,317] [sonarr.py:186]             [INFO]     | Skipped: In Cache | 366383                                                                         |
[2022-11-25 15:16:19,317] [sonarr.py:186]             [INFO]     | Skipped: In Cache | 73600                                                                          |
[2022-11-25 15:16:19,317] [sonarr.py:186]             [INFO]     | Skipped: In Cache | 171241                                                                         |
[2022-11-25 15:16:19,317] [sonarr.py:186]             [INFO]     | Skipped: In Cache | 78820                                                                          |
[2022-11-25 15:16:19,317] [sonarr.py:186]             [INFO]     | Skipped: In Cache | 71477                                                                          |
[2022-11-25 15:16:19,317] [sonarr.py:186]             [INFO]     | Skipped: In Cache | 73769                                                                          |
[2022-11-25 15:16:19,317] [sonarr.py:186]             [INFO]     | Skipped: In Cache | 367633                                                                         |
[2022-11-25 15:16:19,317] [sonarr.py:186]             [INFO]     | Skipped: In Cache | 356163                                                                         |
[2022-11-25 15:16:19,317] [sonarr.py:186]             [INFO]     | Skipped: In Cache | 77952                                                                          |
[2022-11-25 15:16:19,317] [sonarr.py:186]             [INFO]     | Skipped: In Cache | 350028                                                                         |
[2022-11-25 15:16:19,317] [sonarr.py:186]             [INFO]     | Skipped: In Cache | 71275                                                                          |
[2022-11-25 15:16:19,317] [sonarr.py:186]             [INFO]     | Skipped: In Cache | 74992                                                                          |
[2022-11-25 15:16:19,317] [sonarr.py:186]             [INFO]     | Skipped: In Cache | 367660                                                                         |
[2022-11-25 15:16:19,317] [sonarr.py:186]             [INFO]     | Skipped: In Cache | 79356                                                                          |
[2022-11-25 15:16:19,317] [sonarr.py:186]             [INFO]     | Skipped: In Cache | 70694                                                                          |
[2022-11-25 15:16:19,318] [sonarr.py:186]             [INFO]     | Skipped: In Cache | 277431                                                                         |
[2022-11-25 15:16:19,318] [sonarr.py:186]             [INFO]     | Skipped: In Cache | 80223                                                                          |
[2022-11-25 15:16:19,318] [sonarr.py:186]             [INFO]     | Skipped: In Cache | 384097                                                                         |
[2022-11-25 15:16:19,318] [sonarr.py:186]             [INFO]     | Skipped: In Cache | 74663                                                                          |
[2022-11-25 15:16:19,318] [sonarr.py:186]             [INFO]     | Skipped: In Cache | 72944                                                                          |
[2022-11-25 15:16:19,318] [sonarr.py:186]             [INFO]     | Skipped: In Cache | 78373                                                                          |
[2022-11-25 15:16:19,318] [sonarr.py:186]             [INFO]     | Skipped: In Cache | 390125                                                                         |
[2022-11-25 15:16:19,318] [sonarr.py:186]             [INFO]     | Skipped: In Cache | 303598                                                                         |
[2022-11-25 15:16:19,318] [sonarr.py:186]             [INFO]     | Skipped: In Cache | 72927                                                                          |
[2022-11-25 15:16:19,318] [sonarr.py:186]             [INFO]     | Skipped: In Cache | 406308                                                                         |
[2022-11-25 15:16:19,318] [sonarr.py:186]             [INFO]     | Skipped: In Cache | 250078                                                                         |
[2022-11-25 15:16:19,318] [sonarr.py:186]             [INFO]     | Skipped: In Cache | 307368                                                                         |
[2022-11-25 15:16:19,318] [sonarr.py:186]             [INFO]     | Skipped: In Cache | 71508                                                                          |
[2022-11-25 15:16:19,318] [sonarr.py:186]             [INFO]     | Skipped: In Cache | 74813                                                                          |
[2022-11-25 15:16:19,321] [sonarr.py:186]             [INFO]     | Skipped: In Cache | 263532                                                                         |
[2022-11-25 15:16:19,321] [sonarr.py:186]             [INFO]     | Skipped: In Cache | 255569                                                                         |
[2022-11-25 15:16:19,321] [sonarr.py:186]             [INFO]     | Skipped: In Cache | 245941                                                                         |
[2022-11-25 15:16:19,321] [sonarr.py:186]             [INFO]     | Skipped: In Cache | 333274                                                                         |
[2022-11-25 15:16:19,321] [sonarr.py:186]             [INFO]     | Skipped: In Cache | 333010                                                                         |
[2022-11-25 15:16:19,322] [sonarr.py:186]             [INFO]     | Skipped: In Cache | 163611                                                                         |
[2022-11-25 15:16:19,322] [sonarr.py:186]             [INFO]     | Skipped: In Cache | 81878                                                                          |
[2022-11-25 15:16:19,322] [sonarr.py:186]             [INFO]     | Skipped: In Cache | 367813                                                                         |
[2022-11-25 15:16:19,322] [sonarr.py:186]             [INFO]     | Skipped: In Cache | 253966                                                                         |
[2022-11-25 15:16:19,322] [sonarr.py:186]             [INFO]     | Skipped: In Cache | 367632                                                                         |
[2022-11-25 15:16:19,322] [sonarr.py:186]             [INFO]     | Skipped: In Cache | 70968                                                                          |
[2022-11-25 15:16:19,322] [sonarr.py:186]             [INFO]     | Skipped: In Cache | 274224                                                                         |
[2022-11-25 15:16:19,322] [sonarr.py:186]             [INFO]     | Skipped: In Cache | 322433                                                                         |
[2022-11-25 15:16:19,322] [sonarr.py:186]             [INFO]     | Skipped: In Cache | 72717                                                                          |
[2022-11-25 15:16:19,322] [sonarr.py:186]             [INFO]     | Skipped: In Cache | 358700                                                                         |
[2022-11-25 15:16:19,322] [sonarr.py:186]             [INFO]     | Skipped: In Cache | 78819                                                                          |
[2022-11-25 15:16:19,322] [sonarr.py:186]             [INFO]     | Skipped: In Cache | 76145                                                                          |
[2022-11-25 15:16:19,322] [sonarr.py:186]             [INFO]     | Skipped: In Cache | 83154                                                                          |
[2022-11-25 15:16:19,322] [sonarr.py:186]             [INFO]     | Skipped: In Cache | 256576                                                                         |
[2022-11-25 15:16:19,323] [sonarr.py:186]             [INFO]     | Skipped: In Cache | 327978                                                                         |
[2022-11-25 15:16:19,323] [sonarr.py:186]             [INFO]     | Skipped: In Cache | 76854                                                                          |
[2022-11-25 15:16:19,323] [sonarr.py:186]             [INFO]     | Skipped: In Cache | 74828                                                                          |
[2022-11-25 15:16:19,323] [sonarr.py:186]             [INFO]     | Skipped: In Cache | 267629                                                                         |
[2022-11-25 15:16:19,323] [sonarr.py:186]             [INFO]     | Skipped: In Cache | 405061                                                                         |
[2022-11-25 15:16:19,323] [sonarr.py:186]             [INFO]     | Skipped: In Cache | 306859                                                                         |
[2022-11-25 15:16:19,323] [sonarr.py:186]             [INFO]     | Skipped: In Cache | 145631                                                                         |
[2022-11-25 15:16:19,323] [sonarr.py:186]             [INFO]     | Skipped: In Cache | 77557                                                                          |
[2022-11-25 15:16:19,323] [sonarr.py:186]             [INFO]     | Skipped: In Cache | 70451                                                                          |
[2022-11-25 15:16:19,323] [sonarr.py:186]             [INFO]     | Skipped: In Cache | 364956                                                                         |
[2022-11-25 15:16:19,323] [sonarr.py:186]             [INFO]     | Skipped: In Cache | 79428                                                                          |
[2022-11-25 15:16:19,323] [sonarr.py:186]             [INFO]     | Skipped: In Cache | 353953                                                                         |
[2022-11-25 15:16:19,323] [sonarr.py:186]             [INFO]     | Skipped: In Cache | 384494                                                                         |
[2022-11-25 15:16:19,323] [sonarr.py:186]             [INFO]     | Skipped: In Cache | 282547                                                                         |
[2022-11-25 15:16:19,323] [sonarr.py:186]             [INFO]     | Skipped: In Cache | 383603                                                                         |
[2022-11-25 15:16:19,324] [sonarr.py:186]             [INFO]     | Skipped: In Cache | 194531                                                                         |
[2022-11-25 15:16:19,324] [sonarr.py:186]             [INFO]     | Skipped: In Cache | 72872                                                                          |
[2022-11-25 15:16:19,324] [sonarr.py:186]             [INFO]     | Skipped: In Cache | 76357                                                                          |
[2022-11-25 15:16:19,326] [sonarr.py:186]             [INFO]     | Skipped: In Cache | 424725                                                                         |
[2022-11-25 15:16:19,326] [sonarr.py:186]             [INFO]     | Skipped: In Cache | 248563                                                                         |
[2022-11-25 15:16:19,326] [sonarr.py:186]             [INFO]     | Skipped: In Cache | 81646                                                                          |
[2022-11-25 15:16:19,327] [sonarr.py:186]             [INFO]     | Skipped: In Cache | 72473                                                                          |
[2022-11-25 15:16:19,327] [sonarr.py:186]             [INFO]     | Skipped: In Cache | 70972                                                                          |
[2022-11-25 15:16:19,327] [sonarr.py:186]             [INFO]     | Skipped: In Cache | 384493                                                                         |
[2022-11-25 15:16:19,327] [sonarr.py:186]             [INFO]     | Skipped: In Cache | 408674                                                                         |
[2022-11-25 15:16:19,327] [sonarr.py:186]             [INFO]     | Skipped: In Cache | 338850                                                                         |
[2022-11-25 15:16:19,327] [sonarr.py:186]             [INFO]     | Skipped: In Cache | 274880                                                                         |
[2022-11-25 15:16:19,327] [sonarr.py:186]             [INFO]     | Skipped: In Cache | 87821                                                                          |
[2022-11-25 15:16:19,327] [sonarr.py:186]             [INFO]     | Skipped: In Cache | 347162                                                                         |
[2022-11-25 15:16:19,327] [sonarr.py:186]             [INFO]     | Skipped: In Cache | 252798                                                                         |
[2022-11-25 15:16:19,327] [sonarr.py:186]             [INFO]     | Skipped: In Cache | 186211                                                                         |
[2022-11-25 15:16:19,327] [sonarr.py:186]             [INFO]     | Skipped: In Cache | 79597                                                                          |
[2022-11-25 15:16:19,328] [sonarr.py:186]             [INFO]     | Skipped: In Cache | 413655                                                                         |
[2022-11-25 15:16:19,328] [sonarr.py:186]             [INFO]     | Skipped: In Cache | 296083                                                                         |
[2022-11-25 15:16:19,328] [sonarr.py:186]             [INFO]     | Skipped: In Cache | 100911                                                                         |
[2022-11-25 15:16:19,328] [sonarr.py:186]             [INFO]     | Skipped: In Cache | 76749                                                                          |
[2022-11-25 15:16:19,328] [sonarr.py:186]             [INFO]     | Skipped: In Cache | 347028                                                                         |
[2022-11-25 15:16:19,329] [sonarr.py:186]             [INFO]     | Skipped: In Cache | 415560                                                                         |
[2022-11-25 15:16:19,329] [sonarr.py:186]             [INFO]     | Skipped: In Cache | 422152                                                                         |
[2022-11-25 15:16:19,329] [sonarr.py:186]             [INFO]     | Skipped: In Cache | 299392                                                                         |
[2022-11-25 15:16:19,329] [sonarr.py:186]             [INFO]     | Skipped: In Cache | 70962                                                                          |
[2022-11-25 15:16:19,329] [sonarr.py:186]             [INFO]     | Skipped: In Cache | 396215                                                                         |
[2022-11-25 15:16:19,329] [sonarr.py:186]             [INFO]     | Skipped: In Cache | 70671                                                                          |
[2022-11-25 15:16:19,329] [sonarr.py:186]             [INFO]     | Skipped: In Cache | 334632                                                                         |
[2022-11-25 15:16:19,329] [sonarr.py:186]             [INFO]     | Skipped: In Cache | 311789                                                                         |
[2022-11-25 15:16:19,329] [sonarr.py:186]             [INFO]     | Skipped: In Cache | 122201                                                                         |
[2022-11-25 15:16:19,329] [sonarr.py:186]             [INFO]     | Skipped: In Cache | 361190                                                                         |
[2022-11-25 15:16:19,329] [sonarr.py:186]             [INFO]     | Skipped: In Cache | 79928                                                                          |
[2022-11-25 15:16:19,329] [sonarr.py:186]             [INFO]     | Skipped: In Cache | 76970                                                                          |
[2022-11-25 15:16:19,330] [sonarr.py:186]             [INFO]     | Skipped: In Cache | 408536                                                                         |
[2022-11-25 15:16:19,330] [sonarr.py:186]             [INFO]     | Skipped: In Cache | 354542                                                                         |
[2022-11-25 15:16:19,330] [sonarr.py:186]             [INFO]     | Skipped: In Cache | 132801                                                                         |
[2022-11-25 15:16:19,330] [sonarr.py:186]             [INFO]     | Skipped: In Cache | 376355                                                                         |
[2022-11-25 15:16:19,330] [sonarr.py:186]             [INFO]     | Skipped: In Cache | 249594                                                                         |
[2022-11-25 15:16:19,330] [sonarr.py:186]             [INFO]     | Skipped: In Cache | 137751                                                                         |
[2022-11-25 15:16:19,330] [sonarr.py:187]             [INFO]     | 151 Series already exist in Sonarr                                                                 |
[2022-11-25 15:16:19,330] [sonarr.py:205]             [INFO]     |                                                                                                    |
[2022-11-25 15:16:19,330] [sonarr.py:206]             [INFO]     | Invalid TVDb ID | [Ray Donovan]                                                                    |
[2022-11-25 15:16:19,330] [sonarr.py:205]             [INFO]     |                                                                                                    |
[2022-11-25 15:16:19,330] [sonarr.py:206]             [INFO]     | Invalid TVDb ID | [Homeland]                                                                       |
[2022-11-25 15:16:19,331] [sonarr.py:205]             [INFO]     |                                                                                                    |
[2022-11-25 15:16:19,331] [sonarr.py:206]             [INFO]     | Invalid TVDb ID | [Kidding]                                                                        |
[2022-11-25 15:16:19,331] [sonarr.py:207]             [INFO]     | 3 Series with Invalid IDs                                                                          |
[2022-11-25 15:16:19,658] [builder.py:2527]           [INFO]     |                                                                                                    |
[2022-11-25 15:16:19,658] [builder.py:2528]           [INFO]     |============================= Updating Details of Showtime Collection ==============================|
[2022-11-25 15:16:19,658] [builder.py:2529]           [INFO]     |                                                                                                    |
[2022-11-25 15:16:19,684] [builder.py:2595]           [INFO]     | Collection Metadata Edits                                                                          |
[2022-11-25 15:16:19,704] [plex_meta_manager.py:736]  [INFO]     |                                                                                                    |
[2022-11-25 15:16:19,704] [plex_meta_manager.py:737]  [INFO]     |====================================================================================================|
[2022-11-25 15:16:19,705] [plex_meta_manager.py:737]  [INFO]     |                                    Finished Showtime Collection                                    |
[2022-11-25 15:16:19,705] [plex_meta_manager.py:737]  [INFO]     |                                    Collection Run Time: 0:00:39                                    |
[2022-11-25 15:16:19,705] [plex_meta_manager.py:737]  [INFO]     |====================================================================================================|
