[2022-11-16 22:26:36,369] [builder.py:193]            [INFO]     |====================================================================================================|
[2022-11-16 22:26:36,369] [builder.py:193]            [INFO]     |                            Oscars Winners 2006 Collection in Old Movies                            |
[2022-11-16 22:26:36,369] [builder.py:193]            [INFO]     |====================================================================================================|
[2022-11-16 22:26:36,369] [builder.py:194]            [INFO]     |                                                                                                    |
[2022-11-16 22:26:36,369] [builder.py:199]            [INFO]     |================================ Building Definition From Templates ================================|
[2022-11-16 22:26:36,369] [builder.py:215]            [DEBUG]    |                                                                                                    |
[2022-11-16 22:26:36,369] [meta.py:210]               [DEBUG]    |================================== Template use_year_collections ===================================|
[2022-11-16 22:26:36,370] [meta.py:451]               [DEBUG]    |                                                                                                    |
[2022-11-16 22:26:36,370] [meta.py:210]               [DEBUG]    |========================================== Template imdb ===========================================|
[2022-11-16 22:26:36,371] [meta.py:451]               [DEBUG]    |                                                                                                    |
[2022-11-16 22:26:36,372] [meta.py:210]               [DEBUG]    |======================================= Template translation =======================================|
[2022-11-16 22:26:36,373] [meta.py:451]               [DEBUG]    |                                                                                                    |
[2022-11-16 22:26:36,376] [meta.py:210]               [DEBUG]    |========================================= Template shared ==========================================|
[2022-11-16 22:26:36,377] [meta.py:451]               [DEBUG]    |                                                                                                    |
[2022-11-16 22:26:36,387] [meta.py:210]               [DEBUG]    |=========================================== Template arr ===========================================|
[2022-11-16 22:26:36,388] [meta.py:451]               [DEBUG]    |                                                                                                    |
[2022-11-16 22:26:36,393] [meta.py:210]               [DEBUG]    |========================================= Template custom ==========================================|
[2022-11-16 22:26:36,394] [meta.py:451]               [DEBUG]    |                                                                                                    |
[2022-11-16 22:26:36,397] [meta.py:512]               [DEBUG]    |                                                                                                    |
[2022-11-16 22:26:36,397] [meta.py:513]               [DEBUG]    |==================================== Final Template Attributes =====================================|
[2022-11-16 22:26:36,397] [meta.py:514]               [DEBUG]    |                                                                                                    |
[2022-11-16 22:26:36,397] [meta.py:515]               [DEBUG]    | {'imdb_list': 'https://www.imdb.com/search/title/?release_date=2006-01-01,2006-12-31&groups=oscar_winner&sort=moviemeter,asc', 'summary': 'Academy Awards (Oscars) Winners for 2006.', 'name': 'Oscars Winners 2006', 'allowed_library_types': ['movie'], 'ignore_blank_results': True, 'collection_mode': 'hide', 'sort_title': '!16_Oscars Winners 2006', 'url_poster': 'https://raw.githubusercontent.com/meisnate12/Plex-Meta-Manager-Images/master/award/oscars/winner/2006.jpg', 'collection_order': 'custom', 'sync_mode': 'sync', 'cache_builders': 1} |
[2022-11-16 22:26:36,397] [meta.py:516]               [DEBUG]    |                                                                                                    |
[2022-11-16 22:26:36,398] [builder.py:223]            [INFO]     |============================ Validating Oscars Winners 2006 Attributes =============================|
[2022-11-16 22:26:36,398] [builder.py:226]            [DEBUG]    |                                                                                                    |
[2022-11-16 22:26:36,398] [builder.py:227]            [DEBUG]    | Validating Method: name                                                                            |
[2022-11-16 22:26:36,398] [builder.py:230]            [DEBUG]    | Value: Oscars Winners 2006                                                                         |
[2022-11-16 22:26:36,398] [builder.py:236]            [DEBUG]    |                                                                                                    |
[2022-11-16 22:26:36,398] [builder.py:237]            [DEBUG]    | Validating Method: allowed_library_types                                                           |
[2022-11-16 22:26:36,398] [builder.py:240]            [DEBUG]    | Value: ['movie']                                                                                   |
[2022-11-16 22:26:36,398] [builder.py:502]            [DEBUG]    |                                                                                                    |
[2022-11-16 22:26:36,398] [builder.py:503]            [DEBUG]    | Validating Method: ignore_blank_results                                                            |
[2022-11-16 22:26:36,398] [builder.py:504]            [DEBUG]    | Value: True                                                                                        |
[2022-11-16 22:26:36,398] [builder.py:516]            [DEBUG]    |                                                                                                    |
[2022-11-16 22:26:36,399] [builder.py:517]            [DEBUG]    | Validating Method: sync_mode                                                                       |
[2022-11-16 22:26:36,399] [builder.py:521]            [DEBUG]    | Value: sync                                                                                        |
[2022-11-16 22:26:36,399] [builder.py:613]            [DEBUG]    |                                                                                                    |
[2022-11-16 22:26:36,399] [builder.py:614]            [DEBUG]    | Validating Method: collection_order                                                                |
[2022-11-16 22:26:36,399] [builder.py:615]            [DEBUG]    | Value: custom                                                                                      |
[2022-11-16 22:26:36,399] [builder.py:646]            [DEBUG]    |                                                                                                    |
[2022-11-16 22:26:36,399] [builder.py:650]            [DEBUG]    | Validating Method: label                                                                           |
[2022-11-16 22:26:36,399] [builder.py:651]            [DEBUG]    | Value: Oscars Winners Awards                                                                       |
[2022-11-16 22:26:36,399] [builder.py:646]            [DEBUG]    |                                                                                                    |
[2022-11-16 22:26:36,399] [builder.py:650]            [DEBUG]    | Validating Method: imdb_list                                                                       |
[2022-11-16 22:26:36,399] [builder.py:651]            [DEBUG]    | Value: https://www.imdb.com/search/title/?release_date=2006-01-01,2006-12-31&groups=oscar_winner&sort=moviemeter,asc |
[2022-11-16 22:26:36,591] [builder.py:646]            [DEBUG]    |                                                                                                    |
[2022-11-16 22:26:36,592] [builder.py:650]            [DEBUG]    | Validating Method: summary                                                                         |
[2022-11-16 22:26:36,592] [builder.py:651]            [DEBUG]    | Value: Academy Awards (Oscars) Winners for 2006.                                                   |
[2022-11-16 22:26:36,592] [builder.py:646]            [DEBUG]    |                                                                                                    |
[2022-11-16 22:26:36,592] [builder.py:650]            [DEBUG]    | Validating Method: collection_mode                                                                 |
[2022-11-16 22:26:36,592] [builder.py:651]            [DEBUG]    | Value: hide                                                                                        |
[2022-11-16 22:26:36,593] [builder.py:646]            [DEBUG]    |                                                                                                    |
[2022-11-16 22:26:36,593] [builder.py:650]            [DEBUG]    | Validating Method: sort_title                                                                      |
[2022-11-16 22:26:36,593] [builder.py:651]            [DEBUG]    | Value: !16_Oscars Winners 2006                                                                     |
[2022-11-16 22:26:36,593] [builder.py:646]            [DEBUG]    |                                                                                                    |
[2022-11-16 22:26:36,593] [builder.py:650]            [DEBUG]    | Validating Method: url_poster                                                                      |
[2022-11-16 22:26:36,593] [builder.py:651]            [DEBUG]    | Value: https://raw.githubusercontent.com/meisnate12/Plex-Meta-Manager-Images/master/award/oscars/winner/2006.jpg |
[2022-11-16 22:26:36,757] [builder.py:646]            [DEBUG]    |                                                                                                    |
[2022-11-16 22:26:36,758] [builder.py:650]            [DEBUG]    | Validating Method: cache_builders                                                                  |
[2022-11-16 22:26:36,758] [builder.py:651]            [DEBUG]    | Value: 1                                                                                           |
[2022-11-16 22:26:36,769] [plex.py:835]               [DEBUG]    |                                                                                                    |
[2022-11-16 22:26:36,770] [plex.py:838]               [DEBUG]    | Looking for: Oscars Winners 2006                                                                   |
[2022-11-16 22:26:36,770] [builder.py:814]            [INFO]     |                                                                                                    |
[2022-11-16 22:26:36,771] [builder.py:815]            [INFO]     | Validation Successful                                                                              |
[2022-11-16 22:26:36,771] [plex_meta_manager.py:594]  [INFO]     |                                                                                                    |
[2022-11-16 22:26:36,774] [plex_meta_manager.py:596]  [INFO]     |============================== Running Oscars Winners 2006 Collection ==============================|
[2022-11-16 22:26:36,774] [plex_meta_manager.py:608]  [INFO]     |                                                                                                    |
[2022-11-16 22:26:36,774] [plex_meta_manager.py:609]  [INFO]     | Sync Mode: sync                                                                                    |
[2022-11-16 22:26:36,774] [plex_meta_manager.py:612]  [DEBUG]    |                                                                                                    |
[2022-11-16 22:26:36,774] [plex_meta_manager.py:613]  [DEBUG]    | Builder: imdb_list: {'url': 'https://www.imdb.com/search/title/?release_date=2006-01-01,2006-12-31&groups=oscar_winner&sort=moviemeter,asc', 'limit': 0} |
[2022-11-16 22:26:36,774] [plex_meta_manager.py:614]  [INFO]     |                                                                                                    |
[2022-11-16 22:26:36,776] [builder.py:1523]           [INFO]     | Builder: imdb_list loaded from Cache                                                               |
[2022-11-16 22:26:36,780] [builder.py:1574]           [DEBUG]    |                                                                                                    |
[2022-11-16 22:26:36,780] [builder.py:1575]           [DEBUG]    | 17 IDs Found                                                                                       |
[2022-11-16 22:26:36,781] [builder.py:1577]           [DEBUG]    |                                                                                                    |
[2022-11-16 22:26:36,833] [builder.py:2158]           [INFO]     |                                                                                                    |
[2022-11-16 22:26:36,834] [builder.py:2159]           [INFO]     |============================= Adding to Oscars Winners 2006 Collection =============================|
[2022-11-16 22:26:36,835] [builder.py:2160]           [INFO]     |                                                                                                    |
[2022-11-16 22:26:36,836] [builder.py:2174]           [INFO]     | 1/2 | Oscars Winners 2006 Collection | + | Pirates of the Caribbean: Dead Man's Chest (2006)       |
[2022-11-16 22:26:36,978] [builder.py:2174]           [INFO]     | 2/2 | Oscars Winners 2006 Collection | + | Letters from Iwo Jima (2006)                            |
[2022-11-16 22:26:41,995] [builder.py:2194]           [INFO]     |                                                                                                    |
[2022-11-16 22:26:41,995] [builder.py:2196]           [INFO]     | 2 Movies Processed 2 Movies Added                                                                  |
[2022-11-16 22:26:41,995] [builder.py:2306]           [INFO]     |                                                                                                    |
[2022-11-16 22:26:41,995] [builder.py:2307]           [INFO]     |============================= Missing Movies from Library: Old Movies ==============================|
[2022-11-16 22:26:41,995] [builder.py:2308]           [INFO]     |                                                                                                    |
[2022-11-16 22:26:42,010] [builder.py:2321]           [INFO]     | Oscars Winners 2006 Collection | ? | The Departed (2006) (TMDb: 1422)                              |
[2022-11-16 22:26:42,022] [builder.py:2321]           [INFO]     | Oscars Winners 2006 Collection | ? | Pan's Labyrinth (2006) (TMDb: 1417)                           |
[2022-11-16 22:26:42,038] [builder.py:2321]           [INFO]     | Oscars Winners 2006 Collection | ? | Little Miss Sunshine (2006) (TMDb: 773)                       |
[2022-11-16 22:26:42,050] [builder.py:2321]           [INFO]     | Oscars Winners 2006 Collection | ? | The Lives of Others (2006) (TMDb: 582)                        |
[2022-11-16 22:26:42,061] [builder.py:2321]           [INFO]     | Oscars Winners 2006 Collection | ? | Babel (2006) (TMDb: 1164)                                     |
[2022-11-16 22:26:42,077] [builder.py:2321]           [INFO]     | Oscars Winners 2006 Collection | ? | Marie Antoinette (2006) (TMDb: 1887)                          |
[2022-11-16 22:26:42,090] [builder.py:2321]           [INFO]     | Oscars Winners 2006 Collection | ? | The Queen (2006) (TMDb: 1165)                                 |
[2022-11-16 22:26:42,105] [builder.py:2321]           [INFO]     | Oscars Winners 2006 Collection | ? | Happy Feet (2006) (TMDb: 9836)                                |
[2022-11-16 22:26:42,127] [builder.py:2321]           [INFO]     | Oscars Winners 2006 Collection | ? | The Last King of Scotland (2006) (TMDb: 1523)                 |
[2022-11-16 22:26:42,149] [builder.py:2321]           [INFO]     | Oscars Winners 2006 Collection | ? | Dreamgirls (2006) (TMDb: 1125)                                |
[2022-11-16 22:26:42,160] [builder.py:2321]           [INFO]     | Oscars Winners 2006 Collection | ? | An Inconvenient Truth (2006) (TMDb: 1781)                     |
[2022-11-16 22:26:42,172] [builder.py:2321]           [INFO]     | Oscars Winners 2006 Collection | ? | Peter & the Wolf (2006) (TMDb: 14518)                         |
[2022-11-16 22:26:42,184] [builder.py:2321]           [INFO]     | Oscars Winners 2006 Collection | ? | The Danish Poet (2006) (TMDb: 38635)                          |
[2022-11-16 22:26:42,195] [builder.py:2321]           [INFO]     | Oscars Winners 2006 Collection | ? | The Mozart of Pickpockets (2006) (TMDb: 116604)               |
[2022-11-16 22:26:42,206] [builder.py:2321]           [INFO]     | Oscars Winners 2006 Collection | ? | The Blood of Yingzhou District (2006) (TMDb: 170057)          |
[2022-11-16 22:26:42,207] [builder.py:2326]           [INFO]     |                                                                                                    |
[2022-11-16 22:26:42,207] [builder.py:2327]           [INFO]     | 15 Movies Missing                                                                                  |
[2022-11-16 22:26:46,009] [builder.py:2527]           [INFO]     |                                                                                                    |
[2022-11-16 22:26:46,010] [builder.py:2528]           [INFO]     |======================== Updating Details of Oscars Winners 2006 Collection ========================|
[2022-11-16 22:26:46,010] [builder.py:2529]           [INFO]     |                                                                                                    |
[2022-11-16 22:26:46,016] [builder.py:2595]           [INFO]     | Collection Metadata Edits                                                                          |
                                                                 | Summary (summary) | Academy Awards (Oscars) Winners for 2006.
                                                                 | Sort Title | !16_Oscars Winners 2006
                                                                 | Label | +Oscars Winners Awards, +PMM
[2022-11-16 22:26:47,640] [builder.py:2599]           [INFO]     | Details: have been updated
[2022-11-16 22:26:47,640] [builder.py:2603]           [INFO]     | 
[2022-11-16 22:26:49,203] [builder.py:2615]           [INFO]     | Collection Mode | hide
[2022-11-16 22:26:50,775] [builder.py:2629]           [INFO]     | Collection Order | custom
[2022-11-16 22:26:50,787] [plex.py:1203]              [WARNING]  | Asset Warning: Asset Directory Not Found and Created: config/Old_Movies/Assets/Oscars Winners 2006
[2022-11-16 22:26:50,787] [util.py:174]               [DEBUG]    | 1 poster found:
[2022-11-16 22:26:50,787] [util.py:176]               [DEBUG]    | Method: url_poster Poster: https://raw.githubusercontent.com/meisnate12/Plex-Meta-Manager-Images/master/award/oscars/winner/2006.jpg
[2022-11-16 22:26:50,917] [library.py:178]            [INFO]     | Detail: asset_directory updated Oscars Winners 2006's poster to [File] config/Old_Movies/Assets/Oscars Winners 2006/poster.jpg
[2022-11-16 22:26:50,959] [builder.py:2686]           [INFO]     | 
[2022-11-16 22:26:50,959] [builder.py:2687]           [INFO]     |============================== Sorting Oscars Winners 2006 Collection ==============================|
[2022-11-16 22:26:50,959] [builder.py:2688]           [INFO]     |                                                                                                    |
[2022-11-16 22:26:50,959] [builder.py:2704]           [INFO]     | Moving Pirates of the Caribbean: Dead Man's Chest (2006) to the beginning                          |
[2022-11-16 22:26:50,985] [builder.py:2704]           [INFO]     | Moving Letters from Iwo Jima (2006) after Pirates of the Caribbean: Dead Man's Chest (2006)        |
[2022-11-16 22:26:51,013] [plex_meta_manager.py:736]  [INFO]     |                                                                                                    |
[2022-11-16 22:26:51,013] [plex_meta_manager.py:737]  [INFO]     |====================================================================================================|
[2022-11-16 22:26:51,013] [plex_meta_manager.py:737]  [INFO]     |                              Finished Oscars Winners 2006 Collection                               |
[2022-11-16 22:26:51,013] [plex_meta_manager.py:737]  [INFO]     |                                    Collection Run Time: 0:00:14                                    |
[2022-11-16 22:26:51,013] [plex_meta_manager.py:737]  [INFO]     |====================================================================================================|
