[2022-11-16 22:17:29,580] [builder.py:193]            [INFO]     |====================================================================================================|
[2022-11-16 22:17:29,580] [builder.py:193]            [INFO]     |                                Cannes 2018 Collection in Old Movies                                |
[2022-11-16 22:17:29,581] [builder.py:193]            [INFO]     |====================================================================================================|
[2022-11-16 22:17:29,581] [builder.py:194]            [INFO]     |                                                                                                    |
[2022-11-16 22:17:29,581] [builder.py:199]            [INFO]     |================================ Building Definition From Templates ================================|
[2022-11-16 22:17:29,581] [builder.py:215]            [DEBUG]    |                                                                                                    |
[2022-11-16 22:17:29,581] [meta.py:210]               [DEBUG]    |================================== Template use_year_collections ===================================|
[2022-11-16 22:17:29,582] [meta.py:451]               [DEBUG]    |                                                                                                    |
[2022-11-16 22:17:29,583] [meta.py:210]               [DEBUG]    |========================================== Template trakt ==========================================|
[2022-11-16 22:17:29,583] [meta.py:451]               [DEBUG]    |                                                                                                    |
[2022-11-16 22:17:29,585] [meta.py:210]               [DEBUG]    |======================================= Template translation =======================================|
[2022-11-16 22:17:29,585] [meta.py:451]               [DEBUG]    |                                                                                                    |
[2022-11-16 22:17:29,588] [meta.py:210]               [DEBUG]    |========================================= Template shared ==========================================|
[2022-11-16 22:17:29,588] [meta.py:451]               [DEBUG]    |                                                                                                    |
[2022-11-16 22:17:29,593] [meta.py:506]               [INFO]     |                                                                                                    |
[2022-11-16 22:17:29,593] [meta.py:507]               [WARNING]  | Template Warning: template attribute: trakt_list from shared skipped                               |
[2022-11-16 22:17:29,602] [meta.py:210]               [DEBUG]    |=========================================== Template arr ===========================================|
[2022-11-16 22:17:29,603] [meta.py:451]               [DEBUG]    |                                                                                                    |
[2022-11-16 22:17:29,612] [meta.py:210]               [DEBUG]    |========================================= Template custom ==========================================|
[2022-11-16 22:17:29,613] [meta.py:451]               [DEBUG]    |                                                                                                    |
[2022-11-16 22:17:29,619] [meta.py:512]               [DEBUG]    |                                                                                                    |
[2022-11-16 22:17:29,619] [meta.py:513]               [DEBUG]    |==================================== Final Template Attributes =====================================|
[2022-11-16 22:17:29,619] [meta.py:514]               [DEBUG]    |                                                                                                    |
[2022-11-16 22:17:29,619] [meta.py:515]               [DEBUG]    | {'trakt_list': 'https://trakt.tv/users/pjcob/lists/2018-cannes', 'summary': '2018 Cannes Awards.', 'name': 'Cannes 2018', 'allowed_library_types': ['movie'], 'ignore_blank_results': True, 'collection_mode': 'hide', 'sort_title': '!16_Cannes 2018', 'url_poster': 'https://raw.githubusercontent.com/meisnate12/Plex-Meta-Manager-Images/master/award/cannes/2018.jpg', 'collection_order': 'custom', 'sync_mode': 'sync', 'cache_builders': 1} |
[2022-11-16 22:17:29,619] [meta.py:516]               [DEBUG]    |                                                                                                    |
[2022-11-16 22:17:29,619] [builder.py:223]            [INFO]     |================================ Validating Cannes 2018 Attributes =================================|
[2022-11-16 22:17:29,619] [builder.py:226]            [DEBUG]    |                                                                                                    |
[2022-11-16 22:17:29,620] [builder.py:227]            [DEBUG]    | Validating Method: name                                                                            |
[2022-11-16 22:17:29,620] [builder.py:230]            [DEBUG]    | Value: Cannes 2018                                                                                 |
[2022-11-16 22:17:29,620] [builder.py:236]            [DEBUG]    |                                                                                                    |
[2022-11-16 22:17:29,620] [builder.py:237]            [DEBUG]    | Validating Method: allowed_library_types                                                           |
[2022-11-16 22:17:29,620] [builder.py:240]            [DEBUG]    | Value: ['movie']                                                                                   |
[2022-11-16 22:17:29,620] [builder.py:502]            [DEBUG]    |                                                                                                    |
[2022-11-16 22:17:29,620] [builder.py:503]            [DEBUG]    | Validating Method: ignore_blank_results                                                            |
[2022-11-16 22:17:29,620] [builder.py:504]            [DEBUG]    | Value: True                                                                                        |
[2022-11-16 22:17:29,620] [builder.py:516]            [DEBUG]    |                                                                                                    |
[2022-11-16 22:17:29,620] [builder.py:517]            [DEBUG]    | Validating Method: sync_mode                                                                       |
[2022-11-16 22:17:29,620] [builder.py:521]            [DEBUG]    | Value: sync                                                                                        |
[2022-11-16 22:17:29,620] [builder.py:613]            [DEBUG]    |                                                                                                    |
[2022-11-16 22:17:29,621] [builder.py:614]            [DEBUG]    | Validating Method: collection_order                                                                |
[2022-11-16 22:17:29,621] [builder.py:615]            [DEBUG]    | Value: custom                                                                                      |
[2022-11-16 22:17:29,621] [builder.py:646]            [DEBUG]    |                                                                                                    |
[2022-11-16 22:17:29,621] [builder.py:650]            [DEBUG]    | Validating Method: label                                                                           |
[2022-11-16 22:17:29,621] [builder.py:651]            [DEBUG]    | Value: Cannes Awards                                                                               |
[2022-11-16 22:17:29,621] [builder.py:646]            [DEBUG]    |                                                                                                    |
[2022-11-16 22:17:29,621] [builder.py:650]            [DEBUG]    | Validating Method: trakt_list                                                                      |
[2022-11-16 22:17:29,621] [builder.py:651]            [DEBUG]    | Value: https://trakt.tv/users/pjcob/lists/2018-cannes                                              |
[2022-11-16 22:17:29,687] [builder.py:646]            [DEBUG]    |                                                                                                    |
[2022-11-16 22:17:29,687] [builder.py:650]            [DEBUG]    | Validating Method: summary                                                                         |
[2022-11-16 22:17:29,688] [builder.py:651]            [DEBUG]    | Value: 2018 Cannes Awards.                                                                         |
[2022-11-16 22:17:29,688] [builder.py:646]            [DEBUG]    |                                                                                                    |
[2022-11-16 22:17:29,688] [builder.py:650]            [DEBUG]    | Validating Method: collection_mode                                                                 |
[2022-11-16 22:17:29,688] [builder.py:651]            [DEBUG]    | Value: hide                                                                                        |
[2022-11-16 22:17:29,688] [builder.py:646]            [DEBUG]    |                                                                                                    |
[2022-11-16 22:17:29,688] [builder.py:650]            [DEBUG]    | Validating Method: sort_title                                                                      |
[2022-11-16 22:17:29,688] [builder.py:651]            [DEBUG]    | Value: !16_Cannes 2018                                                                             |
[2022-11-16 22:17:29,688] [builder.py:646]            [DEBUG]    |                                                                                                    |
[2022-11-16 22:17:29,688] [builder.py:650]            [DEBUG]    | Validating Method: url_poster                                                                      |
[2022-11-16 22:17:29,688] [builder.py:651]            [DEBUG]    | Value: https://raw.githubusercontent.com/meisnate12/Plex-Meta-Manager-Images/master/award/cannes/2018.jpg |
[2022-11-16 22:17:29,800] [builder.py:646]            [DEBUG]    |                                                                                                    |
[2022-11-16 22:17:29,801] [builder.py:650]            [DEBUG]    | Validating Method: cache_builders                                                                  |
[2022-11-16 22:17:29,801] [builder.py:651]            [DEBUG]    | Value: 1                                                                                           |
[2022-11-16 22:17:29,805] [plex.py:835]               [DEBUG]    |                                                                                                    |
[2022-11-16 22:17:29,805] [plex.py:838]               [DEBUG]    | Looking for: Cannes 2018                                                                           |
[2022-11-16 22:17:29,805] [builder.py:814]            [INFO]     |                                                                                                    |
[2022-11-16 22:17:29,805] [builder.py:815]            [INFO]     | Validation Successful                                                                              |
[2022-11-16 22:17:29,806] [plex_meta_manager.py:594]  [INFO]     |                                                                                                    |
[2022-11-16 22:17:29,806] [plex_meta_manager.py:596]  [INFO]     |================================== Running Cannes 2018 Collection ==================================|
[2022-11-16 22:17:29,806] [plex_meta_manager.py:608]  [INFO]     |                                                                                                    |
[2022-11-16 22:17:29,806] [plex_meta_manager.py:609]  [INFO]     | Sync Mode: sync                                                                                    |
[2022-11-16 22:17:29,806] [plex_meta_manager.py:612]  [DEBUG]    |                                                                                                    |
[2022-11-16 22:17:29,806] [plex_meta_manager.py:613]  [DEBUG]    | Builder: trakt_list: https://trakt.tv/users/pjcob/lists/2018-cannes                                |
[2022-11-16 22:17:29,806] [plex_meta_manager.py:614]  [INFO]     |                                                                                                    |
[2022-11-16 22:17:29,807] [builder.py:1523]           [INFO]     | Builder: trakt_list loaded from Cache                                                              |
[2022-11-16 22:17:29,809] [builder.py:1574]           [DEBUG]    |                                                                                                    |
[2022-11-16 22:17:29,809] [builder.py:1575]           [DEBUG]    | 93 IDs Found                                                                                       |
[2022-11-16 22:17:29,809] [builder.py:1577]           [DEBUG]    |                                                                                                    |
[2022-11-16 22:17:29,809] [builder.py:2306]           [INFO]     |                                                                                                    |
[2022-11-16 22:17:29,809] [builder.py:2307]           [INFO]     |============================= Missing Movies from Library: Old Movies ==============================|
[2022-11-16 22:17:29,810] [builder.py:2308]           [INFO]     |                                                                                                    |
[2022-11-16 22:17:29,855] [builder.py:2321]           [INFO]     | Cannes 2018 Collection | ? | BlacKkKlansman (2018) (TMDb: 487558)                                  |
[2022-11-16 22:17:29,878] [builder.py:2321]           [INFO]     | Cannes 2018 Collection | ? | Everybody Knows (2018) (TMDb: 401545)                                 |
[2022-11-16 22:17:29,893] [builder.py:2321]           [INFO]     | Cannes 2018 Collection | ? | Under the Silver Lake (2018) (TMDb: 396461)                           |
[2022-11-16 22:17:29,904] [builder.py:2321]           [INFO]     | Cannes 2018 Collection | ? | Cold War (2018) (TMDb: 440298)                                        |
[2022-11-16 22:17:29,922] [builder.py:2321]           [INFO]     | Cannes 2018 Collection | ? | Shoplifters (2018) (TMDb: 505192)                                     |
[2022-11-16 22:17:29,935] [builder.py:2321]           [INFO]     | Cannes 2018 Collection | ? | Burning (2018) (TMDb: 491584)                                         |
[2022-11-16 22:17:29,947] [builder.py:2321]           [INFO]     | Cannes 2018 Collection | ? | Happy as Lazzaro (2018) (TMDb: 481432)                                |
[2022-11-16 22:17:29,963] [builder.py:2321]           [INFO]     | Cannes 2018 Collection | ? | Dogman (2018) (TMDb: 483184)                                          |
[2022-11-16 22:17:29,976] [builder.py:2321]           [INFO]     | Cannes 2018 Collection | ? | Ayka (2019) (TMDb: 519185)                                            |
[2022-11-16 22:17:29,988] [builder.py:2321]           [INFO]     | Cannes 2018 Collection | ? | Capernaum (2018) (TMDb: 517814)                                       |
[2022-11-16 22:17:29,999] [builder.py:2321]           [INFO]     | Cannes 2018 Collection | ? | 3 Faces (2018) (TMDb: 517731)                                         |
[2022-11-16 22:17:30,011] [builder.py:2321]           [INFO]     | Cannes 2018 Collection | ? | The Wild Pear Tree (2018) (TMDb: 418472)                              |
[2022-11-16 22:17:30,021] [builder.py:2321]           [INFO]     | Cannes 2018 Collection | ? | Leto (2018) (TMDb: 502897)                                            |
[2022-11-16 22:17:30,030] [builder.py:2321]           [INFO]     | Cannes 2018 Collection | ? | The Image Book (2018) (TMDb: 414030)                                  |
[2022-11-16 22:17:30,045] [builder.py:2321]           [INFO]     | Cannes 2018 Collection | ? | At War (2018) (TMDb: 485162)                                          |
[2022-11-16 22:17:30,055] [builder.py:2321]           [INFO]     | Cannes 2018 Collection | ? | Girls of the Sun (2018) (TMDb: 479520)                                |
[2022-11-16 22:17:30,067] [builder.py:2321]           [INFO]     | Cannes 2018 Collection | ? | Knife+Heart (2018) (TMDb: 475930)                                     |
[2022-11-16 22:17:30,078] [builder.py:2321]           [INFO]     | Cannes 2018 Collection | ? | Yomeddine (2018) (TMDb: 517286)                                       |
[2022-11-16 22:17:30,096] [builder.py:2321]           [INFO]     | Cannes 2018 Collection | ? | Asako I & II (2018) (TMDb: 487850)                                    |
[2022-11-16 22:17:30,107] [builder.py:2321]           [INFO]     | Cannes 2018 Collection | ? | Ash Is Purest White (2018) (TMDb: 441393)                             |
[2022-11-16 22:17:30,122] [builder.py:2321]           [INFO]     | Cannes 2018 Collection | ? | Sorry Angel (2018) (TMDb: 485189)                                     |
[2022-11-16 22:17:30,135] [builder.py:2321]           [INFO]     | Cannes 2018 Collection | ? | Girl (2018) (TMDb: 515916)                                            |
[2022-11-16 22:17:30,150] [builder.py:2321]           [INFO]     | Cannes 2018 Collection | ? | Border (2018) (TMDb: 517839)                                          |
[2022-11-16 22:17:30,179] [builder.py:2321]           [INFO]     | Cannes 2018 Collection | ? | Donbass (2018) (TMDb: 519187)                                         |
[2022-11-16 22:17:30,195] [builder.py:2321]           [INFO]     | Cannes 2018 Collection | ? | Sofia (2018) (TMDb: 517963)                                           |
[2022-11-16 22:17:30,206] [builder.py:2321]           [INFO]     | Cannes 2018 Collection | ? | The Dead and the Others (2019) (TMDb: 519241)                         |
[2022-11-16 22:17:30,216] [builder.py:2321]           [INFO]     | Cannes 2018 Collection | ? | Angel Face (2018) (TMDb: 489170)                                      |
[2022-11-16 22:17:30,229] [builder.py:2321]           [INFO]     | Cannes 2018 Collection | ? | Little Tickles (2018) (TMDb: 484747)                                  |
[2022-11-16 22:17:30,239] [builder.py:2321]           [INFO]     | Cannes 2018 Collection | ? | Sextape (2018) (TMDb: 517982)                                         |
[2022-11-16 22:17:30,251] [builder.py:2321]           [INFO]     | Cannes 2018 Collection | ? | My Favourite Fabric (2018) (TMDb: 515049)                             |
[2022-11-16 22:17:30,262] [builder.py:2321]           [INFO]     | Cannes 2018 Collection | ? | In My Room (2018) (TMDb: 488453)                                      |
[2022-11-16 22:17:30,275] [builder.py:2321]           [INFO]     | Cannes 2018 Collection | ? | Euphoria (2018) (TMDb: 517940)                                        |
[2022-11-16 22:17:30,298] [builder.py:2321]           [INFO]     | Cannes 2018 Collection | ? | El Angel (2018) (TMDb: 507505)                                        |
[2022-11-16 22:17:30,314] [builder.py:2321]           [INFO]     | Cannes 2018 Collection | ? | Night God (2018) (TMDb: 515594)                                       |
[2022-11-16 22:17:30,324] [builder.py:2321]           [INFO]     | Cannes 2018 Collection | ? | The Harvesters (2018) (TMDb: 517978)                                  |
[2022-11-16 22:17:30,333] [builder.py:2321]           [INFO]     | Cannes 2018 Collection | ? | Rafiki (2009) (TMDb: 160498)                                          |
[2022-11-16 22:17:30,343] [builder.py:2321]           [INFO]     | Cannes 2018 Collection | ? | Manto (2018) (TMDb: 517975)                                           |
[2022-11-16 22:17:30,355] [builder.py:2321]           [INFO]     | Cannes 2018 Collection | ? | Long Day's Journey into Night (2018) (TMDb: 486898)                   |
[2022-11-16 22:17:30,365] [builder.py:2321]           [INFO]     | Cannes 2018 Collection | ? | Leave No Trace (2018) (TMDb: 443463)                                  |
[2022-11-16 22:17:30,375] [builder.py:2321]           [INFO]     | Cannes 2018 Collection | ? | The Spy Gone North (2018) (TMDb: 517991)                              |
[2022-11-16 22:17:30,394] [builder.py:2321]           [INFO]     | Cannes 2018 Collection | ? | Sink or Swim (2018) (TMDb: 484482)                                    |
[2022-11-16 22:17:30,404] [builder.py:2321]           [INFO]     | Cannes 2018 Collection | ? | Arctic (2018) (TMDb: 453755)                                          |
[2022-11-16 22:17:30,414] [builder.py:2321]           [INFO]     | Cannes 2018 Collection | ? | The Man Who Killed Don Quixote (2018) (TMDb: 297725)                  |
[2022-11-16 22:17:30,425] [builder.py:2321]           [INFO]     | Cannes 2018 Collection | ? | The House That Jack Built (2018) (TMDb: 398173)                       |
[2022-11-16 22:17:30,436] [builder.py:2321]           [INFO]     | Cannes 2018 Collection | ? | Fahrenheit 451 (2018) (TMDb: 401905)                                  |
[2022-11-16 22:17:30,448] [builder.py:2321]           [INFO]     | Cannes 2018 Collection | ? | Whitney (2018) (TMDb: 507256)                                         |
[2022-11-16 22:17:30,460] [builder.py:2321]           [INFO]     | Cannes 2018 Collection | ? | Climax (2018) (TMDb: 507076)                                          |
[2022-11-16 22:17:30,473] [builder.py:2321]           [INFO]     | Cannes 2018 Collection | ? | The Trouble with You (2018) (TMDb: 519106)                            |
[2022-11-16 22:17:30,484] [builder.py:2321]           [INFO]     | Cannes 2018 Collection | ? | Lucia's Grace (2018) (TMDb: 519120)                                   |
[2022-11-16 22:17:30,495] [builder.py:2321]           [INFO]     | Cannes 2018 Collection | ? | Mandy (2018) (TMDb: 460885)                                           |
[2022-11-16 22:17:30,512] [builder.py:2321]           [INFO]     | Cannes 2018 Collection | ? | Amin (2018) (TMDb: 510641)                                            |
[2022-11-16 22:17:30,528] [builder.py:2321]           [INFO]     | Cannes 2018 Collection | ? | The World Is Yours (2018) (TMDb: 504603)                              |
[2022-11-16 22:17:30,543] [builder.py:2321]           [INFO]     | Cannes 2018 Collection | ? | To the Ends of the World (2018) (TMDb: 478508)                        |
[2022-11-16 22:17:30,554] [builder.py:2321]           [INFO]     | Cannes 2018 Collection | ? | Treat Me Like Fire (2018) (TMDb: 485098)                              |
[2022-11-16 22:17:30,565] [builder.py:2321]           [INFO]     | Cannes 2018 Collection | ? | Samouni Road (2018) (TMDb: 519112)                                    |
[2022-11-16 22:17:30,576] [builder.py:2321]           [INFO]     | Cannes 2018 Collection | ? | The Load (2019) (TMDb: 519116)                                        |
[2022-11-16 22:17:30,587] [builder.py:2321]           [INFO]     | Cannes 2018 Collection | ? | Petra (2018) (TMDb: 449020)                                           |
[2022-11-16 22:17:30,597] [builder.py:2321]           [INFO]     | Cannes 2018 Collection | ? | Carmen & Lola (2018) (TMDb: 519091)                                   |
[2022-11-16 22:17:30,609] [builder.py:2321]           [INFO]     | Cannes 2018 Collection | ? | The Silences (2019) (TMDb: 519121)                                    |
[2022-11-16 22:17:30,620] [builder.py:2321]           [INFO]     | Cannes 2018 Collection | ? | Birds of Passage (2018) (TMDb: 438146)                                |
[2022-11-16 22:17:30,630] [builder.py:2321]           [INFO]     | Cannes 2018 Collection | ? | The Snatch Thief (2018) (TMDb: 518749)                                |
[2022-11-16 22:17:30,642] [builder.py:2321]           [INFO]     | Cannes 2018 Collection | ? | Buy Me a Gun (2018) (TMDb: 519101)                                    |
[2022-11-16 22:17:30,658] [builder.py:2321]           [INFO]     | Cannes 2018 Collection | ? | Dear Son (2018) (TMDb: 517288)                                        |
[2022-11-16 22:17:30,670] [builder.py:2321]           [INFO]     | Cannes 2018 Collection | ? | Mirai (2018) (TMDb: 475215)                                           |
[2022-11-16 22:17:30,697] [builder.py:2321]           [INFO]     | Cannes 2018 Collection | ? | The Pluto Moment (2018) (TMDb: 519107)                                |
[2022-11-16 22:17:30,709] [builder.py:2321]           [INFO]     | Cannes 2018 Collection | ? | Wildlife (2018) (TMDb: 417812)                                        |
[2022-11-16 22:17:30,720] [builder.py:2321]           [INFO]     | Cannes 2018 Collection | ? | Diamantino (2018) (TMDb: 518495)                                      |
[2022-11-16 22:17:30,735] [builder.py:2321]           [INFO]     | Cannes 2018 Collection | ? | Woman at War (2018) (TMDb: 348657)                                    |
[2022-11-16 22:17:30,747] [builder.py:2321]           [INFO]     | Cannes 2018 Collection | ? | Sauvage (2018) (TMDb: 518496)                                         |
[2022-11-16 22:17:30,762] [builder.py:2321]           [INFO]     | Cannes 2018 Collection | ? | One Day (2018) (TMDb: 518490)                                         |
[2022-11-16 22:17:30,773] [builder.py:2321]           [INFO]     | Cannes 2018 Collection | ? | Guy (2018) (TMDb: 518668)                                             |
[2022-11-16 22:17:30,782] [builder.py:2321]           [INFO]     | Cannes 2018 Collection | ? | Shéhérazade (2018) (TMDb: 518671)                                     |
[2022-11-16 22:17:30,801] [builder.py:2321]           [INFO]     | Cannes 2018 Collection | ? | Our Struggles (2018) (TMDb: 514577)                                   |
[2022-11-16 22:17:30,816] [builder.py:2321]           [INFO]     | Cannes 2018 Collection | ? | Chris the Swiss (2018) (TMDb: 501547)                                 |
[2022-11-16 22:17:30,840] [builder.py:2321]           [INFO]     | Cannes 2018 Collection | ? | Fugue (2018) (TMDb: 493775)                                           |
[2022-11-16 22:17:30,855] [builder.py:2321]           [INFO]     | Cannes 2018 Collection | ? | Sir (2018) (TMDb: 518497)                                             |
[2022-11-16 22:17:30,869] [builder.py:2321]           [INFO]     | Cannes 2018 Collection | ? | Pope Francis: A Man of His Word (2018) (TMDb: 505205)                 |
[2022-11-16 22:17:30,880] [builder.py:2321]           [INFO]     | Cannes 2018 Collection | ? | On the Road in France (2018) (TMDb: 517955)                           |
[2022-11-16 22:17:30,890] [builder.py:2321]           [INFO]     | Cannes 2018 Collection | ? | The State Against Mandela and the Others (2018) (TMDb: 517952)        |
[2022-11-16 22:17:30,902] [builder.py:2321]           [INFO]     | Cannes 2018 Collection | ? | To the Four Winds (2018) (TMDb: 517993)                               |
[2022-11-16 22:17:30,904] [builder.py:2321]           [INFO]     | Cannes 2018 Collection | ? | Another Day of Life (2018) (TMDb: 378107)                             |
[2022-11-16 22:17:30,920] [builder.py:2321]           [INFO]     | Cannes 2018 Collection | ? | The Great Mystical Circus (2018) (TMDb: 397113)                       |
[2022-11-16 22:17:30,940] [builder.py:2321]           [INFO]     | Cannes 2018 Collection | ? | Dead Souls (2018) (TMDb: 517772)                                      |
[2022-11-16 22:17:30,952] [builder.py:2321]           [INFO]     | Cannes 2018 Collection | ? | Ten Years Thailand (2018) (TMDb: 500900)                              |
[2022-11-16 22:17:30,963] [builder.py:2321]           [INFO]     | Cannes 2018 Collection | ? | Caroline (2018) (TMDb: 504263)                                        |
[2022-11-16 22:17:30,990] [builder.py:2321]           [INFO]     | Cannes 2018 Collection | ? | All These Creatures (2018) (TMDb: 517667)                             |
[2022-11-16 22:17:31,005] [builder.py:2321]           [INFO]     | Cannes 2018 Collection | ? | Gabriel (2018) (TMDb: 517656)                                         |
[2022-11-16 22:17:31,016] [builder.py:2321]           [INFO]     | Cannes 2018 Collection | ? | Impossible Figures and Other Stories III (2018) (TMDb: 517663)        |
[2022-11-16 22:17:31,027] [builder.py:2321]           [INFO]     | Cannes 2018 Collection | ? | Umbra (2018) (TMDb: 517659)                                           |
[2022-11-16 22:17:31,040] [builder.py:2321]           [INFO]     | Cannes 2018 Collection | ? | Duality (2018) (TMDb: 517665)                                         |
[2022-11-16 22:17:31,052] [builder.py:2321]           [INFO]     | Cannes 2018 Collection | ? | On the Border (2018) (TMDb: 517666)                                   |
[2022-11-16 22:17:31,064] [builder.py:2321]           [INFO]     | Cannes 2018 Collection | ? | Judgement (2018) (TMDb: 517651)                                       |
[2022-11-16 22:17:31,065] [builder.py:2326]           [INFO]     |                                                                                                    |
[2022-11-16 22:17:31,065] [builder.py:2327]           [INFO]     | 92 Movies Missing                                                                                  |
[2022-11-16 22:17:35,427] [plex_meta_manager.py:652]  [INFO]     |                                                                                                    |
[2022-11-16 22:17:35,428] [plex_meta_manager.py:653]  [INFO]     | Collection Minimum: 2 not met for Cannes 2018 Collection                                           |
[2022-11-16 22:17:35,428] [plex_meta_manager.py:736]  [INFO]     |                                                                                                    |
[2022-11-16 22:17:35,428] [plex_meta_manager.py:737]  [INFO]     |====================================================================================================|
[2022-11-16 22:17:35,428] [plex_meta_manager.py:737]  [INFO]     |                                  Finished Cannes 2018 Collection                                   |
[2022-11-16 22:17:35,428] [plex_meta_manager.py:737]  [INFO]     |                                    Collection Run Time: 0:00:05                                    |
[2022-11-16 22:17:35,428] [plex_meta_manager.py:737]  [INFO]     |====================================================================================================|
