[2022-11-16 20:39:45,729] [builder.py:193]            [INFO]     |====================================================================================================|
[2022-11-16 20:39:45,729] [builder.py:193]            [INFO]     |                               John Cleese Collection in Kids Movies                                |
[2022-11-16 20:39:45,729] [builder.py:193]            [INFO]     |====================================================================================================|
[2022-11-16 20:39:45,729] [builder.py:194]            [INFO]     |                                                                                                    |
[2022-11-16 20:39:45,729] [builder.py:199]            [INFO]     |================================ Building Definition From Templates ================================|
[2022-11-16 20:39:45,729] [builder.py:215]            [DEBUG]    |                                                                                                    |
[2022-11-16 20:39:45,729] [meta.py:210]               [DEBUG]    |====================================== Template smart_filter =======================================|
[2022-11-16 20:39:45,730] [meta.py:451]               [DEBUG]    |                                                                                                    |
[2022-11-16 20:39:45,735] [meta.py:210]               [DEBUG]    |======================================= Template translation =======================================|
[2022-11-16 20:39:45,735] [meta.py:451]               [DEBUG]    |                                                                                                    |
[2022-11-16 20:39:45,738] [meta.py:210]               [DEBUG]    |========================================= Template shared ==========================================|
[2022-11-16 20:39:45,739] [meta.py:451]               [DEBUG]    |                                                                                                    |
[2022-11-16 20:39:45,749] [meta.py:512]               [DEBUG]    |                                                                                                    |
[2022-11-16 20:39:45,749] [meta.py:513]               [DEBUG]    |==================================== Final Template Attributes =====================================|
[2022-11-16 20:39:45,749] [meta.py:514]               [DEBUG]    |                                                                                                    |
[2022-11-16 20:39:45,750] [meta.py:515]               [DEBUG]    | {'tmdb_person': ['John Cleese'], 'smart_filter': {'sort_by': 'title.asc', 'any': {'actor': 'tmdb'}}, 'summary': 'Movies with John Cleese.', 'name': 'John Cleese', 'ignore_blank_results': True, 'collection_mode': 'hide', 'sort_title': '!17_John Cleese', 'url_poster': 'https://raw.githubusercontent.com/meisnate12/Plex-Meta-Manager-Images/master/people/rainier/John%20Cleese.jpg'} |
[2022-11-16 20:39:45,750] [meta.py:516]               [DEBUG]    |                                                                                                    |
[2022-11-16 20:39:45,750] [builder.py:223]            [INFO]     |================================ Validating John Cleese Attributes =================================|
[2022-11-16 20:39:45,750] [builder.py:226]            [DEBUG]    |                                                                                                    |
[2022-11-16 20:39:45,750] [builder.py:227]            [DEBUG]    | Validating Method: name                                                                            |
[2022-11-16 20:39:45,750] [builder.py:230]            [DEBUG]    | Value: John Cleese                                                                                 |
[2022-11-16 20:39:45,750] [builder.py:502]            [DEBUG]    |                                                                                                    |
[2022-11-16 20:39:45,750] [builder.py:503]            [DEBUG]    | Validating Method: ignore_blank_results                                                            |
[2022-11-16 20:39:45,750] [builder.py:504]            [DEBUG]    | Value: True                                                                                        |
[2022-11-16 20:39:45,751] [builder.py:528]            [DEBUG]    |                                                                                                    |
[2022-11-16 20:39:45,751] [builder.py:529]            [DEBUG]    | Validating Method: tmdb_person                                                                     |
[2022-11-16 20:39:45,751] [builder.py:533]            [DEBUG]    | Value: ['John Cleese']                                                                             |
[2022-11-16 20:39:46,787] [builder.py:1784]           [INFO]     |                                                                                                    |
[2022-11-16 20:39:46,787] [builder.py:1785]           [INFO]     | Validating Method: smart_filter                                                                    |
[2022-11-16 20:39:46,787] [builder.py:1791]           [DEBUG]    | Value: {'sort_by': 'title.asc', 'any': {'actor': 'tmdb'}}                                          |
[2022-11-16 20:39:47,160] [builder.py:1978]           [DEBUG]    | Smart URL: ?type=1&sort=titleSort&push=1&actor=4652&pop=1                                          |
[2022-11-16 20:39:47,160] [builder.py:646]            [DEBUG]    |                                                                                                    |
[2022-11-16 20:39:47,160] [builder.py:650]            [DEBUG]    | Validating Method: label                                                                           |
[2022-11-16 20:39:47,160] [builder.py:651]            [DEBUG]    | Value: Top Actors                                                                                  |
[2022-11-16 20:39:47,161] [builder.py:646]            [DEBUG]    |                                                                                                    |
[2022-11-16 20:39:47,161] [builder.py:650]            [DEBUG]    | Validating Method: summary                                                                         |
[2022-11-16 20:39:47,161] [builder.py:651]            [DEBUG]    | Value: Movies with John Cleese.                                                                    |
[2022-11-16 20:39:47,161] [builder.py:646]            [DEBUG]    |                                                                                                    |
[2022-11-16 20:39:47,161] [builder.py:650]            [DEBUG]    | Validating Method: collection_mode                                                                 |
[2022-11-16 20:39:47,161] [builder.py:651]            [DEBUG]    | Value: hide                                                                                        |
[2022-11-16 20:39:47,161] [builder.py:646]            [DEBUG]    |                                                                                                    |
[2022-11-16 20:39:47,161] [builder.py:650]            [DEBUG]    | Validating Method: sort_title                                                                      |
[2022-11-16 20:39:47,161] [builder.py:651]            [DEBUG]    | Value: !17_John Cleese                                                                             |
[2022-11-16 20:39:47,161] [builder.py:646]            [DEBUG]    |                                                                                                    |
[2022-11-16 20:39:47,161] [builder.py:650]            [DEBUG]    | Validating Method: url_poster                                                                      |
[2022-11-16 20:39:47,161] [builder.py:651]            [DEBUG]    | Value: https://raw.githubusercontent.com/meisnate12/Plex-Meta-Manager-Images/master/people/rainier/John%20Cleese.jpg |
[2022-11-16 20:39:47,414] [plex.py:835]               [DEBUG]    |                                                                                                    |
[2022-11-16 20:39:47,414] [plex.py:838]               [DEBUG]    | Looking for: John Cleese                                                                           |
[2022-11-16 20:39:47,415] [builder.py:814]            [INFO]     |                                                                                                    |
[2022-11-16 20:39:47,415] [builder.py:815]            [INFO]     | Validation Successful                                                                              |
[2022-11-16 20:39:47,416] [plex_meta_manager.py:594]  [INFO]     |                                                                                                    |
[2022-11-16 20:39:47,416] [plex_meta_manager.py:596]  [INFO]     |================================== Running John Cleese Collection ==================================|
[2022-11-16 20:39:47,416] [plex_meta_manager.py:602]  [INFO]     |                                                                                                    |
[2022-11-16 20:39:47,417] [plex_meta_manager.py:603]  [INFO]     | Smart Movie Filter                                                                                 |
                                                                 | Sort By: ['title.asc']
                                                                 | Filter:
                                                                 |   Match any of the following:
                                                                 |     Actor is John Cleese
[2022-11-16 20:39:47,509] [builder.py:2509]           [DEBUG]    | Smart Collection Created: ?type=1&sort=titleSort&push=1&actor=4652&pop=1
[2022-11-16 20:39:47,515] [builder.py:2527]           [INFO]     | 
[2022-11-16 20:39:47,515] [builder.py:2528]           [INFO]     |============================ Updating Details of John Cleese Collection ============================|
[2022-11-16 20:39:47,515] [builder.py:2529]           [INFO]     |                                                                                                    |
[2022-11-16 20:39:47,522] [builder.py:2595]           [INFO]     | Collection Metadata Edits                                                                          |
                                                                 | Summary (summary) | Movies with John Cleese. 
                                                                 | Sort Title | !17_John Cleese
                                                                 | Label | +Top Actors, +PMM
[2022-11-16 20:39:49,234] [builder.py:2599]           [INFO]     | Details: have been updated
[2022-11-16 20:39:49,234] [builder.py:2603]           [INFO]     | 
[2022-11-16 20:39:50,930] [builder.py:2615]           [INFO]     | Collection Mode | hide
[2022-11-16 20:39:50,937] [plex.py:1203]              [WARNING]  | Asset Warning: Asset Directory Not Found and Created: config/Kids_Movies/Assets/John Cleese
[2022-11-16 20:39:50,937] [util.py:174]               [DEBUG]    | 2 posters found:
[2022-11-16 20:39:50,937] [util.py:176]               [DEBUG]    | Method: tmdb_person Poster: https://image.tmdb.org/t/p/original/nQpBf77cStmR35V0XOinm2zZMWG.jpg
[2022-11-16 20:39:50,938] [util.py:176]               [DEBUG]    | Method: url_poster Poster: https://raw.githubusercontent.com/meisnate12/Plex-Meta-Manager-Images/master/people/rainier/John%20Cleese.jpg
[2022-11-16 20:39:51,258] [library.py:178]            [INFO]     | Detail: asset_directory updated John Cleese's poster to [File] config/Kids_Movies/Assets/John Cleese/poster.jpg
[2022-11-16 20:39:51,353] [plex_meta_manager.py:736]  [INFO]     | 
[2022-11-16 20:39:51,353] [plex_meta_manager.py:737]  [INFO]     |====================================================================================================|
[2022-11-16 20:39:51,353] [plex_meta_manager.py:737]  [INFO]     |                                  Finished John Cleese Collection                                   |
[2022-11-16 20:39:51,353] [plex_meta_manager.py:737]  [INFO]     |                                    Collection Run Time: 0:00:05                                    |
[2022-11-16 20:39:51,354] [plex_meta_manager.py:737]  [INFO]     |====================================================================================================|
