[2022-11-16 23:45:59,443] [builder.py:193]            [INFO]     |====================================================================================================|
[2022-11-16 23:45:59,444] [builder.py:193]            [INFO]     |                            Joe Roth (Producer) Collection in New Movies                            |
[2022-11-16 23:45:59,444] [builder.py:193]            [INFO]     |====================================================================================================|
[2022-11-16 23:45:59,444] [builder.py:194]            [INFO]     |                                                                                                    |
[2022-11-16 23:45:59,444] [builder.py:199]            [INFO]     |================================ Building Definition From Templates ================================|
[2022-11-16 23:45:59,444] [builder.py:215]            [DEBUG]    |                                                                                                    |
[2022-11-16 23:45:59,445] [meta.py:210]               [DEBUG]    |====================================== Template smart_filter =======================================|
[2022-11-16 23:45:59,449] [meta.py:451]               [DEBUG]    |                                                                                                    |
[2022-11-16 23:45:59,459] [meta.py:210]               [DEBUG]    |======================================= Template translation =======================================|
[2022-11-16 23:45:59,460] [meta.py:451]               [DEBUG]    |                                                                                                    |
[2022-11-16 23:45:59,469] [meta.py:210]               [DEBUG]    |========================================= Template shared ==========================================|
[2022-11-16 23:45:59,471] [meta.py:451]               [DEBUG]    |                                                                                                    |
[2022-11-16 23:45:59,492] [meta.py:512]               [DEBUG]    |                                                                                                    |
[2022-11-16 23:45:59,492] [meta.py:513]               [DEBUG]    |==================================== Final Template Attributes =====================================|
[2022-11-16 23:45:59,493] [meta.py:514]               [DEBUG]    |                                                                                                    |
[2022-11-16 23:45:59,493] [meta.py:515]               [DEBUG]    | {'tmdb_person': ['Joe Roth'], 'smart_filter': {'sort_by': 'title.asc', 'any': {'producer': 'tmdb'}}, 'summary': 'Movies produced by Joe Roth.', 'name': 'Joe Roth (Producer)', 'ignore_blank_results': True, 'collection_mode': 'hide', 'sort_title': '!19_Joe Roth (Producer)', 'url_poster': 'https://raw.githubusercontent.com/meisnate12/Plex-Meta-Manager-Images/master/people/rainier/Joe%20Roth.jpg'} |
[2022-11-16 23:45:59,494] [meta.py:516]               [DEBUG]    |                                                                                                    |
[2022-11-16 23:45:59,495] [builder.py:223]            [INFO]     |============================ Validating Joe Roth (Producer) Attributes =============================|
[2022-11-16 23:45:59,495] [builder.py:226]            [DEBUG]    |                                                                                                    |
[2022-11-16 23:45:59,496] [builder.py:227]            [DEBUG]    | Validating Method: name                                                                            |
[2022-11-16 23:45:59,496] [builder.py:230]            [DEBUG]    | Value: Joe Roth (Producer)                                                                         |
[2022-11-16 23:45:59,496] [builder.py:502]            [DEBUG]    |                                                                                                    |
[2022-11-16 23:45:59,496] [builder.py:503]            [DEBUG]    | Validating Method: ignore_blank_results                                                            |
[2022-11-16 23:45:59,496] [builder.py:504]            [DEBUG]    | Value: True                                                                                        |
[2022-11-16 23:45:59,497] [builder.py:528]            [DEBUG]    |                                                                                                    |
[2022-11-16 23:45:59,497] [builder.py:529]            [DEBUG]    | Validating Method: tmdb_person                                                                     |
[2022-11-16 23:45:59,497] [builder.py:533]            [DEBUG]    | Value: ['Joe Roth']                                                                                |
[2022-11-16 23:45:59,554] [builder.py:1784]           [INFO]     |                                                                                                    |
[2022-11-16 23:45:59,554] [builder.py:1785]           [INFO]     | Validating Method: smart_filter                                                                    |
[2022-11-16 23:45:59,555] [builder.py:1791]           [DEBUG]    | Value: {'sort_by': 'title.asc', 'any': {'producer': 'tmdb'}}                                       |
[2022-11-16 23:45:59,619] [builder.py:1978]           [DEBUG]    | Smart URL: ?type=1&sort=titleSort&push=1&producer=34275&pop=1                                      |
[2022-11-16 23:45:59,620] [builder.py:646]            [DEBUG]    |                                                                                                    |
[2022-11-16 23:45:59,620] [builder.py:650]            [DEBUG]    | Validating Method: label                                                                           |
[2022-11-16 23:45:59,620] [builder.py:651]            [DEBUG]    | Value: Top Producers                                                                               |
[2022-11-16 23:45:59,620] [builder.py:646]            [DEBUG]    |                                                                                                    |
[2022-11-16 23:45:59,620] [builder.py:650]            [DEBUG]    | Validating Method: summary                                                                         |
[2022-11-16 23:45:59,620] [builder.py:651]            [DEBUG]    | Value: Movies produced by Joe Roth.                                                                |
[2022-11-16 23:45:59,620] [builder.py:646]            [DEBUG]    |                                                                                                    |
[2022-11-16 23:45:59,621] [builder.py:650]            [DEBUG]    | Validating Method: collection_mode                                                                 |
[2022-11-16 23:45:59,621] [builder.py:651]            [DEBUG]    | Value: hide                                                                                        |
[2022-11-16 23:45:59,621] [builder.py:646]            [DEBUG]    |                                                                                                    |
[2022-11-16 23:45:59,621] [builder.py:650]            [DEBUG]    | Validating Method: sort_title                                                                      |
[2022-11-16 23:45:59,621] [builder.py:651]            [DEBUG]    | Value: !19_Joe Roth (Producer)                                                                     |
[2022-11-16 23:45:59,621] [builder.py:646]            [DEBUG]    |                                                                                                    |
[2022-11-16 23:45:59,621] [builder.py:650]            [DEBUG]    | Validating Method: url_poster                                                                      |
[2022-11-16 23:45:59,621] [builder.py:651]            [DEBUG]    | Value: https://raw.githubusercontent.com/meisnate12/Plex-Meta-Manager-Images/master/people/rainier/Joe%20Roth.jpg |
[2022-11-16 23:45:59,909] [plex.py:835]               [DEBUG]    |                                                                                                    |
[2022-11-16 23:45:59,910] [plex.py:838]               [DEBUG]    | Looking for: Joe Roth (Producer)                                                                   |
[2022-11-16 23:45:59,910] [builder.py:814]            [INFO]     |                                                                                                    |
[2022-11-16 23:45:59,910] [builder.py:815]            [INFO]     | Validation Successful                                                                              |
[2022-11-16 23:45:59,910] [plex_meta_manager.py:594]  [INFO]     |                                                                                                    |
[2022-11-16 23:45:59,910] [plex_meta_manager.py:596]  [INFO]     |============================== Running Joe Roth (Producer) Collection ==============================|
[2022-11-16 23:45:59,910] [plex_meta_manager.py:602]  [INFO]     |                                                                                                    |
[2022-11-16 23:45:59,910] [plex_meta_manager.py:603]  [INFO]     | Smart Movie Filter                                                                                 |
                                                                 | Sort By: ['title.asc']
                                                                 | Filter:
                                                                 |   Match any of the following:
                                                                 |     Producer is Joe Roth
[2022-11-16 23:45:59,934] [builder.py:2509]           [DEBUG]    | Smart Collection Created: ?type=1&sort=titleSort&push=1&producer=34275&pop=1
[2022-11-16 23:45:59,938] [builder.py:2527]           [INFO]     | 
[2022-11-16 23:45:59,939] [builder.py:2528]           [INFO]     |======================== Updating Details of Joe Roth (Producer) Collection ========================|
[2022-11-16 23:45:59,939] [builder.py:2529]           [INFO]     |                                                                                                    |
[2022-11-16 23:45:59,946] [builder.py:2595]           [INFO]     | Collection Metadata Edits                                                                          |
                                                                 | Summary (summary) | Movies produced by Joe Roth.
                                                                 | Sort Title | !19_Joe Roth (Producer)
                                                                 | Label | +Top Producers, +PMM
[2022-11-16 23:46:01,664] [builder.py:2599]           [INFO]     | Details: have been updated
[2022-11-16 23:46:01,664] [builder.py:2603]           [INFO]     | 
[2022-11-16 23:46:03,180] [builder.py:2615]           [INFO]     | Collection Mode | hide
[2022-11-16 23:46:03,184] [plex.py:1203]              [WARNING]  | Asset Warning: Asset Directory Not Found and Created: config/New_Movies/Assets/Joe Roth (Producer)
[2022-11-16 23:46:03,184] [util.py:174]               [DEBUG]    | 2 posters found:
[2022-11-16 23:46:03,184] [util.py:176]               [DEBUG]    | Method: tmdb_person Poster: https://image.tmdb.org/t/p/original/lUtmB3mtMPrA5hhoEwZBeX1U5uL.jpg
[2022-11-16 23:46:03,184] [util.py:176]               [DEBUG]    | Method: url_poster Poster: https://raw.githubusercontent.com/meisnate12/Plex-Meta-Manager-Images/master/people/rainier/Joe%20Roth.jpg
[2022-11-16 23:46:03,342] [library.py:178]            [INFO]     | Detail: asset_directory updated Joe Roth (Producer)'s poster to [File] config/New_Movies/Assets/Joe Roth (Producer)/poster.jpg
[2022-11-16 23:46:03,365] [plex_meta_manager.py:736]  [INFO]     | 
[2022-11-16 23:46:03,365] [plex_meta_manager.py:737]  [INFO]     |====================================================================================================|
[2022-11-16 23:46:03,365] [plex_meta_manager.py:737]  [INFO]     |                              Finished Joe Roth (Producer) Collection                               |
[2022-11-16 23:46:03,365] [plex_meta_manager.py:737]  [INFO]     |                                    Collection Run Time: 0:00:03                                    |
[2022-11-16 23:46:03,366] [plex_meta_manager.py:737]  [INFO]     |====================================================================================================|
