[2022-11-16 18:56:10,345] [builder.py:193]            [INFO]     |====================================================================================================|
[2022-11-16 18:56:10,345] [builder.py:193]            [INFO]     |                         Rob Zombie (Writer) Collection in Halloween Movies                         |
[2022-11-16 18:56:10,346] [builder.py:193]            [INFO]     |====================================================================================================|
[2022-11-16 18:56:10,346] [builder.py:194]            [INFO]     |                                                                                                    |
[2022-11-16 18:56:10,346] [builder.py:199]            [INFO]     |================================ Building Definition From Templates ================================|
[2022-11-16 18:56:10,346] [builder.py:215]            [DEBUG]    |                                                                                                    |
[2022-11-16 18:56:10,346] [meta.py:210]               [DEBUG]    |====================================== Template smart_filter =======================================|
[2022-11-16 18:56:10,347] [meta.py:451]               [DEBUG]    |                                                                                                    |
[2022-11-16 18:56:10,354] [meta.py:210]               [DEBUG]    |======================================= Template translation =======================================|
[2022-11-16 18:56:10,354] [meta.py:451]               [DEBUG]    |                                                                                                    |
[2022-11-16 18:56:10,358] [meta.py:210]               [DEBUG]    |========================================= Template shared ==========================================|
[2022-11-16 18:56:10,359] [meta.py:451]               [DEBUG]    |                                                                                                    |
[2022-11-16 18:56:10,375] [meta.py:512]               [DEBUG]    |                                                                                                    |
[2022-11-16 18:56:10,375] [meta.py:513]               [DEBUG]    |==================================== Final Template Attributes =====================================|
[2022-11-16 18:56:10,376] [meta.py:514]               [DEBUG]    |                                                                                                    |
[2022-11-16 18:56:10,376] [meta.py:515]               [DEBUG]    | {'tmdb_person': ['Rob Zombie'], 'smart_filter': {'sort_by': 'title.asc', 'any': {'writer': 'tmdb'}}, 'summary': 'Movies written by Rob Zombie.', 'name': 'Rob Zombie (Writer)', 'ignore_blank_results': True, 'collection_mode': 'hide', 'sort_title': '!20_Rob Zombie (Writer)', 'url_poster': 'https://raw.githubusercontent.com/meisnate12/Plex-Meta-Manager-Images/master/people/rainier/Rob%20Zombie.jpg'} |
[2022-11-16 18:56:10,376] [meta.py:516]               [DEBUG]    |                                                                                                    |
[2022-11-16 18:56:10,376] [builder.py:223]            [INFO]     |============================ Validating Rob Zombie (Writer) Attributes =============================|
[2022-11-16 18:56:10,376] [builder.py:226]            [DEBUG]    |                                                                                                    |
[2022-11-16 18:56:10,376] [builder.py:227]            [DEBUG]    | Validating Method: name                                                                            |
[2022-11-16 18:56:10,376] [builder.py:230]            [DEBUG]    | Value: Rob Zombie (Writer)                                                                         |
[2022-11-16 18:56:10,376] [builder.py:502]            [DEBUG]    |                                                                                                    |
[2022-11-16 18:56:10,376] [builder.py:503]            [DEBUG]    | Validating Method: ignore_blank_results                                                            |
[2022-11-16 18:56:10,377] [builder.py:504]            [DEBUG]    | Value: True                                                                                        |
[2022-11-16 18:56:10,377] [builder.py:528]            [DEBUG]    |                                                                                                    |
[2022-11-16 18:56:10,377] [builder.py:529]            [DEBUG]    | Validating Method: tmdb_person                                                                     |
[2022-11-16 18:56:10,377] [builder.py:533]            [DEBUG]    | Value: ['Rob Zombie']                                                                              |
[2022-11-16 18:56:10,425] [builder.py:1784]           [INFO]     |                                                                                                    |
[2022-11-16 18:56:10,425] [builder.py:1785]           [INFO]     | Validating Method: smart_filter                                                                    |
[2022-11-16 18:56:10,425] [builder.py:1791]           [DEBUG]    | Value: {'sort_by': 'title.asc', 'any': {'writer': 'tmdb'}}                                         |
[2022-11-16 18:56:10,509] [builder.py:1978]           [DEBUG]    | Smart URL: ?type=1&sort=titleSort&push=1&writer=14302&pop=1                                        |
[2022-11-16 18:56:10,510] [builder.py:646]            [DEBUG]    |                                                                                                    |
[2022-11-16 18:56:10,510] [builder.py:650]            [DEBUG]    | Validating Method: label                                                                           |
[2022-11-16 18:56:10,510] [builder.py:651]            [DEBUG]    | Value: Top Writers                                                                                 |
[2022-11-16 18:56:10,510] [builder.py:646]            [DEBUG]    |                                                                                                    |
[2022-11-16 18:56:10,510] [builder.py:650]            [DEBUG]    | Validating Method: summary                                                                         |
[2022-11-16 18:56:10,510] [builder.py:651]            [DEBUG]    | Value: Movies written by Rob Zombie.                                                               |
[2022-11-16 18:56:10,511] [builder.py:646]            [DEBUG]    |                                                                                                    |
[2022-11-16 18:56:10,511] [builder.py:650]            [DEBUG]    | Validating Method: collection_mode                                                                 |
[2022-11-16 18:56:10,511] [builder.py:651]            [DEBUG]    | Value: hide                                                                                        |
[2022-11-16 18:56:10,511] [builder.py:646]            [DEBUG]    |                                                                                                    |
[2022-11-16 18:56:10,511] [builder.py:650]            [DEBUG]    | Validating Method: sort_title                                                                      |
[2022-11-16 18:56:10,511] [builder.py:651]            [DEBUG]    | Value: !20_Rob Zombie (Writer)                                                                     |
[2022-11-16 18:56:10,511] [builder.py:646]            [DEBUG]    |                                                                                                    |
[2022-11-16 18:56:10,512] [builder.py:650]            [DEBUG]    | Validating Method: url_poster                                                                      |
[2022-11-16 18:56:10,512] [builder.py:651]            [DEBUG]    | Value: https://raw.githubusercontent.com/meisnate12/Plex-Meta-Manager-Images/master/people/rainier/Rob%20Zombie.jpg |
[2022-11-16 18:56:10,563] [builder.py:814]            [INFO]     |                                                                                                    |
[2022-11-16 18:56:10,563] [builder.py:815]            [INFO]     | Validation Successful                                                                              |
[2022-11-16 18:56:10,563] [plex_meta_manager.py:594]  [INFO]     |                                                                                                    |
[2022-11-16 18:56:10,563] [plex_meta_manager.py:596]  [INFO]     |============================== Running Rob Zombie (Writer) Collection ==============================|
[2022-11-16 18:56:10,564] [plex_meta_manager.py:602]  [INFO]     |                                                                                                    |
[2022-11-16 18:56:10,564] [plex_meta_manager.py:603]  [INFO]     | Smart Movie Filter                                                                                 |
                                                                 | Sort By: ['title.asc']
                                                                 | Filter:
                                                                 |   Match any of the following:
                                                                 |     Writer is Rob Zombie
[2022-11-16 18:56:10,591] [builder.py:2527]           [INFO]     | 
[2022-11-16 18:56:10,591] [builder.py:2528]           [INFO]     |======================== Updating Details of Rob Zombie (Writer) Collection ========================|
[2022-11-16 18:56:10,593] [builder.py:2529]           [INFO]     |                                                                                                    |
[2022-11-16 18:56:10,605] [builder.py:2595]           [INFO]     | Collection Metadata Edits                                                                          |
[2022-11-16 18:56:10,608] [util.py:174]               [DEBUG]    | 3 posters found:                                                                                   |
[2022-11-16 18:56:10,608] [util.py:176]               [DEBUG]    | Method: tmdb_person Poster: https://image.tmdb.org/t/p/original/kkl4gjIJ1pyEJhNp2B2HricD2v7.jpg    |
[2022-11-16 18:56:10,608] [util.py:176]               [DEBUG]    | Method: url_poster Poster: https://raw.githubusercontent.com/meisnate12/Plex-Meta-Manager-Images/master/people/rainier/Rob%20Zombie.jpg |
[2022-11-16 18:56:10,608] [util.py:176]               [DEBUG]    | Method: asset_directory Poster: {'attribute': 'asset_directory', 'location': '/config/Halloween_Movies/Assets/Rob Zombie (Writer)/poster.jpg', 'prefix': "Rob Zombie (Writer)'s ", 'is_poster': True, 'is_url': False, 'compare': 889088, 'message': "Rob Zombie (Writer)'s poster to [File] /config/Halloween_Movies/Assets/Rob Zombie (Writer)/poster.jpg"} |
[2022-11-16 18:56:10,609] [library.py:180]            [INFO]     | Detail: Rob Zombie (Writer)'s poster update not needed                                             |
[2022-11-16 18:56:10,627] [plex_meta_manager.py:736]  [INFO]     |                                                                                                    |
[2022-11-16 18:56:10,627] [plex_meta_manager.py:737]  [INFO]     |====================================================================================================|
[2022-11-16 18:56:10,627] [plex_meta_manager.py:737]  [INFO]     |                              Finished Rob Zombie (Writer) Collection                               |
[2022-11-16 18:56:10,627] [plex_meta_manager.py:737]  [INFO]     |                                    Collection Run Time: 0:00:00                                    |
[2022-11-16 18:56:10,627] [plex_meta_manager.py:737]  [INFO]     |====================================================================================================|
