[2022-11-16 22:02:07,128] [builder.py:193]            [INFO]     |====================================================================================================|
[2022-11-16 22:02:07,128] [builder.py:193]            [INFO]     |                             Denzel Washington Collection in Old Movies                             |
[2022-11-16 22:02:07,128] [builder.py:193]            [INFO]     |====================================================================================================|
[2022-11-16 22:02:07,129] [builder.py:194]            [INFO]     |                                                                                                    |
[2022-11-16 22:02:07,129] [builder.py:199]            [INFO]     |================================ Building Definition From Templates ================================|
[2022-11-16 22:02:07,129] [builder.py:215]            [DEBUG]    |                                                                                                    |
[2022-11-16 22:02:07,129] [meta.py:210]               [DEBUG]    |========================================= Template people ==========================================|
[2022-11-16 22:02:07,130] [meta.py:451]               [DEBUG]    |                                                                                                    |
[2022-11-16 22:02:07,132] [meta.py:512]               [DEBUG]    |                                                                                                    |
[2022-11-16 22:02:07,132] [meta.py:513]               [DEBUG]    |==================================== Final Template Attributes =====================================|
[2022-11-16 22:02:07,132] [meta.py:514]               [DEBUG]    |                                                                                                    |
[2022-11-16 22:02:07,132] [meta.py:515]               [DEBUG]    | {'actor': 'tmdb', 'tmdb_person': 5292, 'sort_title': '++_Denzel Washington', 'collection_order': 'release'} |
[2022-11-16 22:02:07,132] [meta.py:516]               [DEBUG]    |                                                                                                    |
[2022-11-16 22:02:07,132] [builder.py:223]            [INFO]     |============================= Validating Denzel Washington Attributes ==============================|
[2022-11-16 22:02:07,133] [builder.py:528]            [DEBUG]    |                                                                                                    |
[2022-11-16 22:02:07,133] [builder.py:529]            [DEBUG]    | Validating Method: tmdb_person                                                                     |
[2022-11-16 22:02:07,133] [builder.py:533]            [DEBUG]    | Value: 5292                                                                                        |
[2022-11-16 22:02:07,147] [builder.py:613]            [DEBUG]    |                                                                                                    |
[2022-11-16 22:02:07,148] [builder.py:614]            [DEBUG]    | Validating Method: collection_order                                                                |
[2022-11-16 22:02:07,148] [builder.py:615]            [DEBUG]    | Value: release                                                                                     |
[2022-11-16 22:02:07,148] [builder.py:646]            [DEBUG]    |                                                                                                    |
[2022-11-16 22:02:07,148] [builder.py:650]            [DEBUG]    | Validating Method: actor                                                                           |
[2022-11-16 22:02:07,148] [builder.py:651]            [DEBUG]    | Value: tmdb                                                                                        |
[2022-11-16 22:02:07,506] [builder.py:646]            [DEBUG]    |                                                                                                    |
[2022-11-16 22:02:07,507] [builder.py:650]            [DEBUG]    | Validating Method: sort_title                                                                      |
[2022-11-16 22:02:07,507] [builder.py:651]            [DEBUG]    | Value: ++_Denzel Washington                                                                        |
[2022-11-16 22:02:07,513] [builder.py:795]            [INFO]     |                                                                                                    |
[2022-11-16 22:02:07,513] [builder.py:796]            [ERROR]    | Collection Error: Converting Denzel Washington to a normal collection                              |
[2022-11-16 22:02:07,520] [builder.py:814]            [INFO]     |                                                                                                    |
[2022-11-16 22:02:07,520] [builder.py:815]            [INFO]     | Validation Successful                                                                              |
[2022-11-16 22:02:07,520] [plex_meta_manager.py:594]  [INFO]     |                                                                                                    |
[2022-11-16 22:02:07,521] [plex_meta_manager.py:596]  [INFO]     |=============================== Running Denzel Washington Collection ===============================|
[2022-11-16 22:02:07,521] [plex_meta_manager.py:608]  [INFO]     |                                                                                                    |
[2022-11-16 22:02:07,521] [plex_meta_manager.py:609]  [INFO]     | Sync Mode: append                                                                                  |
[2022-11-16 22:02:07,521] [plex_meta_manager.py:612]  [DEBUG]    |                                                                                                    |
[2022-11-16 22:02:07,521] [plex_meta_manager.py:613]  [DEBUG]    | Builder: plex_search: (1, "Plex Movie Search\nSort By: ['title.asc']\nFilter:\n  Match any of the following:\n    Actor is Denzel Washington", '?type=1&sort=titleSort&push=1&actor=57627&pop=1') |
[2022-11-16 22:02:07,521] [plex_meta_manager.py:614]  [INFO]     |                                                                                                    |
[2022-11-16 22:02:07,522] [plex.py:924]               [INFO]     | Processing Plex Movie Search                                                                       |
                                                                 | Sort By: ['title.asc']
                                                                 | Filter:
                                                                 |   Match any of the following:
                                                                 |     Actor is Denzel Washington
[2022-11-16 22:02:07,533] [builder.py:1574]           [DEBUG]    | 
[2022-11-16 22:02:07,533] [builder.py:1575]           [DEBUG]    | 2 IDs Found
[2022-11-16 22:02:07,533] [builder.py:1577]           [DEBUG]    | 
[2022-11-16 22:02:07,534] [builder.py:2158]           [INFO]     | 
[2022-11-16 22:02:07,534] [builder.py:2159]           [INFO]     |============================== Adding to Denzel Washington Collection ==============================|
[2022-11-16 22:02:07,534] [builder.py:2160]           [INFO]     |                                                                                                    |
[2022-11-16 22:02:07,534] [builder.py:2174]           [INFO]     | 1/2 | Denzel Washington Collection | + | Courage Under Fire (1996)                                 |
[2022-11-16 22:02:09,868] [builder.py:2174]           [INFO]     | 2/2 | Denzel Washington Collection | + | Crimson Tide (1995)                                       |
[2022-11-16 22:02:16,333] [builder.py:2194]           [INFO]     |                                                                                                    |
[2022-11-16 22:02:16,334] [builder.py:2196]           [INFO]     | 2 Movies Processed 2 Movies Added                                                                  |
[2022-11-16 22:02:16,344] [builder.py:2527]           [INFO]     |                                                                                                    |
[2022-11-16 22:02:16,344] [builder.py:2528]           [INFO]     |========================= Updating Details of Denzel Washington Collection =========================|
[2022-11-16 22:02:16,345] [builder.py:2529]           [INFO]     |                                                                                                    |
[2022-11-16 22:02:16,353] [builder.py:2595]           [INFO]     | Collection Metadata Edits                                                                          |
                                                                 | Summary (tmdb_person) | Denzel Hayes Washington, Jr. is an American actor, screenwriter, director and film producer. He first rose to prominence when he joined the cast of the medical drama St. Elsewhere, playing Dr. Philip Chandler for six years. He has received much critical acclaim for his work in film since the 1990s, including for his portrayals of real-life figures, such as Steve Biko, Malcolm X, Rubin ‘Hurricane’ Carter, Melvin B. Tolson, Frank Lucas, and Herman Boone. Washington has received two Academy Awards, two Golden Globe awards, and a Tony Award. He is notable for winning the Best Supporting Actor Oscar for his part in Glory in 1989, and the Academy Award for Best Actor in 2001 for his role in the film Training Day.
                                                                 | Sort Title | ++_Denzel Washington
                                                                 | Label | +PMM
[2022-11-16 22:02:19,689] [builder.py:2599]           [INFO]     | Details: have been updated
[2022-11-16 22:02:19,689] [builder.py:2603]           [INFO]     | 
[2022-11-16 22:02:19,690] [util.py:174]               [DEBUG]    | 1 poster found:
[2022-11-16 22:02:19,690] [util.py:176]               [DEBUG]    | Method: tmdb_person Poster: https://image.tmdb.org/t/p/original/cEU2Vrdo83izpGmOvbVAOz5jCof.jpg
[2022-11-16 22:02:19,770] [library.py:178]            [INFO]     | Detail: tmdb_person updated poster to [URL] https://image.tmdb.org/t/p/original/cEU2Vrdo83izpGmOvbVAOz5jCof.jpg
[2022-11-16 22:02:19,891] [plex_meta_manager.py:736]  [INFO]     | 
[2022-11-16 22:02:19,891] [plex_meta_manager.py:737]  [INFO]     |====================================================================================================|
[2022-11-16 22:02:19,891] [plex_meta_manager.py:737]  [INFO]     |                               Finished Denzel Washington Collection                                |
[2022-11-16 22:02:19,892] [plex_meta_manager.py:737]  [INFO]     |                                    Collection Run Time: 0:00:12                                    |
[2022-11-16 22:02:19,892] [plex_meta_manager.py:737]  [INFO]     |====================================================================================================|
