[2022-11-16 20:43:14,880] [builder.py:193]            [INFO]     |====================================================================================================|
[2022-11-16 20:43:14,880] [builder.py:193]            [INFO]     |                           Tony Geiss (Writer) Collection in Kids Movies                            |
[2022-11-16 20:43:14,880] [builder.py:193]            [INFO]     |====================================================================================================|
[2022-11-16 20:43:14,880] [builder.py:194]            [INFO]     |                                                                                                    |
[2022-11-16 20:43:14,880] [builder.py:199]            [INFO]     |================================ Building Definition From Templates ================================|
[2022-11-16 20:43:14,880] [builder.py:215]            [DEBUG]    |                                                                                                    |
[2022-11-16 20:43:14,880] [meta.py:210]               [DEBUG]    |====================================== Template smart_filter =======================================|
[2022-11-16 20:43:14,881] [meta.py:451]               [DEBUG]    |                                                                                                    |
[2022-11-16 20:43:14,886] [meta.py:210]               [DEBUG]    |======================================= Template translation =======================================|
[2022-11-16 20:43:14,887] [meta.py:451]               [DEBUG]    |                                                                                                    |
[2022-11-16 20:43:14,889] [meta.py:210]               [DEBUG]    |========================================= Template shared ==========================================|
[2022-11-16 20:43:14,890] [meta.py:451]               [DEBUG]    |                                                                                                    |
[2022-11-16 20:43:14,901] [meta.py:512]               [DEBUG]    |                                                                                                    |
[2022-11-16 20:43:14,901] [meta.py:513]               [DEBUG]    |==================================== Final Template Attributes =====================================|
[2022-11-16 20:43:14,901] [meta.py:514]               [DEBUG]    |                                                                                                    |
[2022-11-16 20:43:14,901] [meta.py:515]               [DEBUG]    | {'tmdb_person': ['Tony Geiss'], 'smart_filter': {'sort_by': 'title.asc', 'any': {'writer': 'tmdb'}}, 'summary': 'Movies written by Tony Geiss.', 'name': 'Tony Geiss (Writer)', 'ignore_blank_results': True, 'collection_mode': 'hide', 'sort_title': '!20_Tony Geiss (Writer)', 'url_poster': 'https://raw.githubusercontent.com/meisnate12/Plex-Meta-Manager-Images/master/people/rainier/Tony%20Geiss.jpg'} |
[2022-11-16 20:43:14,901] [meta.py:516]               [DEBUG]    |                                                                                                    |
[2022-11-16 20:43:14,901] [builder.py:223]            [INFO]     |============================ Validating Tony Geiss (Writer) Attributes =============================|
[2022-11-16 20:43:14,901] [builder.py:226]            [DEBUG]    |                                                                                                    |
[2022-11-16 20:43:14,901] [builder.py:227]            [DEBUG]    | Validating Method: name                                                                            |
[2022-11-16 20:43:14,901] [builder.py:230]            [DEBUG]    | Value: Tony Geiss (Writer)                                                                         |
[2022-11-16 20:43:14,901] [builder.py:502]            [DEBUG]    |                                                                                                    |
[2022-11-16 20:43:14,902] [builder.py:503]            [DEBUG]    | Validating Method: ignore_blank_results                                                            |
[2022-11-16 20:43:14,902] [builder.py:504]            [DEBUG]    | Value: True                                                                                        |
[2022-11-16 20:43:14,902] [builder.py:528]            [DEBUG]    |                                                                                                    |
[2022-11-16 20:43:14,902] [builder.py:529]            [DEBUG]    | Validating Method: tmdb_person                                                                     |
[2022-11-16 20:43:14,902] [builder.py:533]            [DEBUG]    | Value: ['Tony Geiss']                                                                              |
[2022-11-16 20:43:15,041] [builder.py:1784]           [INFO]     |                                                                                                    |
[2022-11-16 20:43:15,041] [builder.py:1785]           [INFO]     | Validating Method: smart_filter                                                                    |
[2022-11-16 20:43:15,041] [builder.py:1791]           [DEBUG]    | Value: {'sort_by': 'title.asc', 'any': {'writer': 'tmdb'}}                                         |
[2022-11-16 20:43:15,130] [builder.py:1978]           [DEBUG]    | Smart URL: ?type=1&sort=titleSort&push=1&writer=34731&pop=1                                        |
[2022-11-16 20:43:15,130] [builder.py:646]            [DEBUG]    |                                                                                                    |
[2022-11-16 20:43:15,130] [builder.py:650]            [DEBUG]    | Validating Method: label                                                                           |
[2022-11-16 20:43:15,130] [builder.py:651]            [DEBUG]    | Value: Top Writers                                                                                 |
[2022-11-16 20:43:15,130] [builder.py:646]            [DEBUG]    |                                                                                                    |
[2022-11-16 20:43:15,130] [builder.py:650]            [DEBUG]    | Validating Method: summary                                                                         |
[2022-11-16 20:43:15,130] [builder.py:651]            [DEBUG]    | Value: Movies written by Tony Geiss.                                                               |
[2022-11-16 20:43:15,130] [builder.py:646]            [DEBUG]    |                                                                                                    |
[2022-11-16 20:43:15,131] [builder.py:650]            [DEBUG]    | Validating Method: collection_mode                                                                 |
[2022-11-16 20:43:15,131] [builder.py:651]            [DEBUG]    | Value: hide                                                                                        |
[2022-11-16 20:43:15,131] [builder.py:646]            [DEBUG]    |                                                                                                    |
[2022-11-16 20:43:15,131] [builder.py:650]            [DEBUG]    | Validating Method: sort_title                                                                      |
[2022-11-16 20:43:15,131] [builder.py:651]            [DEBUG]    | Value: !20_Tony Geiss (Writer)                                                                     |
[2022-11-16 20:43:15,131] [builder.py:646]            [DEBUG]    |                                                                                                    |
[2022-11-16 20:43:15,131] [builder.py:650]            [DEBUG]    | Validating Method: url_poster                                                                      |
[2022-11-16 20:43:15,131] [builder.py:651]            [DEBUG]    | Value: https://raw.githubusercontent.com/meisnate12/Plex-Meta-Manager-Images/master/people/rainier/Tony%20Geiss.jpg |
[2022-11-16 20:43:15,249] [builder.py:845]            [WARNING]  | Collection Warning: No Poster Found at https://raw.githubusercontent.com/meisnate12/Plex-Meta-Manager-Images/master/people/rainier/Tony%20Geiss.jpg |
[2022-11-16 20:43:15,253] [plex.py:835]               [DEBUG]    |                                                                                                    |
[2022-11-16 20:43:15,254] [plex.py:838]               [DEBUG]    | Looking for: Tony Geiss (Writer)                                                                   |
[2022-11-16 20:43:15,254] [builder.py:814]            [INFO]     |                                                                                                    |
[2022-11-16 20:43:15,254] [builder.py:815]            [INFO]     | Validation Successful                                                                              |
[2022-11-16 20:43:15,254] [plex_meta_manager.py:594]  [INFO]     |                                                                                                    |
[2022-11-16 20:43:15,254] [plex_meta_manager.py:596]  [INFO]     |============================== Running Tony Geiss (Writer) Collection ==============================|
[2022-11-16 20:43:15,254] [plex_meta_manager.py:602]  [INFO]     |                                                                                                    |
[2022-11-16 20:43:15,254] [plex_meta_manager.py:603]  [INFO]     | Smart Movie Filter                                                                                 |
                                                                 | Sort By: ['title.asc']
                                                                 | Filter:
                                                                 |   Match any of the following:
                                                                 |     Writer is Tony Geiss
[2022-11-16 20:43:15,289] [builder.py:2509]           [DEBUG]    | Smart Collection Created: ?type=1&sort=titleSort&push=1&writer=34731&pop=1
[2022-11-16 20:43:15,296] [builder.py:2527]           [INFO]     | 
[2022-11-16 20:43:15,296] [builder.py:2528]           [INFO]     |======================== Updating Details of Tony Geiss (Writer) Collection ========================|
[2022-11-16 20:43:15,296] [builder.py:2529]           [INFO]     |                                                                                                    |
[2022-11-16 20:43:15,303] [builder.py:2595]           [INFO]     | Collection Metadata Edits                                                                          |
                                                                 | Summary (summary) | Movies written by Tony Geiss.
                                                                 | Sort Title | !20_Tony Geiss (Writer)
                                                                 | Label | +Top Writers, +PMM
[2022-11-16 20:43:16,819] [builder.py:2599]           [INFO]     | Details: have been updated
[2022-11-16 20:43:16,819] [builder.py:2603]           [INFO]     | 
[2022-11-16 20:43:18,261] [builder.py:2615]           [INFO]     | Collection Mode | hide
[2022-11-16 20:43:18,271] [plex.py:1203]              [WARNING]  | Asset Warning: Asset Directory Not Found and Created: config/Kids_Movies/Assets/Tony Geiss (Writer)
[2022-11-16 20:43:18,299] [plex_meta_manager.py:736]  [INFO]     | 
[2022-11-16 20:43:18,299] [plex_meta_manager.py:737]  [INFO]     |====================================================================================================|
[2022-11-16 20:43:18,299] [plex_meta_manager.py:737]  [INFO]     |                              Finished Tony Geiss (Writer) Collection                               |
[2022-11-16 20:43:18,299] [plex_meta_manager.py:737]  [INFO]     |                                    Collection Run Time: 0:00:03                                    |
[2022-11-16 20:43:18,299] [plex_meta_manager.py:737]  [INFO]     |====================================================================================================|
