[2022-11-16 20:10:24,198] [builder.py:193]            [INFO]     |====================================================================================================|
[2022-11-16 20:10:24,198] [builder.py:193]            [INFO]     |                               70's Movies Collection in Kids Movies                                |
[2022-11-16 20:10:24,198] [builder.py:193]            [INFO]     |====================================================================================================|
[2022-11-16 20:10:24,199] [builder.py:194]            [INFO]     |                                                                                                    |
[2022-11-16 20:10:24,199] [builder.py:199]            [INFO]     |================================ Building Definition From Templates ================================|
[2022-11-16 20:10:24,199] [builder.py:215]            [DEBUG]    |                                                                                                    |
[2022-11-16 20:10:24,199] [meta.py:210]               [DEBUG]    |========================================= Template Decade ==========================================|
[2022-11-16 20:10:24,199] [meta.py:451]               [DEBUG]    |                                                                                                    |
[2022-11-16 20:10:24,201] [meta.py:512]               [DEBUG]    |                                                                                                    |
[2022-11-16 20:10:24,202] [meta.py:513]               [DEBUG]    |==================================== Final Template Attributes =====================================|
[2022-11-16 20:10:24,202] [meta.py:514]               [DEBUG]    |                                                                                                    |
[2022-11-16 20:10:24,202] [meta.py:515]               [DEBUG]    | {'plex_search': {'decade': 1970}, 'url_poster': 'https://theposterdb.com/api/assets/105332', 'sort_title': "+++_70's Movies", 'collection_order': 'alpha'} |
[2022-11-16 20:10:24,202] [meta.py:516]               [DEBUG]    |                                                                                                    |
[2022-11-16 20:10:24,203] [builder.py:223]            [INFO]     |================================ Validating 70's Movies Attributes =================================|
[2022-11-16 20:10:24,203] [builder.py:613]            [DEBUG]    |                                                                                                    |
[2022-11-16 20:10:24,203] [builder.py:614]            [DEBUG]    | Validating Method: collection_order                                                                |
[2022-11-16 20:10:24,203] [builder.py:615]            [DEBUG]    | Value: alpha                                                                                       |
[2022-11-16 20:10:24,203] [builder.py:646]            [DEBUG]    |                                                                                                    |
[2022-11-16 20:10:24,203] [builder.py:650]            [DEBUG]    | Validating Method: plex_search                                                                     |
[2022-11-16 20:10:24,203] [builder.py:651]            [DEBUG]    | Value: {'decade': 1970}                                                                            |
[2022-11-16 20:10:24,204] [builder.py:646]            [DEBUG]    |                                                                                                    |
[2022-11-16 20:10:24,204] [builder.py:650]            [DEBUG]    | Validating Method: url_poster                                                                      |
[2022-11-16 20:10:24,204] [builder.py:651]            [DEBUG]    | Value: https://theposterdb.com/api/assets/105332                                                   |
[2022-11-16 20:10:24,828] [builder.py:646]            [DEBUG]    |                                                                                                    |
[2022-11-16 20:10:24,828] [builder.py:650]            [DEBUG]    | Validating Method: sort_title                                                                      |
[2022-11-16 20:10:24,829] [builder.py:651]            [DEBUG]    | Value: +++_70's Movies                                                                             |
[2022-11-16 20:10:24,956] [builder.py:814]            [INFO]     |                                                                                                    |
[2022-11-16 20:10:24,956] [builder.py:815]            [INFO]     | Validation Successful                                                                              |
[2022-11-16 20:10:24,956] [plex_meta_manager.py:594]  [INFO]     |                                                                                                    |
[2022-11-16 20:10:24,956] [plex_meta_manager.py:596]  [INFO]     |================================== Running 70's Movies Collection ==================================|
[2022-11-16 20:10:24,956] [plex_meta_manager.py:608]  [INFO]     |                                                                                                    |
[2022-11-16 20:10:24,956] [plex_meta_manager.py:609]  [INFO]     | Sync Mode: append                                                                                  |
[2022-11-16 20:10:24,957] [plex_meta_manager.py:612]  [DEBUG]    |                                                                                                    |
[2022-11-16 20:10:24,957] [plex_meta_manager.py:613]  [DEBUG]    | Builder: plex_search: (1, "Plex Movie Search\nSort By: ['title.asc']\nFilter:\n  Match all of the following:\n    Match any of the following:\n      Decade is 1970", '?type=1&sort=titleSort&push=1&decade=1970&pop=1') |
[2022-11-16 20:10:24,957] [plex_meta_manager.py:614]  [INFO]     |                                                                                                    |
[2022-11-16 20:10:24,957] [plex.py:924]               [INFO]     | Processing Plex Movie Search                                                                       |
                                                                 | Sort By: ['title.asc']
                                                                 | Filter:
                                                                 |   Match all of the following:
                                                                 |     Match any of the following:
                                                                 |       Decade is 1970
[2022-11-16 20:10:25,026] [builder.py:1574]           [DEBUG]    | 
[2022-11-16 20:10:25,027] [builder.py:1575]           [DEBUG]    | 28 IDs Found
[2022-11-16 20:10:25,027] [builder.py:1577]           [DEBUG]    | 
[2022-11-16 20:10:25,028] [builder.py:2158]           [INFO]     | 
[2022-11-16 20:10:25,029] [builder.py:2159]           [INFO]     |================================= Adding to 70's Movies Collection =================================|
[2022-11-16 20:10:25,029] [builder.py:2160]           [INFO]     |                                                                                                    |
[2022-11-16 20:10:25,029] [builder.py:2174]           [INFO]     |  1/28 | 70's Movies Collection | = | The Apple Dumpling Gang (1975)                                |
[2022-11-16 20:10:25,029] [builder.py:2174]           [INFO]     |  2/28 | 70's Movies Collection | = | The Apple Dumpling Gang Rides Again (1979)                    |
[2022-11-16 20:10:25,029] [builder.py:2174]           [INFO]     |  3/28 | 70's Movies Collection | = | The Aristocats (1970)                                         |
[2022-11-16 20:10:25,030] [builder.py:2174]           [INFO]     |  4/28 | 70's Movies Collection | = | Bedknobs and Broomsticks (1971)                               |
[2022-11-16 20:10:25,030] [builder.py:2174]           [INFO]     |  5/28 | 70's Movies Collection | = | Benji (1974)                                                  |
[2022-11-16 20:10:25,030] [builder.py:2174]           [INFO]     |  6/28 | 70's Movies Collection | = | Benji's Very Own Christmas Story (1978)                       |
[2022-11-16 20:10:25,030] [builder.py:2174]           [INFO]     |  7/28 | 70's Movies Collection | = | The Black Stallion (1979)                                     |
[2022-11-16 20:10:25,030] [builder.py:2174]           [INFO]     |  8/28 | 70's Movies Collection | = | The Bugs Bunny/Road-Runner Movie (1979)                       |
[2022-11-16 20:10:25,030] [builder.py:2174]           [INFO]     |  9/28 | 70's Movies Collection | = | The Call of the Wild (1976)                                   |
[2022-11-16 20:10:25,030] [builder.py:2174]           [INFO]     | 10/28 | 70's Movies Collection | = | A Charlie Brown Thanksgiving (1973)                           |
[2022-11-16 20:10:25,031] [builder.py:2174]           [INFO]     | 11/28 | 70's Movies Collection | = | Charlotte's Web (1973)                                        |
[2022-11-16 20:10:25,031] [builder.py:2174]           [INFO]     | 12/28 | 70's Movies Collection | = | Emmet Otter's Jug-Band Christmas (1977)                       |
[2022-11-16 20:10:25,031] [builder.py:2174]           [INFO]     | 13/28 | 70's Movies Collection | = | Escape to Witch Mountain (1975)                               |
[2022-11-16 20:10:25,032] [builder.py:2174]           [INFO]     | 14/28 | 70's Movies Collection | = | For the Love of Benji (1977)                                  |
[2022-11-16 20:10:25,032] [builder.py:2174]           [INFO]     | 15/28 | 70's Movies Collection | = | Herbie Goes to Monte Carlo (1977)                             |
[2022-11-16 20:10:25,032] [builder.py:2174]           [INFO]     | 16/28 | 70's Movies Collection | = | Herbie Rides Again (1974)                                     |
[2022-11-16 20:10:25,032] [builder.py:2174]           [INFO]     | 17/28 | 70's Movies Collection | = | It's Arbor Day, Charlie Brown (1976)                          |
[2022-11-16 20:10:25,032] [builder.py:2174]           [INFO]     | 18/28 | 70's Movies Collection | = | The Lorax (1972)                                              |
[2022-11-16 20:10:25,033] [builder.py:2174]           [INFO]     | 19/28 | 70's Movies Collection | = | The Many Adventures of Winnie the Pooh (1977)                 |
[2022-11-16 20:10:25,033] [builder.py:2174]           [INFO]     | 20/28 | 70's Movies Collection | = | The Muppet Movie (1979)                                       |
[2022-11-16 20:10:25,033] [builder.py:2174]           [INFO]     | 21/28 | 70's Movies Collection | = | Now You See Him, Now You Don't (1972)                         |
[2022-11-16 20:10:25,033] [builder.py:2174]           [INFO]     | 22/28 | 70's Movies Collection | = | Pete's Dragon (1977)                                          |
[2022-11-16 20:10:25,033] [builder.py:2174]           [INFO]     | 23/28 | 70's Movies Collection | = | The Rescuers (1977)                                           |
[2022-11-16 20:10:25,034] [builder.py:2174]           [INFO]     | 24/28 | 70's Movies Collection | = | Return from Witch Mountain (1978)                             |
[2022-11-16 20:10:25,034] [builder.py:2174]           [INFO]     | 25/28 | 70's Movies Collection | = | Robin Hood (1973)                                             |
[2022-11-16 20:10:25,034] [builder.py:2174]           [INFO]     | 26/28 | 70's Movies Collection | = | The Strongest Man in the World (1975)                         |
[2022-11-16 20:10:25,034] [builder.py:2174]           [INFO]     | 27/28 | 70's Movies Collection | = | Willy Wonka & the Chocolate Factory (1971)                    |
[2022-11-16 20:10:25,035] [builder.py:2174]           [INFO]     | 28/28 | 70's Movies Collection | = | You're Not Elected, Charlie Brown (1972)                      |
[2022-11-16 20:10:25,035] [builder.py:2194]           [INFO]     |                                                                                                    |
[2022-11-16 20:10:25,035] [builder.py:2196]           [INFO]     | 28 Movies Processed 0 Movies Added                                                                 |
[2022-11-16 20:10:25,041] [builder.py:2527]           [INFO]     |                                                                                                    |
[2022-11-16 20:10:25,041] [builder.py:2528]           [INFO]     |============================ Updating Details of 70's Movies Collection ============================|
[2022-11-16 20:10:25,041] [builder.py:2529]           [INFO]     |                                                                                                    |
[2022-11-16 20:10:25,049] [builder.py:2595]           [INFO]     | Collection Metadata Edits                                                                          |
[2022-11-16 20:10:25,050] [util.py:174]               [DEBUG]    | 2 posters found:                                                                                   |
[2022-11-16 20:10:25,050] [util.py:176]               [DEBUG]    | Method: url_poster Poster: https://theposterdb.com/api/assets/105332                               |
[2022-11-16 20:10:25,051] [util.py:176]               [DEBUG]    | Method: asset_directory Poster: {'attribute': 'asset_directory', 'location': "/config/Kids_Movies/Assets/70's Movies/poster.png", 'prefix': "70's Movies's ", 'is_poster': True, 'is_url': False, 'compare': 3104351, 'message': "70's Movies's poster to [File] /config/Kids_Movies/Assets/70's Movies/poster.png"} |
[2022-11-16 20:10:25,052] [library.py:180]            [INFO]     | Detail: 70's Movies's poster update not needed                                                     |
[2022-11-16 20:10:25,199] [plex_meta_manager.py:736]  [INFO]     |                                                                                                    |
[2022-11-16 20:10:25,199] [plex_meta_manager.py:737]  [INFO]     |====================================================================================================|
[2022-11-16 20:10:25,201] [plex_meta_manager.py:737]  [INFO]     |                                  Finished 70's Movies Collection                                   |
[2022-11-16 20:10:25,201] [plex_meta_manager.py:737]  [INFO]     |                                    Collection Run Time: 0:00:01                                    |
[2022-11-16 20:10:25,202] [plex_meta_manager.py:737]  [INFO]     |====================================================================================================|
