[2022-11-16 18:44:24,185] [builder.py:193]            [INFO]     |====================================================================================================|
[2022-11-16 18:44:24,185] [builder.py:193]            [INFO]     |                             40's Movies Collection in Halloween Movies                             |
[2022-11-16 18:44:24,185] [builder.py:193]            [INFO]     |====================================================================================================|
[2022-11-16 18:44:24,185] [builder.py:194]            [INFO]     |                                                                                                    |
[2022-11-16 18:44:24,185] [builder.py:199]            [INFO]     |================================ Building Definition From Templates ================================|
[2022-11-16 18:44:24,185] [builder.py:215]            [DEBUG]    |                                                                                                    |
[2022-11-16 18:44:24,186] [meta.py:210]               [DEBUG]    |========================================= Template Decade ==========================================|
[2022-11-16 18:44:24,186] [meta.py:451]               [DEBUG]    |                                                                                                    |
[2022-11-16 18:44:24,187] [meta.py:512]               [DEBUG]    |                                                                                                    |
[2022-11-16 18:44:24,187] [meta.py:513]               [DEBUG]    |==================================== Final Template Attributes =====================================|
[2022-11-16 18:44:24,187] [meta.py:514]               [DEBUG]    |                                                                                                    |
[2022-11-16 18:44:24,188] [meta.py:515]               [DEBUG]    | {'plex_search': {'decade': 1940}, 'url_poster': 'https://theposterdb.com/api/assets/105676', 'sort_title': "+++_40's Movies", 'collection_order': 'alpha'} |
[2022-11-16 18:44:24,188] [meta.py:516]               [DEBUG]    |                                                                                                    |
[2022-11-16 18:44:24,188] [builder.py:223]            [INFO]     |================================ Validating 40's Movies Attributes =================================|
[2022-11-16 18:44:24,188] [builder.py:613]            [DEBUG]    |                                                                                                    |
[2022-11-16 18:44:24,188] [builder.py:614]            [DEBUG]    | Validating Method: collection_order                                                                |
[2022-11-16 18:44:24,188] [builder.py:615]            [DEBUG]    | Value: alpha                                                                                       |
[2022-11-16 18:44:24,188] [builder.py:646]            [DEBUG]    |                                                                                                    |
[2022-11-16 18:44:24,188] [builder.py:650]            [DEBUG]    | Validating Method: plex_search                                                                     |
[2022-11-16 18:44:24,188] [builder.py:651]            [DEBUG]    | Value: {'decade': 1940}                                                                            |
[2022-11-16 18:44:24,189] [builder.py:646]            [DEBUG]    |                                                                                                    |
[2022-11-16 18:44:24,189] [builder.py:650]            [DEBUG]    | Validating Method: url_poster                                                                      |
[2022-11-16 18:44:24,189] [builder.py:651]            [DEBUG]    | Value: https://theposterdb.com/api/assets/105676                                                   |
[2022-11-16 18:44:24,801] [builder.py:646]            [DEBUG]    |                                                                                                    |
[2022-11-16 18:44:24,801] [builder.py:650]            [DEBUG]    | Validating Method: sort_title                                                                      |
[2022-11-16 18:44:24,802] [builder.py:651]            [DEBUG]    | Value: +++_40's Movies                                                                             |
[2022-11-16 18:44:24,833] [builder.py:814]            [INFO]     |                                                                                                    |
[2022-11-16 18:44:24,833] [builder.py:815]            [INFO]     | Validation Successful                                                                              |
[2022-11-16 18:44:24,834] [plex_meta_manager.py:594]  [INFO]     |                                                                                                    |
[2022-11-16 18:44:24,834] [plex_meta_manager.py:596]  [INFO]     |================================== Running 40's Movies Collection ==================================|
[2022-11-16 18:44:24,834] [plex_meta_manager.py:608]  [INFO]     |                                                                                                    |
[2022-11-16 18:44:24,834] [plex_meta_manager.py:609]  [INFO]     | Sync Mode: append                                                                                  |
[2022-11-16 18:44:24,834] [plex_meta_manager.py:612]  [DEBUG]    |                                                                                                    |
[2022-11-16 18:44:24,834] [plex_meta_manager.py:613]  [DEBUG]    | Builder: plex_search: (1, "Plex Movie Search\nSort By: ['title.asc']\nFilter:\n  Match all of the following:\n    Match any of the following:\n      Decade is 1940", '?type=1&sort=titleSort&push=1&decade=1940&pop=1') |
[2022-11-16 18:44:24,834] [plex_meta_manager.py:614]  [INFO]     |                                                                                                    |
[2022-11-16 18:44:24,834] [plex.py:924]               [INFO]     | Processing Plex Movie Search                                                                       |
                                                                 | Sort By: ['title.asc']
                                                                 | Filter:
                                                                 |   Match all of the following:
                                                                 |     Match any of the following:
                                                                 |       Decade is 1940
[2022-11-16 18:44:24,850] [builder.py:1574]           [DEBUG]    | 
[2022-11-16 18:44:24,850] [builder.py:1575]           [DEBUG]    | 3 IDs Found
[2022-11-16 18:44:24,850] [builder.py:1577]           [DEBUG]    | 
[2022-11-16 18:44:24,850] [builder.py:2158]           [INFO]     | 
[2022-11-16 18:44:24,851] [builder.py:2159]           [INFO]     |================================= Adding to 40's Movies Collection =================================|
[2022-11-16 18:44:24,851] [builder.py:2160]           [INFO]     |                                                                                                    |
[2022-11-16 18:44:24,851] [builder.py:2174]           [INFO]     | 1/3 | 40's Movies Collection | = | Frankenstein Meets the Wolf Man (1943)                          |
[2022-11-16 18:44:24,851] [builder.py:2174]           [INFO]     | 2/3 | 40's Movies Collection | = | The Uninvited (1944)                                            |
[2022-11-16 18:44:24,851] [builder.py:2174]           [INFO]     | 3/3 | 40's Movies Collection | = | The Wolf Man (1941)                                             |
[2022-11-16 18:44:24,851] [builder.py:2194]           [INFO]     |                                                                                                    |
[2022-11-16 18:44:24,851] [builder.py:2196]           [INFO]     | 3 Movies Processed 0 Movies Added                                                                  |
[2022-11-16 18:44:24,856] [builder.py:2527]           [INFO]     |                                                                                                    |
[2022-11-16 18:44:24,857] [builder.py:2528]           [INFO]     |============================ Updating Details of 40's Movies Collection ============================|
[2022-11-16 18:44:24,857] [builder.py:2529]           [INFO]     |                                                                                                    |
[2022-11-16 18:44:24,862] [builder.py:2595]           [INFO]     | Collection Metadata Edits                                                                          |
[2022-11-16 18:44:24,863] [util.py:174]               [DEBUG]    | 2 posters found:                                                                                   |
[2022-11-16 18:44:24,863] [util.py:176]               [DEBUG]    | Method: url_poster Poster: https://theposterdb.com/api/assets/105676                               |
[2022-11-16 18:44:24,863] [util.py:176]               [DEBUG]    | Method: asset_directory Poster: {'attribute': 'asset_directory', 'location': "/config/Halloween_Movies/Assets/40's Movies/poster.png", 'prefix': "40's Movies's ", 'is_poster': True, 'is_url': False, 'compare': 1267066, 'message': "40's Movies's poster to [File] /config/Halloween_Movies/Assets/40's Movies/poster.png"} |
[2022-11-16 18:44:24,864] [library.py:180]            [INFO]     | Detail: 40's Movies's poster update not needed                                                     |
[2022-11-16 18:44:24,892] [plex_meta_manager.py:736]  [INFO]     |                                                                                                    |
[2022-11-16 18:44:24,892] [plex_meta_manager.py:737]  [INFO]     |====================================================================================================|
[2022-11-16 18:44:24,892] [plex_meta_manager.py:737]  [INFO]     |                                  Finished 40's Movies Collection                                   |
[2022-11-16 18:44:24,892] [plex_meta_manager.py:737]  [INFO]     |                                    Collection Run Time: 0:00:00                                    |
[2022-11-16 18:44:24,893] [plex_meta_manager.py:737]  [INFO]     |====================================================================================================|
