[2022-11-16 23:07:55,907] [builder.py:193]            [INFO]     |====================================================================================================|
[2022-11-16 23:07:55,908] [builder.py:193]            [INFO]     |                               2030's Films Collection in New Movies                                |
[2022-11-16 23:07:55,909] [builder.py:193]            [INFO]     |====================================================================================================|
[2022-11-16 23:07:55,909] [builder.py:194]            [INFO]     |                                                                                                    |
[2022-11-16 23:07:55,909] [builder.py:199]            [INFO]     |================================ Building Definition From Templates ================================|
[2022-11-16 23:07:55,909] [builder.py:215]            [DEBUG]    |                                                                                                    |
[2022-11-16 23:07:55,910] [meta.py:210]               [DEBUG]    |========================================= Template Decade ==========================================|
[2022-11-16 23:07:55,910] [meta.py:451]               [DEBUG]    |                                                                                                    |
[2022-11-16 23:07:55,912] [meta.py:512]               [DEBUG]    |                                                                                                    |
[2022-11-16 23:07:55,913] [meta.py:513]               [DEBUG]    |==================================== Final Template Attributes =====================================|
[2022-11-16 23:07:55,913] [meta.py:514]               [DEBUG]    |                                                                                                    |
[2022-11-16 23:07:55,913] [meta.py:515]               [DEBUG]    | {'smart_filter': {'any': {'decade': 2030}, 'sort_by': 'release.desc', 'url_poster': 'https://theposterdb.com/api/assets/213590', 'sort_title': "+++++_2030's Films", 'collection_mode': 'hide'}} |
[2022-11-16 23:07:55,913] [meta.py:516]               [DEBUG]    |                                                                                                    |
[2022-11-16 23:07:55,913] [builder.py:223]            [INFO]     |================================ Validating 2030's Films Attributes ================================|
[2022-11-16 23:07:55,914] [builder.py:1784]           [INFO]     |                                                                                                    |
[2022-11-16 23:07:55,914] [builder.py:1785]           [INFO]     | Validating Method: smart_filter                                                                    |
[2022-11-16 23:07:55,914] [builder.py:1791]           [DEBUG]    | Value: {'any': {'decade': 2030}, 'sort_by': 'release.desc', 'url_poster': 'https://theposterdb.com/api/assets/213590', 'sort_title': "+++++_2030's Films", 'collection_mode': 'hide'} |
[2022-11-16 23:07:55,914] [builder.py:1978]           [DEBUG]    | Smart URL: ?type=1&sort=originallyAvailableAt%3Adesc&push=1&decade=2030&pop=1                      |
[2022-11-16 23:07:55,915] [builder.py:646]            [DEBUG]    |                                                                                                    |
[2022-11-16 23:07:55,915] [builder.py:650]            [DEBUG]    | Validating Method: summary                                                                         |
[2022-11-16 23:07:55,915] [builder.py:651]            [DEBUG]    | Value: A collection of films during the 2030s                                                      |
[2022-11-16 23:07:55,919] [plex.py:835]               [DEBUG]    |                                                                                                    |
[2022-11-16 23:07:55,920] [plex.py:838]               [DEBUG]    | Looking for: 2030's Films                                                                          |
[2022-11-16 23:07:55,920] [builder.py:814]            [INFO]     |                                                                                                    |
[2022-11-16 23:07:55,920] [builder.py:815]            [INFO]     | Validation Successful                                                                              |
[2022-11-16 23:07:55,920] [plex_meta_manager.py:594]  [INFO]     |                                                                                                    |
[2022-11-16 23:07:55,921] [plex_meta_manager.py:596]  [INFO]     |================================= Running 2030's Films Collection ==================================|
[2022-11-16 23:07:55,921] [plex_meta_manager.py:602]  [INFO]     |                                                                                                    |
[2022-11-16 23:07:55,921] [plex_meta_manager.py:603]  [INFO]     | Smart Movie Filter                                                                                 |
                                                                 | Sort By: ['release.desc']
                                                                 | Filter:
                                                                 |   Match any of the following:
                                                                 |     Decade is 2030
[2022-11-16 23:07:55,931] [plex_meta_manager.py:652]  [INFO]     | 
[2022-11-16 23:07:55,932] [plex_meta_manager.py:653]  [INFO]     | Collection Minimum: 2 not met for 2030's Films Collection
[2022-11-16 23:07:55,932] [plex_meta_manager.py:736]  [INFO]     | 
[2022-11-16 23:07:55,933] [plex_meta_manager.py:737]  [INFO]     |====================================================================================================|
[2022-11-16 23:07:55,933] [plex_meta_manager.py:737]  [INFO]     |                                  Finished 2030's Films Collection                                  |
[2022-11-16 23:07:55,933] [plex_meta_manager.py:737]  [INFO]     |                                    Collection Run Time: 0:00:00                                    |
[2022-11-16 23:07:55,933] [plex_meta_manager.py:737]  [INFO]     |====================================================================================================|
