[2022-11-17 00:44:35,341] [builder.py:193]            [INFO]     |====================================================================================================|
[2022-11-17 00:44:35,341] [builder.py:193]            [INFO]     |                          Jack Kirby (Writer) Collection in Marvel Movies                           |
[2022-11-17 00:44:35,341] [builder.py:193]            [INFO]     |====================================================================================================|
[2022-11-17 00:44:35,341] [builder.py:194]            [INFO]     |                                                                                                    |
[2022-11-17 00:44:35,341] [builder.py:199]            [INFO]     |================================ Building Definition From Templates ================================|
[2022-11-17 00:44:35,342] [builder.py:215]            [DEBUG]    |                                                                                                    |
[2022-11-17 00:44:35,342] [meta.py:210]               [DEBUG]    |====================================== Template smart_filter =======================================|
[2022-11-17 00:44:35,342] [meta.py:451]               [DEBUG]    |                                                                                                    |
[2022-11-17 00:44:35,348] [meta.py:210]               [DEBUG]    |======================================= Template translation =======================================|
[2022-11-17 00:44:35,349] [meta.py:451]               [DEBUG]    |                                                                                                    |
[2022-11-17 00:44:35,352] [meta.py:210]               [DEBUG]    |========================================= Template shared ==========================================|
[2022-11-17 00:44:35,353] [meta.py:451]               [DEBUG]    |                                                                                                    |
[2022-11-17 00:44:35,363] [meta.py:512]               [DEBUG]    |                                                                                                    |
[2022-11-17 00:44:35,364] [meta.py:513]               [DEBUG]    |==================================== Final Template Attributes =====================================|
[2022-11-17 00:44:35,364] [meta.py:514]               [DEBUG]    |                                                                                                    |
[2022-11-17 00:44:35,364] [meta.py:515]               [DEBUG]    | {'tmdb_person': ['Jack Kirby'], 'smart_filter': {'sort_by': 'title.asc', 'any': {'writer': 'tmdb'}}, 'summary': 'Movies written by Jack Kirby.', 'name': 'Jack Kirby (Writer)', 'ignore_blank_results': True, 'collection_mode': 'hide', 'sort_title': '!20_Jack Kirby (Writer)', 'url_poster': 'https://raw.githubusercontent.com/meisnate12/Plex-Meta-Manager-Images/master/people/rainier/Jack%20Kirby.jpg'} |
[2022-11-17 00:44:35,364] [meta.py:516]               [DEBUG]    |                                                                                                    |
[2022-11-17 00:44:35,364] [builder.py:223]            [INFO]     |============================ Validating Jack Kirby (Writer) Attributes =============================|
[2022-11-17 00:44:35,364] [builder.py:226]            [DEBUG]    |                                                                                                    |
[2022-11-17 00:44:35,364] [builder.py:227]            [DEBUG]    | Validating Method: name                                                                            |
[2022-11-17 00:44:35,364] [builder.py:230]            [DEBUG]    | Value: Jack Kirby (Writer)                                                                         |
[2022-11-17 00:44:35,364] [builder.py:502]            [DEBUG]    |                                                                                                    |
[2022-11-17 00:44:35,365] [builder.py:503]            [DEBUG]    | Validating Method: ignore_blank_results                                                            |
[2022-11-17 00:44:35,365] [builder.py:504]            [DEBUG]    | Value: True                                                                                        |
[2022-11-17 00:44:35,365] [builder.py:528]            [DEBUG]    |                                                                                                    |
[2022-11-17 00:44:35,365] [builder.py:529]            [DEBUG]    | Validating Method: tmdb_person                                                                     |
[2022-11-17 00:44:35,365] [builder.py:533]            [DEBUG]    | Value: ['Jack Kirby']                                                                              |
[2022-11-17 00:44:35,433] [builder.py:1784]           [INFO]     |                                                                                                    |
[2022-11-17 00:44:35,433] [builder.py:1785]           [INFO]     | Validating Method: smart_filter                                                                    |
[2022-11-17 00:44:35,433] [builder.py:1791]           [DEBUG]    | Value: {'sort_by': 'title.asc', 'any': {'writer': 'tmdb'}}                                         |
[2022-11-17 00:44:35,481] [builder.py:1978]           [DEBUG]    | Smart URL: ?type=1&sort=titleSort&push=1&writer=45786&pop=1                                        |
[2022-11-17 00:44:35,483] [builder.py:646]            [DEBUG]    |                                                                                                    |
[2022-11-17 00:44:35,483] [builder.py:650]            [DEBUG]    | Validating Method: label                                                                           |
[2022-11-17 00:44:35,483] [builder.py:651]            [DEBUG]    | Value: Top Writers                                                                                 |
[2022-11-17 00:44:35,483] [builder.py:646]            [DEBUG]    |                                                                                                    |
[2022-11-17 00:44:35,483] [builder.py:650]            [DEBUG]    | Validating Method: summary                                                                         |
[2022-11-17 00:44:35,483] [builder.py:651]            [DEBUG]    | Value: Movies written by Jack Kirby.                                                               |
[2022-11-17 00:44:35,483] [builder.py:646]            [DEBUG]    |                                                                                                    |
[2022-11-17 00:44:35,483] [builder.py:650]            [DEBUG]    | Validating Method: collection_mode                                                                 |
[2022-11-17 00:44:35,483] [builder.py:651]            [DEBUG]    | Value: hide                                                                                        |
[2022-11-17 00:44:35,483] [builder.py:646]            [DEBUG]    |                                                                                                    |
[2022-11-17 00:44:35,483] [builder.py:650]            [DEBUG]    | Validating Method: sort_title                                                                      |
[2022-11-17 00:44:35,484] [builder.py:651]            [DEBUG]    | Value: !20_Jack Kirby (Writer)                                                                     |
[2022-11-17 00:44:35,484] [builder.py:646]            [DEBUG]    |                                                                                                    |
[2022-11-17 00:44:35,484] [builder.py:650]            [DEBUG]    | Validating Method: url_poster                                                                      |
[2022-11-17 00:44:35,484] [builder.py:651]            [DEBUG]    | Value: https://raw.githubusercontent.com/meisnate12/Plex-Meta-Manager-Images/master/people/rainier/Jack%20Kirby.jpg |
[2022-11-17 00:44:35,662] [plex.py:835]               [DEBUG]    |                                                                                                    |
[2022-11-17 00:44:35,662] [plex.py:838]               [DEBUG]    | Looking for: Jack Kirby (Writer)                                                                   |
[2022-11-17 00:44:35,662] [builder.py:814]            [INFO]     |                                                                                                    |
[2022-11-17 00:44:35,662] [builder.py:815]            [INFO]     | Validation Successful                                                                              |
[2022-11-17 00:44:35,663] [plex_meta_manager.py:594]  [INFO]     |                                                                                                    |
[2022-11-17 00:44:35,663] [plex_meta_manager.py:596]  [INFO]     |============================== Running Jack Kirby (Writer) Collection ==============================|
[2022-11-17 00:44:35,663] [plex_meta_manager.py:602]  [INFO]     |                                                                                                    |
[2022-11-17 00:44:35,663] [plex_meta_manager.py:603]  [INFO]     | Smart Movie Filter                                                                                 |
                                                                 | Sort By: ['title.asc']
                                                                 | Filter:
                                                                 |   Match any of the following:
                                                                 |     Writer is Jack Kirby
[2022-11-17 00:44:35,716] [builder.py:2509]           [DEBUG]    | Smart Collection Created: ?type=1&sort=titleSort&push=1&writer=45786&pop=1
[2022-11-17 00:44:35,721] [builder.py:2527]           [INFO]     | 
[2022-11-17 00:44:35,722] [builder.py:2528]           [INFO]     |======================== Updating Details of Jack Kirby (Writer) Collection ========================|
[2022-11-17 00:44:35,722] [builder.py:2529]           [INFO]     |                                                                                                    |
[2022-11-17 00:44:35,730] [builder.py:2595]           [INFO]     | Collection Metadata Edits                                                                          |
                                                                 | Summary (summary) | Movies written by Jack Kirby.
                                                                 | Sort Title | !20_Jack Kirby (Writer)
                                                                 | Label | +Top Writers, +PMM
[2022-11-17 00:44:37,505] [builder.py:2599]           [INFO]     | Details: have been updated
[2022-11-17 00:44:37,505] [builder.py:2603]           [INFO]     | 
[2022-11-17 00:44:39,172] [builder.py:2615]           [INFO]     | Collection Mode | hide
[2022-11-17 00:44:39,178] [plex.py:1203]              [WARNING]  | Asset Warning: Asset Directory Not Found and Created: config/Marvel_Movies/Assets/Jack Kirby (Writer)
[2022-11-17 00:44:39,178] [util.py:174]               [DEBUG]    | 2 posters found:
[2022-11-17 00:44:39,178] [util.py:176]               [DEBUG]    | Method: tmdb_person Poster: https://image.tmdb.org/t/p/original/ihhR019gL1WrXdSQNJITAY6dont.jpg
[2022-11-17 00:44:39,178] [util.py:176]               [DEBUG]    | Method: url_poster Poster: https://raw.githubusercontent.com/meisnate12/Plex-Meta-Manager-Images/master/people/rainier/Jack%20Kirby.jpg
[2022-11-17 00:44:39,449] [library.py:178]            [INFO]     | Detail: asset_directory updated Jack Kirby (Writer)'s poster to [File] config/Marvel_Movies/Assets/Jack Kirby (Writer)/poster.jpg
[2022-11-17 00:44:39,521] [plex_meta_manager.py:736]  [INFO]     | 
[2022-11-17 00:44:39,522] [plex_meta_manager.py:737]  [INFO]     |====================================================================================================|
[2022-11-17 00:44:39,522] [plex_meta_manager.py:737]  [INFO]     |                              Finished Jack Kirby (Writer) Collection                               |
[2022-11-17 00:44:39,522] [plex_meta_manager.py:737]  [INFO]     |                                    Collection Run Time: 0:00:04                                    |
[2022-11-17 00:44:39,522] [plex_meta_manager.py:737]  [INFO]     |====================================================================================================|
