[2022-11-24 16:52:41,399] [builder.py:193]            [INFO]     |====================================================================================================|
[2022-11-24 16:52:41,400] [builder.py:193]            [INFO]     |                        Stefanie von Pfetten Collection in Christmas Movies                         |
[2022-11-24 16:52:41,400] [builder.py:193]            [INFO]     |====================================================================================================|
[2022-11-24 16:52:41,400] [builder.py:194]            [INFO]     |                                                                                                    |
[2022-11-24 16:52:41,401] [builder.py:199]            [INFO]     |================================ Building Definition From Templates ================================|
[2022-11-24 16:52:41,401] [builder.py:215]            [DEBUG]    |                                                                                                    |
[2022-11-24 16:52:41,401] [meta.py:210]               [DEBUG]    |====================================== Template smart_filter =======================================|
[2022-11-24 16:52:41,402] [meta.py:451]               [DEBUG]    |                                                                                                    |
[2022-11-24 16:52:41,412] [meta.py:210]               [DEBUG]    |======================================= Template translation =======================================|
[2022-11-24 16:52:41,415] [meta.py:451]               [DEBUG]    |                                                                                                    |
[2022-11-24 16:52:41,419] [meta.py:210]               [DEBUG]    |========================================= Template shared ==========================================|
[2022-11-24 16:52:41,420] [meta.py:451]               [DEBUG]    |                                                                                                    |
[2022-11-24 16:52:41,446] [meta.py:512]               [DEBUG]    |                                                                                                    |
[2022-11-24 16:52:41,446] [meta.py:513]               [DEBUG]    |==================================== Final Template Attributes =====================================|
[2022-11-24 16:52:41,446] [meta.py:514]               [DEBUG]    |                                                                                                    |
[2022-11-24 16:52:41,447] [meta.py:515]               [DEBUG]    | {'tmdb_person': ['Stefanie von Pfetten'], 'smart_filter': {'sort_by': 'title.asc', 'any': {'actor': 'tmdb'}}, 'summary': 'Movies with Stefanie von Pfetten.', 'name': 'Stefanie von Pfetten', 'ignore_blank_results': True, 'collection_mode': 'hide', 'sort_title': '!17_Stefanie von Pfetten', 'url_poster': 'https://raw.githubusercontent.com/meisnate12/Plex-Meta-Manager-Images/master/people/rainier/Stefanie%20von%20Pfetten.jpg'} |
[2022-11-24 16:52:41,447] [meta.py:516]               [DEBUG]    |                                                                                                    |
[2022-11-24 16:52:41,447] [builder.py:223]            [INFO]     |============================ Validating Stefanie von Pfetten Attributes ============================|
[2022-11-24 16:52:41,448] [builder.py:226]            [DEBUG]    |                                                                                                    |
[2022-11-24 16:52:41,448] [builder.py:227]            [DEBUG]    | Validating Method: name                                                                            |
[2022-11-24 16:52:41,448] [builder.py:230]            [DEBUG]    | Value: Stefanie von Pfetten                                                                        |
[2022-11-24 16:52:41,448] [builder.py:502]            [DEBUG]    |                                                                                                    |
[2022-11-24 16:52:41,448] [builder.py:503]            [DEBUG]    | Validating Method: ignore_blank_results                                                            |
[2022-11-24 16:52:41,449] [builder.py:504]            [DEBUG]    | Value: True                                                                                        |
[2022-11-24 16:52:41,449] [builder.py:528]            [DEBUG]    |                                                                                                    |
[2022-11-24 16:52:41,449] [builder.py:529]            [DEBUG]    | Validating Method: tmdb_person                                                                     |
[2022-11-24 16:52:41,449] [builder.py:533]            [DEBUG]    | Value: ['Stefanie von Pfetten']                                                                    |
[2022-11-24 16:52:41,595] [builder.py:1784]           [INFO]     |                                                                                                    |
[2022-11-24 16:52:41,598] [builder.py:1785]           [INFO]     | Validating Method: smart_filter                                                                    |
[2022-11-24 16:52:41,598] [builder.py:1791]           [DEBUG]    | Value: {'sort_by': 'title.asc', 'any': {'actor': 'tmdb'}}                                          |
[2022-11-24 16:52:42,519] [builder.py:1978]           [DEBUG]    | Smart URL: ?type=1&sort=titleSort&push=1&actor=85&pop=1                                            |
[2022-11-24 16:52:42,520] [builder.py:646]            [DEBUG]    |                                                                                                    |
[2022-11-24 16:52:42,520] [builder.py:650]            [DEBUG]    | Validating Method: label                                                                           |
[2022-11-24 16:52:42,520] [builder.py:651]            [DEBUG]    | Value: Top Actors                                                                                  |
[2022-11-24 16:52:42,520] [builder.py:646]            [DEBUG]    |                                                                                                    |
[2022-11-24 16:52:42,520] [builder.py:650]            [DEBUG]    | Validating Method: summary                                                                         |
[2022-11-24 16:52:42,520] [builder.py:651]            [DEBUG]    | Value: Movies with Stefanie von Pfetten.                                                           |
[2022-11-24 16:52:42,521] [builder.py:646]            [DEBUG]    |                                                                                                    |
[2022-11-24 16:52:42,521] [builder.py:650]            [DEBUG]    | Validating Method: collection_mode                                                                 |
[2022-11-24 16:52:42,521] [builder.py:651]            [DEBUG]    | Value: hide                                                                                        |
[2022-11-24 16:52:42,521] [builder.py:646]            [DEBUG]    |                                                                                                    |
[2022-11-24 16:52:42,521] [builder.py:650]            [DEBUG]    | Validating Method: sort_title                                                                      |
[2022-11-24 16:52:42,521] [builder.py:651]            [DEBUG]    | Value: !17_Stefanie von Pfetten                                                                    |
[2022-11-24 16:52:42,521] [builder.py:646]            [DEBUG]    |                                                                                                    |
[2022-11-24 16:52:42,522] [builder.py:650]            [DEBUG]    | Validating Method: url_poster                                                                      |
[2022-11-24 16:52:42,522] [builder.py:651]            [DEBUG]    | Value: https://raw.githubusercontent.com/meisnate12/Plex-Meta-Manager-Images/master/people/rainier/Stefanie%20von%20Pfetten.jpg |
[2022-11-24 16:52:42,625] [builder.py:845]            [WARNING]  | Collection Warning: No Poster Found at https://raw.githubusercontent.com/meisnate12/Plex-Meta-Manager-Images/master/people/rainier/Stefanie%20von%20Pfetten.jpg |
[2022-11-24 16:52:42,633] [plex.py:835]               [DEBUG]    |                                                                                                    |
[2022-11-24 16:52:42,633] [plex.py:838]               [DEBUG]    | Looking for: Stefanie von Pfetten                                                                  |
[2022-11-24 16:52:42,634] [builder.py:814]            [INFO]     |                                                                                                    |
[2022-11-24 16:52:42,634] [builder.py:815]            [INFO]     | Validation Successful                                                                              |
[2022-11-24 16:52:42,634] [plex_meta_manager.py:594]  [INFO]     |                                                                                                    |
[2022-11-24 16:52:42,634] [plex_meta_manager.py:596]  [INFO]     |============================= Running Stefanie von Pfetten Collection ==============================|
[2022-11-24 16:52:42,635] [plex_meta_manager.py:602]  [INFO]     |                                                                                                    |
[2022-11-24 16:52:42,635] [plex_meta_manager.py:603]  [INFO]     | Smart Movie Filter                                                                                 |
                                                                 | Sort By: ['title.asc']
                                                                 | Filter:
                                                                 |   Match any of the following:
                                                                 |     Actor is Stefanie von Pfetten
[2022-11-24 16:52:42,683] [builder.py:2509]           [DEBUG]    | Smart Collection Created: ?type=1&sort=titleSort&push=1&actor=85&pop=1
[2022-11-24 16:52:42,697] [builder.py:2527]           [INFO]     | 
[2022-11-24 16:52:42,697] [builder.py:2528]           [INFO]     |======================= Updating Details of Stefanie von Pfetten Collection ========================|
[2022-11-24 16:52:42,697] [builder.py:2529]           [INFO]     |                                                                                                    |
[2022-11-24 16:52:42,732] [builder.py:2595]           [INFO]     | Collection Metadata Edits                                                                          |
                                                                 | Summary (summary) | Movies with Stefanie von Pfetten.
                                                                 | Sort Title | !17_Stefanie von Pfetten
                                                                 | Label | +Top Actors, +PMM
[2022-11-24 16:52:46,408] [builder.py:2599]           [INFO]     | Details: have been updated
[2022-11-24 16:52:46,408] [builder.py:2603]           [INFO]     | 
[2022-11-24 16:52:50,762] [builder.py:2615]           [INFO]     | Collection Mode | hide
[2022-11-24 16:52:50,838] [plex.py:1203]              [WARNING]  | Asset Warning: Asset Directory Not Found and Created: config/Christmas_Movies/Assets/Stefanie von Pfetten
[2022-11-24 16:52:50,838] [util.py:174]               [DEBUG]    | 1 poster found:
[2022-11-24 16:52:50,839] [util.py:176]               [DEBUG]    | Method: tmdb_person Poster: https://image.tmdb.org/t/p/original/tWi0AnHQyAX6tx8B8QVNu9UmY2d.jpg
[2022-11-24 16:52:50,963] [library.py:178]            [INFO]     | Detail: tmdb_person updated poster to [URL] https://image.tmdb.org/t/p/original/tWi0AnHQyAX6tx8B8QVNu9UmY2d.jpg
[2022-11-24 16:52:51,036] [plex_meta_manager.py:736]  [INFO]     | 
[2022-11-24 16:52:51,036] [plex_meta_manager.py:737]  [INFO]     |====================================================================================================|
[2022-11-24 16:52:51,036] [plex_meta_manager.py:737]  [INFO]     |                              Finished Stefanie von Pfetten Collection                              |
[2022-11-24 16:52:51,037] [plex_meta_manager.py:737]  [INFO]     |                                    Collection Run Time: 0:00:09                                    |
[2022-11-24 16:52:51,037] [plex_meta_manager.py:737]  [INFO]     |====================================================================================================|
