[2022-11-17 00:28:47,258] [builder.py:193]            [INFO]     |====================================================================================================|
[2022-11-17 00:28:47,258] [builder.py:193]            [INFO]     |                                Deadpool Collection in Marvel Movies                                |
[2022-11-17 00:28:47,258] [builder.py:193]            [INFO]     |====================================================================================================|
[2022-11-17 00:28:47,258] [builder.py:194]            [INFO]     |                                                                                                    |
[2022-11-17 00:28:47,259] [builder.py:199]            [INFO]     |================================ Building Definition From Templates ================================|
[2022-11-17 00:28:47,259] [builder.py:215]            [DEBUG]    |                                                                                                    |
[2022-11-17 00:28:47,259] [meta.py:210]               [DEBUG]    |======================================= Template Collection ========================================|
[2022-11-17 00:28:47,259] [meta.py:451]               [DEBUG]    |                                                                                                    |
[2022-11-17 00:28:47,262] [meta.py:512]               [DEBUG]    |                                                                                                    |
[2022-11-17 00:28:47,262] [meta.py:513]               [DEBUG]    |==================================== Final Template Attributes =====================================|
[2022-11-17 00:28:47,262] [meta.py:514]               [DEBUG]    |                                                                                                    |
[2022-11-17 00:28:47,262] [meta.py:515]               [DEBUG]    | {'tmdb_collection': 448150, 'tmdb_summary': 448150, 'url_poster': 'https://theposterdb.com/api/assets/95338', 'sort_title': '+4_Deadpool', 'tmdb_movie': 567604, 'sync_mode': 'sync', 'collection_order': 'release'} |
[2022-11-17 00:28:47,263] [meta.py:516]               [DEBUG]    |                                                                                                    |
[2022-11-17 00:28:47,263] [builder.py:223]            [INFO]     |================================== Validating Deadpool Attributes ==================================|
[2022-11-17 00:28:47,263] [builder.py:516]            [DEBUG]    |                                                                                                    |
[2022-11-17 00:28:47,263] [builder.py:517]            [DEBUG]    | Validating Method: sync_mode                                                                       |
[2022-11-17 00:28:47,263] [builder.py:521]            [DEBUG]    | Value: sync                                                                                        |
[2022-11-17 00:28:47,263] [builder.py:613]            [DEBUG]    |                                                                                                    |
[2022-11-17 00:28:47,263] [builder.py:614]            [DEBUG]    | Validating Method: collection_order                                                                |
[2022-11-17 00:28:47,263] [builder.py:615]            [DEBUG]    | Value: release                                                                                     |
[2022-11-17 00:28:47,263] [builder.py:646]            [DEBUG]    |                                                                                                    |
[2022-11-17 00:28:47,263] [builder.py:650]            [DEBUG]    | Validating Method: tmdb_collection                                                                 |
[2022-11-17 00:28:47,264] [builder.py:651]            [DEBUG]    | Value: 448150                                                                                      |
[2022-11-17 00:28:47,273] [builder.py:646]            [DEBUG]    |                                                                                                    |
[2022-11-17 00:28:47,273] [builder.py:650]            [DEBUG]    | Validating Method: tmdb_summary                                                                    |
[2022-11-17 00:28:47,273] [builder.py:651]            [DEBUG]    | Value: 448150                                                                                      |
[2022-11-17 00:28:47,282] [builder.py:646]            [DEBUG]    |                                                                                                    |
[2022-11-17 00:28:47,282] [builder.py:650]            [DEBUG]    | Validating Method: url_poster                                                                      |
[2022-11-17 00:28:47,283] [builder.py:651]            [DEBUG]    | Value: https://theposterdb.com/api/assets/95338                                                    |
[2022-11-17 00:28:47,962] [builder.py:646]            [DEBUG]    |                                                                                                    |
[2022-11-17 00:28:47,963] [builder.py:650]            [DEBUG]    | Validating Method: sort_title                                                                      |
[2022-11-17 00:28:47,963] [builder.py:651]            [DEBUG]    | Value: +4_Deadpool                                                                                 |
[2022-11-17 00:28:47,963] [builder.py:646]            [DEBUG]    |                                                                                                    |
[2022-11-17 00:28:47,963] [builder.py:650]            [DEBUG]    | Validating Method: tmdb_movie                                                                      |
[2022-11-17 00:28:47,963] [builder.py:651]            [DEBUG]    | Value: 567604                                                                                      |
[2022-11-17 00:28:48,009] [builder.py:814]            [INFO]     |                                                                                                    |
[2022-11-17 00:28:48,009] [builder.py:815]            [INFO]     | Validation Successful                                                                              |
[2022-11-17 00:28:48,010] [plex_meta_manager.py:594]  [INFO]     |                                                                                                    |
[2022-11-17 00:28:48,010] [plex_meta_manager.py:596]  [INFO]     |=================================== Running Deadpool Collection ====================================|
[2022-11-17 00:28:48,010] [plex_meta_manager.py:608]  [INFO]     |                                                                                                    |
[2022-11-17 00:28:48,010] [plex_meta_manager.py:609]  [INFO]     | Sync Mode: sync                                                                                    |
[2022-11-17 00:28:48,011] [plex_meta_manager.py:612]  [DEBUG]    |                                                                                                    |
[2022-11-17 00:28:48,011] [plex_meta_manager.py:613]  [DEBUG]    | Builder: tmdb_collection: 448150                                                                   |
[2022-11-17 00:28:48,011] [plex_meta_manager.py:614]  [INFO]     |                                                                                                    |
[2022-11-17 00:28:48,019] [tmdb.py:389]               [INFO]     | Processing TMDb Collection: (448150) Deadpool Collection (3 Items)                                 |
[2022-11-17 00:28:48,019] [builder.py:1574]           [DEBUG]    |                                                                                                    |
[2022-11-17 00:28:48,019] [builder.py:1575]           [DEBUG]    | 3 IDs Found                                                                                        |
[2022-11-17 00:28:48,019] [builder.py:1577]           [DEBUG]    |                                                                                                    |
[2022-11-17 00:28:48,020] [plex_meta_manager.py:612]  [DEBUG]    |                                                                                                    |
[2022-11-17 00:28:48,020] [plex_meta_manager.py:613]  [DEBUG]    | Builder: tmdb_movie: 567604                                                                        |
[2022-11-17 00:28:48,020] [plex_meta_manager.py:614]  [INFO]     |                                                                                                    |
[2022-11-17 00:28:48,033] [tmdb.py:389]               [INFO]     | Processing TMDb Movie: (567604) Once Upon a Deadpool (1 Item)                                      |
[2022-11-17 00:28:48,033] [builder.py:1574]           [DEBUG]    |                                                                                                    |
[2022-11-17 00:28:48,033] [builder.py:1575]           [DEBUG]    | 1 IDs Found                                                                                        |
[2022-11-17 00:28:48,033] [builder.py:1577]           [DEBUG]    |                                                                                                    |
[2022-11-17 00:28:48,034] [builder.py:2158]           [INFO]     |                                                                                                    |
[2022-11-17 00:28:48,034] [builder.py:2159]           [INFO]     |================================== Adding to Deadpool Collection ===================================|
[2022-11-17 00:28:48,034] [builder.py:2160]           [INFO]     |                                                                                                    |
[2022-11-17 00:28:48,034] [builder.py:2174]           [INFO]     | 1/2 | Deadpool Collection | = | Deadpool (2016)                                                    |
[2022-11-17 00:28:48,034] [builder.py:2174]           [INFO]     | 2/2 | Deadpool Collection | = | Deadpool 2 (2018)                                                  |
[2022-11-17 00:28:48,035] [builder.py:2194]           [INFO]     |                                                                                                    |
[2022-11-17 00:28:48,035] [builder.py:2196]           [INFO]     | 2 Movies Processed 0 Movies Added                                                                  |
[2022-11-17 00:28:48,035] [builder.py:2306]           [INFO]     |                                                                                                    |
[2022-11-17 00:28:48,035] [builder.py:2307]           [INFO]     |============================ Missing Movies from Library: Marvel Movies ============================|
[2022-11-17 00:28:48,035] [builder.py:2308]           [INFO]     |                                                                                                    |
[2022-11-17 00:28:48,046] [builder.py:2325]           [INFO]     | Deadpool Collection | X | Deadpool 3 (2024) (TMDb: 533535)                                         |
[2022-11-17 00:28:48,055] [builder.py:2321]           [INFO]     | Deadpool Collection | ? | Once Upon a Deadpool (2018) (TMDb: 567604)                               |
[2022-11-17 00:28:48,056] [builder.py:2326]           [INFO]     |                                                                                                    |
[2022-11-17 00:28:48,056] [builder.py:2327]           [INFO]     | 1 Movie Missing                                                                                    |
[2022-11-17 00:28:52,775] [builder.py:2527]           [INFO]     |                                                                                                    |
[2022-11-17 00:28:52,776] [builder.py:2528]           [INFO]     |============================= Updating Details of Deadpool Collection ==============================|
[2022-11-17 00:28:52,776] [builder.py:2529]           [INFO]     |                                                                                                    |
[2022-11-17 00:28:52,784] [builder.py:2595]           [INFO]     | Collection Metadata Edits                                                                          |
[2022-11-17 00:28:52,787] [util.py:174]               [DEBUG]    | 2 posters found:                                                                                   |
[2022-11-17 00:28:52,788] [util.py:176]               [DEBUG]    | Method: url_poster Poster: https://theposterdb.com/api/assets/95338                                |
[2022-11-17 00:28:52,788] [util.py:176]               [DEBUG]    | Method: asset_directory Poster: {'attribute': 'asset_directory', 'location': '/config/Marvel_Movies/Assets/Deadpool/poster.png', 'prefix': "Deadpool's ", 'is_poster': True, 'is_url': False, 'compare': 2462234, 'message': "Deadpool's poster to [File] /config/Marvel_Movies/Assets/Deadpool/poster.png"} |
[2022-11-17 00:28:52,790] [library.py:180]            [INFO]     | Detail: Deadpool's poster update not needed                                                        |
[2022-11-17 00:28:52,807] [plex_meta_manager.py:736]  [INFO]     |                                                                                                    |
[2022-11-17 00:28:52,808] [plex_meta_manager.py:737]  [INFO]     |====================================================================================================|
[2022-11-17 00:28:52,808] [plex_meta_manager.py:737]  [INFO]     |                                    Finished Deadpool Collection                                    |
[2022-11-17 00:28:52,808] [plex_meta_manager.py:737]  [INFO]     |                                    Collection Run Time: 0:00:05                                    |
[2022-11-17 00:28:52,808] [plex_meta_manager.py:737]  [INFO]     |====================================================================================================|
