[2022-11-25 15:59:40,197] [builder.py:193]            [INFO]     |====================================================================================================|
[2022-11-25 15:59:40,197] [builder.py:193]            [INFO]     |                                 All 4 Shows Collection in TV Shows                                 |
[2022-11-25 15:59:40,198] [builder.py:193]            [INFO]     |====================================================================================================|
[2022-11-25 15:59:40,198] [builder.py:194]            [INFO]     |                                                                                                    |
[2022-11-25 15:59:40,198] [builder.py:199]            [INFO]     |================================ Building Definition From Templates ================================|
[2022-11-25 15:59:40,198] [builder.py:215]            [DEBUG]    |                                                                                                    |
[2022-11-25 15:59:40,198] [meta.py:210]               [DEBUG]    |======================================== Template mdb_smart ========================================|
[2022-11-25 15:59:40,199] [meta.py:451]               [DEBUG]    |                                                                                                    |
[2022-11-25 15:59:40,216] [meta.py:210]               [DEBUG]    |======================================= Template translation =======================================|
[2022-11-25 15:59:40,216] [meta.py:451]               [DEBUG]    |                                                                                                    |
[2022-11-25 15:59:40,220] [meta.py:210]               [DEBUG]    |========================================= Template shared ==========================================|
[2022-11-25 15:59:40,221] [meta.py:451]               [DEBUG]    |                                                                                                    |
[2022-11-25 15:59:40,245] [meta.py:210]               [DEBUG]    |=========================================== Template arr ===========================================|
[2022-11-25 15:59:40,246] [meta.py:451]               [DEBUG]    |                                                                                                    |
[2022-11-25 15:59:40,258] [meta.py:512]               [DEBUG]    |                                                                                                    |
[2022-11-25 15:59:40,258] [meta.py:513]               [DEBUG]    |==================================== Final Template Attributes =====================================|
[2022-11-25 15:59:40,258] [meta.py:514]               [DEBUG]    |                                                                                                    |
[2022-11-25 15:59:40,258] [meta.py:515]               [DEBUG]    | {'cache_builders': 1, 'smart_label': 'release.desc', 'sync_mode': 'sync', 'mdblist_list': 'https://mdblist.com/lists/plexmetamanager/all4-shows', 'summary': 'Shows streaming on All 4.', 'name': 'All 4 Shows', 'ignore_blank_results': True, 'sort_title': '!03_All 4 Shows', 'url_poster': 'https://raw.githubusercontent.com/meisnate12/Plex-Meta-Manager-Images/master/streaming/All%204.jpg'} |
[2022-11-25 15:59:40,259] [meta.py:516]               [DEBUG]    |                                                                                                    |
[2022-11-25 15:59:40,259] [builder.py:223]            [INFO]     |================================ Validating All 4 Shows Attributes =================================|
[2022-11-25 15:59:40,259] [builder.py:226]            [DEBUG]    |                                                                                                    |
[2022-11-25 15:59:40,259] [builder.py:227]            [DEBUG]    | Validating Method: name                                                                            |
[2022-11-25 15:59:40,259] [builder.py:230]            [DEBUG]    | Value: All 4 Shows                                                                                 |
[2022-11-25 15:59:40,259] [builder.py:422]            [DEBUG]    |                                                                                                    |
[2022-11-25 15:59:40,259] [builder.py:423]            [DEBUG]    | Validating Method: smart_label                                                                     |
[2022-11-25 15:59:40,260] [builder.py:428]            [DEBUG]    | Value: release.desc                                                                                |
[2022-11-25 15:59:40,272] [builder.py:502]            [DEBUG]    |                                                                                                    |
[2022-11-25 15:59:40,273] [builder.py:503]            [DEBUG]    | Validating Method: ignore_blank_results                                                            |
[2022-11-25 15:59:40,273] [builder.py:504]            [DEBUG]    | Value: True                                                                                        |
[2022-11-25 15:59:40,273] [builder.py:516]            [DEBUG]    |                                                                                                    |
[2022-11-25 15:59:40,273] [builder.py:517]            [DEBUG]    | Validating Method: sync_mode                                                                       |
[2022-11-25 15:59:40,273] [builder.py:521]            [DEBUG]    | Value: sync                                                                                        |
[2022-11-25 15:59:40,273] [builder.py:646]            [DEBUG]    |                                                                                                    |
[2022-11-25 15:59:40,273] [builder.py:650]            [DEBUG]    | Validating Method: label                                                                           |
[2022-11-25 15:59:40,273] [builder.py:651]            [DEBUG]    | Value: Streaming                                                                                   |
[2022-11-25 15:59:40,274] [builder.py:646]            [DEBUG]    |                                                                                                    |
[2022-11-25 15:59:40,274] [builder.py:650]            [DEBUG]    | Validating Method: cache_builders                                                                  |
[2022-11-25 15:59:40,274] [builder.py:651]            [DEBUG]    | Value: 1                                                                                           |
[2022-11-25 15:59:40,274] [builder.py:646]            [DEBUG]    |                                                                                                    |
[2022-11-25 15:59:40,274] [builder.py:650]            [DEBUG]    | Validating Method: mdblist_list                                                                    |
[2022-11-25 15:59:40,274] [builder.py:651]            [DEBUG]    | Value: https://mdblist.com/lists/plexmetamanager/all4-shows                                        |
[2022-11-25 15:59:40,275] [builder.py:646]            [DEBUG]    |                                                                                                    |
[2022-11-25 15:59:40,275] [builder.py:650]            [DEBUG]    | Validating Method: summary                                                                         |
[2022-11-25 15:59:40,275] [builder.py:651]            [DEBUG]    | Value: Shows streaming on All 4.                                                                   |
[2022-11-25 15:59:40,275] [builder.py:646]            [DEBUG]    |                                                                                                    |
[2022-11-25 15:59:40,275] [builder.py:650]            [DEBUG]    | Validating Method: sort_title                                                                      |
[2022-11-25 15:59:40,275] [builder.py:651]            [DEBUG]    | Value: !03_All 4 Shows                                                                             |
[2022-11-25 15:59:40,275] [builder.py:646]            [DEBUG]    |                                                                                                    |
[2022-11-25 15:59:40,275] [builder.py:650]            [DEBUG]    | Validating Method: url_poster                                                                      |
[2022-11-25 15:59:40,277] [builder.py:651]            [DEBUG]    | Value: https://raw.githubusercontent.com/meisnate12/Plex-Meta-Manager-Images/master/streaming/All%204.jpg |
[2022-11-25 15:59:40,425] [builder.py:814]            [INFO]     |                                                                                                    |
[2022-11-25 15:59:40,425] [builder.py:815]            [INFO]     | Validation Successful                                                                              |
[2022-11-25 15:59:40,426] [plex_meta_manager.py:594]  [INFO]     |                                                                                                    |
[2022-11-25 15:59:40,426] [plex_meta_manager.py:596]  [INFO]     |================================== Running All 4 Shows Collection ==================================|
[2022-11-25 15:59:40,426] [plex_meta_manager.py:602]  [INFO]     |                                                                                                    |
[2022-11-25 15:59:40,426] [plex_meta_manager.py:603]  [INFO]     | Smart Show Label                                                                                   |
                                                                 | Sort By: ['release.desc']
                                                                 | Filter:
                                                                 |   Match all of the following:
                                                                 |     Label is All 4 Shows
[2022-11-25 15:59:40,426] [plex_meta_manager.py:608]  [INFO]     | 
[2022-11-25 15:59:40,426] [plex_meta_manager.py:609]  [INFO]     | Sync Mode: sync
[2022-11-25 15:59:40,426] [plex_meta_manager.py:612]  [DEBUG]    | 
[2022-11-25 15:59:40,427] [plex_meta_manager.py:613]  [DEBUG]    | Builder: mdblist_list: {'url': 'https://mdblist.com/lists/plexmetamanager/all4-shows', 'limit': 0, 'sort_by': 'rank.asc'}
[2022-11-25 15:59:40,427] [plex_meta_manager.py:614]  [INFO]     | 
[2022-11-25 15:59:40,428] [builder.py:1523]           [INFO]     | Builder: mdblist_list loaded from Cache
[2022-11-25 15:59:40,433] [builder.py:1574]           [DEBUG]    | 
[2022-11-25 15:59:40,434] [builder.py:1575]           [DEBUG]    | 385 IDs Found
[2022-11-25 15:59:40,434] [builder.py:1577]           [DEBUG]    | 
[2022-11-25 15:59:40,469] [builder.py:1689]           [WARNING]  | Convert Error: No TVDb ID Found for TMDb ID: 132123
[2022-11-25 15:59:40,587] [builder.py:1689]           [WARNING]  | Convert Error: No TVDb ID Found for TMDb ID: 74439
[2022-11-25 15:59:40,642] [builder.py:1689]           [WARNING]  | Convert Error: No TVDb ID Found for TMDb ID: 44641
[2022-11-25 15:59:40,706] [builder.py:1689]           [WARNING]  | Convert Error: No TVDb ID Found for TMDb ID: 93451
[2022-11-25 15:59:40,831] [builder.py:1689]           [WARNING]  | Convert Error: No TVDb ID Found for TMDb ID: 42174
[2022-11-25 15:59:40,947] [builder.py:2158]           [INFO]     | 
[2022-11-25 15:59:40,947] [builder.py:2159]           [INFO]     |================================= Adding to All 4 Shows Collection =================================|
[2022-11-25 15:59:40,948] [builder.py:2160]           [INFO]     |                                                                                                    |
[2022-11-25 15:59:40,970] [builder.py:2174]           [INFO]     | 1/4 | All 4 Shows Collection | = | The Rook                                                        |
[2022-11-25 15:59:40,970] [builder.py:2174]           [INFO]     | 2/4 | All 4 Shows Collection | = | Humans                                                          |
[2022-11-25 15:59:40,970] [builder.py:2174]           [INFO]     | 3/4 | All 4 Shows Collection | = | 2 Broke Girls                                                   |
[2022-11-25 15:59:40,971] [builder.py:2174]           [INFO]     | 4/4 | All 4 Shows Collection | = | Kitchen Nightmares (US)                                         |
[2022-11-25 15:59:40,971] [builder.py:2194]           [INFO]     |                                                                                                    |
[2022-11-25 15:59:40,971] [builder.py:2196]           [INFO]     | 4 Shows Processed 0 Shows Added                                                                    |
[2022-11-25 15:59:40,971] [builder.py:2352]           [INFO]     |                                                                                                    |
[2022-11-25 15:59:40,971] [builder.py:2353]           [INFO]     |============================= Missing Shows from Library: All 4 Shows ==============================|
[2022-11-25 15:59:40,971] [builder.py:2354]           [INFO]     |                                                                                                    |
[2022-11-25 15:59:41,090] [builder.py:2366]           [INFO]     | All 4 Shows Collection | ? | Somewhere Boy (TVDb: 417959)                                          |
[2022-11-25 15:59:41,115] [builder.py:2366]           [INFO]     | All 4 Shows Collection | ? | Housing Complex C (TVDb: 420753)                                      |
[2022-11-25 15:59:41,248] [builder.py:2366]           [INFO]     | All 4 Shows Collection | ? | Don't Hug Me I'm Scared (2022) (TVDb: 417374)                         |
[2022-11-25 15:59:41,334] [builder.py:2366]           [INFO]     | All 4 Shows Collection | ? | I Hate You (TVDb: 410365)                                             |
[2022-11-25 15:59:41,478] [builder.py:2366]           [INFO]     | All 4 Shows Collection | ? | The Undeclared War (TVDb: 401831)                                     |
[2022-11-25 15:59:41,574] [builder.py:2366]           [INFO]     | All 4 Shows Collection | ? | Suspect (2022) (TVDb: 420308)                                         |
[2022-11-25 15:59:41,600] [builder.py:2366]           [INFO]     | All 4 Shows Collection | ? | Big Boys (TVDb: 419389)                                               |
[2022-11-25 15:59:41,713] [builder.py:2366]           [INFO]     | All 4 Shows Collection | ? | Chivalry (TVDb: 398258)                                               |
[2022-11-25 15:59:41,744] [builder.py:2366]           [INFO]     | All 4 Shows Collection | ? | Hullraisers (TVDb: 418639)                                            |
[2022-11-25 15:59:41,769] [builder.py:2366]           [INFO]     | All 4 Shows Collection | ? | Killing It (TVDb: 415696)                                             |
[2022-11-25 15:59:41,896] [builder.py:2366]           [INFO]     | All 4 Shows Collection | ? | The Curse (2022) (TVDb: 398259)                                       |
[2022-11-25 15:59:42,049] [builder.py:2366]           [INFO]     | All 4 Shows Collection | ? | Screw (TVDb: 413390)                                                  |
[2022-11-25 15:59:42,168] [builder.py:2366]           [INFO]     | All 4 Shows Collection | ? | I Literally Just Told You (TVDb: 413279)                              |
[2022-11-25 15:59:42,201] [builder.py:2366]           [INFO]     | All 4 Shows Collection | ? | Blade Runner: Black Lotus (TVDb: 356155)                              |
[2022-11-25 15:59:42,228] [builder.py:2366]           [INFO]     | All 4 Shows Collection | ? | Girl Powered: The Spice Girls (TVDb: 409831)                          |
[2022-11-25 15:59:42,256] [builder.py:2366]           [INFO]     | All 4 Shows Collection | ? | Spreadsheet (TVDb: 406216)                                            |
[2022-11-25 15:59:42,413] [builder.py:2366]           [INFO]     | All 4 Shows Collection | ? | Close To Me (TVDb: 397761)                                            |
[2022-11-25 15:59:42,552] [builder.py:2366]           [INFO]     | All 4 Shows Collection | ? | Teenage Euthanasia (TVDb: 357909)                                     |
[2022-11-25 15:59:42,584] [builder.py:2366]           [INFO]     | All 4 Shows Collection | ? | Nine Perfect Strangers (TVDb: 376815)                                 |
[2022-11-25 15:59:42,680] [builder.py:2366]           [INFO]     | All 4 Shows Collection | ? | They Were Ten (TVDb: 373449)                                          |
[2022-11-25 15:59:42,720] [builder.py:2366]           [INFO]     | All 4 Shows Collection | ? | Agatha Christie's Hjerson (TVDb: 408676)                              |
[2022-11-25 15:59:42,748] [builder.py:2366]           [INFO]     | All 4 Shows Collection | ? | Deceit (2021) (TVDb: 407802)                                          |
[2022-11-25 15:59:42,931] [builder.py:2366]           [INFO]     | All 4 Shows Collection | ? | Reyka (TVDb: 405532)                                                  |
[2022-11-25 15:59:42,969] [builder.py:2366]           [INFO]     | All 4 Shows Collection | ? | Dark Side of the 90's (TVDb: 406212)                                  |
[2022-11-25 15:59:43,001] [builder.py:2366]           [INFO]     | All 4 Shows Collection | ? | Before We Die (UK) (TVDb: 403096)                                     |
[2022-11-25 15:59:43,112] [builder.py:2366]           [INFO]     | All 4 Shows Collection | ? | We Are Lady Parts (TVDb: 380221)                                      |
[2022-11-25 15:59:43,219] [builder.py:2366]           [INFO]     | All 4 Shows Collection | ? | I, Sniper (TVDb: 383340)                                              |
[2022-11-25 15:59:43,244] [builder.py:2366]           [INFO]     | All 4 Shows Collection | ? | Frank of Ireland (TVDb: 399898)                                       |
[2022-11-25 15:59:43,407] [builder.py:2366]           [INFO]     | All 4 Shows Collection | ? | Birdgirl (TVDb: 398876)                                               |
[2022-11-25 15:59:43,511] [builder.py:2366]           [INFO]     | All 4 Shows Collection | ? | Snow Angels (TVDb: 397760)                                            |
[2022-11-25 15:59:43,563] [builder.py:2366]           [INFO]     | All 4 Shows Collection | ? | It’s a Sin (TVDb: 378994)                                             |
[2022-11-25 15:59:43,587] [builder.py:2366]           [INFO]     | All 4 Shows Collection | ? | Red Light (2020) (TVDb: 389426)                                       |
[2022-11-25 15:59:43,611] [builder.py:2366]           [INFO]     | All 4 Shows Collection | ? | Outlier (TVDb: 393630)                                                |
[2022-11-25 15:59:43,705] [builder.py:2366]           [INFO]     | All 4 Shows Collection | ? | 12 Dates of Christmas (TVDb: 382350)                                  |
[2022-11-25 15:59:44,000] [builder.py:2361]           [ERROR]    | TVDb Error: Name not found from TVDb ID: 23674                                                     |
[2022-11-25 15:59:44,069] [builder.py:2366]           [INFO]     | All 4 Shows Collection | ? | Full Bloom (TVDb: 391799)                                             |
[2022-11-25 15:59:44,108] [builder.py:2366]           [INFO]     | All 4 Shows Collection | ? | The King of Warsaw (TVDb: 390267)                                     |
[2022-11-25 15:59:44,138] [builder.py:2366]           [INFO]     | All 4 Shows Collection | ? | Valley of Tears (TVDb: 377665)                                        |
[2022-11-25 15:59:44,262] [builder.py:2366]           [INFO]     | All 4 Shows Collection | ? | Cry Wolf (TVDb: 377340)                                               |
[2022-11-25 15:59:44,295] [builder.py:2366]           [INFO]     | All 4 Shows Collection | ? | Adult Material (TVDb: 352067)                                         |
[2022-11-25 15:59:44,414] [builder.py:2366]           [INFO]     | All 4 Shows Collection | ? | Something to Hide (TVDb: 387352)                                      |
[2022-11-25 15:59:44,535] [builder.py:2366]           [INFO]     | All 4 Shows Collection | ? | Partisan (TVDb: 377683)                                               |
[2022-11-25 15:59:44,656] [builder.py:2366]           [INFO]     | All 4 Shows Collection | ? | YOLO: Crystal Fantasy (TVDb: 379568)                                  |
[2022-11-25 15:59:44,683] [builder.py:2366]           [INFO]     | All 4 Shows Collection | ? | Surviving Jeffrey Epstein (TVDb: 386372)                              |
[2022-11-25 15:59:44,708] [builder.py:2366]           [INFO]     | All 4 Shows Collection | ? | Legendary (TVDb: 377143)                                              |
[2022-11-25 15:59:44,733] [builder.py:2366]           [INFO]     | All 4 Shows Collection | ? | Smiling Friends (TVDb: 379403)                                        |
[2022-11-25 15:59:45,351] [builder.py:2366]           [INFO]     | All 4 Shows Collection | ? | Three Busy Debras (TVDb: 377540)                                      |
[2022-11-25 15:59:45,466] [builder.py:2366]           [INFO]     | All 4 Shows Collection | ? | Putin: A Russian Spy Story (TVDb: 378889)                             |
[2022-11-25 15:59:45,489] [builder.py:2366]           [INFO]     | All 4 Shows Collection | ? | Feel Good (TVDb: 377294)                                              |
[2022-11-25 15:59:45,518] [builder.py:2366]           [INFO]     | All 4 Shows Collection | ? | LEGO Masters (US) (TVDb: 370166)                                      |
[2022-11-25 15:59:45,540] [builder.py:2366]           [INFO]     | All 4 Shows Collection | ? | When the Dust Settles (TVDb: 376547)                                  |
[2022-11-25 15:59:45,654] [builder.py:2366]           [INFO]     | All 4 Shows Collection | ? | Crazy Delicious (2020) (TVDb: 375287)                                 |
[2022-11-25 15:59:45,776] [builder.py:2366]           [INFO]     | All 4 Shows Collection | ? | Box 21 (TVDb: 374980)                                                 |
[2022-11-25 15:59:45,919] [builder.py:2366]           [INFO]     | All 4 Shows Collection | ? | Deadwater Fell (TVDb: 365172)                                         |
[2022-11-25 15:59:46,039] [builder.py:2366]           [INFO]     | All 4 Shows Collection | ? | Fear by the Lake (TVDb: 364846)                                       |
[2022-11-25 15:59:46,081] [builder.py:2366]           [INFO]     | All 4 Shows Collection | ? | Party of Five (2020) (TVDb: 361187)                                   |
[2022-11-25 15:59:46,208] [builder.py:2366]           [INFO]     | All 4 Shows Collection | ? | Witch Hunt (2020) (TVDb: 374504)                                      |
[2022-11-25 15:59:46,342] [builder.py:2366]           [INFO]     | All 4 Shows Collection | ? | Sticks and Stones (TVDb: 369079)                                      |
[2022-11-25 15:59:46,386] [builder.py:2366]           [INFO]     | All 4 Shows Collection | ? | Harley Quinn (TVDb: 365677)                                           |
[2022-11-25 15:59:46,414] [builder.py:2366]           [INFO]     | All 4 Shows Collection | ? | My Grandparents' War (TVDb: 372847)                                   |
[2022-11-25 15:59:46,438] [builder.py:2366]           [INFO]     | All 4 Shows Collection | ? | Momma Named Me Sheriff (TVDb: 372586)                                 |
[2022-11-25 15:59:46,570] [builder.py:2366]           [INFO]     | All 4 Shows Collection | ? | The Twelve (TVDb: 361040)                                             |
[2022-11-25 15:59:46,594] [builder.py:2366]           [INFO]     | All 4 Shows Collection | ? | Hide and Seek (TVDb: 380559)                                          |
[2022-11-25 15:59:46,742] [builder.py:2366]           [INFO]     | All 4 Shows Collection | ? | The Accident (2019) (TVDb: 366069)                                    |
[2022-11-25 15:59:46,796] [builder.py:2366]           [INFO]     | All 4 Shows Collection | ? | Primal (TVDb: 364007)                                                 |
[2022-11-25 15:59:46,820] [builder.py:2366]           [INFO]     | All 4 Shows Collection | ? | Batwoman (TVDb: 361315)                                               |
[2022-11-25 15:59:47,041] [builder.py:2366]           [INFO]     | All 4 Shows Collection | ? | Deliver Us (TVDb: 370545)                                             |
[2022-11-25 15:59:47,074] [builder.py:2366]           [INFO]     | All 4 Shows Collection | ? | Reckoning (TVDb: 376049)                                              |
[2022-11-25 15:59:47,113] [builder.py:2366]           [INFO]     | All 4 Shows Collection | ? | The Dog House (TVDb: 369020)                                          |
[2022-11-25 15:59:47,138] [builder.py:2366]           [INFO]     | All 4 Shows Collection | ? | The Devil You Know (2019) (TVDb: 368476)                              |
[2022-11-25 15:59:47,161] [builder.py:2366]           [INFO]     | All 4 Shows Collection | ? | This Way Up (TVDb: 351556)                                            |
[2022-11-25 15:59:47,305] [builder.py:2366]           [INFO]     | All 4 Shows Collection | ? | I Am... (2019) (TVDb: 367065)                                         |
[2022-11-25 15:59:47,475] [builder.py:2366]           [INFO]     | All 4 Shows Collection | ? | Celebrity Gogglebox (TVDb: 365180)                                    |
[2022-11-25 15:59:47,504] [builder.py:2366]           [INFO]     | All 4 Shows Collection | ? | Year of the Rabbit (TVDb: 348962)                                     |
[2022-11-25 15:59:47,527] [builder.py:2366]           [INFO]     | All 4 Shows Collection | ? | The Pleasure Principle (TVDb: 364492)                                 |
[2022-11-25 15:59:47,551] [builder.py:2366]           [INFO]     | All 4 Shows Collection | ? | Catch-22 (TVDb: 357558)                                               |
[2022-11-25 15:59:47,574] [builder.py:2366]           [INFO]     | All 4 Shows Collection | ? | The Virtues (TVDb: 357616)                                            |
[2022-11-25 15:59:47,596] [builder.py:2366]           [INFO]     | All 4 Shows Collection | ? | Tuca & Bertie (TVDb: 361005)                                          |
[2022-11-25 15:59:47,714] [builder.py:2366]           [INFO]     | All 4 Shows Collection | ? | The Red Line (TVDb: 353551)                                           |
[2022-11-25 15:59:47,813] [builder.py:2366]           [INFO]     | All 4 Shows Collection | ? | Soupçons (2019) (TVDb: 362884)                                        |
[2022-11-25 15:59:47,854] [builder.py:2366]           [INFO]     | All 4 Shows Collection | ? | LEGO Masters (AU) (TVDb: 362540)                                      |
[2022-11-25 15:59:47,889] [builder.py:2366]           [INFO]     | All 4 Shows Collection | ? | Chimerica (TVDb: 362261)                                              |
[2022-11-25 15:59:47,922] [builder.py:2366]           [INFO]     | All 4 Shows Collection | ? | Dark Side of the Ring (TVDb: 361761)                                  |
[2022-11-25 15:59:48,059] [builder.py:2366]           [INFO]     | All 4 Shows Collection | ? | Lazor Wulf (TVDb: 361911)                                             |
[2022-11-25 15:59:48,087] [builder.py:2366]           [INFO]     | All 4 Shows Collection | ? | Joe Lycett's Got Your Back (TVDb: 361720)                             |
[2022-11-25 15:59:48,125] [builder.py:2366]           [INFO]     | All 4 Shows Collection | ? | All the Sins (TVDb: 362060)                                           |
[2022-11-25 15:59:48,264] [builder.py:2366]           [INFO]     | All 4 Shows Collection | ? | Dead Pixels (TVDb: 360963)                                            |
[2022-11-25 15:59:48,413] [builder.py:2366]           [INFO]     | All 4 Shows Collection | ? | Grenslanders (TVDb: 361685)                                           |
[2022-11-25 15:59:48,564] [builder.py:2366]           [INFO]     | All 4 Shows Collection | ? | The Inner Circle (TVDb: 359088)                                       |
[2022-11-25 15:59:48,676] [builder.py:2366]           [INFO]     | All 4 Shows Collection | ? | Home (2019) (TVDb: 360286)                                            |
[2022-11-25 15:59:48,772] [builder.py:2366]           [INFO]     | All 4 Shows Collection | ? | Lost Treasures of the Maya (TVDb: 360608)                             |
[2022-11-25 15:59:48,887] [builder.py:2366]           [INFO]     | All 4 Shows Collection | ? | Devil's Throat (TVDb: 360442)                                         |
[2022-11-25 15:59:48,915] [builder.py:2366]           [INFO]     | All 4 Shows Collection | ? | Wayne (TVDb: 353367)                                                  |
[2022-11-25 15:59:49,034] [builder.py:2366]           [INFO]     | All 4 Shows Collection | ? | Tigtone (TVDb: 347654)                                                |
[2022-11-25 15:59:49,135] [builder.py:2366]           [INFO]     | All 4 Shows Collection | ? | The First 48 Presents: Homicide Squad Atlanta (TVDb: 356224)          |
[2022-11-25 15:59:49,160] [builder.py:2366]           [INFO]     | All 4 Shows Collection | ? | Schooled (TVDb: 352016)                                               |
[2022-11-25 15:59:49,196] [builder.py:2366]           [INFO]     | All 4 Shows Collection | ? | Coroner (TVDb: 355066)                                                |
[2022-11-25 15:59:49,321] [builder.py:2366]           [INFO]     | All 4 Shows Collection | ? | Surviving R. Kelly (TVDb: 357458)                                     |
[2022-11-25 15:59:49,350] [builder.py:2366]           [INFO]     | All 4 Shows Collection | ? | The Defence (TVDb: 353873)                                            |
[2022-11-25 15:59:49,531] [builder.py:2366]           [INFO]     | All 4 Shows Collection | ? | Moscow Noir (TVDb: 357105)                                            |
[2022-11-25 15:59:49,557] [builder.py:2366]           [INFO]     | All 4 Shows Collection | ? | Arctic Circle (TVDb: 167311)                                          |
[2022-11-25 15:59:49,738] [builder.py:2366]           [INFO]     | All 4 Shows Collection | ? | The Shivering Truth (TVDb: 353366)                                    |
[2022-11-25 15:59:49,763] [builder.py:2366]           [INFO]     | All 4 Shows Collection | ? | The Crimson Rivers (TVDb: 340820)                                     |
[2022-11-25 15:59:49,953] [builder.py:2366]           [INFO]     | All 4 Shows Collection | ? | The New Nurses (TVDb: 354453)                                         |
[2022-11-25 15:59:49,986] [builder.py:2366]           [INFO]     | All 4 Shows Collection | ? | Bullets (TVDb: 353615)                                                |
[2022-11-25 15:59:50,015] [builder.py:2366]           [INFO]     | All 4 Shows Collection | ? | The Bisexual (TVDb: 350944)                                           |
[2022-11-25 15:59:50,122] [builder.py:2366]           [INFO]     | All 4 Shows Collection | ? | Stockholm Requiem (TVDb: 353684)                                      |
[2022-11-25 15:59:50,146] [builder.py:2366]           [INFO]     | All 4 Shows Collection | ? | The Neighborhood (TVDb: 348851)                                       |
[2022-11-25 15:59:50,161] [builder.py:2366]           [INFO]     | All 4 Shows Collection | ? | Anne+ (TVDb: 339394)                                                  |
[2022-11-25 15:59:50,252] [builder.py:2366]           [INFO]     | All 4 Shows Collection | ? | The Circle (TVDb: 352575)                                             |
[2022-11-25 15:59:50,282] [builder.py:2366]           [INFO]     | All 4 Shows Collection | ? | 13 Commandments (TVDb: 326005)                                        |
[2022-11-25 15:59:50,399] [builder.py:2366]           [INFO]     | All 4 Shows Collection | ? | The Truth Will Out (TVDb: 350593)                                     |
[2022-11-25 15:59:50,449] [builder.py:2366]           [INFO]     | All 4 Shows Collection | ? | Angels of Death (TVDb: 344844)                                        |
[2022-11-25 15:59:50,475] [builder.py:2366]           [INFO]     | All 4 Shows Collection | ? | Stath Lets Flats (TVDb: 348768)                                       |
[2022-11-25 15:59:50,592] [builder.py:2366]           [INFO]     | All 4 Shows Collection | ? | Gordon Ramsay's 24 Hours to Hell & Back (TVDb: 338893)                |
[2022-11-25 15:59:50,706] [builder.py:2366]           [INFO]     | All 4 Shows Collection | ? | Rig 45 (TVDb: 346513)                                                 |
[2022-11-25 15:59:50,859] [builder.py:2366]           [INFO]     | All 4 Shows Collection | ? | Joe Pera Talks with You (TVDb: 347590)                                |
[2022-11-25 15:59:50,963] [builder.py:2366]           [INFO]     | All 4 Shows Collection | ? | High & Dry (2018) (TVDb: 343582)                                      |
[2022-11-25 15:59:51,089] [builder.py:2366]           [INFO]     | All 4 Shows Collection | ? | Ballmastrz: 9009 (TVDb: 344021)                                       |
[2022-11-25 15:59:51,206] [builder.py:2366]           [INFO]     | All 4 Shows Collection | ? | Château DIY (TVDb: 345678)                                            |
[2022-11-25 15:59:51,240] [builder.py:2366]           [INFO]     | All 4 Shows Collection | ? | Kiss Me First (TVDb: 324916)                                          |
[2022-11-25 15:59:51,266] [builder.py:2366]           [INFO]     | All 4 Shows Collection | ? | The Chalet (TVDb: 332472)                                             |
[2022-11-25 15:59:51,294] [builder.py:2366]           [INFO]     | All 4 Shows Collection | ? | The Hunter (2018) (TVDb: 341785)                                      |
[2022-11-25 15:59:51,322] [builder.py:2366]           [INFO]     | All 4 Shows Collection | ? | The Great Celebrity Bake Off for SU2C (TVDb: 343710)                  |
[2022-11-25 15:59:51,357] [builder.py:2366]           [INFO]     | All 4 Shows Collection | ? | Bad Banks (TVDb: 341330)                                              |
[2022-11-25 15:59:51,531] [builder.py:2361]           [ERROR]    | TVDb Error: Name not found from TVDb ID: 8458                                                      |
[2022-11-25 15:59:51,705] [builder.py:2366]           [INFO]     | All 4 Shows Collection | ? | The Lawyer (TVDb: 340108)                                             |
[2022-11-25 15:59:51,734] [builder.py:2366]           [INFO]     | All 4 Shows Collection | ? | Trauma (2018) (TVDb: 342301)                                          |
[2022-11-25 15:59:51,858] [builder.py:2366]           [INFO]     | All 4 Shows Collection | ? | Waco: Madman or Messiah (TVDb: 341252)                                |
[2022-11-25 15:59:51,964] [builder.py:2366]           [INFO]     | All 4 Shows Collection | ? | Hot Streets (TVDb: 339577)                                            |
[2022-11-25 15:59:51,995] [builder.py:2366]           [INFO]     | All 4 Shows Collection | ? | Kiri (TVDb: 339642)                                                   |
[2022-11-25 15:59:52,048] [builder.py:2366]           [INFO]     | All 4 Shows Collection | ? | Derry Girls (TVDb: 338903)                                            |
[2022-11-25 15:59:52,078] [builder.py:2366]           [INFO]     | All 4 Shows Collection | ? | The Menendez Murders: Erik Tells All (TVDb: 338565)                   |
[2022-11-25 15:59:52,166] [builder.py:2366]           [INFO]     | All 4 Shows Collection | ? | Who Killed Tupac? (TVDb: 330903)                                      |
[2022-11-25 15:59:52,289] [builder.py:2366]           [INFO]     | All 4 Shows Collection | ? | Serial Killer with Piers Morgan (TVDb: 343817)                        |
[2022-11-25 15:59:52,314] [builder.py:2366]           [INFO]     | All 4 Shows Collection | ? | Killer by the Lake (TVDb: 348822)                                     |
[2022-11-25 15:59:52,420] [builder.py:2366]           [INFO]     | All 4 Shows Collection | ? | Ultraviolet (TVDb: 336446)                                            |
[2022-11-25 15:59:52,552] [builder.py:2366]           [INFO]     | All 4 Shows Collection | ? | The Jellies (TVDb: 336685)                                            |
[2022-11-25 15:59:52,670] [builder.py:2366]           [INFO]     | All 4 Shows Collection | ? | GameFace (TVDb: 327327)                                               |
[2022-11-25 15:59:52,708] [builder.py:2366]           [INFO]     | All 4 Shows Collection | ? | Monster (2017) (TVDb: 334378)                                         |
[2022-11-25 15:59:52,817] [builder.py:2366]           [INFO]     | All 4 Shows Collection | ? | My Hotter Half (TVDb: 335078)                                         |
[2022-11-25 15:59:52,946] [builder.py:2366]           [INFO]     | All 4 Shows Collection | ? | Back (TVDb: 333343)                                                   |
[2022-11-25 15:59:52,984] [builder.py:2366]           [INFO]     | All 4 Shows Collection | ? | LEGO Masters (UK) (TVDb: 333541)                                      |
[2022-11-25 15:59:53,069] [builder.py:2366]           [INFO]     | All 4 Shows Collection | ? | The Handmaid's Tale (TVDb: 321239)                                    |
[2022-11-25 15:59:53,109] [builder.py:2366]           [INFO]     | All 4 Shows Collection | ? | Rebecka Martinsson (TVDb: 324417)                                     |
[2022-11-25 15:59:53,310] [builder.py:2366]           [INFO]     | All 4 Shows Collection | ? | Gap Year (TVDb: 324040)                                               |
[2022-11-25 15:59:53,341] [builder.py:2366]           [INFO]     | All 4 Shows Collection | ? | Before We Die (TVDb: 322455)                                          |
[2022-11-25 15:59:53,374] [builder.py:2366]           [INFO]     | All 4 Shows Collection | ? | First Dates Hotel (TVDb: 321367)                                      |
[2022-11-25 15:59:53,408] [builder.py:2366]           [INFO]     | All 4 Shows Collection | ? | Mafia Only Kills in Summer (TVDb: 318625)                             |
[2022-11-25 15:59:53,433] [builder.py:2366]           [INFO]     | All 4 Shows Collection | ? | The Killing Season (2016) (TVDb: 318973)                              |
[2022-11-25 15:59:53,590] [builder.py:2366]           [INFO]     | All 4 Shows Collection | ? | Rocco Schiavone (TVDb: 315880)                                        |
[2022-11-25 15:59:53,613] [builder.py:2366]           [INFO]     | All 4 Shows Collection | ? | Crazyhead (TVDb: 318000)                                              |
[2022-11-25 15:59:53,634] [builder.py:2366]           [INFO]     | All 4 Shows Collection | ? | Tutankhamun (TVDb: 317715)                                            |
[2022-11-25 15:59:53,658] [builder.py:2366]           [INFO]     | All 4 Shows Collection | ? | National Treasure (TVDb: 316955)                                      |
[2022-11-25 15:59:53,681] [builder.py:2366]           [INFO]     | All 4 Shows Collection | ? | Celebs Go Dating (TVDb: 317741)                                       |
[2022-11-25 15:59:53,840] [builder.py:2366]           [INFO]     | All 4 Shows Collection | ? | Wasted (2016) (TVDb: 314650)                                          |
[2022-11-25 15:59:53,868] [builder.py:2366]           [INFO]     | All 4 Shows Collection | ? | Naked Attraction (TVDb: 314821)                                       |
[2022-11-25 15:59:53,895] [builder.py:2366]           [INFO]     | All 4 Shows Collection | ? | Black Market (TVDb: 313886)                                           |
[2022-11-25 15:59:53,920] [builder.py:2366]           [INFO]     | All 4 Shows Collection | ? | Escape to the Château (TVDb: 312690)                                  |
[2022-11-25 15:59:53,948] [builder.py:2366]           [INFO]     | All 4 Shows Collection | ? | Wolf Creek (TVDb: 310223)                                             |
[2022-11-25 15:59:53,996] [builder.py:2366]           [INFO]     | All 4 Shows Collection | ? | The Windsors (TVDb: 310327)                                           |
[2022-11-25 15:59:54,022] [builder.py:2366]           [INFO]     | All 4 Shows Collection | ? | The Aliens (TVDb: 307767)                                             |
[2022-11-25 15:59:54,064] [builder.py:2366]           [INFO]     | All 4 Shows Collection | ? | The Secret Life of the Zoo (TVDb: 306705)                             |
[2022-11-25 15:59:54,095] [builder.py:2366]           [INFO]     | All 4 Shows Collection | ? | Tripped (TVDb: 303265)                                                |
[2022-11-25 15:59:54,123] [builder.py:2366]           [INFO]     | All 4 Shows Collection | ? | Neon Joe, Werewolf Hunter (TVDb: 281642)                              |
[2022-11-25 15:59:54,306] [builder.py:2366]           [INFO]     | All 4 Shows Collection | ? | Servant of the People (TVDb: 303257)                                  |
[2022-11-25 15:59:54,347] [builder.py:2366]           [INFO]     | All 4 Shows Collection | ? | The Pact (TVDb: 302011)                                               |
[2022-11-25 15:59:54,371] [builder.py:2366]           [INFO]     | All 4 Shows Collection | ? | SAS: Who Dares Wins (TVDb: 302171)                                    |
[2022-11-25 15:59:54,403] [builder.py:2366]           [INFO]     | All 4 Shows Collection | ? | Chewing Gum (TVDb: 301562)                                            |
[2022-11-25 15:59:54,428] [builder.py:2366]           [INFO]     | All 4 Shows Collection | ? | Thou Shalt Not Kill (TVDb: 300723)                                    |
[2022-11-25 15:59:54,456] [builder.py:2366]           [INFO]     | All 4 Shows Collection | ? | Hunted (2015) (TVDb: 299955)                                          |
[2022-11-25 15:59:54,480] [builder.py:2366]           [INFO]     | All 4 Shows Collection | ? | Vanished by the Lake (TVDb: 300198)                                   |
[2022-11-25 15:59:54,515] [builder.py:2366]           [INFO]     | All 4 Shows Collection | ? | Taskmaster (TVDb: 298905)                                             |
[2022-11-25 15:59:54,531] [builder.py:2366]           [INFO]     | All 4 Shows Collection | ? | Married at First Sight UK (TVDb: 298130)                              |
[2022-11-25 15:59:54,623] [builder.py:2366]           [INFO]     | All 4 Shows Collection | ? | Cake Wars (TVDb: 297203)                                              |
[2022-11-25 15:59:54,660] [builder.py:2366]           [INFO]     | All 4 Shows Collection | ? | Tattoo Fixers: Extreme (TVDb: 406934)                                 |
[2022-11-25 15:59:54,701] [builder.py:2366]           [INFO]     | All 4 Shows Collection | ? | Deutschland (TVDb: 294801)                                            |
[2022-11-25 15:59:54,840] [builder.py:2366]           [INFO]     | All 4 Shows Collection | ? | Married at First Sight (AU) (TVDb: 295729)                            |
[2022-11-25 15:59:54,872] [builder.py:2366]           [INFO]     | All 4 Shows Collection | ? | No Offence (TVDb: 294234)                                             |
[2022-11-25 15:59:54,905] [builder.py:2366]           [INFO]     | All 4 Shows Collection | ? | Locked Up (TVDb: 294741)                                              |
[2022-11-25 15:59:54,952] [builder.py:2366]           [INFO]     | All 4 Shows Collection | ? | Travel Man: 48 Hours in... (TVDb: 293753)                             |
[2022-11-25 15:59:54,989] [builder.py:2366]           [INFO]     | All 4 Shows Collection | ? | Raised by Wolves (2015) (TVDb: 276498)                                |
[2022-11-25 15:59:55,015] [builder.py:2366]           [INFO]     | All 4 Shows Collection | ? | The Team (TVDb: 291265)                                               |
[2022-11-25 15:59:55,094] [builder.py:2366]           [INFO]     | All 4 Shows Collection | ? | The Romanians Are Coming (TVDb: 292231)                               |
[2022-11-25 15:59:55,137] [builder.py:2366]           [INFO]     | All 4 Shows Collection | ? | Indian Summers (TVDb: 290342)                                         |
[2022-11-25 15:59:55,161] [builder.py:2366]           [INFO]     | All 4 Shows Collection | ? | Fresh Off the Boat (TVDb: 281618)                                     |
[2022-11-25 15:59:55,302] [builder.py:2366]           [INFO]     | All 4 Shows Collection | ? | Cucumber (TVDb: 290623)                                               |
[2022-11-25 15:59:55,343] [builder.py:2366]           [INFO]     | All 4 Shows Collection | ? | Banana (TVDb: 289798)                                                 |
[2022-11-25 15:59:55,474] [builder.py:2366]           [INFO]     | All 4 Shows Collection | ? | Tofu (TVDb: 290819)                                                   |
[2022-11-25 15:59:55,518] [builder.py:2366]           [INFO]     | All 4 Shows Collection | ? | 24 Hours in Police Custody (TVDb: 286362)                             |
[2022-11-25 15:59:55,544] [builder.py:2366]           [INFO]     | All 4 Shows Collection | ? | Ramsay's Costa Del Nightmares (TVDb: 286192)                          |
[2022-11-25 15:59:55,591] [builder.py:2366]           [INFO]     | All 4 Shows Collection | ? | Mr. Pickles (TVDb: 277953)                                            |
[2022-11-25 15:59:55,765] [builder.py:2366]           [INFO]     | All 4 Shows Collection | ? | Tim and Eric's Bedtime Stories (TVDb: 275104)                         |
[2022-11-25 15:59:55,790] [builder.py:2366]           [INFO]     | All 4 Shows Collection | ? | Glue (TVDb: 284409)                                                   |
[2022-11-25 15:59:55,821] [builder.py:2366]           [INFO]     | All 4 Shows Collection | ? | New Neighbours (TVDb: 285532)                                         |
[2022-11-25 15:59:55,859] [builder.py:2366]           [INFO]     | All 4 Shows Collection | ? | The Great British Bake Off: An Extra Slice (TVDb: 284546)             |
[2022-11-25 15:59:55,903] [builder.py:2366]           [INFO]     | All 4 Shows Collection | ? | Married at First Sight (TVDb: 283196)                                 |
[2022-11-25 15:59:56,056] [builder.py:2366]           [INFO]     | All 4 Shows Collection | ? | The Supervet: Noel Fitzpatrick (TVDb: 281564)                         |
[2022-11-25 15:59:56,085] [builder.py:2366]           [INFO]     | All 4 Shows Collection | ? | New Worlds (TVDb: 279712)                                             |
[2022-11-25 15:59:56,208] [builder.py:2366]           [INFO]     | All 4 Shows Collection | ? | Great Canal Journeys (TVDb: 279560)                                   |
[2022-11-25 15:59:56,306] [builder.py:2366]           [INFO]     | All 4 Shows Collection | ? | Speed with Guy Martin (TVDb: 276415)                                  |
[2022-11-25 15:59:56,430] [builder.py:2366]           [INFO]     | All 4 Shows Collection | ? | Kirstie (TVDb: 267109)                                                |
[2022-11-25 15:59:56,526] [builder.py:2366]           [INFO]     | All 4 Shows Collection | ? | Rick and Morty (TVDb: 275274)                                         |
[2022-11-25 15:59:56,628] [builder.py:2366]           [INFO]     | All 4 Shows Collection | ? | Drifters (TVDb: 274564)                                               |
[2022-11-25 15:59:56,677] [builder.py:2366]           [INFO]     | All 4 Shows Collection | ? | Man Down (TVDb: 273675)                                               |
[2022-11-25 15:59:56,719] [builder.py:2366]           [INFO]     | All 4 Shows Collection | ? | The Originals (TVDb: 266883)                                          |
[2022-11-25 15:59:56,771] [builder.py:2366]           [INFO]     | All 4 Shows Collection | ? | The Goldbergs (2013) (TVDb: 269653)                                   |
[2022-11-25 15:59:56,798] [builder.py:2366]           [INFO]     | All 4 Shows Collection | ? | London Irish (TVDb: 273397)                                           |
[2022-11-25 15:59:56,973] [builder.py:2361]           [ERROR]    | TVDb Error: Name not found from TVDb ID: 272908                                                    |
[2022-11-25 15:59:57,055] [builder.py:2366]           [INFO]     | All 4 Shows Collection | ? | The Profit (TVDb: 271671)                                             |
[2022-11-25 15:59:57,099] [builder.py:2366]           [INFO]     | All 4 Shows Collection | ? | Below Deck (TVDb: 270205)                                             |
[2022-11-25 15:59:57,137] [builder.py:2366]           [INFO]     | All 4 Shows Collection | ? | First Dates (UK) (TVDb: 270907)                                       |
[2022-11-25 15:59:57,174] [builder.py:2366]           [INFO]     | All 4 Shows Collection | ? | Your Pretty Face is Going to Hell (TVDb: 268386)                      |
[2022-11-25 15:59:57,198] [builder.py:2366]           [INFO]     | All 4 Shows Collection | ? | Murder in Paradise (TVDb: 272659)                                     |
[2022-11-25 15:59:57,243] [builder.py:2366]           [INFO]     | All 4 Shows Collection | ? | 8 Out of 10 Cats Does Countdown (TVDb: 272156)                        |
[2022-11-25 15:59:57,291] [builder.py:2366]           [INFO]     | All 4 Shows Collection | ? | Orphan Black (TVDb: 260315)                                           |
[2022-11-25 15:59:57,372] [builder.py:2366]           [INFO]     | All 4 Shows Collection | ? | Youngers (TVDb: 267738)                                               |
[2022-11-25 15:59:57,408] [builder.py:2366]           [INFO]     | All 4 Shows Collection | ? | Bates Motel (TVDb: 262414)                                            |
[2022-11-25 15:59:57,435] [builder.py:2366]           [INFO]     | All 4 Shows Collection | ? | Snapped: Killer Couples (TVDb: 300134)                                |
[2022-11-25 15:59:57,540] [builder.py:2366]           [INFO]     | All 4 Shows Collection | ? | Gogglebox (TVDb: 268009)                                              |
[2022-11-25 15:59:57,639] [builder.py:2366]           [INFO]     | All 4 Shows Collection | ? | Obsessive Compulsive Cleaners (TVDb: 266910)                          |
[2022-11-25 15:59:57,684] [builder.py:2366]           [INFO]     | All 4 Shows Collection | ? | Derek (TVDb: 257630)                                                  |
[2022-11-25 15:59:57,711] [builder.py:2366]           [INFO]     | All 4 Shows Collection | ? | My Mad Fat Diary (TVDb: 265110)                                       |
[2022-11-25 15:59:57,814] [builder.py:2366]           [INFO]     | All 4 Shows Collection | ? | Gadget Man (TVDb: 264190)                                             |
[2022-11-25 15:59:57,932] [builder.py:2366]           [INFO]     | All 4 Shows Collection | ? | Secret State (TVDb: 263672)                                           |
[2022-11-25 15:59:58,046] [builder.py:2366]           [INFO]     | All 4 Shows Collection | ? | George Clarke's Amazing Spaces (TVDb: 263546)                         |
[2022-11-25 15:59:58,094] [builder.py:2366]           [INFO]     | All 4 Shows Collection | ? | Nashville (2012) (TVDb: 259055)                                       |
[2022-11-25 15:59:58,142] [builder.py:2366]           [INFO]     | All 4 Shows Collection | ? | Food Unwrapped (TVDb: 262305)                                         |
[2022-11-25 15:59:58,287] [builder.py:2366]           [INFO]     | All 4 Shows Collection | ? | 999: What's Your Emergency? (TVDb: 262366)                            |
[2022-11-25 15:59:58,406] [builder.py:2366]           [INFO]     | All 4 Shows Collection | ? | Paul O'Grady: For the Love of Dogs (TVDb: 263704)                     |
[2022-11-25 15:59:58,442] [builder.py:2366]           [INFO]     | All 4 Shows Collection | ? | Hotel Hell (TVDb: 257609)                                             |
[2022-11-25 15:59:58,475] [builder.py:2366]           [INFO]     | All 4 Shows Collection | ? | Black Dynamite (TVDb: 250821)                                         |
[2022-11-25 15:59:58,570] [builder.py:2366]           [INFO]     | All 4 Shows Collection | ? | The Midnight Beast (TVDb: 260474)                                     |
[2022-11-25 15:59:58,624] [builder.py:2366]           [INFO]     | All 4 Shows Collection | ? | The Eric André Show (TVDb: 259184)                                    |
[2022-11-25 15:59:58,651] [builder.py:2366]           [INFO]     | All 4 Shows Collection | ? | Tricky Business (TVDb: 255592)                                        |
[2022-11-25 15:59:58,711] [builder.py:2366]           [INFO]     | All 4 Shows Collection | ? | Barbie: Life in the Dreamhouse (TVDb: 266242)                         |
[2022-11-25 15:59:58,831] [builder.py:2366]           [INFO]     | All 4 Shows Collection | ? | The Undateables (TVDb: 257867)                                        |
[2022-11-25 15:59:58,870] [builder.py:2366]           [INFO]     | All 4 Shows Collection | ? | Loiter Squad (TVDb: 256596)                                           |
[2022-11-25 15:59:59,037] [builder.py:2366]           [INFO]     | All 4 Shows Collection | ? | Noel Fielding's Luxury Comedy (TVDb: 255005)                          |
[2022-11-25 15:59:59,067] [builder.py:2366]           [INFO]     | All 4 Shows Collection | ? | Threesome (TVDb: 252854)                                              |
[2022-11-25 15:59:59,225] [builder.py:2366]           [INFO]     | All 4 Shows Collection | ? | China, IL (TVDb: 251507)                                              |
[2022-11-25 15:59:59,337] [builder.py:2366]           [INFO]     | All 4 Shows Collection | ? | Educating ... (TVDb: 252106)                                          |
[2022-11-25 15:59:59,372] [builder.py:2366]           [INFO]     | All 4 Shows Collection | ? | Fresh Meat (TVDb: 251889)                                             |
[2022-11-25 15:59:59,536] [builder.py:2366]           [INFO]     | All 4 Shows Collection | ? | The Adulterer (TVDb: 224061)                                          |
[2022-11-25 15:59:59,587] [builder.py:2366]           [INFO]     | All 4 Shows Collection | ? | Beaver Falls (TVDb: 250203)                                           |
[2022-11-25 15:59:59,622] [builder.py:2366]           [INFO]     | All 4 Shows Collection | ? | NTSF:SD:SUV:: (TVDb: 248261)                                          |
[2022-11-25 15:59:59,768] [builder.py:2366]           [INFO]     | All 4 Shows Collection | ? | 24 Hours in A&E (TVDb: 248699)                                        |
[2022-11-25 15:59:59,810] [builder.py:2366]           [INFO]     | All 4 Shows Collection | ? | Made in Chelsea (TVDb: 248888)                                        |
[2022-11-25 15:59:59,845] [builder.py:2366]           [INFO]     | All 4 Shows Collection | ? | Friday Night Dinner (TVDb: 235081)                                    |
[2022-11-25 15:59:59,878] [builder.py:2366]           [INFO]     | All 4 Shows Collection | ? | Eagleheart (TVDb: 228751)                                             |
[2022-11-25 15:59:59,914] [builder.py:2366]           [INFO]     | All 4 Shows Collection | ? | Property Brothers (TVDb: 254292)                                      |
[2022-11-25 15:59:59,949] [builder.py:2366]           [INFO]     | All 4 Shows Collection | ? | Four in a Bed (TVDb: 207701)                                          |
[2022-11-25 15:59:59,975] [builder.py:2366]           [INFO]     | All 4 Shows Collection | ? | Grand Designs Australia (TVDb: 196901)                                |
[2022-11-25 16:00:00,009] [builder.py:2366]           [INFO]     | All 4 Shows Collection | ? | The Talk (TVDb: 245071)                                               |
[2022-11-25 16:00:00,048] [builder.py:2366]           [INFO]     | All 4 Shows Collection | ? | PhoneShop (TVDb: 194261)                                              |
[2022-11-25 16:00:00,084] [builder.py:2366]           [INFO]     | All 4 Shows Collection | ? | This Is England (TVDb: 187351)                                        |
[2022-11-25 16:00:00,122] [builder.py:2366]           [INFO]     | All 4 Shows Collection | ? | The Great British Bake Off (TVDb: 184871)                             |
[2022-11-25 16:00:00,145] [builder.py:2366]           [INFO]     | All 4 Shows Collection | ? | Pete Versus Life (TVDb: 180871)                                       |
[2022-11-25 16:00:00,188] [builder.py:2366]           [INFO]     | All 4 Shows Collection | ? | Check It Out! with Dr. Steve Brule (TVDb: 163751)                     |
[2022-11-25 16:00:00,329] [builder.py:2366]           [INFO]     | All 4 Shows Collection | ? | One Born Every Minute (TVDb: 142401)                                  |
[2022-11-25 16:00:00,365] [builder.py:2366]           [INFO]     | All 4 Shows Collection | ? | Undercover Boss (US) (TVDb: 140141)                                   |
[2022-11-25 16:00:00,436] [builder.py:2366]           [INFO]     | All 4 Shows Collection | ? | Misfits (TVDb: 124051)                                                |
[2022-11-25 16:00:00,575] [builder.py:2366]           [INFO]     | All 4 Shows Collection | ? | James May's Toy Stories (TVDb: 121511)                                |
[2022-11-25 16:00:00,672] [builder.py:2366]           [INFO]     | All 4 Shows Collection | ? | School of Comedy (TVDb: 120671)                                       |
[2022-11-25 16:00:00,728] [builder.py:2366]           [INFO]     | All 4 Shows Collection | ? | Modern Family (TVDb: 95011)                                           |
[2022-11-25 16:00:00,808] [builder.py:2366]           [INFO]     | All 4 Shows Collection | ? | The Good Wife (TVDb: 95451)                                           |
[2022-11-25 16:00:00,878] [builder.py:2366]           [INFO]     | All 4 Shows Collection | ? | The Vampire Diaries (TVDb: 95491)                                     |
[2022-11-25 16:00:00,930] [builder.py:2366]           [INFO]     | All 4 Shows Collection | ? | Code 37 (TVDb: 110991)                                                |
[2022-11-25 16:00:01,114] [builder.py:2366]           [INFO]     | All 4 Shows Collection | ? | Heston's Feasts (TVDb: 85356)                                         |
[2022-11-25 16:00:01,151] [builder.py:2366]           [INFO]     | All 4 Shows Collection | ? | The Devil's Whore (TVDb: 83795)                                       |
[2022-11-25 16:00:01,207] [builder.py:2366]           [INFO]     | All 4 Shows Collection | ? | 19 Kids and Counting (TVDb: 139481)                                   |
[2022-11-25 16:00:01,266] [builder.py:2366]           [INFO]     | All 4 Shows Collection | ? | Superjail! (TVDb: 83306)                                              |
[2022-11-25 16:00:01,326] [builder.py:2366]           [INFO]     | All 4 Shows Collection | ? | 90210 (TVDb: 82716)                                                   |
[2022-11-25 16:00:01,383] [builder.py:2366]           [INFO]     | All 4 Shows Collection | ? | Wipeout (US) (TVDb: 82226)                                            |
[2022-11-25 16:00:01,453] [builder.py:2366]           [INFO]     | All 4 Shows Collection | ? | The Inbetweeners (TVDb: 81950)                                        |
[2022-11-25 16:00:01,697] [builder.py:2366]           [INFO]     | All 4 Shows Collection | ? | Embarrassing Bodies (TVDb: 136191)                                    |
[2022-11-25 16:00:01,762] [builder.py:2366]           [INFO]     | All 4 Shows Collection | ? | Don't Tell the Bride (TVDb: 81243)                                    |
[2022-11-25 16:00:01,881] [builder.py:2366]           [INFO]     | All 4 Shows Collection | ? | The Big Bang Theory (TVDb: 80379)                                     |
[2022-11-25 16:00:01,935] [builder.py:2366]           [INFO]     | All 4 Shows Collection | ? | How To Look Good Naked (TVDb: 79688)                                  |
[2022-11-25 16:00:02,084] [builder.py:2366]           [INFO]     | All 4 Shows Collection | ? | Derren Brown: Trick or Treat (TVDb: 80045)                            |
[2022-11-25 16:00:02,123] [builder.py:2366]           [INFO]     | All 4 Shows Collection | ? | The Tudors (TVDb: 79925)                                              |
[2022-11-25 16:00:02,196] [builder.py:2366]           [INFO]     | All 4 Shows Collection | ? | Tim and Eric Awesome Show, Great Job! (TVDb: 79905)                   |
[2022-11-25 16:00:02,404] [builder.py:2366]           [INFO]     | All 4 Shows Collection | ? | Skins (TVDb: 79773)                                                   |
[2022-11-25 16:00:02,638] [builder.py:2366]           [INFO]     | All 4 Shows Collection | ? | Frisky Dingo (TVDb: 79930)                                            |
[2022-11-25 16:00:02,689] [builder.py:2366]           [INFO]     | All 4 Shows Collection | ? | Star Stories (TVDb: 81071)                                            |
[2022-11-25 16:00:02,770] [builder.py:2366]           [INFO]     | All 4 Shows Collection | ? | Metalocalypse (TVDb: 79563)                                           |
[2022-11-25 16:00:02,850] [builder.py:2366]           [INFO]     | All 4 Shows Collection | ? | The IT Crowd (TVDb: 79216)                                            |
[2022-11-25 16:00:03,106] [builder.py:2366]           [INFO]     | All 4 Shows Collection | ? | Moral Orel (TVDb: 79302)                                              |
[2022-11-25 16:00:03,293] [builder.py:2366]           [INFO]     | All 4 Shows Collection | ? | The F Word (TVDb: 79609)                                              |
[2022-11-25 16:00:03,466] [builder.py:2366]           [INFO]     | All 4 Shows Collection | ? | Squidbillies (TVDb: 79017)                                            |
[2022-11-25 16:00:03,491] [builder.py:2366]           [INFO]     | All 4 Shows Collection | ? | Elizabeth I (TVDb: 79758)                                             |
[2022-11-25 16:00:03,530] [builder.py:2366]           [INFO]     | All 4 Shows Collection | ? | Balls of Steel (TVDb: 80804)                                          |
[2022-11-25 16:00:03,567] [builder.py:2366]           [INFO]     | All 4 Shows Collection | ? | Weeds (TVDb: 74845)                                                   |
[2022-11-25 16:00:03,666] [builder.py:2366]           [INFO]     | All 4 Shows Collection | ? | Naturally, Sadie (TVDb: 75916)                                        |
[2022-11-25 16:00:03,701] [builder.py:2366]           [INFO]     | All 4 Shows Collection | ? | Sugar Rush (TVDb: 78889)                                              |
[2022-11-25 16:00:03,750] [builder.py:2366]           [INFO]     | All 4 Shows Collection | ? | 8 Out of 10 Cats (TVDb: 79556)                                        |
[2022-11-25 16:00:03,839] [builder.py:2366]           [INFO]     | All 4 Shows Collection | ? | Coach Trip (TVDb: 75864)                                              |
[2022-11-25 16:00:03,891] [builder.py:2366]           [INFO]     | All 4 Shows Collection | ? | Robot Chicken (TVDb: 75734)                                           |
[2022-11-25 16:00:03,933] [builder.py:2366]           [INFO]     | All 4 Shows Collection | ? | Nathan Barley (TVDb: 79286)                                           |
[2022-11-25 16:00:03,956] [builder.py:2366]           [INFO]     | All 4 Shows Collection | ? | Sex Traffic (TVDb: 82307)                                             |
[2022-11-25 16:00:03,979] [builder.py:2366]           [INFO]     | All 4 Shows Collection | ? | Green Wing (TVDb: 78899)                                              |
[2022-11-25 16:00:04,015] [builder.py:2366]           [INFO]     | All 4 Shows Collection | ? | Doc Martin (TVDb: 79285)                                              |
[2022-11-25 16:00:04,040] [builder.py:2366]           [INFO]     | All 4 Shows Collection | ? | NY-LON (UK) (TVDb: 80167)                                             |
[2022-11-25 16:00:04,111] [builder.py:2366]           [INFO]     | All 4 Shows Collection | ? | The Venture Bros. (TVDb: 72306)                                       |
[2022-11-25 16:00:04,186] [builder.py:2366]           [INFO]     | All 4 Shows Collection | ? | Snapped (TVDb: 74921)                                                 |
[2022-11-25 16:00:04,235] [builder.py:2366]           [INFO]     | All 4 Shows Collection | ? | The First 48 (TVDb: 81275)                                            |
[2022-11-25 16:00:04,368] [builder.py:2366]           [INFO]     | All 4 Shows Collection | ? | Derren Brown: Trick of the Mind (TVDb: 74365)                         |
[2022-11-25 16:00:04,407] [builder.py:2366]           [INFO]     | All 4 Shows Collection | ? | Playing It Straight (TVDb: 73878)                                     |
[2022-11-25 16:00:04,542] [builder.py:2366]           [INFO]     | All 4 Shows Collection | ? | No Angels (TVDb: 82016)                                               |
[2022-11-25 16:00:04,575] [builder.py:2366]           [INFO]     | All 4 Shows Collection | ? | Garth Marenghi's Darkplace (TVDb: 79554)                              |
[2022-11-25 16:00:04,615] [builder.py:2366]           [INFO]     | All 4 Shows Collection | ? | Shameless (2004) (TVDb: 78846)                                        |
[2022-11-25 16:00:04,764] [builder.py:2366]           [INFO]     | All 4 Shows Collection | ? | The Clinic (TVDb: 73223)                                              |
[2022-11-25 16:00:04,833] [builder.py:2366]           [INFO]     | All 4 Shows Collection | ? | Peep Show (TVDb: 71656)                                               |
[2022-11-25 16:00:04,972] [builder.py:2366]           [INFO]     | All 4 Shows Collection | ? | Rosemary & Thyme (TVDb: 73033)                                        |
[2022-11-25 16:00:05,092] [builder.py:2366]           [INFO]     | All 4 Shows Collection | ? | Playmakers (TVDb: 72731)                                              |
[2022-11-25 16:00:05,298] [builder.py:2366]           [INFO]     | All 4 Shows Collection | ? | Buried (TVDb: 103361)                                                 |
[2022-11-25 16:00:05,389] [builder.py:2366]           [INFO]     | All 4 Shows Collection | ? | White Teeth (TVDb: 250833)                                            |
[2022-11-25 16:00:05,513] [builder.py:2366]           [INFO]     | All 4 Shows Collection | ? | The Book Group (TVDb: 78588)                                          |
[2022-11-25 16:00:05,554] [builder.py:2366]           [INFO]     | All 4 Shows Collection | ? | Shackleton (TVDb: 79436)                                              |
[2022-11-25 16:00:05,672] [builder.py:2366]           [INFO]     | All 4 Shows Collection | ? | The Six Wives of Henry VIII (2001) (TVDb: 83040)                      |
[2022-11-25 16:00:05,720] [builder.py:2366]           [INFO]     | All 4 Shows Collection | ? | Smallville (TVDb: 72218)                                              |
[2022-11-25 16:00:05,852] [builder.py:2366]           [INFO]     | All 4 Shows Collection | ? | The Armando Iannucci Shows (TVDb: 80410)                              |
[2022-11-25 16:00:05,896] [builder.py:2366]           [INFO]     | All 4 Shows Collection | ? | Samurai Jack (TVDb: 75164)                                            |
[2022-11-25 16:00:05,934] [builder.py:2366]           [INFO]     | All 4 Shows Collection | ? | Teachers (TVDb: 77525)                                                |
[2022-11-25 16:00:06,034] [builder.py:2366]           [INFO]     | All 4 Shows Collection | ? | Metrosexuality (TVDb: 262032)                                         |
[2022-11-25 16:00:06,142] [builder.py:2366]           [INFO]     | All 4 Shows Collection | ? | Banzai (TVDb: 71368)                                                  |
[2022-11-25 16:00:06,181] [builder.py:2366]           [INFO]     | All 4 Shows Collection | ? | Aqua Teen Hunger Force (TVDb: 77120)                                  |
[2022-11-25 16:00:06,341] [builder.py:2366]           [INFO]     | All 4 Shows Collection | ? | Harvey Birdman, Attorney at Law (TVDb: 77119)                         |
[2022-11-25 16:00:06,470] [builder.py:2366]           [INFO]     | All 4 Shows Collection | ? | Derren Brown: Mind Control UK (TVDb: 240131)                          |
[2022-11-25 16:00:06,590] [builder.py:2366]           [INFO]     | All 4 Shows Collection | ? | North Square (TVDb: 82017)                                            |
[2022-11-25 16:00:06,634] [builder.py:2366]           [INFO]     | All 4 Shows Collection | ? | Black Books (TVDb: 76924)                                             |
[2022-11-25 16:00:06,747] [builder.py:2366]           [INFO]     | All 4 Shows Collection | ? | Meet Ricky Gervais (TVDb: 76923)                                      |
[2022-11-25 16:00:06,859] [builder.py:2366]           [INFO]     | All 4 Shows Collection | ? | Location, Location, Location (TVDb: 82195)                            |
[2022-11-25 16:00:06,898] [builder.py:2366]           [INFO]     | All 4 Shows Collection | ? | Da Ali G Show (TVDb: 72165)                                           |
[2022-11-25 16:00:07,016] [builder.py:2366]           [INFO]     | All 4 Shows Collection | ? | Philosophy - A Guide to Happiness (TVDb: 91901)                       |
[2022-11-25 16:00:07,062] [builder.py:2366]           [INFO]     | All 4 Shows Collection | ? | Spaced (TVDb: 72658)                                                  |
[2022-11-25 16:00:07,100] [builder.py:2366]           [INFO]     | All 4 Shows Collection | ? | The West Wing (TVDb: 72521)                                           |
[2022-11-25 16:00:07,230] [builder.py:2366]           [INFO]     | All 4 Shows Collection | ? | The 1900 House (TVDb: 74515)                                          |
[2022-11-25 16:00:07,271] [builder.py:2366]           [INFO]     | All 4 Shows Collection | ? | Grand Designs (TVDb: 79264)                                           |
[2022-11-25 16:00:07,316] [builder.py:2366]           [INFO]     | All 4 Shows Collection | ? | Smack the Pony (TVDb: 76504)                                          |
[2022-11-25 16:00:07,339] [builder.py:2366]           [INFO]     | All 4 Shows Collection | ? | Queer as Folk (TVDb: 75625)                                           |
[2022-11-25 16:00:07,367] [builder.py:2366]           [INFO]     | All 4 Shows Collection | ? | The Young Person's Guide to Becoming a Rock Star (TVDb: 77177)        |
[2022-11-25 16:00:07,417] [builder.py:2366]           [INFO]     | All 4 Shows Collection | ? | Charmed (TVDb: 70626)                                                 |
[2022-11-25 16:00:07,446] [builder.py:2366]           [INFO]     | All 4 Shows Collection | ? | Quest For The Lost Civilisation (TVDb: 202111)                        |
[2022-11-25 16:00:07,570] [builder.py:2366]           [INFO]     | All 4 Shows Collection | ? | Scrapheap Challenge (TVDb: 79903)                                     |
[2022-11-25 16:00:07,887] [builder.py:2366]           [INFO]     | All 4 Shows Collection | ? | A Dance to the Music of Time (TVDb: 103451)                           |
[2022-11-25 16:00:07,924] [builder.py:2366]           [INFO]     | All 4 Shows Collection | ? | The Adam And Joe Show (TVDb: 82756)                                   |
[2022-11-25 16:00:07,970] [builder.py:2366]           [INFO]     | All 4 Shows Collection | ? | Everybody Loves Raymond (TVDb: 73663)                                 |
[2022-11-25 16:00:08,013] [builder.py:2366]           [INFO]     | All 4 Shows Collection | ? | Cold Lazarus (TVDb: 77729)                                            |
[2022-11-25 16:00:08,049] [builder.py:2366]           [INFO]     | All 4 Shows Collection | ? | 3rd Rock from the Sun (TVDb: 72389)                                   |
[2022-11-25 16:00:08,091] [builder.py:2366]           [INFO]     | All 4 Shows Collection | ? | Hollyoaks (TVDb: 78006)                                               |
[2022-11-25 16:00:08,232] [builder.py:2366]           [INFO]     | All 4 Shows Collection | ? | Jake's Progress (TVDb: 250304)                                        |
[2022-11-25 16:00:08,270] [builder.py:2366]           [INFO]     | All 4 Shows Collection | ? | Nowhere Man (TVDb: 72933)                                             |
[2022-11-25 16:00:08,303] [builder.py:2366]           [INFO]     | All 4 Shows Collection | ? | The Politician's Wife (TVDb: 149711)                                  |
[2022-11-25 16:00:08,357] [builder.py:2366]           [INFO]     | All 4 Shows Collection | ? | Father Ted (TVDb: 75842)                                              |
[2022-11-25 16:00:08,409] [builder.py:2366]           [INFO]     | All 4 Shows Collection | ? | ER (TVDb: 70761)                                                      |
[2022-11-25 16:00:08,447] [builder.py:2366]           [INFO]     | All 4 Shows Collection | ? | Party of Five (TVDb: 72632)                                           |
[2022-11-25 16:00:08,496] [builder.py:2366]           [INFO]     | All 4 Shows Collection | ? | Time Team (TVDb: 73096)                                               |
[2022-11-25 16:00:08,539] [builder.py:2366]           [INFO]     | All 4 Shows Collection | ? | Frasier (TVDb: 77811)                                                 |
[2022-11-25 16:00:08,575] [builder.py:2366]           [INFO]     | All 4 Shows Collection | ? | Lipstick on Your Collar (TVDb: 81605)                                 |
[2022-11-25 16:00:08,618] [builder.py:2366]           [INFO]     | All 4 Shows Collection | ? | The World of Peter Rabbit and Friends (TVDb: 120621)                  |
[2022-11-25 16:00:08,661] [builder.py:2366]           [INFO]     | All 4 Shows Collection | ? | The Camomile Lawn (TVDb: 84706)                                       |
[2022-11-25 16:00:08,716] [builder.py:2366]           [INFO]     | All 4 Shows Collection | ? | GBH (TVDb: 78534)                                                     |
[2022-11-25 16:00:08,768] [builder.py:2366]           [INFO]     | All 4 Shows Collection | ? | Drop The Dead Donkey (TVDb: 77040)                                    |
[2022-11-25 16:00:08,903] [builder.py:2366]           [INFO]     | All 4 Shows Collection | ? | The Crystal Maze (TVDb: 79817)                                        |
[2022-11-25 16:00:08,974] [builder.py:2366]           [INFO]     | All 4 Shows Collection | ? | The Simpsons (TVDb: 71663)                                            |
[2022-11-25 16:00:09,003] [builder.py:2366]           [INFO]     | All 4 Shows Collection | ? | Desmond's (TVDb: 83516)                                               |
[2022-11-25 16:00:09,041] [builder.py:2366]           [INFO]     | All 4 Shows Collection | ? | Whose Line is it Anyway? (TVDb: 78521)                                |
[2022-11-25 16:00:09,236] [builder.py:2366]           [INFO]     | All 4 Shows Collection | ? | A Very British Coup (TVDb: 83223)                                     |
[2022-11-25 16:00:09,335] [builder.py:2366]           [INFO]     | All 4 Shows Collection | ? | Chelmsford 123 (TVDb: 77789)                                          |
[2022-11-25 16:00:09,467] [builder.py:2366]           [INFO]     | All 4 Shows Collection | ? | Porterhouse Blue (TVDb: 84249)                                        |
[2022-11-25 16:00:09,514] [builder.py:2366]           [INFO]     | All 4 Shows Collection | ? | The Comic Strip Presents (TVDb: 76387)                                |
[2022-11-25 16:00:09,582] [builder.py:2366]           [INFO]     | All 4 Shows Collection | ? | Brookside (TVDb: 71570)                                               |
[2022-11-25 16:00:09,617] [builder.py:2366]           [INFO]     | All 4 Shows Collection | ? | St. Elsewhere (TVDb: 72821)                                           |
[2022-11-25 16:00:09,667] [builder.py:2366]           [INFO]     | All 4 Shows Collection | ? | Cheers (TVDb: 77623)                                                  |
[2022-11-25 16:00:09,993] [builder.py:2366]           [INFO]     | All 4 Shows Collection | ? | Search for Tomorrow (TVDb: 70807)                                     |
[2022-11-25 16:00:09,993] [builder.py:2371]           [INFO]     |                                                                                                    |
[2022-11-25 16:00:09,993] [builder.py:2372]           [INFO]     | 373 Shows Missing                                                                                  |
[2022-11-25 16:00:11,977] [sonarr.py:70]              [INFO]     |                                                                                                    |
[2022-11-25 16:00:11,978] [sonarr.py:71]              [INFO]     |===================================== Adding Missing to Sonarr =====================================|
[2022-11-25 16:00:11,978] [sonarr.py:72]              [DEBUG]    |                                                                                                    |
[2022-11-25 16:00:11,978] [sonarr.py:73]              [DEBUG]    | Sonarr Adds: [417959, 420753, 417374, 410365, 401831, 420308, 419389, 398258, 418639, 415696, 398259, 413390, 413279, 356155, 409831, 406216, 397761, 357909, 376815, 373449, 408676, 407802, 405532, 406212, 403096, 380221, 383340, 399898, 398876, 397760, 378994, 389426, 393630, 382350, 391799, 390267, 377665, 377340, 352067, 387352, 377683, 379568, 386372, 377143, 379403, 377540, 378889, 377294, 370166, 376547, 375287, 374980, 365172, 364846, 361187, 374504, 369079, 365677, 372847, 372586, 361040, 380559, 366069, 364007, 361315, 370545, 376049, 369020, 368476, 351556, 367065, 365180, 348962, 364492, 357558, 357616, 361005, 353551, 362884, 362540, 362261, 361761, 361911, 361720, 362060, 360963, 361685, 359088, 360286, 360608, 360442, 353367, 347654, 356224, 352016, 355066, 357458, 353873, 357105, 167311, 353366, 340820, 354453, 353615, 350944, 353684, 348851, 339394, 352575, 326005, 350593, 344844, 348768, 338893, 346513, 347590, 343582, 344021, 345678, 324916, 332472, 341785, 343710, 341330, 340108, 342301, 341252, 339577, 339642, 338903, 338565, 330903, 343817, 348822, 336446, 336685, 327327, 334378, 335078, 333343, 333541, 321239, 324417, 324040, 322455, 321367, 318625, 318973, 315880, 318000, 317715, 316955, 317741, 314650, 314821, 313886, 312690, 310223, 310327, 307767, 306705, 303265, 281642, 303257, 302011, 302171, 301562, 300723, 299955, 300198, 298905, 298130, 297203, 406934, 294801, 295729, 294234, 294741, 293753, 276498, 291265, 292231, 290342, 281618, 290623, 289798, 290819, 286362, 286192, 277953, 275104, 284409, 285532, 284546, 283196, 281564, 279712, 279560, 276415, 267109, 275274, 274564, 273675, 266883, 269653, 273397, 271671, 270205, 270907, 268386, 272659, 272156, 260315, 267738, 262414, 300134, 268009, 266910, 257630, 265110, 264190, 263672, 263546, 259055, 262305, 262366, 263704, 257609, 250821, 260474, 259184, 255592, 266242, 257867, 256596, 255005, 252854, 251507, 252106, 251889, 224061, 250203, 248261, 248699, 248888, 235081, 228751, 254292, 207701, 196901, 245071, 194261, 187351, 184871, 180871, 163751, 142401, 140141, 124051, 121511, 120671, 95011, 95451, 95491, 110991, 85356, 83795, 139481, 83306, 82716, 82226, 81950, 136191, 81243, 80379, 79688, 80045, 79925, 79905, 79773, 79930, 81071, 79563, 79216, 79302, 79609, 79017, 79758, 80804, 74845, 75916, 78889, 79556, 75864, 75734, 79286, 82307, 78899, 79285, 80167, 72306, 74921, 81275, 74365, 73878, 82016, 79554, 78846, 73223, 71656, 73033, 72731, 103361, 250833, 78588, 79436, 83040, 72218, 80410, 75164, 77525, 262032, 71368, 77120, 77119, 240131, 82017, 76924, 76923, 82195, 72165, 91901, 72658, 72521, 74515, 79264, 76504, 75625, 77177, 70626, 202111, 79903, 103451, 82756, 73663, 77729, 72389, 78006, 250304, 72933, 149711, 75842, 70761, 72632, 73096, 77811, 81605, 120621, 84706, 78534, 77040, 79817, 71663, 83516, 78521, 83223, 77789, 84249, 76387, 71570, 72821, 77623, 70807] |
[2022-11-25 16:04:32,441] [sonarr.py:115]             [DEBUG]    | Traceback (most recent call last):                                                                 |
                                                                 |   File "/usr/local/lib/python3.10/site-packages/urllib3/connectionpool.py", line 449, in _make_request
                                                                 |     six.raise_from(e, None)
                                                                 |   File "<string>", line 3, in raise_from
                                                                 |   File "/usr/local/lib/python3.10/site-packages/urllib3/connectionpool.py", line 444, in _make_request
                                                                 |     httplib_response = conn.getresponse()
                                                                 |   File "/usr/local/lib/python3.10/http/client.py", line 1374, in getresponse
                                                                 |     response.begin()
                                                                 |   File "/usr/local/lib/python3.10/http/client.py", line 318, in begin
                                                                 |     version, status, reason = self._read_status()
                                                                 |   File "/usr/local/lib/python3.10/http/client.py", line 279, in _read_status
                                                                 |     line = str(self.fp.readline(_MAXLINE + 1), "iso-8859-1")
                                                                 |   File "/usr/local/lib/python3.10/socket.py", line 705, in readinto
                                                                 |     return self._sock.recv_into(b)
                                                                 | TimeoutError: timed out
                                                                 | 
                                                                 | During handling of the above exception, another exception occurred:
                                                                 | 
                                                                 | Traceback (most recent call last):
                                                                 |   File "/usr/local/lib/python3.10/site-packages/requests/adapters.py", line 489, in send
                                                                 |     resp = conn.urlopen(
                                                                 |   File "/usr/local/lib/python3.10/site-packages/urllib3/connectionpool.py", line 787, in urlopen
                                                                 |     retries = retries.increment(
                                                                 |   File "/usr/local/lib/python3.10/site-packages/urllib3/util/retry.py", line 550, in increment
                                                                 |     raise six.reraise(type(error), error, _stacktrace)
                                                                 |   File "/usr/local/lib/python3.10/site-packages/urllib3/packages/six.py", line 770, in reraise
                                                                 |     raise value
                                                                 |   File "/usr/local/lib/python3.10/site-packages/urllib3/connectionpool.py", line 703, in urlopen
                                                                 |     httplib_response = self._make_request(
                                                                 |   File "/usr/local/lib/python3.10/site-packages/urllib3/connectionpool.py", line 451, in _make_request
                                                                 |     self._raise_timeout(err=e, url=url, timeout_value=read_timeout)
                                                                 |   File "/usr/local/lib/python3.10/site-packages/urllib3/connectionpool.py", line 340, in _raise_timeout
                                                                 |     raise ReadTimeoutError(
                                                                 | urllib3.exceptions.ReadTimeoutError: HTTPConnectionPool(redacted): Read timed out. (read timeout=180)
                                                                 | 
                                                                 | During handling of the above exception, another exception occurred:
                                                                 | 
                                                                 | Traceback (most recent call last):
                                                                 |   File "/usr/local/lib/python3.10/site-packages/arrapi/raws/base.py", line 58, in _request
                                                                 |     response = self.session.post(request_url, json=json, params=url_params)
                                                                 |   File "/usr/local/lib/python3.10/site-packages/requests/sessions.py", line 635, in post
                                                                 |     return self.request("POST", url, data=data, json=json, **kwargs)
                                                                 |   File "/usr/local/lib/python3.10/site-packages/requests/sessions.py", line 587, in request
                                                                 |     resp = self.send(prep, **send_kwargs)
                                                                 |   File "//plex_meta_manager.py", line 141, in new_send
                                                                 |     return old_send(*send_args, **kwargs)
                                                                 |   File "/usr/local/lib/python3.10/site-packages/requests/sessions.py", line 701, in send
                                                                 |     r = adapter.send(request, **kwargs)
                                                                 |   File "/usr/local/lib/python3.10/site-packages/requests/adapters.py", line 578, in send
                                                                 |     raise ReadTimeout(e, request=request)
                                                                 | requests.exceptions.ReadTimeout: HTTPConnectionPool(redacted): Read timed out. (read timeout=180)
                                                                 | 
                                                                 | During handling of the above exception, another exception occurred:
                                                                 | 
                                                                 | Traceback (most recent call last):
                                                                 |   File "/modules/sonarr.py", line 109, in mass_add
                                                                 |     _a, _e, _i = self.api.add_multiple_series(shows, folder, quality_profile, language_profile, monitor,
                                                                 |   File "/usr/local/lib/python3.10/site-packages/arrapi/apis/sonarr.py", line 328, in add_multiple_series
                                                                 |     series.extend([Series(self, data=s) for s in self._raw.post_series_import(json[i:i+per_request])])
                                                                 |   File "/usr/local/lib/python3.10/site-packages/arrapi/raws/sonarr.py", line 26, in post_series_import
                                                                 |     return self._post("series/import", json=json)
                                                                 |   File "/usr/local/lib/python3.10/site-packages/arrapi/raws/base.py", line 40, in _post
                                                                 |     return self._request("post", path, json=json, **kwargs)
                                                                 |   File "/usr/local/lib/python3.10/site-packages/arrapi/raws/base.py", line 64, in _request
                                                                 |     raise ConnectionFailure(f"Failed to Connect to {self.url}")
                                                                 | arrapi.exceptions.ConnectionFailure: Failed to Connect to (redacted)
                                                                 | 
[2022-11-25 16:04:32,448] [builder.py:2385]           [ERROR]    | Sonarr Error: Failed to Connect to (redacted)
[2022-11-25 16:04:32,483] [builder.py:2527]           [INFO]     | 
[2022-11-25 16:04:32,483] [builder.py:2528]           [INFO]     |============================ Updating Details of All 4 Shows Collection ============================|
[2022-11-25 16:04:32,483] [builder.py:2529]           [INFO]     |                                                                                                    |
[2022-11-25 16:04:32,515] [builder.py:2595]           [INFO]     | Collection Metadata Edits                                                                          |
[2022-11-25 16:04:32,515] [util.py:174]               [DEBUG]    | 1 poster found:                                                                                    |
[2022-11-25 16:04:32,516] [util.py:176]               [DEBUG]    | Method: url_poster Poster: https://raw.githubusercontent.com/meisnate12/Plex-Meta-Manager-Images/master/streaming/All%204.jpg |
[2022-11-25 16:04:32,516] [library.py:180]            [INFO]     | Detail: poster update not needed                                                                   |
[2022-11-25 16:04:32,531] [plex_meta_manager.py:736]  [INFO]     |                                                                                                    |
[2022-11-25 16:04:32,531] [plex_meta_manager.py:737]  [INFO]     |====================================================================================================|
[2022-11-25 16:04:32,532] [plex_meta_manager.py:737]  [INFO]     |                                  Finished All 4 Shows Collection                                   |
[2022-11-25 16:04:32,532] [plex_meta_manager.py:737]  [INFO]     |                                    Collection Run Time: 0:04:52                                    |
[2022-11-25 16:04:32,532] [plex_meta_manager.py:737]  [INFO]     |====================================================================================================|
