[2022-11-16 22:29:39,722] [builder.py:193]            [INFO]     |====================================================================================================|
[2022-11-16 22:29:39,723] [builder.py:193]            [INFO]     |                      Independent Spirit Awards 2022 Collection in Old Movies                       |
[2022-11-16 22:29:39,723] [builder.py:193]            [INFO]     |====================================================================================================|
[2022-11-16 22:29:39,723] [builder.py:194]            [INFO]     |                                                                                                    |
[2022-11-16 22:29:39,723] [builder.py:199]            [INFO]     |================================ Building Definition From Templates ================================|
[2022-11-16 22:29:39,723] [builder.py:215]            [DEBUG]    |                                                                                                    |
[2022-11-16 22:29:39,723] [meta.py:210]               [DEBUG]    |================================== Template use_year_collections ===================================|
[2022-11-16 22:29:39,724] [meta.py:451]               [DEBUG]    |                                                                                                    |
[2022-11-16 22:29:39,725] [meta.py:210]               [DEBUG]    |========================================== Template trakt ==========================================|
[2022-11-16 22:29:39,726] [meta.py:451]               [DEBUG]    |                                                                                                    |
[2022-11-16 22:29:39,728] [meta.py:210]               [DEBUG]    |======================================= Template translation =======================================|
[2022-11-16 22:29:39,729] [meta.py:451]               [DEBUG]    |                                                                                                    |
[2022-11-16 22:29:39,732] [meta.py:210]               [DEBUG]    |========================================= Template shared ==========================================|
[2022-11-16 22:29:39,733] [meta.py:451]               [DEBUG]    |                                                                                                    |
[2022-11-16 22:29:39,738] [meta.py:506]               [INFO]     |                                                                                                    |
[2022-11-16 22:29:39,739] [meta.py:507]               [WARNING]  | Template Warning: template attribute: trakt_list from shared skipped                               |
[2022-11-16 22:29:39,752] [meta.py:210]               [DEBUG]    |=========================================== Template arr ===========================================|
[2022-11-16 22:29:39,753] [meta.py:451]               [DEBUG]    |                                                                                                    |
[2022-11-16 22:29:39,761] [meta.py:210]               [DEBUG]    |========================================= Template custom ==========================================|
[2022-11-16 22:29:39,762] [meta.py:451]               [DEBUG]    |                                                                                                    |
[2022-11-16 22:29:39,767] [meta.py:512]               [DEBUG]    |                                                                                                    |
[2022-11-16 22:29:39,768] [meta.py:513]               [DEBUG]    |==================================== Final Template Attributes =====================================|
[2022-11-16 22:29:39,768] [meta.py:514]               [DEBUG]    |                                                                                                    |
[2022-11-16 22:29:39,768] [meta.py:515]               [DEBUG]    | {'trakt_list': 'https://trakt.tv/users/pjcob/lists/2022-independent-spirits', 'summary': '2022 Independent Spirit Awards.', 'name': 'Independent Spirit Awards 2022', 'allowed_library_types': ['movie'], 'ignore_blank_results': True, 'collection_mode': 'hide', 'sort_title': '!16_Independent Spirit Awards 2022', 'url_poster': 'https://raw.githubusercontent.com/meisnate12/Plex-Meta-Manager-Images/master/award/spirit/2022.jpg', 'collection_order': 'custom', 'sync_mode': 'sync', 'cache_builders': 1} |
[2022-11-16 22:29:39,768] [meta.py:516]               [DEBUG]    |                                                                                                    |
[2022-11-16 22:29:39,768] [builder.py:223]            [INFO]     |======================= Validating Independent Spirit Awards 2022 Attributes =======================|
[2022-11-16 22:29:39,768] [builder.py:226]            [DEBUG]    |                                                                                                    |
[2022-11-16 22:29:39,768] [builder.py:227]            [DEBUG]    | Validating Method: name                                                                            |
[2022-11-16 22:29:39,768] [builder.py:230]            [DEBUG]    | Value: Independent Spirit Awards 2022                                                              |
[2022-11-16 22:29:39,769] [builder.py:236]            [DEBUG]    |                                                                                                    |
[2022-11-16 22:29:39,769] [builder.py:237]            [DEBUG]    | Validating Method: allowed_library_types                                                           |
[2022-11-16 22:29:39,769] [builder.py:240]            [DEBUG]    | Value: ['movie']                                                                                   |
[2022-11-16 22:29:39,769] [builder.py:502]            [DEBUG]    |                                                                                                    |
[2022-11-16 22:29:39,769] [builder.py:503]            [DEBUG]    | Validating Method: ignore_blank_results                                                            |
[2022-11-16 22:29:39,769] [builder.py:504]            [DEBUG]    | Value: True                                                                                        |
[2022-11-16 22:29:39,769] [builder.py:516]            [DEBUG]    |                                                                                                    |
[2022-11-16 22:29:39,770] [builder.py:517]            [DEBUG]    | Validating Method: sync_mode                                                                       |
[2022-11-16 22:29:39,770] [builder.py:521]            [DEBUG]    | Value: sync                                                                                        |
[2022-11-16 22:29:39,770] [builder.py:613]            [DEBUG]    |                                                                                                    |
[2022-11-16 22:29:39,770] [builder.py:614]            [DEBUG]    | Validating Method: collection_order                                                                |
[2022-11-16 22:29:39,770] [builder.py:615]            [DEBUG]    | Value: custom                                                                                      |
[2022-11-16 22:29:39,770] [builder.py:646]            [DEBUG]    |                                                                                                    |
[2022-11-16 22:29:39,770] [builder.py:650]            [DEBUG]    | Validating Method: label                                                                           |
[2022-11-16 22:29:39,770] [builder.py:651]            [DEBUG]    | Value: Independent Spirit Awards Awards                                                            |
[2022-11-16 22:29:39,771] [builder.py:646]            [DEBUG]    |                                                                                                    |
[2022-11-16 22:29:39,771] [builder.py:650]            [DEBUG]    | Validating Method: trakt_list                                                                      |
[2022-11-16 22:29:39,771] [builder.py:651]            [DEBUG]    | Value: https://trakt.tv/users/pjcob/lists/2022-independent-spirits                                 |
[2022-11-16 22:29:39,811] [builder.py:646]            [DEBUG]    |                                                                                                    |
[2022-11-16 22:29:39,812] [builder.py:650]            [DEBUG]    | Validating Method: summary                                                                         |
[2022-11-16 22:29:39,812] [builder.py:651]            [DEBUG]    | Value: 2022 Independent Spirit Awards.                                                             |
[2022-11-16 22:29:39,812] [builder.py:646]            [DEBUG]    |                                                                                                    |
[2022-11-16 22:29:39,812] [builder.py:650]            [DEBUG]    | Validating Method: collection_mode                                                                 |
[2022-11-16 22:29:39,812] [builder.py:651]            [DEBUG]    | Value: hide                                                                                        |
[2022-11-16 22:29:39,813] [builder.py:646]            [DEBUG]    |                                                                                                    |
[2022-11-16 22:29:39,813] [builder.py:650]            [DEBUG]    | Validating Method: sort_title                                                                      |
[2022-11-16 22:29:39,814] [builder.py:651]            [DEBUG]    | Value: !16_Independent Spirit Awards 2022                                                          |
[2022-11-16 22:29:39,814] [builder.py:646]            [DEBUG]    |                                                                                                    |
[2022-11-16 22:29:39,814] [builder.py:650]            [DEBUG]    | Validating Method: url_poster                                                                      |
[2022-11-16 22:29:39,814] [builder.py:651]            [DEBUG]    | Value: https://raw.githubusercontent.com/meisnate12/Plex-Meta-Manager-Images/master/award/spirit/2022.jpg |
[2022-11-16 22:29:39,961] [builder.py:646]            [DEBUG]    |                                                                                                    |
[2022-11-16 22:29:39,961] [builder.py:650]            [DEBUG]    | Validating Method: cache_builders                                                                  |
[2022-11-16 22:29:39,962] [builder.py:651]            [DEBUG]    | Value: 1                                                                                           |
[2022-11-16 22:29:39,966] [plex.py:835]               [DEBUG]    |                                                                                                    |
[2022-11-16 22:29:39,966] [plex.py:838]               [DEBUG]    | Looking for: Independent Spirit Awards 2022                                                        |
[2022-11-16 22:29:39,966] [builder.py:814]            [INFO]     |                                                                                                    |
[2022-11-16 22:29:39,967] [builder.py:815]            [INFO]     | Validation Successful                                                                              |
[2022-11-16 22:29:39,967] [plex_meta_manager.py:594]  [INFO]     |                                                                                                    |
[2022-11-16 22:29:39,967] [plex_meta_manager.py:596]  [INFO]     |======================== Running Independent Spirit Awards 2022 Collection =========================|
[2022-11-16 22:29:39,967] [plex_meta_manager.py:608]  [INFO]     |                                                                                                    |
[2022-11-16 22:29:39,967] [plex_meta_manager.py:609]  [INFO]     | Sync Mode: sync                                                                                    |
[2022-11-16 22:29:39,967] [plex_meta_manager.py:612]  [DEBUG]    |                                                                                                    |
[2022-11-16 22:29:39,967] [plex_meta_manager.py:613]  [DEBUG]    | Builder: trakt_list: https://trakt.tv/users/pjcob/lists/2022-independent-spirits                   |
[2022-11-16 22:29:39,968] [plex_meta_manager.py:614]  [INFO]     |                                                                                                    |
[2022-11-16 22:29:39,969] [builder.py:1523]           [INFO]     | Builder: trakt_list loaded from Cache                                                              |
[2022-11-16 22:29:39,972] [builder.py:1574]           [DEBUG]    |                                                                                                    |
[2022-11-16 22:29:39,972] [builder.py:1575]           [DEBUG]    | 45 IDs Found                                                                                       |
[2022-11-16 22:29:39,972] [builder.py:1577]           [DEBUG]    |                                                                                                    |
[2022-11-16 22:29:39,973] [builder.py:2306]           [INFO]     |                                                                                                    |
[2022-11-16 22:29:39,974] [builder.py:2307]           [INFO]     |============================= Missing Movies from Library: Old Movies ==============================|
[2022-11-16 22:29:39,991] [builder.py:2308]           [INFO]     |                                                                                                    |
[2022-11-16 22:29:40,016] [builder.py:2321]           [INFO]     | Independent Spirit Awards 2022 Collection | ? | The Lost Daughter (2021) (TMDb: 554230)            |
[2022-11-16 22:29:40,031] [builder.py:2321]           [INFO]     | Independent Spirit Awards 2022 Collection | ? | C'mon C'mon (2021) (TMDb: 632617)                  |
[2022-11-16 22:29:40,050] [builder.py:2321]           [INFO]     | Independent Spirit Awards 2022 Collection | ? | The Novice (2021) (TMDb: 821427)                   |
[2022-11-16 22:29:40,066] [builder.py:2321]           [INFO]     | Independent Spirit Awards 2022 Collection | ? | Zola (2020) (TMDb: 539565)                         |
[2022-11-16 22:29:40,244] [builder.py:2321]           [INFO]     | Independent Spirit Awards 2022 Collection | ? | A Chiara (2021) (TMDb: 833420)                     |
[2022-11-16 22:29:40,461] [builder.py:2321]           [INFO]     | Independent Spirit Awards 2022 Collection | ? | Queen of Glory (2022) (TMDb: 821488)               |
[2022-11-16 22:29:40,608] [builder.py:2321]           [INFO]     | Independent Spirit Awards 2022 Collection | ? | Holler (2021) (TMDb: 665886)                       |
[2022-11-16 22:29:40,620] [builder.py:2321]           [INFO]     | Independent Spirit Awards 2022 Collection | ? | Test Pattern (2021) (TMDb: 637254)                 |
[2022-11-16 22:29:40,732] [builder.py:2321]           [INFO]     | Independent Spirit Awards 2022 Collection | ? | 7 Days (2022) (TMDb: 821046)                       |
[2022-11-16 22:29:40,896] [builder.py:2321]           [INFO]     | Independent Spirit Awards 2022 Collection | ? | Wild Indian (2021) (TMDb: 656991)                  |
[2022-11-16 22:29:40,908] [builder.py:2321]           [INFO]     | Independent Spirit Awards 2022 Collection | ? | Pleasure (2021) (TMDb: 592695)                     |
[2022-11-16 22:29:41,149] [builder.py:2321]           [INFO]     | Independent Spirit Awards 2022 Collection | ? | Red Rocket (2021) (TMDb: 763329)                   |
[2022-11-16 22:29:41,277] [builder.py:2321]           [INFO]     | Independent Spirit Awards 2022 Collection | ? | Jockey (2021) (TMDb: 776511)                       |
[2022-11-16 22:29:41,429] [builder.py:2321]           [INFO]     | Independent Spirit Awards 2022 Collection | ? | The Killing of Kenneth Chamberlain (2021) (TMDb: 647557) |
[2022-11-16 22:29:41,578] [builder.py:2321]           [INFO]     | Independent Spirit Awards 2022 Collection | ? | Swan Song (2021) (TMDb: 794602)                    |
[2022-11-16 22:29:41,590] [builder.py:2321]           [INFO]     | Independent Spirit Awards 2022 Collection | ? | Catch the Fair One (2022) (TMDb: 821420)           |
[2022-11-16 22:29:41,774] [builder.py:2321]           [INFO]     | Independent Spirit Awards 2022 Collection | ? | Together Together (2021) (TMDb: 776515)            |
[2022-11-16 22:29:42,006] [builder.py:2321]           [INFO]     | Independent Spirit Awards 2022 Collection | ? | Sweet Thing (2020) (TMDb: 626882)                  |
[2022-11-16 22:29:42,023] [builder.py:2321]           [INFO]     | Independent Spirit Awards 2022 Collection | ? | Passing (2021) (TMDb: 541524)                      |
[2022-11-16 22:29:42,042] [builder.py:2321]           [INFO]     | Independent Spirit Awards 2022 Collection | ? | Mass (2021) (TMDb: 423333)                         |
[2022-11-16 22:29:42,058] [builder.py:2321]           [INFO]     | Independent Spirit Awards 2022 Collection | ? | Pig (2021) (TMDb: 635731)                          |
[2022-11-16 22:29:42,074] [builder.py:2321]           [INFO]     | Independent Spirit Awards 2022 Collection | ? | Cicada (2021) (TMDb: 672816)                       |
[2022-11-16 22:29:42,336] [builder.py:2321]           [INFO]     | Independent Spirit Awards 2022 Collection | ? | Blue Bayou (2021) (TMDb: 644089)                   |
[2022-11-16 22:29:42,353] [builder.py:2321]           [INFO]     | Independent Spirit Awards 2022 Collection | ? | The Humans (2021) (TMDb: 588367)                   |
[2022-11-16 22:29:42,367] [builder.py:2321]           [INFO]     | Independent Spirit Awards 2022 Collection | ? | The Nowhere Inn (2021) (TMDb: 653572)              |
[2022-11-16 22:29:42,382] [builder.py:2321]           [INFO]     | Independent Spirit Awards 2022 Collection | ? | Drive My Car (2021) (TMDb: 758866)                 |
[2022-11-16 22:29:42,397] [builder.py:2321]           [INFO]     | Independent Spirit Awards 2022 Collection | ? | Compartment No. 6 (2021) (TMDb: 588182)            |
[2022-11-16 22:29:42,417] [builder.py:2321]           [INFO]     | Independent Spirit Awards 2022 Collection | ? | Parallel Mothers (2021) (TMDb: 766798)             |
[2022-11-16 22:29:42,441] [builder.py:2321]           [INFO]     | Independent Spirit Awards 2022 Collection | ? | Petite Maman (2021) (TMDb: 749004)                 |
[2022-11-16 22:29:42,453] [builder.py:2321]           [INFO]     | Independent Spirit Awards 2022 Collection | ? | Prayers for the Stolen (2021) (TMDb: 670981)       |
[2022-11-16 22:29:42,639] [builder.py:2321]           [INFO]     | Independent Spirit Awards 2022 Collection | ? | Pebbles (2021) (TMDb: 778660)                      |
[2022-11-16 22:29:42,649] [builder.py:2321]           [INFO]     | Independent Spirit Awards 2022 Collection | ? | Flee (2021) (TMDb: 680813)                         |
[2022-11-16 22:29:42,659] [builder.py:2321]           [INFO]     | Independent Spirit Awards 2022 Collection | ? | Summer of Soul (...Or, When the Revolution Could Not Be Televised) (2021) (TMDb: 776527) |
[2022-11-16 22:29:42,669] [builder.py:2321]           [INFO]     | Independent Spirit Awards 2022 Collection | ? | In the Same Breath (2021) (TMDb: 776518)           |
[2022-11-16 22:29:42,680] [builder.py:2321]           [INFO]     | Independent Spirit Awards 2022 Collection | ? | Ascension (2021) (TMDb: 822138)                    |
[2022-11-16 22:29:42,692] [builder.py:2321]           [INFO]     | Independent Spirit Awards 2022 Collection | ? | Procession (2021) (TMDb: 869623)                   |
[2022-11-16 22:29:42,708] [builder.py:2321]           [INFO]     | Independent Spirit Awards 2022 Collection | ? | Shiva Baby (2021) (TMDb: 664300)                   |
[2022-11-16 22:29:42,851] [builder.py:2321]           [INFO]     | Independent Spirit Awards 2022 Collection | ? | Cryptozoo (2021) (TMDb: 776660)                    |
[2022-11-16 22:29:42,977] [builder.py:2321]           [INFO]     | Independent Spirit Awards 2022 Collection | ? | This Is Not a War Story (2021) (TMDb: 847947)      |
[2022-11-16 22:29:42,990] [builder.py:2321]           [INFO]     | Independent Spirit Awards 2022 Collection | ? | Try Harder! (2021) (TMDb: 776528)                  |
[2022-11-16 22:29:43,148] [builder.py:2321]           [INFO]     | Independent Spirit Awards 2022 Collection | ? | North by Current (2021) (TMDb: 737277)             |
[2022-11-16 22:29:43,284] [builder.py:2321]           [INFO]     | Independent Spirit Awards 2022 Collection | ? | Faya Dayi (2021) (TMDb: 776551)                    |
[2022-11-16 22:29:43,294] [builder.py:2321]           [INFO]     | Independent Spirit Awards 2022 Collection | ? | Luzzu (2021) (TMDb: 776544)                        |
[2022-11-16 22:29:43,535] [builder.py:2321]           [INFO]     | Independent Spirit Awards 2022 Collection | ? | I Blame Society (2020) (TMDb: 662903)              |
[2022-11-16 22:29:43,535] [builder.py:2326]           [INFO]     |                                                                                                    |
[2022-11-16 22:29:43,536] [builder.py:2327]           [INFO]     | 44 Movies Missing                                                                                  |
[2022-11-16 22:29:48,372] [plex_meta_manager.py:652]  [INFO]     |                                                                                                    |
[2022-11-16 22:29:48,372] [plex_meta_manager.py:653]  [INFO]     | Collection Minimum: 2 not met for Independent Spirit Awards 2022 Collection                        |
[2022-11-16 22:29:48,373] [plex_meta_manager.py:736]  [INFO]     |                                                                                                    |
[2022-11-16 22:29:48,373] [plex_meta_manager.py:737]  [INFO]     |====================================================================================================|
[2022-11-16 22:29:48,373] [plex_meta_manager.py:737]  [INFO]     |                         Finished Independent Spirit Awards 2022 Collection                         |
[2022-11-16 22:29:48,373] [plex_meta_manager.py:737]  [INFO]     |                                    Collection Run Time: 0:00:08                                    |
[2022-11-16 22:29:48,373] [plex_meta_manager.py:737]  [INFO]     |====================================================================================================|
