[2022-11-25 15:54:46,537] [builder.py:193]            [INFO]     |====================================================================================================|
[2022-11-25 15:54:46,537] [builder.py:193]            [INFO]     |                               TMDb On The Air Collection in TV Shows                               |
[2022-11-25 15:54:46,537] [builder.py:193]            [INFO]     |====================================================================================================|
[2022-11-25 15:54:46,537] [builder.py:194]            [INFO]     |                                                                                                    |
[2022-11-25 15:54:46,537] [builder.py:199]            [INFO]     |================================ Building Definition From Templates ================================|
[2022-11-25 15:54:46,537] [builder.py:209]            [DEBUG]    |                                                                                                    |
[2022-11-25 15:54:46,537] [builder.py:210]            [DEBUG]    | Validating Method: variables                                                                       |
[2022-11-25 15:54:46,537] [builder.py:215]            [DEBUG]    |                                                                                                    |
[2022-11-25 15:54:46,537] [meta.py:210]               [DEBUG]    |========================================== Template tmdb ===========================================|
[2022-11-25 15:54:46,538] [meta.py:451]               [DEBUG]    |                                                                                                    |
[2022-11-25 15:54:46,540] [meta.py:210]               [DEBUG]    |========================================= Template shared ==========================================|
[2022-11-25 15:54:46,541] [meta.py:451]               [DEBUG]    |                                                                                                    |
[2022-11-25 15:54:46,567] [meta.py:210]               [DEBUG]    |=========================================== Template arr ===========================================|
[2022-11-25 15:54:46,568] [meta.py:451]               [DEBUG]    |                                                                                                    |
[2022-11-25 15:54:46,579] [meta.py:210]               [DEBUG]    |========================================= Template custom ==========================================|
[2022-11-25 15:54:46,579] [meta.py:451]               [DEBUG]    |                                                                                                    |
[2022-11-25 15:54:46,589] [meta.py:210]               [DEBUG]    |======================================= Template translation =======================================|
[2022-11-25 15:54:46,590] [meta.py:451]               [DEBUG]    |                                                                                                    |
[2022-11-25 15:54:46,593] [meta.py:512]               [DEBUG]    |                                                                                                    |
[2022-11-25 15:54:46,593] [meta.py:513]               [DEBUG]    |==================================== Final Template Attributes =====================================|
[2022-11-25 15:54:46,593] [meta.py:514]               [DEBUG]    |                                                                                                    |
[2022-11-25 15:54:46,593] [meta.py:515]               [DEBUG]    | {'tmdb_on_the_air': 100, 'allowed_library_types': ['show'], 'ignore_blank_results': True, 'sort_title': '!01_TMDb On The Air', 'url_poster': 'https://raw.githubusercontent.com/meisnate12/Plex-Meta-Manager-Images/master/chart/TMDb%20On%20The%20Air.jpg', 'collection_order': 'custom', 'sync_mode': 'sync', 'cache_builders': 1, 'summary': 'A collection of shows that are still actively airing episodes.', 'name': 'TMDb On The Air'} |
[2022-11-25 15:54:46,594] [meta.py:516]               [DEBUG]    |                                                                                                    |
[2022-11-25 15:54:46,594] [builder.py:223]            [INFO]     |============================== Validating TMDb On The Air Attributes ===============================|
[2022-11-25 15:54:46,594] [builder.py:226]            [DEBUG]    |                                                                                                    |
[2022-11-25 15:54:46,594] [builder.py:227]            [DEBUG]    | Validating Method: name                                                                            |
[2022-11-25 15:54:46,594] [builder.py:230]            [DEBUG]    | Value: TMDb On The Air                                                                             |
[2022-11-25 15:54:46,599] [builder.py:236]            [DEBUG]    |                                                                                                    |
[2022-11-25 15:54:46,599] [builder.py:237]            [DEBUG]    | Validating Method: allowed_library_types                                                           |
[2022-11-25 15:54:46,599] [builder.py:240]            [DEBUG]    | Value: ['show']                                                                                    |
[2022-11-25 15:54:46,599] [builder.py:502]            [DEBUG]    |                                                                                                    |
[2022-11-25 15:54:46,599] [builder.py:503]            [DEBUG]    | Validating Method: ignore_blank_results                                                            |
[2022-11-25 15:54:46,599] [builder.py:504]            [DEBUG]    | Value: True                                                                                        |
[2022-11-25 15:54:46,599] [builder.py:516]            [DEBUG]    |                                                                                                    |
[2022-11-25 15:54:46,599] [builder.py:517]            [DEBUG]    | Validating Method: sync_mode                                                                       |
[2022-11-25 15:54:46,599] [builder.py:521]            [DEBUG]    | Value: sync                                                                                        |
[2022-11-25 15:54:46,599] [builder.py:613]            [DEBUG]    |                                                                                                    |
[2022-11-25 15:54:46,600] [builder.py:614]            [DEBUG]    | Validating Method: collection_order                                                                |
[2022-11-25 15:54:46,600] [builder.py:615]            [DEBUG]    | Value: custom                                                                                      |
[2022-11-25 15:54:46,600] [builder.py:646]            [DEBUG]    |                                                                                                    |
[2022-11-25 15:54:46,600] [builder.py:650]            [DEBUG]    | Validating Method: tmdb_on_the_air                                                                 |
[2022-11-25 15:54:46,600] [builder.py:651]            [DEBUG]    | Value: 100                                                                                         |
[2022-11-25 15:54:46,600] [builder.py:646]            [DEBUG]    |                                                                                                    |
[2022-11-25 15:54:46,600] [builder.py:650]            [DEBUG]    | Validating Method: sort_title                                                                      |
[2022-11-25 15:54:46,600] [builder.py:651]            [DEBUG]    | Value: !01_TMDb On The Air                                                                         |
[2022-11-25 15:54:46,600] [builder.py:646]            [DEBUG]    |                                                                                                    |
[2022-11-25 15:54:46,601] [builder.py:650]            [DEBUG]    | Validating Method: url_poster                                                                      |
[2022-11-25 15:54:46,601] [builder.py:651]            [DEBUG]    | Value: https://raw.githubusercontent.com/meisnate12/Plex-Meta-Manager-Images/master/chart/TMDb%20On%20The%20Air.jpg |
[2022-11-25 15:54:46,757] [builder.py:646]            [DEBUG]    |                                                                                                    |
[2022-11-25 15:54:46,757] [builder.py:650]            [DEBUG]    | Validating Method: cache_builders                                                                  |
[2022-11-25 15:54:46,757] [builder.py:651]            [DEBUG]    | Value: 1                                                                                           |
[2022-11-25 15:54:46,757] [builder.py:646]            [DEBUG]    |                                                                                                    |
[2022-11-25 15:54:46,758] [builder.py:650]            [DEBUG]    | Validating Method: summary                                                                         |
[2022-11-25 15:54:46,758] [builder.py:651]            [DEBUG]    | Value: A collection of shows that are still actively airing episodes.                              |
[2022-11-25 15:54:46,804] [builder.py:814]            [INFO]     |                                                                                                    |
[2022-11-25 15:54:46,806] [builder.py:815]            [INFO]     | Validation Successful                                                                              |
[2022-11-25 15:54:46,806] [plex_meta_manager.py:594]  [INFO]     |                                                                                                    |
[2022-11-25 15:54:46,806] [plex_meta_manager.py:596]  [INFO]     |================================ Running TMDb On The Air Collection ================================|
[2022-11-25 15:54:46,806] [plex_meta_manager.py:608]  [INFO]     |                                                                                                    |
[2022-11-25 15:54:46,807] [plex_meta_manager.py:609]  [INFO]     | Sync Mode: sync                                                                                    |
[2022-11-25 15:54:46,807] [plex_meta_manager.py:612]  [DEBUG]    |                                                                                                    |
[2022-11-25 15:54:46,807] [plex_meta_manager.py:613]  [DEBUG]    | Builder: tmdb_on_the_air: 100                                                                      |
[2022-11-25 15:54:46,807] [plex_meta_manager.py:614]  [INFO]     |                                                                                                    |
[2022-11-25 15:54:46,808] [builder.py:1523]           [INFO]     | Builder: tmdb_on_the_air loaded from Cache                                                         |
[2022-11-25 15:54:46,816] [builder.py:1574]           [DEBUG]    |                                                                                                    |
[2022-11-25 15:54:46,816] [builder.py:1575]           [DEBUG]    | 100 IDs Found                                                                                      |
[2022-11-25 15:54:46,817] [builder.py:1577]           [DEBUG]    |                                                                                                    |
[2022-11-25 15:54:46,830] [builder.py:1689]           [WARNING]  | Convert Error: No TVDb ID Found for TMDb ID: 154300                                                |
[2022-11-25 15:54:46,843] [builder.py:1689]           [WARNING]  | Convert Error: No TVDb ID Found for TMDb ID: 208711                                                |
[2022-11-25 15:54:46,853] [builder.py:1689]           [WARNING]  | Convert Error: No TVDb ID Found for TMDb ID: 211163                                                |
[2022-11-25 15:54:46,858] [builder.py:1689]           [WARNING]  | Convert Error: No TVDb ID Found for TMDb ID: 210941                                                |
[2022-11-25 15:54:46,876] [builder.py:1689]           [WARNING]  | Convert Error: No TVDb ID Found for TMDb ID: 210855                                                |
[2022-11-25 15:54:46,897] [builder.py:1689]           [WARNING]  | Convert Error: No TVDb ID Found for TMDb ID: 211660                                                |
[2022-11-25 15:54:46,914] [builder.py:1689]           [WARNING]  | Convert Error: No TVDb ID Found for TMDb ID: 58141                                                 |
[2022-11-25 15:54:46,943] [builder.py:1689]           [WARNING]  | Convert Error: No TVDb ID Found for TMDb ID: 213893                                                |
[2022-11-25 15:54:46,979] [builder.py:1689]           [WARNING]  | Convert Error: No TVDb ID Found for TMDb ID: 209634                                                |
[2022-11-25 15:54:46,989] [builder.py:1689]           [WARNING]  | Convert Error: No TVDb ID Found for TMDb ID: 211239                                                |
[2022-11-25 15:54:46,999] [builder.py:1689]           [WARNING]  | Convert Error: No TVDb ID Found for TMDb ID: 211162                                                |
[2022-11-25 15:54:47,010] [builder.py:1689]           [WARNING]  | Convert Error: No TVDb ID Found for TMDb ID: 209609                                                |
[2022-11-25 15:54:47,028] [builder.py:1689]           [WARNING]  | Convert Error: No TVDb ID Found for TMDb ID: 213133                                                |
[2022-11-25 15:54:47,038] [builder.py:1689]           [WARNING]  | Convert Error: No TVDb ID Found for TMDb ID: 36361                                                 |
[2022-11-25 15:54:47,050] [builder.py:1689]           [WARNING]  | Convert Error: No TVDb ID Found for TMDb ID: 213713                                                |
[2022-11-25 15:54:47,081] [builder.py:1689]           [WARNING]  | Convert Error: No TVDb ID Found for TMDb ID: 206112                                                |
[2022-11-25 15:54:47,092] [builder.py:1689]           [WARNING]  | Convert Error: No TVDb ID Found for TMDb ID: 209326                                                |
[2022-11-25 15:54:47,103] [builder.py:1689]           [WARNING]  | Convert Error: No TVDb ID Found for TMDb ID: 197109                                                |
[2022-11-25 15:54:47,118] [builder.py:1689]           [WARNING]  | Convert Error: No TVDb ID Found for TMDb ID: 212744                                                |
[2022-11-25 15:54:47,133] [builder.py:1689]           [WARNING]  | Convert Error: No TVDb ID Found for TMDb ID: 211128                                                |
[2022-11-25 15:54:47,143] [builder.py:1689]           [WARNING]  | Convert Error: No TVDb ID Found for TMDb ID: 73085                                                 |
[2022-11-25 15:54:47,156] [builder.py:1689]           [WARNING]  | Convert Error: No TVDb ID Found for TMDb ID: 213049                                                |
[2022-11-25 15:54:47,160] [builder.py:2158]           [INFO]     |                                                                                                    |
[2022-11-25 15:54:47,161] [builder.py:2159]           [INFO]     |=============================== Adding to TMDb On The Air Collection ===============================|
[2022-11-25 15:54:47,161] [builder.py:2160]           [INFO]     |                                                                                                    |
[2022-11-25 15:54:47,161] [builder.py:2174]           [INFO]     | 1/6 | TMDb On The Air Collection | = | The Peripheral                                              |
[2022-11-25 15:54:47,162] [builder.py:2174]           [INFO]     | 2/6 | TMDb On The Air Collection | = | Yellowstone (2018)                                          |
[2022-11-25 15:54:47,162] [builder.py:2174]           [INFO]     | 3/6 | TMDb On The Air Collection | = | The Good Doctor                                             |
[2022-11-25 15:54:47,162] [builder.py:2174]           [INFO]     | 4/6 | TMDb On The Air Collection | = | Titans (2018)                                               |
[2022-11-25 15:54:47,162] [builder.py:2174]           [INFO]     | 5/6 | TMDb On The Air Collection | = | The Cleaning Lady (US)                                      |
[2022-11-25 15:54:47,162] [builder.py:2174]           [INFO]     | 6/6 | TMDb On The Air Collection | = | Shantaram                                                   |
[2022-11-25 15:54:47,163] [builder.py:2194]           [INFO]     |                                                                                                    |
[2022-11-25 15:54:47,163] [builder.py:2196]           [INFO]     | 6 Shows Processed 0 Shows Added                                                                    |
[2022-11-25 15:54:47,163] [builder.py:2352]           [INFO]     |                                                                                                    |
[2022-11-25 15:54:47,163] [builder.py:2353]           [INFO]     |=========================== Missing Shows from Library: TMDb On The Air ============================|
[2022-11-25 15:54:47,163] [builder.py:2354]           [INFO]     |                                                                                                    |
[2022-11-25 15:54:47,191] [builder.py:2366]           [INFO]     | TMDb On The Air Collection | ? | Lisa (TVDb: 387275)                                               |
[2022-11-25 15:54:47,217] [builder.py:2366]           [INFO]     | TMDb On The Air Collection | ? | Χαιρέτα μου τον Πλάτανο (TVDb: 388851)                            |
[2022-11-25 15:54:47,238] [builder.py:2366]           [INFO]     | TMDb On The Air Collection | ? | Chainsaw Man (TVDb: 397934)                                       |
[2022-11-25 15:54:47,424] [builder.py:2366]           [INFO]     | TMDb On The Air Collection | ? | Mar do Sertão (TVDb: 421257)                                      |
[2022-11-25 15:54:47,582] [builder.py:2366]           [INFO]     | TMDb On The Air Collection | ? | Cara e Coragem (TVDb: 418791)                                     |
[2022-11-25 15:54:47,665] [builder.py:2366]           [INFO]     | TMDb On The Air Collection | ? | Hidden Blood (TVDb: 424773)                                       |
[2022-11-25 15:54:47,827] [builder.py:2366]           [INFO]     | TMDb On The Air Collection | ? | Poliana Moça (TVDb: 414538)                                       |
[2022-11-25 15:54:47,974] [builder.py:2366]           [INFO]     | TMDb On The Air Collection | ? | Travessia (TVDb: 420138)                                          |
[2022-11-25 15:54:48,064] [builder.py:2366]           [INFO]     | TMDb On The Air Collection | ? | Rick and Morty (TVDb: 275274)                                     |
[2022-11-25 15:54:48,186] [builder.py:2366]           [INFO]     | TMDb On The Air Collection | ? | For You (TVDb: 416687)                                            |
[2022-11-25 15:54:48,217] [builder.py:2366]           [INFO]     | TMDb On The Air Collection | ? | Darna (TVDb: 396015)                                              |
[2022-11-25 15:54:48,243] [builder.py:2366]           [INFO]     | TMDb On The Air Collection | ? | Lua de Mel (TVDb: 420520)                                         |
[2022-11-25 15:54:48,398] [builder.py:2366]           [INFO]     | TMDb On The Air Collection | ? | I want to live (TVDb: 413793)                                     |
[2022-11-25 15:54:48,445] [builder.py:2366]           [INFO]     | TMDb On The Air Collection | ? | The Kelly Clarkson Show (TVDb: 368178)                            |
[2022-11-25 15:54:48,475] [builder.py:2366]           [INFO]     | TMDb On The Air Collection | ? | SPY x FAMILY (TVDb: 405920)                                       |
[2022-11-25 15:54:48,639] [builder.py:2366]           [INFO]     | TMDb On The Air Collection | ? | Big Brother Portugal (TVDb: 374770)                               |
[2022-11-25 15:54:48,677] [builder.py:2366]           [INFO]     | TMDb On The Air Collection | ? | Kaun Banega Crorepati (TVDb: 273195)                              |
[2022-11-25 15:54:48,699] [builder.py:2366]           [INFO]     | TMDb On The Air Collection | ? | She and Her Perfect Husband (TVDb: 404503)                        |
[2022-11-25 15:54:48,725] [builder.py:2366]           [INFO]     | TMDb On The Air Collection | ? | Strictly - It Takes Two (TVDb: 195311)                            |
[2022-11-25 15:54:48,770] [builder.py:2366]           [INFO]     | TMDb On The Air Collection | ? | Hollyoaks (TVDb: 78006)                                           |
[2022-11-25 15:54:48,810] [builder.py:2366]           [INFO]     | TMDb On The Air Collection | ? | PBS NewsHour (TVDb: 81388)                                        |
[2022-11-25 15:54:48,836] [builder.py:2366]           [INFO]     | TMDb On The Air Collection | ? | Criminal Minds (TVDb: 75710)                                      |
[2022-11-25 15:54:49,020] [builder.py:2361]           [ERROR]    | TVDb Error: Name not found from TVDb ID: 5934                                                      |
[2022-11-25 15:54:49,073] [builder.py:2366]           [INFO]     | TMDb On The Air Collection | ? | The Simpsons (TVDb: 71663)                                        |
[2022-11-25 15:54:49,098] [builder.py:2366]           [INFO]     | TMDb On The Air Collection | ? | Doctors (TVDb: 83729)                                             |
[2022-11-25 15:54:49,203] [builder.py:2366]           [INFO]     | TMDb On The Air Collection | ? | At Wspolna (TVDb: 341892)                                         |
[2022-11-25 15:54:49,243] [builder.py:2366]           [INFO]     | TMDb On The Air Collection | ? | LIVE with Kelly and Ryan (TVDb: 72146)                            |
[2022-11-25 15:54:49,361] [builder.py:2366]           [INFO]     | TMDb On The Air Collection | ? | Wer weiß denn sowas? (TVDb: 298954)                               |
[2022-11-25 15:54:49,385] [builder.py:2366]           [INFO]     | TMDb On The Air Collection | ? | Richard Osman's House of Games (TVDb: 334149)                     |
[2022-11-25 15:54:49,420] [builder.py:2366]           [INFO]     | TMDb On The Air Collection | ? | I'm a Celebrity... Get Me Out of Here! (TVDb: 71067)              |
[2022-11-25 15:54:49,520] [builder.py:2366]           [INFO]     | TMDb On The Air Collection | ? | Banni Chow Home Delivery (TVDb: 421169)                           |
[2022-11-25 15:54:49,570] [builder.py:2366]           [INFO]     | TMDb On The Air Collection | ? | Emmerdale (TVDb: 77715)                                           |
[2022-11-25 15:54:49,694] [builder.py:2366]           [INFO]     | TMDb On The Air Collection | ? | I've Got The Power (TVDb: 426644)                                 |
[2022-11-25 15:54:49,735] [builder.py:2366]           [INFO]     | TMDb On The Air Collection | ? | The Daily Life of the Immortal King (TVDb: 376751)                |
[2022-11-25 15:54:49,799] [builder.py:2366]           [INFO]     | TMDb On The Air Collection | ? | Star Academy (TVDb: 264351)                                       |
[2022-11-25 15:54:49,824] [builder.py:2366]           [INFO]     | TMDb On The Air Collection | ? | To the Sea (TVDb: 396172)                                         |
[2022-11-25 15:54:49,874] [builder.py:2366]           [INFO]     | TMDb On The Air Collection | ? | Pokémon (TVDb: 76703)                                             |
[2022-11-25 15:54:50,003] [builder.py:2366]           [INFO]     | TMDb On The Air Collection | ? | Wagle Ki Duniya (TVDb: 396880)                                    |
[2022-11-25 15:54:50,158] [builder.py:2366]           [INFO]     | TMDb On The Air Collection | ? | Days of Our Lives (TVDb: 70366)                                   |
[2022-11-25 15:54:50,198] [builder.py:2366]           [INFO]     | TMDb On The Air Collection | ? | BLUELOCK (TVDb: 408629)                                           |
[2022-11-25 15:54:50,225] [builder.py:2366]           [INFO]     | TMDb On The Air Collection | ? | S.W.A.T. (2017) (TVDb: 328687)                                    |
[2022-11-25 15:54:50,259] [builder.py:2366]           [INFO]     | TMDb On The Air Collection | ? | NCIS: Los Angeles (TVDb: 95441)                                   |
[2022-11-25 15:54:50,299] [builder.py:2366]           [INFO]     | TMDb On The Air Collection | ? | American Dad! (TVDb: 73141)                                       |
[2022-11-25 15:54:50,346] [builder.py:2366]           [INFO]     | TMDb On The Air Collection | ? | EastEnders (TVDb: 71753)                                          |
[2022-11-25 15:54:50,374] [builder.py:2366]           [INFO]     | TMDb On The Air Collection | ? | Robinson (TVDb: 251511)                                           |
[2022-11-25 15:54:50,421] [builder.py:2366]           [INFO]     | TMDb On The Air Collection | ? | Coronation Street (TVDb: 71565)                                   |
[2022-11-25 15:54:50,454] [builder.py:2366]           [INFO]     | TMDb On The Air Collection | ? | Bleach (TVDb: 74796)                                              |
[2022-11-25 15:54:50,544] [builder.py:2366]           [INFO]     | TMDb On The Air Collection | ? | Familie (TVDb: 268901)                                            |
[2022-11-25 15:54:50,591] [builder.py:2366]           [INFO]     | TMDb On The Air Collection | ? | 9-1-1 (TVDb: 337907)                                              |
[2022-11-25 15:54:51,018] [builder.py:2366]           [INFO]     | TMDb On The Air Collection | ? | Tamron Hall (TVDb: 369256)                                        |
[2022-11-25 15:54:51,127] [builder.py:2366]           [INFO]     | TMDb On The Air Collection | ? | Ghum Hai Kisi Ke Pyaar Mein (TVDb: 400262)                        |
[2022-11-25 15:54:51,156] [builder.py:2366]           [INFO]     | TMDb On The Air Collection | ? | Running Man (TVDb: 248870)                                        |
[2022-11-25 15:54:51,190] [builder.py:2366]           [INFO]     | TMDb On The Air Collection | ? | The Eminence in Shadow (TVDb: 407520)                             |
[2022-11-25 15:54:51,217] [builder.py:2366]           [INFO]     | TMDb On The Air Collection | ? | All against all with Filip and Fredrik (TVDb: 360541)             |
[2022-11-25 15:54:51,247] [builder.py:2366]           [INFO]     | TMDb On The Air Collection | ? | Blue Bloods (TVDb: 164981)                                        |
[2022-11-25 15:54:51,277] [builder.py:2366]           [INFO]     | TMDb On The Air Collection | ? | The Tonight Show Starring Jimmy Fallon (TVDb: 270261)             |
[2022-11-25 15:54:51,309] [builder.py:2366]           [INFO]     | TMDb On The Air Collection | ? | Love Flops (TVDb: 418218)                                         |
[2022-11-25 15:54:51,399] [builder.py:2366]           [INFO]     | TMDb On The Air Collection | ? | Mere Sai - Shraddha Aur Saburi (TVDb: 335192)                     |
[2022-11-25 15:54:51,448] [builder.py:2366]           [INFO]     | TMDb On The Air Collection | ? | General Hospital (TVDb: 75332)                                    |
[2022-11-25 15:54:51,623] [builder.py:2366]           [INFO]     | TMDb On The Air Collection | ? | GAP (2022) (TVDb: 409223)                                         |
[2022-11-25 15:54:51,657] [builder.py:2366]           [INFO]     | TMDb On The Air Collection | ? | Reborn Rich (TVDb: 406204)                                        |
[2022-11-25 15:54:51,697] [builder.py:2366]           [INFO]     | TMDb On The Air Collection | ? | Home and Away (TVDb: 71890)                                       |
[2022-11-25 15:54:51,719] [builder.py:2366]           [INFO]     | TMDb On The Air Collection | ? | More Than a Married Couple, But Not Lovers (TVDb: 412806)         |
[2022-11-25 15:54:51,761] [builder.py:2366]           [INFO]     | TMDb On The Air Collection | ? | The View (TVDb: 72104)                                            |
[2022-11-25 15:54:51,796] [builder.py:2366]           [INFO]     | TMDb On The Air Collection | ? | Revenge of Others (TVDb: 424417)                                  |
[2022-11-25 15:54:51,888] [builder.py:2370]           [INFO]     | TMDb On The Air Collection | X | The People's Court (TVDb: 261665)                                 |
[2022-11-25 15:54:51,942] [builder.py:2366]           [INFO]     | TMDb On The Air Collection | ? | The Daily Show (TVDb: 71256)                                      |
[2022-11-25 15:54:51,989] [builder.py:2366]           [INFO]     | TMDb On The Air Collection | ? | Mob Psycho 100 (TVDb: 307375)                                     |
[2022-11-25 15:54:52,026] [builder.py:2366]           [INFO]     | TMDb On The Air Collection | ? | Family Feud Canada (TVDb: 373031)                                 |
[2022-11-25 15:54:52,056] [builder.py:2366]           [INFO]     | TMDb On The Air Collection | ? | Acapulco (2021) (TVDb: 393155)                                    |
[2022-11-25 15:54:52,181] [builder.py:2366]           [INFO]     | TMDb On The Air Collection | ? | Al Fondo Hay Sitio (TVDb: 275641)                                 |
[2022-11-25 15:54:52,181] [builder.py:2371]           [INFO]     |                                                                                                    |
[2022-11-25 15:54:52,181] [builder.py:2372]           [INFO]     | 69 Shows Missing                                                                                   |
[2022-11-25 15:54:53,467] [sonarr.py:70]              [INFO]     |                                                                                                    |
[2022-11-25 15:54:53,468] [sonarr.py:71]              [INFO]     |===================================== Adding Missing to Sonarr =====================================|
[2022-11-25 15:54:53,469] [sonarr.py:72]              [DEBUG]    |                                                                                                    |
[2022-11-25 15:54:53,470] [sonarr.py:73]              [DEBUG]    | Sonarr Adds: [387275, 388851, 397934, 421257, 418791, 424773, 414538, 420138, 275274, 416687, 396015, 420520, 413793, 368178, 405920, 374770, 273195, 404503, 195311, 78006, 81388, 75710, 71663, 83729, 341892, 72146, 298954, 334149, 71067, 421169, 77715, 426644, 376751, 264351, 396172, 76703, 396880, 70366, 408629, 328687, 95441, 73141, 71753, 251511, 71565, 74796, 268901, 337907, 369256, 400262, 248870, 407520, 360541, 164981, 270261, 418218, 335192, 75332, 409223, 406204, 71890, 412806, 72104, 424417, 71256, 307375, 373031, 393155, 275641] |
[2022-11-25 15:55:36,026] [sonarr.py:170]             [INFO]     |                                                                                                    |
[2022-11-25 15:55:36,026] [sonarr.py:186]             [INFO]     | Skipped: In Cache | 387275                                                                         |
[2022-11-25 15:55:36,027] [sonarr.py:186]             [INFO]     | Skipped: In Cache | 388851                                                                         |
[2022-11-25 15:55:36,027] [sonarr.py:186]             [INFO]     | Skipped: In Cache | 397934                                                                         |
[2022-11-25 15:55:36,027] [sonarr.py:186]             [INFO]     | Skipped: In Cache | 421257                                                                         |
[2022-11-25 15:55:36,027] [sonarr.py:186]             [INFO]     | Skipped: In Cache | 418791                                                                         |
[2022-11-25 15:55:36,027] [sonarr.py:186]             [INFO]     | Skipped: In Cache | 424773                                                                         |
[2022-11-25 15:55:36,027] [sonarr.py:186]             [INFO]     | Skipped: In Cache | 414538                                                                         |
[2022-11-25 15:55:36,028] [sonarr.py:186]             [INFO]     | Skipped: In Cache | 420138                                                                         |
[2022-11-25 15:55:36,030] [sonarr.py:186]             [INFO]     | Skipped: In Cache | 416687                                                                         |
[2022-11-25 15:55:36,031] [sonarr.py:186]             [INFO]     | Skipped: In Cache | 396015                                                                         |
[2022-11-25 15:55:36,031] [sonarr.py:186]             [INFO]     | Skipped: In Cache | 420520                                                                         |
[2022-11-25 15:55:36,032] [sonarr.py:186]             [INFO]     | Skipped: In Cache | 413793                                                                         |
[2022-11-25 15:55:36,032] [sonarr.py:186]             [INFO]     | Skipped: In Cache | 368178                                                                         |
[2022-11-25 15:55:36,032] [sonarr.py:186]             [INFO]     | Skipped: In Cache | 405920                                                                         |
[2022-11-25 15:55:36,033] [sonarr.py:186]             [INFO]     | Skipped: In Cache | 374770                                                                         |
[2022-11-25 15:55:36,033] [sonarr.py:186]             [INFO]     | Skipped: In Cache | 273195                                                                         |
[2022-11-25 15:55:36,033] [sonarr.py:186]             [INFO]     | Skipped: In Cache | 404503                                                                         |
[2022-11-25 15:55:36,033] [sonarr.py:186]             [INFO]     | Skipped: In Cache | 195311                                                                         |
[2022-11-25 15:55:36,033] [sonarr.py:186]             [INFO]     | Skipped: In Cache | 78006                                                                          |
[2022-11-25 15:55:36,034] [sonarr.py:186]             [INFO]     | Skipped: In Cache | 81388                                                                          |
[2022-11-25 15:55:36,035] [sonarr.py:186]             [INFO]     | Skipped: In Cache | 75710                                                                          |
[2022-11-25 15:55:36,036] [sonarr.py:186]             [INFO]     | Skipped: In Cache | 71663                                                                          |
[2022-11-25 15:55:36,036] [sonarr.py:186]             [INFO]     | Skipped: In Cache | 83729                                                                          |
[2022-11-25 15:55:36,036] [sonarr.py:186]             [INFO]     | Skipped: In Cache | 341892                                                                         |
[2022-11-25 15:55:36,036] [sonarr.py:186]             [INFO]     | Skipped: In Cache | 72146                                                                          |
[2022-11-25 15:55:36,037] [sonarr.py:186]             [INFO]     | Skipped: In Cache | 298954                                                                         |
[2022-11-25 15:55:36,037] [sonarr.py:186]             [INFO]     | Skipped: In Cache | 334149                                                                         |
[2022-11-25 15:55:36,037] [sonarr.py:186]             [INFO]     | Skipped: In Cache | 71067                                                                          |
[2022-11-25 15:55:36,037] [sonarr.py:186]             [INFO]     | Skipped: In Cache | 421169                                                                         |
[2022-11-25 15:55:36,038] [sonarr.py:186]             [INFO]     | Skipped: In Cache | 77715                                                                          |
[2022-11-25 15:55:36,038] [sonarr.py:186]             [INFO]     | Skipped: In Cache | 426644                                                                         |
[2022-11-25 15:55:36,039] [sonarr.py:186]             [INFO]     | Skipped: In Cache | 376751                                                                         |
[2022-11-25 15:55:36,040] [sonarr.py:186]             [INFO]     | Skipped: In Cache | 264351                                                                         |
[2022-11-25 15:55:36,041] [sonarr.py:186]             [INFO]     | Skipped: In Cache | 396172                                                                         |
[2022-11-25 15:55:36,041] [sonarr.py:186]             [INFO]     | Skipped: In Cache | 76703                                                                          |
[2022-11-25 15:55:36,042] [sonarr.py:186]             [INFO]     | Skipped: In Cache | 396880                                                                         |
[2022-11-25 15:55:36,042] [sonarr.py:186]             [INFO]     | Skipped: In Cache | 70366                                                                          |
[2022-11-25 15:55:36,042] [sonarr.py:186]             [INFO]     | Skipped: In Cache | 408629                                                                         |
[2022-11-25 15:55:36,043] [sonarr.py:186]             [INFO]     | Skipped: In Cache | 95441                                                                          |
[2022-11-25 15:55:36,043] [sonarr.py:186]             [INFO]     | Skipped: In Cache | 73141                                                                          |
[2022-11-25 15:55:36,043] [sonarr.py:186]             [INFO]     | Skipped: In Cache | 71753                                                                          |
[2022-11-25 15:55:36,044] [sonarr.py:186]             [INFO]     | Skipped: In Cache | 251511                                                                         |
[2022-11-25 15:55:36,044] [sonarr.py:186]             [INFO]     | Skipped: In Cache | 71565                                                                          |
[2022-11-25 15:55:36,044] [sonarr.py:186]             [INFO]     | Skipped: In Cache | 74796                                                                          |
[2022-11-25 15:55:36,045] [sonarr.py:186]             [INFO]     | Skipped: In Cache | 268901                                                                         |
[2022-11-25 15:55:36,045] [sonarr.py:186]             [INFO]     | Skipped: In Cache | 337907                                                                         |
[2022-11-25 15:55:36,046] [sonarr.py:186]             [INFO]     | Skipped: In Cache | 369256                                                                         |
[2022-11-25 15:55:36,048] [sonarr.py:186]             [INFO]     | Skipped: In Cache | 400262                                                                         |
[2022-11-25 15:55:36,048] [sonarr.py:186]             [INFO]     | Skipped: In Cache | 248870                                                                         |
[2022-11-25 15:55:36,048] [sonarr.py:186]             [INFO]     | Skipped: In Cache | 407520                                                                         |
[2022-11-25 15:55:36,048] [sonarr.py:186]             [INFO]     | Skipped: In Cache | 360541                                                                         |
[2022-11-25 15:55:36,048] [sonarr.py:186]             [INFO]     | Skipped: In Cache | 164981                                                                         |
[2022-11-25 15:55:36,048] [sonarr.py:186]             [INFO]     | Skipped: In Cache | 270261                                                                         |
[2022-11-25 15:55:36,049] [sonarr.py:186]             [INFO]     | Skipped: In Cache | 418218                                                                         |
[2022-11-25 15:55:36,049] [sonarr.py:186]             [INFO]     | Skipped: In Cache | 335192                                                                         |
[2022-11-25 15:55:36,049] [sonarr.py:186]             [INFO]     | Skipped: In Cache | 75332                                                                          |
[2022-11-25 15:55:36,049] [sonarr.py:186]             [INFO]     | Skipped: In Cache | 409223                                                                         |
[2022-11-25 15:55:36,049] [sonarr.py:186]             [INFO]     | Skipped: In Cache | 406204                                                                         |
[2022-11-25 15:55:36,049] [sonarr.py:186]             [INFO]     | Skipped: In Cache | 71890                                                                          |
[2022-11-25 15:55:36,049] [sonarr.py:186]             [INFO]     | Skipped: In Cache | 412806                                                                         |
[2022-11-25 15:55:36,050] [sonarr.py:186]             [INFO]     | Skipped: In Cache | 72104                                                                          |
[2022-11-25 15:55:36,050] [sonarr.py:186]             [INFO]     | Skipped: In Cache | 424417                                                                         |
[2022-11-25 15:55:36,050] [sonarr.py:186]             [INFO]     | Skipped: In Cache | 71256                                                                          |
[2022-11-25 15:55:36,050] [sonarr.py:186]             [INFO]     | Skipped: In Cache | 307375                                                                         |
[2022-11-25 15:55:36,050] [sonarr.py:186]             [INFO]     | Skipped: In Cache | 373031                                                                         |
[2022-11-25 15:55:36,050] [sonarr.py:186]             [INFO]     | Skipped: In Cache | 393155                                                                         |
[2022-11-25 15:55:36,050] [sonarr.py:187]             [INFO]     | 66 Series already exist in Sonarr                                                                  |
[2022-11-25 15:55:36,057] [sonarr.py:205]             [INFO]     |                                                                                                    |
[2022-11-25 15:55:36,058] [sonarr.py:206]             [INFO]     | Invalid TVDb ID | 275641                                                                           |
[2022-11-25 15:55:36,058] [sonarr.py:205]             [INFO]     |                                                                                                    |
[2022-11-25 15:55:36,058] [sonarr.py:206]             [INFO]     | Invalid TVDb ID | [Rick and Morty]                                                                 |
[2022-11-25 15:55:36,058] [sonarr.py:205]             [INFO]     |                                                                                                    |
[2022-11-25 15:55:36,058] [sonarr.py:206]             [INFO]     | Invalid TVDb ID | [S.W.A.T. (2017)]                                                                |
[2022-11-25 15:55:36,058] [sonarr.py:207]             [INFO]     | 3 Series with Invalid IDs                                                                          |
[2022-11-25 15:55:37,520] [builder.py:2527]           [INFO]     |                                                                                                    |
[2022-11-25 15:55:37,521] [builder.py:2528]           [INFO]     |========================== Updating Details of TMDb On The Air Collection ==========================|
[2022-11-25 15:55:37,521] [builder.py:2529]           [INFO]     |                                                                                                    |
[2022-11-25 15:55:37,529] [builder.py:2595]           [INFO]     | Collection Metadata Edits                                                                          |
[2022-11-25 15:55:37,529] [util.py:174]               [DEBUG]    | 1 poster found:                                                                                    |
[2022-11-25 15:55:37,529] [util.py:176]               [DEBUG]    | Method: url_poster Poster: https://raw.githubusercontent.com/meisnate12/Plex-Meta-Manager-Images/master/chart/TMDb%20On%20The%20Air.jpg |
[2022-11-25 15:55:37,530] [library.py:180]            [INFO]     | Detail: poster update not needed                                                                   |
[2022-11-25 15:55:37,563] [builder.py:2686]           [INFO]     |                                                                                                    |
[2022-11-25 15:55:37,563] [builder.py:2687]           [INFO]     |================================ Sorting TMDb On The Air Collection ================================|
[2022-11-25 15:55:37,563] [builder.py:2688]           [INFO]     |                                                                                                    |
[2022-11-25 15:55:37,564] [plex_meta_manager.py:736]  [INFO]     |                                                                                                    |
[2022-11-25 15:55:37,564] [plex_meta_manager.py:737]  [INFO]     |====================================================================================================|
[2022-11-25 15:55:37,564] [plex_meta_manager.py:737]  [INFO]     |                                Finished TMDb On The Air Collection                                 |
[2022-11-25 15:55:37,565] [plex_meta_manager.py:737]  [INFO]     |                                    Collection Run Time: 0:00:51                                    |
[2022-11-25 15:55:37,566] [plex_meta_manager.py:737]  [INFO]     |====================================================================================================|
