[2022-11-17 02:21:08,240] [builder.py:193]            [INFO]     |====================================================================================================|
[2022-11-17 02:21:08,243] [builder.py:193]            [INFO]     |                                 Emmys 1984 Collection in TV Shows                                  |
[2022-11-17 02:21:08,249] [builder.py:193]            [INFO]     |====================================================================================================|
[2022-11-17 02:21:08,249] [builder.py:194]            [INFO]     |                                                                                                    |
[2022-11-17 02:21:08,251] [builder.py:199]            [INFO]     |================================ Building Definition From Templates ================================|
[2022-11-17 02:21:08,252] [builder.py:215]            [DEBUG]    |                                                                                                    |
[2022-11-17 02:21:08,253] [meta.py:210]               [DEBUG]    |================================== Template use_year_collections ===================================|
[2022-11-17 02:21:08,258] [meta.py:451]               [DEBUG]    |                                                                                                    |
[2022-11-17 02:21:08,262] [meta.py:210]               [DEBUG]    |========================================== Template imdb ===========================================|
[2022-11-17 02:21:08,270] [meta.py:451]               [DEBUG]    |                                                                                                    |
[2022-11-17 02:21:08,275] [meta.py:210]               [DEBUG]    |========================================= Template shared ==========================================|
[2022-11-17 02:21:08,277] [meta.py:451]               [DEBUG]    |                                                                                                    |
[2022-11-17 02:21:08,297] [meta.py:210]               [DEBUG]    |=========================================== Template arr ===========================================|
[2022-11-17 02:21:08,298] [meta.py:451]               [DEBUG]    |                                                                                                    |
[2022-11-17 02:21:08,307] [meta.py:210]               [DEBUG]    |========================================= Template custom ==========================================|
[2022-11-17 02:21:08,307] [meta.py:451]               [DEBUG]    |                                                                                                    |
[2022-11-17 02:21:08,313] [meta.py:512]               [DEBUG]    |                                                                                                    |
[2022-11-17 02:21:08,313] [meta.py:513]               [DEBUG]    |==================================== Final Template Attributes =====================================|
[2022-11-17 02:21:08,313] [meta.py:514]               [DEBUG]    |                                                                                                    |
[2022-11-17 02:21:08,313] [meta.py:515]               [DEBUG]    | {'imdb_list': 'https://www.imdb.com/search/title/?release_date=1984-01-01,1984-12-31&groups=emmy_winner&sort=moviemeter,asc', 'ignore_blank_results': True, 'collection_mode': 'hide', 'sort_title': '!16_Emmys 1984', 'url_poster': 'https://raw.githubusercontent.com/meisnate12/Plex-Meta-Manager-Images/master/award/emmys/winner/1984.jpg', 'collection_order': 'custom', 'sync_mode': 'sync', 'cache_builders': 1} |
[2022-11-17 02:21:08,313] [meta.py:516]               [DEBUG]    |                                                                                                    |
[2022-11-17 02:21:08,314] [builder.py:223]            [INFO]     |================================= Validating Emmys 1984 Attributes =================================|
[2022-11-17 02:21:08,314] [builder.py:502]            [DEBUG]    |                                                                                                    |
[2022-11-17 02:21:08,314] [builder.py:503]            [DEBUG]    | Validating Method: ignore_blank_results                                                            |
[2022-11-17 02:21:08,314] [builder.py:504]            [DEBUG]    | Value: True                                                                                        |
[2022-11-17 02:21:08,314] [builder.py:516]            [DEBUG]    |                                                                                                    |
[2022-11-17 02:21:08,314] [builder.py:517]            [DEBUG]    | Validating Method: sync_mode                                                                       |
[2022-11-17 02:21:08,315] [builder.py:521]            [DEBUG]    | Value: sync                                                                                        |
[2022-11-17 02:21:08,315] [builder.py:613]            [DEBUG]    |                                                                                                    |
[2022-11-17 02:21:08,315] [builder.py:614]            [DEBUG]    | Validating Method: collection_order                                                                |
[2022-11-17 02:21:08,315] [builder.py:615]            [DEBUG]    | Value: custom                                                                                      |
[2022-11-17 02:21:08,315] [builder.py:646]            [DEBUG]    |                                                                                                    |
[2022-11-17 02:21:08,315] [builder.py:650]            [DEBUG]    | Validating Method: label                                                                           |
[2022-11-17 02:21:08,315] [builder.py:651]            [DEBUG]    | Value: Emmy Awards                                                                                 |
[2022-11-17 02:21:08,315] [builder.py:646]            [DEBUG]    |                                                                                                    |
[2022-11-17 02:21:08,315] [builder.py:650]            [DEBUG]    | Validating Method: imdb_list                                                                       |
[2022-11-17 02:21:08,315] [builder.py:651]            [DEBUG]    | Value: https://www.imdb.com/search/title/?release_date=1984-01-01,1984-12-31&groups=emmy_winner&sort=moviemeter,asc |
[2022-11-17 02:21:09,091] [builder.py:646]            [DEBUG]    |                                                                                                    |
[2022-11-17 02:21:09,093] [builder.py:650]            [DEBUG]    | Validating Method: collection_mode                                                                 |
[2022-11-17 02:21:09,093] [builder.py:651]            [DEBUG]    | Value: hide                                                                                        |
[2022-11-17 02:21:09,093] [builder.py:646]            [DEBUG]    |                                                                                                    |
[2022-11-17 02:21:09,093] [builder.py:650]            [DEBUG]    | Validating Method: sort_title                                                                      |
[2022-11-17 02:21:09,093] [builder.py:651]            [DEBUG]    | Value: !16_Emmys 1984                                                                              |
[2022-11-17 02:21:09,093] [builder.py:646]            [DEBUG]    |                                                                                                    |
[2022-11-17 02:21:09,093] [builder.py:650]            [DEBUG]    | Validating Method: url_poster                                                                      |
[2022-11-17 02:21:09,093] [builder.py:651]            [DEBUG]    | Value: https://raw.githubusercontent.com/meisnate12/Plex-Meta-Manager-Images/master/award/emmys/winner/1984.jpg |
[2022-11-17 02:21:09,287] [builder.py:646]            [DEBUG]    |                                                                                                    |
[2022-11-17 02:21:09,288] [builder.py:650]            [DEBUG]    | Validating Method: cache_builders                                                                  |
[2022-11-17 02:21:09,294] [builder.py:651]            [DEBUG]    | Value: 1                                                                                           |
[2022-11-17 02:21:09,308] [plex.py:835]               [DEBUG]    |                                                                                                    |
[2022-11-17 02:21:09,308] [plex.py:838]               [DEBUG]    | Looking for: Emmys 1984                                                                            |
[2022-11-17 02:21:09,309] [builder.py:814]            [INFO]     |                                                                                                    |
[2022-11-17 02:21:09,309] [builder.py:815]            [INFO]     | Validation Successful                                                                              |
[2022-11-17 02:21:09,309] [plex_meta_manager.py:594]  [INFO]     |                                                                                                    |
[2022-11-17 02:21:09,309] [plex_meta_manager.py:596]  [INFO]     |================================== Running Emmys 1984 Collection ===================================|
[2022-11-17 02:21:09,309] [plex_meta_manager.py:608]  [INFO]     |                                                                                                    |
[2022-11-17 02:21:09,309] [plex_meta_manager.py:609]  [INFO]     | Sync Mode: sync                                                                                    |
[2022-11-17 02:21:09,309] [plex_meta_manager.py:612]  [DEBUG]    |                                                                                                    |
[2022-11-17 02:21:09,311] [plex_meta_manager.py:613]  [DEBUG]    | Builder: imdb_list: {'url': 'https://www.imdb.com/search/title/?release_date=1984-01-01,1984-12-31&groups=emmy_winner&sort=moviemeter,asc', 'limit': 0} |
[2022-11-17 02:21:09,311] [plex_meta_manager.py:614]  [INFO]     |                                                                                                    |
[2022-11-17 02:21:09,313] [imdb.py:202]               [INFO]     | Processing IMDb List: https://www.imdb.com/search/title/?release_date=1984-01-01,1984-12-31&groups=emmy_winner&sort=moviemeter,asc |
[2022-11-17 02:21:11,792] [builder.py:1574]           [DEBUG]    |                                                                                                    |
[2022-11-17 02:21:11,793] [builder.py:1575]           [DEBUG]    | 39 IDs Found                                                                                       |
[2022-11-17 02:21:11,793] [builder.py:1577]           [DEBUG]    |                                                                                                    |
[2022-11-17 02:21:12,069] [builder.py:1637]           [WARNING]  | Convert Error: No TVDb ID Found for TMDb ID: 21986                                                 |
[2022-11-17 02:21:12,353] [builder.py:1637]           [WARNING]  | Convert Error: No TVDb ID Found for TMDb ID: 48574                                                 |
[2022-11-17 02:21:12,368] [builder.py:1637]           [WARNING]  | Convert Error: No TVDb ID Found for TMDb ID: 48582                                                 |
[2022-11-17 02:21:12,373] [builder.py:1637]           [WARNING]  | Convert Error: No TVDb ID Found for TMDb ID: 47440                                                 |
[2022-11-17 02:21:12,392] [builder.py:1637]           [WARNING]  | Convert Error: No TVDb ID Found for TMDb ID: 202684                                                |
[2022-11-17 02:21:12,419] [builder.py:1637]           [WARNING]  | Convert Error: No TMDb ID Found for IMDb ID: tt0804435                                             |
[2022-11-17 02:21:12,445] [builder.py:1637]           [WARNING]  | Convert Error: No TMDb ID Found for IMDb ID: tt0266946                                             |
[2022-11-17 02:21:12,729] [builder.py:1637]           [WARNING]  | Convert Error: No TVDb ID Found for TMDb ID: 48758                                                 |
[2022-11-17 02:21:12,753] [builder.py:1637]           [WARNING]  | Convert Error: No TMDb ID Found for IMDb ID: tt2391912                                             |
[2022-11-17 02:21:12,775] [builder.py:1637]           [WARNING]  | Convert Error: No TMDb ID Found for IMDb ID: tt0268610                                             |
[2022-11-17 02:21:12,775] [plex_meta_manager.py:711]  [WARNING]  | Collection Warning: No items found                                                                 |
[2022-11-17 02:21:12,775] [plex_meta_manager.py:736]  [INFO]     |                                                                                                    |
[2022-11-17 02:21:12,775] [plex_meta_manager.py:737]  [INFO]     |====================================================================================================|
[2022-11-17 02:21:12,775] [plex_meta_manager.py:737]  [INFO]     |                                   Finished Emmys 1984 Collection                                   |
[2022-11-17 02:21:12,775] [plex_meta_manager.py:737]  [INFO]     |                                    Collection Run Time: 0:00:04                                    |
[2022-11-17 02:21:12,776] [plex_meta_manager.py:737]  [INFO]     |====================================================================================================|
