[2022-11-20 17:02:45,899] [builder.py:193]            [INFO]     |====================================================================================================|
[2022-11-20 17:02:45,899] [builder.py:193]            [INFO]     |                        Directors Collections Collection in Christmas Movies                        |
[2022-11-20 17:02:45,899] [builder.py:193]            [INFO]     |====================================================================================================|
[2022-11-20 17:02:45,900] [builder.py:194]            [INFO]     |                                                                                                    |
[2022-11-20 17:02:45,900] [builder.py:199]            [INFO]     |================================ Building Definition From Templates ================================|
[2022-11-20 17:02:45,900] [builder.py:215]            [DEBUG]    |                                                                                                    |
[2022-11-20 17:02:45,901] [meta.py:210]               [DEBUG]    |======================================== Template separator ========================================|
[2022-11-20 17:02:45,902] [meta.py:336]               [DEBUG]    |                                                                                                    |
[2022-11-20 17:02:45,902] [meta.py:337]               [DEBUG]    | Conditional: use_blank                                                                             |
[2022-11-20 17:02:45,903] [meta.py:365]               [DEBUG]    | Condition 1 Failed: placeholder_tmdb_movie.exists: true does not exist                             |
[2022-11-20 17:02:45,903] [meta.py:365]               [DEBUG]    | Condition 2 Failed: placeholder_tvdb_show.exists: true does not exist                              |
[2022-11-20 17:02:45,904] [meta.py:365]               [DEBUG]    | Condition 3 Failed: placeholder_imdb_id.exists: true does not exist                                |
[2022-11-20 17:02:45,905] [meta.py:402]               [DEBUG]    | Conditional Variable: use_blank defaults to "True"                                                 |
[2022-11-20 17:02:45,906] [meta.py:451]               [DEBUG]    |                                                                                                    |
[2022-11-20 17:02:45,922] [meta.py:210]               [DEBUG]    |======================================= Template translation =======================================|
[2022-11-20 17:02:45,925] [meta.py:451]               [DEBUG]    |                                                                                                    |
[2022-11-20 17:02:45,932] [meta.py:512]               [DEBUG]    |                                                                                                    |
[2022-11-20 17:02:45,932] [meta.py:513]               [DEBUG]    |==================================== Final Template Attributes =====================================|
[2022-11-20 17:02:45,932] [meta.py:514]               [DEBUG]    |                                                                                                    |
[2022-11-20 17:02:45,932] [meta.py:515]               [DEBUG]    | {'allowed_library_types': True, 'collection_mode': 'hide', 'sort_title': '!18_!Directors Collections', 'blank_collection': True, 'url_poster': 'https://raw.githubusercontent.com/meisnate12/Plex-Meta-Manager-Images/master/separators/blue/director.jpg', 'summary': 'Section separator for Directors Collections.', 'name': 'Directors Collections'} |
[2022-11-20 17:02:45,933] [meta.py:516]               [DEBUG]    |                                                                                                    |
[2022-11-20 17:02:45,933] [builder.py:223]            [INFO]     |=========================== Validating Directors Collections Attributes ============================|
[2022-11-20 17:02:45,934] [builder.py:226]            [DEBUG]    |                                                                                                    |
[2022-11-20 17:02:45,934] [builder.py:227]            [DEBUG]    | Validating Method: name                                                                            |
[2022-11-20 17:02:45,934] [builder.py:230]            [DEBUG]    | Value: Directors Collections                                                                       |
[2022-11-20 17:02:45,935] [builder.py:236]            [DEBUG]    |                                                                                                    |
[2022-11-20 17:02:45,935] [builder.py:237]            [DEBUG]    | Validating Method: allowed_library_types                                                           |
[2022-11-20 17:02:45,936] [builder.py:240]            [DEBUG]    | Value: True                                                                                        |
[2022-11-20 17:02:45,936] [builder.py:509]            [DEBUG]    |                                                                                                    |
[2022-11-20 17:02:45,936] [builder.py:510]            [DEBUG]    | Validating Method: blank_collection                                                                |
[2022-11-20 17:02:45,937] [builder.py:511]            [DEBUG]    | Value: True                                                                                        |
[2022-11-20 17:02:45,937] [builder.py:646]            [DEBUG]    |                                                                                                    |
[2022-11-20 17:02:45,937] [builder.py:650]            [DEBUG]    | Validating Method: collection_mode                                                                 |
[2022-11-20 17:02:45,938] [builder.py:651]            [DEBUG]    | Value: hide                                                                                        |
[2022-11-20 17:02:45,938] [builder.py:646]            [DEBUG]    |                                                                                                    |
[2022-11-20 17:02:45,938] [builder.py:650]            [DEBUG]    | Validating Method: sort_title                                                                      |
[2022-11-20 17:02:45,939] [builder.py:651]            [DEBUG]    | Value: !18_!Directors Collections                                                                  |
[2022-11-20 17:02:45,939] [builder.py:646]            [DEBUG]    |                                                                                                    |
[2022-11-20 17:02:45,939] [builder.py:650]            [DEBUG]    | Validating Method: url_poster                                                                      |
[2022-11-20 17:02:45,940] [builder.py:651]            [DEBUG]    | Value: https://raw.githubusercontent.com/meisnate12/Plex-Meta-Manager-Images/master/separators/blue/director.jpg |
[2022-11-20 17:02:46,059] [builder.py:646]            [DEBUG]    |                                                                                                    |
[2022-11-20 17:02:46,061] [builder.py:650]            [DEBUG]    | Validating Method: summary                                                                         |
[2022-11-20 17:02:46,062] [builder.py:651]            [DEBUG]    | Value: Section separator for Directors Collections.                                                |
[2022-11-20 17:02:46,082] [builder.py:814]            [INFO]     |                                                                                                    |
[2022-11-20 17:02:46,083] [builder.py:815]            [INFO]     | Validation Successful                                                                              |
[2022-11-20 17:02:46,084] [plex_meta_manager.py:594]  [INFO]     |                                                                                                    |
[2022-11-20 17:02:46,084] [plex_meta_manager.py:596]  [INFO]     |============================= Running Directors Collections Collection =============================|
[2022-11-20 17:02:46,095] [builder.py:2527]           [INFO]     |                                                                                                    |
[2022-11-20 17:02:46,100] [builder.py:2528]           [INFO]     |======================= Updating Details of Directors Collections Collection =======================|
[2022-11-20 17:02:46,100] [builder.py:2529]           [INFO]     |                                                                                                    |
[2022-11-20 17:02:46,114] [builder.py:2595]           [INFO]     | Collection Metadata Edits                                                                          |
[2022-11-20 17:02:54,902] [builder.py:2611]           [INFO]     | Collection Mode | hide                                                                             |
[2022-11-20 17:02:55,018] [builder.py:2613]           [INFO]     | Collection Mode | default                                                                          |
[2022-11-20 17:02:55,529] [builder.py:2615]           [INFO]     | Collection Mode | hide                                                                             |
[2022-11-20 17:02:55,532] [util.py:174]               [DEBUG]    | 2 posters found:                                                                                   |
[2022-11-20 17:02:55,532] [util.py:176]               [DEBUG]    | Method: url_poster Poster: https://raw.githubusercontent.com/meisnate12/Plex-Meta-Manager-Images/master/separators/blue/director.jpg |
[2022-11-20 17:02:55,532] [util.py:176]               [DEBUG]    | Method: asset_directory Poster: {'attribute': 'asset_directory', 'location': '/config/Christmas_Movies/Assets/Directors Collections/poster.jpg', 'prefix': "Directors Collections's ", 'is_poster': True, 'is_url': False, 'compare': 160574, 'message': "Directors Collections's poster to [File] /config/Christmas_Movies/Assets/Directors Collections/poster.jpg"} |
[2022-11-20 17:02:55,533] [library.py:180]            [INFO]     | Detail: Directors Collections's poster update not needed                                           |
[2022-11-20 17:02:55,625] [plex_meta_manager.py:736]  [INFO]     |                                                                                                    |
[2022-11-20 17:02:55,625] [plex_meta_manager.py:737]  [INFO]     |====================================================================================================|
[2022-11-20 17:02:55,625] [plex_meta_manager.py:737]  [INFO]     |                             Finished Directors Collections Collection                              |
[2022-11-20 17:02:55,625] [plex_meta_manager.py:737]  [INFO]     |                                    Collection Run Time: 0:00:09                                    |
[2022-11-20 17:02:55,625] [plex_meta_manager.py:737]  [INFO]     |====================================================================================================|
