[2022-11-24 19:32:28,319] [builder.py:193]            [INFO]     |====================================================================================================|
[2022-11-24 19:32:28,320] [builder.py:193]            [INFO]     |                                Maciej Musiał Collection in TV Shows                                |
[2022-11-24 19:32:28,320] [builder.py:193]            [INFO]     |====================================================================================================|
[2022-11-24 19:32:28,320] [builder.py:194]            [INFO]     |                                                                                                    |
[2022-11-24 19:32:28,320] [builder.py:199]            [INFO]     |================================ Building Definition From Templates ================================|
[2022-11-24 19:32:28,320] [builder.py:215]            [DEBUG]    |                                                                                                    |
[2022-11-24 19:32:28,320] [meta.py:210]               [DEBUG]    |====================================== Template smart_filter =======================================|
[2022-11-24 19:32:28,321] [meta.py:451]               [DEBUG]    |                                                                                                    |
[2022-11-24 19:32:28,330] [meta.py:210]               [DEBUG]    |======================================= Template translation =======================================|
[2022-11-24 19:32:28,331] [meta.py:451]               [DEBUG]    |                                                                                                    |
[2022-11-24 19:32:28,335] [meta.py:210]               [DEBUG]    |========================================= Template shared ==========================================|
[2022-11-24 19:32:28,336] [meta.py:451]               [DEBUG]    |                                                                                                    |
[2022-11-24 19:32:28,353] [meta.py:512]               [DEBUG]    |                                                                                                    |
[2022-11-24 19:32:28,353] [meta.py:513]               [DEBUG]    |==================================== Final Template Attributes =====================================|
[2022-11-24 19:32:28,353] [meta.py:514]               [DEBUG]    |                                                                                                    |
[2022-11-24 19:32:28,353] [meta.py:515]               [DEBUG]    | {'tmdb_person': ['Maciej Musiał'], 'smart_filter': {'sort_by': 'release.desc', 'any': {'actor': 'tmdb'}}, 'summary': 'Shows with Maciej Musiał.', 'name': 'Maciej Musiał', 'ignore_blank_results': True, 'sort_title': '!17_Maciej Musiał', 'url_poster': 'https://raw.githubusercontent.com/meisnate12/Plex-Meta-Manager-Images/master/people/bw/Maciej%20Musia%C5%82.jpg'} |
[2022-11-24 19:32:28,353] [meta.py:516]               [DEBUG]    |                                                                                                    |
[2022-11-24 19:32:28,353] [builder.py:223]            [INFO]     |=============================== Validating Maciej Musiał Attributes ================================|
[2022-11-24 19:32:28,353] [builder.py:226]            [DEBUG]    |                                                                                                    |
[2022-11-24 19:32:28,353] [builder.py:227]            [DEBUG]    | Validating Method: name                                                                            |
[2022-11-24 19:32:28,353] [builder.py:230]            [DEBUG]    | Value: Maciej Musiał                                                                               |
[2022-11-24 19:32:28,354] [builder.py:502]            [DEBUG]    |                                                                                                    |
[2022-11-24 19:32:28,354] [builder.py:503]            [DEBUG]    | Validating Method: ignore_blank_results                                                            |
[2022-11-24 19:32:28,354] [builder.py:504]            [DEBUG]    | Value: True                                                                                        |
[2022-11-24 19:32:28,354] [builder.py:528]            [DEBUG]    |                                                                                                    |
[2022-11-24 19:32:28,354] [builder.py:529]            [DEBUG]    | Validating Method: tmdb_person                                                                     |
[2022-11-24 19:32:28,354] [builder.py:533]            [DEBUG]    | Value: ['Maciej Musiał']                                                                           |
[2022-11-24 19:32:28,416] [builder.py:1784]           [INFO]     |                                                                                                    |
[2022-11-24 19:32:28,416] [builder.py:1785]           [INFO]     | Validating Method: smart_filter                                                                    |
[2022-11-24 19:32:28,416] [builder.py:1791]           [DEBUG]    | Value: {'sort_by': 'release.desc', 'any': {'actor': 'tmdb'}}                                       |
[2022-11-24 19:32:28,824] [builder.py:1978]           [DEBUG]    | Smart URL: ?type=2&sort=originallyAvailableAt%3Adesc&push=1&show.actor=518376&pop=1                |
[2022-11-24 19:32:28,824] [builder.py:646]            [DEBUG]    |                                                                                                    |
[2022-11-24 19:32:28,824] [builder.py:650]            [DEBUG]    | Validating Method: label                                                                           |
[2022-11-24 19:32:28,824] [builder.py:651]            [DEBUG]    | Value: Top Actors                                                                                  |
[2022-11-24 19:32:28,824] [builder.py:646]            [DEBUG]    |                                                                                                    |
[2022-11-24 19:32:28,824] [builder.py:650]            [DEBUG]    | Validating Method: summary                                                                         |
[2022-11-24 19:32:28,824] [builder.py:651]            [DEBUG]    | Value: Shows with Maciej Musiał.                                                                   |
[2022-11-24 19:32:28,824] [builder.py:646]            [DEBUG]    |                                                                                                    |
[2022-11-24 19:32:28,824] [builder.py:650]            [DEBUG]    | Validating Method: sort_title                                                                      |
[2022-11-24 19:32:28,825] [builder.py:651]            [DEBUG]    | Value: !17_Maciej Musiał                                                                           |
[2022-11-24 19:32:28,825] [builder.py:646]            [DEBUG]    |                                                                                                    |
[2022-11-24 19:32:28,825] [builder.py:650]            [DEBUG]    | Validating Method: url_poster                                                                      |
[2022-11-24 19:32:28,825] [builder.py:651]            [DEBUG]    | Value: https://raw.githubusercontent.com/meisnate12/Plex-Meta-Manager-Images/master/people/bw/Maciej%20Musia%C5%82.jpg |
[2022-11-24 19:32:28,921] [builder.py:845]            [WARNING]  | Collection Warning: No Poster Found at https://raw.githubusercontent.com/meisnate12/Plex-Meta-Manager-Images/master/people/bw/Maciej%20Musia%C5%82.jpg |
[2022-11-24 19:32:28,925] [plex.py:835]               [DEBUG]    |                                                                                                    |
[2022-11-24 19:32:28,925] [plex.py:838]               [DEBUG]    | Looking for: Maciej Musiał                                                                         |
[2022-11-24 19:32:28,925] [builder.py:814]            [INFO]     |                                                                                                    |
[2022-11-24 19:32:28,925] [builder.py:815]            [INFO]     | Validation Successful                                                                              |
[2022-11-24 19:32:28,925] [plex_meta_manager.py:594]  [INFO]     |                                                                                                    |
[2022-11-24 19:32:28,925] [plex_meta_manager.py:596]  [INFO]     |================================= Running Maciej Musiał Collection =================================|
[2022-11-24 19:32:28,925] [plex_meta_manager.py:602]  [INFO]     |                                                                                                    |
[2022-11-24 19:32:28,925] [plex_meta_manager.py:603]  [INFO]     | Smart Show Filter                                                                                  |
                                                                 | Sort By: ['release.desc']
                                                                 | Filter:
                                                                 |   Match any of the following:
                                                                 |     Actor is Maciej Musiał
[2022-11-24 19:32:28,937] [builder.py:2509]           [DEBUG]    | Smart Collection Created: ?type=2&sort=originallyAvailableAt%3Adesc&push=1&show.actor=518376&pop=1
[2022-11-24 19:32:28,941] [builder.py:2527]           [INFO]     | 
[2022-11-24 19:32:28,941] [builder.py:2528]           [INFO]     |=========================== Updating Details of Maciej Musiał Collection ===========================|
[2022-11-24 19:32:28,941] [builder.py:2529]           [INFO]     |                                                                                                    |
[2022-11-24 19:32:28,947] [builder.py:2595]           [INFO]     | Collection Metadata Edits                                                                          |
                                                                 | Summary (summary) | Shows with Maciej Musiał.
                                                                 | Sort Title | !17_Maciej Musiał
                                                                 | Label | +Top Actors, +PMM
[2022-11-24 19:32:30,595] [builder.py:2599]           [INFO]     | Details: have been updated
[2022-11-24 19:32:30,595] [builder.py:2603]           [INFO]     | 
[2022-11-24 19:32:30,596] [util.py:174]               [DEBUG]    | 1 poster found:
[2022-11-24 19:32:30,596] [util.py:176]               [DEBUG]    | Method: tmdb_person Poster: https://image.tmdb.org/t/p/original/3KmxHoayvqeHcgDaz7lSVLRDYED.jpg
[2022-11-24 19:32:30,640] [library.py:178]            [INFO]     | Detail: tmdb_person updated poster to [URL] https://image.tmdb.org/t/p/original/3KmxHoayvqeHcgDaz7lSVLRDYED.jpg
[2022-11-24 19:32:30,662] [plex_meta_manager.py:736]  [INFO]     | 
[2022-11-24 19:32:30,662] [plex_meta_manager.py:737]  [INFO]     |====================================================================================================|
[2022-11-24 19:32:30,662] [plex_meta_manager.py:737]  [INFO]     |                                 Finished Maciej Musiał Collection                                  |
[2022-11-24 19:32:30,662] [plex_meta_manager.py:737]  [INFO]     |                                    Collection Run Time: 0:00:02                                    |
[2022-11-24 19:32:30,662] [plex_meta_manager.py:737]  [INFO]     |====================================================================================================|
