[2022-11-16 23:44:39,908] [builder.py:193]            [INFO]     |====================================================================================================|
[2022-11-16 23:44:39,908] [builder.py:193]            [INFO]     |                              Sophie Okonedo Collection in New Movies                               |
[2022-11-16 23:44:39,908] [builder.py:193]            [INFO]     |====================================================================================================|
[2022-11-16 23:44:39,909] [builder.py:194]            [INFO]     |                                                                                                    |
[2022-11-16 23:44:39,909] [builder.py:199]            [INFO]     |================================ Building Definition From Templates ================================|
[2022-11-16 23:44:39,909] [builder.py:215]            [DEBUG]    |                                                                                                    |
[2022-11-16 23:44:39,909] [meta.py:210]               [DEBUG]    |====================================== Template smart_filter =======================================|
[2022-11-16 23:44:39,909] [meta.py:451]               [DEBUG]    |                                                                                                    |
[2022-11-16 23:44:39,916] [meta.py:210]               [DEBUG]    |======================================= Template translation =======================================|
[2022-11-16 23:44:39,916] [meta.py:451]               [DEBUG]    |                                                                                                    |
[2022-11-16 23:44:39,919] [meta.py:210]               [DEBUG]    |========================================= Template shared ==========================================|
[2022-11-16 23:44:39,919] [meta.py:451]               [DEBUG]    |                                                                                                    |
[2022-11-16 23:44:39,930] [meta.py:512]               [DEBUG]    |                                                                                                    |
[2022-11-16 23:44:39,930] [meta.py:513]               [DEBUG]    |==================================== Final Template Attributes =====================================|
[2022-11-16 23:44:39,930] [meta.py:514]               [DEBUG]    |                                                                                                    |
[2022-11-16 23:44:39,931] [meta.py:515]               [DEBUG]    | {'tmdb_person': ['Sophie Okonedo'], 'smart_filter': {'sort_by': 'title.asc', 'any': {'actor': 'tmdb'}}, 'summary': 'Movies with Sophie Okonedo.', 'name': 'Sophie Okonedo', 'ignore_blank_results': True, 'collection_mode': 'hide', 'sort_title': '!17_Sophie Okonedo', 'url_poster': 'https://raw.githubusercontent.com/meisnate12/Plex-Meta-Manager-Images/master/people/rainier/Sophie%20Okonedo.jpg'} |
[2022-11-16 23:44:39,931] [meta.py:516]               [DEBUG]    |                                                                                                    |
[2022-11-16 23:44:39,931] [builder.py:223]            [INFO]     |=============================== Validating Sophie Okonedo Attributes ===============================|
[2022-11-16 23:44:39,931] [builder.py:226]            [DEBUG]    |                                                                                                    |
[2022-11-16 23:44:39,931] [builder.py:227]            [DEBUG]    | Validating Method: name                                                                            |
[2022-11-16 23:44:39,931] [builder.py:230]            [DEBUG]    | Value: Sophie Okonedo                                                                              |
[2022-11-16 23:44:39,931] [builder.py:502]            [DEBUG]    |                                                                                                    |
[2022-11-16 23:44:39,931] [builder.py:503]            [DEBUG]    | Validating Method: ignore_blank_results                                                            |
[2022-11-16 23:44:39,931] [builder.py:504]            [DEBUG]    | Value: True                                                                                        |
[2022-11-16 23:44:39,932] [builder.py:528]            [DEBUG]    |                                                                                                    |
[2022-11-16 23:44:39,932] [builder.py:529]            [DEBUG]    | Validating Method: tmdb_person                                                                     |
[2022-11-16 23:44:39,932] [builder.py:533]            [DEBUG]    | Value: ['Sophie Okonedo']                                                                          |
[2022-11-16 23:44:40,047] [builder.py:1784]           [INFO]     |                                                                                                    |
[2022-11-16 23:44:40,047] [builder.py:1785]           [INFO]     | Validating Method: smart_filter                                                                    |
[2022-11-16 23:44:40,047] [builder.py:1791]           [DEBUG]    | Value: {'sort_by': 'title.asc', 'any': {'actor': 'tmdb'}}                                          |
[2022-11-16 23:44:40,431] [builder.py:1978]           [DEBUG]    | Smart URL: ?type=1&sort=titleSort&push=1&actor=33991&pop=1                                         |
[2022-11-16 23:44:40,431] [builder.py:646]            [DEBUG]    |                                                                                                    |
[2022-11-16 23:44:40,431] [builder.py:650]            [DEBUG]    | Validating Method: label                                                                           |
[2022-11-16 23:44:40,431] [builder.py:651]            [DEBUG]    | Value: Top Actors                                                                                  |
[2022-11-16 23:44:40,431] [builder.py:646]            [DEBUG]    |                                                                                                    |
[2022-11-16 23:44:40,432] [builder.py:650]            [DEBUG]    | Validating Method: summary                                                                         |
[2022-11-16 23:44:40,432] [builder.py:651]            [DEBUG]    | Value: Movies with Sophie Okonedo.                                                                 |
[2022-11-16 23:44:40,432] [builder.py:646]            [DEBUG]    |                                                                                                    |
[2022-11-16 23:44:40,432] [builder.py:650]            [DEBUG]    | Validating Method: collection_mode                                                                 |
[2022-11-16 23:44:40,432] [builder.py:651]            [DEBUG]    | Value: hide                                                                                        |
[2022-11-16 23:44:40,432] [builder.py:646]            [DEBUG]    |                                                                                                    |
[2022-11-16 23:44:40,432] [builder.py:650]            [DEBUG]    | Validating Method: sort_title                                                                      |
[2022-11-16 23:44:40,432] [builder.py:651]            [DEBUG]    | Value: !17_Sophie Okonedo                                                                          |
[2022-11-16 23:44:40,432] [builder.py:646]            [DEBUG]    |                                                                                                    |
[2022-11-16 23:44:40,432] [builder.py:650]            [DEBUG]    | Validating Method: url_poster                                                                      |
[2022-11-16 23:44:40,433] [builder.py:651]            [DEBUG]    | Value: https://raw.githubusercontent.com/meisnate12/Plex-Meta-Manager-Images/master/people/rainier/Sophie%20Okonedo.jpg |
[2022-11-16 23:44:40,532] [builder.py:845]            [WARNING]  | Collection Warning: No Poster Found at https://raw.githubusercontent.com/meisnate12/Plex-Meta-Manager-Images/master/people/rainier/Sophie%20Okonedo.jpg |
[2022-11-16 23:44:40,536] [plex.py:835]               [DEBUG]    |                                                                                                    |
[2022-11-16 23:44:40,536] [plex.py:838]               [DEBUG]    | Looking for: Sophie Okonedo                                                                        |
[2022-11-16 23:44:40,537] [builder.py:814]            [INFO]     |                                                                                                    |
[2022-11-16 23:44:40,537] [builder.py:815]            [INFO]     | Validation Successful                                                                              |
[2022-11-16 23:44:40,537] [plex_meta_manager.py:594]  [INFO]     |                                                                                                    |
[2022-11-16 23:44:40,537] [plex_meta_manager.py:596]  [INFO]     |================================ Running Sophie Okonedo Collection =================================|
[2022-11-16 23:44:40,537] [plex_meta_manager.py:602]  [INFO]     |                                                                                                    |
[2022-11-16 23:44:40,537] [plex_meta_manager.py:603]  [INFO]     | Smart Movie Filter                                                                                 |
                                                                 | Sort By: ['title.asc']
                                                                 | Filter:
                                                                 |   Match any of the following:
                                                                 |     Actor is Sophie Okonedo
[2022-11-16 23:44:40,557] [builder.py:2509]           [DEBUG]    | Smart Collection Created: ?type=1&sort=titleSort&push=1&actor=33991&pop=1
[2022-11-16 23:44:40,562] [builder.py:2527]           [INFO]     | 
[2022-11-16 23:44:40,562] [builder.py:2528]           [INFO]     |========================== Updating Details of Sophie Okonedo Collection ===========================|
[2022-11-16 23:44:40,562] [builder.py:2529]           [INFO]     |                                                                                                    |
[2022-11-16 23:44:40,569] [builder.py:2595]           [INFO]     | Collection Metadata Edits                                                                          |
                                                                 | Summary (summary) | Movies with Sophie Okonedo.
                                                                 | Sort Title | !17_Sophie Okonedo
                                                                 | Label | +Top Actors, +PMM
[2022-11-16 23:44:42,141] [builder.py:2599]           [INFO]     | Details: have been updated
[2022-11-16 23:44:42,141] [builder.py:2603]           [INFO]     | 
[2022-11-16 23:44:43,652] [builder.py:2615]           [INFO]     | Collection Mode | hide
[2022-11-16 23:44:43,655] [plex.py:1203]              [WARNING]  | Asset Warning: Asset Directory Not Found and Created: config/New_Movies/Assets/Sophie Okonedo
[2022-11-16 23:44:43,655] [util.py:174]               [DEBUG]    | 1 poster found:
[2022-11-16 23:44:43,655] [util.py:176]               [DEBUG]    | Method: tmdb_person Poster: https://image.tmdb.org/t/p/original/ws5K51bOHWwJWtOHZqxT2W5wm07.jpg
[2022-11-16 23:44:43,703] [library.py:178]            [INFO]     | Detail: tmdb_person updated poster to [URL] https://image.tmdb.org/t/p/original/ws5K51bOHWwJWtOHZqxT2W5wm07.jpg
[2022-11-16 23:44:43,729] [plex_meta_manager.py:736]  [INFO]     | 
[2022-11-16 23:44:43,730] [plex_meta_manager.py:737]  [INFO]     |====================================================================================================|
[2022-11-16 23:44:43,730] [plex_meta_manager.py:737]  [INFO]     |                                 Finished Sophie Okonedo Collection                                 |
[2022-11-16 23:44:43,730] [plex_meta_manager.py:737]  [INFO]     |                                    Collection Run Time: 0:00:03                                    |
[2022-11-16 23:44:43,730] [plex_meta_manager.py:737]  [INFO]     |====================================================================================================|
