[2022-11-16 20:17:21,959] [builder.py:193]            [INFO]     |====================================================================================================|
[2022-11-16 20:17:21,959] [builder.py:193]            [INFO]     |                                Jack Black Collection in Kids Movies                                |
[2022-11-16 20:17:21,959] [builder.py:193]            [INFO]     |====================================================================================================|
[2022-11-16 20:17:21,959] [builder.py:194]            [INFO]     |                                                                                                    |
[2022-11-16 20:17:21,959] [builder.py:199]            [INFO]     |================================ Building Definition From Templates ================================|
[2022-11-16 20:17:21,959] [builder.py:215]            [DEBUG]    |                                                                                                    |
[2022-11-16 20:17:21,960] [meta.py:210]               [DEBUG]    |========================================= Template people ==========================================|
[2022-11-16 20:17:21,960] [meta.py:451]               [DEBUG]    |                                                                                                    |
[2022-11-16 20:17:21,961] [meta.py:512]               [DEBUG]    |                                                                                                    |
[2022-11-16 20:17:21,962] [meta.py:513]               [DEBUG]    |==================================== Final Template Attributes =====================================|
[2022-11-16 20:17:21,962] [meta.py:514]               [DEBUG]    |                                                                                                    |
[2022-11-16 20:17:21,962] [meta.py:515]               [DEBUG]    | {'actor': 'tmdb', 'tmdb_person': 70851, 'sort_title': '++_Jack Black', 'collection_order': 'release'} |
[2022-11-16 20:17:21,962] [meta.py:516]               [DEBUG]    |                                                                                                    |
[2022-11-16 20:17:21,962] [builder.py:223]            [INFO]     |================================= Validating Jack Black Attributes =================================|
[2022-11-16 20:17:21,963] [builder.py:528]            [DEBUG]    |                                                                                                    |
[2022-11-16 20:17:21,963] [builder.py:529]            [DEBUG]    | Validating Method: tmdb_person                                                                     |
[2022-11-16 20:17:21,963] [builder.py:533]            [DEBUG]    | Value: 70851                                                                                       |
[2022-11-16 20:17:21,975] [builder.py:613]            [DEBUG]    |                                                                                                    |
[2022-11-16 20:17:21,976] [builder.py:614]            [DEBUG]    | Validating Method: collection_order                                                                |
[2022-11-16 20:17:21,976] [builder.py:615]            [DEBUG]    | Value: release                                                                                     |
[2022-11-16 20:17:21,976] [builder.py:646]            [DEBUG]    |                                                                                                    |
[2022-11-16 20:17:21,976] [builder.py:650]            [DEBUG]    | Validating Method: actor                                                                           |
[2022-11-16 20:17:21,976] [builder.py:651]            [DEBUG]    | Value: tmdb                                                                                        |
[2022-11-16 20:17:22,382] [builder.py:646]            [DEBUG]    |                                                                                                    |
[2022-11-16 20:17:22,382] [builder.py:650]            [DEBUG]    | Validating Method: sort_title                                                                      |
[2022-11-16 20:17:22,382] [builder.py:651]            [DEBUG]    | Value: ++_Jack Black                                                                               |
[2022-11-16 20:17:22,389] [builder.py:795]            [INFO]     |                                                                                                    |
[2022-11-16 20:17:22,389] [builder.py:796]            [ERROR]    | Collection Error: Converting Jack Black to a normal collection                                     |
[2022-11-16 20:17:22,395] [builder.py:814]            [INFO]     |                                                                                                    |
[2022-11-16 20:17:22,395] [builder.py:815]            [INFO]     | Validation Successful                                                                              |
[2022-11-16 20:17:22,395] [plex_meta_manager.py:594]  [INFO]     |                                                                                                    |
[2022-11-16 20:17:22,395] [plex_meta_manager.py:596]  [INFO]     |================================== Running Jack Black Collection ===================================|
[2022-11-16 20:17:22,395] [plex_meta_manager.py:608]  [INFO]     |                                                                                                    |
[2022-11-16 20:17:22,395] [plex_meta_manager.py:609]  [INFO]     | Sync Mode: append                                                                                  |
[2022-11-16 20:17:22,395] [plex_meta_manager.py:612]  [DEBUG]    |                                                                                                    |
[2022-11-16 20:17:22,396] [plex_meta_manager.py:613]  [DEBUG]    | Builder: plex_search: (1, "Plex Movie Search\nSort By: ['title.asc']\nFilter:\n  Match any of the following:\n    Actor is Jack Black", '?type=1&sort=titleSort&push=1&actor=22189&pop=1') |
[2022-11-16 20:17:22,396] [plex_meta_manager.py:614]  [INFO]     |                                                                                                    |
[2022-11-16 20:17:22,396] [plex.py:924]               [INFO]     | Processing Plex Movie Search                                                                       |
                                                                 | Sort By: ['title.asc']
                                                                 | Filter:
                                                                 |   Match any of the following:
                                                                 |     Actor is Jack Black
[2022-11-16 20:17:22,425] [builder.py:1574]           [DEBUG]    | 
[2022-11-16 20:17:22,425] [builder.py:1575]           [DEBUG]    | 9 IDs Found
[2022-11-16 20:17:22,426] [builder.py:1577]           [DEBUG]    | 
[2022-11-16 20:17:22,426] [builder.py:2158]           [INFO]     | 
[2022-11-16 20:17:22,426] [builder.py:2159]           [INFO]     |================================= Adding to Jack Black Collection ==================================|
[2022-11-16 20:17:22,426] [builder.py:2160]           [INFO]     |                                                                                                    |
[2022-11-16 20:17:22,426] [builder.py:2174]           [INFO]     | 1/9 | Jack Black Collection | + | Goosebumps (2015)                                                |
[2022-11-16 20:17:54,927] [builder.py:2174]           [INFO]     | 2/9 | Jack Black Collection | + | Goosebumps 2: Slappy's Revenge (2018)                            |
[2022-11-16 20:17:57,504] [builder.py:2174]           [INFO]     | 3/9 | Jack Black Collection | + | Ice Age (2002)                                                   |
[2022-11-16 20:18:00,210] [builder.py:2174]           [INFO]     | 4/9 | Jack Black Collection | + | Kung Fu Panda (2008)                                             |
[2022-11-16 20:18:00,500] [builder.py:2174]           [INFO]     | 5/9 | Jack Black Collection | + | Kung Fu Panda 2 (2011)                                           |
[2022-11-16 20:18:00,669] [builder.py:2174]           [INFO]     | 6/9 | Jack Black Collection | + | Kung Fu Panda 3 (2016)                                           |
[2022-11-16 20:18:00,800] [builder.py:2174]           [INFO]     | 7/9 | Jack Black Collection | + | The Muppets (2011)                                               |
[2022-11-16 20:18:00,922] [builder.py:2174]           [INFO]     | 8/9 | Jack Black Collection | + | The NeverEnding Story III (1994)                                 |
[2022-11-16 20:18:03,041] [builder.py:2174]           [INFO]     | 9/9 | Jack Black Collection | + | Shark Tale (2004)                                                |
[2022-11-16 20:18:07,008] [builder.py:2194]           [INFO]     |                                                                                                    |
[2022-11-16 20:18:07,008] [builder.py:2196]           [INFO]     | 9 Movies Processed 9 Movies Added                                                                  |
[2022-11-16 20:18:07,014] [builder.py:2527]           [INFO]     |                                                                                                    |
[2022-11-16 20:18:07,014] [builder.py:2528]           [INFO]     |============================ Updating Details of Jack Black Collection =============================|
[2022-11-16 20:18:07,015] [builder.py:2529]           [INFO]     |                                                                                                    |
[2022-11-16 20:18:07,021] [builder.py:2595]           [INFO]     | Collection Metadata Edits                                                                          |
                                                                 | Summary (tmdb_person) | Thomas Jacob "Jack" Black (born August 28, 1969) is an American actor, comedian, musician, and songwriter. Black is known for his roles in the films High Fidelity (2000), Shallow Hal (2001), Orange County (2002), School of Rock (2003), Envy (2004), Gulliver's Travels (2010), Bernie (2011) and The House with a Clock in Its Walls (2018), in addition to his role in the Jumanji franchise. He also voices the giant panda named Po from DreamWorks Animation's Kung Fu Panda films. He gained Golden Globe nominations for his work in School of Rock and Bernie, and he was given a star on Hollywood's Walk of Fame in 2018.
                                                                 | 
                                                                 | Black is also the lead vocalist of the Grammy Award–winning comedy rock duo Tenacious D, which he formed in 1994 with long time friend, Kyle Gass. They have released multiple studio albums including their self titled debut Tenacious D, The Pick of Destiny, Rize of the Fenix, and Post-Apocalypto, in addition to their television series Tenacious D (1997–2000) and film Tenacious D in The Pick of Destiny (2006). Since 2018, Black has maintained a YouTube channel called Jablinski Games.
                                                                 | Sort Title | ++_Jack Black
                                                                 | Label | +PMM
[2022-11-16 20:18:08,724] [builder.py:2599]           [INFO]     | Details: have been updated
[2022-11-16 20:18:08,724] [builder.py:2603]           [INFO]     | 
[2022-11-16 20:18:08,725] [util.py:174]               [DEBUG]    | 1 poster found:
[2022-11-16 20:18:08,725] [util.py:176]               [DEBUG]    | Method: tmdb_person Poster: https://image.tmdb.org/t/p/original/rtCx0fiYxJVhzXXdwZE2XRTfIKE.jpg
[2022-11-16 20:18:08,957] [library.py:178]            [INFO]     | Detail: tmdb_person updated poster to [URL] https://image.tmdb.org/t/p/original/rtCx0fiYxJVhzXXdwZE2XRTfIKE.jpg
[2022-11-16 20:18:09,136] [plex_meta_manager.py:736]  [INFO]     | 
[2022-11-16 20:18:09,137] [plex_meta_manager.py:737]  [INFO]     |====================================================================================================|
[2022-11-16 20:18:09,137] [plex_meta_manager.py:737]  [INFO]     |                                   Finished Jack Black Collection                                   |
[2022-11-16 20:18:09,137] [plex_meta_manager.py:737]  [INFO]     |                                    Collection Run Time: 0:00:47                                    |
[2022-11-16 20:18:09,137] [plex_meta_manager.py:737]  [INFO]     |====================================================================================================|
