[2022-11-16 22:27:51,562] [builder.py:193]            [INFO]     |====================================================================================================|
[2022-11-16 22:27:51,562] [builder.py:193]            [INFO]     |                            Oscars Winners 2016 Collection in Old Movies                            |
[2022-11-16 22:27:51,562] [builder.py:193]            [INFO]     |====================================================================================================|
[2022-11-16 22:27:51,562] [builder.py:194]            [INFO]     |                                                                                                    |
[2022-11-16 22:27:51,562] [builder.py:199]            [INFO]     |================================ Building Definition From Templates ================================|
[2022-11-16 22:27:51,563] [builder.py:215]            [DEBUG]    |                                                                                                    |
[2022-11-16 22:27:51,563] [meta.py:210]               [DEBUG]    |================================== Template use_year_collections ===================================|
[2022-11-16 22:27:51,564] [meta.py:451]               [DEBUG]    |                                                                                                    |
[2022-11-16 22:27:51,565] [meta.py:210]               [DEBUG]    |========================================== Template imdb ===========================================|
[2022-11-16 22:27:51,565] [meta.py:451]               [DEBUG]    |                                                                                                    |
[2022-11-16 22:27:51,567] [meta.py:210]               [DEBUG]    |======================================= Template translation =======================================|
[2022-11-16 22:27:51,568] [meta.py:451]               [DEBUG]    |                                                                                                    |
[2022-11-16 22:27:51,570] [meta.py:210]               [DEBUG]    |========================================= Template shared ==========================================|
[2022-11-16 22:27:51,571] [meta.py:451]               [DEBUG]    |                                                                                                    |
[2022-11-16 22:27:51,582] [meta.py:210]               [DEBUG]    |=========================================== Template arr ===========================================|
[2022-11-16 22:27:51,583] [meta.py:451]               [DEBUG]    |                                                                                                    |
[2022-11-16 22:27:51,589] [meta.py:210]               [DEBUG]    |========================================= Template custom ==========================================|
[2022-11-16 22:27:51,589] [meta.py:451]               [DEBUG]    |                                                                                                    |
[2022-11-16 22:27:51,594] [meta.py:512]               [DEBUG]    |                                                                                                    |
[2022-11-16 22:27:51,594] [meta.py:513]               [DEBUG]    |==================================== Final Template Attributes =====================================|
[2022-11-16 22:27:51,594] [meta.py:514]               [DEBUG]    |                                                                                                    |
[2022-11-16 22:27:51,595] [meta.py:515]               [DEBUG]    | {'imdb_list': 'https://www.imdb.com/search/title/?release_date=2016-01-01,2016-12-31&groups=oscar_winner&sort=moviemeter,asc', 'summary': 'Academy Awards (Oscars) Winners for 2016.', 'name': 'Oscars Winners 2016', 'allowed_library_types': ['movie'], 'ignore_blank_results': True, 'collection_mode': 'hide', 'sort_title': '!16_Oscars Winners 2016', 'url_poster': 'https://raw.githubusercontent.com/meisnate12/Plex-Meta-Manager-Images/master/award/oscars/winner/2016.jpg', 'collection_order': 'custom', 'sync_mode': 'sync', 'cache_builders': 1} |
[2022-11-16 22:27:51,595] [meta.py:516]               [DEBUG]    |                                                                                                    |
[2022-11-16 22:27:51,595] [builder.py:223]            [INFO]     |============================ Validating Oscars Winners 2016 Attributes =============================|
[2022-11-16 22:27:51,595] [builder.py:226]            [DEBUG]    |                                                                                                    |
[2022-11-16 22:27:51,595] [builder.py:227]            [DEBUG]    | Validating Method: name                                                                            |
[2022-11-16 22:27:51,595] [builder.py:230]            [DEBUG]    | Value: Oscars Winners 2016                                                                         |
[2022-11-16 22:27:51,595] [builder.py:236]            [DEBUG]    |                                                                                                    |
[2022-11-16 22:27:51,595] [builder.py:237]            [DEBUG]    | Validating Method: allowed_library_types                                                           |
[2022-11-16 22:27:51,595] [builder.py:240]            [DEBUG]    | Value: ['movie']                                                                                   |
[2022-11-16 22:27:51,596] [builder.py:502]            [DEBUG]    |                                                                                                    |
[2022-11-16 22:27:51,596] [builder.py:503]            [DEBUG]    | Validating Method: ignore_blank_results                                                            |
[2022-11-16 22:27:51,596] [builder.py:504]            [DEBUG]    | Value: True                                                                                        |
[2022-11-16 22:27:51,596] [builder.py:516]            [DEBUG]    |                                                                                                    |
[2022-11-16 22:27:51,596] [builder.py:517]            [DEBUG]    | Validating Method: sync_mode                                                                       |
[2022-11-16 22:27:51,596] [builder.py:521]            [DEBUG]    | Value: sync                                                                                        |
[2022-11-16 22:27:51,596] [builder.py:613]            [DEBUG]    |                                                                                                    |
[2022-11-16 22:27:51,596] [builder.py:614]            [DEBUG]    | Validating Method: collection_order                                                                |
[2022-11-16 22:27:51,597] [builder.py:615]            [DEBUG]    | Value: custom                                                                                      |
[2022-11-16 22:27:51,597] [builder.py:646]            [DEBUG]    |                                                                                                    |
[2022-11-16 22:27:51,597] [builder.py:650]            [DEBUG]    | Validating Method: label                                                                           |
[2022-11-16 22:27:51,597] [builder.py:651]            [DEBUG]    | Value: Oscars Winners Awards                                                                       |
[2022-11-16 22:27:51,597] [builder.py:646]            [DEBUG]    |                                                                                                    |
[2022-11-16 22:27:51,597] [builder.py:650]            [DEBUG]    | Validating Method: imdb_list                                                                       |
[2022-11-16 22:27:51,597] [builder.py:651]            [DEBUG]    | Value: https://www.imdb.com/search/title/?release_date=2016-01-01,2016-12-31&groups=oscar_winner&sort=moviemeter,asc |
[2022-11-16 22:27:51,769] [builder.py:646]            [DEBUG]    |                                                                                                    |
[2022-11-16 22:27:51,771] [builder.py:650]            [DEBUG]    | Validating Method: summary                                                                         |
[2022-11-16 22:27:51,771] [builder.py:651]            [DEBUG]    | Value: Academy Awards (Oscars) Winners for 2016.                                                   |
[2022-11-16 22:27:51,771] [builder.py:646]            [DEBUG]    |                                                                                                    |
[2022-11-16 22:27:51,771] [builder.py:650]            [DEBUG]    | Validating Method: collection_mode                                                                 |
[2022-11-16 22:27:51,772] [builder.py:651]            [DEBUG]    | Value: hide                                                                                        |
[2022-11-16 22:27:51,772] [builder.py:646]            [DEBUG]    |                                                                                                    |
[2022-11-16 22:27:51,772] [builder.py:650]            [DEBUG]    | Validating Method: sort_title                                                                      |
[2022-11-16 22:27:51,772] [builder.py:651]            [DEBUG]    | Value: !16_Oscars Winners 2016                                                                     |
[2022-11-16 22:27:51,772] [builder.py:646]            [DEBUG]    |                                                                                                    |
[2022-11-16 22:27:51,772] [builder.py:650]            [DEBUG]    | Validating Method: url_poster                                                                      |
[2022-11-16 22:27:51,773] [builder.py:651]            [DEBUG]    | Value: https://raw.githubusercontent.com/meisnate12/Plex-Meta-Manager-Images/master/award/oscars/winner/2016.jpg |
[2022-11-16 22:27:51,935] [builder.py:646]            [DEBUG]    |                                                                                                    |
[2022-11-16 22:27:51,935] [builder.py:650]            [DEBUG]    | Validating Method: cache_builders                                                                  |
[2022-11-16 22:27:51,935] [builder.py:651]            [DEBUG]    | Value: 1                                                                                           |
[2022-11-16 22:27:51,940] [plex.py:835]               [DEBUG]    |                                                                                                    |
[2022-11-16 22:27:51,940] [plex.py:838]               [DEBUG]    | Looking for: Oscars Winners 2016                                                                   |
[2022-11-16 22:27:51,941] [builder.py:814]            [INFO]     |                                                                                                    |
[2022-11-16 22:27:51,941] [builder.py:815]            [INFO]     | Validation Successful                                                                              |
[2022-11-16 22:27:51,941] [plex_meta_manager.py:594]  [INFO]     |                                                                                                    |
[2022-11-16 22:27:51,941] [plex_meta_manager.py:596]  [INFO]     |============================== Running Oscars Winners 2016 Collection ==============================|
[2022-11-16 22:27:51,941] [plex_meta_manager.py:608]  [INFO]     |                                                                                                    |
[2022-11-16 22:27:51,941] [plex_meta_manager.py:609]  [INFO]     | Sync Mode: sync                                                                                    |
[2022-11-16 22:27:51,941] [plex_meta_manager.py:612]  [DEBUG]    |                                                                                                    |
[2022-11-16 22:27:51,941] [plex_meta_manager.py:613]  [DEBUG]    | Builder: imdb_list: {'url': 'https://www.imdb.com/search/title/?release_date=2016-01-01,2016-12-31&groups=oscar_winner&sort=moviemeter,asc', 'limit': 0} |
[2022-11-16 22:27:51,942] [plex_meta_manager.py:614]  [INFO]     |                                                                                                    |
[2022-11-16 22:27:51,943] [builder.py:1523]           [INFO]     | Builder: imdb_list loaded from Cache                                                               |
[2022-11-16 22:27:51,944] [builder.py:1574]           [DEBUG]    |                                                                                                    |
[2022-11-16 22:27:51,945] [builder.py:1575]           [DEBUG]    | 16 IDs Found                                                                                       |
[2022-11-16 22:27:51,945] [builder.py:1577]           [DEBUG]    |                                                                                                    |
[2022-11-16 22:27:51,957] [builder.py:2158]           [INFO]     |                                                                                                    |
[2022-11-16 22:27:51,957] [builder.py:2159]           [INFO]     |============================= Adding to Oscars Winners 2016 Collection =============================|
[2022-11-16 22:27:51,958] [builder.py:2160]           [INFO]     |                                                                                                    |
[2022-11-16 22:27:51,958] [builder.py:2174]           [INFO]     | 1/3 | Oscars Winners 2016 Collection | + | Hacksaw Ridge (2016)                                    |
[2022-11-16 22:27:52,082] [builder.py:2174]           [INFO]     | 2/3 | Oscars Winners 2016 Collection | + | Suicide Squad (2016)                                    |
[2022-11-16 22:27:52,204] [builder.py:2174]           [INFO]     | 3/3 | Oscars Winners 2016 Collection | + | Fantastic Beasts and Where to Find Them (2016)          |
[2022-11-16 22:27:55,820] [builder.py:2194]           [INFO]     |                                                                                                    |
[2022-11-16 22:27:55,820] [builder.py:2196]           [INFO]     | 3 Movies Processed 3 Movies Added                                                                  |
[2022-11-16 22:27:55,820] [builder.py:2306]           [INFO]     |                                                                                                    |
[2022-11-16 22:27:55,820] [builder.py:2307]           [INFO]     |============================= Missing Movies from Library: Old Movies ==============================|
[2022-11-16 22:27:55,820] [builder.py:2308]           [INFO]     |                                                                                                    |
[2022-11-16 22:27:55,832] [builder.py:2321]           [INFO]     | Oscars Winners 2016 Collection | ? | Zootopia (2016) (TMDb: 269149)                                |
[2022-11-16 22:27:55,842] [builder.py:2321]           [INFO]     | Oscars Winners 2016 Collection | ? | Arrival (2016) (TMDb: 329865)                                 |
[2022-11-16 22:27:55,857] [builder.py:2321]           [INFO]     | Oscars Winners 2016 Collection | ? | La La Land (2016) (TMDb: 313369)                              |
[2022-11-16 22:27:55,869] [builder.py:2321]           [INFO]     | Oscars Winners 2016 Collection | ? | Manchester by the Sea (2016) (TMDb: 334541)                   |
[2022-11-16 22:27:55,886] [builder.py:2321]           [INFO]     | Oscars Winners 2016 Collection | ? | Moonlight (2016) (TMDb: 376867)                               |
[2022-11-16 22:27:55,898] [builder.py:2321]           [INFO]     | Oscars Winners 2016 Collection | ? | The Jungle Book (2016) (TMDb: 278927)                         |
[2022-11-16 22:27:55,909] [builder.py:2321]           [INFO]     | Oscars Winners 2016 Collection | ? | Fences (2016) (TMDb: 393457)                                  |
[2022-11-16 22:27:55,919] [builder.py:2321]           [INFO]     | Oscars Winners 2016 Collection | ? | The Salesman (2016) (TMDb: 375315)                            |
[2022-11-16 22:27:55,931] [builder.py:2321]           [INFO]     | Oscars Winners 2016 Collection | ? | O.J.: Made in America (2016) (TMDb: 377462)                   |
[2022-11-16 22:27:55,942] [builder.py:2321]           [INFO]     | Oscars Winners 2016 Collection | ? | Piper (2016) (TMDb: 399106)                                   |
[2022-11-16 22:27:55,953] [builder.py:2321]           [INFO]     | Oscars Winners 2016 Collection | ? | Sing (2016) (TMDb: 427416)                                    |
[2022-11-16 22:27:55,964] [builder.py:2321]           [INFO]     | Oscars Winners 2016 Collection | ? | The White Helmets (2016) (TMDb: 416211)                       |
[2022-11-16 22:27:55,975] [builder.py:2321]           [INFO]     | Oscars Winners 2016 Collection | ? | Heaven Is a Traffic Jam on the 405 (2016) (TMDb: 473278)      |
[2022-11-16 22:27:55,976] [builder.py:2326]           [INFO]     |                                                                                                    |
[2022-11-16 22:27:55,976] [builder.py:2327]           [INFO]     | 13 Movies Missing                                                                                  |
[2022-11-16 22:28:01,400] [builder.py:2527]           [INFO]     |                                                                                                    |
[2022-11-16 22:28:01,401] [builder.py:2528]           [INFO]     |======================== Updating Details of Oscars Winners 2016 Collection ========================|
[2022-11-16 22:28:01,401] [builder.py:2529]           [INFO]     |                                                                                                    |
[2022-11-16 22:28:01,412] [builder.py:2595]           [INFO]     | Collection Metadata Edits                                                                          |
                                                                 | Summary (summary) | Academy Awards (Oscars) Winners for 2016.
                                                                 | Sort Title | !16_Oscars Winners 2016
                                                                 | Label | +Oscars Winners Awards, +PMM
[2022-11-16 22:28:03,531] [builder.py:2599]           [INFO]     | Details: have been updated
[2022-11-16 22:28:03,532] [builder.py:2603]           [INFO]     | 
[2022-11-16 22:28:05,400] [builder.py:2615]           [INFO]     | Collection Mode | hide
[2022-11-16 22:28:07,523] [builder.py:2629]           [INFO]     | Collection Order | custom
[2022-11-16 22:28:07,539] [plex.py:1203]              [WARNING]  | Asset Warning: Asset Directory Not Found and Created: config/Old_Movies/Assets/Oscars Winners 2016
[2022-11-16 22:28:07,539] [util.py:174]               [DEBUG]    | 1 poster found:
[2022-11-16 22:28:07,540] [util.py:176]               [DEBUG]    | Method: url_poster Poster: https://raw.githubusercontent.com/meisnate12/Plex-Meta-Manager-Images/master/award/oscars/winner/2016.jpg
[2022-11-16 22:28:07,704] [library.py:178]            [INFO]     | Detail: asset_directory updated Oscars Winners 2016's poster to [File] config/Old_Movies/Assets/Oscars Winners 2016/poster.jpg
[2022-11-16 22:28:07,757] [builder.py:2686]           [INFO]     | 
[2022-11-16 22:28:07,758] [builder.py:2687]           [INFO]     |============================== Sorting Oscars Winners 2016 Collection ==============================|
[2022-11-16 22:28:07,758] [builder.py:2688]           [INFO]     |                                                                                                    |
[2022-11-16 22:28:07,758] [builder.py:2704]           [INFO]     | Moving Suicide Squad (2016) after Hacksaw Ridge (2016)                                             |
[2022-11-16 22:28:07,794] [builder.py:2704]           [INFO]     | Moving Fantastic Beasts and Where to Find Them (2016) after Suicide Squad (2016)                   |
[2022-11-16 22:28:07,829] [plex_meta_manager.py:736]  [INFO]     |                                                                                                    |
[2022-11-16 22:28:07,829] [plex_meta_manager.py:737]  [INFO]     |====================================================================================================|
[2022-11-16 22:28:07,829] [plex_meta_manager.py:737]  [INFO]     |                              Finished Oscars Winners 2016 Collection                               |
[2022-11-16 22:28:07,829] [plex_meta_manager.py:737]  [INFO]     |                                    Collection Run Time: 0:00:16                                    |
[2022-11-16 22:28:07,829] [plex_meta_manager.py:737]  [INFO]     |====================================================================================================|
