[2022-11-16 18:46:26,945] [builder.py:193]            [INFO]     |====================================================================================================|
[2022-11-16 18:46:26,945] [builder.py:193]            [INFO]     |                             Johnny Depp Collection in Halloween Movies                             |
[2022-11-16 18:46:26,946] [builder.py:193]            [INFO]     |====================================================================================================|
[2022-11-16 18:46:26,946] [builder.py:194]            [INFO]     |                                                                                                    |
[2022-11-16 18:46:26,946] [builder.py:199]            [INFO]     |================================ Building Definition From Templates ================================|
[2022-11-16 18:46:26,946] [builder.py:215]            [DEBUG]    |                                                                                                    |
[2022-11-16 18:46:26,947] [meta.py:210]               [DEBUG]    |========================================= Template people ==========================================|
[2022-11-16 18:46:26,947] [meta.py:451]               [DEBUG]    |                                                                                                    |
[2022-11-16 18:46:26,949] [meta.py:512]               [DEBUG]    |                                                                                                    |
[2022-11-16 18:46:26,949] [meta.py:513]               [DEBUG]    |==================================== Final Template Attributes =====================================|
[2022-11-16 18:46:26,949] [meta.py:514]               [DEBUG]    |                                                                                                    |
[2022-11-16 18:46:26,950] [meta.py:515]               [DEBUG]    | {'actor': 'tmdb', 'tmdb_person': 85, 'sort_title': '++_Johnny Depp', 'collection_order': 'release'} |
[2022-11-16 18:46:26,950] [meta.py:516]               [DEBUG]    |                                                                                                    |
[2022-11-16 18:46:26,950] [builder.py:223]            [INFO]     |================================ Validating Johnny Depp Attributes =================================|
[2022-11-16 18:46:26,950] [builder.py:528]            [DEBUG]    |                                                                                                    |
[2022-11-16 18:46:26,950] [builder.py:529]            [DEBUG]    | Validating Method: tmdb_person                                                                     |
[2022-11-16 18:46:26,951] [builder.py:533]            [DEBUG]    | Value: 85                                                                                          |
[2022-11-16 18:46:26,960] [builder.py:613]            [DEBUG]    |                                                                                                    |
[2022-11-16 18:46:26,960] [builder.py:614]            [DEBUG]    | Validating Method: collection_order                                                                |
[2022-11-16 18:46:26,961] [builder.py:615]            [DEBUG]    | Value: release                                                                                     |
[2022-11-16 18:46:26,961] [builder.py:646]            [DEBUG]    |                                                                                                    |
[2022-11-16 18:46:26,961] [builder.py:650]            [DEBUG]    | Validating Method: actor                                                                           |
[2022-11-16 18:46:26,961] [builder.py:651]            [DEBUG]    | Value: tmdb                                                                                        |
[2022-11-16 18:46:27,327] [builder.py:646]            [DEBUG]    |                                                                                                    |
[2022-11-16 18:46:27,328] [builder.py:650]            [DEBUG]    | Validating Method: sort_title                                                                      |
[2022-11-16 18:46:27,328] [builder.py:651]            [DEBUG]    | Value: ++_Johnny Depp                                                                              |
[2022-11-16 18:46:27,367] [builder.py:814]            [INFO]     |                                                                                                    |
[2022-11-16 18:46:27,367] [builder.py:815]            [INFO]     | Validation Successful                                                                              |
[2022-11-16 18:46:27,367] [plex_meta_manager.py:594]  [INFO]     |                                                                                                    |
[2022-11-16 18:46:27,367] [plex_meta_manager.py:596]  [INFO]     |================================== Running Johnny Depp Collection ==================================|
[2022-11-16 18:46:27,367] [plex_meta_manager.py:608]  [INFO]     |                                                                                                    |
[2022-11-16 18:46:27,368] [plex_meta_manager.py:609]  [INFO]     | Sync Mode: append                                                                                  |
[2022-11-16 18:46:27,368] [plex_meta_manager.py:612]  [DEBUG]    |                                                                                                    |
[2022-11-16 18:46:27,368] [plex_meta_manager.py:613]  [DEBUG]    | Builder: plex_search: (1, "Plex Movie Search\nSort By: ['title.asc']\nFilter:\n  Match any of the following:\n    Actor is Johnny Depp", '?type=1&sort=titleSort&push=1&actor=14581&pop=1') |
[2022-11-16 18:46:27,368] [plex_meta_manager.py:614]  [INFO]     |                                                                                                    |
[2022-11-16 18:46:27,368] [plex.py:924]               [INFO]     | Processing Plex Movie Search                                                                       |
                                                                 | Sort By: ['title.asc']
                                                                 | Filter:
                                                                 |   Match any of the following:
                                                                 |     Actor is Johnny Depp
[2022-11-16 18:46:27,382] [builder.py:1574]           [DEBUG]    | 
[2022-11-16 18:46:27,382] [builder.py:1575]           [DEBUG]    | 3 IDs Found
[2022-11-16 18:46:27,382] [builder.py:1577]           [DEBUG]    | 
[2022-11-16 18:46:27,382] [builder.py:2158]           [INFO]     | 
[2022-11-16 18:46:27,382] [builder.py:2159]           [INFO]     |================================= Adding to Johnny Depp Collection =================================|
[2022-11-16 18:46:27,382] [builder.py:2160]           [INFO]     |                                                                                                    |
[2022-11-16 18:46:27,383] [builder.py:2174]           [INFO]     | 1/3 | Johnny Depp Collection | = | Corpse Bride (2005)                                             |
[2022-11-16 18:46:27,383] [builder.py:2174]           [INFO]     | 2/3 | Johnny Depp Collection | = | Freddy's Dead: The Final Nightmare (1991)                       |
[2022-11-16 18:46:27,383] [builder.py:2174]           [INFO]     | 3/3 | Johnny Depp Collection | = | A Nightmare on Elm Street (1984)                                |
[2022-11-16 18:46:27,383] [builder.py:2194]           [INFO]     |                                                                                                    |
[2022-11-16 18:46:27,383] [builder.py:2196]           [INFO]     | 3 Movies Processed 0 Movies Added                                                                  |
[2022-11-16 18:46:27,389] [builder.py:2527]           [INFO]     |                                                                                                    |
[2022-11-16 18:46:27,389] [builder.py:2528]           [INFO]     |============================ Updating Details of Johnny Depp Collection ============================|
[2022-11-16 18:46:27,390] [builder.py:2529]           [INFO]     |                                                                                                    |
[2022-11-16 18:46:27,396] [builder.py:2595]           [INFO]     | Collection Metadata Edits                                                                          |
[2022-11-16 18:46:27,397] [util.py:174]               [DEBUG]    | 1 poster found:                                                                                    |
[2022-11-16 18:46:27,397] [util.py:176]               [DEBUG]    | Method: tmdb_person Poster: https://image.tmdb.org/t/p/original/dHvp2FafEE5OGFy9kcX2l8oMIsH.jpg    |
[2022-11-16 18:46:27,398] [library.py:180]            [INFO]     | Detail: poster update not needed                                                                   |
[2022-11-16 18:46:27,436] [plex_meta_manager.py:736]  [INFO]     |                                                                                                    |
[2022-11-16 18:46:27,436] [plex_meta_manager.py:737]  [INFO]     |====================================================================================================|
[2022-11-16 18:46:27,437] [plex_meta_manager.py:737]  [INFO]     |                                  Finished Johnny Depp Collection                                   |
[2022-11-16 18:46:27,437] [plex_meta_manager.py:737]  [INFO]     |                                    Collection Run Time: 0:00:00                                    |
[2022-11-16 18:46:27,437] [plex_meta_manager.py:737]  [INFO]     |====================================================================================================|
