[2022-11-17 00:33:02,160] [builder.py:193]            [INFO]     |====================================================================================================|
[2022-11-17 00:33:02,161] [builder.py:193]            [INFO]     |                              Hugh Jackman Collection in Marvel Movies                              |
[2022-11-17 00:33:02,161] [builder.py:193]            [INFO]     |====================================================================================================|
[2022-11-17 00:33:02,161] [builder.py:194]            [INFO]     |                                                                                                    |
[2022-11-17 00:33:02,161] [builder.py:199]            [INFO]     |================================ Building Definition From Templates ================================|
[2022-11-17 00:33:02,162] [builder.py:215]            [DEBUG]    |                                                                                                    |
[2022-11-17 00:33:02,162] [meta.py:210]               [DEBUG]    |========================================= Template people ==========================================|
[2022-11-17 00:33:02,162] [meta.py:451]               [DEBUG]    |                                                                                                    |
[2022-11-17 00:33:02,164] [meta.py:512]               [DEBUG]    |                                                                                                    |
[2022-11-17 00:33:02,164] [meta.py:513]               [DEBUG]    |==================================== Final Template Attributes =====================================|
[2022-11-17 00:33:02,165] [meta.py:514]               [DEBUG]    |                                                                                                    |
[2022-11-17 00:33:02,165] [meta.py:515]               [DEBUG]    | {'actor': 'tmdb', 'tmdb_person': 6968, 'sort_title': '++_Hugh Jackman', 'collection_order': 'release'} |
[2022-11-17 00:33:02,165] [meta.py:516]               [DEBUG]    |                                                                                                    |
[2022-11-17 00:33:02,165] [builder.py:223]            [INFO]     |================================ Validating Hugh Jackman Attributes ================================|
[2022-11-17 00:33:02,165] [builder.py:528]            [DEBUG]    |                                                                                                    |
[2022-11-17 00:33:02,166] [builder.py:529]            [DEBUG]    | Validating Method: tmdb_person                                                                     |
[2022-11-17 00:33:02,166] [builder.py:533]            [DEBUG]    | Value: 6968                                                                                        |
[2022-11-17 00:33:02,174] [builder.py:613]            [DEBUG]    |                                                                                                    |
[2022-11-17 00:33:02,174] [builder.py:614]            [DEBUG]    | Validating Method: collection_order                                                                |
[2022-11-17 00:33:02,174] [builder.py:615]            [DEBUG]    | Value: release                                                                                     |
[2022-11-17 00:33:02,175] [builder.py:646]            [DEBUG]    |                                                                                                    |
[2022-11-17 00:33:02,175] [builder.py:650]            [DEBUG]    | Validating Method: actor                                                                           |
[2022-11-17 00:33:02,175] [builder.py:651]            [DEBUG]    | Value: tmdb                                                                                        |
[2022-11-17 00:33:02,659] [builder.py:646]            [DEBUG]    |                                                                                                    |
[2022-11-17 00:33:02,659] [builder.py:650]            [DEBUG]    | Validating Method: sort_title                                                                      |
[2022-11-17 00:33:02,659] [builder.py:651]            [DEBUG]    | Value: ++_Hugh Jackman                                                                             |
[2022-11-17 00:33:02,664] [plex.py:835]               [DEBUG]    |                                                                                                    |
[2022-11-17 00:33:02,664] [plex.py:838]               [DEBUG]    | Looking for: Hugh Jackman                                                                          |
[2022-11-17 00:33:02,664] [builder.py:814]            [INFO]     |                                                                                                    |
[2022-11-17 00:33:02,665] [builder.py:815]            [INFO]     | Validation Successful                                                                              |
[2022-11-17 00:33:02,665] [plex_meta_manager.py:594]  [INFO]     |                                                                                                    |
[2022-11-17 00:33:02,665] [plex_meta_manager.py:596]  [INFO]     |================================= Running Hugh Jackman Collection ==================================|
[2022-11-17 00:33:02,666] [plex_meta_manager.py:608]  [INFO]     |                                                                                                    |
[2022-11-17 00:33:02,666] [plex_meta_manager.py:609]  [INFO]     | Sync Mode: append                                                                                  |
[2022-11-17 00:33:02,666] [plex_meta_manager.py:612]  [DEBUG]    |                                                                                                    |
[2022-11-17 00:33:02,666] [plex_meta_manager.py:613]  [DEBUG]    | Builder: plex_search: (1, "Plex Movie Search\nSort By: ['title.asc']\nFilter:\n  Match any of the following:\n    Actor is Hugh Jackman", '?type=1&sort=titleSort&push=1&actor=46613&pop=1') |
[2022-11-17 00:33:02,666] [plex_meta_manager.py:614]  [INFO]     |                                                                                                    |
[2022-11-17 00:33:02,667] [plex.py:924]               [INFO]     | Processing Plex Movie Search                                                                       |
                                                                 | Sort By: ['title.asc']
                                                                 | Filter:
                                                                 |   Match any of the following:
                                                                 |     Actor is Hugh Jackman
[2022-11-17 00:33:02,676] [builder.py:1574]           [DEBUG]    | 
[2022-11-17 00:33:02,676] [builder.py:1575]           [DEBUG]    | 1 IDs Found
[2022-11-17 00:33:02,676] [builder.py:1577]           [DEBUG]    | 
[2022-11-17 00:33:02,676] [plex_meta_manager.py:652]  [INFO]     | 
[2022-11-17 00:33:02,677] [plex_meta_manager.py:653]  [INFO]     | Collection Minimum: 2 not met for Hugh Jackman Collection
[2022-11-17 00:33:02,677] [plex_meta_manager.py:736]  [INFO]     | 
[2022-11-17 00:33:02,677] [plex_meta_manager.py:737]  [INFO]     |====================================================================================================|
[2022-11-17 00:33:02,677] [plex_meta_manager.py:737]  [INFO]     |                                  Finished Hugh Jackman Collection                                  |
[2022-11-17 00:33:02,677] [plex_meta_manager.py:737]  [INFO]     |                                    Collection Run Time: 0:00:00                                    |
[2022-11-17 00:33:02,677] [plex_meta_manager.py:737]  [INFO]     |====================================================================================================|
