[2022-11-16 22:16:34,951] [builder.py:193]            [INFO]     |====================================================================================================|
[2022-11-16 22:16:34,951] [builder.py:193]            [INFO]     |                                 Top Rated Collection in Old Movies                                 |
[2022-11-16 22:16:34,951] [builder.py:193]            [INFO]     |====================================================================================================|
[2022-11-16 22:16:34,951] [builder.py:194]            [INFO]     |                                                                                                    |
[2022-11-16 22:16:34,951] [builder.py:199]            [INFO]     |================================ Building Definition From Templates ================================|
[2022-11-16 22:16:34,951] [builder.py:215]            [DEBUG]    |                                                                                                    |
[2022-11-16 22:16:34,952] [meta.py:210]               [DEBUG]    |======================================= Template Suggestion ========================================|
[2022-11-16 22:16:34,952] [meta.py:451]               [DEBUG]    |                                                                                                    |
[2022-11-16 22:16:34,953] [meta.py:512]               [DEBUG]    |                                                                                                    |
[2022-11-16 22:16:34,953] [meta.py:513]               [DEBUG]    |==================================== Final Template Attributes =====================================|
[2022-11-16 22:16:34,953] [meta.py:514]               [DEBUG]    |                                                                                                    |
[2022-11-16 22:16:34,954] [meta.py:515]               [DEBUG]    | {'url_poster': 'https://theposterdb.com/api/assets/213605', 'sort_title': '++++++++++_Top Rated', 'collection_mode': 'hide', 'collection_order': 'release.desc', 'sync_mode': 'sync'} |
[2022-11-16 22:16:34,954] [meta.py:516]               [DEBUG]    |                                                                                                    |
[2022-11-16 22:16:34,954] [builder.py:223]            [INFO]     |================================= Validating Top Rated Attributes ==================================|
[2022-11-16 22:16:34,954] [builder.py:516]            [DEBUG]    |                                                                                                    |
[2022-11-16 22:16:34,954] [builder.py:517]            [DEBUG]    | Validating Method: sync_mode                                                                       |
[2022-11-16 22:16:34,954] [builder.py:521]            [DEBUG]    | Value: sync                                                                                        |
[2022-11-16 22:16:34,954] [builder.py:613]            [DEBUG]    |                                                                                                    |
[2022-11-16 22:16:34,954] [builder.py:614]            [DEBUG]    | Validating Method: collection_order                                                                |
[2022-11-16 22:16:34,954] [builder.py:615]            [DEBUG]    | Value: release.desc                                                                                |
[2022-11-16 22:16:34,955] [builder.py:646]            [DEBUG]    |                                                                                                    |
[2022-11-16 22:16:34,955] [builder.py:650]            [DEBUG]    | Validating Method: imdb_list                                                                       |
[2022-11-16 22:16:34,955] [builder.py:651]            [DEBUG]    | Value: ['https://www.imdb.com/search/title/?groups=top_250&count=250&sort=user_rating,desc&title_type=movie'] |
[2022-11-16 22:16:36,155] [builder.py:646]            [DEBUG]    |                                                                                                    |
[2022-11-16 22:16:36,158] [builder.py:650]            [DEBUG]    | Validating Method: summary                                                                         |
[2022-11-16 22:16:36,161] [builder.py:651]            [DEBUG]    | Value: Top Rated Movies                                                                            |
[2022-11-16 22:16:36,163] [builder.py:646]            [DEBUG]    |                                                                                                    |
[2022-11-16 22:16:36,163] [builder.py:650]            [DEBUG]    | Validating Method: url_poster                                                                      |
[2022-11-16 22:16:36,163] [builder.py:651]            [DEBUG]    | Value: https://theposterdb.com/api/assets/213605                                                   |
[2022-11-16 22:16:36,819] [builder.py:646]            [DEBUG]    |                                                                                                    |
[2022-11-16 22:16:36,819] [builder.py:650]            [DEBUG]    | Validating Method: sort_title                                                                      |
[2022-11-16 22:16:36,819] [builder.py:651]            [DEBUG]    | Value: ++++++++++_Top Rated                                                                        |
[2022-11-16 22:16:36,819] [builder.py:646]            [DEBUG]    |                                                                                                    |
[2022-11-16 22:16:36,819] [builder.py:650]            [DEBUG]    | Validating Method: collection_mode                                                                 |
[2022-11-16 22:16:36,819] [builder.py:651]            [DEBUG]    | Value: hide                                                                                        |
[2022-11-16 22:16:36,989] [builder.py:814]            [INFO]     |                                                                                                    |
[2022-11-16 22:16:36,989] [builder.py:815]            [INFO]     | Validation Successful                                                                              |
[2022-11-16 22:16:36,989] [plex_meta_manager.py:594]  [INFO]     |                                                                                                    |
[2022-11-16 22:16:36,989] [plex_meta_manager.py:596]  [INFO]     |=================================== Running Top Rated Collection ===================================|
[2022-11-16 22:16:36,989] [plex_meta_manager.py:608]  [INFO]     |                                                                                                    |
[2022-11-16 22:16:36,990] [plex_meta_manager.py:609]  [INFO]     | Sync Mode: sync                                                                                    |
[2022-11-16 22:16:36,990] [plex_meta_manager.py:612]  [DEBUG]    |                                                                                                    |
[2022-11-16 22:16:36,990] [plex_meta_manager.py:613]  [DEBUG]    | Builder: imdb_list: {'url': 'https://www.imdb.com/search/title/?groups=top_250&count=250&sort=user_rating,desc&title_type=movie', 'limit': 0} |
[2022-11-16 22:16:36,990] [plex_meta_manager.py:614]  [INFO]     |                                                                                                    |
[2022-11-16 22:16:36,990] [imdb.py:202]               [INFO]     | Processing IMDb List: https://www.imdb.com/search/title/?groups=top_250&count=250&sort=user_rating,desc&title_type=movie |
[2022-11-16 22:16:40,935] [builder.py:1574]           [DEBUG]    |                                                                                                    |
[2022-11-16 22:16:40,936] [builder.py:1575]           [DEBUG]    | 250 IDs Found                                                                                      |
[2022-11-16 22:16:40,936] [builder.py:1577]           [DEBUG]    |                                                                                                    |
[2022-11-16 22:16:41,279] [builder.py:2158]           [INFO]     |                                                                                                    |
[2022-11-16 22:16:41,289] [builder.py:2159]           [INFO]     |================================== Adding to Top Rated Collection ==================================|
[2022-11-16 22:16:41,290] [builder.py:2160]           [INFO]     |                                                                                                    |
[2022-11-16 22:16:41,290] [builder.py:2174]           [INFO]     |  1/38 | Top Rated Collection | = | The Shawshank Redemption (1994)                                 |
[2022-11-16 22:16:41,290] [builder.py:2174]           [INFO]     |  2/38 | Top Rated Collection | = | The Godfather (1972)                                            |
[2022-11-16 22:16:41,291] [builder.py:2174]           [INFO]     |  3/38 | Top Rated Collection | = | The Dark Knight (2008)                                          |
[2022-11-16 22:16:41,291] [builder.py:2174]           [INFO]     |  4/38 | Top Rated Collection | = | The Lord of the Rings: The Return of the King (2003)            |
[2022-11-16 22:16:41,291] [builder.py:2174]           [INFO]     |  5/38 | Top Rated Collection | = | The Godfather Part II (1974)                                    |
[2022-11-16 22:16:41,292] [builder.py:2174]           [INFO]     |  6/38 | Top Rated Collection | = | The Lord of the Rings: The Two Towers (2002)                    |
[2022-11-16 22:16:41,292] [builder.py:2174]           [INFO]     |  7/38 | Top Rated Collection | = | The Lord of the Rings: The Fellowship of the Ring (2001)        |
[2022-11-16 22:16:41,292] [builder.py:2174]           [INFO]     |  8/38 | Top Rated Collection | = | The Matrix (1999)                                               |
[2022-11-16 22:16:41,293] [builder.py:2174]           [INFO]     |  9/38 | Top Rated Collection | = | Star Wars: Episode V - The Empire Strikes Back (1980)           |
[2022-11-16 22:16:41,293] [builder.py:2174]           [INFO]     | 10/38 | Top Rated Collection | = | Interstellar (2014)                                             |
[2022-11-16 22:16:41,293] [builder.py:2174]           [INFO]     | 11/38 | Top Rated Collection | = | Interstellar (2014)                                             |
[2022-11-16 22:16:41,293] [builder.py:2174]           [INFO]     | 12/38 | Top Rated Collection | = | Saving Private Ryan (1998)                                      |
[2022-11-16 22:16:41,294] [builder.py:2174]           [INFO]     | 13/38 | Top Rated Collection | = | Terminator 2: Judgment Day (1991)                               |
[2022-11-16 22:16:41,294] [builder.py:2174]           [INFO]     | 14/38 | Top Rated Collection | = | Star Wars: Episode IV - A New Hope (1977)                       |
[2022-11-16 22:16:41,294] [builder.py:2174]           [INFO]     | 15/38 | Top Rated Collection | = | Apocalypse Now (1979)                                           |
[2022-11-16 22:16:41,295] [builder.py:2174]           [INFO]     | 16/38 | Top Rated Collection | = | Alien (1979)                                                    |
[2022-11-16 22:16:41,295] [builder.py:2174]           [INFO]     | 17/38 | Top Rated Collection | = | Joker (2019)                                                    |
[2022-11-16 22:16:41,295] [builder.py:2174]           [INFO]     | 18/38 | Top Rated Collection | = | Spider-Man: Into the Spider-Verse (2018)                        |
[2022-11-16 22:16:41,295] [builder.py:2174]           [INFO]     | 19/38 | Top Rated Collection | = | The Dark Knight Rises (2012)                                    |
[2022-11-16 22:16:41,296] [builder.py:2174]           [INFO]     | 20/38 | Top Rated Collection | = | Aliens (1986)                                                   |
[2022-11-16 22:16:41,296] [builder.py:2174]           [INFO]     | 21/38 | Top Rated Collection | = | Indiana Jones and the Raiders of the Lost Ark (1981)            |
[2022-11-16 22:16:41,296] [builder.py:2174]           [INFO]     | 22/38 | Top Rated Collection | = | Full Metal Jacket (1987)                                        |
[2022-11-16 22:16:41,297] [builder.py:2174]           [INFO]     | 23/38 | Top Rated Collection | = | Star Wars: Episode VI - Return of the Jedi (1983)               |
[2022-11-16 22:16:41,297] [builder.py:2174]           [INFO]     | 24/38 | Top Rated Collection | = | Batman Begins (2005)                                            |
[2022-11-16 22:16:41,297] [builder.py:2174]           [INFO]     | 25/38 | Top Rated Collection | = | Jurassic Park (1993)                                            |
[2022-11-16 22:16:41,297] [builder.py:2174]           [INFO]     | 26/38 | Top Rated Collection | = | Indiana Jones and the Last Crusade (1989)                       |
[2022-11-16 22:16:41,298] [builder.py:2174]           [INFO]     | 27/38 | Top Rated Collection | = | Die Hard (1988)                                                 |
[2022-11-16 22:16:41,298] [builder.py:2174]           [INFO]     | 28/38 | Top Rated Collection | = | The Bridge on the River Kwai (1957)                             |
[2022-11-16 22:16:41,298] [builder.py:2174]           [INFO]     | 29/38 | Top Rated Collection | = | Logan (2017)                                                    |
[2022-11-16 22:16:41,298] [builder.py:2174]           [INFO]     | 30/38 | Top Rated Collection | = | Hacksaw Ridge (2016)                                            |
[2022-11-16 22:16:41,298] [builder.py:2174]           [INFO]     | 31/38 | Top Rated Collection | = | Mad Max: Fury Road (2015)                                       |
[2022-11-16 22:16:41,299] [builder.py:2174]           [INFO]     | 32/38 | Top Rated Collection | = | Harry Potter and the Deathly Hallows: Part 2 (2011)             |
[2022-11-16 22:16:41,299] [builder.py:2174]           [INFO]     | 33/38 | Top Rated Collection | = | Pirates of the Caribbean: The Curse of the Black Pearl (2003)   |
[2022-11-16 22:16:41,299] [builder.py:2174]           [INFO]     | 34/38 | Top Rated Collection | = | The Big Lebowski (1998)                                         |
[2022-11-16 22:16:41,299] [builder.py:2174]           [INFO]     | 35/38 | Top Rated Collection | = | Platoon (1986)                                                  |
[2022-11-16 22:16:41,299] [builder.py:2174]           [INFO]     | 36/38 | Top Rated Collection | = | The Terminator (1984)                                           |
[2022-11-16 22:16:41,300] [builder.py:2174]           [INFO]     | 37/38 | Top Rated Collection | = | Jaws (1975)                                                     |
[2022-11-16 22:16:41,300] [builder.py:2174]           [INFO]     | 38/38 | Top Rated Collection | = | The Sound of Music (1965)                                       |
[2022-11-16 22:16:41,300] [builder.py:2194]           [INFO]     |                                                                                                    |
[2022-11-16 22:16:41,300] [builder.py:2196]           [INFO]     | 38 Movies Processed 0 Movies Added                                                                 |
[2022-11-16 22:16:41,300] [builder.py:2306]           [INFO]     |                                                                                                    |
[2022-11-16 22:16:41,301] [builder.py:2307]           [INFO]     |============================= Missing Movies from Library: Old Movies ==============================|
[2022-11-16 22:16:41,301] [builder.py:2308]           [INFO]     |                                                                                                    |
[2022-11-16 22:16:41,314] [builder.py:2321]           [INFO]     | Top Rated Collection | ? | Schindler's List (1993) (TMDb: 424)                                     |
[2022-11-16 22:16:41,330] [builder.py:2321]           [INFO]     | Top Rated Collection | ? | 12 Angry Men (1957) (TMDb: 389)                                         |
[2022-11-16 22:16:41,349] [builder.py:2321]           [INFO]     | Top Rated Collection | ? | Jai Bhim (2021) (TMDb: 855400)                                          |
[2022-11-16 22:16:41,367] [builder.py:2321]           [INFO]     | Top Rated Collection | ? | Pulp Fiction (1994) (TMDb: 680)                                         |
[2022-11-16 22:16:41,383] [builder.py:2321]           [INFO]     | Top Rated Collection | ? | Inception (2010) (TMDb: 27205)                                          |
[2022-11-16 22:16:41,397] [builder.py:2321]           [INFO]     | Top Rated Collection | ? | Fight Club (1999) (TMDb: 550)                                           |
[2022-11-16 22:16:41,415] [builder.py:2321]           [INFO]     | Top Rated Collection | ? | Forrest Gump (1994) (TMDb: 13)                                          |
[2022-11-16 22:16:41,446] [builder.py:2321]           [INFO]     | Top Rated Collection | ? | The Good, the Bad and the Ugly (1966) (TMDb: 429)                       |
[2022-11-16 22:16:41,471] [builder.py:2321]           [INFO]     | Top Rated Collection | ? | GoodFellas (1990) (TMDb: 769)                                           |
[2022-11-16 22:16:41,491] [builder.py:2321]           [INFO]     | Top Rated Collection | ? | One Flew Over the Cuckoo's Nest (1975) (TMDb: 510)                      |
[2022-11-16 22:16:41,503] [builder.py:2321]           [INFO]     | Top Rated Collection | ? | City of God (2002) (TMDb: 598)                                          |
[2022-11-16 22:16:41,522] [builder.py:2321]           [INFO]     | Top Rated Collection | ? | Spirited Away (2001) (TMDb: 129)                                        |
[2022-11-16 22:16:41,540] [builder.py:2321]           [INFO]     | Top Rated Collection | ? | The Green Mile (1999) (TMDb: 497)                                       |
[2022-11-16 22:16:41,565] [builder.py:2321]           [INFO]     | Top Rated Collection | ? | Life Is Beautiful (1997) (TMDb: 637)                                    |
[2022-11-16 22:16:41,581] [builder.py:2321]           [INFO]     | Top Rated Collection | ? | Se7en (1995) (TMDb: 807)                                                |
[2022-11-16 22:16:41,595] [builder.py:2321]           [INFO]     | Top Rated Collection | ? | The Silence of the Lambs (1991) (TMDb: 274)                             |
[2022-11-16 22:16:41,616] [builder.py:2321]           [INFO]     | Top Rated Collection | ? | Harakiri (1962) (TMDb: 14537)                                           |
[2022-11-16 22:16:41,641] [builder.py:2321]           [INFO]     | Top Rated Collection | ? | Seven Samurai (1954) (TMDb: 346)                                        |
[2022-11-16 22:16:41,655] [builder.py:2321]           [INFO]     | Top Rated Collection | ? | It's a Wonderful Life (1946) (TMDb: 1585)                               |
[2022-11-16 22:16:41,669] [builder.py:2321]           [INFO]     | Top Rated Collection | ? | Parasite (2019) (TMDb: 496243)                                          |
[2022-11-16 22:16:41,681] [builder.py:2321]           [INFO]     | Top Rated Collection | ? | Whiplash (2014) (TMDb: 244786)                                          |
[2022-11-16 22:16:41,693] [builder.py:2321]           [INFO]     | Top Rated Collection | ? | The Intouchables (2011) (TMDb: 77338)                                   |
[2022-11-16 22:16:41,704] [builder.py:2321]           [INFO]     | Top Rated Collection | ? | The Prestige (2006) (TMDb: 1124)                                        |
[2022-11-16 22:16:41,716] [builder.py:2321]           [INFO]     | Top Rated Collection | ? | The Departed (2006) (TMDb: 1422)                                        |
[2022-11-16 22:16:41,729] [builder.py:2321]           [INFO]     | Top Rated Collection | ? | The Pianist (2002) (TMDb: 423)                                          |
[2022-11-16 22:16:41,740] [builder.py:2321]           [INFO]     | Top Rated Collection | ? | Gladiator (2000) (TMDb: 98)                                             |
[2022-11-16 22:16:41,758] [builder.py:2321]           [INFO]     | Top Rated Collection | ? | American History X (1998) (TMDb: 73)                                    |
[2022-11-16 22:16:41,771] [builder.py:2321]           [INFO]     | Top Rated Collection | ? | The Usual Suspects (1995) (TMDb: 629)                                   |
[2022-11-16 22:16:41,786] [builder.py:2321]           [INFO]     | Top Rated Collection | ? | Léon: The Professional (1994) (TMDb: 101)                               |
[2022-11-16 22:16:41,796] [builder.py:2321]           [INFO]     | Top Rated Collection | ? | The Lion King (1994) (TMDb: 8587)                                       |
[2022-11-16 22:16:41,808] [builder.py:2321]           [INFO]     | Top Rated Collection | ? | Cinema Paradiso (1988) (TMDb: 11216)                                    |
[2022-11-16 22:16:41,820] [builder.py:2321]           [INFO]     | Top Rated Collection | ? | Grave of the Fireflies (1988) (TMDb: 12477)                             |
[2022-11-16 22:16:41,832] [builder.py:2321]           [INFO]     | Top Rated Collection | ? | Back to the Future (1985) (TMDb: 105)                                   |
[2022-11-16 22:16:41,845] [builder.py:2321]           [INFO]     | Top Rated Collection | ? | Once Upon a Time in the West (1968) (TMDb: 335)                         |
[2022-11-16 22:16:41,857] [builder.py:2321]           [INFO]     | Top Rated Collection | ? | Psycho (1960) (TMDb: 539)                                               |
[2022-11-16 22:16:41,869] [builder.py:2321]           [INFO]     | Top Rated Collection | ? | Rear Window (1954) (TMDb: 567)                                          |
[2022-11-16 22:16:41,882] [builder.py:2321]           [INFO]     | Top Rated Collection | ? | Casablanca (1942) (TMDb: 289)                                           |
[2022-11-16 22:16:41,897] [builder.py:2321]           [INFO]     | Top Rated Collection | ? | Modern Times (1936) (TMDb: 3082)                                        |
[2022-11-16 22:16:41,920] [builder.py:2321]           [INFO]     | Top Rated Collection | ? | City Lights (1931) (TMDb: 901)                                          |
[2022-11-16 22:16:41,936] [builder.py:2321]           [INFO]     | Top Rated Collection | ? | Hamilton (2020) (TMDb: 556574)                                          |
[2022-11-16 22:16:41,955] [builder.py:2321]           [INFO]     | Top Rated Collection | ? | Capernaum (2018) (TMDb: 517814)                                         |
[2022-11-16 22:16:41,977] [builder.py:2321]           [INFO]     | Top Rated Collection | ? | Your Name. (2016) (TMDb: 372058)                                        |
[2022-11-16 22:16:41,989] [builder.py:2321]           [INFO]     | Top Rated Collection | ? | Avengers: Endgame (2019) (TMDb: 299534)                                 |
[2022-11-16 22:16:42,002] [builder.py:2321]           [INFO]     | Top Rated Collection | ? | Avengers: Infinity War (2018) (TMDb: 299536)                            |
[2022-11-16 22:16:42,014] [builder.py:2321]           [INFO]     | Top Rated Collection | ? | Coco (2017) (TMDb: 354912)                                              |
[2022-11-16 22:16:42,030] [builder.py:2321]           [INFO]     | Top Rated Collection | ? | Django Unchained (2012) (TMDb: 68718)                                   |
[2022-11-16 22:16:42,042] [builder.py:2321]           [INFO]     | Top Rated Collection | ? | Top Gun: Maverick (2022) (TMDb: 361743)                                 |
[2022-11-16 22:16:42,054] [builder.py:2321]           [INFO]     | Top Rated Collection | ? | 3 Idiots (2009) (TMDb: 20453)                                           |
[2022-11-16 22:16:42,066] [builder.py:2321]           [INFO]     | Top Rated Collection | ? | Like Stars on Earth (2007) (TMDb: 7508)                                 |
[2022-11-16 22:16:42,078] [builder.py:2321]           [INFO]     | Top Rated Collection | ? | WALL·E (2008) (TMDb: 10681)                                             |
[2022-11-16 22:16:42,090] [builder.py:2321]           [INFO]     | Top Rated Collection | ? | The Lives of Others (2006) (TMDb: 582)                                  |
[2022-11-16 22:16:42,101] [builder.py:2321]           [INFO]     | Top Rated Collection | ? | Oldboy (2003) (TMDb: 670)                                               |
[2022-11-16 22:16:42,113] [builder.py:2321]           [INFO]     | Top Rated Collection | ? | Memento (2000) (TMDb: 77)                                               |
[2022-11-16 22:16:42,125] [builder.py:2321]           [INFO]     | Top Rated Collection | ? | American Beauty (1999) (TMDb: 14)                                       |
[2022-11-16 22:16:42,136] [builder.py:2321]           [INFO]     | Top Rated Collection | ? | Princess Mononoke (1997) (TMDb: 128)                                    |
[2022-11-16 22:16:42,147] [builder.py:2321]           [INFO]     | Top Rated Collection | ? | Braveheart (1995) (TMDb: 197)                                           |
[2022-11-16 22:16:42,159] [builder.py:2321]           [INFO]     | Top Rated Collection | ? | Come and See (1985) (TMDb: 25237)                                       |
[2022-11-16 22:16:42,170] [builder.py:2321]           [INFO]     | Top Rated Collection | ? | Amadeus (1984) (TMDb: 279)                                              |
[2022-11-16 22:16:42,181] [builder.py:2321]           [INFO]     | Top Rated Collection | ? | Das Boot (1981) (TMDb: 387)                                             |
[2022-11-16 22:16:42,193] [builder.py:2321]           [INFO]     | Top Rated Collection | ? | The Shining (1980) (TMDb: 694)                                          |
[2022-11-16 22:16:42,204] [builder.py:2321]           [INFO]     | Top Rated Collection | ? | High and Low (1963) (TMDb: 12493)                                       |
[2022-11-16 22:16:42,215] [builder.py:2321]           [INFO]     | Top Rated Collection | ? | Dr. Strangelove or: How I Learned to Stop Worrying and Love the Bomb (1964) (TMDb: 935) |
[2022-11-16 22:16:42,226] [builder.py:2321]           [INFO]     | Top Rated Collection | ? | Witness for the Prosecution (1957) (TMDb: 37257)                        |
[2022-11-16 22:16:42,237] [builder.py:2321]           [INFO]     | Top Rated Collection | ? | Paths of Glory (1957) (TMDb: 975)                                       |
[2022-11-16 22:16:42,270] [builder.py:2321]           [INFO]     | Top Rated Collection | ? | Sunset Boulevard (1950) (TMDb: 599)                                     |
[2022-11-16 22:16:42,281] [builder.py:2321]           [INFO]     | Top Rated Collection | ? | The Great Dictator (1940) (TMDb: 914)                                   |
[2022-11-16 22:16:42,292] [builder.py:2321]           [INFO]     | Top Rated Collection | ? | Dangal (2016) (TMDb: 360814)                                            |
[2022-11-16 22:16:42,304] [builder.py:2321]           [INFO]     | Top Rated Collection | ? | The Hunt (2012) (TMDb: 103663)                                          |
[2022-11-16 22:16:42,315] [builder.py:2321]           [INFO]     | Top Rated Collection | ? | A Separation (2011) (TMDb: 60243)                                       |
[2022-11-16 22:16:42,327] [builder.py:2321]           [INFO]     | Top Rated Collection | ? | Incendies (2010) (TMDb: 46738)                                          |
[2022-11-16 22:16:42,339] [builder.py:2321]           [INFO]     | Top Rated Collection | ? | Spider-Man: No Way Home (2021) (TMDb: 634649)                           |
[2022-11-16 22:16:42,350] [builder.py:2321]           [INFO]     | Top Rated Collection | ? | Up (2009) (TMDb: 14160)                                                 |
[2022-11-16 22:16:42,362] [builder.py:2321]           [INFO]     | Top Rated Collection | ? | Toy Story 3 (2010) (TMDb: 10193)                                        |
[2022-11-16 22:16:42,373] [builder.py:2321]           [INFO]     | Top Rated Collection | ? | Inglourious Basterds (2009) (TMDb: 16869)                               |
[2022-11-16 22:16:42,376] [builder.py:2321]           [INFO]     | Top Rated Collection | ? | Eternal Sunshine of the Spotless Mind (2004) (TMDb: 38)                 |
[2022-11-16 22:16:42,393] [builder.py:2321]           [INFO]     | Top Rated Collection | ? | Amélie (2001) (TMDb: 194)                                               |
[2022-11-16 22:16:42,414] [builder.py:2321]           [INFO]     | Top Rated Collection | ? | Requiem for a Dream (2000) (TMDb: 641)                                  |
[2022-11-16 22:16:42,439] [builder.py:2321]           [INFO]     | Top Rated Collection | ? | Good Will Hunting (1997) (TMDb: 489)                                    |
[2022-11-16 22:16:42,457] [builder.py:2321]           [INFO]     | Top Rated Collection | ? | Toy Story (1995) (TMDb: 862)                                            |
[2022-11-16 22:16:42,475] [builder.py:2321]           [INFO]     | Top Rated Collection | ? | Heat (1995) (TMDb: 949)                                                 |
[2022-11-16 22:16:42,492] [builder.py:2321]           [INFO]     | Top Rated Collection | ? | Reservoir Dogs (1992) (TMDb: 500)                                       |
[2022-11-16 22:16:42,503] [builder.py:2321]           [INFO]     | Top Rated Collection | ? | Once Upon a Time in America (1984) (TMDb: 311)                          |
[2022-11-16 22:16:42,513] [builder.py:2321]           [INFO]     | Top Rated Collection | ? | Scarface (1983) (TMDb: 111)                                             |
[2022-11-16 22:16:42,524] [builder.py:2321]           [INFO]     | Top Rated Collection | ? | The Sting (1973) (TMDb: 9277)                                           |
[2022-11-16 22:16:42,535] [builder.py:2321]           [INFO]     | Top Rated Collection | ? | A Clockwork Orange (1971) (TMDb: 185)                                   |
[2022-11-16 22:16:42,546] [builder.py:2321]           [INFO]     | Top Rated Collection | ? | 2001: A Space Odyssey (1968) (TMDb: 62)                                 |
[2022-11-16 22:16:42,557] [builder.py:2321]           [INFO]     | Top Rated Collection | ? | To Kill a Mockingbird (1962) (TMDb: 595)                                |
[2022-11-16 22:16:42,569] [builder.py:2321]           [INFO]     | Top Rated Collection | ? | Lawrence of Arabia (1962) (TMDb: 947)                                   |
[2022-11-16 22:16:42,584] [builder.py:2321]           [INFO]     | Top Rated Collection | ? | Judgment at Nuremberg (1961) (TMDb: 821)                                |
[2022-11-16 22:16:42,595] [builder.py:2321]           [INFO]     | Top Rated Collection | ? | The Apartment (1960) (TMDb: 284)                                        |
[2022-11-16 22:16:42,606] [builder.py:2321]           [INFO]     | Top Rated Collection | ? | North by Northwest (1959) (TMDb: 213)                                   |
[2022-11-16 22:16:42,619] [builder.py:2321]           [INFO]     | Top Rated Collection | ? | Vertigo (1958) (TMDb: 426)                                              |
[2022-11-16 22:16:42,631] [builder.py:2321]           [INFO]     | Top Rated Collection | ? | Pather Panchali (1955) (TMDb: 5801)                                     |
[2022-11-16 22:16:42,634] [builder.py:2321]           [INFO]     | Top Rated Collection | ? | Singin' in the Rain (1952) (TMDb: 872)                                  |
[2022-11-16 22:16:42,649] [builder.py:2321]           [INFO]     | Top Rated Collection | ? | Ikiru (1952) (TMDb: 3782)                                               |
[2022-11-16 22:16:42,660] [builder.py:2321]           [INFO]     | Top Rated Collection | ? | Bicycle Thieves (1948) (TMDb: 5156)                                     |
[2022-11-16 22:16:42,672] [builder.py:2321]           [INFO]     | Top Rated Collection | ? | Double Indemnity (1944) (TMDb: 996)                                     |
[2022-11-16 22:16:42,688] [builder.py:2321]           [INFO]     | Top Rated Collection | ? | Citizen Kane (1941) (TMDb: 15)                                          |
[2022-11-16 22:16:42,699] [builder.py:2321]           [INFO]     | Top Rated Collection | ? | M (1931) (TMDb: 832)                                                    |
[2022-11-16 22:16:42,711] [builder.py:2321]           [INFO]     | Top Rated Collection | ? | Metropolis (1927) (TMDb: 19)                                            |
[2022-11-16 22:16:42,723] [builder.py:2321]           [INFO]     | Top Rated Collection | ? | The Kid (1921) (TMDb: 10098)                                            |
[2022-11-16 22:16:42,734] [builder.py:2321]           [INFO]     | Top Rated Collection | ? | 1917 (2019) (TMDb: 530915)                                              |
[2022-11-16 22:16:42,743] [builder.py:2321]           [INFO]     | Top Rated Collection | ? | Green Book (2018) (TMDb: 490132)                                        |
[2022-11-16 22:16:42,767] [builder.py:2321]           [INFO]     | Top Rated Collection | ? | Inside Out (2015) (TMDb: 150540)                                        |
[2022-11-16 22:16:42,785] [builder.py:2321]           [INFO]     | Top Rated Collection | ? | The Secret in Their Eyes (2009) (TMDb: 25376)                           |
[2022-11-16 22:16:42,796] [builder.py:2321]           [INFO]     | Top Rated Collection | ? | Warrior (2011) (TMDb: 59440)                                            |
[2022-11-16 22:16:42,806] [builder.py:2321]           [INFO]     | Top Rated Collection | ? | Shutter Island (2010) (TMDb: 11324)                                     |
[2022-11-16 22:16:42,818] [builder.py:2321]           [INFO]     | Top Rated Collection | ? | The Father (2020) (TMDb: 600354)                                        |
[2022-11-16 22:16:42,829] [builder.py:2321]           [INFO]     | Top Rated Collection | ? | The Wolf of Wall Street (2013) (TMDb: 106646)                           |
[2022-11-16 22:16:42,839] [builder.py:2321]           [INFO]     | Top Rated Collection | ? | No Country for Old Men (2007) (TMDb: 6977)                              |
[2022-11-16 22:16:42,850] [builder.py:2321]           [INFO]     | Top Rated Collection | ? | My Father and My Son (2005) (TMDb: 13393)                               |
[2022-11-16 22:16:42,861] [builder.py:2321]           [INFO]     | Top Rated Collection | ? | There Will Be Blood (2007) (TMDb: 7345)                                 |
[2022-11-16 22:16:42,877] [builder.py:2321]           [INFO]     | Top Rated Collection | ? | Pan's Labyrinth (2006) (TMDb: 1417)                                     |
[2022-11-16 22:16:42,890] [builder.py:2321]           [INFO]     | Top Rated Collection | ? | V for Vendetta (2006) (TMDb: 752)                                       |
[2022-11-16 22:16:42,901] [builder.py:2321]           [INFO]     | Top Rated Collection | ? | Downfall (2004) (TMDb: 613)                                             |
[2022-11-16 22:16:42,911] [builder.py:2321]           [INFO]     | Top Rated Collection | ? | Howl's Moving Castle (2004) (TMDb: 4935)                                |
[2022-11-16 22:16:42,921] [builder.py:2321]           [INFO]     | Top Rated Collection | ? | A Beautiful Mind (2001) (TMDb: 453)                                     |
[2022-11-16 22:16:42,954] [builder.py:2321]           [INFO]     | Top Rated Collection | ? | Kill Bill: Vol. 1 (2003) (TMDb: 24)                                     |
[2022-11-16 22:16:42,970] [builder.py:2321]           [INFO]     | Top Rated Collection | ? | Finding Nemo (2003) (TMDb: 12)                                          |
[2022-11-16 22:16:42,983] [builder.py:2321]           [INFO]     | Top Rated Collection | ? | Snatch (2000) (TMDb: 107)                                               |
[2022-11-16 22:16:42,993] [builder.py:2321]           [INFO]     | Top Rated Collection | ? | The Sixth Sense (1999) (TMDb: 745)                                      |
[2022-11-16 22:16:43,012] [builder.py:2321]           [INFO]     | Top Rated Collection | ? | Lock, Stock and Two Smoking Barrels (1998) (TMDb: 100)                  |
[2022-11-16 22:16:43,023] [builder.py:2321]           [INFO]     | Top Rated Collection | ? | The Truman Show (1998) (TMDb: 37165)                                    |
[2022-11-16 22:16:43,034] [builder.py:2321]           [INFO]     | Top Rated Collection | ? | L.A. Confidential (1997) (TMDb: 2118)                                   |
[2022-11-16 22:16:43,045] [builder.py:2321]           [INFO]     | Top Rated Collection | ? | Children of Heaven (1997) (TMDb: 21334)                                 |
[2022-11-16 22:16:43,060] [builder.py:2321]           [INFO]     | Top Rated Collection | ? | Casino (1995) (TMDb: 524)                                               |
[2022-11-16 22:16:43,070] [builder.py:2321]           [INFO]     | Top Rated Collection | ? | Unforgiven (1992) (TMDb: 33)                                            |
[2022-11-16 22:16:43,081] [builder.py:2321]           [INFO]     | Top Rated Collection | ? | Ran (1985) (TMDb: 11645)                                                |
[2022-11-16 22:16:43,094] [builder.py:2321]           [INFO]     | Top Rated Collection | ? | The Thing (1982) (TMDb: 1091)                                           |
[2022-11-16 22:16:43,105] [builder.py:2321]           [INFO]     | Top Rated Collection | ? | Raging Bull (1980) (TMDb: 1578)                                         |
[2022-11-16 22:16:43,117] [builder.py:2321]           [INFO]     | Top Rated Collection | ? | The Elephant Man (1980) (TMDb: 1955)                                    |
[2022-11-16 22:16:43,129] [builder.py:2321]           [INFO]     | Top Rated Collection | ? | Taxi Driver (1976) (TMDb: 103)                                          |
[2022-11-16 22:16:43,140] [builder.py:2321]           [INFO]     | Top Rated Collection | ? | Monty Python and the Holy Grail (1975) (TMDb: 762)                      |
[2022-11-16 22:16:43,150] [builder.py:2321]           [INFO]     | Top Rated Collection | ? | Dersu Uzala (1975) (TMDb: 9764)                                         |
[2022-11-16 22:16:43,161] [builder.py:2321]           [INFO]     | Top Rated Collection | ? | Chinatown (1974) (TMDb: 829)                                            |
[2022-11-16 22:16:43,173] [builder.py:2321]           [INFO]     | Top Rated Collection | ? | For a Few Dollars More (1965) (TMDb: 938)                               |
[2022-11-16 22:16:43,185] [builder.py:2321]           [INFO]     | Top Rated Collection | ? | The Great Escape (1963) (TMDb: 5925)                                    |
[2022-11-16 22:16:43,196] [builder.py:2321]           [INFO]     | Top Rated Collection | ? | Yojimbo (1961) (TMDb: 11878)                                            |
[2022-11-16 22:16:43,206] [builder.py:2321]           [INFO]     | Top Rated Collection | ? | Some Like It Hot (1959) (TMDb: 239)                                     |
[2022-11-16 22:16:43,217] [builder.py:2321]           [INFO]     | Top Rated Collection | ? | Dial M for Murder (1954) (TMDb: 521)                                    |
[2022-11-16 22:16:43,230] [builder.py:2321]           [INFO]     | Top Rated Collection | ? | Tokyo Story (1953) (TMDb: 18148)                                        |
[2022-11-16 22:16:43,246] [builder.py:2321]           [INFO]     | Top Rated Collection | ? | The Wages of Fear (1953) (TMDb: 204)                                    |
[2022-11-16 22:16:43,258] [builder.py:2321]           [INFO]     | Top Rated Collection | ? | Rashomon (1950) (TMDb: 548)                                             |
[2022-11-16 22:16:43,278] [builder.py:2321]           [INFO]     | Top Rated Collection | ? | All About Eve (1950) (TMDb: 705)                                        |
[2022-11-16 22:16:43,289] [builder.py:2321]           [INFO]     | Top Rated Collection | ? | The Treasure of the Sierra Madre (1948) (TMDb: 3090)                    |
[2022-11-16 22:16:43,305] [builder.py:2321]           [INFO]     | Top Rated Collection | ? | To Be or Not to Be (1942) (TMDb: 198)                                   |
[2022-11-16 22:16:43,315] [builder.py:2321]           [INFO]     | Top Rated Collection | ? | Gone with the Wind (1939) (TMDb: 770)                                   |
[2022-11-16 22:16:43,326] [builder.py:2321]           [INFO]     | Top Rated Collection | ? | The Passion of Joan of Arc (1928) (TMDb: 780)                           |
[2022-11-16 22:16:43,342] [builder.py:2321]           [INFO]     | Top Rated Collection | ? | The General (1926) (TMDb: 961)                                          |
[2022-11-16 22:16:43,365] [builder.py:2321]           [INFO]     | Top Rated Collection | ? | The Gold Rush (1925) (TMDb: 962)                                        |
[2022-11-16 22:16:43,380] [builder.py:2321]           [INFO]     | Top Rated Collection | ? | Sherlock Jr. (1924) (TMDb: 992)                                         |
[2022-11-16 22:16:43,391] [builder.py:2321]           [INFO]     | Top Rated Collection | ? | Everything Everywhere All at Once (2022) (TMDb: 545611)                 |
[2022-11-16 22:16:43,403] [builder.py:2321]           [INFO]     | Top Rated Collection | ? | Three Billboards Outside Ebbing, Missouri (2017) (TMDb: 359940)         |
[2022-11-16 22:16:43,414] [builder.py:2321]           [INFO]     | Top Rated Collection | ? | Klaus (2019) (TMDb: 508965)                                             |
[2022-11-16 22:16:43,425] [builder.py:2321]           [INFO]     | Top Rated Collection | ? | The Handmaiden (2016) (TMDb: 290098)                                    |
[2022-11-16 22:16:43,437] [builder.py:2321]           [INFO]     | Top Rated Collection | ? | Room (2015) (TMDb: 264644)                                              |
[2022-11-16 22:16:43,448] [builder.py:2321]           [INFO]     | Top Rated Collection | ? | Wild Tales (2014) (TMDb: 265195)                                        |
[2022-11-16 22:16:43,463] [builder.py:2321]           [INFO]     | Top Rated Collection | ? | The Grand Budapest Hotel (2014) (TMDb: 120467)                          |
[2022-11-16 22:16:43,477] [builder.py:2321]           [INFO]     | Top Rated Collection | ? | Gone Girl (2014) (TMDb: 210577)                                         |
[2022-11-16 22:16:43,495] [builder.py:2321]           [INFO]     | Top Rated Collection | ? | 12 Years a Slave (2013) (TMDb: 76203)                                   |
[2022-11-16 22:16:43,517] [builder.py:2321]           [INFO]     | Top Rated Collection | ? | Rush (2013) (TMDb: 96721)                                               |
[2022-11-16 22:16:43,532] [builder.py:2321]           [INFO]     | Top Rated Collection | ? | Ford v Ferrari (2019) (TMDb: 359724)                                    |
[2022-11-16 22:16:43,550] [builder.py:2321]           [INFO]     | Top Rated Collection | ? | Spotlight (2015) (TMDb: 314365)                                         |
[2022-11-16 22:16:43,563] [builder.py:2321]           [INFO]     | Top Rated Collection | ? | The Help (2011) (TMDb: 50014)                                           |
[2022-11-16 22:16:43,579] [builder.py:2321]           [INFO]     | Top Rated Collection | ? | Prisoners (2013) (TMDb: 146233)                                         |
[2022-11-16 22:16:43,599] [builder.py:2321]           [INFO]     | Top Rated Collection | ? | Gran Torino (2008) (TMDb: 13223)                                        |
[2022-11-16 22:16:43,611] [builder.py:2321]           [INFO]     | Top Rated Collection | ? | Hachi: A Dog's Tale (2009) (TMDb: 28178)                                |
[2022-11-16 22:16:43,622] [builder.py:2321]           [INFO]     | Top Rated Collection | ? | Mary and Max (2009) (TMDb: 24238)                                       |
[2022-11-16 22:16:43,634] [builder.py:2321]           [INFO]     | Top Rated Collection | ? | How to Train Your Dragon (2010) (TMDb: 10191)                           |
[2022-11-16 22:16:43,644] [builder.py:2321]           [INFO]     | Top Rated Collection | ? | Into the Wild (2007) (TMDb: 5915)                                       |
[2022-11-16 22:16:43,657] [builder.py:2321]           [INFO]     | Top Rated Collection | ? | Million Dollar Baby (2004) (TMDb: 70)                                   |
[2022-11-16 22:16:43,668] [builder.py:2321]           [INFO]     | Top Rated Collection | ? | Hotel Rwanda (2004) (TMDb: 205)                                         |
[2022-11-16 22:16:43,679] [builder.py:2321]           [INFO]     | Top Rated Collection | ? | Ratatouille (2007) (TMDb: 2062)                                         |
[2022-11-16 22:16:43,690] [builder.py:2321]           [INFO]     | Top Rated Collection | ? | Before Sunset (2004) (TMDb: 80)                                         |
[2022-11-16 22:16:43,703] [builder.py:2321]           [INFO]     | Top Rated Collection | ? | Memories of Murder (2003) (TMDb: 11423)                                 |
[2022-11-16 22:16:43,715] [builder.py:2321]           [INFO]     | Top Rated Collection | ? | Catch Me If You Can (2002) (TMDb: 640)                                  |
[2022-11-16 22:16:43,726] [builder.py:2321]           [INFO]     | Top Rated Collection | ? | Amores Perros (2000) (TMDb: 55)                                         |
[2022-11-16 22:16:43,737] [builder.py:2321]           [INFO]     | Top Rated Collection | ? | Monsters, Inc. (2001) (TMDb: 585)                                       |
[2022-11-16 22:16:43,749] [builder.py:2321]           [INFO]     | Top Rated Collection | ? | The Iron Giant (1999) (TMDb: 10386)                                     |
[2022-11-16 22:16:43,763] [builder.py:2321]           [INFO]     | Top Rated Collection | ? | Trainspotting (1996) (TMDb: 627)                                        |
[2022-11-16 22:16:43,774] [builder.py:2321]           [INFO]     | Top Rated Collection | ? | Fargo (1996) (TMDb: 275)                                                |
[2022-11-16 22:16:43,788] [builder.py:2321]           [INFO]     | Top Rated Collection | ? | La Haine (1995) (TMDb: 406)                                             |
[2022-11-16 22:16:43,801] [builder.py:2321]           [INFO]     | Top Rated Collection | ? | Before Sunrise (1995) (TMDb: 76)                                        |
[2022-11-16 22:16:43,811] [builder.py:2321]           [INFO]     | Top Rated Collection | ? | In the Name of the Father (1993) (TMDb: 7984)                           |
[2022-11-16 22:16:43,822] [builder.py:2321]           [INFO]     | Top Rated Collection | ? | Groundhog Day (1993) (TMDb: 137)                                        |
[2022-11-16 22:16:43,833] [builder.py:2321]           [INFO]     | Top Rated Collection | ? | Dead Poets Society (1989) (TMDb: 207)                                   |
[2022-11-16 22:16:43,844] [builder.py:2321]           [INFO]     | Top Rated Collection | ? | My Neighbor Totoro (1988) (TMDb: 8392)                                  |
[2022-11-16 22:16:43,855] [builder.py:2321]           [INFO]     | Top Rated Collection | ? | Stand by Me (1986) (TMDb: 235)                                          |
[2022-11-16 22:16:43,866] [builder.py:2321]           [INFO]     | Top Rated Collection | ? | Gandhi (1982) (TMDb: 783)                                               |
[2022-11-16 22:16:43,877] [builder.py:2321]           [INFO]     | Top Rated Collection | ? | Blade Runner (1982) (TMDb: 78)                                          |
[2022-11-16 22:16:43,887] [builder.py:2321]           [INFO]     | Top Rated Collection | ? | The Deer Hunter (1978) (TMDb: 11778)                                    |
[2022-11-16 22:16:43,898] [builder.py:2321]           [INFO]     | Top Rated Collection | ? | Rocky (1976) (TMDb: 1366)                                               |
[2022-11-16 22:16:43,914] [builder.py:2321]           [INFO]     | Top Rated Collection | ? | Network (1976) (TMDb: 10774)                                            |
[2022-11-16 22:16:43,925] [builder.py:2321]           [INFO]     | Top Rated Collection | ? | Barry Lyndon (1975) (TMDb: 3175)                                        |
[2022-11-16 22:16:43,936] [builder.py:2321]           [INFO]     | Top Rated Collection | ? | The Exorcist (1973) (TMDb: 9552)                                        |
[2022-11-16 22:16:43,947] [builder.py:2321]           [INFO]     | Top Rated Collection | ? | Cool Hand Luke (1967) (TMDb: 903)                                       |
[2022-11-16 22:16:43,963] [builder.py:2321]           [INFO]     | Top Rated Collection | ? | Persona (1966) (TMDb: 797)                                              |
[2022-11-16 22:16:43,975] [builder.py:2321]           [INFO]     | Top Rated Collection | ? | The Battle of Algiers (1966) (TMDb: 17295)                              |
[2022-11-16 22:16:43,986] [builder.py:2321]           [INFO]     | Top Rated Collection | ? | The 400 Blows (1959) (TMDb: 147)                                        |
[2022-11-16 22:16:43,997] [builder.py:2321]           [INFO]     | Top Rated Collection | ? | Ben-Hur (1959) (TMDb: 665)                                              |
[2022-11-16 22:16:44,008] [builder.py:2321]           [INFO]     | Top Rated Collection | ? | Wild Strawberries (1957) (TMDb: 614)                                    |
[2022-11-16 22:16:44,019] [builder.py:2321]           [INFO]     | Top Rated Collection | ? | The Seventh Seal (1957) (TMDb: 490)                                     |
[2022-11-16 22:16:44,032] [builder.py:2321]           [INFO]     | Top Rated Collection | ? | On the Waterfront (1954) (TMDb: 654)                                    |
[2022-11-16 22:16:44,043] [builder.py:2321]           [INFO]     | Top Rated Collection | ? | The Third Man (1949) (TMDb: 1092)                                       |
[2022-11-16 22:16:44,058] [builder.py:2321]           [INFO]     | Top Rated Collection | ? | The Best Years of Our Lives (1946) (TMDb: 887)                          |
[2022-11-16 22:16:44,070] [builder.py:2321]           [INFO]     | Top Rated Collection | ? | Rebecca (1940) (TMDb: 223)                                              |
[2022-11-16 22:16:44,082] [builder.py:2321]           [INFO]     | Top Rated Collection | ? | The Grapes of Wrath (1940) (TMDb: 596)                                  |
[2022-11-16 22:16:44,101] [builder.py:2321]           [INFO]     | Top Rated Collection | ? | The Wizard of Oz (1939) (TMDb: 630)                                     |
[2022-11-16 22:16:44,111] [builder.py:2321]           [INFO]     | Top Rated Collection | ? | Mr. Smith Goes to Washington (1939) (TMDb: 3083)                        |
[2022-11-16 22:16:44,123] [builder.py:2321]           [INFO]     | Top Rated Collection | ? | It Happened One Night (1934) (TMDb: 3078)                               |
[2022-11-16 22:16:44,137] [builder.py:2321]           [INFO]     | Top Rated Collection | ? | The Incredibles (2004) (TMDb: 9806)                                     |
[2022-11-16 22:16:44,148] [builder.py:2321]           [INFO]     | Top Rated Collection | ? | Aladdin (1992) (TMDb: 812)                                              |
[2022-11-16 22:16:44,158] [builder.py:2321]           [INFO]     | Top Rated Collection | ? | Life of Brian (1979) (TMDb: 583)                                        |
[2022-11-16 22:16:44,159] [builder.py:2326]           [INFO]     |                                                                                                    |
[2022-11-16 22:16:44,159] [builder.py:2327]           [INFO]     | 213 Movies Missing                                                                                 |
[2022-11-16 22:16:48,776] [builder.py:2527]           [INFO]     |                                                                                                    |
[2022-11-16 22:16:48,777] [builder.py:2528]           [INFO]     |============================= Updating Details of Top Rated Collection =============================|
[2022-11-16 22:16:48,777] [builder.py:2529]           [INFO]     |                                                                                                    |
[2022-11-16 22:16:48,788] [builder.py:2595]           [INFO]     | Collection Metadata Edits                                                                          |
[2022-11-16 22:16:48,790] [util.py:174]               [DEBUG]    | 2 posters found:                                                                                   |
[2022-11-16 22:16:48,791] [util.py:176]               [DEBUG]    | Method: url_poster Poster: https://theposterdb.com/api/assets/213605                               |
[2022-11-16 22:16:48,791] [util.py:176]               [DEBUG]    | Method: asset_directory Poster: {'attribute': 'asset_directory', 'location': '/config/Old_Movies/Assets/Top Rated/poster.png', 'prefix': "Top Rated's ", 'is_poster': True, 'is_url': False, 'compare': 4734514, 'message': "Top Rated's poster to [File] /config/Old_Movies/Assets/Top Rated/poster.png"} |
[2022-11-16 22:16:48,794] [library.py:180]            [INFO]     | Detail: Top Rated's poster update not needed                                                       |
[2022-11-16 22:16:48,963] [builder.py:2686]           [INFO]     |                                                                                                    |
[2022-11-16 22:16:48,963] [builder.py:2687]           [INFO]     |=================================== Sorting Top Rated Collection ===================================|
[2022-11-16 22:16:48,963] [builder.py:2688]           [INFO]     |                                                                                                    |
[2022-11-16 22:16:49,083] [builder.py:2704]           [INFO]     | Moving Joker (2019) to the beginning                                                               |
[2022-11-16 22:16:49,170] [builder.py:2704]           [INFO]     | Moving Spider-Man: Into the Spider-Verse (2018) after Joker (2019)                                 |
[2022-11-16 22:16:49,319] [builder.py:2704]           [INFO]     | Moving Logan (2017) after Spider-Man: Into the Spider-Verse (2018)                                 |
[2022-11-16 22:16:49,412] [builder.py:2704]           [INFO]     | Moving Hacksaw Ridge (2016) after Logan (2017)                                                     |
[2022-11-16 22:16:49,497] [builder.py:2704]           [INFO]     | Moving Mad Max: Fury Road (2015) after Hacksaw Ridge (2016)                                        |
[2022-11-16 22:16:49,588] [builder.py:2704]           [INFO]     | Moving Interstellar (2014) after Mad Max: Fury Road (2015)                                         |
[2022-11-16 22:16:49,681] [builder.py:2704]           [INFO]     | Moving Interstellar (2014) after Interstellar (2014)                                               |
[2022-11-16 22:16:49,783] [builder.py:2704]           [INFO]     | Moving The Dark Knight Rises (2012) after Interstellar (2014)                                      |
[2022-11-16 22:16:49,905] [builder.py:2704]           [INFO]     | Moving Harry Potter and the Deathly Hallows: Part 2 (2011) after The Dark Knight Rises (2012)      |
[2022-11-16 22:16:49,994] [builder.py:2704]           [INFO]     | Moving The Dark Knight (2008) after Harry Potter and the Deathly Hallows: Part 2 (2011)            |
[2022-11-16 22:16:50,092] [builder.py:2704]           [INFO]     | Moving Batman Begins (2005) after The Dark Knight (2008)                                           |
[2022-11-16 22:16:50,175] [builder.py:2704]           [INFO]     | Moving The Lord of the Rings: The Return of the King (2003) after Batman Begins (2005)             |
[2022-11-16 22:16:50,273] [builder.py:2704]           [INFO]     | Moving Pirates of the Caribbean: The Curse of the Black Pearl (2003) after The Lord of the Rings: The Return of the King (2003) |
[2022-11-16 22:16:50,360] [builder.py:2704]           [INFO]     | Moving The Lord of the Rings: The Two Towers (2002) after Pirates of the Caribbean: The Curse of the Black Pearl (2003) |
[2022-11-16 22:16:50,454] [builder.py:2704]           [INFO]     | Moving The Lord of the Rings: The Fellowship of the Ring (2001) after The Lord of the Rings: The Two Towers (2002) |
[2022-11-16 22:16:50,549] [builder.py:2704]           [INFO]     | Moving The Matrix (1999) after The Lord of the Rings: The Fellowship of the Ring (2001)            |
[2022-11-16 22:16:50,644] [builder.py:2704]           [INFO]     | Moving Saving Private Ryan (1998) after The Matrix (1999)                                          |
[2022-11-16 22:16:50,752] [builder.py:2704]           [INFO]     | Moving The Big Lebowski (1998) after Saving Private Ryan (1998)                                    |
[2022-11-16 22:16:50,839] [builder.py:2704]           [INFO]     | Moving The Shawshank Redemption (1994) after The Big Lebowski (1998)                               |
[2022-11-16 22:16:50,961] [builder.py:2704]           [INFO]     | Moving Jurassic Park (1993) after The Shawshank Redemption (1994)                                  |
[2022-11-16 22:16:51,061] [builder.py:2704]           [INFO]     | Moving Terminator 2: Judgment Day (1991) after Jurassic Park (1993)                                |
[2022-11-16 22:16:51,143] [builder.py:2704]           [INFO]     | Moving Indiana Jones and the Last Crusade (1989) after Terminator 2: Judgment Day (1991)           |
[2022-11-16 22:16:51,257] [builder.py:2704]           [INFO]     | Moving Die Hard (1988) after Indiana Jones and the Last Crusade (1989)                             |
[2022-11-16 22:16:51,351] [builder.py:2704]           [INFO]     | Moving Full Metal Jacket (1987) after Die Hard (1988)                                              |
[2022-11-16 22:16:51,445] [builder.py:2704]           [INFO]     | Moving Platoon (1986) after Full Metal Jacket (1987)                                               |
[2022-11-16 22:16:51,528] [builder.py:2704]           [INFO]     | Moving Aliens (1986) after Platoon (1986)                                                          |
[2022-11-16 22:16:51,633] [builder.py:2704]           [INFO]     | Moving The Terminator (1984) after Aliens (1986)                                                   |
[2022-11-16 22:16:51,751] [builder.py:2704]           [INFO]     | Moving Star Wars: Episode VI - Return of the Jedi (1983) after The Terminator (1984)               |
[2022-11-16 22:16:51,846] [builder.py:2704]           [INFO]     | Moving Indiana Jones and the Raiders of the Lost Ark (1981) after Star Wars: Episode VI - Return of the Jedi (1983) |
[2022-11-16 22:16:51,945] [builder.py:2704]           [INFO]     | Moving Star Wars: Episode V - The Empire Strikes Back (1980) after Indiana Jones and the Raiders of the Lost Ark (1981) |
[2022-11-16 22:16:52,073] [builder.py:2704]           [INFO]     | Moving Apocalypse Now (1979) after Star Wars: Episode V - The Empire Strikes Back (1980)           |
[2022-11-16 22:16:52,163] [builder.py:2704]           [INFO]     | Moving Alien (1979) after Apocalypse Now (1979)                                                    |
[2022-11-16 22:16:52,276] [builder.py:2704]           [INFO]     | Moving Star Wars: Episode IV - A New Hope (1977) after Alien (1979)                                |
[2022-11-16 22:16:52,375] [builder.py:2704]           [INFO]     | Moving Jaws (1975) after Star Wars: Episode IV - A New Hope (1977)                                 |
[2022-11-16 22:16:52,457] [builder.py:2704]           [INFO]     | Moving The Godfather Part II (1974) after Jaws (1975)                                              |
[2022-11-16 22:16:52,545] [builder.py:2704]           [INFO]     | Moving The Godfather (1972) after The Godfather Part II (1974)                                     |
[2022-11-16 22:16:52,633] [plex_meta_manager.py:736]  [INFO]     |                                                                                                    |
[2022-11-16 22:16:52,633] [plex_meta_manager.py:737]  [INFO]     |====================================================================================================|
[2022-11-16 22:16:52,633] [plex_meta_manager.py:737]  [INFO]     |                                   Finished Top Rated Collection                                    |
[2022-11-16 22:16:52,634] [plex_meta_manager.py:737]  [INFO]     |                                    Collection Run Time: 0:00:17                                    |
[2022-11-16 22:16:52,634] [plex_meta_manager.py:737]  [INFO]     |====================================================================================================|
