[2022-11-16 23:47:36,344] [builder.py:193]            [INFO]     |====================================================================================================|
[2022-11-16 23:47:36,344] [builder.py:193]            [INFO]     |                         Matthew Gentile (Writer) Collection in New Movies                          |
[2022-11-16 23:47:36,344] [builder.py:193]            [INFO]     |====================================================================================================|
[2022-11-16 23:47:36,344] [builder.py:194]            [INFO]     |                                                                                                    |
[2022-11-16 23:47:36,344] [builder.py:199]            [INFO]     |================================ Building Definition From Templates ================================|
[2022-11-16 23:47:36,344] [builder.py:215]            [DEBUG]    |                                                                                                    |
[2022-11-16 23:47:36,344] [meta.py:210]               [DEBUG]    |====================================== Template smart_filter =======================================|
[2022-11-16 23:47:36,345] [meta.py:451]               [DEBUG]    |                                                                                                    |
[2022-11-16 23:47:36,350] [meta.py:210]               [DEBUG]    |======================================= Template translation =======================================|
[2022-11-16 23:47:36,351] [meta.py:451]               [DEBUG]    |                                                                                                    |
[2022-11-16 23:47:36,354] [meta.py:210]               [DEBUG]    |========================================= Template shared ==========================================|
[2022-11-16 23:47:36,355] [meta.py:451]               [DEBUG]    |                                                                                                    |
[2022-11-16 23:47:36,365] [meta.py:512]               [DEBUG]    |                                                                                                    |
[2022-11-16 23:47:36,365] [meta.py:513]               [DEBUG]    |==================================== Final Template Attributes =====================================|
[2022-11-16 23:47:36,365] [meta.py:514]               [DEBUG]    |                                                                                                    |
[2022-11-16 23:47:36,365] [meta.py:515]               [DEBUG]    | {'tmdb_person': ['Matthew Gentile'], 'smart_filter': {'sort_by': 'title.asc', 'any': {'writer': 'tmdb'}}, 'summary': 'Movies written by Matthew Gentile.', 'name': 'Matthew Gentile (Writer)', 'ignore_blank_results': True, 'collection_mode': 'hide', 'sort_title': '!20_Matthew Gentile (Writer)', 'url_poster': 'https://raw.githubusercontent.com/meisnate12/Plex-Meta-Manager-Images/master/people/rainier/Matthew%20Gentile.jpg'} |
[2022-11-16 23:47:36,365] [meta.py:516]               [DEBUG]    |                                                                                                    |
[2022-11-16 23:47:36,365] [builder.py:223]            [INFO]     |========================== Validating Matthew Gentile (Writer) Attributes ==========================|
[2022-11-16 23:47:36,366] [builder.py:226]            [DEBUG]    |                                                                                                    |
[2022-11-16 23:47:36,366] [builder.py:227]            [DEBUG]    | Validating Method: name                                                                            |
[2022-11-16 23:47:36,366] [builder.py:230]            [DEBUG]    | Value: Matthew Gentile (Writer)                                                                    |
[2022-11-16 23:47:36,366] [builder.py:502]            [DEBUG]    |                                                                                                    |
[2022-11-16 23:47:36,366] [builder.py:503]            [DEBUG]    | Validating Method: ignore_blank_results                                                            |
[2022-11-16 23:47:36,366] [builder.py:504]            [DEBUG]    | Value: True                                                                                        |
[2022-11-16 23:47:36,366] [builder.py:528]            [DEBUG]    |                                                                                                    |
[2022-11-16 23:47:36,366] [builder.py:529]            [DEBUG]    | Validating Method: tmdb_person                                                                     |
[2022-11-16 23:47:36,366] [builder.py:533]            [DEBUG]    | Value: ['Matthew Gentile']                                                                         |
[2022-11-16 23:47:36,398] [builder.py:1784]           [INFO]     |                                                                                                    |
[2022-11-16 23:47:36,398] [builder.py:1785]           [INFO]     | Validating Method: smart_filter                                                                    |
[2022-11-16 23:47:36,398] [builder.py:1791]           [DEBUG]    | Value: {'sort_by': 'title.asc', 'any': {'writer': 'tmdb'}}                                         |
[2022-11-16 23:47:36,463] [builder.py:1978]           [DEBUG]    | Smart URL: ?type=1&sort=titleSort&push=1&writer=476070&pop=1                                       |
[2022-11-16 23:47:36,464] [builder.py:646]            [DEBUG]    |                                                                                                    |
[2022-11-16 23:47:36,464] [builder.py:650]            [DEBUG]    | Validating Method: label                                                                           |
[2022-11-16 23:47:36,464] [builder.py:651]            [DEBUG]    | Value: Top Writers                                                                                 |
[2022-11-16 23:47:36,464] [builder.py:646]            [DEBUG]    |                                                                                                    |
[2022-11-16 23:47:36,464] [builder.py:650]            [DEBUG]    | Validating Method: summary                                                                         |
[2022-11-16 23:47:36,464] [builder.py:651]            [DEBUG]    | Value: Movies written by Matthew Gentile.                                                          |
[2022-11-16 23:47:36,464] [builder.py:646]            [DEBUG]    |                                                                                                    |
[2022-11-16 23:47:36,464] [builder.py:650]            [DEBUG]    | Validating Method: collection_mode                                                                 |
[2022-11-16 23:47:36,464] [builder.py:651]            [DEBUG]    | Value: hide                                                                                        |
[2022-11-16 23:47:36,464] [builder.py:646]            [DEBUG]    |                                                                                                    |
[2022-11-16 23:47:36,465] [builder.py:650]            [DEBUG]    | Validating Method: sort_title                                                                      |
[2022-11-16 23:47:36,465] [builder.py:651]            [DEBUG]    | Value: !20_Matthew Gentile (Writer)                                                                |
[2022-11-16 23:47:36,465] [builder.py:646]            [DEBUG]    |                                                                                                    |
[2022-11-16 23:47:36,465] [builder.py:650]            [DEBUG]    | Validating Method: url_poster                                                                      |
[2022-11-16 23:47:36,465] [builder.py:651]            [DEBUG]    | Value: https://raw.githubusercontent.com/meisnate12/Plex-Meta-Manager-Images/master/people/rainier/Matthew%20Gentile.jpg |
[2022-11-16 23:47:36,562] [builder.py:845]            [WARNING]  | Collection Warning: No Poster Found at https://raw.githubusercontent.com/meisnate12/Plex-Meta-Manager-Images/master/people/rainier/Matthew%20Gentile.jpg |
[2022-11-16 23:47:36,566] [plex.py:835]               [DEBUG]    |                                                                                                    |
[2022-11-16 23:47:36,566] [plex.py:838]               [DEBUG]    | Looking for: Matthew Gentile (Writer)                                                              |
[2022-11-16 23:47:36,567] [builder.py:814]            [INFO]     |                                                                                                    |
[2022-11-16 23:47:36,567] [builder.py:815]            [INFO]     | Validation Successful                                                                              |
[2022-11-16 23:47:36,567] [plex_meta_manager.py:594]  [INFO]     |                                                                                                    |
[2022-11-16 23:47:36,567] [plex_meta_manager.py:596]  [INFO]     |=========================== Running Matthew Gentile (Writer) Collection ============================|
[2022-11-16 23:47:36,567] [plex_meta_manager.py:602]  [INFO]     |                                                                                                    |
[2022-11-16 23:47:36,567] [plex_meta_manager.py:603]  [INFO]     | Smart Movie Filter                                                                                 |
                                                                 | Sort By: ['title.asc']
                                                                 | Filter:
                                                                 |   Match any of the following:
                                                                 |     Writer is Matthew Gentile
[2022-11-16 23:47:36,578] [plex_meta_manager.py:652]  [INFO]     | 
[2022-11-16 23:47:36,578] [plex_meta_manager.py:653]  [INFO]     | Collection Minimum: 2 not met for Matthew Gentile (Writer) Collection
[2022-11-16 23:47:36,578] [plex_meta_manager.py:736]  [INFO]     | 
[2022-11-16 23:47:36,579] [plex_meta_manager.py:737]  [INFO]     |====================================================================================================|
[2022-11-16 23:47:36,579] [plex_meta_manager.py:737]  [INFO]     |                            Finished Matthew Gentile (Writer) Collection                            |
[2022-11-16 23:47:36,579] [plex_meta_manager.py:737]  [INFO]     |                                    Collection Run Time: 0:00:00                                    |
[2022-11-16 23:47:36,580] [plex_meta_manager.py:737]  [INFO]     |====================================================================================================|
