[2022-11-17 00:41:10,482] [builder.py:193]            [INFO]     |====================================================================================================|
[2022-11-17 00:41:10,482] [builder.py:193]            [INFO]     |                          Oscars Winners 2018 Collection in Marvel Movies                           |
[2022-11-17 00:41:10,482] [builder.py:193]            [INFO]     |====================================================================================================|
[2022-11-17 00:41:10,483] [builder.py:194]            [INFO]     |                                                                                                    |
[2022-11-17 00:41:10,483] [builder.py:199]            [INFO]     |================================ Building Definition From Templates ================================|
[2022-11-17 00:41:10,483] [builder.py:215]            [DEBUG]    |                                                                                                    |
[2022-11-17 00:41:10,483] [meta.py:210]               [DEBUG]    |================================== Template use_year_collections ===================================|
[2022-11-17 00:41:10,484] [meta.py:451]               [DEBUG]    |                                                                                                    |
[2022-11-17 00:41:10,485] [meta.py:210]               [DEBUG]    |========================================== Template imdb ===========================================|
[2022-11-17 00:41:10,485] [meta.py:451]               [DEBUG]    |                                                                                                    |
[2022-11-17 00:41:10,487] [meta.py:210]               [DEBUG]    |======================================= Template translation =======================================|
[2022-11-17 00:41:10,488] [meta.py:451]               [DEBUG]    |                                                                                                    |
[2022-11-17 00:41:10,492] [meta.py:210]               [DEBUG]    |========================================= Template shared ==========================================|
[2022-11-17 00:41:10,493] [meta.py:451]               [DEBUG]    |                                                                                                    |
[2022-11-17 00:41:10,510] [meta.py:210]               [DEBUG]    |=========================================== Template arr ===========================================|
[2022-11-17 00:41:10,512] [meta.py:451]               [DEBUG]    |                                                                                                    |
[2022-11-17 00:41:10,518] [meta.py:210]               [DEBUG]    |========================================= Template custom ==========================================|
[2022-11-17 00:41:10,519] [meta.py:451]               [DEBUG]    |                                                                                                    |
[2022-11-17 00:41:10,522] [meta.py:512]               [DEBUG]    |                                                                                                    |
[2022-11-17 00:41:10,522] [meta.py:513]               [DEBUG]    |==================================== Final Template Attributes =====================================|
[2022-11-17 00:41:10,522] [meta.py:514]               [DEBUG]    |                                                                                                    |
[2022-11-17 00:41:10,522] [meta.py:515]               [DEBUG]    | {'imdb_list': 'https://www.imdb.com/search/title/?release_date=2018-01-01,2018-12-31&groups=oscar_winner&sort=moviemeter,asc', 'summary': 'Academy Awards (Oscars) Winners for 2018.', 'name': 'Oscars Winners 2018', 'allowed_library_types': ['movie'], 'ignore_blank_results': True, 'collection_mode': 'hide', 'sort_title': '!16_Oscars Winners 2018', 'url_poster': 'https://raw.githubusercontent.com/meisnate12/Plex-Meta-Manager-Images/master/award/oscars/winner/2018.jpg', 'collection_order': 'custom', 'sync_mode': 'sync', 'cache_builders': 1} |
[2022-11-17 00:41:10,522] [meta.py:516]               [DEBUG]    |                                                                                                    |
[2022-11-17 00:41:10,523] [builder.py:223]            [INFO]     |============================ Validating Oscars Winners 2018 Attributes =============================|
[2022-11-17 00:41:10,523] [builder.py:226]            [DEBUG]    |                                                                                                    |
[2022-11-17 00:41:10,523] [builder.py:227]            [DEBUG]    | Validating Method: name                                                                            |
[2022-11-17 00:41:10,523] [builder.py:230]            [DEBUG]    | Value: Oscars Winners 2018                                                                         |
[2022-11-17 00:41:10,523] [builder.py:236]            [DEBUG]    |                                                                                                    |
[2022-11-17 00:41:10,523] [builder.py:237]            [DEBUG]    | Validating Method: allowed_library_types                                                           |
[2022-11-17 00:41:10,523] [builder.py:240]            [DEBUG]    | Value: ['movie']                                                                                   |
[2022-11-17 00:41:10,523] [builder.py:502]            [DEBUG]    |                                                                                                    |
[2022-11-17 00:41:10,523] [builder.py:503]            [DEBUG]    | Validating Method: ignore_blank_results                                                            |
[2022-11-17 00:41:10,523] [builder.py:504]            [DEBUG]    | Value: True                                                                                        |
[2022-11-17 00:41:10,524] [builder.py:516]            [DEBUG]    |                                                                                                    |
[2022-11-17 00:41:10,524] [builder.py:517]            [DEBUG]    | Validating Method: sync_mode                                                                       |
[2022-11-17 00:41:10,524] [builder.py:521]            [DEBUG]    | Value: sync                                                                                        |
[2022-11-17 00:41:10,524] [builder.py:613]            [DEBUG]    |                                                                                                    |
[2022-11-17 00:41:10,524] [builder.py:614]            [DEBUG]    | Validating Method: collection_order                                                                |
[2022-11-17 00:41:10,524] [builder.py:615]            [DEBUG]    | Value: custom                                                                                      |
[2022-11-17 00:41:10,524] [builder.py:646]            [DEBUG]    |                                                                                                    |
[2022-11-17 00:41:10,524] [builder.py:650]            [DEBUG]    | Validating Method: label                                                                           |
[2022-11-17 00:41:10,524] [builder.py:651]            [DEBUG]    | Value: Oscars Winners Awards                                                                       |
[2022-11-17 00:41:10,524] [builder.py:646]            [DEBUG]    |                                                                                                    |
[2022-11-17 00:41:10,525] [builder.py:650]            [DEBUG]    | Validating Method: imdb_list                                                                       |
[2022-11-17 00:41:10,525] [builder.py:651]            [DEBUG]    | Value: https://www.imdb.com/search/title/?release_date=2018-01-01,2018-12-31&groups=oscar_winner&sort=moviemeter,asc |
[2022-11-17 00:41:10,731] [builder.py:646]            [DEBUG]    |                                                                                                    |
[2022-11-17 00:41:10,733] [builder.py:650]            [DEBUG]    | Validating Method: summary                                                                         |
[2022-11-17 00:41:10,733] [builder.py:651]            [DEBUG]    | Value: Academy Awards (Oscars) Winners for 2018.                                                   |
[2022-11-17 00:41:10,733] [builder.py:646]            [DEBUG]    |                                                                                                    |
[2022-11-17 00:41:10,733] [builder.py:650]            [DEBUG]    | Validating Method: collection_mode                                                                 |
[2022-11-17 00:41:10,733] [builder.py:651]            [DEBUG]    | Value: hide                                                                                        |
[2022-11-17 00:41:10,733] [builder.py:646]            [DEBUG]    |                                                                                                    |
[2022-11-17 00:41:10,733] [builder.py:650]            [DEBUG]    | Validating Method: sort_title                                                                      |
[2022-11-17 00:41:10,733] [builder.py:651]            [DEBUG]    | Value: !16_Oscars Winners 2018                                                                     |
[2022-11-17 00:41:10,733] [builder.py:646]            [DEBUG]    |                                                                                                    |
[2022-11-17 00:41:10,734] [builder.py:650]            [DEBUG]    | Validating Method: url_poster                                                                      |
[2022-11-17 00:41:10,734] [builder.py:651]            [DEBUG]    | Value: https://raw.githubusercontent.com/meisnate12/Plex-Meta-Manager-Images/master/award/oscars/winner/2018.jpg |
[2022-11-17 00:41:10,756] [builder.py:646]            [DEBUG]    |                                                                                                    |
[2022-11-17 00:41:10,756] [builder.py:650]            [DEBUG]    | Validating Method: cache_builders                                                                  |
[2022-11-17 00:41:10,756] [builder.py:651]            [DEBUG]    | Value: 1                                                                                           |
[2022-11-17 00:41:10,760] [plex.py:835]               [DEBUG]    |                                                                                                    |
[2022-11-17 00:41:10,761] [plex.py:838]               [DEBUG]    | Looking for: Oscars Winners 2018                                                                   |
[2022-11-17 00:41:10,761] [builder.py:814]            [INFO]     |                                                                                                    |
[2022-11-17 00:41:10,761] [builder.py:815]            [INFO]     | Validation Successful                                                                              |
[2022-11-17 00:41:10,761] [plex_meta_manager.py:594]  [INFO]     |                                                                                                    |
[2022-11-17 00:41:10,761] [plex_meta_manager.py:596]  [INFO]     |============================== Running Oscars Winners 2018 Collection ==============================|
[2022-11-17 00:41:10,761] [plex_meta_manager.py:608]  [INFO]     |                                                                                                    |
[2022-11-17 00:41:10,761] [plex_meta_manager.py:609]  [INFO]     | Sync Mode: sync                                                                                    |
[2022-11-17 00:41:10,761] [plex_meta_manager.py:612]  [DEBUG]    |                                                                                                    |
[2022-11-17 00:41:10,762] [plex_meta_manager.py:613]  [DEBUG]    | Builder: imdb_list: {'url': 'https://www.imdb.com/search/title/?release_date=2018-01-01,2018-12-31&groups=oscar_winner&sort=moviemeter,asc', 'limit': 0} |
[2022-11-17 00:41:10,762] [plex_meta_manager.py:614]  [INFO]     |                                                                                                    |
[2022-11-17 00:41:10,763] [builder.py:1523]           [INFO]     | Builder: imdb_list loaded from Cache                                                               |
[2022-11-17 00:41:10,764] [builder.py:1574]           [DEBUG]    |                                                                                                    |
[2022-11-17 00:41:10,764] [builder.py:1575]           [DEBUG]    | 15 IDs Found                                                                                       |
[2022-11-17 00:41:10,765] [builder.py:1577]           [DEBUG]    |                                                                                                    |
[2022-11-17 00:41:10,773] [builder.py:2306]           [INFO]     |                                                                                                    |
[2022-11-17 00:41:10,774] [builder.py:2307]           [INFO]     |============================ Missing Movies from Library: Marvel Movies ============================|
[2022-11-17 00:41:10,774] [builder.py:2308]           [INFO]     |                                                                                                    |
[2022-11-17 00:41:10,786] [builder.py:2321]           [INFO]     | Oscars Winners 2018 Collection | ? | The Favourite (2018) (TMDb: 375262)                           |
[2022-11-17 00:41:10,796] [builder.py:2321]           [INFO]     | Oscars Winners 2018 Collection | ? | Spider-Man: Into the Spider-Verse (2018) (TMDb: 324857)       |
[2022-11-17 00:41:10,806] [builder.py:2321]           [INFO]     | Oscars Winners 2018 Collection | ? | Green Book (2018) (TMDb: 490132)                              |
[2022-11-17 00:41:10,819] [builder.py:2321]           [INFO]     | Oscars Winners 2018 Collection | ? | Bohemian Rhapsody (2018) (TMDb: 424694)                       |
[2022-11-17 00:41:10,829] [builder.py:2321]           [INFO]     | Oscars Winners 2018 Collection | ? | A Star Is Born (2018) (TMDb: 332562)                          |
[2022-11-17 00:41:10,838] [builder.py:2321]           [INFO]     | Oscars Winners 2018 Collection | ? | Vice (2018) (TMDb: 429197)                                    |
[2022-11-17 00:41:10,849] [builder.py:2321]           [INFO]     | Oscars Winners 2018 Collection | ? | BlacKkKlansman (2018) (TMDb: 487558)                          |
[2022-11-17 00:41:10,864] [builder.py:2321]           [INFO]     | Oscars Winners 2018 Collection | ? | First Man (2018) (TMDb: 369972)                               |
[2022-11-17 00:41:10,874] [builder.py:2321]           [INFO]     | Oscars Winners 2018 Collection | ? | If Beale Street Could Talk (2018) (TMDb: 465914)              |
[2022-11-17 00:41:10,883] [builder.py:2321]           [INFO]     | Oscars Winners 2018 Collection | ? | Roma (2018) (TMDb: 426426)                                    |
[2022-11-17 00:41:10,894] [builder.py:2321]           [INFO]     | Oscars Winners 2018 Collection | ? | Free Solo (2018) (TMDb: 515042)                               |
[2022-11-17 00:41:10,906] [builder.py:2321]           [INFO]     | Oscars Winners 2018 Collection | ? | Bao (2018) (TMDb: 514754)                                     |
[2022-11-17 00:41:10,918] [builder.py:2321]           [INFO]     | Oscars Winners 2018 Collection | ? | Skin (2018) (TMDb: 569485)                                    |
[2022-11-17 00:41:10,930] [builder.py:2321]           [INFO]     | Oscars Winners 2018 Collection | ? | Period. End of Sentence. (2018) (TMDb: 524288)                |
[2022-11-17 00:41:10,930] [builder.py:2326]           [INFO]     |                                                                                                    |
[2022-11-17 00:41:10,930] [builder.py:2327]           [INFO]     | 14 Movies Missing                                                                                  |
[2022-11-17 00:41:14,201] [plex_meta_manager.py:652]  [INFO]     |                                                                                                    |
[2022-11-17 00:41:14,201] [plex_meta_manager.py:653]  [INFO]     | Collection Minimum: 2 not met for Oscars Winners 2018 Collection                                   |
[2022-11-17 00:41:14,202] [plex_meta_manager.py:736]  [INFO]     |                                                                                                    |
[2022-11-17 00:41:14,202] [plex_meta_manager.py:737]  [INFO]     |====================================================================================================|
[2022-11-17 00:41:14,202] [plex_meta_manager.py:737]  [INFO]     |                              Finished Oscars Winners 2018 Collection                               |
[2022-11-17 00:41:14,202] [plex_meta_manager.py:737]  [INFO]     |                                    Collection Run Time: 0:00:03                                    |
[2022-11-17 00:41:14,202] [plex_meta_manager.py:737]  [INFO]     |====================================================================================================|
