[2022-11-17 00:43:11,286] [builder.py:193]            [INFO]     |====================================================================================================|
[2022-11-17 00:43:11,286] [builder.py:193]            [INFO]     |                         Jon Favreau (Director) Collection in Marvel Movies                         |
[2022-11-17 00:43:11,286] [builder.py:193]            [INFO]     |====================================================================================================|
[2022-11-17 00:43:11,286] [builder.py:194]            [INFO]     |                                                                                                    |
[2022-11-17 00:43:11,286] [builder.py:199]            [INFO]     |================================ Building Definition From Templates ================================|
[2022-11-17 00:43:11,286] [builder.py:215]            [DEBUG]    |                                                                                                    |
[2022-11-17 00:43:11,286] [meta.py:210]               [DEBUG]    |====================================== Template smart_filter =======================================|
[2022-11-17 00:43:11,287] [meta.py:451]               [DEBUG]    |                                                                                                    |
[2022-11-17 00:43:11,292] [meta.py:210]               [DEBUG]    |======================================= Template translation =======================================|
[2022-11-17 00:43:11,293] [meta.py:451]               [DEBUG]    |                                                                                                    |
[2022-11-17 00:43:11,296] [meta.py:210]               [DEBUG]    |========================================= Template shared ==========================================|
[2022-11-17 00:43:11,297] [meta.py:451]               [DEBUG]    |                                                                                                    |
[2022-11-17 00:43:11,310] [meta.py:512]               [DEBUG]    |                                                                                                    |
[2022-11-17 00:43:11,310] [meta.py:513]               [DEBUG]    |==================================== Final Template Attributes =====================================|
[2022-11-17 00:43:11,310] [meta.py:514]               [DEBUG]    |                                                                                                    |
[2022-11-17 00:43:11,310] [meta.py:515]               [DEBUG]    | {'tmdb_person': ['Jon Favreau'], 'smart_filter': {'sort_by': 'title.asc', 'any': {'director': 'tmdb'}}, 'summary': 'Movies directed by Jon Favreau.', 'name': 'Jon Favreau (Director)', 'ignore_blank_results': True, 'collection_mode': 'hide', 'sort_title': '!18_Jon Favreau (Director)', 'url_poster': 'https://raw.githubusercontent.com/meisnate12/Plex-Meta-Manager-Images/master/people/rainier/Jon%20Favreau.jpg'} |
[2022-11-17 00:43:11,310] [meta.py:516]               [DEBUG]    |                                                                                                    |
[2022-11-17 00:43:11,310] [builder.py:223]            [INFO]     |=========================== Validating Jon Favreau (Director) Attributes ===========================|
[2022-11-17 00:43:11,310] [builder.py:226]            [DEBUG]    |                                                                                                    |
[2022-11-17 00:43:11,311] [builder.py:227]            [DEBUG]    | Validating Method: name                                                                            |
[2022-11-17 00:43:11,311] [builder.py:230]            [DEBUG]    | Value: Jon Favreau (Director)                                                                      |
[2022-11-17 00:43:11,311] [builder.py:502]            [DEBUG]    |                                                                                                    |
[2022-11-17 00:43:11,311] [builder.py:503]            [DEBUG]    | Validating Method: ignore_blank_results                                                            |
[2022-11-17 00:43:11,311] [builder.py:504]            [DEBUG]    | Value: True                                                                                        |
[2022-11-17 00:43:11,311] [builder.py:528]            [DEBUG]    |                                                                                                    |
[2022-11-17 00:43:11,311] [builder.py:529]            [DEBUG]    | Validating Method: tmdb_person                                                                     |
[2022-11-17 00:43:11,311] [builder.py:533]            [DEBUG]    | Value: ['Jon Favreau']                                                                             |
[2022-11-17 00:43:11,369] [builder.py:1784]           [INFO]     |                                                                                                    |
[2022-11-17 00:43:11,369] [builder.py:1785]           [INFO]     | Validating Method: smart_filter                                                                    |
[2022-11-17 00:43:11,369] [builder.py:1791]           [DEBUG]    | Value: {'sort_by': 'title.asc', 'any': {'director': 'tmdb'}}                                       |
[2022-11-17 00:43:11,407] [builder.py:1978]           [DEBUG]    | Smart URL: ?type=1&sort=titleSort&push=1&director=7595&pop=1                                       |
[2022-11-17 00:43:11,408] [builder.py:646]            [DEBUG]    |                                                                                                    |
[2022-11-17 00:43:11,408] [builder.py:650]            [DEBUG]    | Validating Method: label                                                                           |
[2022-11-17 00:43:11,408] [builder.py:651]            [DEBUG]    | Value: Top Directors                                                                               |
[2022-11-17 00:43:11,408] [builder.py:646]            [DEBUG]    |                                                                                                    |
[2022-11-17 00:43:11,408] [builder.py:650]            [DEBUG]    | Validating Method: summary                                                                         |
[2022-11-17 00:43:11,408] [builder.py:651]            [DEBUG]    | Value: Movies directed by Jon Favreau.                                                             |
[2022-11-17 00:43:11,408] [builder.py:646]            [DEBUG]    |                                                                                                    |
[2022-11-17 00:43:11,408] [builder.py:650]            [DEBUG]    | Validating Method: collection_mode                                                                 |
[2022-11-17 00:43:11,408] [builder.py:651]            [DEBUG]    | Value: hide                                                                                        |
[2022-11-17 00:43:11,408] [builder.py:646]            [DEBUG]    |                                                                                                    |
[2022-11-17 00:43:11,409] [builder.py:650]            [DEBUG]    | Validating Method: sort_title                                                                      |
[2022-11-17 00:43:11,409] [builder.py:651]            [DEBUG]    | Value: !18_Jon Favreau (Director)                                                                  |
[2022-11-17 00:43:11,409] [builder.py:646]            [DEBUG]    |                                                                                                    |
[2022-11-17 00:43:11,409] [builder.py:650]            [DEBUG]    | Validating Method: url_poster                                                                      |
[2022-11-17 00:43:11,409] [builder.py:651]            [DEBUG]    | Value: https://raw.githubusercontent.com/meisnate12/Plex-Meta-Manager-Images/master/people/rainier/Jon%20Favreau.jpg |
[2022-11-17 00:43:11,436] [plex.py:835]               [DEBUG]    |                                                                                                    |
[2022-11-17 00:43:11,436] [plex.py:838]               [DEBUG]    | Looking for: Jon Favreau (Director)                                                                |
[2022-11-17 00:43:11,436] [builder.py:814]            [INFO]     |                                                                                                    |
[2022-11-17 00:43:11,436] [builder.py:815]            [INFO]     | Validation Successful                                                                              |
[2022-11-17 00:43:11,437] [plex_meta_manager.py:594]  [INFO]     |                                                                                                    |
[2022-11-17 00:43:11,437] [plex_meta_manager.py:596]  [INFO]     |============================ Running Jon Favreau (Director) Collection =============================|
[2022-11-17 00:43:11,437] [plex_meta_manager.py:602]  [INFO]     |                                                                                                    |
[2022-11-17 00:43:11,437] [plex_meta_manager.py:603]  [INFO]     | Smart Movie Filter                                                                                 |
                                                                 | Sort By: ['title.asc']
                                                                 | Filter:
                                                                 |   Match any of the following:
                                                                 |     Director is Jon Favreau
[2022-11-17 00:43:11,482] [builder.py:2509]           [DEBUG]    | Smart Collection Created: ?type=1&sort=titleSort&push=1&director=7595&pop=1
[2022-11-17 00:43:11,488] [builder.py:2527]           [INFO]     | 
[2022-11-17 00:43:11,488] [builder.py:2528]           [INFO]     |====================== Updating Details of Jon Favreau (Director) Collection =======================|
[2022-11-17 00:43:11,488] [builder.py:2529]           [INFO]     |                                                                                                    |
[2022-11-17 00:43:11,495] [builder.py:2595]           [INFO]     | Collection Metadata Edits                                                                          |
                                                                 | Summary (summary) | Movies directed by Jon Favreau.
                                                                 | Sort Title | !18_Jon Favreau (Director)
                                                                 | Label | +Top Directors, +PMM
[2022-11-17 00:43:13,135] [builder.py:2599]           [INFO]     | Details: have been updated
[2022-11-17 00:43:13,135] [builder.py:2603]           [INFO]     | 
[2022-11-17 00:43:14,772] [builder.py:2615]           [INFO]     | Collection Mode | hide
[2022-11-17 00:43:14,776] [plex.py:1203]              [WARNING]  | Asset Warning: Asset Directory Not Found and Created: config/Marvel_Movies/Assets/Jon Favreau (Director)
[2022-11-17 00:43:14,776] [util.py:174]               [DEBUG]    | 2 posters found:
[2022-11-17 00:43:14,776] [util.py:176]               [DEBUG]    | Method: tmdb_person Poster: https://image.tmdb.org/t/p/original/8MtRRnEHaBSw8Ztdl8saXiw1egP.jpg
[2022-11-17 00:43:14,776] [util.py:176]               [DEBUG]    | Method: url_poster Poster: https://raw.githubusercontent.com/meisnate12/Plex-Meta-Manager-Images/master/people/rainier/Jon%20Favreau.jpg
[2022-11-17 00:43:15,007] [library.py:178]            [INFO]     | Detail: asset_directory updated Jon Favreau (Director)'s poster to [File] config/Marvel_Movies/Assets/Jon Favreau (Director)/poster.jpg
[2022-11-17 00:43:15,026] [plex_meta_manager.py:736]  [INFO]     | 
[2022-11-17 00:43:15,026] [plex_meta_manager.py:737]  [INFO]     |====================================================================================================|
[2022-11-17 00:43:15,026] [plex_meta_manager.py:737]  [INFO]     |                             Finished Jon Favreau (Director) Collection                             |
[2022-11-17 00:43:15,026] [plex_meta_manager.py:737]  [INFO]     |                                    Collection Run Time: 0:00:03                                    |
[2022-11-17 00:43:15,026] [plex_meta_manager.py:737]  [INFO]     |====================================================================================================|
