[2022-11-17 02:27:23,565] [builder.py:193]            [INFO]     |====================================================================================================|
[2022-11-17 02:27:23,566] [builder.py:193]            [INFO]     |                                 Emmys 2003 Collection in TV Shows                                  |
[2022-11-17 02:27:23,568] [builder.py:193]            [INFO]     |====================================================================================================|
[2022-11-17 02:27:23,568] [builder.py:194]            [INFO]     |                                                                                                    |
[2022-11-17 02:27:23,569] [builder.py:199]            [INFO]     |================================ Building Definition From Templates ================================|
[2022-11-17 02:27:23,570] [builder.py:215]            [DEBUG]    |                                                                                                    |
[2022-11-17 02:27:23,571] [meta.py:210]               [DEBUG]    |================================== Template use_year_collections ===================================|
[2022-11-17 02:27:23,574] [meta.py:451]               [DEBUG]    |                                                                                                    |
[2022-11-17 02:27:23,576] [meta.py:210]               [DEBUG]    |========================================== Template imdb ===========================================|
[2022-11-17 02:27:23,578] [meta.py:451]               [DEBUG]    |                                                                                                    |
[2022-11-17 02:27:23,583] [meta.py:210]               [DEBUG]    |========================================= Template shared ==========================================|
[2022-11-17 02:27:23,586] [meta.py:451]               [DEBUG]    |                                                                                                    |
[2022-11-17 02:27:23,607] [meta.py:210]               [DEBUG]    |=========================================== Template arr ===========================================|
[2022-11-17 02:27:23,609] [meta.py:451]               [DEBUG]    |                                                                                                    |
[2022-11-17 02:27:23,619] [meta.py:210]               [DEBUG]    |========================================= Template custom ==========================================|
[2022-11-17 02:27:23,621] [meta.py:451]               [DEBUG]    |                                                                                                    |
[2022-11-17 02:27:23,627] [meta.py:512]               [DEBUG]    |                                                                                                    |
[2022-11-17 02:27:23,628] [meta.py:513]               [DEBUG]    |==================================== Final Template Attributes =====================================|
[2022-11-17 02:27:23,628] [meta.py:514]               [DEBUG]    |                                                                                                    |
[2022-11-17 02:27:23,629] [meta.py:515]               [DEBUG]    | {'imdb_list': 'https://www.imdb.com/search/title/?release_date=2003-01-01,2003-12-31&groups=emmy_winner&sort=moviemeter,asc', 'ignore_blank_results': True, 'collection_mode': 'hide', 'sort_title': '!16_Emmys 2003', 'url_poster': 'https://raw.githubusercontent.com/meisnate12/Plex-Meta-Manager-Images/master/award/emmys/winner/2003.jpg', 'collection_order': 'custom', 'sync_mode': 'sync', 'cache_builders': 1} |
[2022-11-17 02:27:23,629] [meta.py:516]               [DEBUG]    |                                                                                                    |
[2022-11-17 02:27:23,630] [builder.py:223]            [INFO]     |================================= Validating Emmys 2003 Attributes =================================|
[2022-11-17 02:27:23,631] [builder.py:502]            [DEBUG]    |                                                                                                    |
[2022-11-17 02:27:23,631] [builder.py:503]            [DEBUG]    | Validating Method: ignore_blank_results                                                            |
[2022-11-17 02:27:23,632] [builder.py:504]            [DEBUG]    | Value: True                                                                                        |
[2022-11-17 02:27:23,633] [builder.py:516]            [DEBUG]    |                                                                                                    |
[2022-11-17 02:27:23,633] [builder.py:517]            [DEBUG]    | Validating Method: sync_mode                                                                       |
[2022-11-17 02:27:23,634] [builder.py:521]            [DEBUG]    | Value: sync                                                                                        |
[2022-11-17 02:27:23,635] [builder.py:613]            [DEBUG]    |                                                                                                    |
[2022-11-17 02:27:23,636] [builder.py:614]            [DEBUG]    | Validating Method: collection_order                                                                |
[2022-11-17 02:27:23,638] [builder.py:615]            [DEBUG]    | Value: custom                                                                                      |
[2022-11-17 02:27:23,639] [builder.py:646]            [DEBUG]    |                                                                                                    |
[2022-11-17 02:27:23,639] [builder.py:650]            [DEBUG]    | Validating Method: label                                                                           |
[2022-11-17 02:27:23,640] [builder.py:651]            [DEBUG]    | Value: Emmy Awards                                                                                 |
[2022-11-17 02:27:23,641] [builder.py:646]            [DEBUG]    |                                                                                                    |
[2022-11-17 02:27:23,641] [builder.py:650]            [DEBUG]    | Validating Method: imdb_list                                                                       |
[2022-11-17 02:27:23,642] [builder.py:651]            [DEBUG]    | Value: https://www.imdb.com/search/title/?release_date=2003-01-01,2003-12-31&groups=emmy_winner&sort=moviemeter,asc |
[2022-11-17 02:27:24,297] [builder.py:646]            [DEBUG]    |                                                                                                    |
[2022-11-17 02:27:24,298] [builder.py:650]            [DEBUG]    | Validating Method: collection_mode                                                                 |
[2022-11-17 02:27:24,298] [builder.py:651]            [DEBUG]    | Value: hide                                                                                        |
[2022-11-17 02:27:24,299] [builder.py:646]            [DEBUG]    |                                                                                                    |
[2022-11-17 02:27:24,299] [builder.py:650]            [DEBUG]    | Validating Method: sort_title                                                                      |
[2022-11-17 02:27:24,299] [builder.py:651]            [DEBUG]    | Value: !16_Emmys 2003                                                                              |
[2022-11-17 02:27:24,300] [builder.py:646]            [DEBUG]    |                                                                                                    |
[2022-11-17 02:27:24,300] [builder.py:650]            [DEBUG]    | Validating Method: url_poster                                                                      |
[2022-11-17 02:27:24,300] [builder.py:651]            [DEBUG]    | Value: https://raw.githubusercontent.com/meisnate12/Plex-Meta-Manager-Images/master/award/emmys/winner/2003.jpg |
[2022-11-17 02:27:24,449] [builder.py:646]            [DEBUG]    |                                                                                                    |
[2022-11-17 02:27:24,450] [builder.py:650]            [DEBUG]    | Validating Method: cache_builders                                                                  |
[2022-11-17 02:27:24,450] [builder.py:651]            [DEBUG]    | Value: 1                                                                                           |
[2022-11-17 02:27:24,455] [plex.py:835]               [DEBUG]    |                                                                                                    |
[2022-11-17 02:27:24,456] [plex.py:838]               [DEBUG]    | Looking for: Emmys 2003                                                                            |
[2022-11-17 02:27:24,457] [builder.py:814]            [INFO]     |                                                                                                    |
[2022-11-17 02:27:24,457] [builder.py:815]            [INFO]     | Validation Successful                                                                              |
[2022-11-17 02:27:24,458] [plex_meta_manager.py:594]  [INFO]     |                                                                                                    |
[2022-11-17 02:27:24,459] [plex_meta_manager.py:596]  [INFO]     |================================== Running Emmys 2003 Collection ===================================|
[2022-11-17 02:27:24,459] [plex_meta_manager.py:608]  [INFO]     |                                                                                                    |
[2022-11-17 02:27:24,460] [plex_meta_manager.py:609]  [INFO]     | Sync Mode: sync                                                                                    |
[2022-11-17 02:27:24,461] [plex_meta_manager.py:612]  [DEBUG]    |                                                                                                    |
[2022-11-17 02:27:24,462] [plex_meta_manager.py:613]  [DEBUG]    | Builder: imdb_list: {'url': 'https://www.imdb.com/search/title/?release_date=2003-01-01,2003-12-31&groups=emmy_winner&sort=moviemeter,asc', 'limit': 0} |
[2022-11-17 02:27:24,462] [plex_meta_manager.py:614]  [INFO]     |                                                                                                    |
[2022-11-17 02:27:24,464] [imdb.py:202]               [INFO]     | Processing IMDb List: https://www.imdb.com/search/title/?release_date=2003-01-01,2003-12-31&groups=emmy_winner&sort=moviemeter,asc |
[2022-11-17 02:27:27,050] [builder.py:1574]           [DEBUG]    |                                                                                                    |
[2022-11-17 02:27:27,050] [builder.py:1575]           [DEBUG]    | 31 IDs Found                                                                                       |
[2022-11-17 02:27:27,051] [builder.py:1577]           [DEBUG]    |                                                                                                    |
[2022-11-17 02:27:27,581] [builder.py:1637]           [WARNING]  | Convert Error: No TVDb ID Found for TMDb ID: 48913                                                 |
[2022-11-17 02:27:27,612] [builder.py:1637]           [WARNING]  | Convert Error: No TMDb ID Found for IMDb ID: tt0357405                                             |
[2022-11-17 02:27:27,636] [builder.py:1637]           [WARNING]  | Convert Error: No TMDb ID Found for IMDb ID: tt0874322                                             |
[2022-11-17 02:27:27,687] [plex_meta_manager.py:711]  [WARNING]  | Collection Warning: No items found                                                                 |
[2022-11-17 02:27:27,687] [plex_meta_manager.py:736]  [INFO]     |                                                                                                    |
[2022-11-17 02:27:27,688] [plex_meta_manager.py:737]  [INFO]     |====================================================================================================|
[2022-11-17 02:27:27,688] [plex_meta_manager.py:737]  [INFO]     |                                   Finished Emmys 2003 Collection                                   |
[2022-11-17 02:27:27,688] [plex_meta_manager.py:737]  [INFO]     |                                    Collection Run Time: 0:00:04                                    |
[2022-11-17 02:27:27,689] [plex_meta_manager.py:737]  [INFO]     |====================================================================================================|
