[2022-11-16 20:10:25,205] [builder.py:193]            [INFO]     |====================================================================================================|
[2022-11-16 20:10:25,206] [builder.py:193]            [INFO]     |                               80's Movies Collection in Kids Movies                                |
[2022-11-16 20:10:25,207] [builder.py:193]            [INFO]     |====================================================================================================|
[2022-11-16 20:10:25,207] [builder.py:194]            [INFO]     |                                                                                                    |
[2022-11-16 20:10:25,208] [builder.py:199]            [INFO]     |================================ Building Definition From Templates ================================|
[2022-11-16 20:10:25,209] [builder.py:215]            [DEBUG]    |                                                                                                    |
[2022-11-16 20:10:25,209] [meta.py:210]               [DEBUG]    |========================================= Template Decade ==========================================|
[2022-11-16 20:10:25,210] [meta.py:451]               [DEBUG]    |                                                                                                    |
[2022-11-16 20:10:25,215] [meta.py:512]               [DEBUG]    |                                                                                                    |
[2022-11-16 20:10:25,216] [meta.py:513]               [DEBUG]    |==================================== Final Template Attributes =====================================|
[2022-11-16 20:10:25,217] [meta.py:514]               [DEBUG]    |                                                                                                    |
[2022-11-16 20:10:25,218] [meta.py:515]               [DEBUG]    | {'plex_search': {'decade': 1980}, 'url_poster': 'https://theposterdb.com/api/assets/105333', 'sort_title': "+++_80's Movies", 'collection_order': 'alpha'} |
[2022-11-16 20:10:25,219] [meta.py:516]               [DEBUG]    |                                                                                                    |
[2022-11-16 20:10:25,220] [builder.py:223]            [INFO]     |================================ Validating 80's Movies Attributes =================================|
[2022-11-16 20:10:25,220] [builder.py:613]            [DEBUG]    |                                                                                                    |
[2022-11-16 20:10:25,221] [builder.py:614]            [DEBUG]    | Validating Method: collection_order                                                                |
[2022-11-16 20:10:25,221] [builder.py:615]            [DEBUG]    | Value: alpha                                                                                       |
[2022-11-16 20:10:25,222] [builder.py:646]            [DEBUG]    |                                                                                                    |
[2022-11-16 20:10:25,223] [builder.py:650]            [DEBUG]    | Validating Method: plex_search                                                                     |
[2022-11-16 20:10:25,223] [builder.py:651]            [DEBUG]    | Value: {'decade': 1980}                                                                            |
[2022-11-16 20:10:25,224] [builder.py:646]            [DEBUG]    |                                                                                                    |
[2022-11-16 20:10:25,224] [builder.py:650]            [DEBUG]    | Validating Method: url_poster                                                                      |
[2022-11-16 20:10:25,224] [builder.py:651]            [DEBUG]    | Value: https://theposterdb.com/api/assets/105333                                                   |
[2022-11-16 20:10:26,361] [builder.py:646]            [DEBUG]    |                                                                                                    |
[2022-11-16 20:10:26,361] [builder.py:650]            [DEBUG]    | Validating Method: sort_title                                                                      |
[2022-11-16 20:10:26,361] [builder.py:651]            [DEBUG]    | Value: +++_80's Movies                                                                             |
[2022-11-16 20:10:26,671] [builder.py:814]            [INFO]     |                                                                                                    |
[2022-11-16 20:10:26,671] [builder.py:815]            [INFO]     | Validation Successful                                                                              |
[2022-11-16 20:10:26,671] [plex_meta_manager.py:594]  [INFO]     |                                                                                                    |
[2022-11-16 20:10:26,671] [plex_meta_manager.py:596]  [INFO]     |================================== Running 80's Movies Collection ==================================|
[2022-11-16 20:10:26,672] [plex_meta_manager.py:608]  [INFO]     |                                                                                                    |
[2022-11-16 20:10:26,672] [plex_meta_manager.py:609]  [INFO]     | Sync Mode: append                                                                                  |
[2022-11-16 20:10:26,672] [plex_meta_manager.py:612]  [DEBUG]    |                                                                                                    |
[2022-11-16 20:10:26,672] [plex_meta_manager.py:613]  [DEBUG]    | Builder: plex_search: (1, "Plex Movie Search\nSort By: ['title.asc']\nFilter:\n  Match all of the following:\n    Match any of the following:\n      Decade is 1980", '?type=1&sort=titleSort&push=1&decade=1980&pop=1') |
[2022-11-16 20:10:26,672] [plex_meta_manager.py:614]  [INFO]     |                                                                                                    |
[2022-11-16 20:10:26,672] [plex.py:924]               [INFO]     | Processing Plex Movie Search                                                                       |
                                                                 | Sort By: ['title.asc']
                                                                 | Filter:
                                                                 |   Match all of the following:
                                                                 |     Match any of the following:
                                                                 |       Decade is 1980
[2022-11-16 20:10:26,848] [builder.py:1574]           [DEBUG]    | 
[2022-11-16 20:10:26,848] [builder.py:1575]           [DEBUG]    | 44 IDs Found
[2022-11-16 20:10:26,848] [builder.py:1577]           [DEBUG]    | 
[2022-11-16 20:10:26,852] [builder.py:2158]           [INFO]     | 
[2022-11-16 20:10:26,852] [builder.py:2159]           [INFO]     |================================= Adding to 80's Movies Collection =================================|
[2022-11-16 20:10:26,852] [builder.py:2160]           [INFO]     |                                                                                                    |
[2022-11-16 20:10:26,853] [builder.py:2174]           [INFO]     |  1/44 | 80's Movies Collection | = | All Dogs Go to Heaven (1989)                                  |
[2022-11-16 20:10:26,853] [builder.py:2174]           [INFO]     |  2/44 | 80's Movies Collection | = | An American Tail (1986)                                       |
[2022-11-16 20:10:26,853] [builder.py:2174]           [INFO]     |  3/44 | 80's Movies Collection | = | Annie (1982)                                                  |
[2022-11-16 20:10:26,853] [builder.py:2174]           [INFO]     |  4/44 | 80's Movies Collection | = | The Bear (1988)                                               |
[2022-11-16 20:10:26,853] [builder.py:2174]           [INFO]     |  5/44 | 80's Movies Collection | = | Benji the Hunted (1987)                                       |
[2022-11-16 20:10:26,854] [builder.py:2174]           [INFO]     |  6/44 | 80's Movies Collection | = | Big Top Pee-wee (1988)                                        |
[2022-11-16 20:10:26,854] [builder.py:2174]           [INFO]     |  7/44 | 80's Movies Collection | = | The Black Cauldron (1985)                                     |
[2022-11-16 20:10:26,854] [builder.py:2174]           [INFO]     |  8/44 | 80's Movies Collection | = | The Black Stallion Returns (1983)                             |
[2022-11-16 20:10:26,854] [builder.py:2174]           [INFO]     |  9/44 | 80's Movies Collection | = | Bugs Bunny's 3rd Movie: 1001 Rabbit Tales (1982)              |
[2022-11-16 20:10:26,854] [builder.py:2174]           [INFO]     | 10/44 | 80's Movies Collection | = | The Chipmunk Adventure (1987)                                 |
[2022-11-16 20:10:26,854] [builder.py:2174]           [INFO]     | 11/44 | 80's Movies Collection | = | Daffy Duck's Movie: Fantastic Island (1983)                   |
[2022-11-16 20:10:26,855] [builder.py:2174]           [INFO]     | 12/44 | 80's Movies Collection | = | The Dark Crystal (1982)                                       |
[2022-11-16 20:10:26,855] [builder.py:2174]           [INFO]     | 13/44 | 80's Movies Collection | = | The Dark Crystal (1982)                                       |
[2022-11-16 20:10:26,855] [builder.py:2174]           [INFO]     | 14/44 | 80's Movies Collection | = | E.T. the Extra-Terrestrial (1982)                             |
[2022-11-16 20:10:26,855] [builder.py:2174]           [INFO]     | 15/44 | 80's Movies Collection | = | Ernest Goes to Camp (1987)                                    |
[2022-11-16 20:10:26,855] [builder.py:2174]           [INFO]     | 16/44 | 80's Movies Collection | = | The Fox and the Hound (1981)                                  |
[2022-11-16 20:10:26,856] [builder.py:2174]           [INFO]     | 17/44 | 80's Movies Collection | = | A Garfield Christmas Special (1987)                           |
[2022-11-16 20:10:26,856] [builder.py:2174]           [INFO]     | 18/44 | 80's Movies Collection | = | Garfield in Disguise (1985)                                   |
[2022-11-16 20:10:26,856] [builder.py:2174]           [INFO]     | 19/44 | 80's Movies Collection | = | The Great Mouse Detective (1986)                              |
[2022-11-16 20:10:26,856] [builder.py:2174]           [INFO]     | 20/44 | 80's Movies Collection | = | The Great Muppet Caper (1981)                                 |
[2022-11-16 20:10:26,857] [builder.py:2174]           [INFO]     | 21/44 | 80's Movies Collection | = | Happy New Year, Charlie Brown (1986)                          |
[2022-11-16 20:10:26,857] [builder.py:2174]           [INFO]     | 22/44 | 80's Movies Collection | = | Harry and the Hendersons (1987)                               |
[2022-11-16 20:10:26,861] [builder.py:2174]           [INFO]     | 23/44 | 80's Movies Collection | = | Herbie Goes Bananas (1980)                                    |
[2022-11-16 20:10:26,862] [builder.py:2174]           [INFO]     | 24/44 | 80's Movies Collection | = | Honey, I Shrunk the Kids (1989)                               |
[2022-11-16 20:10:26,862] [builder.py:2174]           [INFO]     | 25/44 | 80's Movies Collection | = | It's Flashbeagle, Charlie Brown (1984)                        |
[2022-11-16 20:10:26,863] [builder.py:2174]           [INFO]     | 26/44 | 80's Movies Collection | = | Knick Knack (1989)                                            |
[2022-11-16 20:10:26,863] [builder.py:2174]           [INFO]     | 27/44 | 80's Movies Collection | = | Labyrinth (1986)                                              |
[2022-11-16 20:10:26,864] [builder.py:2174]           [INFO]     | 28/44 | 80's Movies Collection | = | The Land Before Time (1988)                                   |
[2022-11-16 20:10:26,864] [builder.py:2174]           [INFO]     | 29/44 | 80's Movies Collection | = | The Last Unicorn (1982)                                       |
[2022-11-16 20:10:26,865] [builder.py:2174]           [INFO]     | 30/44 | 80's Movies Collection | = | The Little Mermaid (1989)                                     |
[2022-11-16 20:10:26,866] [builder.py:2174]           [INFO]     | 31/44 | 80's Movies Collection | = | The Man from Snowy River (1982)                               |
[2022-11-16 20:10:26,866] [builder.py:2174]           [INFO]     | 32/44 | 80's Movies Collection | = | The Mayflower Voyagers (1988)                                 |
[2022-11-16 20:10:26,867] [builder.py:2174]           [INFO]     | 33/44 | 80's Movies Collection | = | The Muppets Take Manhattan (1984)                             |
[2022-11-16 20:10:26,867] [builder.py:2174]           [INFO]     | 34/44 | 80's Movies Collection | = | My Neighbor Totoro (1988)                                     |
[2022-11-16 20:10:26,868] [builder.py:2174]           [INFO]     | 35/44 | 80's Movies Collection | = | The NeverEnding Story (1984)                                  |
[2022-11-16 20:10:26,869] [builder.py:2174]           [INFO]     | 36/44 | 80's Movies Collection | = | Oliver & Company (1988)                                       |
[2022-11-16 20:10:26,869] [builder.py:2174]           [INFO]     | 37/44 | 80's Movies Collection | = | The Pee-Wee Herman Show (1981)                                |
[2022-11-16 20:10:26,870] [builder.py:2174]           [INFO]     | 38/44 | 80's Movies Collection | = | Pee-wee's Big Adventure (1985)                                |
[2022-11-16 20:10:26,871] [builder.py:2174]           [INFO]     | 39/44 | 80's Movies Collection | = | Return to Snowy River (1988)                                  |
[2022-11-16 20:10:26,871] [builder.py:2174]           [INFO]     | 40/44 | 80's Movies Collection | = | The Secret of NIMH (1982)                                     |
[2022-11-16 20:10:26,872] [builder.py:2174]           [INFO]     | 41/44 | 80's Movies Collection | = | She's a Good Skate, Charlie Brown (1980)                      |
[2022-11-16 20:10:26,873] [builder.py:2174]           [INFO]     | 42/44 | 80's Movies Collection | = | Stand by Me (1986)                                            |
[2022-11-16 20:10:26,873] [builder.py:2174]           [INFO]     | 43/44 | 80's Movies Collection | = | Troop Beverly Hills (1989)                                    |
[2022-11-16 20:10:26,874] [builder.py:2174]           [INFO]     | 44/44 | 80's Movies Collection | = | The Watcher in the Woods (1980)                               |
[2022-11-16 20:10:26,875] [builder.py:2194]           [INFO]     |                                                                                                    |
[2022-11-16 20:10:26,875] [builder.py:2196]           [INFO]     | 44 Movies Processed 0 Movies Added                                                                 |
[2022-11-16 20:10:26,886] [builder.py:2527]           [INFO]     |                                                                                                    |
[2022-11-16 20:10:26,887] [builder.py:2528]           [INFO]     |============================ Updating Details of 80's Movies Collection ============================|
[2022-11-16 20:10:26,888] [builder.py:2529]           [INFO]     |                                                                                                    |
[2022-11-16 20:10:26,898] [builder.py:2595]           [INFO]     | Collection Metadata Edits                                                                          |
[2022-11-16 20:10:26,900] [util.py:174]               [DEBUG]    | 2 posters found:                                                                                   |
[2022-11-16 20:10:26,900] [util.py:176]               [DEBUG]    | Method: url_poster Poster: https://theposterdb.com/api/assets/105333                               |
[2022-11-16 20:10:26,901] [util.py:176]               [DEBUG]    | Method: asset_directory Poster: {'attribute': 'asset_directory', 'location': "/config/Kids_Movies/Assets/80's Movies/poster.png", 'prefix': "80's Movies's ", 'is_poster': True, 'is_url': False, 'compare': 2231852, 'message': "80's Movies's poster to [File] /config/Kids_Movies/Assets/80's Movies/poster.png"} |
[2022-11-16 20:10:26,903] [library.py:180]            [INFO]     | Detail: 80's Movies's poster update not needed                                                     |
[2022-11-16 20:10:27,140] [plex_meta_manager.py:736]  [INFO]     |                                                                                                    |
[2022-11-16 20:10:27,140] [plex_meta_manager.py:737]  [INFO]     |====================================================================================================|
[2022-11-16 20:10:27,140] [plex_meta_manager.py:737]  [INFO]     |                                  Finished 80's Movies Collection                                   |
[2022-11-16 20:10:27,141] [plex_meta_manager.py:737]  [INFO]     |                                    Collection Run Time: 0:00:01                                    |
[2022-11-16 20:10:27,141] [plex_meta_manager.py:737]  [INFO]     |====================================================================================================|
