[2022-11-20 17:04:10,365] [builder.py:193]            [INFO]     |====================================================================================================|
[2022-11-20 17:04:10,366] [builder.py:193]            [INFO]     |                      Peter Sullivan (Producer) Collection in Christmas Movies                      |
[2022-11-20 17:04:10,366] [builder.py:193]            [INFO]     |====================================================================================================|
[2022-11-20 17:04:10,367] [builder.py:194]            [INFO]     |                                                                                                    |
[2022-11-20 17:04:10,367] [builder.py:199]            [INFO]     |================================ Building Definition From Templates ================================|
[2022-11-20 17:04:10,368] [builder.py:215]            [DEBUG]    |                                                                                                    |
[2022-11-20 17:04:10,368] [meta.py:210]               [DEBUG]    |====================================== Template smart_filter =======================================|
[2022-11-20 17:04:10,369] [meta.py:451]               [DEBUG]    |                                                                                                    |
[2022-11-20 17:04:10,379] [meta.py:210]               [DEBUG]    |======================================= Template translation =======================================|
[2022-11-20 17:04:10,380] [meta.py:451]               [DEBUG]    |                                                                                                    |
[2022-11-20 17:04:10,384] [meta.py:210]               [DEBUG]    |========================================= Template shared ==========================================|
[2022-11-20 17:04:10,385] [meta.py:451]               [DEBUG]    |                                                                                                    |
[2022-11-20 17:04:10,408] [meta.py:512]               [DEBUG]    |                                                                                                    |
[2022-11-20 17:04:10,408] [meta.py:513]               [DEBUG]    |==================================== Final Template Attributes =====================================|
[2022-11-20 17:04:10,409] [meta.py:514]               [DEBUG]    |                                                                                                    |
[2022-11-20 17:04:10,409] [meta.py:515]               [DEBUG]    | {'tmdb_person': ['Peter Sullivan'], 'smart_filter': {'sort_by': 'title.asc', 'any': {'producer': 'tmdb'}}, 'summary': 'Movies produced by Peter Sullivan.', 'name': 'Peter Sullivan (Producer)', 'ignore_blank_results': True, 'collection_mode': 'hide', 'sort_title': '!19_Peter Sullivan (Producer)', 'url_poster': 'https://raw.githubusercontent.com/meisnate12/Plex-Meta-Manager-Images/master/people/rainier/Peter%20Sullivan.jpg'} |
[2022-11-20 17:04:10,409] [meta.py:516]               [DEBUG]    |                                                                                                    |
[2022-11-20 17:04:10,410] [builder.py:223]            [INFO]     |========================= Validating Peter Sullivan (Producer) Attributes ==========================|
[2022-11-20 17:04:10,410] [builder.py:226]            [DEBUG]    |                                                                                                    |
[2022-11-20 17:04:10,410] [builder.py:227]            [DEBUG]    | Validating Method: name                                                                            |
[2022-11-20 17:04:10,411] [builder.py:230]            [DEBUG]    | Value: Peter Sullivan (Producer)                                                                   |
[2022-11-20 17:04:10,411] [builder.py:502]            [DEBUG]    |                                                                                                    |
[2022-11-20 17:04:10,412] [builder.py:503]            [DEBUG]    | Validating Method: ignore_blank_results                                                            |
[2022-11-20 17:04:10,412] [builder.py:504]            [DEBUG]    | Value: True                                                                                        |
[2022-11-20 17:04:10,413] [builder.py:528]            [DEBUG]    |                                                                                                    |
[2022-11-20 17:04:10,413] [builder.py:529]            [DEBUG]    | Validating Method: tmdb_person                                                                     |
[2022-11-20 17:04:10,414] [builder.py:533]            [DEBUG]    | Value: ['Peter Sullivan']                                                                          |
[2022-11-20 17:04:10,530] [builder.py:1784]           [INFO]     |                                                                                                    |
[2022-11-20 17:04:10,531] [builder.py:1785]           [INFO]     | Validating Method: smart_filter                                                                    |
[2022-11-20 17:04:10,531] [builder.py:1791]           [DEBUG]    | Value: {'sort_by': 'title.asc', 'any': {'producer': 'tmdb'}}                                       |
[2022-11-20 17:04:10,617] [builder.py:1978]           [DEBUG]    | Smart URL: ?type=1&sort=titleSort&push=1&producer=258&pop=1                                        |
[2022-11-20 17:04:10,617] [builder.py:646]            [DEBUG]    |                                                                                                    |
[2022-11-20 17:04:10,617] [builder.py:650]            [DEBUG]    | Validating Method: label                                                                           |
[2022-11-20 17:04:10,617] [builder.py:651]            [DEBUG]    | Value: Top Producers                                                                               |
[2022-11-20 17:04:10,618] [builder.py:646]            [DEBUG]    |                                                                                                    |
[2022-11-20 17:04:10,618] [builder.py:650]            [DEBUG]    | Validating Method: summary                                                                         |
[2022-11-20 17:04:10,618] [builder.py:651]            [DEBUG]    | Value: Movies produced by Peter Sullivan.                                                          |
[2022-11-20 17:04:10,618] [builder.py:646]            [DEBUG]    |                                                                                                    |
[2022-11-20 17:04:10,618] [builder.py:650]            [DEBUG]    | Validating Method: collection_mode                                                                 |
[2022-11-20 17:04:10,618] [builder.py:651]            [DEBUG]    | Value: hide                                                                                        |
[2022-11-20 17:04:10,618] [builder.py:646]            [DEBUG]    |                                                                                                    |
[2022-11-20 17:04:10,619] [builder.py:650]            [DEBUG]    | Validating Method: sort_title                                                                      |
[2022-11-20 17:04:10,619] [builder.py:651]            [DEBUG]    | Value: !19_Peter Sullivan (Producer)                                                               |
[2022-11-20 17:04:10,619] [builder.py:646]            [DEBUG]    |                                                                                                    |
[2022-11-20 17:04:10,619] [builder.py:650]            [DEBUG]    | Validating Method: url_poster                                                                      |
[2022-11-20 17:04:10,619] [builder.py:651]            [DEBUG]    | Value: https://raw.githubusercontent.com/meisnate12/Plex-Meta-Manager-Images/master/people/rainier/Peter%20Sullivan.jpg |
[2022-11-20 17:04:10,718] [builder.py:845]            [WARNING]  | Collection Warning: No Poster Found at https://raw.githubusercontent.com/meisnate12/Plex-Meta-Manager-Images/master/people/rainier/Peter%20Sullivan.jpg |
[2022-11-20 17:04:10,770] [builder.py:814]            [INFO]     |                                                                                                    |
[2022-11-20 17:04:10,773] [builder.py:815]            [INFO]     | Validation Successful                                                                              |
[2022-11-20 17:04:10,774] [plex_meta_manager.py:594]  [INFO]     |                                                                                                    |
[2022-11-20 17:04:10,775] [plex_meta_manager.py:596]  [INFO]     |=========================== Running Peter Sullivan (Producer) Collection ===========================|
[2022-11-20 17:04:10,775] [plex_meta_manager.py:602]  [INFO]     |                                                                                                    |
[2022-11-20 17:04:10,775] [plex_meta_manager.py:603]  [INFO]     | Smart Movie Filter                                                                                 |
                                                                 | Sort By: ['title.asc']
                                                                 | Filter:
                                                                 |   Match any of the following:
                                                                 |     Producer is Peter Sullivan
[2022-11-20 17:04:10,820] [builder.py:2527]           [INFO]     | 
[2022-11-20 17:04:10,821] [builder.py:2528]           [INFO]     |===================== Updating Details of Peter Sullivan (Producer) Collection =====================|
[2022-11-20 17:04:10,821] [builder.py:2529]           [INFO]     |                                                                                                    |
[2022-11-20 17:04:10,848] [builder.py:2595]           [INFO]     | Collection Metadata Edits                                                                          |
[2022-11-20 17:04:10,848] [util.py:174]               [DEBUG]    | 1 poster found:                                                                                    |
[2022-11-20 17:04:10,849] [util.py:176]               [DEBUG]    | Method: tmdb_person Poster: https://image.tmdb.org/t/p/original/hXFy4ygelHJovKvMx37EJeHwvbm.jpg    |
[2022-11-20 17:04:10,850] [library.py:180]            [INFO]     | Detail: poster update not needed                                                                   |
[2022-11-20 17:04:10,903] [plex_meta_manager.py:736]  [INFO]     |                                                                                                    |
[2022-11-20 17:04:10,904] [plex_meta_manager.py:737]  [INFO]     |====================================================================================================|
[2022-11-20 17:04:10,904] [plex_meta_manager.py:737]  [INFO]     |                           Finished Peter Sullivan (Producer) Collection                            |
[2022-11-20 17:04:10,904] [plex_meta_manager.py:737]  [INFO]     |                                    Collection Run Time: 0:00:00                                    |
[2022-11-20 17:04:10,904] [plex_meta_manager.py:737]  [INFO]     |====================================================================================================|
