[2022-11-17 03:23:41,139] [builder.py:193]            [INFO]     |====================================================================================================|
[2022-11-17 03:23:41,139] [builder.py:193]            [INFO]     |                                Best of 1977 Collection in TV Shows                                 |
[2022-11-17 03:23:41,139] [builder.py:193]            [INFO]     |====================================================================================================|
[2022-11-17 03:23:41,140] [builder.py:194]            [INFO]     |                                                                                                    |
[2022-11-17 03:23:41,140] [builder.py:199]            [INFO]     |================================ Building Definition From Templates ================================|
[2022-11-17 03:23:41,140] [builder.py:215]            [DEBUG]    |                                                                                                    |
[2022-11-17 03:23:41,140] [meta.py:210]               [DEBUG]    |====================================== Template smart_filter =======================================|
[2022-11-17 03:23:41,141] [meta.py:451]               [DEBUG]    |                                                                                                    |
[2022-11-17 03:23:41,153] [meta.py:210]               [DEBUG]    |======================================= Template translation =======================================|
[2022-11-17 03:23:41,154] [meta.py:451]               [DEBUG]    |                                                                                                    |
[2022-11-17 03:23:41,157] [meta.py:210]               [DEBUG]    |========================================= Template shared ==========================================|
[2022-11-17 03:23:41,159] [meta.py:451]               [DEBUG]    |                                                                                                    |
[2022-11-17 03:23:41,181] [meta.py:512]               [DEBUG]    |                                                                                                    |
[2022-11-17 03:23:41,182] [meta.py:513]               [DEBUG]    |==================================== Final Template Attributes =====================================|
[2022-11-17 03:23:41,182] [meta.py:514]               [DEBUG]    |                                                                                                    |
[2022-11-17 03:23:41,182] [meta.py:515]               [DEBUG]    | {'smart_filter': {'sort_by': 'critic_rating.desc', 'limit': 10, 'any': {'year': ['1977']}}, 'summary': 'Shows released in 1977.', 'name': 'Best of 1977', 'ignore_blank_results': True, 'collection_mode': 'hide', 'sort_title': '!13_Best of 1977', 'url_poster': 'https://raw.githubusercontent.com/meisnate12/Plex-Meta-Manager-Images/master/year/best/1977.jpg'} |
[2022-11-17 03:23:41,182] [meta.py:516]               [DEBUG]    |                                                                                                    |
[2022-11-17 03:23:41,182] [builder.py:223]            [INFO]     |================================ Validating Best of 1977 Attributes ================================|
[2022-11-17 03:23:41,182] [builder.py:226]            [DEBUG]    |                                                                                                    |
[2022-11-17 03:23:41,183] [builder.py:227]            [DEBUG]    | Validating Method: name                                                                            |
[2022-11-17 03:23:41,183] [builder.py:230]            [DEBUG]    | Value: Best of 1977                                                                                |
[2022-11-17 03:23:41,183] [builder.py:502]            [DEBUG]    |                                                                                                    |
[2022-11-17 03:23:41,183] [builder.py:503]            [DEBUG]    | Validating Method: ignore_blank_results                                                            |
[2022-11-17 03:23:41,183] [builder.py:504]            [DEBUG]    | Value: True                                                                                        |
[2022-11-17 03:23:41,184] [builder.py:1784]           [INFO]     |                                                                                                    |
[2022-11-17 03:23:41,184] [builder.py:1785]           [INFO]     | Validating Method: smart_filter                                                                    |
[2022-11-17 03:23:41,184] [builder.py:1791]           [DEBUG]    | Value: {'sort_by': 'critic_rating.desc', 'limit': 10, 'any': {'year': ['1977']}}                   |
[2022-11-17 03:23:41,187] [builder.py:1978]           [DEBUG]    | Smart URL: ?type=2&limit=10&sort=rating%3Adesc&push=1&show.year=1977&pop=1                         |
[2022-11-17 03:23:41,187] [builder.py:646]            [DEBUG]    |                                                                                                    |
[2022-11-17 03:23:41,187] [builder.py:650]            [DEBUG]    | Validating Method: label                                                                           |
[2022-11-17 03:23:41,187] [builder.py:651]            [DEBUG]    | Value: Year                                                                                        |
[2022-11-17 03:23:41,188] [builder.py:646]            [DEBUG]    |                                                                                                    |
[2022-11-17 03:23:41,188] [builder.py:650]            [DEBUG]    | Validating Method: summary                                                                         |
[2022-11-17 03:23:41,188] [builder.py:651]            [DEBUG]    | Value: Shows released in 1977.                                                                     |
[2022-11-17 03:23:41,188] [builder.py:646]            [DEBUG]    |                                                                                                    |
[2022-11-17 03:23:41,188] [builder.py:650]            [DEBUG]    | Validating Method: collection_mode                                                                 |
[2022-11-17 03:23:41,188] [builder.py:651]            [DEBUG]    | Value: hide                                                                                        |
[2022-11-17 03:23:41,189] [builder.py:646]            [DEBUG]    |                                                                                                    |
[2022-11-17 03:23:41,189] [builder.py:650]            [DEBUG]    | Validating Method: sort_title                                                                      |
[2022-11-17 03:23:41,189] [builder.py:651]            [DEBUG]    | Value: !13_Best of 1977                                                                            |
[2022-11-17 03:23:41,189] [builder.py:646]            [DEBUG]    |                                                                                                    |
[2022-11-17 03:23:41,189] [builder.py:650]            [DEBUG]    | Validating Method: url_poster                                                                      |
[2022-11-17 03:23:41,189] [builder.py:651]            [DEBUG]    | Value: https://raw.githubusercontent.com/meisnate12/Plex-Meta-Manager-Images/master/year/best/1977.jpg |
[2022-11-17 03:23:41,311] [plex.py:835]               [DEBUG]    |                                                                                                    |
[2022-11-17 03:23:41,312] [plex.py:838]               [DEBUG]    | Looking for: Best of 1977                                                                          |
[2022-11-17 03:23:41,312] [builder.py:814]            [INFO]     |                                                                                                    |
[2022-11-17 03:23:41,312] [builder.py:815]            [INFO]     | Validation Successful                                                                              |
[2022-11-17 03:23:41,312] [plex_meta_manager.py:594]  [INFO]     |                                                                                                    |
[2022-11-17 03:23:41,312] [plex_meta_manager.py:596]  [INFO]     |================================= Running Best of 1977 Collection ==================================|
[2022-11-17 03:23:41,313] [plex_meta_manager.py:602]  [INFO]     |                                                                                                    |
[2022-11-17 03:23:41,313] [plex_meta_manager.py:603]  [INFO]     | Smart Show Filter                                                                                  |
                                                                 | Sort By: ['critic_rating.desc']
                                                                 | Limit: 10
                                                                 | Filter:
                                                                 |   Match any of the following:
                                                                 |     Year is 1977
[2022-11-17 03:23:41,318] [plex_meta_manager.py:652]  [INFO]     | 
[2022-11-17 03:23:41,319] [plex_meta_manager.py:653]  [INFO]     | Collection Minimum: 2 not met for Best of 1977 Collection
[2022-11-17 03:23:41,319] [plex_meta_manager.py:736]  [INFO]     | 
[2022-11-17 03:23:41,319] [plex_meta_manager.py:737]  [INFO]     |====================================================================================================|
[2022-11-17 03:23:41,319] [plex_meta_manager.py:737]  [INFO]     |                                  Finished Best of 1977 Collection                                  |
[2022-11-17 03:23:41,319] [plex_meta_manager.py:737]  [INFO]     |                                    Collection Run Time: 0:00:00                                    |
[2022-11-17 03:23:41,320] [plex_meta_manager.py:737]  [INFO]     |====================================================================================================|
