[2022-11-17 00:44:31,578] [builder.py:193]            [INFO]     |====================================================================================================|
[2022-11-17 00:44:31,578] [builder.py:193]            [INFO]     |                           Stan Lee (Writer) Collection in Marvel Movies                            |
[2022-11-17 00:44:31,578] [builder.py:193]            [INFO]     |====================================================================================================|
[2022-11-17 00:44:31,578] [builder.py:194]            [INFO]     |                                                                                                    |
[2022-11-17 00:44:31,578] [builder.py:199]            [INFO]     |================================ Building Definition From Templates ================================|
[2022-11-17 00:44:31,578] [builder.py:215]            [DEBUG]    |                                                                                                    |
[2022-11-17 00:44:31,578] [meta.py:210]               [DEBUG]    |====================================== Template smart_filter =======================================|
[2022-11-17 00:44:31,579] [meta.py:451]               [DEBUG]    |                                                                                                    |
[2022-11-17 00:44:31,584] [meta.py:210]               [DEBUG]    |======================================= Template translation =======================================|
[2022-11-17 00:44:31,584] [meta.py:451]               [DEBUG]    |                                                                                                    |
[2022-11-17 00:44:31,588] [meta.py:210]               [DEBUG]    |========================================= Template shared ==========================================|
[2022-11-17 00:44:31,589] [meta.py:451]               [DEBUG]    |                                                                                                    |
[2022-11-17 00:44:31,611] [meta.py:512]               [DEBUG]    |                                                                                                    |
[2022-11-17 00:44:31,612] [meta.py:513]               [DEBUG]    |==================================== Final Template Attributes =====================================|
[2022-11-17 00:44:31,612] [meta.py:514]               [DEBUG]    |                                                                                                    |
[2022-11-17 00:44:31,612] [meta.py:515]               [DEBUG]    | {'tmdb_person': ['Stan Lee'], 'smart_filter': {'sort_by': 'title.asc', 'any': {'writer': 'tmdb'}}, 'summary': 'Movies written by Stan Lee.', 'name': 'Stan Lee (Writer)', 'ignore_blank_results': True, 'collection_mode': 'hide', 'sort_title': '!20_Stan Lee (Writer)', 'url_poster': 'https://raw.githubusercontent.com/meisnate12/Plex-Meta-Manager-Images/master/people/rainier/Stan%20Lee.jpg'} |
[2022-11-17 00:44:31,612] [meta.py:516]               [DEBUG]    |                                                                                                    |
[2022-11-17 00:44:31,612] [builder.py:223]            [INFO]     |============================= Validating Stan Lee (Writer) Attributes ==============================|
[2022-11-17 00:44:31,613] [builder.py:226]            [DEBUG]    |                                                                                                    |
[2022-11-17 00:44:31,613] [builder.py:227]            [DEBUG]    | Validating Method: name                                                                            |
[2022-11-17 00:44:31,613] [builder.py:230]            [DEBUG]    | Value: Stan Lee (Writer)                                                                           |
[2022-11-17 00:44:31,613] [builder.py:502]            [DEBUG]    |                                                                                                    |
[2022-11-17 00:44:31,613] [builder.py:503]            [DEBUG]    | Validating Method: ignore_blank_results                                                            |
[2022-11-17 00:44:31,613] [builder.py:504]            [DEBUG]    | Value: True                                                                                        |
[2022-11-17 00:44:31,614] [builder.py:528]            [DEBUG]    |                                                                                                    |
[2022-11-17 00:44:31,614] [builder.py:529]            [DEBUG]    | Validating Method: tmdb_person                                                                     |
[2022-11-17 00:44:31,614] [builder.py:533]            [DEBUG]    | Value: ['Stan Lee']                                                                                |
[2022-11-17 00:44:31,787] [builder.py:1784]           [INFO]     |                                                                                                    |
[2022-11-17 00:44:31,788] [builder.py:1785]           [INFO]     | Validating Method: smart_filter                                                                    |
[2022-11-17 00:44:31,788] [builder.py:1791]           [DEBUG]    | Value: {'sort_by': 'title.asc', 'any': {'writer': 'tmdb'}}                                         |
[2022-11-17 00:44:31,845] [builder.py:1978]           [DEBUG]    | Smart URL: ?type=1&sort=titleSort&push=1&writer=45784&pop=1                                        |
[2022-11-17 00:44:31,845] [builder.py:646]            [DEBUG]    |                                                                                                    |
[2022-11-17 00:44:31,845] [builder.py:650]            [DEBUG]    | Validating Method: label                                                                           |
[2022-11-17 00:44:31,846] [builder.py:651]            [DEBUG]    | Value: Top Writers                                                                                 |
[2022-11-17 00:44:31,846] [builder.py:646]            [DEBUG]    |                                                                                                    |
[2022-11-17 00:44:31,846] [builder.py:650]            [DEBUG]    | Validating Method: summary                                                                         |
[2022-11-17 00:44:31,846] [builder.py:651]            [DEBUG]    | Value: Movies written by Stan Lee.                                                                 |
[2022-11-17 00:44:31,846] [builder.py:646]            [DEBUG]    |                                                                                                    |
[2022-11-17 00:44:31,846] [builder.py:650]            [DEBUG]    | Validating Method: collection_mode                                                                 |
[2022-11-17 00:44:31,846] [builder.py:651]            [DEBUG]    | Value: hide                                                                                        |
[2022-11-17 00:44:31,846] [builder.py:646]            [DEBUG]    |                                                                                                    |
[2022-11-17 00:44:31,846] [builder.py:650]            [DEBUG]    | Validating Method: sort_title                                                                      |
[2022-11-17 00:44:31,846] [builder.py:651]            [DEBUG]    | Value: !20_Stan Lee (Writer)                                                                       |
[2022-11-17 00:44:31,847] [builder.py:646]            [DEBUG]    |                                                                                                    |
[2022-11-17 00:44:31,847] [builder.py:650]            [DEBUG]    | Validating Method: url_poster                                                                      |
[2022-11-17 00:44:31,847] [builder.py:651]            [DEBUG]    | Value: https://raw.githubusercontent.com/meisnate12/Plex-Meta-Manager-Images/master/people/rainier/Stan%20Lee.jpg |
[2022-11-17 00:44:31,990] [plex.py:835]               [DEBUG]    |                                                                                                    |
[2022-11-17 00:44:31,990] [plex.py:838]               [DEBUG]    | Looking for: Stan Lee (Writer)                                                                     |
[2022-11-17 00:44:31,990] [builder.py:814]            [INFO]     |                                                                                                    |
[2022-11-17 00:44:31,990] [builder.py:815]            [INFO]     | Validation Successful                                                                              |
[2022-11-17 00:44:31,992] [plex_meta_manager.py:594]  [INFO]     |                                                                                                    |
[2022-11-17 00:44:31,992] [plex_meta_manager.py:596]  [INFO]     |=============================== Running Stan Lee (Writer) Collection ===============================|
[2022-11-17 00:44:31,992] [plex_meta_manager.py:602]  [INFO]     |                                                                                                    |
[2022-11-17 00:44:31,992] [plex_meta_manager.py:603]  [INFO]     | Smart Movie Filter                                                                                 |
                                                                 | Sort By: ['title.asc']
                                                                 | Filter:
                                                                 |   Match any of the following:
                                                                 |     Writer is Stan Lee
[2022-11-17 00:44:32,048] [builder.py:2509]           [DEBUG]    | Smart Collection Created: ?type=1&sort=titleSort&push=1&writer=45784&pop=1
[2022-11-17 00:44:32,053] [builder.py:2527]           [INFO]     | 
[2022-11-17 00:44:32,053] [builder.py:2528]           [INFO]     |========================= Updating Details of Stan Lee (Writer) Collection =========================|
[2022-11-17 00:44:32,053] [builder.py:2529]           [INFO]     |                                                                                                    |
[2022-11-17 00:44:32,062] [builder.py:2595]           [INFO]     | Collection Metadata Edits                                                                          |
                                                                 | Summary (summary) | Movies written by Stan Lee.
                                                                 | Sort Title | !20_Stan Lee (Writer)
                                                                 | Label | +Top Writers, +PMM
[2022-11-17 00:44:33,579] [builder.py:2599]           [INFO]     | Details: have been updated
[2022-11-17 00:44:33,580] [builder.py:2603]           [INFO]     | 
[2022-11-17 00:44:35,120] [builder.py:2615]           [INFO]     | Collection Mode | hide
[2022-11-17 00:44:35,126] [plex.py:1203]              [WARNING]  | Asset Warning: Asset Directory Not Found and Created: config/Marvel_Movies/Assets/Stan Lee (Writer)
[2022-11-17 00:44:35,126] [util.py:174]               [DEBUG]    | 2 posters found:
[2022-11-17 00:44:35,127] [util.py:176]               [DEBUG]    | Method: tmdb_person Poster: https://image.tmdb.org/t/p/original/kKeyWoFtTqOPsbmwylNHmuB3En9.jpg
[2022-11-17 00:44:35,127] [util.py:176]               [DEBUG]    | Method: url_poster Poster: https://raw.githubusercontent.com/meisnate12/Plex-Meta-Manager-Images/master/people/rainier/Stan%20Lee.jpg
[2022-11-17 00:44:35,263] [library.py:178]            [INFO]     | Detail: asset_directory updated Stan Lee (Writer)'s poster to [File] config/Marvel_Movies/Assets/Stan Lee (Writer)/poster.jpg
[2022-11-17 00:44:35,340] [plex_meta_manager.py:736]  [INFO]     | 
[2022-11-17 00:44:35,340] [plex_meta_manager.py:737]  [INFO]     |====================================================================================================|
[2022-11-17 00:44:35,340] [plex_meta_manager.py:737]  [INFO]     |                               Finished Stan Lee (Writer) Collection                                |
[2022-11-17 00:44:35,340] [plex_meta_manager.py:737]  [INFO]     |                                    Collection Run Time: 0:00:03                                    |
[2022-11-17 00:44:35,340] [plex_meta_manager.py:737]  [INFO]     |====================================================================================================|
