[2022-11-17 02:19:59,474] [builder.py:193]            [INFO]     |====================================================================================================|
[2022-11-17 02:19:59,475] [builder.py:193]            [INFO]     |                                 Emmys 1972 Collection in TV Shows                                  |
[2022-11-17 02:19:59,475] [builder.py:193]            [INFO]     |====================================================================================================|
[2022-11-17 02:19:59,475] [builder.py:194]            [INFO]     |                                                                                                    |
[2022-11-17 02:19:59,476] [builder.py:199]            [INFO]     |================================ Building Definition From Templates ================================|
[2022-11-17 02:19:59,476] [builder.py:215]            [DEBUG]    |                                                                                                    |
[2022-11-17 02:19:59,476] [meta.py:210]               [DEBUG]    |================================== Template use_year_collections ===================================|
[2022-11-17 02:19:59,477] [meta.py:451]               [DEBUG]    |                                                                                                    |
[2022-11-17 02:19:59,478] [meta.py:210]               [DEBUG]    |========================================== Template imdb ===========================================|
[2022-11-17 02:19:59,479] [meta.py:451]               [DEBUG]    |                                                                                                    |
[2022-11-17 02:19:59,482] [meta.py:210]               [DEBUG]    |========================================= Template shared ==========================================|
[2022-11-17 02:19:59,483] [meta.py:451]               [DEBUG]    |                                                                                                    |
[2022-11-17 02:19:59,507] [meta.py:210]               [DEBUG]    |=========================================== Template arr ===========================================|
[2022-11-17 02:19:59,508] [meta.py:451]               [DEBUG]    |                                                                                                    |
[2022-11-17 02:19:59,516] [meta.py:210]               [DEBUG]    |========================================= Template custom ==========================================|
[2022-11-17 02:19:59,517] [meta.py:451]               [DEBUG]    |                                                                                                    |
[2022-11-17 02:19:59,523] [meta.py:512]               [DEBUG]    |                                                                                                    |
[2022-11-17 02:19:59,523] [meta.py:513]               [DEBUG]    |==================================== Final Template Attributes =====================================|
[2022-11-17 02:19:59,523] [meta.py:514]               [DEBUG]    |                                                                                                    |
[2022-11-17 02:19:59,524] [meta.py:515]               [DEBUG]    | {'imdb_list': 'https://www.imdb.com/search/title/?release_date=1972-01-01,1972-12-31&groups=emmy_winner&sort=moviemeter,asc', 'ignore_blank_results': True, 'collection_mode': 'hide', 'sort_title': '!16_Emmys 1972', 'url_poster': 'https://raw.githubusercontent.com/meisnate12/Plex-Meta-Manager-Images/master/award/emmys/winner/1972.jpg', 'collection_order': 'custom', 'sync_mode': 'sync', 'cache_builders': 1} |
[2022-11-17 02:19:59,524] [meta.py:516]               [DEBUG]    |                                                                                                    |
[2022-11-17 02:19:59,524] [builder.py:223]            [INFO]     |================================= Validating Emmys 1972 Attributes =================================|
[2022-11-17 02:19:59,524] [builder.py:502]            [DEBUG]    |                                                                                                    |
[2022-11-17 02:19:59,524] [builder.py:503]            [DEBUG]    | Validating Method: ignore_blank_results                                                            |
[2022-11-17 02:19:59,525] [builder.py:504]            [DEBUG]    | Value: True                                                                                        |
[2022-11-17 02:19:59,525] [builder.py:516]            [DEBUG]    |                                                                                                    |
[2022-11-17 02:19:59,525] [builder.py:517]            [DEBUG]    | Validating Method: sync_mode                                                                       |
[2022-11-17 02:19:59,525] [builder.py:521]            [DEBUG]    | Value: sync                                                                                        |
[2022-11-17 02:19:59,525] [builder.py:613]            [DEBUG]    |                                                                                                    |
[2022-11-17 02:19:59,525] [builder.py:614]            [DEBUG]    | Validating Method: collection_order                                                                |
[2022-11-17 02:19:59,526] [builder.py:615]            [DEBUG]    | Value: custom                                                                                      |
[2022-11-17 02:19:59,526] [builder.py:646]            [DEBUG]    |                                                                                                    |
[2022-11-17 02:19:59,526] [builder.py:650]            [DEBUG]    | Validating Method: label                                                                           |
[2022-11-17 02:19:59,526] [builder.py:651]            [DEBUG]    | Value: Emmy Awards                                                                                 |
[2022-11-17 02:19:59,526] [builder.py:646]            [DEBUG]    |                                                                                                    |
[2022-11-17 02:19:59,526] [builder.py:650]            [DEBUG]    | Validating Method: imdb_list                                                                       |
[2022-11-17 02:19:59,527] [builder.py:651]            [DEBUG]    | Value: https://www.imdb.com/search/title/?release_date=1972-01-01,1972-12-31&groups=emmy_winner&sort=moviemeter,asc |
[2022-11-17 02:20:00,024] [builder.py:646]            [DEBUG]    |                                                                                                    |
[2022-11-17 02:20:00,028] [builder.py:650]            [DEBUG]    | Validating Method: collection_mode                                                                 |
[2022-11-17 02:20:00,028] [builder.py:651]            [DEBUG]    | Value: hide                                                                                        |
[2022-11-17 02:20:00,028] [builder.py:646]            [DEBUG]    |                                                                                                    |
[2022-11-17 02:20:00,029] [builder.py:650]            [DEBUG]    | Validating Method: sort_title                                                                      |
[2022-11-17 02:20:00,030] [builder.py:651]            [DEBUG]    | Value: !16_Emmys 1972                                                                              |
[2022-11-17 02:20:00,030] [builder.py:646]            [DEBUG]    |                                                                                                    |
[2022-11-17 02:20:00,031] [builder.py:650]            [DEBUG]    | Validating Method: url_poster                                                                      |
[2022-11-17 02:20:00,032] [builder.py:651]            [DEBUG]    | Value: https://raw.githubusercontent.com/meisnate12/Plex-Meta-Manager-Images/master/award/emmys/winner/1972.jpg |
[2022-11-17 02:20:00,185] [builder.py:646]            [DEBUG]    |                                                                                                    |
[2022-11-17 02:20:00,186] [builder.py:650]            [DEBUG]    | Validating Method: cache_builders                                                                  |
[2022-11-17 02:20:00,187] [builder.py:651]            [DEBUG]    | Value: 1                                                                                           |
[2022-11-17 02:20:00,193] [plex.py:835]               [DEBUG]    |                                                                                                    |
[2022-11-17 02:20:00,193] [plex.py:838]               [DEBUG]    | Looking for: Emmys 1972                                                                            |
[2022-11-17 02:20:00,193] [builder.py:814]            [INFO]     |                                                                                                    |
[2022-11-17 02:20:00,193] [builder.py:815]            [INFO]     | Validation Successful                                                                              |
[2022-11-17 02:20:00,193] [plex_meta_manager.py:594]  [INFO]     |                                                                                                    |
[2022-11-17 02:20:00,194] [plex_meta_manager.py:596]  [INFO]     |================================== Running Emmys 1972 Collection ===================================|
[2022-11-17 02:20:00,194] [plex_meta_manager.py:608]  [INFO]     |                                                                                                    |
[2022-11-17 02:20:00,194] [plex_meta_manager.py:609]  [INFO]     | Sync Mode: sync                                                                                    |
[2022-11-17 02:20:00,194] [plex_meta_manager.py:612]  [DEBUG]    |                                                                                                    |
[2022-11-17 02:20:00,194] [plex_meta_manager.py:613]  [DEBUG]    | Builder: imdb_list: {'url': 'https://www.imdb.com/search/title/?release_date=1972-01-01,1972-12-31&groups=emmy_winner&sort=moviemeter,asc', 'limit': 0} |
[2022-11-17 02:20:00,195] [plex_meta_manager.py:614]  [INFO]     |                                                                                                    |
[2022-11-17 02:20:00,196] [imdb.py:202]               [INFO]     | Processing IMDb List: https://www.imdb.com/search/title/?release_date=1972-01-01,1972-12-31&groups=emmy_winner&sort=moviemeter,asc |
[2022-11-17 02:20:02,661] [builder.py:1574]           [DEBUG]    |                                                                                                    |
[2022-11-17 02:20:02,661] [builder.py:1575]           [DEBUG]    | 25 IDs Found                                                                                       |
[2022-11-17 02:20:02,661] [builder.py:1577]           [DEBUG]    |                                                                                                    |
[2022-11-17 02:20:02,738] [builder.py:1637]           [WARNING]  | Convert Error: No TVDb ID Found for TMDb ID: 3749                                                  |
[2022-11-17 02:20:02,942] [builder.py:1637]           [WARNING]  | Convert Error: No TMDb ID Found for IMDb ID: tt0498964                                             |
[2022-11-17 02:20:03,144] [builder.py:1637]           [WARNING]  | Convert Error: No TMDb ID Found for IMDb ID: tt0397178                                             |
[2022-11-17 02:20:03,168] [builder.py:1637]           [WARNING]  | Convert Error: No TMDb ID Found for IMDb ID: tt0353129                                             |
[2022-11-17 02:20:03,229] [builder.py:1637]           [WARNING]  | Convert Error: No TMDb ID Found for IMDb ID: tt1562244                                             |
[2022-11-17 02:20:03,252] [builder.py:1637]           [WARNING]  | Convert Error: No TMDb ID Found for IMDb ID: tt0930886                                             |
[2022-11-17 02:20:03,252] [plex_meta_manager.py:711]  [WARNING]  | Collection Warning: No items found                                                                 |
[2022-11-17 02:20:03,253] [plex_meta_manager.py:736]  [INFO]     |                                                                                                    |
[2022-11-17 02:20:03,253] [plex_meta_manager.py:737]  [INFO]     |====================================================================================================|
[2022-11-17 02:20:03,254] [plex_meta_manager.py:737]  [INFO]     |                                   Finished Emmys 1972 Collection                                   |
[2022-11-17 02:20:03,254] [plex_meta_manager.py:737]  [INFO]     |                                    Collection Run Time: 0:00:03                                    |
[2022-11-17 02:20:03,254] [plex_meta_manager.py:737]  [INFO]     |====================================================================================================|
