[2022-11-16 20:42:04,418] [builder.py:193]            [INFO]     |====================================================================================================|
[2022-11-16 20:42:04,418] [builder.py:193]            [INFO]     |                         Robert Vince (Producer) Collection in Kids Movies                          |
[2022-11-16 20:42:04,418] [builder.py:193]            [INFO]     |====================================================================================================|
[2022-11-16 20:42:04,418] [builder.py:194]            [INFO]     |                                                                                                    |
[2022-11-16 20:42:04,418] [builder.py:199]            [INFO]     |================================ Building Definition From Templates ================================|
[2022-11-16 20:42:04,418] [builder.py:215]            [DEBUG]    |                                                                                                    |
[2022-11-16 20:42:04,419] [meta.py:210]               [DEBUG]    |====================================== Template smart_filter =======================================|
[2022-11-16 20:42:04,419] [meta.py:451]               [DEBUG]    |                                                                                                    |
[2022-11-16 20:42:04,426] [meta.py:210]               [DEBUG]    |======================================= Template translation =======================================|
[2022-11-16 20:42:04,427] [meta.py:451]               [DEBUG]    |                                                                                                    |
[2022-11-16 20:42:04,430] [meta.py:210]               [DEBUG]    |========================================= Template shared ==========================================|
[2022-11-16 20:42:04,430] [meta.py:451]               [DEBUG]    |                                                                                                    |
[2022-11-16 20:42:04,444] [meta.py:512]               [DEBUG]    |                                                                                                    |
[2022-11-16 20:42:04,444] [meta.py:513]               [DEBUG]    |==================================== Final Template Attributes =====================================|
[2022-11-16 20:42:04,444] [meta.py:514]               [DEBUG]    |                                                                                                    |
[2022-11-16 20:42:04,445] [meta.py:515]               [DEBUG]    | {'tmdb_person': ['Robert Vince'], 'smart_filter': {'sort_by': 'title.asc', 'any': {'producer': 'tmdb'}}, 'summary': 'Movies produced by Robert Vince.', 'name': 'Robert Vince (Producer)', 'ignore_blank_results': True, 'collection_mode': 'hide', 'sort_title': '!19_Robert Vince (Producer)', 'url_poster': 'https://raw.githubusercontent.com/meisnate12/Plex-Meta-Manager-Images/master/people/rainier/Robert%20Vince.jpg'} |
[2022-11-16 20:42:04,445] [meta.py:516]               [DEBUG]    |                                                                                                    |
[2022-11-16 20:42:04,445] [builder.py:223]            [INFO]     |========================== Validating Robert Vince (Producer) Attributes ===========================|
[2022-11-16 20:42:04,445] [builder.py:226]            [DEBUG]    |                                                                                                    |
[2022-11-16 20:42:04,445] [builder.py:227]            [DEBUG]    | Validating Method: name                                                                            |
[2022-11-16 20:42:04,445] [builder.py:230]            [DEBUG]    | Value: Robert Vince (Producer)                                                                     |
[2022-11-16 20:42:04,446] [builder.py:502]            [DEBUG]    |                                                                                                    |
[2022-11-16 20:42:04,446] [builder.py:503]            [DEBUG]    | Validating Method: ignore_blank_results                                                            |
[2022-11-16 20:42:04,446] [builder.py:504]            [DEBUG]    | Value: True                                                                                        |
[2022-11-16 20:42:04,446] [builder.py:528]            [DEBUG]    |                                                                                                    |
[2022-11-16 20:42:04,446] [builder.py:529]            [DEBUG]    | Validating Method: tmdb_person                                                                     |
[2022-11-16 20:42:04,446] [builder.py:533]            [DEBUG]    | Value: ['Robert Vince']                                                                            |
[2022-11-16 20:42:04,501] [builder.py:1784]           [INFO]     |                                                                                                    |
[2022-11-16 20:42:04,501] [builder.py:1785]           [INFO]     | Validating Method: smart_filter                                                                    |
[2022-11-16 20:42:04,501] [builder.py:1791]           [DEBUG]    | Value: {'sort_by': 'title.asc', 'any': {'producer': 'tmdb'}}                                       |
[2022-11-16 20:42:04,572] [builder.py:1978]           [DEBUG]    | Smart URL: ?type=1&sort=titleSort&push=1&producer=11671&pop=1                                      |
[2022-11-16 20:42:04,572] [builder.py:646]            [DEBUG]    |                                                                                                    |
[2022-11-16 20:42:04,572] [builder.py:650]            [DEBUG]    | Validating Method: label                                                                           |
[2022-11-16 20:42:04,572] [builder.py:651]            [DEBUG]    | Value: Top Producers                                                                               |
[2022-11-16 20:42:04,573] [builder.py:646]            [DEBUG]    |                                                                                                    |
[2022-11-16 20:42:04,573] [builder.py:650]            [DEBUG]    | Validating Method: summary                                                                         |
[2022-11-16 20:42:04,573] [builder.py:651]            [DEBUG]    | Value: Movies produced by Robert Vince.                                                            |
[2022-11-16 20:42:04,573] [builder.py:646]            [DEBUG]    |                                                                                                    |
[2022-11-16 20:42:04,573] [builder.py:650]            [DEBUG]    | Validating Method: collection_mode                                                                 |
[2022-11-16 20:42:04,573] [builder.py:651]            [DEBUG]    | Value: hide                                                                                        |
[2022-11-16 20:42:04,574] [builder.py:646]            [DEBUG]    |                                                                                                    |
[2022-11-16 20:42:04,574] [builder.py:650]            [DEBUG]    | Validating Method: sort_title                                                                      |
[2022-11-16 20:42:04,574] [builder.py:651]            [DEBUG]    | Value: !19_Robert Vince (Producer)                                                                 |
[2022-11-16 20:42:04,574] [builder.py:646]            [DEBUG]    |                                                                                                    |
[2022-11-16 20:42:04,574] [builder.py:650]            [DEBUG]    | Validating Method: url_poster                                                                      |
[2022-11-16 20:42:04,574] [builder.py:651]            [DEBUG]    | Value: https://raw.githubusercontent.com/meisnate12/Plex-Meta-Manager-Images/master/people/rainier/Robert%20Vince.jpg |
[2022-11-16 20:42:04,681] [builder.py:845]            [WARNING]  | Collection Warning: No Poster Found at https://raw.githubusercontent.com/meisnate12/Plex-Meta-Manager-Images/master/people/rainier/Robert%20Vince.jpg |
[2022-11-16 20:42:04,687] [plex.py:835]               [DEBUG]    |                                                                                                    |
[2022-11-16 20:42:04,687] [plex.py:838]               [DEBUG]    | Looking for: Robert Vince (Producer)                                                               |
[2022-11-16 20:42:04,687] [builder.py:814]            [INFO]     |                                                                                                    |
[2022-11-16 20:42:04,688] [builder.py:815]            [INFO]     | Validation Successful                                                                              |
[2022-11-16 20:42:04,689] [plex_meta_manager.py:594]  [INFO]     |                                                                                                    |
[2022-11-16 20:42:04,689] [plex_meta_manager.py:596]  [INFO]     |============================ Running Robert Vince (Producer) Collection ============================|
[2022-11-16 20:42:04,689] [plex_meta_manager.py:602]  [INFO]     |                                                                                                    |
[2022-11-16 20:42:04,689] [plex_meta_manager.py:603]  [INFO]     | Smart Movie Filter                                                                                 |
                                                                 | Sort By: ['title.asc']
                                                                 | Filter:
                                                                 |   Match any of the following:
                                                                 |     Producer is Robert Vince
[2022-11-16 20:42:04,731] [builder.py:2509]           [DEBUG]    | Smart Collection Created: ?type=1&sort=titleSort&push=1&producer=11671&pop=1
[2022-11-16 20:42:04,738] [builder.py:2527]           [INFO]     | 
[2022-11-16 20:42:04,738] [builder.py:2528]           [INFO]     |====================== Updating Details of Robert Vince (Producer) Collection ======================|
[2022-11-16 20:42:04,739] [builder.py:2529]           [INFO]     |                                                                                                    |
[2022-11-16 20:42:04,748] [builder.py:2595]           [INFO]     | Collection Metadata Edits                                                                          |
                                                                 | Summary (summary) | Movies produced by Robert Vince.
                                                                 | Sort Title | !19_Robert Vince (Producer)
                                                                 | Label | +Top Producers, +PMM
[2022-11-16 20:42:06,496] [builder.py:2599]           [INFO]     | Details: have been updated
[2022-11-16 20:42:06,496] [builder.py:2603]           [INFO]     | 
[2022-11-16 20:42:07,828] [builder.py:2615]           [INFO]     | Collection Mode | hide
[2022-11-16 20:42:07,835] [plex.py:1203]              [WARNING]  | Asset Warning: Asset Directory Not Found and Created: config/Kids_Movies/Assets/Robert Vince (Producer)
[2022-11-16 20:42:07,836] [util.py:174]               [DEBUG]    | 1 poster found:
[2022-11-16 20:42:07,836] [util.py:176]               [DEBUG]    | Method: tmdb_person Poster: https://image.tmdb.org/t/p/original/vHRpPhzI2hZP8ndPLFtz6acMKFj.jpg
[2022-11-16 20:42:07,882] [library.py:178]            [INFO]     | Detail: tmdb_person updated poster to [URL] https://image.tmdb.org/t/p/original/vHRpPhzI2hZP8ndPLFtz6acMKFj.jpg
[2022-11-16 20:42:07,922] [plex_meta_manager.py:736]  [INFO]     | 
[2022-11-16 20:42:07,922] [plex_meta_manager.py:737]  [INFO]     |====================================================================================================|
[2022-11-16 20:42:07,922] [plex_meta_manager.py:737]  [INFO]     |                            Finished Robert Vince (Producer) Collection                             |
[2022-11-16 20:42:07,922] [plex_meta_manager.py:737]  [INFO]     |                                    Collection Run Time: 0:00:03                                    |
[2022-11-16 20:42:07,923] [plex_meta_manager.py:737]  [INFO]     |====================================================================================================|
