[2022-11-17 02:19:03,056] [builder.py:193]            [INFO]     |====================================================================================================|
[2022-11-17 02:19:03,057] [builder.py:193]            [INFO]     |                                 Emmys 1955 Collection in TV Shows                                  |
[2022-11-17 02:19:03,057] [builder.py:193]            [INFO]     |====================================================================================================|
[2022-11-17 02:19:03,057] [builder.py:194]            [INFO]     |                                                                                                    |
[2022-11-17 02:19:03,058] [builder.py:199]            [INFO]     |================================ Building Definition From Templates ================================|
[2022-11-17 02:19:03,058] [builder.py:215]            [DEBUG]    |                                                                                                    |
[2022-11-17 02:19:03,058] [meta.py:210]               [DEBUG]    |================================== Template use_year_collections ===================================|
[2022-11-17 02:19:03,059] [meta.py:451]               [DEBUG]    |                                                                                                    |
[2022-11-17 02:19:03,060] [meta.py:210]               [DEBUG]    |========================================== Template imdb ===========================================|
[2022-11-17 02:19:03,061] [meta.py:451]               [DEBUG]    |                                                                                                    |
[2022-11-17 02:19:03,066] [meta.py:210]               [DEBUG]    |========================================= Template shared ==========================================|
[2022-11-17 02:19:03,067] [meta.py:451]               [DEBUG]    |                                                                                                    |
[2022-11-17 02:19:03,091] [meta.py:210]               [DEBUG]    |=========================================== Template arr ===========================================|
[2022-11-17 02:19:03,093] [meta.py:451]               [DEBUG]    |                                                                                                    |
[2022-11-17 02:19:03,105] [meta.py:210]               [DEBUG]    |========================================= Template custom ==========================================|
[2022-11-17 02:19:03,108] [meta.py:451]               [DEBUG]    |                                                                                                    |
[2022-11-17 02:19:03,119] [meta.py:512]               [DEBUG]    |                                                                                                    |
[2022-11-17 02:19:03,119] [meta.py:513]               [DEBUG]    |==================================== Final Template Attributes =====================================|
[2022-11-17 02:19:03,119] [meta.py:514]               [DEBUG]    |                                                                                                    |
[2022-11-17 02:19:03,120] [meta.py:515]               [DEBUG]    | {'imdb_list': 'https://www.imdb.com/search/title/?release_date=1955-01-01,1955-12-31&groups=emmy_winner&sort=moviemeter,asc', 'ignore_blank_results': True, 'collection_mode': 'hide', 'sort_title': '!16_Emmys 1955', 'url_poster': 'https://raw.githubusercontent.com/meisnate12/Plex-Meta-Manager-Images/master/award/emmys/winner/1955.jpg', 'collection_order': 'custom', 'sync_mode': 'sync', 'cache_builders': 1} |
[2022-11-17 02:19:03,120] [meta.py:516]               [DEBUG]    |                                                                                                    |
[2022-11-17 02:19:03,120] [builder.py:223]            [INFO]     |================================= Validating Emmys 1955 Attributes =================================|
[2022-11-17 02:19:03,120] [builder.py:502]            [DEBUG]    |                                                                                                    |
[2022-11-17 02:19:03,120] [builder.py:503]            [DEBUG]    | Validating Method: ignore_blank_results                                                            |
[2022-11-17 02:19:03,121] [builder.py:504]            [DEBUG]    | Value: True                                                                                        |
[2022-11-17 02:19:03,121] [builder.py:516]            [DEBUG]    |                                                                                                    |
[2022-11-17 02:19:03,121] [builder.py:517]            [DEBUG]    | Validating Method: sync_mode                                                                       |
[2022-11-17 02:19:03,121] [builder.py:521]            [DEBUG]    | Value: sync                                                                                        |
[2022-11-17 02:19:03,121] [builder.py:613]            [DEBUG]    |                                                                                                    |
[2022-11-17 02:19:03,121] [builder.py:614]            [DEBUG]    | Validating Method: collection_order                                                                |
[2022-11-17 02:19:03,122] [builder.py:615]            [DEBUG]    | Value: custom                                                                                      |
[2022-11-17 02:19:03,122] [builder.py:646]            [DEBUG]    |                                                                                                    |
[2022-11-17 02:19:03,122] [builder.py:650]            [DEBUG]    | Validating Method: label                                                                           |
[2022-11-17 02:19:03,122] [builder.py:651]            [DEBUG]    | Value: Emmy Awards                                                                                 |
[2022-11-17 02:19:03,122] [builder.py:646]            [DEBUG]    |                                                                                                    |
[2022-11-17 02:19:03,122] [builder.py:650]            [DEBUG]    | Validating Method: imdb_list                                                                       |
[2022-11-17 02:19:03,122] [builder.py:651]            [DEBUG]    | Value: https://www.imdb.com/search/title/?release_date=1955-01-01,1955-12-31&groups=emmy_winner&sort=moviemeter,asc |
[2022-11-17 02:19:03,270] [builder.py:646]            [DEBUG]    |                                                                                                    |
[2022-11-17 02:19:03,273] [builder.py:650]            [DEBUG]    | Validating Method: collection_mode                                                                 |
[2022-11-17 02:19:03,273] [builder.py:651]            [DEBUG]    | Value: hide                                                                                        |
[2022-11-17 02:19:03,274] [builder.py:646]            [DEBUG]    |                                                                                                    |
[2022-11-17 02:19:03,274] [builder.py:650]            [DEBUG]    | Validating Method: sort_title                                                                      |
[2022-11-17 02:19:03,274] [builder.py:651]            [DEBUG]    | Value: !16_Emmys 1955                                                                              |
[2022-11-17 02:19:03,275] [builder.py:646]            [DEBUG]    |                                                                                                    |
[2022-11-17 02:19:03,276] [builder.py:650]            [DEBUG]    | Validating Method: url_poster                                                                      |
[2022-11-17 02:19:03,277] [builder.py:651]            [DEBUG]    | Value: https://raw.githubusercontent.com/meisnate12/Plex-Meta-Manager-Images/master/award/emmys/winner/1955.jpg |
[2022-11-17 02:19:03,381] [builder.py:646]            [DEBUG]    |                                                                                                    |
[2022-11-17 02:19:03,381] [builder.py:650]            [DEBUG]    | Validating Method: cache_builders                                                                  |
[2022-11-17 02:19:03,382] [builder.py:651]            [DEBUG]    | Value: 1                                                                                           |
[2022-11-17 02:19:03,387] [plex.py:835]               [DEBUG]    |                                                                                                    |
[2022-11-17 02:19:03,388] [plex.py:838]               [DEBUG]    | Looking for: Emmys 1955                                                                            |
[2022-11-17 02:19:03,388] [builder.py:814]            [INFO]     |                                                                                                    |
[2022-11-17 02:19:03,389] [builder.py:815]            [INFO]     | Validation Successful                                                                              |
[2022-11-17 02:19:03,389] [plex_meta_manager.py:594]  [INFO]     |                                                                                                    |
[2022-11-17 02:19:03,390] [plex_meta_manager.py:596]  [INFO]     |================================== Running Emmys 1955 Collection ===================================|
[2022-11-17 02:19:03,390] [plex_meta_manager.py:608]  [INFO]     |                                                                                                    |
[2022-11-17 02:19:03,390] [plex_meta_manager.py:609]  [INFO]     | Sync Mode: sync                                                                                    |
[2022-11-17 02:19:03,391] [plex_meta_manager.py:612]  [DEBUG]    |                                                                                                    |
[2022-11-17 02:19:03,391] [plex_meta_manager.py:613]  [DEBUG]    | Builder: imdb_list: {'url': 'https://www.imdb.com/search/title/?release_date=1955-01-01,1955-12-31&groups=emmy_winner&sort=moviemeter,asc', 'limit': 0} |
[2022-11-17 02:19:03,391] [plex_meta_manager.py:614]  [INFO]     |                                                                                                    |
[2022-11-17 02:19:03,393] [imdb.py:202]               [INFO]     | Processing IMDb List: https://www.imdb.com/search/title/?release_date=1955-01-01,1955-12-31&groups=emmy_winner&sort=moviemeter,asc |
[2022-11-17 02:19:05,714] [builder.py:1574]           [DEBUG]    |                                                                                                    |
[2022-11-17 02:19:05,715] [builder.py:1575]           [DEBUG]    | 10 IDs Found                                                                                       |
[2022-11-17 02:19:05,715] [builder.py:1577]           [DEBUG]    |                                                                                                    |
[2022-11-17 02:19:05,744] [builder.py:1637]           [WARNING]  | Convert Error: No TVDb ID Found for TMDb ID: 18707                                                 |
[2022-11-17 02:19:05,765] [builder.py:1637]           [WARNING]  | Convert Error: No TVDb ID Found for TMDb ID: 12020                                                 |
[2022-11-17 02:19:05,787] [builder.py:1637]           [WARNING]  | Convert Error: No TVDb ID Found for TMDb ID: 23586                                                 |
[2022-11-17 02:19:05,791] [plex_meta_manager.py:711]  [WARNING]  | Collection Warning: No items found                                                                 |
[2022-11-17 02:19:05,792] [plex_meta_manager.py:736]  [INFO]     |                                                                                                    |
[2022-11-17 02:19:05,792] [plex_meta_manager.py:737]  [INFO]     |====================================================================================================|
[2022-11-17 02:19:05,793] [plex_meta_manager.py:737]  [INFO]     |                                   Finished Emmys 1955 Collection                                   |
[2022-11-17 02:19:05,793] [plex_meta_manager.py:737]  [INFO]     |                                    Collection Run Time: 0:00:02                                    |
[2022-11-17 02:19:05,793] [plex_meta_manager.py:737]  [INFO]     |====================================================================================================|
