[2022-11-16 18:55:20,408] [builder.py:193]            [INFO]     |====================================================================================================|
[2022-11-16 18:55:20,408] [builder.py:193]            [INFO]     |                           Patrick Wilson Collection in Halloween Movies                            |
[2022-11-16 18:55:20,408] [builder.py:193]            [INFO]     |====================================================================================================|
[2022-11-16 18:55:20,408] [builder.py:194]            [INFO]     |                                                                                                    |
[2022-11-16 18:55:20,408] [builder.py:199]            [INFO]     |================================ Building Definition From Templates ================================|
[2022-11-16 18:55:20,409] [builder.py:215]            [DEBUG]    |                                                                                                    |
[2022-11-16 18:55:20,409] [meta.py:210]               [DEBUG]    |====================================== Template smart_filter =======================================|
[2022-11-16 18:55:20,409] [meta.py:451]               [DEBUG]    |                                                                                                    |
[2022-11-16 18:55:20,417] [meta.py:210]               [DEBUG]    |======================================= Template translation =======================================|
[2022-11-16 18:55:20,418] [meta.py:451]               [DEBUG]    |                                                                                                    |
[2022-11-16 18:55:20,421] [meta.py:210]               [DEBUG]    |========================================= Template shared ==========================================|
[2022-11-16 18:55:20,422] [meta.py:451]               [DEBUG]    |                                                                                                    |
[2022-11-16 18:55:20,439] [meta.py:512]               [DEBUG]    |                                                                                                    |
[2022-11-16 18:55:20,439] [meta.py:513]               [DEBUG]    |==================================== Final Template Attributes =====================================|
[2022-11-16 18:55:20,439] [meta.py:514]               [DEBUG]    |                                                                                                    |
[2022-11-16 18:55:20,439] [meta.py:515]               [DEBUG]    | {'tmdb_person': ['Patrick Wilson'], 'smart_filter': {'sort_by': 'title.asc', 'any': {'actor': 'tmdb'}}, 'summary': 'Movies with Patrick Wilson.', 'name': 'Patrick Wilson', 'ignore_blank_results': True, 'collection_mode': 'hide', 'sort_title': '!17_Patrick Wilson', 'url_poster': 'https://raw.githubusercontent.com/meisnate12/Plex-Meta-Manager-Images/master/people/rainier/Patrick%20Wilson.jpg'} |
[2022-11-16 18:55:20,439] [meta.py:516]               [DEBUG]    |                                                                                                    |
[2022-11-16 18:55:20,439] [builder.py:223]            [INFO]     |=============================== Validating Patrick Wilson Attributes ===============================|
[2022-11-16 18:55:20,439] [builder.py:226]            [DEBUG]    |                                                                                                    |
[2022-11-16 18:55:20,439] [builder.py:227]            [DEBUG]    | Validating Method: name                                                                            |
[2022-11-16 18:55:20,440] [builder.py:230]            [DEBUG]    | Value: Patrick Wilson                                                                              |
[2022-11-16 18:55:20,440] [builder.py:502]            [DEBUG]    |                                                                                                    |
[2022-11-16 18:55:20,440] [builder.py:503]            [DEBUG]    | Validating Method: ignore_blank_results                                                            |
[2022-11-16 18:55:20,440] [builder.py:504]            [DEBUG]    | Value: True                                                                                        |
[2022-11-16 18:55:20,440] [builder.py:528]            [DEBUG]    |                                                                                                    |
[2022-11-16 18:55:20,440] [builder.py:529]            [DEBUG]    | Validating Method: tmdb_person                                                                     |
[2022-11-16 18:55:20,440] [builder.py:533]            [DEBUG]    | Value: ['Patrick Wilson']                                                                          |
[2022-11-16 18:55:20,512] [builder.py:1784]           [INFO]     |                                                                                                    |
[2022-11-16 18:55:20,513] [builder.py:1785]           [INFO]     | Validating Method: smart_filter                                                                    |
[2022-11-16 18:55:20,513] [builder.py:1791]           [DEBUG]    | Value: {'sort_by': 'title.asc', 'any': {'actor': 'tmdb'}}                                          |
[2022-11-16 18:55:20,877] [builder.py:1978]           [DEBUG]    | Smart URL: ?type=1&sort=titleSort&push=1&actor=15349&pop=1                                         |
[2022-11-16 18:55:20,877] [builder.py:646]            [DEBUG]    |                                                                                                    |
[2022-11-16 18:55:20,877] [builder.py:650]            [DEBUG]    | Validating Method: label                                                                           |
[2022-11-16 18:55:20,877] [builder.py:651]            [DEBUG]    | Value: Top Actors                                                                                  |
[2022-11-16 18:55:20,877] [builder.py:646]            [DEBUG]    |                                                                                                    |
[2022-11-16 18:55:20,877] [builder.py:650]            [DEBUG]    | Validating Method: summary                                                                         |
[2022-11-16 18:55:20,877] [builder.py:651]            [DEBUG]    | Value: Movies with Patrick Wilson.                                                                 |
[2022-11-16 18:55:20,877] [builder.py:646]            [DEBUG]    |                                                                                                    |
[2022-11-16 18:55:20,877] [builder.py:650]            [DEBUG]    | Validating Method: collection_mode                                                                 |
[2022-11-16 18:55:20,878] [builder.py:651]            [DEBUG]    | Value: hide                                                                                        |
[2022-11-16 18:55:20,878] [builder.py:646]            [DEBUG]    |                                                                                                    |
[2022-11-16 18:55:20,878] [builder.py:650]            [DEBUG]    | Validating Method: sort_title                                                                      |
[2022-11-16 18:55:20,878] [builder.py:651]            [DEBUG]    | Value: !17_Patrick Wilson                                                                          |
[2022-11-16 18:55:20,878] [builder.py:646]            [DEBUG]    |                                                                                                    |
[2022-11-16 18:55:20,878] [builder.py:650]            [DEBUG]    | Validating Method: url_poster                                                                      |
[2022-11-16 18:55:20,878] [builder.py:651]            [DEBUG]    | Value: https://raw.githubusercontent.com/meisnate12/Plex-Meta-Manager-Images/master/people/rainier/Patrick%20Wilson.jpg |
[2022-11-16 18:55:21,142] [builder.py:814]            [INFO]     |                                                                                                    |
[2022-11-16 18:55:21,142] [builder.py:815]            [INFO]     | Validation Successful                                                                              |
[2022-11-16 18:55:21,142] [plex_meta_manager.py:594]  [INFO]     |                                                                                                    |
[2022-11-16 18:55:21,142] [plex_meta_manager.py:596]  [INFO]     |================================ Running Patrick Wilson Collection =================================|
[2022-11-16 18:55:21,142] [plex_meta_manager.py:602]  [INFO]     |                                                                                                    |
[2022-11-16 18:55:21,143] [plex_meta_manager.py:603]  [INFO]     | Smart Movie Filter                                                                                 |
                                                                 | Sort By: ['title.asc']
                                                                 | Filter:
                                                                 |   Match any of the following:
                                                                 |     Actor is Patrick Wilson
[2022-11-16 18:55:21,167] [builder.py:2527]           [INFO]     | 
[2022-11-16 18:55:21,167] [builder.py:2528]           [INFO]     |========================== Updating Details of Patrick Wilson Collection ===========================|
[2022-11-16 18:55:21,167] [builder.py:2529]           [INFO]     |                                                                                                    |
[2022-11-16 18:55:21,176] [builder.py:2595]           [INFO]     | Collection Metadata Edits                                                                          |
[2022-11-16 18:55:21,177] [util.py:174]               [DEBUG]    | 3 posters found:                                                                                   |
[2022-11-16 18:55:21,177] [util.py:176]               [DEBUG]    | Method: tmdb_person Poster: https://image.tmdb.org/t/p/original/tc1ezEfIY8BhCy85svOUDtpBFPt.jpg    |
[2022-11-16 18:55:21,177] [util.py:176]               [DEBUG]    | Method: url_poster Poster: https://raw.githubusercontent.com/meisnate12/Plex-Meta-Manager-Images/master/people/rainier/Patrick%20Wilson.jpg |
[2022-11-16 18:55:21,178] [util.py:176]               [DEBUG]    | Method: asset_directory Poster: {'attribute': 'asset_directory', 'location': '/config/Halloween_Movies/Assets/Patrick Wilson/poster.jpg', 'prefix': "Patrick Wilson's ", 'is_poster': True, 'is_url': False, 'compare': 944867, 'message': "Patrick Wilson's poster to [File] /config/Halloween_Movies/Assets/Patrick Wilson/poster.jpg"} |
[2022-11-16 18:55:21,178] [library.py:180]            [INFO]     | Detail: Patrick Wilson's poster update not needed                                                  |
[2022-11-16 18:55:21,200] [plex_meta_manager.py:736]  [INFO]     |                                                                                                    |
[2022-11-16 18:55:21,200] [plex_meta_manager.py:737]  [INFO]     |====================================================================================================|
[2022-11-16 18:55:21,200] [plex_meta_manager.py:737]  [INFO]     |                                 Finished Patrick Wilson Collection                                 |
[2022-11-16 18:55:21,200] [plex_meta_manager.py:737]  [INFO]     |                                    Collection Run Time: 0:00:00                                    |
[2022-11-16 18:55:21,200] [plex_meta_manager.py:737]  [INFO]     |====================================================================================================|
