[2022-11-24 16:52:52,494] [builder.py:193]            [INFO]     |====================================================================================================|
[2022-11-24 16:52:52,495] [builder.py:193]            [INFO]     |                            Molly Shannon Collection in Christmas Movies                            |
[2022-11-24 16:52:52,495] [builder.py:193]            [INFO]     |====================================================================================================|
[2022-11-24 16:52:52,495] [builder.py:194]            [INFO]     |                                                                                                    |
[2022-11-24 16:52:52,495] [builder.py:199]            [INFO]     |================================ Building Definition From Templates ================================|
[2022-11-24 16:52:52,496] [builder.py:215]            [DEBUG]    |                                                                                                    |
[2022-11-24 16:52:52,496] [meta.py:210]               [DEBUG]    |====================================== Template smart_filter =======================================|
[2022-11-24 16:52:52,497] [meta.py:451]               [DEBUG]    |                                                                                                    |
[2022-11-24 16:52:52,522] [meta.py:210]               [DEBUG]    |======================================= Template translation =======================================|
[2022-11-24 16:52:52,529] [meta.py:451]               [DEBUG]    |                                                                                                    |
[2022-11-24 16:52:52,533] [meta.py:210]               [DEBUG]    |========================================= Template shared ==========================================|
[2022-11-24 16:52:52,536] [meta.py:451]               [DEBUG]    |                                                                                                    |
[2022-11-24 16:52:52,581] [meta.py:512]               [DEBUG]    |                                                                                                    |
[2022-11-24 16:52:52,582] [meta.py:513]               [DEBUG]    |==================================== Final Template Attributes =====================================|
[2022-11-24 16:52:52,583] [meta.py:514]               [DEBUG]    |                                                                                                    |
[2022-11-24 16:52:52,583] [meta.py:515]               [DEBUG]    | {'tmdb_person': ['Molly Shannon'], 'smart_filter': {'sort_by': 'title.asc', 'any': {'actor': 'tmdb'}}, 'summary': 'Movies with Molly Shannon.', 'name': 'Molly Shannon', 'ignore_blank_results': True, 'collection_mode': 'hide', 'sort_title': '!17_Molly Shannon', 'url_poster': 'https://raw.githubusercontent.com/meisnate12/Plex-Meta-Manager-Images/master/people/rainier/Molly%20Shannon.jpg'} |
[2022-11-24 16:52:52,584] [meta.py:516]               [DEBUG]    |                                                                                                    |
[2022-11-24 16:52:52,584] [builder.py:223]            [INFO]     |=============================== Validating Molly Shannon Attributes ================================|
[2022-11-24 16:52:52,585] [builder.py:226]            [DEBUG]    |                                                                                                    |
[2022-11-24 16:52:52,585] [builder.py:227]            [DEBUG]    | Validating Method: name                                                                            |
[2022-11-24 16:52:52,585] [builder.py:230]            [DEBUG]    | Value: Molly Shannon                                                                               |
[2022-11-24 16:52:52,586] [builder.py:502]            [DEBUG]    |                                                                                                    |
[2022-11-24 16:52:52,587] [builder.py:503]            [DEBUG]    | Validating Method: ignore_blank_results                                                            |
[2022-11-24 16:52:52,587] [builder.py:504]            [DEBUG]    | Value: True                                                                                        |
[2022-11-24 16:52:52,587] [builder.py:528]            [DEBUG]    |                                                                                                    |
[2022-11-24 16:52:52,587] [builder.py:529]            [DEBUG]    | Validating Method: tmdb_person                                                                     |
[2022-11-24 16:52:52,587] [builder.py:533]            [DEBUG]    | Value: ['Molly Shannon']                                                                           |
[2022-11-24 16:52:52,789] [builder.py:1784]           [INFO]     |                                                                                                    |
[2022-11-24 16:52:52,791] [builder.py:1785]           [INFO]     | Validating Method: smart_filter                                                                    |
[2022-11-24 16:52:52,791] [builder.py:1791]           [DEBUG]    | Value: {'sort_by': 'title.asc', 'any': {'actor': 'tmdb'}}                                          |
[2022-11-24 16:52:53,798] [builder.py:1978]           [DEBUG]    | Smart URL: ?type=1&sort=titleSort&push=1&actor=87&pop=1                                            |
[2022-11-24 16:52:53,798] [builder.py:646]            [DEBUG]    |                                                                                                    |
[2022-11-24 16:52:53,798] [builder.py:650]            [DEBUG]    | Validating Method: label                                                                           |
[2022-11-24 16:52:53,799] [builder.py:651]            [DEBUG]    | Value: Top Actors                                                                                  |
[2022-11-24 16:52:53,799] [builder.py:646]            [DEBUG]    |                                                                                                    |
[2022-11-24 16:52:53,799] [builder.py:650]            [DEBUG]    | Validating Method: summary                                                                         |
[2022-11-24 16:52:53,799] [builder.py:651]            [DEBUG]    | Value: Movies with Molly Shannon.                                                                  |
[2022-11-24 16:52:53,800] [builder.py:646]            [DEBUG]    |                                                                                                    |
[2022-11-24 16:52:53,800] [builder.py:650]            [DEBUG]    | Validating Method: collection_mode                                                                 |
[2022-11-24 16:52:53,800] [builder.py:651]            [DEBUG]    | Value: hide                                                                                        |
[2022-11-24 16:52:53,800] [builder.py:646]            [DEBUG]    |                                                                                                    |
[2022-11-24 16:52:53,800] [builder.py:650]            [DEBUG]    | Validating Method: sort_title                                                                      |
[2022-11-24 16:52:53,801] [builder.py:651]            [DEBUG]    | Value: !17_Molly Shannon                                                                           |
[2022-11-24 16:52:53,801] [builder.py:646]            [DEBUG]    |                                                                                                    |
[2022-11-24 16:52:53,801] [builder.py:650]            [DEBUG]    | Validating Method: url_poster                                                                      |
[2022-11-24 16:52:53,801] [builder.py:651]            [DEBUG]    | Value: https://raw.githubusercontent.com/meisnate12/Plex-Meta-Manager-Images/master/people/rainier/Molly%20Shannon.jpg |
[2022-11-24 16:52:53,977] [plex.py:835]               [DEBUG]    |                                                                                                    |
[2022-11-24 16:52:53,977] [plex.py:838]               [DEBUG]    | Looking for: Molly Shannon                                                                         |
[2022-11-24 16:52:53,977] [builder.py:814]            [INFO]     |                                                                                                    |
[2022-11-24 16:52:53,977] [builder.py:815]            [INFO]     | Validation Successful                                                                              |
[2022-11-24 16:52:53,978] [plex_meta_manager.py:594]  [INFO]     |                                                                                                    |
[2022-11-24 16:52:53,979] [plex_meta_manager.py:596]  [INFO]     |================================= Running Molly Shannon Collection =================================|
[2022-11-24 16:52:53,979] [plex_meta_manager.py:602]  [INFO]     |                                                                                                    |
[2022-11-24 16:52:53,979] [plex_meta_manager.py:603]  [INFO]     | Smart Movie Filter                                                                                 |
                                                                 | Sort By: ['title.asc']
                                                                 | Filter:
                                                                 |   Match any of the following:
                                                                 |     Actor is Molly Shannon
[2022-11-24 16:52:54,041] [builder.py:2509]           [DEBUG]    | Smart Collection Created: ?type=1&sort=titleSort&push=1&actor=87&pop=1
[2022-11-24 16:52:54,055] [builder.py:2527]           [INFO]     | 
[2022-11-24 16:52:54,055] [builder.py:2528]           [INFO]     |=========================== Updating Details of Molly Shannon Collection ===========================|
[2022-11-24 16:52:54,055] [builder.py:2529]           [INFO]     |                                                                                                    |
[2022-11-24 16:52:54,074] [builder.py:2595]           [INFO]     | Collection Metadata Edits                                                                          |
                                                                 | Summary (summary) | Movies with Molly Shannon.
                                                                 | Sort Title | !17_Molly Shannon
                                                                 | Label | +Top Actors, +PMM
[2022-11-24 16:52:59,228] [builder.py:2599]           [INFO]     | Details: have been updated
[2022-11-24 16:52:59,228] [builder.py:2603]           [INFO]     | 
[2022-11-24 16:53:05,194] [builder.py:2615]           [INFO]     | Collection Mode | hide
[2022-11-24 16:53:05,280] [plex.py:1203]              [WARNING]  | Asset Warning: Asset Directory Not Found and Created: config/Christmas_Movies/Assets/Molly Shannon
[2022-11-24 16:53:05,280] [util.py:174]               [DEBUG]    | 2 posters found:
[2022-11-24 16:53:05,285] [util.py:176]               [DEBUG]    | Method: tmdb_person Poster: https://image.tmdb.org/t/p/original/5ZTbNpJtDRU4ZCH24nJvFRxaqAD.jpg
[2022-11-24 16:53:05,285] [util.py:176]               [DEBUG]    | Method: url_poster Poster: https://raw.githubusercontent.com/meisnate12/Plex-Meta-Manager-Images/master/people/rainier/Molly%20Shannon.jpg
[2022-11-24 16:53:05,733] [library.py:178]            [INFO]     | Detail: asset_directory updated Molly Shannon's poster to [File] config/Christmas_Movies/Assets/Molly Shannon/poster.jpg
[2022-11-24 16:53:05,799] [plex_meta_manager.py:736]  [INFO]     | 
[2022-11-24 16:53:05,800] [plex_meta_manager.py:737]  [INFO]     |====================================================================================================|
[2022-11-24 16:53:05,800] [plex_meta_manager.py:737]  [INFO]     |                                 Finished Molly Shannon Collection                                  |
[2022-11-24 16:53:05,801] [plex_meta_manager.py:737]  [INFO]     |                                    Collection Run Time: 0:00:13                                    |
[2022-11-24 16:53:05,803] [plex_meta_manager.py:737]  [INFO]     |====================================================================================================|
