[2022-11-16 23:36:26,462] [builder.py:193]            [INFO]     |====================================================================================================|
[2022-11-16 23:36:26,462] [builder.py:193]            [INFO]     |                            Dharma Productions Collection in New Movies                             |
[2022-11-16 23:36:26,463] [builder.py:193]            [INFO]     |====================================================================================================|
[2022-11-16 23:36:26,463] [builder.py:194]            [INFO]     |                                                                                                    |
[2022-11-16 23:36:26,464] [builder.py:199]            [INFO]     |================================ Building Definition From Templates ================================|
[2022-11-16 23:36:26,464] [builder.py:215]            [DEBUG]    |                                                                                                    |
[2022-11-16 23:36:26,465] [meta.py:210]               [DEBUG]    |========================================= Template Studio ==========================================|
[2022-11-16 23:36:26,465] [meta.py:451]               [DEBUG]    |                                                                                                    |
[2022-11-16 23:36:26,468] [meta.py:512]               [DEBUG]    |                                                                                                    |
[2022-11-16 23:36:26,468] [meta.py:513]               [DEBUG]    |==================================== Final Template Attributes =====================================|
[2022-11-16 23:36:26,468] [meta.py:514]               [DEBUG]    |                                                                                                    |
[2022-11-16 23:36:26,468] [meta.py:515]               [DEBUG]    | {'tmdb_company': '19146, 150300', 'sort_title': '+2_Dharma Productions', 'collection_order': 'alpha', 'sync_mode': 'sync'} |
[2022-11-16 23:36:26,469] [meta.py:516]               [DEBUG]    |                                                                                                    |
[2022-11-16 23:36:26,469] [builder.py:223]            [INFO]     |============================= Validating Dharma Productions Attributes =============================|
[2022-11-16 23:36:26,469] [builder.py:516]            [DEBUG]    |                                                                                                    |
[2022-11-16 23:36:26,470] [builder.py:517]            [DEBUG]    | Validating Method: sync_mode                                                                       |
[2022-11-16 23:36:26,470] [builder.py:521]            [DEBUG]    | Value: sync                                                                                        |
[2022-11-16 23:36:26,470] [builder.py:613]            [DEBUG]    |                                                                                                    |
[2022-11-16 23:36:26,470] [builder.py:614]            [DEBUG]    | Validating Method: collection_order                                                                |
[2022-11-16 23:36:26,470] [builder.py:615]            [DEBUG]    | Value: alpha                                                                                       |
[2022-11-16 23:36:26,471] [builder.py:646]            [DEBUG]    |                                                                                                    |
[2022-11-16 23:36:26,471] [builder.py:650]            [DEBUG]    | Validating Method: file_poster                                                                     |
[2022-11-16 23:36:26,471] [builder.py:651]            [DEBUG]    | Value: //config/assets/Dharma Productions/poster.png                                               |
[2022-11-16 23:36:26,471] [builder.py:856]            [ERROR]    | Collection Error: Poster Path Does Not Exist: //config/assets/Dharma Productions/poster.png        |
[2022-11-16 23:36:26,471] [builder.py:646]            [DEBUG]    |                                                                                                    |
[2022-11-16 23:36:26,472] [builder.py:650]            [DEBUG]    | Validating Method: summary                                                                         |
[2022-11-16 23:36:26,472] [builder.py:651]            [DEBUG]    | Value: Dharma Productions Pvt. Ltd. is an Indian production and distribution company established by Yash Johar in 1979. It was taken over in 2004 after his death by his son Karan Johar. Based in Mumbai, it mainly produces and distributes Hindi films, In November 2018, a new sector of the company was created called Dharmatic, which will focus on producing digital content for online distribution platforms |
[2022-11-16 23:36:26,472] [builder.py:646]            [DEBUG]    |                                                                                                    |
[2022-11-16 23:36:26,472] [builder.py:650]            [DEBUG]    | Validating Method: tmdb_company                                                                    |
[2022-11-16 23:36:26,472] [builder.py:651]            [DEBUG]    | Value: 19146, 150300                                                                               |
[2022-11-16 23:36:26,492] [builder.py:646]            [DEBUG]    |                                                                                                    |
[2022-11-16 23:36:26,493] [builder.py:650]            [DEBUG]    | Validating Method: sort_title                                                                      |
[2022-11-16 23:36:26,493] [builder.py:651]            [DEBUG]    | Value: +2_Dharma Productions                                                                       |
[2022-11-16 23:36:26,499] [plex.py:835]               [DEBUG]    |                                                                                                    |
[2022-11-16 23:36:26,500] [plex.py:838]               [DEBUG]    | Looking for: Dharma Productions                                                                    |
[2022-11-16 23:36:26,500] [builder.py:814]            [INFO]     |                                                                                                    |
[2022-11-16 23:36:26,500] [builder.py:815]            [INFO]     | Validation Successful                                                                              |
[2022-11-16 23:36:26,500] [plex_meta_manager.py:594]  [INFO]     |                                                                                                    |
[2022-11-16 23:36:26,500] [plex_meta_manager.py:596]  [INFO]     |============================== Running Dharma Productions Collection ===============================|
[2022-11-16 23:36:26,500] [plex_meta_manager.py:608]  [INFO]     |                                                                                                    |
[2022-11-16 23:36:26,500] [plex_meta_manager.py:609]  [INFO]     | Sync Mode: sync                                                                                    |
[2022-11-16 23:36:26,500] [plex_meta_manager.py:612]  [DEBUG]    |                                                                                                    |
[2022-11-16 23:36:26,501] [plex_meta_manager.py:613]  [DEBUG]    | Builder: tmdb_company: 19146                                                                       |
[2022-11-16 23:36:26,501] [plex_meta_manager.py:614]  [INFO]     |                                                                                                    |
[2022-11-16 23:36:26,652] [tmdb.py:335]               [INFO]     | Processing TMDb Company: (19146) Dharma Productions (64 Movies)                                    |
[2022-11-16 23:36:26,652] [builder.py:1574]           [DEBUG]    |                                                                                                    |
[2022-11-16 23:36:26,653] [builder.py:1575]           [DEBUG]    | 64 IDs Found                                                                                       |
[2022-11-16 23:36:26,653] [builder.py:1577]           [DEBUG]    |                                                                                                    |
[2022-11-16 23:36:26,653] [plex_meta_manager.py:612]  [DEBUG]    |                                                                                                    |
[2022-11-16 23:36:26,653] [plex_meta_manager.py:613]  [DEBUG]    | Builder: tmdb_company: 150300                                                                      |
[2022-11-16 23:36:26,653] [plex_meta_manager.py:614]  [INFO]     |                                                                                                    |
[2022-11-16 23:36:26,689] [tmdb.py:335]               [INFO]     | Processing TMDb Company: (150300) Dharmatic Entertainment (4 Movies)                               |
[2022-11-16 23:36:26,690] [builder.py:1574]           [DEBUG]    |                                                                                                    |
[2022-11-16 23:36:26,690] [builder.py:1575]           [DEBUG]    | 4 IDs Found                                                                                        |
[2022-11-16 23:36:26,690] [builder.py:1577]           [DEBUG]    |                                                                                                    |
[2022-11-16 23:36:26,690] [builder.py:2306]           [INFO]     |                                                                                                    |
[2022-11-16 23:36:26,690] [builder.py:2307]           [INFO]     |============================= Missing Movies from Library: New Movies ==============================|
[2022-11-16 23:36:26,690] [builder.py:2308]           [INFO]     |                                                                                                    |
[2022-11-16 23:36:26,702] [builder.py:2321]           [INFO]     | Dharma Productions Collection | ? | Sooryavanshi (2021) (TMDb: 592508)                             |
[2022-11-16 23:36:26,717] [builder.py:2321]           [INFO]     | Dharma Productions Collection | ? | Brahmāstra Part One: Shiva (2022) (TMDb: 496331)               |
[2022-11-16 23:36:26,728] [builder.py:2321]           [INFO]     | Dharma Productions Collection | ? | My Name Is Khan (2010) (TMDb: 26022)                           |
[2022-11-16 23:36:26,740] [builder.py:2321]           [INFO]     | Dharma Productions Collection | ? | Drive (2019) (TMDb: 466550)                                    |
[2022-11-16 23:36:26,753] [builder.py:2321]           [INFO]     | Dharma Productions Collection | ? | Kuch Kuch Hota Hai (1998) (TMDb: 11854)                        |
[2022-11-16 23:36:26,764] [builder.py:2321]           [INFO]     | Dharma Productions Collection | ? | Kabhi Khushi Kabhie Gham (2001) (TMDb: 10757)                  |
[2022-11-16 23:36:26,775] [builder.py:2321]           [INFO]     | Dharma Productions Collection | ? | Dear Zindagi (2016) (TMDb: 413543)                             |
[2022-11-16 23:36:26,787] [builder.py:2321]           [INFO]     | Dharma Productions Collection | ? | Student of the Year (2012) (TMDb: 138122)                      |
[2022-11-16 23:36:26,797] [builder.py:2321]           [INFO]     | Dharma Productions Collection | ? | Brothers (2015) (TMDb: 330037)                                 |
[2022-11-16 23:36:26,811] [builder.py:2321]           [INFO]     | Dharma Productions Collection | ? | Raazi (2018) (TMDb: 491629)                                    |
[2022-11-16 23:36:26,828] [builder.py:2321]           [INFO]     | Dharma Productions Collection | ? | Ae Dil Hai Mushkil (2016) (TMDb: 393445)                       |
[2022-11-16 23:36:26,840] [builder.py:2321]           [INFO]     | Dharma Productions Collection | ? | Kabhi Alvida Naa Kehna (2006) (TMDb: 14395)                    |
[2022-11-16 23:36:26,856] [builder.py:2321]           [INFO]     | Dharma Productions Collection | ? | Hasee Toh Phasee (2014) (TMDb: 251626)                         |
[2022-11-16 23:36:26,868] [builder.py:2321]           [INFO]     | Dharma Productions Collection | ? | Kesari (2019) (TMDb: 498448)                                   |
[2022-11-16 23:36:26,879] [builder.py:2321]           [INFO]     | Dharma Productions Collection | ? | Dostana (2008) (TMDb: 14071)                                   |
[2022-11-16 23:36:26,892] [builder.py:2321]           [INFO]     | Dharma Productions Collection | ? | Kal Ho Naa Ho (2003) (TMDb: 4254)                              |
[2022-11-16 23:36:26,906] [builder.py:2321]           [INFO]     | Dharma Productions Collection | ? | Wake Up Sid (2009) (TMDb: 21297)                               |
[2022-11-16 23:36:26,917] [builder.py:2321]           [INFO]     | Dharma Productions Collection | ? | Kapoor & Sons (2016) (TMDb: 374173)                            |
[2022-11-16 23:36:26,930] [builder.py:2321]           [INFO]     | Dharma Productions Collection | ? | Humpty Sharma Ki Dulhania (2014) (TMDb: 276928)                |
[2022-11-16 23:36:26,941] [builder.py:2321]           [INFO]     | Dharma Productions Collection | ? | The Lunchbox (2013) (TMDb: 191714)                             |
[2022-11-16 23:36:26,952] [builder.py:2321]           [INFO]     | Dharma Productions Collection | ? | Badrinath Ki Dulhania (2017) (TMDb: 413646)                    |
[2022-11-16 23:36:26,963] [builder.py:2321]           [INFO]     | Dharma Productions Collection | ? | Shershaah (2021) (TMDb: 599925)                                |
[2022-11-16 23:36:26,974] [builder.py:2321]           [INFO]     | Dharma Productions Collection | ? | Agneepath (2012) (TMDb: 84858)                                 |
[2022-11-16 23:36:26,985] [builder.py:2321]           [INFO]     | Dharma Productions Collection | ? | Yeh Jawaani Hai Deewani (2013) (TMDb: 185008)                  |
[2022-11-16 23:36:26,996] [builder.py:2321]           [INFO]     | Dharma Productions Collection | ? | I Hate Luv Storys (2010) (TMDb: 40777)                         |
[2022-11-16 23:36:27,008] [builder.py:2321]           [INFO]     | Dharma Productions Collection | ? | Baar Baar Dekho (2016) (TMDb: 392344)                          |
[2022-11-16 23:36:27,022] [builder.py:2321]           [INFO]     | Dharma Productions Collection | ? | Ittefaq (2017) (TMDb: 464458)                                  |
[2022-11-16 23:36:27,035] [builder.py:2321]           [INFO]     | Dharma Productions Collection | ? | Kalank (2019) (TMDb: 556271)                                   |
[2022-11-16 23:36:27,047] [builder.py:2321]           [INFO]     | Dharma Productions Collection | ? | Gehraiyaan (2022) (TMDb: 911645)                               |
[2022-11-16 23:36:27,072] [builder.py:2321]           [INFO]     | Dharma Productions Collection | ? | Duplicate (1998) (TMDb: 159090)                                |
[2022-11-16 23:36:27,086] [builder.py:2321]           [INFO]     | Dharma Productions Collection | ? | 2 States (2014) (TMDb: 259720)                                 |
[2022-11-16 23:36:27,098] [builder.py:2321]           [INFO]     | Dharma Productions Collection | ? | Kaal (2005) (TMDb: 20132)                                      |
[2022-11-16 23:36:27,110] [builder.py:2321]           [INFO]     | Dharma Productions Collection | ? | Student of the Year 2 (2019) (TMDb: 503129)                    |
[2022-11-16 23:36:27,121] [builder.py:2321]           [INFO]     | Dharma Productions Collection | ? | Shaandaar (2015) (TMDb: 362140)                                |
[2022-11-16 23:36:27,132] [builder.py:2321]           [INFO]     | Dharma Productions Collection | ? | Simmba (2018) (TMDb: 496524)                                   |
[2022-11-16 23:36:27,143] [builder.py:2321]           [INFO]     | Dharma Productions Collection | ? | Dostana (1980) (TMDb: 143844)                                  |
[2022-11-16 23:36:27,154] [builder.py:2321]           [INFO]     | Dharma Productions Collection | ? | Gunjan Saxena: The Kargil Girl (2020) (TMDb: 645489)           |
[2022-11-16 23:36:27,157] [builder.py:2321]           [INFO]     | Dharma Productions Collection | ? | Agneepath (1990) (TMDb: 37403)                                 |
[2022-11-16 23:36:27,185] [builder.py:2321]           [INFO]     | Dharma Productions Collection | ? | Ungli (2014) (TMDb: 303904)                                    |
[2022-11-16 23:36:27,190] [builder.py:2321]           [INFO]     | Dharma Productions Collection | ? | Good Newwz (2019) (TMDb: 643534)                               |
[2022-11-16 23:36:27,203] [builder.py:2321]           [INFO]     | Dharma Productions Collection | ? | Dhadak (2018) (TMDb: 504080)                                   |
[2022-11-16 23:36:27,213] [builder.py:2321]           [INFO]     | Dharma Productions Collection | ? | Ok Jaanu (2017) (TMDb: 413882)                                 |
[2022-11-16 23:36:27,224] [builder.py:2321]           [INFO]     | Dharma Productions Collection | ? | Bhoot: Part One - The Haunted Ship (2020) (TMDb: 616880)       |
[2022-11-16 23:36:27,235] [builder.py:2321]           [INFO]     | Dharma Productions Collection | ? | Kurbaan (2009) (TMDb: 24613)                                   |
[2022-11-16 23:36:27,248] [builder.py:2321]           [INFO]     | Dharma Productions Collection | ? | Gori Tere Pyaar Mein (2013) (TMDb: 237305)                     |
[2022-11-16 23:36:27,260] [builder.py:2321]           [INFO]     | Dharma Productions Collection | ? | Hum (1991) (TMDb: 65954)                                       |
[2022-11-16 23:36:27,272] [builder.py:2321]           [INFO]     | Dharma Productions Collection | ? | We Are Family (2010) (TMDb: 44972)                             |
[2022-11-16 23:36:27,288] [builder.py:2321]           [INFO]     | Dharma Productions Collection | ? | Ek Main Aur Ekk Tu (2012) (TMDb: 84533)                        |
[2022-11-16 23:36:27,300] [builder.py:2321]           [INFO]     | Dharma Productions Collection | ? | JugJugg Jeeyo (2022) (TMDb: 765019)                            |
[2022-11-16 23:36:27,316] [builder.py:2321]           [INFO]     | Dharma Productions Collection | ? | Gumrah (1993) (TMDb: 165076)                                   |
[2022-11-16 23:36:27,328] [builder.py:2325]           [INFO]     | Dharma Productions Collection | X | Rocky Aur Rani Ki Prem Kahani (2023) (TMDb: 848116)            |
[2022-11-16 23:36:27,339] [builder.py:2321]           [INFO]     | Dharma Productions Collection | ? | Muqaddar Ka Faisla (1987) (TMDb: 180761)                       |
[2022-11-16 23:36:27,350] [builder.py:2321]           [INFO]     | Dharma Productions Collection | ? | Duniya (1984) (TMDb: 420827)                                   |
[2022-11-16 23:36:27,366] [builder.py:2325]           [INFO]     | Dharma Productions Collection | X | Takht (TMDb: 590145)                                           |
[2022-11-16 23:36:27,380] [builder.py:2325]           [INFO]     | Dharma Productions Collection | X | Dostana 2 (TMDb: 656208)                                       |
[2022-11-16 23:36:27,391] [builder.py:2321]           [INFO]     | Dharma Productions Collection | ? | Gippi (2013) (TMDb: 189800)                                    |
[2022-11-16 23:36:27,404] [builder.py:2325]           [INFO]     | Dharma Productions Collection | X | Govinda Naam Mera (TMDb: 663457)                               |
[2022-11-16 23:36:27,416] [builder.py:2321]           [INFO]     | Dharma Productions Collection | ? | Bucket List (2018) (TMDb: 529202)                              |
[2022-11-16 23:36:27,428] [builder.py:2325]           [INFO]     | Dharma Productions Collection | X | Yodha (TMDb: 899718)                                           |
[2022-11-16 23:36:27,444] [builder.py:2325]           [INFO]     | Dharma Productions Collection | X | Screw Dheela (TMDb: 1004032)                                   |
[2022-11-16 23:36:27,473] [builder.py:2325]           [INFO]     | Dharma Productions Collection | X | Untitled Anand Tiwari movie (TMDb: 984101)                     |
[2022-11-16 23:36:27,496] [builder.py:2325]           [INFO]     | Dharma Productions Collection | X | Bedhadak (TMDb: 945396)                                        |
[2022-11-16 23:36:27,512] [builder.py:2325]           [INFO]     | Dharma Productions Collection | X | Selfiee (TMDb: 926130)                                         |
[2022-11-16 23:36:27,548] [builder.py:2325]           [INFO]     | Dharma Productions Collection | X | Mr. & Mrs. Mahi (TMDb: 901315)                                 |
[2022-11-16 23:36:27,567] [builder.py:2321]           [INFO]     | Dharma Productions Collection | ? | Ajeeb Daastaans (2021) (TMDb: 802403)                          |
[2022-11-16 23:36:27,578] [builder.py:2321]           [INFO]     | Dharma Productions Collection | ? | Guilty (2020) (TMDb: 675592)                                   |
[2022-11-16 23:36:27,592] [builder.py:2321]           [INFO]     | Dharma Productions Collection | ? | Searching for Sheela (2021) (TMDb: 816836)                     |
[2022-11-16 23:36:27,612] [builder.py:2321]           [INFO]     | Dharma Productions Collection | ? | Meenakshi Sundareshwar (2021) (TMDb: 828871)                   |
[2022-11-16 23:36:27,613] [builder.py:2326]           [INFO]     |                                                                                                    |
[2022-11-16 23:36:27,613] [builder.py:2327]           [INFO]     | 58 Movies Missing                                                                                  |
[2022-11-16 23:36:32,677] [plex_meta_manager.py:652]  [INFO]     |                                                                                                    |
[2022-11-16 23:36:32,677] [plex_meta_manager.py:653]  [INFO]     | Collection Minimum: 2 not met for Dharma Productions Collection                                    |
[2022-11-16 23:36:32,677] [plex_meta_manager.py:736]  [INFO]     |                                                                                                    |
[2022-11-16 23:36:32,677] [plex_meta_manager.py:737]  [INFO]     |====================================================================================================|
[2022-11-16 23:36:32,677] [plex_meta_manager.py:737]  [INFO]     |                               Finished Dharma Productions Collection                               |
[2022-11-16 23:36:32,677] [plex_meta_manager.py:737]  [INFO]     |                                    Collection Run Time: 0:00:06                                    |
[2022-11-16 23:36:32,677] [plex_meta_manager.py:737]  [INFO]     |====================================================================================================|
