[2022-11-16 22:28:53,861] [builder.py:193]            [INFO]     |====================================================================================================|
[2022-11-16 22:28:53,862] [builder.py:193]            [INFO]     |                     Razzies Golden Raspberry Winners Collection in Old Movies                      |
[2022-11-16 22:28:53,862] [builder.py:193]            [INFO]     |====================================================================================================|
[2022-11-16 22:28:53,863] [builder.py:194]            [INFO]     |                                                                                                    |
[2022-11-16 22:28:53,863] [builder.py:199]            [INFO]     |================================ Building Definition From Templates ================================|
[2022-11-16 22:28:53,863] [builder.py:209]            [DEBUG]    |                                                                                                    |
[2022-11-16 22:28:53,863] [builder.py:210]            [DEBUG]    | Validating Method: variables                                                                       |
[2022-11-16 22:28:53,863] [builder.py:215]            [DEBUG]    |                                                                                                    |
[2022-11-16 22:28:53,864] [meta.py:210]               [DEBUG]    |========================================= Template shared ==========================================|
[2022-11-16 22:28:53,865] [meta.py:451]               [DEBUG]    |                                                                                                    |
[2022-11-16 22:28:53,887] [meta.py:210]               [DEBUG]    |=========================================== Template arr ===========================================|
[2022-11-16 22:28:53,888] [meta.py:451]               [DEBUG]    |                                                                                                    |
[2022-11-16 22:28:53,897] [meta.py:210]               [DEBUG]    |========================================= Template custom ==========================================|
[2022-11-16 22:28:53,898] [meta.py:451]               [DEBUG]    |                                                                                                    |
[2022-11-16 22:28:53,903] [meta.py:210]               [DEBUG]    |======================================= Template translation =======================================|
[2022-11-16 22:28:53,904] [meta.py:451]               [DEBUG]    |                                                                                                    |
[2022-11-16 22:28:53,908] [meta.py:512]               [DEBUG]    |                                                                                                    |
[2022-11-16 22:28:53,908] [meta.py:513]               [DEBUG]    |==================================== Final Template Attributes =====================================|
[2022-11-16 22:28:53,908] [meta.py:514]               [DEBUG]    |                                                                                                    |
[2022-11-16 22:28:53,908] [meta.py:515]               [DEBUG]    | {'allowed_library_types': ['movie'], 'ignore_blank_results': True, 'collection_mode': 'hide', 'sort_title': '!16_Razzies Golden Raspberry Winners', 'url_poster': 'https://raw.githubusercontent.com/meisnate12/Plex-Meta-Manager-Images/master/award/razzies/winner.jpg', 'collection_order': 'custom', 'sync_mode': 'sync', 'cache_builders': 1, 'summary': 'The Golden Raspberry Award for Worst Picture is an award given out at the annual Golden Raspberry Awards to the worst film of the past year.', 'name': 'Razzies Golden Raspberry Winners'} |
[2022-11-16 22:28:53,908] [meta.py:516]               [DEBUG]    |                                                                                                    |
[2022-11-16 22:28:53,908] [builder.py:223]            [INFO]     |====================== Validating Razzies Golden Raspberry Winners Attributes ======================|
[2022-11-16 22:28:53,908] [builder.py:226]            [DEBUG]    |                                                                                                    |
[2022-11-16 22:28:53,909] [builder.py:227]            [DEBUG]    | Validating Method: name                                                                            |
[2022-11-16 22:28:53,909] [builder.py:230]            [DEBUG]    | Value: Razzies Golden Raspberry Winners                                                            |
[2022-11-16 22:28:53,909] [builder.py:236]            [DEBUG]    |                                                                                                    |
[2022-11-16 22:28:53,909] [builder.py:237]            [DEBUG]    | Validating Method: allowed_library_types                                                           |
[2022-11-16 22:28:53,909] [builder.py:240]            [DEBUG]    | Value: ['movie']                                                                                   |
[2022-11-16 22:28:53,909] [builder.py:502]            [DEBUG]    |                                                                                                    |
[2022-11-16 22:28:53,909] [builder.py:503]            [DEBUG]    | Validating Method: ignore_blank_results                                                            |
[2022-11-16 22:28:53,909] [builder.py:504]            [DEBUG]    | Value: True                                                                                        |
[2022-11-16 22:28:53,909] [builder.py:516]            [DEBUG]    |                                                                                                    |
[2022-11-16 22:28:53,909] [builder.py:517]            [DEBUG]    | Validating Method: sync_mode                                                                       |
[2022-11-16 22:28:53,909] [builder.py:521]            [DEBUG]    | Value: sync                                                                                        |
[2022-11-16 22:28:53,910] [builder.py:613]            [DEBUG]    |                                                                                                    |
[2022-11-16 22:28:53,910] [builder.py:614]            [DEBUG]    | Validating Method: collection_order                                                                |
[2022-11-16 22:28:53,910] [builder.py:615]            [DEBUG]    | Value: custom                                                                                      |
[2022-11-16 22:28:53,910] [builder.py:646]            [DEBUG]    |                                                                                                    |
[2022-11-16 22:28:53,910] [builder.py:650]            [DEBUG]    | Validating Method: trakt_list                                                                      |
[2022-11-16 22:28:53,910] [builder.py:651]            [DEBUG]    | Value: https://trakt.tv/users/hdlists/lists/razzie-awards-worst-picture-winners                    |
[2022-11-16 22:28:53,967] [builder.py:646]            [DEBUG]    |                                                                                                    |
[2022-11-16 22:28:53,967] [builder.py:650]            [DEBUG]    | Validating Method: collection_mode                                                                 |
[2022-11-16 22:28:53,968] [builder.py:651]            [DEBUG]    | Value: hide                                                                                        |
[2022-11-16 22:28:53,968] [builder.py:646]            [DEBUG]    |                                                                                                    |
[2022-11-16 22:28:53,968] [builder.py:650]            [DEBUG]    | Validating Method: sort_title                                                                      |
[2022-11-16 22:28:53,968] [builder.py:651]            [DEBUG]    | Value: !16_Razzies Golden Raspberry Winners                                                        |
[2022-11-16 22:28:53,968] [builder.py:646]            [DEBUG]    |                                                                                                    |
[2022-11-16 22:28:53,968] [builder.py:650]            [DEBUG]    | Validating Method: url_poster                                                                      |
[2022-11-16 22:28:53,968] [builder.py:651]            [DEBUG]    | Value: https://raw.githubusercontent.com/meisnate12/Plex-Meta-Manager-Images/master/award/razzies/winner.jpg |
[2022-11-16 22:28:54,123] [builder.py:646]            [DEBUG]    |                                                                                                    |
[2022-11-16 22:28:54,123] [builder.py:650]            [DEBUG]    | Validating Method: cache_builders                                                                  |
[2022-11-16 22:28:54,123] [builder.py:651]            [DEBUG]    | Value: 1                                                                                           |
[2022-11-16 22:28:54,123] [builder.py:646]            [DEBUG]    |                                                                                                    |
[2022-11-16 22:28:54,123] [builder.py:650]            [DEBUG]    | Validating Method: summary                                                                         |
[2022-11-16 22:28:54,123] [builder.py:651]            [DEBUG]    | Value: The Golden Raspberry Award for Worst Picture is an award given out at the annual Golden Raspberry Awards to the worst film of the past year. |
[2022-11-16 22:28:54,142] [plex.py:835]               [DEBUG]    |                                                                                                    |
[2022-11-16 22:28:54,142] [plex.py:838]               [DEBUG]    | Looking for: Razzies Golden Raspberry Winners                                                      |
[2022-11-16 22:28:54,142] [builder.py:814]            [INFO]     |                                                                                                    |
[2022-11-16 22:28:54,143] [builder.py:815]            [INFO]     | Validation Successful                                                                              |
[2022-11-16 22:28:54,146] [plex_meta_manager.py:594]  [INFO]     |                                                                                                    |
[2022-11-16 22:28:54,146] [plex_meta_manager.py:596]  [INFO]     |======================= Running Razzies Golden Raspberry Winners Collection ========================|
[2022-11-16 22:28:54,146] [plex_meta_manager.py:608]  [INFO]     |                                                                                                    |
[2022-11-16 22:28:54,147] [plex_meta_manager.py:609]  [INFO]     | Sync Mode: sync                                                                                    |
[2022-11-16 22:28:54,147] [plex_meta_manager.py:612]  [DEBUG]    |                                                                                                    |
[2022-11-16 22:28:54,147] [plex_meta_manager.py:613]  [DEBUG]    | Builder: trakt_list: https://trakt.tv/users/hdlists/lists/razzie-awards-worst-picture-winners      |
[2022-11-16 22:28:54,147] [plex_meta_manager.py:614]  [INFO]     |                                                                                                    |
[2022-11-16 22:28:54,149] [builder.py:1523]           [INFO]     | Builder: trakt_list loaded from Cache                                                              |
[2022-11-16 22:28:54,154] [builder.py:1574]           [DEBUG]    |                                                                                                    |
[2022-11-16 22:28:54,154] [builder.py:1575]           [DEBUG]    | 43 IDs Found                                                                                       |
[2022-11-16 22:28:54,154] [builder.py:1577]           [DEBUG]    |                                                                                                    |
[2022-11-16 22:28:54,155] [builder.py:2158]           [INFO]     |                                                                                                    |
[2022-11-16 22:28:54,155] [builder.py:2159]           [INFO]     |====================== Adding to Razzies Golden Raspberry Winners Collection =======================|
[2022-11-16 22:28:54,155] [builder.py:2160]           [INFO]     |                                                                                                    |
[2022-11-16 22:28:54,155] [builder.py:2174]           [INFO]     | 1/3 | Razzies Golden Raspberry Winners Collection | + | Fifty Shades of Grey (2015)                |
[2022-11-16 22:28:57,183] [builder.py:2174]           [INFO]     | 2/3 | Razzies Golden Raspberry Winners Collection | + | Transformers: Revenge of the Fallen (2009) |
[2022-11-16 22:28:57,408] [builder.py:2174]           [INFO]     | 3/3 | Razzies Golden Raspberry Winners Collection | + | Star Trek V: The Final Frontier (1989)     |
[2022-11-16 22:29:06,151] [builder.py:2194]           [INFO]     |                                                                                                    |
[2022-11-16 22:29:06,151] [builder.py:2196]           [INFO]     | 3 Movies Processed 3 Movies Added                                                                  |
[2022-11-16 22:29:06,151] [builder.py:2306]           [INFO]     |                                                                                                    |
[2022-11-16 22:29:06,151] [builder.py:2307]           [INFO]     |============================= Missing Movies from Library: Old Movies ==============================|
[2022-11-16 22:29:06,151] [builder.py:2308]           [INFO]     |                                                                                                    |
[2022-11-16 22:29:06,178] [builder.py:2321]           [INFO]     | Razzies Golden Raspberry Winners Collection | ? | Cats (2019) (TMDb: 536869)                       |
[2022-11-16 22:29:06,190] [builder.py:2321]           [INFO]     | Razzies Golden Raspberry Winners Collection | ? | Holmes & Watson (2018) (TMDb: 426563)            |
[2022-11-16 22:29:06,207] [builder.py:2321]           [INFO]     | Razzies Golden Raspberry Winners Collection | ? | The Emoji Movie (2017) (TMDb: 378236)            |
[2022-11-16 22:29:06,221] [builder.py:2321]           [INFO]     | Razzies Golden Raspberry Winners Collection | ? | Hillary's America: The Secret History of the Democratic Party (2016) (TMDb: 391995) |
[2022-11-16 22:29:06,234] [builder.py:2321]           [INFO]     | Razzies Golden Raspberry Winners Collection | ? | Fantastic Four (2015) (TMDb: 166424)             |
[2022-11-16 22:29:06,248] [builder.py:2321]           [INFO]     | Razzies Golden Raspberry Winners Collection | ? | Saving Christmas (2014) (TMDb: 295884)           |
[2022-11-16 22:29:06,260] [builder.py:2321]           [INFO]     | Razzies Golden Raspberry Winners Collection | ? | Movie 43 (2013) (TMDb: 87818)                    |
[2022-11-16 22:29:06,276] [builder.py:2321]           [INFO]     | Razzies Golden Raspberry Winners Collection | ? | The Twilight Saga: Breaking Dawn - Part 2 (2012) (TMDb: 50620) |
[2022-11-16 22:29:06,291] [builder.py:2321]           [INFO]     | Razzies Golden Raspberry Winners Collection | ? | Jack and Jill (2011) (TMDb: 71880)               |
[2022-11-16 22:29:06,311] [builder.py:2321]           [INFO]     | Razzies Golden Raspberry Winners Collection | ? | The Last Airbender (2010) (TMDb: 10196)          |
[2022-11-16 22:29:06,327] [builder.py:2321]           [INFO]     | Razzies Golden Raspberry Winners Collection | ? | The Love Guru (2008) (TMDb: 12177)               |
[2022-11-16 22:29:06,344] [builder.py:2321]           [INFO]     | Razzies Golden Raspberry Winners Collection | ? | I Know Who Killed Me (2007) (TMDb: 5857)         |
[2022-11-16 22:29:06,356] [builder.py:2321]           [INFO]     | Razzies Golden Raspberry Winners Collection | ? | Basic Instinct 2 (2006) (TMDb: 3093)             |
[2022-11-16 22:29:06,369] [builder.py:2321]           [INFO]     | Razzies Golden Raspberry Winners Collection | ? | Dirty Love (2005) (TMDb: 18189)                  |
[2022-11-16 22:29:06,382] [builder.py:2321]           [INFO]     | Razzies Golden Raspberry Winners Collection | ? | Catwoman (2004) (TMDb: 314)                      |
[2022-11-16 22:29:06,396] [builder.py:2321]           [INFO]     | Razzies Golden Raspberry Winners Collection | ? | Gigli (2003) (TMDb: 8046)                        |
[2022-11-16 22:29:06,407] [builder.py:2321]           [INFO]     | Razzies Golden Raspberry Winners Collection | ? | Swept Away (2002) (TMDb: 12779)                  |
[2022-11-16 22:29:06,419] [builder.py:2321]           [INFO]     | Razzies Golden Raspberry Winners Collection | ? | Freddy Got Fingered (2001) (TMDb: 13166)         |
[2022-11-16 22:29:06,437] [builder.py:2321]           [INFO]     | Razzies Golden Raspberry Winners Collection | ? | Battlefield Earth (2000) (TMDb: 5491)            |
[2022-11-16 22:29:06,449] [builder.py:2321]           [INFO]     | Razzies Golden Raspberry Winners Collection | ? | Wild Wild West (1999) (TMDb: 8487)               |
[2022-11-16 22:29:06,471] [builder.py:2321]           [INFO]     | Razzies Golden Raspberry Winners Collection | ? | An Alan Smithee Film: Burn, Hollywood, Burn (1998) (TMDb: 78149) |
[2022-11-16 22:29:06,488] [builder.py:2321]           [INFO]     | Razzies Golden Raspberry Winners Collection | ? | The Postman (1997) (TMDb: 9922)                  |
[2022-11-16 22:29:06,509] [builder.py:2321]           [INFO]     | Razzies Golden Raspberry Winners Collection | ? | Striptease (1996) (TMDb: 9879)                   |
[2022-11-16 22:29:06,523] [builder.py:2321]           [INFO]     | Razzies Golden Raspberry Winners Collection | ? | Showgirls (1995) (TMDb: 10802)                   |
[2022-11-16 22:29:06,538] [builder.py:2321]           [INFO]     | Razzies Golden Raspberry Winners Collection | ? | Color of Night (1994) (TMDb: 2124)               |
[2022-11-16 22:29:06,552] [builder.py:2321]           [INFO]     | Razzies Golden Raspberry Winners Collection | ? | Indecent Proposal (1993) (TMDb: 4478)            |
[2022-11-16 22:29:06,569] [builder.py:2321]           [INFO]     | Razzies Golden Raspberry Winners Collection | ? | Shining Through (1992) (TMDb: 31962)             |
[2022-11-16 22:29:06,592] [builder.py:2321]           [INFO]     | Razzies Golden Raspberry Winners Collection | ? | Hudson Hawk (1991) (TMDb: 9292)                  |
[2022-11-16 22:29:06,609] [builder.py:2321]           [INFO]     | Razzies Golden Raspberry Winners Collection | ? | The Adventures of Ford Fairlane (1990) (TMDb: 9548) |
[2022-11-16 22:29:06,620] [builder.py:2321]           [INFO]     | Razzies Golden Raspberry Winners Collection | ? | Ghosts Can't Do It (1989) (TMDb: 31281)          |
[2022-11-16 22:29:06,640] [builder.py:2321]           [INFO]     | Razzies Golden Raspberry Winners Collection | ? | Cocktail (1988) (TMDb: 7520)                     |
[2022-11-16 22:29:06,656] [builder.py:2321]           [INFO]     | Razzies Golden Raspberry Winners Collection | ? | Leonard Part 6 (1987) (TMDb: 24828)              |
[2022-11-16 22:29:06,668] [builder.py:2321]           [INFO]     | Razzies Golden Raspberry Winners Collection | ? | Howard the Duck (1986) (TMDb: 10658)             |
[2022-11-16 22:29:06,682] [builder.py:2321]           [INFO]     | Razzies Golden Raspberry Winners Collection | ? | Under the Cherry Moon (1986) (TMDb: 33345)       |
[2022-11-16 22:29:06,694] [builder.py:2321]           [INFO]     | Razzies Golden Raspberry Winners Collection | ? | Rambo: First Blood Part II (1985) (TMDb: 1369)   |
[2022-11-16 22:29:06,708] [builder.py:2321]           [INFO]     | Razzies Golden Raspberry Winners Collection | ? | Bolero (1984) (TMDb: 5896)                       |
[2022-11-16 22:29:06,720] [builder.py:2321]           [INFO]     | Razzies Golden Raspberry Winners Collection | ? | The Lonely Lady (1983) (TMDb: 114394)            |
[2022-11-16 22:29:06,738] [builder.py:2321]           [INFO]     | Razzies Golden Raspberry Winners Collection | ? | Inchon (1982) (TMDb: 113464)                     |
[2022-11-16 22:29:06,754] [builder.py:2321]           [INFO]     | Razzies Golden Raspberry Winners Collection | ? | Mommie Dearest (1981) (TMDb: 15660)              |
[2022-11-16 22:29:06,767] [builder.py:2321]           [INFO]     | Razzies Golden Raspberry Winners Collection | ? | Can't Stop the Music (1980) (TMDb: 40932)        |
[2022-11-16 22:29:06,767] [builder.py:2326]           [INFO]     |                                                                                                    |
[2022-11-16 22:29:06,768] [builder.py:2327]           [INFO]     | 40 Movies Missing                                                                                  |
[2022-11-16 22:29:11,979] [builder.py:2527]           [INFO]     |                                                                                                    |
[2022-11-16 22:29:11,979] [builder.py:2528]           [INFO]     |================= Updating Details of Razzies Golden Raspberry Winners Collection ==================|
[2022-11-16 22:29:11,979] [builder.py:2529]           [INFO]     |                                                                                                    |
[2022-11-16 22:29:11,988] [builder.py:2595]           [INFO]     | Collection Metadata Edits                                                                          |
                                                                 | Summary (summary) | The Golden Raspberry Award for Worst Picture is an award given out at the annual Golden Raspberry Awards to the worst film of the past year.
                                                                 | Sort Title | !16_Razzies Golden Raspberry Winners
                                                                 | Label | +PMM
[2022-11-16 22:29:14,464] [builder.py:2599]           [INFO]     | Details: have been updated
[2022-11-16 22:29:14,464] [builder.py:2603]           [INFO]     | 
[2022-11-16 22:29:16,775] [builder.py:2615]           [INFO]     | Collection Mode | hide
[2022-11-16 22:29:19,041] [builder.py:2629]           [INFO]     | Collection Order | custom
[2022-11-16 22:29:19,055] [plex.py:1203]              [WARNING]  | Asset Warning: Asset Directory Not Found and Created: config/Old_Movies/Assets/Razzies Golden Raspberry Winners
[2022-11-16 22:29:19,055] [util.py:174]               [DEBUG]    | 1 poster found:
[2022-11-16 22:29:19,055] [util.py:176]               [DEBUG]    | Method: url_poster Poster: https://raw.githubusercontent.com/meisnate12/Plex-Meta-Manager-Images/master/award/razzies/winner.jpg
[2022-11-16 22:29:19,323] [library.py:178]            [INFO]     | Detail: asset_directory updated Razzies Golden Raspberry Winners's poster to [File] config/Old_Movies/Assets/Razzies Golden Raspberry Winners/poster.jpg
[2022-11-16 22:29:19,394] [builder.py:2686]           [INFO]     | 
[2022-11-16 22:29:19,395] [builder.py:2687]           [INFO]     |======================= Sorting Razzies Golden Raspberry Winners Collection ========================|
[2022-11-16 22:29:19,395] [builder.py:2688]           [INFO]     |                                                                                                    |
[2022-11-16 22:29:19,395] [builder.py:2704]           [INFO]     | Moving Transformers: Revenge of the Fallen (2009) after Fifty Shades of Grey (2015)                |
[2022-11-16 22:29:19,437] [builder.py:2704]           [INFO]     | Moving Star Trek V: The Final Frontier (1989) after Transformers: Revenge of the Fallen (2009)     |
[2022-11-16 22:29:19,475] [plex_meta_manager.py:736]  [INFO]     |                                                                                                    |
[2022-11-16 22:29:19,476] [plex_meta_manager.py:737]  [INFO]     |====================================================================================================|
[2022-11-16 22:29:19,476] [plex_meta_manager.py:737]  [INFO]     |                        Finished Razzies Golden Raspberry Winners Collection                        |
[2022-11-16 22:29:19,477] [plex_meta_manager.py:737]  [INFO]     |                                    Collection Run Time: 0:00:25                                    |
[2022-11-16 22:29:19,477] [plex_meta_manager.py:737]  [INFO]     |====================================================================================================|
