[2022-11-16 19:42:28,556] [builder.py:193]            [INFO]     |====================================================================================================|
[2022-11-16 19:42:28,556] [builder.py:193]            [INFO]     |                                 Gangster Collection in Kids Movies                                 |
[2022-11-16 19:42:28,556] [builder.py:193]            [INFO]     |====================================================================================================|
[2022-11-16 19:42:28,556] [builder.py:194]            [INFO]     |                                                                                                    |
[2022-11-16 19:42:28,557] [builder.py:199]            [INFO]     |================================ Building Definition From Templates ================================|
[2022-11-16 19:42:28,557] [builder.py:215]            [DEBUG]    |                                                                                                    |
[2022-11-16 19:42:28,557] [meta.py:210]               [DEBUG]    |====================================== Template Special Genre ======================================|
[2022-11-16 19:42:28,557] [meta.py:451]               [DEBUG]    |                                                                                                    |
[2022-11-16 19:42:28,559] [meta.py:512]               [DEBUG]    |                                                                                                    |
[2022-11-16 19:42:28,559] [meta.py:513]               [DEBUG]    |==================================== Final Template Attributes =====================================|
[2022-11-16 19:42:28,559] [meta.py:514]               [DEBUG]    |                                                                                                    |
[2022-11-16 19:42:28,559] [meta.py:515]               [DEBUG]    | {'url_poster': 'https://theposterdb.com/api/assets/213102', 'collection_mode': 'hide', 'collection_order': 'release.desc'} |
[2022-11-16 19:42:28,559] [meta.py:516]               [DEBUG]    |                                                                                                    |
[2022-11-16 19:42:28,559] [builder.py:223]            [INFO]     |================================== Validating Gangster Attributes ==================================|
[2022-11-16 19:42:28,559] [builder.py:613]            [DEBUG]    |                                                                                                    |
[2022-11-16 19:42:28,560] [builder.py:614]            [DEBUG]    | Validating Method: collection_order                                                                |
[2022-11-16 19:42:28,560] [builder.py:615]            [DEBUG]    | Value: release.desc                                                                                |
[2022-11-16 19:42:28,560] [builder.py:646]            [DEBUG]    |                                                                                                    |
[2022-11-16 19:42:28,560] [builder.py:650]            [DEBUG]    | Validating Method: sort_title                                                                      |
[2022-11-16 19:42:28,560] [builder.py:651]            [DEBUG]    | Value: ++++++++_Gangster                                                                           |
[2022-11-16 19:42:28,560] [builder.py:646]            [DEBUG]    |                                                                                                    |
[2022-11-16 19:42:28,560] [builder.py:650]            [DEBUG]    | Validating Method: trakt_list                                                                      |
[2022-11-16 19:42:28,560] [builder.py:651]            [DEBUG]    | Value: ['https://trakt.tv/users/jjjonesjr33/lists/the-complete-list-of-mafia-gangsters-movies', 'https://trakt.tv/users/jjjonesjr33/lists/the-top-250-greatest-organized-crime-gangster-movies-of-all-time'] |
[2022-11-16 19:42:28,718] [builder.py:646]            [DEBUG]    |                                                                                                    |
[2022-11-16 19:42:28,719] [builder.py:650]            [DEBUG]    | Validating Method: summary                                                                         |
[2022-11-16 19:42:28,719] [builder.py:651]            [DEBUG]    | Value: Gangster films are a sub-genre of crime films that center on organized crime or the mafia. Often the plot revolves around the rise and fall of an organized crime leader. Many Gangster films explore the destructive nature of organized crime, while others attempt to show the humanity of the individual characters. |
[2022-11-16 19:42:28,719] [builder.py:646]            [DEBUG]    |                                                                                                    |
[2022-11-16 19:42:28,719] [builder.py:650]            [DEBUG]    | Validating Method: url_poster                                                                      |
[2022-11-16 19:42:28,720] [builder.py:651]            [DEBUG]    | Value: https://theposterdb.com/api/assets/213102                                                   |
[2022-11-16 19:42:29,531] [builder.py:646]            [DEBUG]    |                                                                                                    |
[2022-11-16 19:42:29,531] [builder.py:650]            [DEBUG]    | Validating Method: collection_mode                                                                 |
[2022-11-16 19:42:29,531] [builder.py:651]            [DEBUG]    | Value: hide                                                                                        |
[2022-11-16 19:42:29,537] [plex.py:835]               [DEBUG]    |                                                                                                    |
[2022-11-16 19:42:29,537] [plex.py:838]               [DEBUG]    | Looking for: Gangster                                                                              |
[2022-11-16 19:42:29,538] [builder.py:814]            [INFO]     |                                                                                                    |
[2022-11-16 19:42:29,538] [builder.py:815]            [INFO]     | Validation Successful                                                                              |
[2022-11-16 19:42:29,538] [plex_meta_manager.py:594]  [INFO]     |                                                                                                    |
[2022-11-16 19:42:29,538] [plex_meta_manager.py:596]  [INFO]     |=================================== Running Gangster Collection ====================================|
[2022-11-16 19:42:29,538] [plex_meta_manager.py:608]  [INFO]     |                                                                                                    |
[2022-11-16 19:42:29,538] [plex_meta_manager.py:609]  [INFO]     | Sync Mode: append                                                                                  |
[2022-11-16 19:42:29,538] [plex_meta_manager.py:612]  [DEBUG]    |                                                                                                    |
[2022-11-16 19:42:29,538] [plex_meta_manager.py:613]  [DEBUG]    | Builder: trakt_list: https://trakt.tv/users/jjjonesjr33/lists/the-complete-list-of-mafia-gangsters-movies |
[2022-11-16 19:42:29,538] [plex_meta_manager.py:614]  [INFO]     |                                                                                                    |
[2022-11-16 19:42:29,539] [trakt.py:493]              [INFO]     | Processing Trakt List: https://trakt.tv/users/jjjonesjr33/lists/the-complete-list-of-mafia-gangsters-movies |
[2022-11-16 19:42:29,617] [builder.py:1574]           [DEBUG]    |                                                                                                    |
[2022-11-16 19:42:29,617] [builder.py:1575]           [DEBUG]    | 168 IDs Found                                                                                      |
[2022-11-16 19:42:29,618] [builder.py:1577]           [DEBUG]    |                                                                                                    |
[2022-11-16 19:42:29,618] [plex_meta_manager.py:612]  [DEBUG]    |                                                                                                    |
[2022-11-16 19:42:29,618] [plex_meta_manager.py:613]  [DEBUG]    | Builder: trakt_list: https://trakt.tv/users/jjjonesjr33/lists/the-top-250-greatest-organized-crime-gangster-movies-of-all-time |
[2022-11-16 19:42:29,618] [plex_meta_manager.py:614]  [INFO]     |                                                                                                    |
[2022-11-16 19:42:29,618] [trakt.py:493]              [INFO]     | Processing Trakt List: https://trakt.tv/users/jjjonesjr33/lists/the-top-250-greatest-organized-crime-gangster-movies-of-all-time |
[2022-11-16 19:42:29,696] [builder.py:1574]           [DEBUG]    |                                                                                                    |
[2022-11-16 19:42:29,740] [builder.py:1575]           [DEBUG]    | 232 IDs Found                                                                                      |
[2022-11-16 19:42:29,740] [builder.py:1577]           [DEBUG]    |                                                                                                    |
[2022-11-16 19:42:29,742] [builder.py:2306]           [INFO]     |                                                                                                    |
[2022-11-16 19:42:29,742] [builder.py:2307]           [INFO]     |============================= Missing Movies from Library: Kids Movies =============================|
[2022-11-16 19:42:29,742] [builder.py:2308]           [INFO]     |                                                                                                    |
[2022-11-16 19:42:30,112] [builder.py:2321]           [INFO]     | Gangster Collection | ? | Pulp Fiction (1994) (TMDb: 680)                                          |
[2022-11-16 19:42:30,128] [builder.py:2321]           [INFO]     | Gangster Collection | ? | GoodFellas (1990) (TMDb: 769)                                            |
[2022-11-16 19:42:30,152] [builder.py:2321]           [INFO]     | Gangster Collection | ? | Snatch (2000) (TMDb: 107)                                                |
[2022-11-16 19:42:30,165] [builder.py:2321]           [INFO]     | Gangster Collection | ? | The Godfather Part II (1974) (TMDb: 240)                                 |
[2022-11-16 19:42:30,180] [builder.py:2321]           [INFO]     | Gangster Collection | ? | The Infiltrator (2016) (TMDb: 325789)                                    |
[2022-11-16 19:42:30,195] [builder.py:2321]           [INFO]     | Gangster Collection | ? | Black Mass (2015) (TMDb: 261023)                                         |
[2022-11-16 19:42:30,206] [builder.py:2321]           [INFO]     | Gangster Collection | ? | Lucky Number Slevin (2006) (TMDb: 186)                                   |
[2022-11-16 19:42:30,219] [builder.py:2321]           [INFO]     | Gangster Collection | ? | Casino (1995) (TMDb: 524)                                                |
[2022-11-16 19:42:30,231] [builder.py:2321]           [INFO]     | Gangster Collection | ? | American Gangster (2007) (TMDb: 4982)                                    |
[2022-11-16 19:42:30,243] [builder.py:2321]           [INFO]     | Gangster Collection | ? | Legend (2015) (TMDb: 276907)                                             |
[2022-11-16 19:42:30,254] [builder.py:2321]           [INFO]     | Gangster Collection | ? | The Godfather Part III (1990) (TMDb: 242)                                |
[2022-11-16 19:42:30,266] [builder.py:2321]           [INFO]     | Gangster Collection | ? | Jackie Brown (1997) (TMDb: 184)                                          |
[2022-11-16 19:42:30,283] [builder.py:2321]           [INFO]     | Gangster Collection | ? | The Raid (2012) (TMDb: 94329)                                            |
[2022-11-16 19:42:30,295] [builder.py:2321]           [INFO]     | Gangster Collection | ? | Live by Night (2016) (TMDb: 259695)                                      |
[2022-11-16 19:42:30,307] [builder.py:2321]           [INFO]     | Gangster Collection | ? | Gangster Squad (2013) (TMDb: 82682)                                      |
[2022-11-16 19:42:30,316] [builder.py:2321]           [INFO]     | Gangster Collection | ? | The Untouchables (1987) (TMDb: 117)                                      |
[2022-11-16 19:42:30,332] [builder.py:2321]           [INFO]     | Gangster Collection | ? | Lawless (2012) (TMDb: 82633)                                             |
[2022-11-16 19:42:30,361] [builder.py:2321]           [INFO]     | Gangster Collection | ? | The Family (2013) (TMDb: 112205)                                         |
[2022-11-16 19:42:30,372] [builder.py:2321]           [INFO]     | Gangster Collection | ? | RocknRolla (2008) (TMDb: 13809)                                          |
[2022-11-16 19:42:30,383] [builder.py:2321]           [INFO]     | Gangster Collection | ? | The Raid 2 (2014) (TMDb: 180299)                                         |
[2022-11-16 19:42:30,396] [builder.py:2321]           [INFO]     | Gangster Collection | ? | Donnie Brasco (1997) (TMDb: 9366)                                        |
[2022-11-16 19:42:30,427] [builder.py:2321]           [INFO]     | Gangster Collection | ? | Road to Perdition (2002) (TMDb: 4147)                                    |
[2022-11-16 19:42:30,454] [builder.py:2321]           [INFO]     | Gangster Collection | ? | Once Upon a Time in America (1984) (TMDb: 311)                           |
[2022-11-16 19:42:30,469] [builder.py:2321]           [INFO]     | Gangster Collection | ? | Safe (2012) (TMDb: 72387)                                                |
[2022-11-16 19:42:30,480] [builder.py:2321]           [INFO]     | Gangster Collection | ? | Contraband (2012) (TMDb: 77866)                                          |
[2022-11-16 19:42:30,492] [builder.py:2321]           [INFO]     | Gangster Collection | ? | Hummingbird (2013) (TMDb: 136418)                                        |
[2022-11-16 19:42:30,504] [builder.py:2321]           [INFO]     | Gangster Collection | ? | Carlito's Way (1993) (TMDb: 6075)                                        |
[2022-11-16 19:42:30,516] [builder.py:2321]           [INFO]     | Gangster Collection | ? | Analyze This (1999) (TMDb: 9535)                                         |
[2022-11-16 19:42:30,529] [builder.py:2321]           [INFO]     | Gangster Collection | ? | Dead Man Down (2013) (TMDb: 102362)                                      |
[2022-11-16 19:42:30,541] [builder.py:2321]           [INFO]     | Gangster Collection | ? | The Iceman (2012) (TMDb: 68812)                                          |
[2022-11-16 19:42:30,557] [builder.py:2321]           [INFO]     | Gangster Collection | ? | A Most Violent Year (2014) (TMDb: 241239)                                |
[2022-11-16 19:42:30,569] [builder.py:2321]           [INFO]     | Gangster Collection | ? | Miller's Crossing (1990) (TMDb: 379)                                     |
[2022-11-16 19:42:30,580] [builder.py:2321]           [INFO]     | Gangster Collection | ? | Stand Up Guys (2012) (TMDb: 121824)                                      |
[2022-11-16 19:42:30,592] [builder.py:2321]           [INFO]     | Gangster Collection | ? | 22 Bullets (2010) (TMDb: 37645)                                          |
[2022-11-16 19:42:30,608] [builder.py:2321]           [INFO]     | Gangster Collection | ? | Kill the Irishman (2011) (TMDb: 51209)                                   |
[2022-11-16 19:42:30,619] [builder.py:2321]           [INFO]     | Gangster Collection | ? | The Prince (2014) (TMDb: 241254)                                         |
[2022-11-16 19:42:30,630] [builder.py:2321]           [INFO]     | Gangster Collection | ? | Everly (2015) (TMDb: 277355)                                             |
[2022-11-16 19:42:30,642] [builder.py:2321]           [INFO]     | Gangster Collection | ? | Escobar: Paradise Lost (2014) (TMDb: 255343)                             |
[2022-11-16 19:42:30,654] [builder.py:2321]           [INFO]     | Gangster Collection | ? | Suburra (2015) (TMDb: 356296)                                            |
[2022-11-16 19:42:30,664] [builder.py:2321]           [INFO]     | Gangster Collection | ? | Sexy Beast (2000) (TMDb: 11826)                                          |
[2022-11-16 19:42:30,678] [builder.py:2321]           [INFO]     | Gangster Collection | ? | Mesrine: Killer Instinct (2008) (TMDb: 13635)                            |
[2022-11-16 19:42:30,689] [builder.py:2321]           [INFO]     | Gangster Collection | ? | Rob the Mob (2014) (TMDb: 243935)                                        |
[2022-11-16 19:42:30,706] [builder.py:2321]           [INFO]     | Gangster Collection | ? | Mesrine: Public Enemy #1 (2008) (TMDb: 15362)                            |
[2022-11-16 19:42:30,722] [builder.py:2321]           [INFO]     | Gangster Collection | ? | Gangs of Wasseypur - Part 1 (2012) (TMDb: 117691)                        |
[2022-11-16 19:42:30,738] [builder.py:2321]           [INFO]     | Gangster Collection | ? | Catch.44 (2011) (TMDb: 75736)                                            |
[2022-11-16 19:42:30,749] [builder.py:2321]           [INFO]     | Gangster Collection | ? | Get Carter (1971) (TMDb: 1485)                                           |
[2022-11-16 19:42:30,761] [builder.py:2321]           [INFO]     | Gangster Collection | ? | The Way of the Gun (2000) (TMDb: 1619)                                   |
[2022-11-16 19:42:30,773] [builder.py:2321]           [INFO]     | Gangster Collection | ? | Easy Money (2010) (TMDb: 29920)                                          |
[2022-11-16 19:42:30,789] [builder.py:2321]           [INFO]     | Gangster Collection | ? | The Long Goodbye (1973) (TMDb: 1847)                                     |
[2022-11-16 19:42:30,801] [builder.py:2321]           [INFO]     | Gangster Collection | ? | Suicide Kings (1998) (TMDb: 10668)                                       |
[2022-11-16 19:42:30,810] [builder.py:2321]           [INFO]     | Gangster Collection | ? | State of Grace (1990) (TMDb: 1662)                                       |
[2022-11-16 19:42:30,822] [builder.py:2321]           [INFO]     | Gangster Collection | ? | Ill Manors (2012) (TMDb: 109843)                                         |
[2022-11-16 19:42:30,824] [builder.py:2321]           [INFO]     | Gangster Collection | ? | A Gang Story (2011) (TMDb: 56415)                                        |
[2022-11-16 19:42:30,840] [builder.py:2321]           [INFO]     | Gangster Collection | ? | Easy Money: Hard to Kill (2012) (TMDb: 92647)                            |
[2022-11-16 19:42:30,852] [builder.py:2321]           [INFO]     | Gangster Collection | ? | Jane Austen's Mafia! (1998) (TMDb: 9835)                                 |
[2022-11-16 19:42:30,862] [builder.py:2321]           [INFO]     | Gangster Collection | ? | The Cotton Club (1984) (TMDb: 2148)                                      |
[2022-11-16 19:42:30,876] [builder.py:2321]           [INFO]     | Gangster Collection | ? | Gangster No. 1 (2000) (TMDb: 10394)                                      |
[2022-11-16 19:42:30,888] [builder.py:2321]           [INFO]     | Gangster Collection | ? | Gangster Land (2017) (TMDb: 485337)                                      |
[2022-11-16 19:42:30,900] [builder.py:2321]           [INFO]     | Gangster Collection | ? | Gotti (1996) (TMDb: 14786)                                               |
[2022-11-16 19:42:30,912] [builder.py:2321]           [INFO]     | Gangster Collection | ? | Foxy Brown (1974) (TMDb: 22048)                                          |
[2022-11-16 19:42:30,923] [builder.py:2321]           [INFO]     | Gangster Collection | ? | Cocaine Godmother (2017) (TMDb: 492258)                                  |
[2022-11-16 19:42:30,940] [builder.py:2321]           [INFO]     | Gangster Collection | ? | Easy Money III: Life Deluxe (2013) (TMDb: 196032)                        |
[2022-11-16 19:42:30,954] [builder.py:2321]           [INFO]     | Gangster Collection | ? | Mobsters (1991) (TMDb: 21219)                                            |
[2022-11-16 19:42:30,968] [builder.py:2321]           [INFO]     | Gangster Collection | ? | Cardboard Gangsters (2017) (TMDb: 462445)                                |
[2022-11-16 19:42:30,981] [builder.py:2321]           [INFO]     | Gangster Collection | ? | The Hit (1984) (TMDb: 19621)                                             |
[2022-11-16 19:42:30,992] [builder.py:2321]           [INFO]     | Gangster Collection | ? | Shootout at Lokhandwala (2007) (TMDb: 20742)                             |
[2022-11-16 19:42:31,004] [builder.py:2321]           [INFO]     | Gangster Collection | ? | Edwin Boyd: Citizen Gangster (2011) (TMDb: 92493)                        |
[2022-11-16 19:42:31,016] [builder.py:2321]           [INFO]     | Gangster Collection | ? | The Pope of Greenwich Village (1984) (TMDb: 32081)                       |
[2022-11-16 19:42:31,030] [builder.py:2321]           [INFO]     | Gangster Collection | ? | Staten Island (2009) (TMDb: 25927)                                       |
[2022-11-16 19:42:31,046] [builder.py:2321]           [INFO]     | Gangster Collection | ? | Cocaine Cowboys: Reloaded (2014) (TMDb: 314407)                          |
[2022-11-16 19:42:31,056] [builder.py:2321]           [INFO]     | Gangster Collection | ? | Even Angels Eat Beans (1973) (TMDb: 11612)                               |
[2022-11-16 19:42:31,058] [builder.py:2321]           [INFO]     | Gangster Collection | ? | Cocaine Cowboys II: Hustlin' with the Godmother (2008) (TMDb: 26769)     |
[2022-11-16 19:42:31,072] [builder.py:2321]           [INFO]     | Gangster Collection | ? | Brooklyn Rules (2007) (TMDb: 13072)                                      |
[2022-11-16 19:42:31,082] [builder.py:2321]           [INFO]     | Gangster Collection | ? | Capone (1975) (TMDb: 18710)                                              |
[2022-11-16 19:42:31,093] [builder.py:2321]           [INFO]     | Gangster Collection | ? | Black Souls (2014) (TMDb: 283707)                                        |
[2022-11-16 19:42:31,108] [builder.py:2321]           [INFO]     | Gangster Collection | ? | St George's Day (2012) (TMDb: 131737)                                    |
[2022-11-16 19:42:31,131] [builder.py:2321]           [INFO]     | Gangster Collection | ? | The Valachi Papers (1972) (TMDb: 33357)                                  |
[2022-11-16 19:42:31,153] [builder.py:2321]           [INFO]     | Gangster Collection | ? | The Sicilian (1987) (TMDb: 31945)                                        |
[2022-11-16 19:42:31,169] [builder.py:2321]           [INFO]     | Gangster Collection | ? | Narcos (1992) (TMDb: 341087)                                             |
[2022-11-16 19:42:31,187] [builder.py:2321]           [INFO]     | Gangster Collection | ? | A Very British Gangster (2007) (TMDb: 13137)                             |
[2022-11-16 19:42:31,198] [builder.py:2321]           [INFO]     | Gangster Collection | ? | Boss of Bosses (2001) (TMDb: 61899)                                      |
[2022-11-16 19:42:31,211] [builder.py:2321]           [INFO]     | Gangster Collection | ? | Borsalino (1970) (TMDb: 25251)                                           |
[2022-11-16 19:42:31,226] [builder.py:2321]           [INFO]     | Gangster Collection | ? | La trattativa (2014) (TMDb: 288694)                                      |
[2022-11-16 19:42:31,241] [builder.py:2321]           [INFO]     | Gangster Collection | ? | The Professor (1986) (TMDb: 54953)                                       |
[2022-11-16 19:42:31,255] [builder.py:2321]           [INFO]     | Gangster Collection | ? | Run (1991) (TMDb: 48129)                                                 |
[2022-11-16 19:42:31,267] [builder.py:2321]           [INFO]     | Gangster Collection | ? | Concrete Romance (2007) (TMDb: 53805)                                    |
[2022-11-16 19:42:31,285] [builder.py:2321]           [INFO]     | Gangster Collection | ? | Borsalino and Co. (1974) (TMDb: 60181)                                   |
[2022-11-16 19:42:31,301] [builder.py:2321]           [INFO]     | Gangster Collection | ? | Percentage (2013) (TMDb: 203264)                                         |
[2022-11-16 19:42:31,316] [builder.py:2321]           [INFO]     | Gangster Collection | ? | For the Love of Money (2012) (TMDb: 112130)                              |
[2022-11-16 19:42:31,330] [builder.py:2321]           [INFO]     | Gangster Collection | ? | A Judge of Honor (2004) (TMDb: 101280)                                   |
[2022-11-16 19:42:31,356] [builder.py:2321]           [INFO]     | Gangster Collection | ? | From Corleone to Brooklyn (1979) (TMDb: 105837)                          |
[2022-11-16 19:42:31,406] [builder.py:2321]           [INFO]     | Gangster Collection | ? | Bonnie and Clyde (1967) (TMDb: 475)                                      |
[2022-11-16 19:42:31,436] [builder.py:2321]           [INFO]     | Gangster Collection | ? | Scarface (1932) (TMDb: 877)                                              |
[2022-11-16 19:42:31,449] [builder.py:2321]           [INFO]     | Gangster Collection | ? | Marrying the Mafia (2002) (TMDb: 49202)                                  |
[2022-11-16 19:42:31,461] [builder.py:2321]           [INFO]     | Gangster Collection | ? | The Sicilian Clan (1969) (TMDb: 4235)                                    |
[2022-11-16 19:42:31,471] [builder.py:2321]           [INFO]     | Gangster Collection | ? | Robin and the 7 Hoods (1964) (TMDb: 17696)                               |
[2022-11-16 19:42:31,482] [builder.py:2321]           [INFO]     | Gangster Collection | ? | Bad Blood (2010) (TMDb: 34777)                                           |
[2022-11-16 19:42:31,499] [builder.py:2321]           [INFO]     | Gangster Collection | ? | Al Capone (1959) (TMDb: 43051)                                           |
[2022-11-16 19:42:31,519] [builder.py:2321]           [INFO]     | Gangster Collection | ? | Mafia (2011) (TMDb: 157107)                                              |
[2022-11-16 19:42:31,531] [builder.py:2321]           [INFO]     | Gangster Collection | ? | Chapo: El Escape Del Siglo (2016) (TMDb: 377670)                         |
[2022-11-16 19:42:31,542] [builder.py:2321]           [INFO]     | Gangster Collection | ? | Gotti (2018) (TMDb: 339103)                                              |
[2022-11-16 19:42:31,553] [builder.py:2321]           [INFO]     | Gangster Collection | ? | Operation Odessa (2018) (TMDb: 502164)                                   |
[2022-11-16 19:42:31,568] [builder.py:2321]           [INFO]     | Gangster Collection | ? | Shot Caller (2017) (TMDb: 339692)                                        |
[2022-11-16 19:42:31,643] [builder.py:2321]           [INFO]     | Gangster Collection | ? | All the Money in the World (2017) (TMDb: 446791)                         |
[2022-11-16 19:42:31,656] [builder.py:2321]           [INFO]     | Gangster Collection | ? | The Outsider (2018) (TMDb: 199928)                                       |
[2022-11-16 19:42:31,667] [builder.py:2321]           [INFO]     | Gangster Collection | ? | Darc (2018) (TMDb: 521647)                                               |
[2022-11-16 19:42:31,679] [builder.py:2321]           [INFO]     | Gangster Collection | ? | Widows (2018) (TMDb: 401469)                                             |
[2022-11-16 19:42:31,691] [builder.py:2321]           [INFO]     | Gangster Collection | ? | Loving Pablo (2017) (TMDb: 425336)                                       |
[2022-11-16 19:42:31,702] [builder.py:2321]           [INFO]     | Gangster Collection | ? | The Gangster, the Cop, the Devil (2019) (TMDb: 581528)                   |
[2022-11-16 19:42:31,713] [builder.py:2321]           [INFO]     | Gangster Collection | ? | Brawl in Cell Block 99 (2017) (TMDb: 398175)                             |
[2022-11-16 19:42:31,725] [builder.py:2321]           [INFO]     | Gangster Collection | ? | Boone: The Bounty Hunter (2017) (TMDb: 456781)                           |
[2022-11-16 19:42:31,738] [builder.py:2321]           [INFO]     | Gangster Collection | ? | Our Godfather (2019) (TMDb: 598065)                                      |
[2022-11-16 19:42:31,750] [builder.py:2321]           [INFO]     | Gangster Collection | ? | Al's Lads (2002) (TMDb: 30320)                                           |
[2022-11-16 19:42:31,762] [builder.py:2321]           [INFO]     | Gangster Collection | ? | Albanian Gangster (2018) (TMDb: 631834)                                  |
[2022-11-16 19:42:31,778] [builder.py:2321]           [INFO]     | Gangster Collection | ? | The Irishman (2019) (TMDb: 398978)                                       |
[2022-11-16 19:42:31,789] [builder.py:2321]           [INFO]     | Gangster Collection | ? | Corleone (1978) (TMDb: 167583)                                           |
[2022-11-16 19:42:31,803] [builder.py:2321]           [INFO]     | Gangster Collection | ? | The Lost Capone (1990) (TMDb: 215108)                                    |
[2022-11-16 19:42:31,815] [builder.py:2321]           [INFO]     | Gangster Collection | ? | Crime Boss (1972) (TMDb: 79426)                                          |
[2022-11-16 19:42:31,826] [builder.py:2321]           [INFO]     | Gangster Collection | ? | Family Enforcer (1976) (TMDb: 38394)                                     |
[2022-11-16 19:42:31,837] [builder.py:2321]           [INFO]     | Gangster Collection | ? | Played (2006) (TMDb: 31979)                                              |
[2022-11-16 19:42:31,849] [builder.py:2321]           [INFO]     | Gangster Collection | ? | Camorra (A Story of Streets, Women and Crime) (1985) (TMDb: 97755)       |
[2022-11-16 19:42:31,862] [builder.py:2321]           [INFO]     | Gangster Collection | ? | Manos de seda (1951) (TMDb: 675185)                                      |
[2022-11-16 19:42:31,873] [builder.py:2321]           [INFO]     | Gangster Collection | ? | Marrying the Mafia 2: Enemy-in-Law (2005) (TMDb: 49203)                  |
[2022-11-16 19:42:31,884] [builder.py:2321]           [INFO]     | Gangster Collection | ? | Marrying The Mafia 3: Family Hustle (2006) (TMDb: 49204)                 |
[2022-11-16 19:42:31,895] [builder.py:2321]           [INFO]     | Gangster Collection | ? | Excellent Cadavers (1999) (TMDb: 19189)                                  |
[2022-11-16 19:42:31,917] [builder.py:2321]           [INFO]     | Gangster Collection | ? | The Godfather (1972) (TMDb: 238)                                         |
[2022-11-16 19:42:31,927] [builder.py:2321]           [INFO]     | Gangster Collection | ? | The Departed (2006) (TMDb: 1422)                                         |
[2022-11-16 19:42:31,938] [builder.py:2321]           [INFO]     | Gangster Collection | ? | Scarface (1983) (TMDb: 111)                                              |
[2022-11-16 19:42:31,948] [builder.py:2321]           [INFO]     | Gangster Collection | ? | The Captive City (1952) (TMDb: 62006)                                    |
[2022-11-16 19:42:31,959] [builder.py:2321]           [INFO]     | Gangster Collection | ? | Gangsters (2002) (TMDb: 40417)                                           |
[2022-11-16 19:42:31,971] [builder.py:2321]           [INFO]     | Gangster Collection | ? | Mean Streets (1973) (TMDb: 203)                                          |
[2022-11-16 19:42:31,984] [builder.py:2321]           [INFO]     | Gangster Collection | ? | The Freshman (1990) (TMDb: 10168)                                        |
[2022-11-16 19:42:31,999] [builder.py:2321]           [INFO]     | Gangster Collection | ? | On the Waterfront (1954) (TMDb: 654)                                     |
[2022-11-16 19:42:32,010] [builder.py:2321]           [INFO]     | Gangster Collection | ? | The Last Godfather (2010) (TMDb: 70829)                                  |
[2022-11-16 19:42:32,031] [builder.py:2321]           [INFO]     | Gangster Collection | ? | Carlito's Way: Rise to Power (2005) (TMDb: 12261)                        |
[2022-11-16 19:42:32,042] [builder.py:2321]           [INFO]     | Gangster Collection | ? | A Bronx Tale (1993) (TMDb: 1607)                                         |
[2022-11-16 19:42:32,054] [builder.py:2321]           [INFO]     | Gangster Collection | ? | Lock, Stock and Two Smoking Barrels (1998) (TMDb: 100)                   |
[2022-11-16 19:42:32,064] [builder.py:2321]           [INFO]     | Gangster Collection | ? | Gangs of New York (2002) (TMDb: 3131)                                    |
[2022-11-16 19:42:32,080] [builder.py:2321]           [INFO]     | Gangster Collection | ? | Public Enemies (2009) (TMDb: 11322)                                      |
[2022-11-16 19:42:32,095] [builder.py:2321]           [INFO]     | Gangster Collection | ? | Angels with Dirty Faces (1938) (TMDb: 13696)                             |
[2022-11-16 19:42:32,109] [builder.py:2321]           [INFO]     | Gangster Collection | ? | 711 Ocean Drive (1950) (TMDb: 37087)                                     |
[2022-11-16 19:42:32,121] [builder.py:2321]           [INFO]     | Gangster Collection | ? | Satya (1998) (TMDb: 21502)                                               |
[2022-11-16 19:42:32,134] [builder.py:2321]           [INFO]     | Gangster Collection | ? | Violent Naples (1976) (TMDb: 94809)                                      |
[2022-11-16 19:42:32,150] [builder.py:2321]           [INFO]     | Gangster Collection | ? | Hoodlum (1997) (TMDb: 22073)                                             |
[2022-11-16 19:42:32,165] [builder.py:2321]           [INFO]     | Gangster Collection | ? | Bonanno: A Godfather's Story (1999) (TMDb: 61898)                        |
[2022-11-16 19:42:32,182] [builder.py:2321]           [INFO]     | Gangster Collection | ? | Paolo Borsellino - The 57 Days (2012) (TMDb: 112586)                     |
[2022-11-16 19:42:32,193] [builder.py:2321]           [INFO]     | Gangster Collection | ? | L'ultimo padrino (2008) (TMDb: 117875)                                   |
[2022-11-16 19:42:32,205] [builder.py:2321]           [INFO]     | Gangster Collection | ? | Key Largo (1948) (TMDb: 11016)                                           |
[2022-11-16 19:42:32,227] [builder.py:2321]           [INFO]     | Gangster Collection | ? | Our Country (2006) (TMDb: 58771)                                         |
[2022-11-16 19:42:32,239] [builder.py:2321]           [INFO]     | Gangster Collection | ? | The Last Word (1995) (TMDb: 63242)                                       |
[2022-11-16 19:42:32,250] [builder.py:2321]           [INFO]     | Gangster Collection | ? | Married to the Mob (1988) (TMDb: 2321)                                   |
[2022-11-16 19:42:32,261] [builder.py:2321]           [INFO]     | Gangster Collection | ? | Giovanni Falcone - L'uomo che sfidò Cosa Nostra (2006) (TMDb: 149959)    |
[2022-11-16 19:42:32,273] [builder.py:2321]           [INFO]     | Gangster Collection | ? | Mesrine (1984) (TMDb: 59385)                                             |
[2022-11-16 19:42:32,299] [builder.py:2321]           [INFO]     | Gangster Collection | ? | Giovanni Falcone (1992) (TMDb: 145635)                                   |
[2022-11-16 19:42:32,317] [builder.py:2321]           [INFO]     | Gangster Collection | ? | Pablo Escobar: King of Cocaine (1998) (TMDb: 248513)                     |
[2022-11-16 19:42:32,328] [builder.py:2321]           [INFO]     | Gangster Collection | ? | 2 Mobsters Against Al Capone (1966) (TMDb: 121315)                       |
[2022-11-16 19:42:32,348] [builder.py:2321]           [INFO]     | Gangster Collection | ? | Cowboys Come Riding (2008) (TMDb: 148262)                                |
[2022-11-16 19:42:32,360] [builder.py:2321]           [INFO]     | Gangster Collection | ? | The Scarface Mob (1959) (TMDb: 168513)                                   |
[2022-11-16 19:42:32,369] [builder.py:2321]           [INFO]     | Gangster Collection | ? | Godmother (1999) (TMDb: 395026)                                          |
[2022-11-16 19:42:32,380] [builder.py:2321]           [INFO]     | Gangster Collection | ? | Camorra (1972) (TMDb: 274409)                                            |
[2022-11-16 19:42:32,395] [builder.py:2321]           [INFO]     | Gangster Collection | ? | Mob War (1989) (TMDb: 95887)                                             |
[2022-11-16 19:42:32,407] [builder.py:2321]           [INFO]     | Gangster Collection | ? | Wiseguy (1996) (TMDb: 210691)                                            |
[2022-11-16 19:42:32,420] [builder.py:2321]           [INFO]     | Gangster Collection | ? | The Revenge of Al Capone (1989) (TMDb: 220175)                           |
[2022-11-16 19:42:32,435] [builder.py:2321]           [INFO]     | Gangster Collection | ? | City of Violence (1951) (TMDb: 675451)                                   |
[2022-11-16 19:42:32,460] [builder.py:2321]           [INFO]     | Gangster Collection | ? | Honor Thy Father (1973) (TMDb: 95892)                                    |
[2022-11-16 19:42:32,471] [builder.py:2321]           [INFO]     | Gangster Collection | ? | Cosa Nostra Asia (1974) (TMDb: 401879)                                   |
[2022-11-16 19:42:32,484] [builder.py:2321]           [INFO]     | Gangster Collection | ? | Gangster Wars (1981) (TMDb: 340932)                                      |
[2022-11-16 19:42:32,495] [builder.py:2321]           [INFO]     | Gangster Collection | ? | Los Tiempos de Pablo Escobar (2012) (TMDb: 912640)                       |
[2022-11-16 19:42:32,506] [builder.py:2321]           [INFO]     | Gangster Collection | ? | The Dark Knight (2008) (TMDb: 155)                                       |
[2022-11-16 19:42:32,517] [builder.py:2321]           [INFO]     | Gangster Collection | ? | The Wolf of Wall Street (2013) (TMDb: 106646)                            |
[2022-11-16 19:42:32,528] [builder.py:2321]           [INFO]     | Gangster Collection | ? | The Usual Suspects (1995) (TMDb: 629)                                    |
[2022-11-16 19:42:32,539] [builder.py:2321]           [INFO]     | Gangster Collection | ? | American Hustle (2013) (TMDb: 168672)                                    |
[2022-11-16 19:42:32,550] [builder.py:2321]           [INFO]     | Gangster Collection | ? | Heat (1995) (TMDb: 949)                                                  |
[2022-11-16 19:42:32,561] [builder.py:2321]           [INFO]     | Gangster Collection | ? | The Town (2010) (TMDb: 23168)                                            |
[2022-11-16 19:42:32,572] [builder.py:2321]           [INFO]     | Gangster Collection | ? | The Boondock Saints (1999) (TMDb: 8374)                                  |
[2022-11-16 19:42:32,592] [builder.py:2321]           [INFO]     | Gangster Collection | ? | Blow (2001) (TMDb: 4133)                                                 |
[2022-11-16 19:42:32,610] [builder.py:2321]           [INFO]     | Gangster Collection | ? | Layer Cake (2004) (TMDb: 4836)                                           |
[2022-11-16 19:42:32,621] [builder.py:2321]           [INFO]     | Gangster Collection | ? | Eastern Promises (2007) (TMDb: 2252)                                     |
[2022-11-16 19:42:32,633] [builder.py:2321]           [INFO]     | Gangster Collection | ? | Elite Squad (2007) (TMDb: 7347)                                          |
[2022-11-16 19:42:32,644] [builder.py:2321]           [INFO]     | Gangster Collection | ? | Killing Them Softly (2012) (TMDb: 64689)                                 |
[2022-11-16 19:42:32,658] [builder.py:2321]           [INFO]     | Gangster Collection | ? | Payback (1999) (TMDb: 2112)                                              |
[2022-11-16 19:42:32,678] [builder.py:2321]           [INFO]     | Gangster Collection | ? | Boyz n the Hood (1991) (TMDb: 650)                                       |
[2022-11-16 19:42:32,693] [builder.py:2321]           [INFO]     | Gangster Collection | ? | The Man from Nowhere (2010) (TMDb: 51608)                                |
[2022-11-16 19:42:32,704] [builder.py:2321]           [INFO]     | Gangster Collection | ? | Analyze That (2002) (TMDb: 9932)                                         |
[2022-11-16 19:42:32,716] [builder.py:2321]           [INFO]     | Gangster Collection | ? | Infernal Affairs (2002) (TMDb: 10775)                                    |
[2022-11-16 19:42:32,728] [builder.py:2321]           [INFO]     | Gangster Collection | ? | A Prophet (2009) (TMDb: 21575)                                           |
[2022-11-16 19:42:32,739] [builder.py:2321]           [INFO]     | Gangster Collection | ? | Running Scared (2006) (TMDb: 7304)                                       |
[2022-11-16 19:42:32,749] [builder.py:2321]           [INFO]     | Gangster Collection | ? | Menace II Society (1993) (TMDb: 9516)                                    |
[2022-11-16 19:42:32,769] [builder.py:2321]           [INFO]     | Gangster Collection | ? | We Own the Night (2007) (TMDb: 2001)                                     |
[2022-11-16 19:42:32,779] [builder.py:2321]           [INFO]     | Gangster Collection | ? | Animal Kingdom (2010) (TMDb: 44629)                                      |
[2022-11-16 19:42:32,789] [builder.py:2321]           [INFO]     | Gangster Collection | ? | Last Man Standing (1996) (TMDb: 9333)                                    |
[2022-11-16 19:42:32,799] [builder.py:2321]           [INFO]     | Gangster Collection | ? | Ichi the Killer (2001) (TMDb: 9696)                                      |
[2022-11-16 19:42:32,809] [builder.py:2321]           [INFO]     | Gangster Collection | ? | Black Rain (1989) (TMDb: 4105)                                           |
[2022-11-16 19:42:32,821] [builder.py:2321]           [INFO]     | Gangster Collection | ? | A Bittersweet Life (2005) (TMDb: 11344)                                  |
[2022-11-16 19:42:32,841] [builder.py:2321]           [INFO]     | Gangster Collection | ? | Gomorrah (2008) (TMDb: 8882)                                             |
[2022-11-16 19:42:32,852] [builder.py:2321]           [INFO]     | Gangster Collection | ? | Juice (1992) (TMDb: 16136)                                               |
[2022-11-16 19:42:32,866] [builder.py:2321]           [INFO]     | Gangster Collection | ? | Romper Stomper (1992) (TMDb: 10412)                                      |
[2022-11-16 19:42:32,890] [builder.py:2321]           [INFO]     | Gangster Collection | ? | One Eight Seven (1997) (TMDb: 6072)                                      |
[2022-11-16 19:42:32,904] [builder.py:2321]           [INFO]     | Gangster Collection | ? | The Killer (1989) (TMDb: 10835)                                          |
[2022-11-16 19:42:32,923] [builder.py:2321]           [INFO]     | Gangster Collection | ? | Bound by Honor (1993) (TMDb: 9702)                                       |
[2022-11-16 19:42:32,966] [builder.py:2321]           [INFO]     | Gangster Collection | ? | King of New York (1990) (TMDb: 9558)                                     |
[2022-11-16 19:42:32,980] [builder.py:2321]           [INFO]     | Gangster Collection | ? | Sin Nombre (2009) (TMDb: 21191)                                          |
[2022-11-16 19:42:32,994] [builder.py:2321]           [INFO]     | Gangster Collection | ? | Find Me Guilty (2006) (TMDb: 9950)                                       |
[2022-11-16 19:42:33,011] [builder.py:2321]           [INFO]     | Gangster Collection | ? | Mickey Blue Eyes (1999) (TMDb: 10154)                                    |
[2022-11-16 19:42:33,024] [builder.py:2321]           [INFO]     | Gangster Collection | ? | Paid in Full (2002) (TMDb: 13098)                                        |
[2022-11-16 19:42:33,037] [builder.py:2321]           [INFO]     | Gangster Collection | ? | Dead Presidents (1995) (TMDb: 11443)                                     |
[2022-11-16 19:42:33,069] [builder.py:2321]           [INFO]     | Gangster Collection | ? | Rise of the Footsoldier (2007) (TMDb: 13054)                             |
[2022-11-16 19:42:33,097] [builder.py:2321]           [INFO]     | Gangster Collection | ? | Fireworks (1997) (TMDb: 5910)                                            |
[2022-11-16 19:42:33,197] [builder.py:2321]           [INFO]     | Gangster Collection | ? | Baby Boy (2001) (TMDb: 16161)                                            |
[2022-11-16 19:42:33,209] [builder.py:2321]           [INFO]     | Gangster Collection | ? | My Blue Heaven (1990) (TMDb: 16384)                                      |
[2022-11-16 19:42:33,225] [builder.py:2321]           [INFO]     | Gangster Collection | ? | Brother (2000) (TMDb: 327)                                               |
[2022-11-16 19:42:33,242] [builder.py:2321]           [INFO]     | Gangster Collection | ? | Knockaround Guys (2001) (TMDb: 7501)                                     |
[2022-11-16 19:42:33,266] [builder.py:2321]           [INFO]     | Gangster Collection | ? | Bugsy Malone (1976) (TMDb: 8446)                                         |
[2022-11-16 19:42:33,283] [builder.py:2321]           [INFO]     | Gangster Collection | ? | American Me (1992) (TMDb: 13199)                                         |
[2022-11-16 19:42:33,298] [builder.py:2321]           [INFO]     | Gangster Collection | ? | Tsotsi (2005) (TMDb: 868)                                                |
[2022-11-16 19:42:33,309] [builder.py:2321]           [INFO]     | Gangster Collection | ? | A Better Tomorrow (1986) (TMDb: 11471)                                   |
[2022-11-16 19:42:33,320] [builder.py:2321]           [INFO]     | Gangster Collection | ? | Infernal Affairs II (2003) (TMDb: 11647)                                 |
[2022-11-16 19:42:33,331] [builder.py:2321]           [INFO]     | Gangster Collection | ? | Crows Zero (2007) (TMDb: 14943)                                          |
[2022-11-16 19:42:33,343] [builder.py:2321]           [INFO]     | Gangster Collection | ? | A Better Life (2011) (TMDb: 55720)                                       |
[2022-11-16 19:42:33,353] [builder.py:2321]           [INFO]     | Gangster Collection | ? | Clockers (1995) (TMDb: 20649)                                            |
[2022-11-16 19:42:33,356] [builder.py:2321]           [INFO]     | Gangster Collection | ? | Outrage (2010) (TMDb: 45284)                                             |
[2022-11-16 19:42:33,365] [builder.py:2321]           [INFO]     | Gangster Collection | ? | Sonatine (1993) (TMDb: 7500)                                             |
[2022-11-16 19:42:33,381] [builder.py:2321]           [INFO]     | Gangster Collection | ? | Shinjuku Incident (2009) (TMDb: 20083)                                   |
[2022-11-16 19:42:33,392] [builder.py:2321]           [INFO]     | Gangster Collection | ? | Hoffa (1992) (TMDb: 10410)                                               |
[2022-11-16 19:42:33,403] [builder.py:2321]           [INFO]     | Gangster Collection | ? | The Corruptor (1999) (TMDb: 9455)                                        |
[2022-11-16 19:42:33,420] [builder.py:2321]           [INFO]     | Gangster Collection | ? | Bugsy (1991) (TMDb: 10337)                                               |
[2022-11-16 19:42:33,434] [builder.py:2321]           [INFO]     | Gangster Collection | ? | The Business (2005) (TMDb: 5145)                                         |
[2022-11-16 19:42:33,446] [builder.py:2321]           [INFO]     | Gangster Collection | ? | Nameless Gangster (2012) (TMDb: 89501)                                   |
[2022-11-16 19:42:33,457] [builder.py:2321]           [INFO]     | Gangster Collection | ? | Romanzo Criminale (2005) (TMDb: 14375)                                   |
[2022-11-16 19:42:33,468] [builder.py:2321]           [INFO]     | Gangster Collection | ? | South Central (1992) (TMDb: 23196)                                       |
[2022-11-16 19:42:33,479] [builder.py:2321]           [INFO]     | Gangster Collection | ? | What Doesn't Kill You (2008) (TMDb: 15801)                               |
[2022-11-16 19:42:33,489] [builder.py:2321]           [INFO]     | Gangster Collection | ? | Election (2005) (TMDb: 18747)                                            |
[2022-11-16 19:42:33,510] [builder.py:2321]           [INFO]     | Gangster Collection | ? | A Dirty Carnival (2006) (TMDb: 23538)                                    |
[2022-11-16 19:42:33,534] [builder.py:2321]           [INFO]     | Gangster Collection | ? | Year of the Dragon (1985) (TMDb: 11018)                                  |
[2022-11-16 19:42:33,554] [builder.py:2321]           [INFO]     | Gangster Collection | ? | Innocent Blood (1992) (TMDb: 27381)                                      |
[2022-11-16 19:42:33,565] [builder.py:2321]           [INFO]     | Gangster Collection | ? | Two Hands (1999) (TMDb: 13428)                                           |
[2022-11-16 19:42:33,577] [builder.py:2321]           [INFO]     | Gangster Collection | ? | Gozu (2003) (TMDb: 12487)                                                |
[2022-11-16 19:42:33,593] [builder.py:2321]           [INFO]     | Gangster Collection | ? | Sugar Hill (1994) (TMDb: 39349)                                          |
[2022-11-16 19:42:33,605] [builder.py:2321]           [INFO]     | Gangster Collection | ? | Exiled (2006) (TMDb: 13807)                                              |
[2022-11-16 19:42:33,617] [builder.py:2321]           [INFO]     | Gangster Collection | ? | Dead or Alive (1999) (TMDb: 11315)                                       |
[2022-11-16 19:42:33,619] [builder.py:2321]           [INFO]     | Gangster Collection | ? | Bonded by Blood (2010) (TMDb: 43944)                                     |
[2022-11-16 19:42:33,633] [builder.py:2321]           [INFO]     | Gangster Collection | ? | The Yakuza (1974) (TMDb: 28415)                                          |
[2022-11-16 19:42:33,643] [builder.py:2321]           [INFO]     | Gangster Collection | ? | Empire (2002) (TMDb: 13369)                                              |
[2022-11-16 19:42:33,654] [builder.py:2321]           [INFO]     | Gangster Collection | ? | The Krays (1990) (TMDb: 21344)                                           |
[2022-11-16 19:42:33,666] [builder.py:2321]           [INFO]     | Gangster Collection | ? | 10th & Wolf (2006) (TMDb: 13197)                                         |
[2022-11-16 19:42:33,677] [builder.py:2321]           [INFO]     | Gangster Collection | ? | Gangster's Paradise: Jerusalema (2008) (TMDb: 22600)                     |
[2022-11-16 19:42:33,691] [builder.py:2321]           [INFO]     | Gangster Collection | ? | Election 2 (2006) (TMDb: 15077)                                          |
[2022-11-16 19:42:33,703] [builder.py:2321]           [INFO]     | Gangster Collection | ? | Godforsaken! (2003) (TMDb: 15525)                                        |
[2022-11-16 19:42:33,719] [builder.py:2321]           [INFO]     | Gangster Collection | ? | Boiling Point (1990) (TMDb: 26936)                                       |
[2022-11-16 19:42:33,735] [builder.py:2321]           [INFO]     | Gangster Collection | ? | City on Fire (1987) (TMDb: 42120)                                        |
[2022-11-16 19:42:33,746] [builder.py:2321]           [INFO]     | Gangster Collection | ? | The Funeral (1996) (TMDb: 21612)                                         |
[2022-11-16 19:42:33,758] [builder.py:2321]           [INFO]     | Gangster Collection | ? | Crips and Bloods: Made in America (2008) (TMDb: 18529)                   |
[2022-11-16 19:42:33,768] [builder.py:2321]           [INFO]     | Gangster Collection | ? | Welcome to Death Row (2001) (TMDb: 49039)                                |
[2022-11-16 19:42:33,778] [builder.py:2321]           [INFO]     | Gangster Collection | ? | R (2010) (TMDb: 49207)                                                   |
[2022-11-16 19:42:33,793] [builder.py:2321]           [INFO]     | Gangster Collection | ? | Failan (2001) (TMDb: 18704)                                              |
[2022-11-16 19:42:33,804] [builder.py:2321]           [INFO]     | Gangster Collection | ? | Protégé (2007) (TMDb: 16657)                                             |
[2022-11-16 19:42:33,815] [builder.py:2321]           [INFO]     | Gangster Collection | ? | Blue Hill Avenue (2001) (TMDb: 17584)                                    |
[2022-11-16 19:42:33,829] [builder.py:2321]           [INFO]     | Gangster Collection | ? | Friend (2001) (TMDb: 19635)                                              |
[2022-11-16 19:42:33,846] [builder.py:2321]           [INFO]     | Gangster Collection | ? | Dillinger (1973) (TMDb: 28110)                                           |
[2022-11-16 19:42:33,860] [builder.py:2321]           [INFO]     | Gangster Collection | ? | Battles Without Honor and Humanity (1973) (TMDb: 34326)                  |
[2022-11-16 19:42:33,872] [builder.py:2321]           [INFO]     | Gangster Collection | ? | Sunflower (2006) (TMDb: 49283)                                           |
[2022-11-16 19:42:33,884] [builder.py:2321]           [INFO]     | Gangster Collection | ? | Witness to the Mob (1998) (TMDb: 64920)                                  |
[2022-11-16 19:42:33,896] [builder.py:2321]           [INFO]     | Gangster Collection | ? | De Dominee (2004) (TMDb: 5473)                                           |
[2022-11-16 19:42:33,908] [builder.py:2321]           [INFO]     | Gangster Collection | ? | Rainy Dog (1997) (TMDb: 36244)                                           |
[2022-11-16 19:42:33,928] [builder.py:2321]           [INFO]     | Gangster Collection | ? | The Sicilian Girl (2008) (TMDb: 31111)                                   |
[2022-11-16 19:42:33,941] [builder.py:2321]           [INFO]     | Gangster Collection | ? | Monga (2010) (TMDb: 40911)                                               |
[2022-11-16 19:42:33,952] [builder.py:2321]           [INFO]     | Gangster Collection | ? | Ley Lines (1999) (TMDb: 19337)                                           |
[2022-11-16 19:42:33,964] [builder.py:2321]           [INFO]     | Gangster Collection | ? | Graveyard of Honor (2002) (TMDb: 20646)                                  |
[2022-11-16 19:42:33,979] [builder.py:2321]           [INFO]     | Gangster Collection | ? | Street Mobster (1972) (TMDb: 21613)                                      |
[2022-11-16 19:42:33,990] [builder.py:2321]           [INFO]     | Gangster Collection | ? | American Yakuza (1993) (TMDb: 36909)                                     |
[2022-11-16 19:42:34,001] [builder.py:2321]           [INFO]     | Gangster Collection | ? | This Thing of Ours (2005) (TMDb: 67373)                                  |
[2022-11-16 19:42:34,012] [builder.py:2321]           [INFO]     | Gangster Collection | ? | Wisegal (2008) (TMDb: 19402)                                             |
[2022-11-16 19:42:34,023] [builder.py:2321]           [INFO]     | Gangster Collection | ? | GONIN (1995) (TMDb: 26830)                                               |
[2022-11-16 19:42:34,037] [builder.py:2321]           [INFO]     | Gangster Collection | ? | China Girl (1987) (TMDb: 47212)                                          |
[2022-11-16 19:42:34,063] [builder.py:2321]           [INFO]     | Gangster Collection | ? | White Heat (1949) (TMDb: 15794)                                          |
[2022-11-16 19:42:34,080] [builder.py:2321]           [INFO]     | Gangster Collection | ? | The Public Enemy (1931) (TMDb: 17687)                                    |
[2022-11-16 19:42:34,092] [builder.py:2321]           [INFO]     | Gangster Collection | ? | Little Caesar (1931) (TMDb: 27899)                                       |
[2022-11-16 19:42:34,107] [builder.py:2321]           [INFO]     | Gangster Collection | ? | Branded to Kill (1967) (TMDb: 17905)                                     |
[2022-11-16 19:42:34,122] [builder.py:2321]           [INFO]     | Gangster Collection | ? | Blast of Silence (1961) (TMDb: 32008)                                    |
[2022-11-16 19:42:34,136] [builder.py:2321]           [INFO]     | Gangster Collection | ? | Yakuza Weapon (2011) (TMDb: 83192)                                       |
[2022-11-16 19:42:34,148] [builder.py:2321]           [INFO]     | Gangster Collection | ? | Graveyard of Honor (1975) (TMDb: 71851)                                  |
[2022-11-16 19:42:34,160] [builder.py:2321]           [INFO]     | Gangster Collection | ? | Tattooed Life (1965) (TMDb: 88435)                                       |
[2022-11-16 19:42:34,184] [builder.py:2321]           [INFO]     | Gangster Collection | ? | Young and Dangerous: The Prequel (1998) (TMDb: 48963)                    |
[2022-11-16 19:42:34,196] [builder.py:2321]           [INFO]     | Gangster Collection | ? | Machine-Gun Kelly (1958) (TMDb: 43119)                                   |
[2022-11-16 19:42:34,207] [builder.py:2321]           [INFO]     | Gangster Collection | ? | Family (2001) (TMDb: 115213)                                             |
[2022-11-16 19:42:34,218] [builder.py:2321]           [INFO]     | Gangster Collection | ? | Kanto Wanderer (1963) (TMDb: 42809)                                      |
[2022-11-16 19:42:34,229] [builder.py:2321]           [INFO]     | Gangster Collection | ? | A True Mob Story (1998) (TMDb: 58414)                                    |
[2022-11-16 19:42:34,239] [builder.py:2321]           [INFO]     | Gangster Collection | ? | The Last Gangster (1937) (TMDb: 28712)                                   |
[2022-11-16 19:42:34,252] [builder.py:2321]           [INFO]     | Gangster Collection | ? | Billy Bathgate (1991) (TMDb: 12647)                                      |
[2022-11-16 19:42:34,262] [builder.py:2321]           [INFO]     | Gangster Collection | ? | American History X (1998) (TMDb: 73)                                     |
[2022-11-16 19:42:34,273] [builder.py:2321]           [INFO]     | Gangster Collection | ? | L.A. Confidential (1997) (TMDb: 2118)                                    |
[2022-11-16 19:42:34,287] [builder.py:2321]           [INFO]     | Gangster Collection | ? | Reservoir Dogs (1992) (TMDb: 500)                                        |
[2022-11-16 19:42:34,364] [builder.py:2321]           [INFO]     | Gangster Collection | ? | Training Day (2001) (TMDb: 2034)                                         |
[2022-11-16 19:42:34,378] [builder.py:2321]           [INFO]     | Gangster Collection | ? | Léon: The Professional (1994) (TMDb: 101)                                |
[2022-11-16 19:42:34,381] [builder.py:2321]           [INFO]     | Gangster Collection | ? | New Jack City (1991) (TMDb: 10952)                                       |
[2022-11-16 19:42:34,392] [builder.py:2321]           [INFO]     | Gangster Collection | ? | The Roaring Twenties (1939) (TMDb: 37698)                                |
[2022-11-16 19:42:34,401] [builder.py:2321]           [INFO]     | Gangster Collection | ? | Kill Bill: Vol. 1 (2003) (TMDb: 24)                                      |
[2022-11-16 19:42:34,411] [builder.py:2321]           [INFO]     | Gangster Collection | ? | The Mission (1999) (TMDb: 45871)                                         |
[2022-11-16 19:42:34,421] [builder.py:2321]           [INFO]     | Gangster Collection | ? | Full Metal Yakuza (1997) (TMDb: 42099)                                   |
[2022-11-16 19:42:34,436] [builder.py:2321]           [INFO]     | Gangster Collection | ? | Friday (1995) (TMDb: 10634)                                              |
[2022-11-16 19:42:34,447] [builder.py:2321]           [INFO]     | Gangster Collection | ? | Chicago Overcoat (2009) (TMDb: 43213)                                    |
[2022-11-16 19:42:34,457] [builder.py:2321]           [INFO]     | Gangster Collection | ? | Drive (2011) (TMDb: 64690)                                               |
[2022-11-16 19:42:34,473] [builder.py:2321]           [INFO]     | Gangster Collection | ? | Things to Do in Denver When You're Dead (1995) (TMDb: 400)               |
[2022-11-16 19:42:34,487] [builder.py:2321]           [INFO]     | Gangster Collection | ? | Dick Tracy (1990) (TMDb: 8592)                                           |
[2022-11-16 19:42:34,507] [builder.py:2321]           [INFO]     | Gangster Collection | ? | War (2007) (TMDb: 10431)                                                 |
[2022-11-16 19:42:34,517] [builder.py:2321]           [INFO]     | Gangster Collection | ? | Lord of War (2005) (TMDb: 1830)                                          |
[2022-11-16 19:42:34,526] [builder.py:2321]           [INFO]     | Gangster Collection | ? | True Romance (1993) (TMDb: 319)                                          |
[2022-11-16 19:42:34,541] [builder.py:2321]           [INFO]     | Gangster Collection | ? | The Whole Nine Yards (2000) (TMDb: 2069)                                 |
[2022-11-16 19:42:34,553] [builder.py:2321]           [INFO]     | Gangster Collection | ? | City of God (2002) (TMDb: 598)                                           |
[2022-11-16 19:42:34,563] [builder.py:2321]           [INFO]     | Gangster Collection | ? | Cop Land (1997) (TMDb: 2142)                                             |
[2022-11-16 19:42:34,573] [builder.py:2321]           [INFO]     | Gangster Collection | ? | Above the Rim (1994) (TMDb: 19092)                                       |
[2022-11-16 19:42:34,584] [builder.py:2321]           [INFO]     | Gangster Collection | ? | Romeo Must Die (2000) (TMDb: 2085)                                       |
[2022-11-16 19:42:34,599] [builder.py:2321]           [INFO]     | Gangster Collection | ? | A History of Violence (2005) (TMDb: 59)                                  |
[2022-11-16 19:42:34,612] [builder.py:2321]           [INFO]     | Gangster Collection | ? | Mona Lisa (1986) (TMDb: 10002)                                           |
[2022-11-16 19:42:34,622] [builder.py:2321]           [INFO]     | Gangster Collection | ? | Colors (1988) (TMDb: 10126)                                              |
[2022-11-16 19:42:34,636] [builder.py:2321]           [INFO]     | Gangster Collection | ? | Gran Torino (2008) (TMDb: 13223)                                         |
[2022-11-16 19:42:34,653] [builder.py:2321]           [INFO]     | Gangster Collection | ? | Revolver (2005) (TMDb: 10851)                                            |
[2022-11-16 19:42:34,655] [builder.py:2321]           [INFO]     | Gangster Collection | ? | Flickering Lights (2000) (TMDb: 10180)                                   |
[2022-11-16 19:42:34,669] [builder.py:2321]           [INFO]     | Gangster Collection | ? | Fudoh: The New Generation (1996) (TMDb: 36282)                           |
[2022-11-16 19:42:34,679] [builder.py:2321]           [INFO]     | Gangster Collection | ? | Harlem Nights (1989) (TMDb: 9085)                                        |
[2022-11-16 19:42:34,691] [builder.py:2321]           [INFO]     | Gangster Collection | ? | Shinjuku Triad Society (1995) (TMDb: 36250)                              |
[2022-11-16 19:42:34,702] [builder.py:2321]           [INFO]     | Gangster Collection | ? | Prizzi's Honor (1985) (TMDb: 2075)                                       |
[2022-11-16 19:42:34,714] [builder.py:2321]           [INFO]     | Gangster Collection | ? | The Long Good Friday (1980) (TMDb: 14807)                                |
[2022-11-16 19:42:34,727] [builder.py:2321]           [INFO]     | Gangster Collection | ? | Chopper (2000) (TMDb: 9519)                                              |
[2022-11-16 19:42:34,740] [builder.py:2321]           [INFO]     | Gangster Collection | ? | Yakuza Graveyard (1976) (TMDb: 64578)                                    |
[2022-11-16 19:42:34,751] [builder.py:2321]           [INFO]     | Gangster Collection | ? | City of Men (2007) (TMDb: 7343)                                          |
[2022-11-16 19:42:34,763] [builder.py:2321]           [INFO]     | Gangster Collection | ? | Fresh (1994) (TMDb: 13815)                                               |
[2022-11-16 19:42:34,774] [builder.py:2321]           [INFO]     | Gangster Collection | ? | The Escort (1993) (TMDb: 68806)                                          |
[2022-11-16 19:42:34,797] [builder.py:2321]           [INFO]     | Gangster Collection | ? | Sympathy for the Underdog (1971) (TMDb: 90351)                           |
[2022-11-16 19:42:34,810] [builder.py:2321]           [INFO]     | Gangster Collection | ? | Cops vs. Thugs (1975) (TMDb: 91872)                                      |
[2022-11-16 19:42:34,836] [builder.py:2321]           [INFO]     | Gangster Collection | ? | Cocaine Cowboys (2006) (TMDb: 14761)                                     |
[2022-11-16 19:42:34,853] [builder.py:2321]           [INFO]     | Gangster Collection | ? | Stander (2003) (TMDb: 18927)                                             |
[2022-11-16 19:42:34,865] [builder.py:2321]           [INFO]     | Gangster Collection | ? | The Crew (2008) (TMDb: 14575)                                            |
[2022-11-16 19:42:34,878] [builder.py:2321]           [INFO]     | Gangster Collection | ? | Yakuza Demon (2003) (TMDb: 64579)                                        |
[2022-11-16 19:42:34,890] [builder.py:2321]           [INFO]     | Gangster Collection | ? | Men of Respect (1990) (TMDb: 96171)                                      |
[2022-11-16 19:42:34,902] [builder.py:2321]           [INFO]     | Gangster Collection | ? | Noriega: God's Favorite (2000) (TMDb: 339441)                            |
[2022-11-16 19:42:34,913] [builder.py:2321]           [INFO]     | Gangster Collection | ? | Gangland: Bullets over Hollywood (2005) (TMDb: 248515)                   |
[2022-11-16 19:42:34,923] [builder.py:2321]           [INFO]     | Gangster Collection | ? | The Man in White (2003) (TMDb: 36255)                                    |
[2022-11-16 19:42:34,924] [builder.py:2326]           [INFO]     |                                                                                                    |
[2022-11-16 19:42:34,924] [builder.py:2327]           [INFO]     | 338 Movies Missing                                                                                 |
[2022-11-16 19:42:35,451] [plex_meta_manager.py:652]  [INFO]     |                                                                                                    |
[2022-11-16 19:42:35,451] [plex_meta_manager.py:653]  [INFO]     | Collection Minimum: 2 not met for Gangster Collection                                              |
[2022-11-16 19:42:35,451] [plex_meta_manager.py:736]  [INFO]     |                                                                                                    |
[2022-11-16 19:42:35,458] [plex_meta_manager.py:737]  [INFO]     |====================================================================================================|
[2022-11-16 19:42:35,458] [plex_meta_manager.py:737]  [INFO]     |                                    Finished Gangster Collection                                    |
[2022-11-16 19:42:35,458] [plex_meta_manager.py:737]  [INFO]     |                                    Collection Run Time: 0:00:06                                    |
[2022-11-16 19:42:35,458] [plex_meta_manager.py:737]  [INFO]     |====================================================================================================|
