[2022-11-16 22:20:33,032] [builder.py:193]            [INFO]     |====================================================================================================|
[2022-11-16 22:20:33,033] [builder.py:193]            [INFO]     |                             Golden Globe 1975 Collection in Old Movies                             |
[2022-11-16 22:20:33,033] [builder.py:193]            [INFO]     |====================================================================================================|
[2022-11-16 22:20:33,033] [builder.py:194]            [INFO]     |                                                                                                    |
[2022-11-16 22:20:33,033] [builder.py:199]            [INFO]     |================================ Building Definition From Templates ================================|
[2022-11-16 22:20:33,033] [builder.py:215]            [DEBUG]    |                                                                                                    |
[2022-11-16 22:20:33,033] [meta.py:210]               [DEBUG]    |================================== Template use_year_collections ===================================|
[2022-11-16 22:20:33,034] [meta.py:451]               [DEBUG]    |                                                                                                    |
[2022-11-16 22:20:33,034] [meta.py:210]               [DEBUG]    |========================================== Template imdb ===========================================|
[2022-11-16 22:20:33,035] [meta.py:451]               [DEBUG]    |                                                                                                    |
[2022-11-16 22:20:33,036] [meta.py:210]               [DEBUG]    |======================================= Template translation =======================================|
[2022-11-16 22:20:33,037] [meta.py:451]               [DEBUG]    |                                                                                                    |
[2022-11-16 22:20:33,039] [meta.py:210]               [DEBUG]    |========================================= Template shared ==========================================|
[2022-11-16 22:20:33,040] [meta.py:451]               [DEBUG]    |                                                                                                    |
[2022-11-16 22:20:33,052] [meta.py:210]               [DEBUG]    |=========================================== Template arr ===========================================|
[2022-11-16 22:20:33,053] [meta.py:451]               [DEBUG]    |                                                                                                    |
[2022-11-16 22:20:33,060] [meta.py:210]               [DEBUG]    |========================================= Template custom ==========================================|
[2022-11-16 22:20:33,061] [meta.py:451]               [DEBUG]    |                                                                                                    |
[2022-11-16 22:20:33,065] [meta.py:512]               [DEBUG]    |                                                                                                    |
[2022-11-16 22:20:33,065] [meta.py:513]               [DEBUG]    |==================================== Final Template Attributes =====================================|
[2022-11-16 22:20:33,065] [meta.py:514]               [DEBUG]    |                                                                                                    |
[2022-11-16 22:20:33,065] [meta.py:515]               [DEBUG]    | {'imdb_list': 'https://www.imdb.com/search/title/?release_date=1975-01-01,1975-12-31&groups=golden_globe_winner&sort=moviemeter,asc', 'summary': '1975 Golden Globe Winners.', 'name': 'Golden Globe 1975', 'ignore_blank_results': True, 'collection_mode': 'hide', 'sort_title': '!16_Golden Globe 1975', 'url_poster': 'https://raw.githubusercontent.com/meisnate12/Plex-Meta-Manager-Images/master/award/golden/winner/1975.jpg', 'collection_order': 'custom', 'sync_mode': 'sync', 'cache_builders': 1} |
[2022-11-16 22:20:33,065] [meta.py:516]               [DEBUG]    |                                                                                                    |
[2022-11-16 22:20:33,065] [builder.py:223]            [INFO]     |============================= Validating Golden Globe 1975 Attributes ==============================|
[2022-11-16 22:20:33,066] [builder.py:226]            [DEBUG]    |                                                                                                    |
[2022-11-16 22:20:33,066] [builder.py:227]            [DEBUG]    | Validating Method: name                                                                            |
[2022-11-16 22:20:33,066] [builder.py:230]            [DEBUG]    | Value: Golden Globe 1975                                                                           |
[2022-11-16 22:20:33,066] [builder.py:502]            [DEBUG]    |                                                                                                    |
[2022-11-16 22:20:33,066] [builder.py:503]            [DEBUG]    | Validating Method: ignore_blank_results                                                            |
[2022-11-16 22:20:33,066] [builder.py:504]            [DEBUG]    | Value: True                                                                                        |
[2022-11-16 22:20:33,066] [builder.py:516]            [DEBUG]    |                                                                                                    |
[2022-11-16 22:20:33,066] [builder.py:517]            [DEBUG]    | Validating Method: sync_mode                                                                       |
[2022-11-16 22:20:33,066] [builder.py:521]            [DEBUG]    | Value: sync                                                                                        |
[2022-11-16 22:20:33,066] [builder.py:613]            [DEBUG]    |                                                                                                    |
[2022-11-16 22:20:33,066] [builder.py:614]            [DEBUG]    | Validating Method: collection_order                                                                |
[2022-11-16 22:20:33,066] [builder.py:615]            [DEBUG]    | Value: custom                                                                                      |
[2022-11-16 22:20:33,067] [builder.py:646]            [DEBUG]    |                                                                                                    |
[2022-11-16 22:20:33,067] [builder.py:650]            [DEBUG]    | Validating Method: label                                                                           |
[2022-11-16 22:20:33,067] [builder.py:651]            [DEBUG]    | Value: Golden Globes Awards                                                                        |
[2022-11-16 22:20:33,067] [builder.py:646]            [DEBUG]    |                                                                                                    |
[2022-11-16 22:20:33,067] [builder.py:650]            [DEBUG]    | Validating Method: imdb_list                                                                       |
[2022-11-16 22:20:33,067] [builder.py:651]            [DEBUG]    | Value: https://www.imdb.com/search/title/?release_date=1975-01-01,1975-12-31&groups=golden_globe_winner&sort=moviemeter,asc |
[2022-11-16 22:20:33,282] [builder.py:646]            [DEBUG]    |                                                                                                    |
[2022-11-16 22:20:33,284] [builder.py:650]            [DEBUG]    | Validating Method: summary                                                                         |
[2022-11-16 22:20:33,284] [builder.py:651]            [DEBUG]    | Value: 1975 Golden Globe Winners.                                                                  |
[2022-11-16 22:20:33,284] [builder.py:646]            [DEBUG]    |                                                                                                    |
[2022-11-16 22:20:33,284] [builder.py:650]            [DEBUG]    | Validating Method: collection_mode                                                                 |
[2022-11-16 22:20:33,284] [builder.py:651]            [DEBUG]    | Value: hide                                                                                        |
[2022-11-16 22:20:33,284] [builder.py:646]            [DEBUG]    |                                                                                                    |
[2022-11-16 22:20:33,284] [builder.py:650]            [DEBUG]    | Validating Method: sort_title                                                                      |
[2022-11-16 22:20:33,284] [builder.py:651]            [DEBUG]    | Value: !16_Golden Globe 1975                                                                       |
[2022-11-16 22:20:33,284] [builder.py:646]            [DEBUG]    |                                                                                                    |
[2022-11-16 22:20:33,284] [builder.py:650]            [DEBUG]    | Validating Method: url_poster                                                                      |
[2022-11-16 22:20:33,285] [builder.py:651]            [DEBUG]    | Value: https://raw.githubusercontent.com/meisnate12/Plex-Meta-Manager-Images/master/award/golden/winner/1975.jpg |
[2022-11-16 22:20:33,433] [builder.py:646]            [DEBUG]    |                                                                                                    |
[2022-11-16 22:20:33,433] [builder.py:650]            [DEBUG]    | Validating Method: cache_builders                                                                  |
[2022-11-16 22:20:33,433] [builder.py:651]            [DEBUG]    | Value: 1                                                                                           |
[2022-11-16 22:20:33,438] [plex.py:835]               [DEBUG]    |                                                                                                    |
[2022-11-16 22:20:33,438] [plex.py:838]               [DEBUG]    | Looking for: Golden Globe 1975                                                                     |
[2022-11-16 22:20:33,438] [builder.py:814]            [INFO]     |                                                                                                    |
[2022-11-16 22:20:33,438] [builder.py:815]            [INFO]     | Validation Successful                                                                              |
[2022-11-16 22:20:33,438] [plex_meta_manager.py:594]  [INFO]     |                                                                                                    |
[2022-11-16 22:20:33,438] [plex_meta_manager.py:596]  [INFO]     |=============================== Running Golden Globe 1975 Collection ===============================|
[2022-11-16 22:20:33,439] [plex_meta_manager.py:608]  [INFO]     |                                                                                                    |
[2022-11-16 22:20:33,439] [plex_meta_manager.py:609]  [INFO]     | Sync Mode: sync                                                                                    |
[2022-11-16 22:20:33,439] [plex_meta_manager.py:612]  [DEBUG]    |                                                                                                    |
[2022-11-16 22:20:33,439] [plex_meta_manager.py:613]  [DEBUG]    | Builder: imdb_list: {'url': 'https://www.imdb.com/search/title/?release_date=1975-01-01,1975-12-31&groups=golden_globe_winner&sort=moviemeter,asc', 'limit': 0} |
[2022-11-16 22:20:33,439] [plex_meta_manager.py:614]  [INFO]     |                                                                                                    |
[2022-11-16 22:20:33,440] [builder.py:1523]           [INFO]     | Builder: imdb_list loaded from Cache                                                               |
[2022-11-16 22:20:33,442] [builder.py:1574]           [DEBUG]    |                                                                                                    |
[2022-11-16 22:20:33,443] [builder.py:1575]           [DEBUG]    | 12 IDs Found                                                                                       |
[2022-11-16 22:20:33,443] [builder.py:1577]           [DEBUG]    |                                                                                                    |
[2022-11-16 22:20:33,456] [builder.py:2306]           [INFO]     |                                                                                                    |
[2022-11-16 22:20:33,457] [builder.py:2307]           [INFO]     |============================= Missing Movies from Library: Old Movies ==============================|
[2022-11-16 22:20:33,457] [builder.py:2308]           [INFO]     |                                                                                                    |
[2022-11-16 22:20:33,470] [builder.py:2321]           [INFO]     | Golden Globe 1975 Collection | ? | One Flew Over the Cuckoo's Nest (1975) (TMDb: 510)              |
[2022-11-16 22:20:33,482] [builder.py:2321]           [INFO]     | Golden Globe 1975 Collection | ? | Nashville (1975) (TMDb: 3121)                                   |
[2022-11-16 22:20:33,496] [builder.py:2321]           [INFO]     | Golden Globe 1975 Collection | ? | Tommy (1975) (TMDb: 11326)                                      |
[2022-11-16 22:20:33,508] [builder.py:2321]           [INFO]     | Golden Globe 1975 Collection | ? | The Other Side of the Mountain (1975) (TMDb: 86233)             |
[2022-11-16 22:20:33,517] [builder.py:2321]           [INFO]     | Golden Globe 1975 Collection | ? | The Sunshine Boys (1975) (TMDb: 16561)                          |
[2022-11-16 22:20:33,530] [builder.py:2321]           [INFO]     | Golden Globe 1975 Collection | ? | Jacqueline Susann's Once Is Not Enough (1975) (TMDb: 97831)     |
[2022-11-16 22:20:33,542] [builder.py:2321]           [INFO]     | Golden Globe 1975 Collection | ? | Lies My Father Told Me (1975) (TMDb: 92285)                     |
[2022-11-16 22:20:33,687] [builder.py:2321]           [INFO]     | Golden Globe 1975 Collection | ? | Babe (1975) (TMDb: 194368)                                      |
[2022-11-16 22:20:33,689] [builder.py:2326]           [INFO]     |                                                                                                    |
[2022-11-16 22:20:33,691] [builder.py:2327]           [INFO]     | 8 Movies Missing                                                                                   |
[2022-11-16 22:20:37,116] [plex_meta_manager.py:652]  [INFO]     |                                                                                                    |
[2022-11-16 22:20:37,116] [plex_meta_manager.py:653]  [INFO]     | Collection Minimum: 2 not met for Golden Globe 1975 Collection                                     |
[2022-11-16 22:20:37,117] [plex_meta_manager.py:736]  [INFO]     |                                                                                                    |
[2022-11-16 22:20:37,117] [plex_meta_manager.py:737]  [INFO]     |====================================================================================================|
[2022-11-16 22:20:37,117] [plex_meta_manager.py:737]  [INFO]     |                               Finished Golden Globe 1975 Collection                                |
[2022-11-16 22:20:37,117] [plex_meta_manager.py:737]  [INFO]     |                                    Collection Run Time: 0:00:04                                    |
[2022-11-16 22:20:37,117] [plex_meta_manager.py:737]  [INFO]     |====================================================================================================|
