[2022-11-16 23:46:10,796] [builder.py:193]            [INFO]     |====================================================================================================|
[2022-11-16 23:46:10,796] [builder.py:193]            [INFO]     |                         Tomasz Mandes (Producer) Collection in New Movies                          |
[2022-11-16 23:46:10,796] [builder.py:193]            [INFO]     |====================================================================================================|
[2022-11-16 23:46:10,796] [builder.py:194]            [INFO]     |                                                                                                    |
[2022-11-16 23:46:10,796] [builder.py:199]            [INFO]     |================================ Building Definition From Templates ================================|
[2022-11-16 23:46:10,796] [builder.py:215]            [DEBUG]    |                                                                                                    |
[2022-11-16 23:46:10,796] [meta.py:210]               [DEBUG]    |====================================== Template smart_filter =======================================|
[2022-11-16 23:46:10,797] [meta.py:451]               [DEBUG]    |                                                                                                    |
[2022-11-16 23:46:10,802] [meta.py:210]               [DEBUG]    |======================================= Template translation =======================================|
[2022-11-16 23:46:10,803] [meta.py:451]               [DEBUG]    |                                                                                                    |
[2022-11-16 23:46:10,805] [meta.py:210]               [DEBUG]    |========================================= Template shared ==========================================|
[2022-11-16 23:46:10,806] [meta.py:451]               [DEBUG]    |                                                                                                    |
[2022-11-16 23:46:10,817] [meta.py:512]               [DEBUG]    |                                                                                                    |
[2022-11-16 23:46:10,817] [meta.py:513]               [DEBUG]    |==================================== Final Template Attributes =====================================|
[2022-11-16 23:46:10,817] [meta.py:514]               [DEBUG]    |                                                                                                    |
[2022-11-16 23:46:10,817] [meta.py:515]               [DEBUG]    | {'tmdb_person': ['Tomasz Mandes'], 'smart_filter': {'sort_by': 'title.asc', 'any': {'producer': 'tmdb'}}, 'summary': 'Movies produced by Tomasz Mandes.', 'name': 'Tomasz Mandes (Producer)', 'ignore_blank_results': True, 'collection_mode': 'hide', 'sort_title': '!19_Tomasz Mandes (Producer)', 'url_poster': 'https://raw.githubusercontent.com/meisnate12/Plex-Meta-Manager-Images/master/people/rainier/Tomasz%20Mandes.jpg'} |
[2022-11-16 23:46:10,817] [meta.py:516]               [DEBUG]    |                                                                                                    |
[2022-11-16 23:46:10,817] [builder.py:223]            [INFO]     |========================== Validating Tomasz Mandes (Producer) Attributes ==========================|
[2022-11-16 23:46:10,818] [builder.py:226]            [DEBUG]    |                                                                                                    |
[2022-11-16 23:46:10,818] [builder.py:227]            [DEBUG]    | Validating Method: name                                                                            |
[2022-11-16 23:46:10,818] [builder.py:230]            [DEBUG]    | Value: Tomasz Mandes (Producer)                                                                    |
[2022-11-16 23:46:10,818] [builder.py:502]            [DEBUG]    |                                                                                                    |
[2022-11-16 23:46:10,818] [builder.py:503]            [DEBUG]    | Validating Method: ignore_blank_results                                                            |
[2022-11-16 23:46:10,818] [builder.py:504]            [DEBUG]    | Value: True                                                                                        |
[2022-11-16 23:46:10,818] [builder.py:528]            [DEBUG]    |                                                                                                    |
[2022-11-16 23:46:10,818] [builder.py:529]            [DEBUG]    | Validating Method: tmdb_person                                                                     |
[2022-11-16 23:46:10,818] [builder.py:533]            [DEBUG]    | Value: ['Tomasz Mandes']                                                                           |
[2022-11-16 23:46:10,846] [builder.py:1784]           [INFO]     |                                                                                                    |
[2022-11-16 23:46:10,846] [builder.py:1785]           [INFO]     | Validating Method: smart_filter                                                                    |
[2022-11-16 23:46:10,846] [builder.py:1791]           [DEBUG]    | Value: {'sort_by': 'title.asc', 'any': {'producer': 'tmdb'}}                                       |
[2022-11-16 23:46:10,900] [builder.py:1978]           [DEBUG]    | Smart URL: ?type=1&sort=titleSort&push=1&producer=48014&pop=1                                      |
[2022-11-16 23:46:10,900] [builder.py:646]            [DEBUG]    |                                                                                                    |
[2022-11-16 23:46:10,900] [builder.py:650]            [DEBUG]    | Validating Method: label                                                                           |
[2022-11-16 23:46:10,900] [builder.py:651]            [DEBUG]    | Value: Top Producers                                                                               |
[2022-11-16 23:46:10,900] [builder.py:646]            [DEBUG]    |                                                                                                    |
[2022-11-16 23:46:10,900] [builder.py:650]            [DEBUG]    | Validating Method: summary                                                                         |
[2022-11-16 23:46:10,900] [builder.py:651]            [DEBUG]    | Value: Movies produced by Tomasz Mandes.                                                           |
[2022-11-16 23:46:10,901] [builder.py:646]            [DEBUG]    |                                                                                                    |
[2022-11-16 23:46:10,901] [builder.py:650]            [DEBUG]    | Validating Method: collection_mode                                                                 |
[2022-11-16 23:46:10,901] [builder.py:651]            [DEBUG]    | Value: hide                                                                                        |
[2022-11-16 23:46:10,901] [builder.py:646]            [DEBUG]    |                                                                                                    |
[2022-11-16 23:46:10,901] [builder.py:650]            [DEBUG]    | Validating Method: sort_title                                                                      |
[2022-11-16 23:46:10,901] [builder.py:651]            [DEBUG]    | Value: !19_Tomasz Mandes (Producer)                                                                |
[2022-11-16 23:46:10,901] [builder.py:646]            [DEBUG]    |                                                                                                    |
[2022-11-16 23:46:10,901] [builder.py:650]            [DEBUG]    | Validating Method: url_poster                                                                      |
[2022-11-16 23:46:10,901] [builder.py:651]            [DEBUG]    | Value: https://raw.githubusercontent.com/meisnate12/Plex-Meta-Manager-Images/master/people/rainier/Tomasz%20Mandes.jpg |
[2022-11-16 23:46:11,009] [builder.py:845]            [WARNING]  | Collection Warning: No Poster Found at https://raw.githubusercontent.com/meisnate12/Plex-Meta-Manager-Images/master/people/rainier/Tomasz%20Mandes.jpg |
[2022-11-16 23:46:11,013] [plex.py:835]               [DEBUG]    |                                                                                                    |
[2022-11-16 23:46:11,013] [plex.py:838]               [DEBUG]    | Looking for: Tomasz Mandes (Producer)                                                              |
[2022-11-16 23:46:11,013] [builder.py:814]            [INFO]     |                                                                                                    |
[2022-11-16 23:46:11,013] [builder.py:815]            [INFO]     | Validation Successful                                                                              |
[2022-11-16 23:46:11,014] [plex_meta_manager.py:594]  [INFO]     |                                                                                                    |
[2022-11-16 23:46:11,014] [plex_meta_manager.py:596]  [INFO]     |=========================== Running Tomasz Mandes (Producer) Collection ============================|
[2022-11-16 23:46:11,014] [plex_meta_manager.py:602]  [INFO]     |                                                                                                    |
[2022-11-16 23:46:11,014] [plex_meta_manager.py:603]  [INFO]     | Smart Movie Filter                                                                                 |
                                                                 | Sort By: ['title.asc']
                                                                 | Filter:
                                                                 |   Match any of the following:
                                                                 |     Producer is Tomasz Mandes
[2022-11-16 23:46:11,031] [builder.py:2509]           [DEBUG]    | Smart Collection Created: ?type=1&sort=titleSort&push=1&producer=48014&pop=1
[2022-11-16 23:46:11,036] [builder.py:2527]           [INFO]     | 
[2022-11-16 23:46:11,036] [builder.py:2528]           [INFO]     |===================== Updating Details of Tomasz Mandes (Producer) Collection ======================|
[2022-11-16 23:46:11,037] [builder.py:2529]           [INFO]     |                                                                                                    |
[2022-11-16 23:46:11,044] [builder.py:2595]           [INFO]     | Collection Metadata Edits                                                                          |
                                                                 | Summary (summary) | Movies produced by Tomasz Mandes.
                                                                 | Sort Title | !19_Tomasz Mandes (Producer)
                                                                 | Label | +Top Producers, +PMM
[2022-11-16 23:46:12,616] [builder.py:2599]           [INFO]     | Details: have been updated
[2022-11-16 23:46:12,616] [builder.py:2603]           [INFO]     | 
[2022-11-16 23:46:14,195] [builder.py:2615]           [INFO]     | Collection Mode | hide
[2022-11-16 23:46:14,200] [plex.py:1203]              [WARNING]  | Asset Warning: Asset Directory Not Found and Created: config/New_Movies/Assets/Tomasz Mandes (Producer)
[2022-11-16 23:46:14,200] [util.py:174]               [DEBUG]    | 1 poster found:
[2022-11-16 23:46:14,200] [util.py:176]               [DEBUG]    | Method: tmdb_person Poster: https://image.tmdb.org/t/p/original/wmYwPfWSXfjXpwvljvXEX8h0wfC.jpg
[2022-11-16 23:46:14,241] [library.py:178]            [INFO]     | Detail: tmdb_person updated poster to [URL] https://image.tmdb.org/t/p/original/wmYwPfWSXfjXpwvljvXEX8h0wfC.jpg
[2022-11-16 23:46:14,265] [plex_meta_manager.py:736]  [INFO]     | 
[2022-11-16 23:46:14,265] [plex_meta_manager.py:737]  [INFO]     |====================================================================================================|
[2022-11-16 23:46:14,265] [plex_meta_manager.py:737]  [INFO]     |                            Finished Tomasz Mandes (Producer) Collection                            |
[2022-11-16 23:46:14,265] [plex_meta_manager.py:737]  [INFO]     |                                    Collection Run Time: 0:00:03                                    |
[2022-11-16 23:46:14,265] [plex_meta_manager.py:737]  [INFO]     |====================================================================================================|
