[2022-11-17 00:27:34,933] [builder.py:193]            [INFO]     |====================================================================================================|
[2022-11-17 00:27:34,933] [builder.py:193]            [INFO]     |                                Bad Boys Collection in Marvel Movies                                |
[2022-11-17 00:27:34,933] [builder.py:193]            [INFO]     |====================================================================================================|
[2022-11-17 00:27:34,933] [builder.py:194]            [INFO]     |                                                                                                    |
[2022-11-17 00:27:34,933] [builder.py:199]            [INFO]     |================================ Building Definition From Templates ================================|
[2022-11-17 00:27:34,934] [builder.py:215]            [DEBUG]    |                                                                                                    |
[2022-11-17 00:27:34,934] [meta.py:210]               [DEBUG]    |======================================= Template Collection ========================================|
[2022-11-17 00:27:34,934] [meta.py:451]               [DEBUG]    |                                                                                                    |
[2022-11-17 00:27:34,936] [meta.py:512]               [DEBUG]    |                                                                                                    |
[2022-11-17 00:27:34,937] [meta.py:513]               [DEBUG]    |==================================== Final Template Attributes =====================================|
[2022-11-17 00:27:34,937] [meta.py:514]               [DEBUG]    |                                                                                                    |
[2022-11-17 00:27:34,937] [meta.py:515]               [DEBUG]    | {'tmdb_collection': 14890, 'tmdb_summary': 14890, 'url_poster': 'https://theposterdb.com/api/assets/26832', 'sort_title': '+4_Bad Boys', 'sync_mode': 'sync', 'collection_order': 'release'} |
[2022-11-17 00:27:34,937] [meta.py:516]               [DEBUG]    |                                                                                                    |
[2022-11-17 00:27:34,937] [builder.py:223]            [INFO]     |================================== Validating Bad Boys Attributes ==================================|
[2022-11-17 00:27:34,937] [builder.py:516]            [DEBUG]    |                                                                                                    |
[2022-11-17 00:27:34,937] [builder.py:517]            [DEBUG]    | Validating Method: sync_mode                                                                       |
[2022-11-17 00:27:34,937] [builder.py:521]            [DEBUG]    | Value: sync                                                                                        |
[2022-11-17 00:27:34,938] [builder.py:613]            [DEBUG]    |                                                                                                    |
[2022-11-17 00:27:34,938] [builder.py:614]            [DEBUG]    | Validating Method: collection_order                                                                |
[2022-11-17 00:27:34,938] [builder.py:615]            [DEBUG]    | Value: release                                                                                     |
[2022-11-17 00:27:34,938] [builder.py:646]            [DEBUG]    |                                                                                                    |
[2022-11-17 00:27:34,938] [builder.py:650]            [DEBUG]    | Validating Method: tmdb_collection                                                                 |
[2022-11-17 00:27:34,938] [builder.py:651]            [DEBUG]    | Value: 14890                                                                                       |
[2022-11-17 00:27:34,947] [builder.py:646]            [DEBUG]    |                                                                                                    |
[2022-11-17 00:27:34,947] [builder.py:650]            [DEBUG]    | Validating Method: tmdb_summary                                                                    |
[2022-11-17 00:27:34,947] [builder.py:651]            [DEBUG]    | Value: 14890                                                                                       |
[2022-11-17 00:27:34,956] [builder.py:646]            [DEBUG]    |                                                                                                    |
[2022-11-17 00:27:34,956] [builder.py:650]            [DEBUG]    | Validating Method: url_poster                                                                      |
[2022-11-17 00:27:34,956] [builder.py:651]            [DEBUG]    | Value: https://theposterdb.com/api/assets/26832                                                    |
[2022-11-17 00:27:35,508] [builder.py:646]            [DEBUG]    |                                                                                                    |
[2022-11-17 00:27:35,508] [builder.py:650]            [DEBUG]    | Validating Method: sort_title                                                                      |
[2022-11-17 00:27:35,509] [builder.py:651]            [DEBUG]    | Value: +4_Bad Boys                                                                                 |
[2022-11-17 00:27:35,513] [plex.py:835]               [DEBUG]    |                                                                                                    |
[2022-11-17 00:27:35,513] [plex.py:838]               [DEBUG]    | Looking for: Bad Boys                                                                              |
[2022-11-17 00:27:35,513] [builder.py:814]            [INFO]     |                                                                                                    |
[2022-11-17 00:27:35,513] [builder.py:815]            [INFO]     | Validation Successful                                                                              |
[2022-11-17 00:27:35,513] [plex_meta_manager.py:594]  [INFO]     |                                                                                                    |
[2022-11-17 00:27:35,514] [plex_meta_manager.py:596]  [INFO]     |=================================== Running Bad Boys Collection ====================================|
[2022-11-17 00:27:35,514] [plex_meta_manager.py:608]  [INFO]     |                                                                                                    |
[2022-11-17 00:27:35,514] [plex_meta_manager.py:609]  [INFO]     | Sync Mode: sync                                                                                    |
[2022-11-17 00:27:35,514] [plex_meta_manager.py:612]  [DEBUG]    |                                                                                                    |
[2022-11-17 00:27:35,514] [plex_meta_manager.py:613]  [DEBUG]    | Builder: tmdb_collection: 14890                                                                    |
[2022-11-17 00:27:35,514] [plex_meta_manager.py:614]  [INFO]     |                                                                                                    |
[2022-11-17 00:27:35,522] [tmdb.py:389]               [INFO]     | Processing TMDb Collection: (14890) Bad Boys Collection (3 Items)                                  |
[2022-11-17 00:27:35,522] [builder.py:1574]           [DEBUG]    |                                                                                                    |
[2022-11-17 00:27:35,522] [builder.py:1575]           [DEBUG]    | 3 IDs Found                                                                                        |
[2022-11-17 00:27:35,523] [builder.py:1577]           [DEBUG]    |                                                                                                    |
[2022-11-17 00:27:35,523] [builder.py:2306]           [INFO]     |                                                                                                    |
[2022-11-17 00:27:35,523] [builder.py:2307]           [INFO]     |============================ Missing Movies from Library: Marvel Movies ============================|
[2022-11-17 00:27:35,523] [builder.py:2308]           [INFO]     |                                                                                                    |
[2022-11-17 00:27:35,544] [builder.py:2321]           [INFO]     | Bad Boys Collection | ? | Bad Boys for Life (2020) (TMDb: 38700)                                   |
[2022-11-17 00:27:35,555] [builder.py:2321]           [INFO]     | Bad Boys Collection | ? | Bad Boys (1995) (TMDb: 9737)                                             |
[2022-11-17 00:27:35,566] [builder.py:2321]           [INFO]     | Bad Boys Collection | ? | Bad Boys II (2003) (TMDb: 8961)                                          |
[2022-11-17 00:27:35,566] [builder.py:2326]           [INFO]     |                                                                                                    |
[2022-11-17 00:27:35,566] [builder.py:2327]           [INFO]     | 3 Movies Missing                                                                                   |
[2022-11-17 00:27:38,140] [plex_meta_manager.py:652]  [INFO]     |                                                                                                    |
[2022-11-17 00:27:38,140] [plex_meta_manager.py:653]  [INFO]     | Collection Minimum: 2 not met for Bad Boys Collection                                              |
[2022-11-17 00:27:38,141] [plex_meta_manager.py:736]  [INFO]     |                                                                                                    |
[2022-11-17 00:27:38,141] [plex_meta_manager.py:737]  [INFO]     |====================================================================================================|
[2022-11-17 00:27:38,141] [plex_meta_manager.py:737]  [INFO]     |                                    Finished Bad Boys Collection                                    |
[2022-11-17 00:27:38,141] [plex_meta_manager.py:737]  [INFO]     |                                    Collection Run Time: 0:00:03                                    |
[2022-11-17 00:27:38,141] [plex_meta_manager.py:737]  [INFO]     |====================================================================================================|
