[2022-11-20 17:04:08,160] [builder.py:193]            [INFO]     |====================================================================================================|
[2022-11-20 17:04:08,160] [builder.py:193]            [INFO]     |                      Vicki Sotheran (Producer) Collection in Christmas Movies                      |
[2022-11-20 17:04:08,161] [builder.py:193]            [INFO]     |====================================================================================================|
[2022-11-20 17:04:08,161] [builder.py:194]            [INFO]     |                                                                                                    |
[2022-11-20 17:04:08,162] [builder.py:199]            [INFO]     |================================ Building Definition From Templates ================================|
[2022-11-20 17:04:08,162] [builder.py:215]            [DEBUG]    |                                                                                                    |
[2022-11-20 17:04:08,163] [meta.py:210]               [DEBUG]    |====================================== Template smart_filter =======================================|
[2022-11-20 17:04:08,164] [meta.py:451]               [DEBUG]    |                                                                                                    |
[2022-11-20 17:04:08,178] [meta.py:210]               [DEBUG]    |======================================= Template translation =======================================|
[2022-11-20 17:04:08,180] [meta.py:451]               [DEBUG]    |                                                                                                    |
[2022-11-20 17:04:08,184] [meta.py:210]               [DEBUG]    |========================================= Template shared ==========================================|
[2022-11-20 17:04:08,186] [meta.py:451]               [DEBUG]    |                                                                                                    |
[2022-11-20 17:04:08,207] [meta.py:512]               [DEBUG]    |                                                                                                    |
[2022-11-20 17:04:08,208] [meta.py:513]               [DEBUG]    |==================================== Final Template Attributes =====================================|
[2022-11-20 17:04:08,208] [meta.py:514]               [DEBUG]    |                                                                                                    |
[2022-11-20 17:04:08,209] [meta.py:515]               [DEBUG]    | {'tmdb_person': ['Vicki Sotheran'], 'smart_filter': {'sort_by': 'title.asc', 'any': {'producer': 'tmdb'}}, 'summary': 'Movies produced by Vicki Sotheran.', 'name': 'Vicki Sotheran (Producer)', 'ignore_blank_results': True, 'collection_mode': 'hide', 'sort_title': '!19_Vicki Sotheran (Producer)', 'url_poster': 'https://raw.githubusercontent.com/meisnate12/Plex-Meta-Manager-Images/master/people/rainier/Vicki%20Sotheran.jpg'} |
[2022-11-20 17:04:08,209] [meta.py:516]               [DEBUG]    |                                                                                                    |
[2022-11-20 17:04:08,211] [builder.py:223]            [INFO]     |========================= Validating Vicki Sotheran (Producer) Attributes ==========================|
[2022-11-20 17:04:08,211] [builder.py:226]            [DEBUG]    |                                                                                                    |
[2022-11-20 17:04:08,211] [builder.py:227]            [DEBUG]    | Validating Method: name                                                                            |
[2022-11-20 17:04:08,212] [builder.py:230]            [DEBUG]    | Value: Vicki Sotheran (Producer)                                                                   |
[2022-11-20 17:04:08,212] [builder.py:502]            [DEBUG]    |                                                                                                    |
[2022-11-20 17:04:08,213] [builder.py:503]            [DEBUG]    | Validating Method: ignore_blank_results                                                            |
[2022-11-20 17:04:08,213] [builder.py:504]            [DEBUG]    | Value: True                                                                                        |
[2022-11-20 17:04:08,214] [builder.py:528]            [DEBUG]    |                                                                                                    |
[2022-11-20 17:04:08,214] [builder.py:529]            [DEBUG]    | Validating Method: tmdb_person                                                                     |
[2022-11-20 17:04:08,214] [builder.py:533]            [DEBUG]    | Value: ['Vicki Sotheran']                                                                          |
[2022-11-20 17:04:08,263] [builder.py:1784]           [INFO]     |                                                                                                    |
[2022-11-20 17:04:08,263] [builder.py:1785]           [INFO]     | Validating Method: smart_filter                                                                    |
[2022-11-20 17:04:08,266] [builder.py:1791]           [DEBUG]    | Value: {'sort_by': 'title.asc', 'any': {'producer': 'tmdb'}}                                       |
[2022-11-20 17:04:08,668] [builder.py:1978]           [DEBUG]    | Smart URL: ?type=1&sort=titleSort&push=1&producer=938&pop=1                                        |
[2022-11-20 17:04:08,672] [builder.py:646]            [DEBUG]    |                                                                                                    |
[2022-11-20 17:04:08,673] [builder.py:650]            [DEBUG]    | Validating Method: label                                                                           |
[2022-11-20 17:04:08,673] [builder.py:651]            [DEBUG]    | Value: Top Producers                                                                               |
[2022-11-20 17:04:08,673] [builder.py:646]            [DEBUG]    |                                                                                                    |
[2022-11-20 17:04:08,673] [builder.py:650]            [DEBUG]    | Validating Method: summary                                                                         |
[2022-11-20 17:04:08,674] [builder.py:651]            [DEBUG]    | Value: Movies produced by Vicki Sotheran.                                                          |
[2022-11-20 17:04:08,675] [builder.py:646]            [DEBUG]    |                                                                                                    |
[2022-11-20 17:04:08,675] [builder.py:650]            [DEBUG]    | Validating Method: collection_mode                                                                 |
[2022-11-20 17:04:08,675] [builder.py:651]            [DEBUG]    | Value: hide                                                                                        |
[2022-11-20 17:04:08,676] [builder.py:646]            [DEBUG]    |                                                                                                    |
[2022-11-20 17:04:08,676] [builder.py:650]            [DEBUG]    | Validating Method: sort_title                                                                      |
[2022-11-20 17:04:08,676] [builder.py:651]            [DEBUG]    | Value: !19_Vicki Sotheran (Producer)                                                               |
[2022-11-20 17:04:08,676] [builder.py:646]            [DEBUG]    |                                                                                                    |
[2022-11-20 17:04:08,677] [builder.py:650]            [DEBUG]    | Validating Method: url_poster                                                                      |
[2022-11-20 17:04:08,677] [builder.py:651]            [DEBUG]    | Value: https://raw.githubusercontent.com/meisnate12/Plex-Meta-Manager-Images/master/people/rainier/Vicki%20Sotheran.jpg |
[2022-11-20 17:04:08,763] [builder.py:845]            [WARNING]  | Collection Warning: No Poster Found at https://raw.githubusercontent.com/meisnate12/Plex-Meta-Manager-Images/master/people/rainier/Vicki%20Sotheran.jpg |
[2022-11-20 17:04:08,838] [builder.py:814]            [INFO]     |                                                                                                    |
[2022-11-20 17:04:08,839] [builder.py:815]            [INFO]     | Validation Successful                                                                              |
[2022-11-20 17:04:08,840] [plex_meta_manager.py:594]  [INFO]     |                                                                                                    |
[2022-11-20 17:04:08,841] [plex_meta_manager.py:596]  [INFO]     |=========================== Running Vicki Sotheran (Producer) Collection ===========================|
[2022-11-20 17:04:08,842] [plex_meta_manager.py:602]  [INFO]     |                                                                                                    |
[2022-11-20 17:04:08,843] [plex_meta_manager.py:603]  [INFO]     | Smart Movie Filter                                                                                 |
                                                                 | Sort By: ['title.asc']
                                                                 | Filter:
                                                                 |   Match any of the following:
                                                                 |     Producer is Vicki Sotheran
[2022-11-20 17:04:08,971] [builder.py:2527]           [INFO]     | 
[2022-11-20 17:04:08,972] [builder.py:2528]           [INFO]     |===================== Updating Details of Vicki Sotheran (Producer) Collection =====================|
[2022-11-20 17:04:08,972] [builder.py:2529]           [INFO]     |                                                                                                    |
[2022-11-20 17:04:09,029] [builder.py:2595]           [INFO]     | Collection Metadata Edits                                                                          |
[2022-11-20 17:04:09,163] [plex_meta_manager.py:736]  [INFO]     |                                                                                                    |
[2022-11-20 17:04:09,164] [plex_meta_manager.py:737]  [INFO]     |====================================================================================================|
[2022-11-20 17:04:09,167] [plex_meta_manager.py:737]  [INFO]     |                           Finished Vicki Sotheran (Producer) Collection                            |
[2022-11-20 17:04:09,168] [plex_meta_manager.py:737]  [INFO]     |                                    Collection Run Time: 0:00:01                                    |
[2022-11-20 17:04:09,168] [plex_meta_manager.py:737]  [INFO]     |====================================================================================================|
