[2022-11-16 22:28:35,734] [builder.py:193]            [INFO]     |====================================================================================================|
[2022-11-16 22:28:35,734] [builder.py:193]            [INFO]     |                            Oscars Winners 2021 Collection in Old Movies                            |
[2022-11-16 22:28:35,734] [builder.py:193]            [INFO]     |====================================================================================================|
[2022-11-16 22:28:35,734] [builder.py:194]            [INFO]     |                                                                                                    |
[2022-11-16 22:28:35,734] [builder.py:199]            [INFO]     |================================ Building Definition From Templates ================================|
[2022-11-16 22:28:35,735] [builder.py:215]            [DEBUG]    |                                                                                                    |
[2022-11-16 22:28:35,735] [meta.py:210]               [DEBUG]    |================================== Template use_year_collections ===================================|
[2022-11-16 22:28:35,735] [meta.py:451]               [DEBUG]    |                                                                                                    |
[2022-11-16 22:28:35,737] [meta.py:210]               [DEBUG]    |========================================== Template imdb ===========================================|
[2022-11-16 22:28:35,738] [meta.py:451]               [DEBUG]    |                                                                                                    |
[2022-11-16 22:28:35,740] [meta.py:210]               [DEBUG]    |======================================= Template translation =======================================|
[2022-11-16 22:28:35,741] [meta.py:451]               [DEBUG]    |                                                                                                    |
[2022-11-16 22:28:35,746] [meta.py:210]               [DEBUG]    |========================================= Template shared ==========================================|
[2022-11-16 22:28:35,747] [meta.py:451]               [DEBUG]    |                                                                                                    |
[2022-11-16 22:28:35,771] [meta.py:210]               [DEBUG]    |=========================================== Template arr ===========================================|
[2022-11-16 22:28:35,772] [meta.py:451]               [DEBUG]    |                                                                                                    |
[2022-11-16 22:28:35,783] [meta.py:210]               [DEBUG]    |========================================= Template custom ==========================================|
[2022-11-16 22:28:35,784] [meta.py:451]               [DEBUG]    |                                                                                                    |
[2022-11-16 22:28:35,791] [meta.py:512]               [DEBUG]    |                                                                                                    |
[2022-11-16 22:28:35,791] [meta.py:513]               [DEBUG]    |==================================== Final Template Attributes =====================================|
[2022-11-16 22:28:35,791] [meta.py:514]               [DEBUG]    |                                                                                                    |
[2022-11-16 22:28:35,791] [meta.py:515]               [DEBUG]    | {'imdb_list': 'https://www.imdb.com/search/title/?release_date=2021-01-01,2021-12-31&groups=oscar_winner&sort=moviemeter,asc', 'summary': 'Academy Awards (Oscars) Winners for 2021.', 'name': 'Oscars Winners 2021', 'allowed_library_types': ['movie'], 'ignore_blank_results': True, 'collection_mode': 'hide', 'sort_title': '!16_Oscars Winners 2021', 'url_poster': 'https://raw.githubusercontent.com/meisnate12/Plex-Meta-Manager-Images/master/award/oscars/winner/2021.jpg', 'collection_order': 'custom', 'sync_mode': 'sync', 'cache_builders': 1} |
[2022-11-16 22:28:35,791] [meta.py:516]               [DEBUG]    |                                                                                                    |
[2022-11-16 22:28:35,792] [builder.py:223]            [INFO]     |============================ Validating Oscars Winners 2021 Attributes =============================|
[2022-11-16 22:28:35,792] [builder.py:226]            [DEBUG]    |                                                                                                    |
[2022-11-16 22:28:35,792] [builder.py:227]            [DEBUG]    | Validating Method: name                                                                            |
[2022-11-16 22:28:35,792] [builder.py:230]            [DEBUG]    | Value: Oscars Winners 2021                                                                         |
[2022-11-16 22:28:35,792] [builder.py:236]            [DEBUG]    |                                                                                                    |
[2022-11-16 22:28:35,792] [builder.py:237]            [DEBUG]    | Validating Method: allowed_library_types                                                           |
[2022-11-16 22:28:35,792] [builder.py:240]            [DEBUG]    | Value: ['movie']                                                                                   |
[2022-11-16 22:28:35,792] [builder.py:502]            [DEBUG]    |                                                                                                    |
[2022-11-16 22:28:35,793] [builder.py:503]            [DEBUG]    | Validating Method: ignore_blank_results                                                            |
[2022-11-16 22:28:35,793] [builder.py:504]            [DEBUG]    | Value: True                                                                                        |
[2022-11-16 22:28:35,793] [builder.py:516]            [DEBUG]    |                                                                                                    |
[2022-11-16 22:28:35,793] [builder.py:517]            [DEBUG]    | Validating Method: sync_mode                                                                       |
[2022-11-16 22:28:35,793] [builder.py:521]            [DEBUG]    | Value: sync                                                                                        |
[2022-11-16 22:28:35,793] [builder.py:613]            [DEBUG]    |                                                                                                    |
[2022-11-16 22:28:35,794] [builder.py:614]            [DEBUG]    | Validating Method: collection_order                                                                |
[2022-11-16 22:28:35,794] [builder.py:615]            [DEBUG]    | Value: custom                                                                                      |
[2022-11-16 22:28:35,794] [builder.py:646]            [DEBUG]    |                                                                                                    |
[2022-11-16 22:28:35,794] [builder.py:650]            [DEBUG]    | Validating Method: label                                                                           |
[2022-11-16 22:28:35,794] [builder.py:651]            [DEBUG]    | Value: Oscars Winners Awards                                                                       |
[2022-11-16 22:28:35,794] [builder.py:646]            [DEBUG]    |                                                                                                    |
[2022-11-16 22:28:35,794] [builder.py:650]            [DEBUG]    | Validating Method: imdb_list                                                                       |
[2022-11-16 22:28:35,794] [builder.py:651]            [DEBUG]    | Value: https://www.imdb.com/search/title/?release_date=2021-01-01,2021-12-31&groups=oscar_winner&sort=moviemeter,asc |
[2022-11-16 22:28:35,935] [builder.py:646]            [DEBUG]    |                                                                                                    |
[2022-11-16 22:28:35,936] [builder.py:650]            [DEBUG]    | Validating Method: summary                                                                         |
[2022-11-16 22:28:35,936] [builder.py:651]            [DEBUG]    | Value: Academy Awards (Oscars) Winners for 2021.                                                   |
[2022-11-16 22:28:35,937] [builder.py:646]            [DEBUG]    |                                                                                                    |
[2022-11-16 22:28:35,937] [builder.py:650]            [DEBUG]    | Validating Method: collection_mode                                                                 |
[2022-11-16 22:28:35,937] [builder.py:651]            [DEBUG]    | Value: hide                                                                                        |
[2022-11-16 22:28:35,937] [builder.py:646]            [DEBUG]    |                                                                                                    |
[2022-11-16 22:28:35,937] [builder.py:650]            [DEBUG]    | Validating Method: sort_title                                                                      |
[2022-11-16 22:28:35,937] [builder.py:651]            [DEBUG]    | Value: !16_Oscars Winners 2021                                                                     |
[2022-11-16 22:28:35,937] [builder.py:646]            [DEBUG]    |                                                                                                    |
[2022-11-16 22:28:35,937] [builder.py:650]            [DEBUG]    | Validating Method: url_poster                                                                      |
[2022-11-16 22:28:35,937] [builder.py:651]            [DEBUG]    | Value: https://raw.githubusercontent.com/meisnate12/Plex-Meta-Manager-Images/master/award/oscars/winner/2021.jpg |
[2022-11-16 22:28:36,029] [builder.py:646]            [DEBUG]    |                                                                                                    |
[2022-11-16 22:28:36,029] [builder.py:650]            [DEBUG]    | Validating Method: cache_builders                                                                  |
[2022-11-16 22:28:36,030] [builder.py:651]            [DEBUG]    | Value: 1                                                                                           |
[2022-11-16 22:28:36,036] [plex.py:835]               [DEBUG]    |                                                                                                    |
[2022-11-16 22:28:36,036] [plex.py:838]               [DEBUG]    | Looking for: Oscars Winners 2021                                                                   |
[2022-11-16 22:28:36,037] [builder.py:814]            [INFO]     |                                                                                                    |
[2022-11-16 22:28:36,037] [builder.py:815]            [INFO]     | Validation Successful                                                                              |
[2022-11-16 22:28:36,037] [plex_meta_manager.py:594]  [INFO]     |                                                                                                    |
[2022-11-16 22:28:36,037] [plex_meta_manager.py:596]  [INFO]     |============================== Running Oscars Winners 2021 Collection ==============================|
[2022-11-16 22:28:36,037] [plex_meta_manager.py:608]  [INFO]     |                                                                                                    |
[2022-11-16 22:28:36,037] [plex_meta_manager.py:609]  [INFO]     | Sync Mode: sync                                                                                    |
[2022-11-16 22:28:36,037] [plex_meta_manager.py:612]  [DEBUG]    |                                                                                                    |
[2022-11-16 22:28:36,038] [plex_meta_manager.py:613]  [DEBUG]    | Builder: imdb_list: {'url': 'https://www.imdb.com/search/title/?release_date=2021-01-01,2021-12-31&groups=oscar_winner&sort=moviemeter,asc', 'limit': 0} |
[2022-11-16 22:28:36,039] [plex_meta_manager.py:614]  [INFO]     |                                                                                                    |
[2022-11-16 22:28:36,042] [builder.py:1523]           [INFO]     | Builder: imdb_list loaded from Cache                                                               |
[2022-11-16 22:28:36,050] [builder.py:1574]           [DEBUG]    |                                                                                                    |
[2022-11-16 22:28:36,051] [builder.py:1575]           [DEBUG]    | 15 IDs Found                                                                                       |
[2022-11-16 22:28:36,053] [builder.py:1577]           [DEBUG]    |                                                                                                    |
[2022-11-16 22:28:36,066] [builder.py:2158]           [INFO]     |                                                                                                    |
[2022-11-16 22:28:36,066] [builder.py:2159]           [INFO]     |============================= Adding to Oscars Winners 2021 Collection =============================|
[2022-11-16 22:28:36,066] [builder.py:2160]           [INFO]     |                                                                                                    |
[2022-11-16 22:28:36,066] [builder.py:2174]           [INFO]     | 1/7 | Oscars Winners 2021 Collection | + | Dune (2021)                                             |
[2022-11-16 22:28:36,194] [builder.py:2174]           [INFO]     | 2/7 | Oscars Winners 2021 Collection | + | No Time to Die (2021)                                   |
[2022-11-16 22:28:36,329] [builder.py:2174]           [INFO]     | 3/7 | Oscars Winners 2021 Collection | + | The Power of the Dog (2021)                             |
[2022-11-16 22:28:36,465] [builder.py:2174]           [INFO]     | 4/7 | Oscars Winners 2021 Collection | + | CODA (2021)                                             |
[2022-11-16 22:28:36,605] [builder.py:2174]           [INFO]     | 5/7 | Oscars Winners 2021 Collection | + | Belfast (2021)                                          |
[2022-11-16 22:28:36,754] [builder.py:2174]           [INFO]     | 6/7 | Oscars Winners 2021 Collection | + | Cruella (2021)                                          |
[2022-11-16 22:28:36,908] [builder.py:2174]           [INFO]     | 7/7 | Oscars Winners 2021 Collection | + | King Richard (2021)                                     |
[2022-11-16 22:28:41,121] [builder.py:2194]           [INFO]     |                                                                                                    |
[2022-11-16 22:28:41,121] [builder.py:2196]           [INFO]     | 7 Movies Processed 7 Movies Added                                                                  |
[2022-11-16 22:28:41,122] [builder.py:2306]           [INFO]     |                                                                                                    |
[2022-11-16 22:28:41,122] [builder.py:2307]           [INFO]     |============================= Missing Movies from Library: Old Movies ==============================|
[2022-11-16 22:28:41,122] [builder.py:2308]           [INFO]     |                                                                                                    |
[2022-11-16 22:28:41,141] [builder.py:2321]           [INFO]     | Oscars Winners 2021 Collection | ? | Encanto (2021) (TMDb: 568124)                                 |
[2022-11-16 22:28:41,151] [builder.py:2321]           [INFO]     | Oscars Winners 2021 Collection | ? | West Side Story (2021) (TMDb: 511809)                         |
[2022-11-16 22:28:41,164] [builder.py:2321]           [INFO]     | Oscars Winners 2021 Collection | ? | Drive My Car (2021) (TMDb: 758866)                            |
[2022-11-16 22:28:41,176] [builder.py:2321]           [INFO]     | Oscars Winners 2021 Collection | ? | The Eyes of Tammy Faye (2021) (TMDb: 601470)                  |
[2022-11-16 22:28:41,186] [builder.py:2321]           [INFO]     | Oscars Winners 2021 Collection | ? | Judas and the Black Messiah (2021) (TMDb: 583406)             |
[2022-11-16 22:28:41,215] [builder.py:2321]           [INFO]     | Oscars Winners 2021 Collection | ? | Summer of Soul (...Or, When the Revolution Could Not Be Televised) (2021) (TMDb: 776527) |
[2022-11-16 22:28:41,230] [builder.py:2321]           [INFO]     | Oscars Winners 2021 Collection | ? | The Queen of Basketball (2021) (TMDb: 822582)                 |
[2022-11-16 22:28:41,241] [builder.py:2321]           [INFO]     | Oscars Winners 2021 Collection | ? | The Windshield Wiper (2021) (TMDb: 601329)                    |
[2022-11-16 22:28:41,242] [builder.py:2326]           [INFO]     |                                                                                                    |
[2022-11-16 22:28:41,242] [builder.py:2327]           [INFO]     | 8 Movies Missing                                                                                   |
[2022-11-16 22:28:46,512] [builder.py:2527]           [INFO]     |                                                                                                    |
[2022-11-16 22:28:46,512] [builder.py:2528]           [INFO]     |======================== Updating Details of Oscars Winners 2021 Collection ========================|
[2022-11-16 22:28:46,512] [builder.py:2529]           [INFO]     |                                                                                                    |
[2022-11-16 22:28:46,520] [builder.py:2595]           [INFO]     | Collection Metadata Edits                                                                          |
                                                                 | Summary (summary) | Academy Awards (Oscars) Winners for 2021.
                                                                 | Sort Title | !16_Oscars Winners 2021
                                                                 | Label | +Oscars Winners Awards, +PMM
[2022-11-16 22:28:48,738] [builder.py:2599]           [INFO]     | Details: have been updated
[2022-11-16 22:28:48,738] [builder.py:2603]           [INFO]     | 
[2022-11-16 22:28:50,880] [builder.py:2615]           [INFO]     | Collection Mode | hide
[2022-11-16 22:28:52,706] [builder.py:2629]           [INFO]     | Collection Order | custom
[2022-11-16 22:28:52,717] [plex.py:1203]              [WARNING]  | Asset Warning: Asset Directory Not Found and Created: config/Old_Movies/Assets/Oscars Winners 2021
[2022-11-16 22:28:52,717] [util.py:174]               [DEBUG]    | 1 poster found:
[2022-11-16 22:28:52,718] [util.py:176]               [DEBUG]    | Method: url_poster Poster: https://raw.githubusercontent.com/meisnate12/Plex-Meta-Manager-Images/master/award/oscars/winner/2021.jpg
[2022-11-16 22:28:52,942] [library.py:178]            [INFO]     | Detail: asset_directory updated Oscars Winners 2021's poster to [File] config/Old_Movies/Assets/Oscars Winners 2021/poster.jpg
[2022-11-16 22:28:53,023] [builder.py:2686]           [INFO]     | 
[2022-11-16 22:28:53,024] [builder.py:2687]           [INFO]     |============================== Sorting Oscars Winners 2021 Collection ==============================|
[2022-11-16 22:28:53,024] [builder.py:2688]           [INFO]     |                                                                                                    |
[2022-11-16 22:28:53,024] [builder.py:2704]           [INFO]     | Moving Dune (2021) to the beginning                                                                |
[2022-11-16 22:28:53,110] [builder.py:2704]           [INFO]     | Moving No Time to Die (2021) after Dune (2021)                                                     |
[2022-11-16 22:28:53,142] [builder.py:2704]           [INFO]     | Moving The Power of the Dog (2021) after No Time to Die (2021)                                     |
[2022-11-16 22:28:53,170] [builder.py:2704]           [INFO]     | Moving Belfast (2021) after CODA (2021)                                                            |
[2022-11-16 22:28:53,201] [builder.py:2704]           [INFO]     | Moving Cruella (2021) after Belfast (2021)                                                         |
[2022-11-16 22:28:53,269] [builder.py:2704]           [INFO]     | Moving King Richard (2021) after Cruella (2021)                                                    |
[2022-11-16 22:28:53,312] [plex_meta_manager.py:736]  [INFO]     |                                                                                                    |
[2022-11-16 22:28:53,313] [plex_meta_manager.py:737]  [INFO]     |====================================================================================================|
[2022-11-16 22:28:53,313] [plex_meta_manager.py:737]  [INFO]     |                              Finished Oscars Winners 2021 Collection                               |
[2022-11-16 22:28:53,313] [plex_meta_manager.py:737]  [INFO]     |                                    Collection Run Time: 0:00:17                                    |
[2022-11-16 22:28:53,314] [plex_meta_manager.py:737]  [INFO]     |====================================================================================================|
