[2022-11-16 20:19:03,643] [builder.py:193]            [INFO]     |====================================================================================================|
[2022-11-16 20:19:03,644] [builder.py:193]            [INFO]     |                             Jesse Eisenberg Collection in Kids Movies                              |
[2022-11-16 20:19:03,644] [builder.py:193]            [INFO]     |====================================================================================================|
[2022-11-16 20:19:03,645] [builder.py:194]            [INFO]     |                                                                                                    |
[2022-11-16 20:19:03,646] [builder.py:199]            [INFO]     |================================ Building Definition From Templates ================================|
[2022-11-16 20:19:03,646] [builder.py:215]            [DEBUG]    |                                                                                                    |
[2022-11-16 20:19:03,647] [meta.py:210]               [DEBUG]    |========================================= Template people ==========================================|
[2022-11-16 20:19:03,648] [meta.py:451]               [DEBUG]    |                                                                                                    |
[2022-11-16 20:19:03,651] [meta.py:512]               [DEBUG]    |                                                                                                    |
[2022-11-16 20:19:03,652] [meta.py:513]               [DEBUG]    |==================================== Final Template Attributes =====================================|
[2022-11-16 20:19:03,653] [meta.py:514]               [DEBUG]    |                                                                                                    |
[2022-11-16 20:19:03,653] [meta.py:515]               [DEBUG]    | {'actor': 'tmdb', 'tmdb_person': 44735, 'sort_title': '++_Jesse Eisenberg', 'collection_order': 'release'} |
[2022-11-16 20:19:03,654] [meta.py:516]               [DEBUG]    |                                                                                                    |
[2022-11-16 20:19:03,654] [builder.py:223]            [INFO]     |============================== Validating Jesse Eisenberg Attributes ===============================|
[2022-11-16 20:19:03,655] [builder.py:528]            [DEBUG]    |                                                                                                    |
[2022-11-16 20:19:03,655] [builder.py:529]            [DEBUG]    | Validating Method: tmdb_person                                                                     |
[2022-11-16 20:19:03,656] [builder.py:533]            [DEBUG]    | Value: 44735                                                                                       |
[2022-11-16 20:19:03,673] [builder.py:613]            [DEBUG]    |                                                                                                    |
[2022-11-16 20:19:03,673] [builder.py:614]            [DEBUG]    | Validating Method: collection_order                                                                |
[2022-11-16 20:19:03,673] [builder.py:615]            [DEBUG]    | Value: release                                                                                     |
[2022-11-16 20:19:03,674] [builder.py:646]            [DEBUG]    |                                                                                                    |
[2022-11-16 20:19:03,674] [builder.py:650]            [DEBUG]    | Validating Method: actor                                                                           |
[2022-11-16 20:19:03,674] [builder.py:651]            [DEBUG]    | Value: tmdb                                                                                        |
[2022-11-16 20:19:04,047] [builder.py:646]            [DEBUG]    |                                                                                                    |
[2022-11-16 20:19:04,048] [builder.py:650]            [DEBUG]    | Validating Method: sort_title                                                                      |
[2022-11-16 20:19:04,048] [builder.py:651]            [DEBUG]    | Value: ++_Jesse Eisenberg                                                                          |
[2022-11-16 20:19:04,053] [builder.py:795]            [INFO]     |                                                                                                    |
[2022-11-16 20:19:04,054] [builder.py:796]            [ERROR]    | Collection Error: Converting Jesse Eisenberg to a normal collection                                |
[2022-11-16 20:19:04,060] [builder.py:814]            [INFO]     |                                                                                                    |
[2022-11-16 20:19:04,060] [builder.py:815]            [INFO]     | Validation Successful                                                                              |
[2022-11-16 20:19:04,060] [plex_meta_manager.py:594]  [INFO]     |                                                                                                    |
[2022-11-16 20:19:04,061] [plex_meta_manager.py:596]  [INFO]     |================================ Running Jesse Eisenberg Collection ================================|
[2022-11-16 20:19:04,061] [plex_meta_manager.py:608]  [INFO]     |                                                                                                    |
[2022-11-16 20:19:04,061] [plex_meta_manager.py:609]  [INFO]     | Sync Mode: append                                                                                  |
[2022-11-16 20:19:04,061] [plex_meta_manager.py:612]  [DEBUG]    |                                                                                                    |
[2022-11-16 20:19:04,061] [plex_meta_manager.py:613]  [DEBUG]    | Builder: plex_search: (1, "Plex Movie Search\nSort By: ['title.asc']\nFilter:\n  Match any of the following:\n    Actor is Jesse Eisenberg", '?type=1&sort=titleSort&push=1&actor=33436&pop=1') |
[2022-11-16 20:19:04,061] [plex_meta_manager.py:614]  [INFO]     |                                                                                                    |
[2022-11-16 20:19:04,061] [plex.py:924]               [INFO]     | Processing Plex Movie Search                                                                       |
                                                                 | Sort By: ['title.asc']
                                                                 | Filter:
                                                                 |   Match any of the following:
                                                                 |     Actor is Jesse Eisenberg
[2022-11-16 20:19:04,073] [builder.py:1574]           [DEBUG]    | 
[2022-11-16 20:19:04,074] [builder.py:1575]           [DEBUG]    | 2 IDs Found
[2022-11-16 20:19:04,074] [builder.py:1577]           [DEBUG]    | 
[2022-11-16 20:19:04,074] [builder.py:2158]           [INFO]     | 
[2022-11-16 20:19:04,074] [builder.py:2159]           [INFO]     |=============================== Adding to Jesse Eisenberg Collection ===============================|
[2022-11-16 20:19:04,074] [builder.py:2160]           [INFO]     |                                                                                                    |
[2022-11-16 20:19:04,074] [builder.py:2174]           [INFO]     | 1/2 | Jesse Eisenberg Collection | + | Rio (2011)                                                  |
[2022-11-16 20:19:04,191] [builder.py:2174]           [INFO]     | 2/2 | Jesse Eisenberg Collection | + | Rio 2 (2014)                                                |
[2022-11-16 20:19:06,793] [builder.py:2194]           [INFO]     |                                                                                                    |
[2022-11-16 20:19:06,793] [builder.py:2196]           [INFO]     | 2 Movies Processed 2 Movies Added                                                                  |
[2022-11-16 20:19:06,800] [builder.py:2527]           [INFO]     |                                                                                                    |
[2022-11-16 20:19:06,801] [builder.py:2528]           [INFO]     |========================== Updating Details of Jesse Eisenberg Collection ==========================|
[2022-11-16 20:19:06,801] [builder.py:2529]           [INFO]     |                                                                                                    |
[2022-11-16 20:19:06,809] [builder.py:2595]           [INFO]     | Collection Metadata Edits                                                                          |
                                                                 | Summary (tmdb_person) | Jesse Adam Eisenberg (born October 5, 1983) is an American actor, director , producer, and writer. He made his television debut with the short-lived comedy-drama series Get Real (1999–2000). Following his first leading role in the comedy-drama film Roger Dodger (2002), he appeared in the drama film The Emperor's Club (2002), the psychological thriller film The Village (2004), the comedy-drama film The Squid and the Whale (2005), and the drama film The Education of Charlie Banks (2007). He is also known for playing Facebook founder Mark Zuckerberg in David Fincher's film The Social Network (2010), which earned him nominations for the BAFTA, Golden Globe, and Academy Award for Best Actor.
                                                                 | 
                                                                 | In 2009, Eisenberg had his breakthrough with starring roles in the comedy-drama film Adventureland and the horror comedy Zombieland. His other films include the Woody Allen films To Rome with Love (2012) and Café Society (2016), and the heist film Now You See Me (2013) and its sequel Now You See Me 2 (2016). He also provided the voice of Blu in the animated films Rio (2011) and Rio 2 (2014). In 2016, he portrayed Lex Luthor in the superhero film Batman v Superman: Dawn of Justice.
                                                                 | 
                                                                 | Eisenberg has contributed pieces to The New Yorker and McSweeney's websites. He has written and starred in three plays for the New York stage: Asuncion, The Revisionist, and The Spoils. His first book, Bream Gives Me Hiccups: and Other Stories, a short story collection, was released in September 2015.
                                                                 | Sort Title | ++_Jesse Eisenberg
                                                                 | Label | +PMM
[2022-11-16 20:19:08,339] [builder.py:2599]           [INFO]     | Details: have been updated
[2022-11-16 20:19:08,340] [builder.py:2603]           [INFO]     | 
[2022-11-16 20:19:08,340] [util.py:174]               [DEBUG]    | 1 poster found:
[2022-11-16 20:19:08,340] [util.py:176]               [DEBUG]    | Method: tmdb_person Poster: https://image.tmdb.org/t/p/original/yYhwWRcxDHTn63gSEF1vnDAD7cD.jpg
[2022-11-16 20:19:08,606] [library.py:178]            [INFO]     | Detail: tmdb_person updated poster to [URL] https://image.tmdb.org/t/p/original/yYhwWRcxDHTn63gSEF1vnDAD7cD.jpg
[2022-11-16 20:19:08,649] [plex_meta_manager.py:736]  [INFO]     | 
[2022-11-16 20:19:08,650] [plex_meta_manager.py:737]  [INFO]     |====================================================================================================|
[2022-11-16 20:19:08,650] [plex_meta_manager.py:737]  [INFO]     |                                Finished Jesse Eisenberg Collection                                 |
[2022-11-16 20:19:08,650] [plex_meta_manager.py:737]  [INFO]     |                                    Collection Run Time: 0:00:05                                    |
[2022-11-16 20:19:08,650] [plex_meta_manager.py:737]  [INFO]     |====================================================================================================|
