[2022-11-16 18:56:09,551] [builder.py:193]            [INFO]     |====================================================================================================|
[2022-11-16 18:56:09,551] [builder.py:193]            [INFO]     |                         Arch McCoy (Writer) Collection in Halloween Movies                         |
[2022-11-16 18:56:09,551] [builder.py:193]            [INFO]     |====================================================================================================|
[2022-11-16 18:56:09,551] [builder.py:194]            [INFO]     |                                                                                                    |
[2022-11-16 18:56:09,551] [builder.py:199]            [INFO]     |================================ Building Definition From Templates ================================|
[2022-11-16 18:56:09,551] [builder.py:215]            [DEBUG]    |                                                                                                    |
[2022-11-16 18:56:09,551] [meta.py:210]               [DEBUG]    |====================================== Template smart_filter =======================================|
[2022-11-16 18:56:09,552] [meta.py:451]               [DEBUG]    |                                                                                                    |
[2022-11-16 18:56:09,561] [meta.py:210]               [DEBUG]    |======================================= Template translation =======================================|
[2022-11-16 18:56:09,562] [meta.py:451]               [DEBUG]    |                                                                                                    |
[2022-11-16 18:56:09,566] [meta.py:210]               [DEBUG]    |========================================= Template shared ==========================================|
[2022-11-16 18:56:09,567] [meta.py:451]               [DEBUG]    |                                                                                                    |
[2022-11-16 18:56:09,585] [meta.py:512]               [DEBUG]    |                                                                                                    |
[2022-11-16 18:56:09,586] [meta.py:513]               [DEBUG]    |==================================== Final Template Attributes =====================================|
[2022-11-16 18:56:09,586] [meta.py:514]               [DEBUG]    |                                                                                                    |
[2022-11-16 18:56:09,586] [meta.py:515]               [DEBUG]    | {'tmdb_person': ['Arch McCoy'], 'smart_filter': {'sort_by': 'title.asc', 'any': {'writer': 'tmdb'}}, 'summary': 'Movies written by Arch McCoy.', 'name': 'Arch McCoy (Writer)', 'ignore_blank_results': True, 'collection_mode': 'hide', 'sort_title': '!20_Arch McCoy (Writer)', 'url_poster': 'https://raw.githubusercontent.com/meisnate12/Plex-Meta-Manager-Images/master/people/rainier/Arch%20McCoy.jpg'} |
[2022-11-16 18:56:09,586] [meta.py:516]               [DEBUG]    |                                                                                                    |
[2022-11-16 18:56:09,586] [builder.py:223]            [INFO]     |============================ Validating Arch McCoy (Writer) Attributes =============================|
[2022-11-16 18:56:09,586] [builder.py:226]            [DEBUG]    |                                                                                                    |
[2022-11-16 18:56:09,586] [builder.py:227]            [DEBUG]    | Validating Method: name                                                                            |
[2022-11-16 18:56:09,586] [builder.py:230]            [DEBUG]    | Value: Arch McCoy (Writer)                                                                         |
[2022-11-16 18:56:09,586] [builder.py:502]            [DEBUG]    |                                                                                                    |
[2022-11-16 18:56:09,587] [builder.py:503]            [DEBUG]    | Validating Method: ignore_blank_results                                                            |
[2022-11-16 18:56:09,587] [builder.py:504]            [DEBUG]    | Value: True                                                                                        |
[2022-11-16 18:56:09,587] [builder.py:528]            [DEBUG]    |                                                                                                    |
[2022-11-16 18:56:09,587] [builder.py:529]            [DEBUG]    | Validating Method: tmdb_person                                                                     |
[2022-11-16 18:56:09,587] [builder.py:533]            [DEBUG]    | Value: ['Arch McCoy']                                                                              |
[2022-11-16 18:56:09,638] [builder.py:1784]           [INFO]     |                                                                                                    |
[2022-11-16 18:56:09,638] [builder.py:1785]           [INFO]     | Validating Method: smart_filter                                                                    |
[2022-11-16 18:56:09,638] [builder.py:1791]           [DEBUG]    | Value: {'sort_by': 'title.asc', 'any': {'writer': 'tmdb'}}                                         |
[2022-11-16 18:56:09,731] [builder.py:1978]           [DEBUG]    | Smart URL: ?type=1&sort=titleSort&push=1&writer=19653&pop=1                                        |
[2022-11-16 18:56:09,731] [builder.py:646]            [DEBUG]    |                                                                                                    |
[2022-11-16 18:56:09,731] [builder.py:650]            [DEBUG]    | Validating Method: label                                                                           |
[2022-11-16 18:56:09,731] [builder.py:651]            [DEBUG]    | Value: Top Writers                                                                                 |
[2022-11-16 18:56:09,731] [builder.py:646]            [DEBUG]    |                                                                                                    |
[2022-11-16 18:56:09,732] [builder.py:650]            [DEBUG]    | Validating Method: summary                                                                         |
[2022-11-16 18:56:09,732] [builder.py:651]            [DEBUG]    | Value: Movies written by Arch McCoy.                                                               |
[2022-11-16 18:56:09,732] [builder.py:646]            [DEBUG]    |                                                                                                    |
[2022-11-16 18:56:09,732] [builder.py:650]            [DEBUG]    | Validating Method: collection_mode                                                                 |
[2022-11-16 18:56:09,732] [builder.py:651]            [DEBUG]    | Value: hide                                                                                        |
[2022-11-16 18:56:09,732] [builder.py:646]            [DEBUG]    |                                                                                                    |
[2022-11-16 18:56:09,732] [builder.py:650]            [DEBUG]    | Validating Method: sort_title                                                                      |
[2022-11-16 18:56:09,732] [builder.py:651]            [DEBUG]    | Value: !20_Arch McCoy (Writer)                                                                     |
[2022-11-16 18:56:09,732] [builder.py:646]            [DEBUG]    |                                                                                                    |
[2022-11-16 18:56:09,732] [builder.py:650]            [DEBUG]    | Validating Method: url_poster                                                                      |
[2022-11-16 18:56:09,732] [builder.py:651]            [DEBUG]    | Value: https://raw.githubusercontent.com/meisnate12/Plex-Meta-Manager-Images/master/people/rainier/Arch%20McCoy.jpg |
[2022-11-16 18:56:09,830] [builder.py:845]            [WARNING]  | Collection Warning: No Poster Found at https://raw.githubusercontent.com/meisnate12/Plex-Meta-Manager-Images/master/people/rainier/Arch%20McCoy.jpg |
[2022-11-16 18:56:09,859] [builder.py:814]            [INFO]     |                                                                                                    |
[2022-11-16 18:56:09,859] [builder.py:815]            [INFO]     | Validation Successful                                                                              |
[2022-11-16 18:56:09,859] [plex_meta_manager.py:594]  [INFO]     |                                                                                                    |
[2022-11-16 18:56:09,859] [plex_meta_manager.py:596]  [INFO]     |============================== Running Arch McCoy (Writer) Collection ==============================|
[2022-11-16 18:56:09,859] [plex_meta_manager.py:602]  [INFO]     |                                                                                                    |
[2022-11-16 18:56:09,859] [plex_meta_manager.py:603]  [INFO]     | Smart Movie Filter                                                                                 |
                                                                 | Sort By: ['title.asc']
                                                                 | Filter:
                                                                 |   Match any of the following:
                                                                 |     Writer is Arch McCoy
[2022-11-16 18:56:09,894] [builder.py:2527]           [INFO]     | 
[2022-11-16 18:56:09,895] [builder.py:2528]           [INFO]     |======================== Updating Details of Arch McCoy (Writer) Collection ========================|
[2022-11-16 18:56:09,895] [builder.py:2529]           [INFO]     |                                                                                                    |
[2022-11-16 18:56:09,912] [builder.py:2595]           [INFO]     | Collection Metadata Edits                                                                          |
[2022-11-16 18:56:09,953] [plex_meta_manager.py:736]  [INFO]     |                                                                                                    |
[2022-11-16 18:56:09,953] [plex_meta_manager.py:737]  [INFO]     |====================================================================================================|
[2022-11-16 18:56:09,953] [plex_meta_manager.py:737]  [INFO]     |                              Finished Arch McCoy (Writer) Collection                               |
[2022-11-16 18:56:09,954] [plex_meta_manager.py:737]  [INFO]     |                                    Collection Run Time: 0:00:00                                    |
[2022-11-16 18:56:09,954] [plex_meta_manager.py:737]  [INFO]     |====================================================================================================|
