[2022-11-16 22:36:17,800] [builder.py:193]            [INFO]     |====================================================================================================|
[2022-11-16 22:36:17,800] [builder.py:193]            [INFO]     |                          James Cameron (Writer) Collection in Old Movies                           |
[2022-11-16 22:36:17,800] [builder.py:193]            [INFO]     |====================================================================================================|
[2022-11-16 22:36:17,800] [builder.py:194]            [INFO]     |                                                                                                    |
[2022-11-16 22:36:17,800] [builder.py:199]            [INFO]     |================================ Building Definition From Templates ================================|
[2022-11-16 22:36:17,800] [builder.py:215]            [DEBUG]    |                                                                                                    |
[2022-11-16 22:36:17,800] [meta.py:210]               [DEBUG]    |====================================== Template smart_filter =======================================|
[2022-11-16 22:36:17,801] [meta.py:451]               [DEBUG]    |                                                                                                    |
[2022-11-16 22:36:17,806] [meta.py:210]               [DEBUG]    |======================================= Template translation =======================================|
[2022-11-16 22:36:17,807] [meta.py:451]               [DEBUG]    |                                                                                                    |
[2022-11-16 22:36:17,809] [meta.py:210]               [DEBUG]    |========================================= Template shared ==========================================|
[2022-11-16 22:36:17,810] [meta.py:451]               [DEBUG]    |                                                                                                    |
[2022-11-16 22:36:17,821] [meta.py:512]               [DEBUG]    |                                                                                                    |
[2022-11-16 22:36:17,821] [meta.py:513]               [DEBUG]    |==================================== Final Template Attributes =====================================|
[2022-11-16 22:36:17,821] [meta.py:514]               [DEBUG]    |                                                                                                    |
[2022-11-16 22:36:17,821] [meta.py:515]               [DEBUG]    | {'tmdb_person': ['James Cameron'], 'smart_filter': {'sort_by': 'title.asc', 'any': {'writer': 'tmdb'}}, 'summary': 'Movies written by James Cameron.', 'name': 'James Cameron (Writer)', 'ignore_blank_results': True, 'collection_mode': 'hide', 'sort_title': '!20_James Cameron (Writer)', 'url_poster': 'https://raw.githubusercontent.com/meisnate12/Plex-Meta-Manager-Images/master/people/rainier/James%20Cameron.jpg'} |
[2022-11-16 22:36:17,821] [meta.py:516]               [DEBUG]    |                                                                                                    |
[2022-11-16 22:36:17,822] [builder.py:223]            [INFO]     |=========================== Validating James Cameron (Writer) Attributes ===========================|
[2022-11-16 22:36:17,822] [builder.py:226]            [DEBUG]    |                                                                                                    |
[2022-11-16 22:36:17,822] [builder.py:227]            [DEBUG]    | Validating Method: name                                                                            |
[2022-11-16 22:36:17,822] [builder.py:230]            [DEBUG]    | Value: James Cameron (Writer)                                                                      |
[2022-11-16 22:36:17,822] [builder.py:502]            [DEBUG]    |                                                                                                    |
[2022-11-16 22:36:17,822] [builder.py:503]            [DEBUG]    | Validating Method: ignore_blank_results                                                            |
[2022-11-16 22:36:17,822] [builder.py:504]            [DEBUG]    | Value: True                                                                                        |
[2022-11-16 22:36:17,822] [builder.py:528]            [DEBUG]    |                                                                                                    |
[2022-11-16 22:36:17,822] [builder.py:529]            [DEBUG]    | Validating Method: tmdb_person                                                                     |
[2022-11-16 22:36:17,822] [builder.py:533]            [DEBUG]    | Value: ['James Cameron']                                                                           |
[2022-11-16 22:36:17,887] [builder.py:1784]           [INFO]     |                                                                                                    |
[2022-11-16 22:36:17,888] [builder.py:1785]           [INFO]     | Validating Method: smart_filter                                                                    |
[2022-11-16 22:36:17,888] [builder.py:1791]           [DEBUG]    | Value: {'sort_by': 'title.asc', 'any': {'writer': 'tmdb'}}                                         |
[2022-11-16 22:36:17,960] [builder.py:1978]           [DEBUG]    | Smart URL: ?type=1&sort=titleSort&push=1&writer=34518&pop=1                                        |
[2022-11-16 22:36:17,960] [builder.py:646]            [DEBUG]    |                                                                                                    |
[2022-11-16 22:36:17,960] [builder.py:650]            [DEBUG]    | Validating Method: label                                                                           |
[2022-11-16 22:36:17,961] [builder.py:651]            [DEBUG]    | Value: Top Writers                                                                                 |
[2022-11-16 22:36:17,961] [builder.py:646]            [DEBUG]    |                                                                                                    |
[2022-11-16 22:36:17,961] [builder.py:650]            [DEBUG]    | Validating Method: summary                                                                         |
[2022-11-16 22:36:17,961] [builder.py:651]            [DEBUG]    | Value: Movies written by James Cameron.                                                            |
[2022-11-16 22:36:17,961] [builder.py:646]            [DEBUG]    |                                                                                                    |
[2022-11-16 22:36:17,961] [builder.py:650]            [DEBUG]    | Validating Method: collection_mode                                                                 |
[2022-11-16 22:36:17,961] [builder.py:651]            [DEBUG]    | Value: hide                                                                                        |
[2022-11-16 22:36:17,961] [builder.py:646]            [DEBUG]    |                                                                                                    |
[2022-11-16 22:36:17,961] [builder.py:650]            [DEBUG]    | Validating Method: sort_title                                                                      |
[2022-11-16 22:36:17,961] [builder.py:651]            [DEBUG]    | Value: !20_James Cameron (Writer)                                                                  |
[2022-11-16 22:36:17,962] [builder.py:646]            [DEBUG]    |                                                                                                    |
[2022-11-16 22:36:17,962] [builder.py:650]            [DEBUG]    | Validating Method: url_poster                                                                      |
[2022-11-16 22:36:17,962] [builder.py:651]            [DEBUG]    | Value: https://raw.githubusercontent.com/meisnate12/Plex-Meta-Manager-Images/master/people/rainier/James%20Cameron.jpg |
[2022-11-16 22:36:18,004] [plex.py:835]               [DEBUG]    |                                                                                                    |
[2022-11-16 22:36:18,010] [plex.py:838]               [DEBUG]    | Looking for: James Cameron (Writer)                                                                |
[2022-11-16 22:36:18,010] [builder.py:814]            [INFO]     |                                                                                                    |
[2022-11-16 22:36:18,010] [builder.py:815]            [INFO]     | Validation Successful                                                                              |
[2022-11-16 22:36:18,010] [plex_meta_manager.py:594]  [INFO]     |                                                                                                    |
[2022-11-16 22:36:18,011] [plex_meta_manager.py:596]  [INFO]     |============================ Running James Cameron (Writer) Collection =============================|
[2022-11-16 22:36:18,011] [plex_meta_manager.py:602]  [INFO]     |                                                                                                    |
[2022-11-16 22:36:18,011] [plex_meta_manager.py:603]  [INFO]     | Smart Movie Filter                                                                                 |
                                                                 | Sort By: ['title.asc']
                                                                 | Filter:
                                                                 |   Match any of the following:
                                                                 |     Writer is James Cameron
[2022-11-16 22:36:18,074] [builder.py:2509]           [DEBUG]    | Smart Collection Created: ?type=1&sort=titleSort&push=1&writer=34518&pop=1
[2022-11-16 22:36:18,080] [builder.py:2527]           [INFO]     | 
[2022-11-16 22:36:18,081] [builder.py:2528]           [INFO]     |====================== Updating Details of James Cameron (Writer) Collection =======================|
[2022-11-16 22:36:18,081] [builder.py:2529]           [INFO]     |                                                                                                    |
[2022-11-16 22:36:18,088] [builder.py:2595]           [INFO]     | Collection Metadata Edits                                                                          |
                                                                 | Summary (summary) | Movies written by James Cameron.
                                                                 | Sort Title | !20_James Cameron (Writer)
                                                                 | Label | +Top Writers, +PMM
[2022-11-16 22:36:20,755] [builder.py:2599]           [INFO]     | Details: have been updated
[2022-11-16 22:36:20,755] [builder.py:2603]           [INFO]     | 
[2022-11-16 22:36:23,218] [builder.py:2615]           [INFO]     | Collection Mode | hide
[2022-11-16 22:36:23,235] [plex.py:1203]              [WARNING]  | Asset Warning: Asset Directory Not Found and Created: config/Old_Movies/Assets/James Cameron (Writer)
[2022-11-16 22:36:23,235] [util.py:174]               [DEBUG]    | 2 posters found:
[2022-11-16 22:36:23,235] [util.py:176]               [DEBUG]    | Method: tmdb_person Poster: https://image.tmdb.org/t/p/original/9NAZnTjBQ9WcXAQEzZpKy4vdQto.jpg
[2022-11-16 22:36:23,235] [util.py:176]               [DEBUG]    | Method: url_poster Poster: https://raw.githubusercontent.com/meisnate12/Plex-Meta-Manager-Images/master/people/rainier/James%20Cameron.jpg
[2022-11-16 22:36:23,400] [library.py:178]            [INFO]     | Detail: asset_directory updated James Cameron (Writer)'s poster to [File] config/Old_Movies/Assets/James Cameron (Writer)/poster.jpg
[2022-11-16 22:36:23,460] [plex_meta_manager.py:736]  [INFO]     | 
[2022-11-16 22:36:23,460] [plex_meta_manager.py:737]  [INFO]     |====================================================================================================|
[2022-11-16 22:36:23,461] [plex_meta_manager.py:737]  [INFO]     |                             Finished James Cameron (Writer) Collection                             |
[2022-11-16 22:36:23,461] [plex_meta_manager.py:737]  [INFO]     |                                    Collection Run Time: 0:00:05                                    |
[2022-11-16 22:36:23,461] [plex_meta_manager.py:737]  [INFO]     |====================================================================================================|
