[2022-11-16 18:22:52,080] [builder.py:193]            [INFO]     |====================================================================================================|
[2022-11-16 18:22:52,080] [builder.py:193]            [INFO]     |                           Sword & Sorcery Collection in Halloween Movies                           |
[2022-11-16 18:22:52,080] [builder.py:193]            [INFO]     |====================================================================================================|
[2022-11-16 18:22:52,080] [builder.py:194]            [INFO]     |                                                                                                    |
[2022-11-16 18:22:52,080] [builder.py:199]            [INFO]     |================================ Building Definition From Templates ================================|
[2022-11-16 18:22:52,080] [builder.py:215]            [DEBUG]    |                                                                                                    |
[2022-11-16 18:22:52,080] [meta.py:210]               [DEBUG]    |====================================== Template Special Genre ======================================|
[2022-11-16 18:22:52,081] [meta.py:451]               [DEBUG]    |                                                                                                    |
[2022-11-16 18:22:52,082] [meta.py:512]               [DEBUG]    |                                                                                                    |
[2022-11-16 18:22:52,082] [meta.py:513]               [DEBUG]    |==================================== Final Template Attributes =====================================|
[2022-11-16 18:22:52,082] [meta.py:514]               [DEBUG]    |                                                                                                    |
[2022-11-16 18:22:52,082] [meta.py:515]               [DEBUG]    | {'url_poster': 'https://theposterdb.com/api/assets/213143', 'collection_mode': 'hide', 'collection_order': 'release.desc'} |
[2022-11-16 18:22:52,082] [meta.py:516]               [DEBUG]    |                                                                                                    |
[2022-11-16 18:22:52,082] [builder.py:223]            [INFO]     |============================== Validating Sword & Sorcery Attributes ===============================|
[2022-11-16 18:22:52,082] [builder.py:613]            [DEBUG]    |                                                                                                    |
[2022-11-16 18:22:52,082] [builder.py:614]            [DEBUG]    | Validating Method: collection_order                                                                |
[2022-11-16 18:22:52,083] [builder.py:615]            [DEBUG]    | Value: release.desc                                                                                |
[2022-11-16 18:22:52,083] [builder.py:646]            [DEBUG]    |                                                                                                    |
[2022-11-16 18:22:52,083] [builder.py:650]            [DEBUG]    | Validating Method: sort_title                                                                      |
[2022-11-16 18:22:52,083] [builder.py:651]            [DEBUG]    | Value: ++++++++_Sword_&_Sorcery                                                                    |
[2022-11-16 18:22:52,083] [builder.py:646]            [DEBUG]    |                                                                                                    |
[2022-11-16 18:22:52,083] [builder.py:650]            [DEBUG]    | Validating Method: trakt_list                                                                      |
[2022-11-16 18:22:52,083] [builder.py:651]            [DEBUG]    | Value: ['https://trakt.tv/users/jjjonesjr33/lists/sword-and-sorcery-movies']                       |
[2022-11-16 18:22:52,221] [builder.py:646]            [DEBUG]    |                                                                                                    |
[2022-11-16 18:22:52,221] [builder.py:650]            [DEBUG]    | Validating Method: summary                                                                         |
[2022-11-16 18:22:52,221] [builder.py:651]            [DEBUG]    | Value: Sword and Sorcery films are a sub-genre of Fantasy that tend to be more plot-driven. These films rely on heavy action and battle scenes. Common themes in Sword and Sorcery films include a rescue mission, saving a princess, and battling a fantastical monster. The worlds and characters in these films are often much less developed than in other fantasy sub-genres. Of all the Fantasy sub-genres, Sword and Sorcery is most likely to be geared towards a younger audience, as many of these films are animated. |
[2022-11-16 18:22:52,221] [builder.py:646]            [DEBUG]    |                                                                                                    |
[2022-11-16 18:22:52,221] [builder.py:650]            [DEBUG]    | Validating Method: url_poster                                                                      |
[2022-11-16 18:22:52,221] [builder.py:651]            [DEBUG]    | Value: https://theposterdb.com/api/assets/213143                                                   |
[2022-11-16 18:22:52,872] [builder.py:646]            [DEBUG]    |                                                                                                    |
[2022-11-16 18:22:52,872] [builder.py:650]            [DEBUG]    | Validating Method: collection_mode                                                                 |
[2022-11-16 18:22:52,872] [builder.py:651]            [DEBUG]    | Value: hide                                                                                        |
[2022-11-16 18:22:52,908] [builder.py:814]            [INFO]     |                                                                                                    |
[2022-11-16 18:22:52,908] [builder.py:815]            [INFO]     | Validation Successful                                                                              |
[2022-11-16 18:22:52,908] [plex_meta_manager.py:594]  [INFO]     |                                                                                                    |
[2022-11-16 18:22:52,908] [plex_meta_manager.py:596]  [INFO]     |================================ Running Sword & Sorcery Collection ================================|
[2022-11-16 18:22:52,908] [plex_meta_manager.py:608]  [INFO]     |                                                                                                    |
[2022-11-16 18:22:52,908] [plex_meta_manager.py:609]  [INFO]     | Sync Mode: append                                                                                  |
[2022-11-16 18:22:52,908] [plex_meta_manager.py:612]  [DEBUG]    |                                                                                                    |
[2022-11-16 18:22:52,909] [plex_meta_manager.py:613]  [DEBUG]    | Builder: trakt_list: https://trakt.tv/users/jjjonesjr33/lists/sword-and-sorcery-movies             |
[2022-11-16 18:22:52,909] [plex_meta_manager.py:614]  [INFO]     |                                                                                                    |
[2022-11-16 18:22:52,909] [trakt.py:493]              [INFO]     | Processing Trakt List: https://trakt.tv/users/jjjonesjr33/lists/sword-and-sorcery-movies           |
[2022-11-16 18:22:53,043] [builder.py:1574]           [DEBUG]    |                                                                                                    |
[2022-11-16 18:22:53,043] [builder.py:1575]           [DEBUG]    | 299 IDs Found                                                                                      |
[2022-11-16 18:22:53,043] [builder.py:1577]           [DEBUG]    |                                                                                                    |
[2022-11-16 18:22:53,044] [builder.py:2158]           [INFO]     |                                                                                                    |
[2022-11-16 18:22:53,045] [builder.py:2159]           [INFO]     |=============================== Adding to Sword & Sorcery Collection ===============================|
[2022-11-16 18:22:53,045] [builder.py:2160]           [INFO]     |                                                                                                    |
[2022-11-16 18:22:53,045] [builder.py:2174]           [INFO]     | 1/3 | Sword & Sorcery Collection | = | Dracula Untold (2014)                                       |
[2022-11-16 18:22:53,045] [builder.py:2174]           [INFO]     | 2/3 | Sword & Sorcery Collection | = | Dracula: The Dark Prince (2013)                             |
[2022-11-16 18:22:53,045] [builder.py:2174]           [INFO]     | 3/3 | Sword & Sorcery Collection | = | Army of Darkness (1992)                                     |
[2022-11-16 18:22:53,045] [builder.py:2194]           [INFO]     |                                                                                                    |
[2022-11-16 18:22:53,045] [builder.py:2196]           [INFO]     | 3 Movies Processed 0 Movies Added                                                                  |
[2022-11-16 18:22:53,045] [builder.py:2306]           [INFO]     |                                                                                                    |
[2022-11-16 18:22:53,045] [builder.py:2307]           [INFO]     |========================== Missing Movies from Library: Halloween Movies ===========================|
[2022-11-16 18:22:53,045] [builder.py:2308]           [INFO]     |                                                                                                    |
[2022-11-16 18:22:53,089] [builder.py:2321]           [INFO]     | Sword & Sorcery Collection | ? | Harry Potter and the Philosopher's Stone (2001) (TMDb: 671)       |
[2022-11-16 18:22:53,102] [builder.py:2321]           [INFO]     | Sword & Sorcery Collection | ? | The Hobbit: An Unexpected Journey (2012) (TMDb: 49051)            |
[2022-11-16 18:22:53,118] [builder.py:2321]           [INFO]     | Sword & Sorcery Collection | ? | Harry Potter and the Chamber of Secrets (2002) (TMDb: 672)        |
[2022-11-16 18:22:53,129] [builder.py:2321]           [INFO]     | Sword & Sorcery Collection | ? | Harry Potter and the Prisoner of Azkaban (2004) (TMDb: 673)       |
[2022-11-16 18:22:53,141] [builder.py:2321]           [INFO]     | Sword & Sorcery Collection | ? | Harry Potter and the Deathly Hallows: Part 2 (2011) (TMDb: 12445) |
[2022-11-16 18:22:53,151] [builder.py:2321]           [INFO]     | Sword & Sorcery Collection | ? | Harry Potter and the Goblet of Fire (2005) (TMDb: 674)            |
[2022-11-16 18:22:53,162] [builder.py:2321]           [INFO]     | Sword & Sorcery Collection | ? | The Hobbit: The Desolation of Smaug (2013) (TMDb: 57158)          |
[2022-11-16 18:22:53,172] [builder.py:2321]           [INFO]     | Sword & Sorcery Collection | ? | 300 (2007) (TMDb: 1271)                                           |
[2022-11-16 18:22:53,188] [builder.py:2321]           [INFO]     | Sword & Sorcery Collection | ? | The Hobbit: The Battle of the Five Armies (2014) (TMDb: 122917)   |
[2022-11-16 18:22:53,204] [builder.py:2321]           [INFO]     | Sword & Sorcery Collection | ? | Gods of Egypt (2016) (TMDb: 205584)                               |
[2022-11-16 18:22:53,216] [builder.py:2321]           [INFO]     | Sword & Sorcery Collection | ? | The Huntsman: Winter's War (2016) (TMDb: 290595)                  |
[2022-11-16 18:22:53,226] [builder.py:2321]           [INFO]     | Sword & Sorcery Collection | ? | 300: Rise of an Empire (2014) (TMDb: 53182)                       |
[2022-11-16 18:22:53,245] [builder.py:2321]           [INFO]     | Sword & Sorcery Collection | ? | Monty Python and the Holy Grail (1975) (TMDb: 762)                |
[2022-11-16 18:22:53,256] [builder.py:2321]           [INFO]     | Sword & Sorcery Collection | ? | Hercules (1997) (TMDb: 11970)                                     |
[2022-11-16 18:22:53,272] [builder.py:2321]           [INFO]     | Sword & Sorcery Collection | ? | Snow White and the Huntsman (2012) (TMDb: 58595)                  |
[2022-11-16 18:22:53,282] [builder.py:2321]           [INFO]     | Sword & Sorcery Collection | ? | Clash of the Titans (2010) (TMDb: 18823)                          |
[2022-11-16 18:22:53,294] [builder.py:2321]           [INFO]     | Sword & Sorcery Collection | ? | Hercules (2014) (TMDb: 184315)                                    |
[2022-11-16 18:22:53,305] [builder.py:2321]           [INFO]     | Sword & Sorcery Collection | ? | The Chronicles of Narnia: Prince Caspian (2008) (TMDb: 2454)      |
[2022-11-16 18:22:53,316] [builder.py:2321]           [INFO]     | Sword & Sorcery Collection | ? | The Sorcerer's Apprentice (2010) (TMDb: 27022)                    |
[2022-11-16 18:22:53,332] [builder.py:2321]           [INFO]     | Sword & Sorcery Collection | ? | The NeverEnding Story (1984) (TMDb: 34584)                        |
[2022-11-16 18:22:53,344] [builder.py:2321]           [INFO]     | Sword & Sorcery Collection | ? | The Chronicles of Narnia: The Voyage of the Dawn Treader (2010) (TMDb: 10140) |
[2022-11-16 18:22:53,356] [builder.py:2321]           [INFO]     | Sword & Sorcery Collection | ? | Wrath of the Titans (2012) (TMDb: 57165)                          |
[2022-11-16 18:22:53,370] [builder.py:2321]           [INFO]     | Sword & Sorcery Collection | ? | Seventh Son (2014) (TMDb: 68737)                                  |
[2022-11-16 18:22:53,380] [builder.py:2321]           [INFO]     | Sword & Sorcery Collection | ? | Labyrinth (1986) (TMDb: 13597)                                    |
[2022-11-16 18:22:53,402] [builder.py:2321]           [INFO]     | Sword & Sorcery Collection | ? | Highlander (1986) (TMDb: 8009)                                    |
[2022-11-16 18:22:53,412] [builder.py:2321]           [INFO]     | Sword & Sorcery Collection | ? | Immortals (2011) (TMDb: 37958)                                    |
[2022-11-16 18:22:53,423] [builder.py:2321]           [INFO]     | Sword & Sorcery Collection | ? | Conan the Barbarian (2011) (TMDb: 37430)                          |
[2022-11-16 18:22:53,436] [builder.py:2321]           [INFO]     | Sword & Sorcery Collection | ? | Conan the Barbarian (1982) (TMDb: 9387)                           |
[2022-11-16 18:22:53,448] [builder.py:2321]           [INFO]     | Sword & Sorcery Collection | ? | Beowulf (2007) (TMDb: 2310)                                       |
[2022-11-16 18:22:53,459] [builder.py:2321]           [INFO]     | Sword & Sorcery Collection | ? | Reign of Fire (2002) (TMDb: 6278)                                 |
[2022-11-16 18:22:53,474] [builder.py:2321]           [INFO]     | Sword & Sorcery Collection | ? | The Scorpion King (2002) (TMDb: 9334)                             |
[2022-11-16 18:22:53,486] [builder.py:2321]           [INFO]     | Sword & Sorcery Collection | ? | Your Highness (2011) (TMDb: 38319)                                |
[2022-11-16 18:22:53,488] [builder.py:2321]           [INFO]     | Sword & Sorcery Collection | ? | Season of the Witch (2011) (TMDb: 23047)                          |
[2022-11-16 18:22:53,504] [builder.py:2321]           [INFO]     | Sword & Sorcery Collection | ? | The Spiderwick Chronicles (2008) (TMDb: 8204)                     |
[2022-11-16 18:22:53,533] [builder.py:2321]           [INFO]     | Sword & Sorcery Collection | ? | DragonHeart (1996) (TMDb: 8840)                                   |
[2022-11-16 18:22:53,544] [builder.py:2321]           [INFO]     | Sword & Sorcery Collection | ? | The Legend of Hercules (2014) (TMDb: 188207)                      |
[2022-11-16 18:22:53,557] [builder.py:2321]           [INFO]     | Sword & Sorcery Collection | ? | Solomon Kane (2009) (TMDb: 32985)                                 |
[2022-11-16 18:22:53,571] [builder.py:2321]           [INFO]     | Sword & Sorcery Collection | ? | Centurion (2010) (TMDb: 23759)                                    |
[2022-11-16 18:22:53,581] [builder.py:2321]           [INFO]     | Sword & Sorcery Collection | ? | Tale of Tales (2015) (TMDb: 314405)                               |
[2022-11-16 18:22:53,595] [builder.py:2321]           [INFO]     | Sword & Sorcery Collection | ? | Conan the Destroyer (1984) (TMDb: 9610)                           |
[2022-11-16 18:22:53,614] [builder.py:2321]           [INFO]     | Sword & Sorcery Collection | ? | Outlander (2008) (TMDb: 10529)                                    |
[2022-11-16 18:22:53,624] [builder.py:2321]           [INFO]     | Sword & Sorcery Collection | ? | The Black Cauldron (1985) (TMDb: 10957)                           |
[2022-11-16 18:22:53,640] [builder.py:2321]           [INFO]     | Sword & Sorcery Collection | ? | Legend (1985) (TMDb: 11976)                                       |
[2022-11-16 18:22:53,651] [builder.py:2321]           [INFO]     | Sword & Sorcery Collection | ? | Tales from Earthsea (2006) (TMDb: 37933)                          |
[2022-11-16 18:22:53,667] [builder.py:2321]           [INFO]     | Sword & Sorcery Collection | ? | Heavy Metal (1981) (TMDb: 11827)                                  |
[2022-11-16 18:22:53,678] [builder.py:2321]           [INFO]     | Sword & Sorcery Collection | ? | Dragon Blade (2015) (TMDb: 300168)                                |
[2022-11-16 18:22:53,689] [builder.py:2321]           [INFO]     | Sword & Sorcery Collection | ? | Black Death (2010) (TMDb: 41215)                                  |
[2022-11-16 18:22:53,700] [builder.py:2321]           [INFO]     | Sword & Sorcery Collection | ? | Ladyhawke (1985) (TMDb: 526)                                      |
[2022-11-16 18:22:53,711] [builder.py:2321]           [INFO]     | Sword & Sorcery Collection | ? | Excalibur (1981) (TMDb: 11527)                                    |
[2022-11-16 18:22:53,723] [builder.py:2321]           [INFO]     | Sword & Sorcery Collection | ? | Clash of the Titans (1981) (TMDb: 10323)                          |
[2022-11-16 18:22:53,737] [builder.py:2321]           [INFO]     | Sword & Sorcery Collection | ? | Masters of the Universe (1987) (TMDb: 11649)                      |
[2022-11-16 18:22:53,740] [builder.py:2321]           [INFO]     | Sword & Sorcery Collection | ? | The Secret of NIMH (1982) (TMDb: 11704)                           |
[2022-11-16 18:22:53,754] [builder.py:2321]           [INFO]     | Sword & Sorcery Collection | ? | The NeverEnding Story II: The Next Chapter (1990) (TMDb: 34636)   |
[2022-11-16 18:22:53,767] [builder.py:2321]           [INFO]     | Sword & Sorcery Collection | ? | The Lord of the Rings (1978) (TMDb: 123)                          |
[2022-11-16 18:22:53,786] [builder.py:2321]           [INFO]     | Sword & Sorcery Collection | ? | Red Sonja (1985) (TMDb: 9626)                                     |
[2022-11-16 18:22:53,803] [builder.py:2321]           [INFO]     | Sword & Sorcery Collection | ? | Pathfinder (2007) (TMDb: 1534)                                    |
[2022-11-16 18:22:53,818] [builder.py:2321]           [INFO]     | Sword & Sorcery Collection | ? | The Last Legion (2007) (TMDb: 9703)                               |
[2022-11-16 18:22:53,831] [builder.py:2321]           [INFO]     | Sword & Sorcery Collection | ? | The Hobbit (1977) (TMDb: 1362)                                    |
[2022-11-16 18:22:53,844] [builder.py:2321]           [INFO]     | Sword & Sorcery Collection | ? | Mythica: A Quest for Heroes (2014) (TMDb: 321068)                 |
[2022-11-16 18:22:53,855] [builder.py:2321]           [INFO]     | Sword & Sorcery Collection | ? | Mythica: The Darkspore (2015) (TMDb: 347096)                      |
[2022-11-16 18:22:53,867] [builder.py:2321]           [INFO]     | Sword & Sorcery Collection | ? | The Last King (2016) (TMDb: 360249)                               |
[2022-11-16 18:22:53,886] [builder.py:2321]           [INFO]     | Sword & Sorcery Collection | ? | Dungeons & Dragons (2000) (TMDb: 11849)                           |
[2022-11-16 18:22:53,898] [builder.py:2321]           [INFO]     | Sword & Sorcery Collection | ? | The Beastmaster (1982) (TMDb: 16441)                              |
[2022-11-16 18:22:53,910] [builder.py:2321]           [INFO]     | Sword & Sorcery Collection | ? | Dragonheart 3: The Sorcerer's Curse (2015) (TMDb: 300803)         |
[2022-11-16 18:22:53,921] [builder.py:2321]           [INFO]     | Sword & Sorcery Collection | ? | The Scorpion King 2: Rise of a Warrior (2008) (TMDb: 13486)       |
[2022-11-16 18:22:53,933] [builder.py:2321]           [INFO]     | Sword & Sorcery Collection | ? | Highlander III: The Sorcerer (1994) (TMDb: 8011)                  |
[2022-11-16 18:22:53,935] [builder.py:2321]           [INFO]     | Sword & Sorcery Collection | ? | Ragnarok (2013) (TMDb: 140818)                                    |
[2022-11-16 18:22:53,948] [builder.py:2321]           [INFO]     | Sword & Sorcery Collection | ? | Quest for Fire (1981) (TMDb: 62204)                               |
[2022-11-16 18:22:53,958] [builder.py:2321]           [INFO]     | Sword & Sorcery Collection | ? | Hammer of the Gods (2013) (TMDb: 192538)                          |
[2022-11-16 18:22:53,969] [builder.py:2321]           [INFO]     | Sword & Sorcery Collection | ? | The Scorpion King 3: Battle for Redemption (2012) (TMDb: 78049)   |
[2022-11-16 18:22:53,980] [builder.py:2321]           [INFO]     | Sword & Sorcery Collection | ? | The Seeker: The Dark Is Rising (2007) (TMDb: 2274)                |
[2022-11-16 18:22:53,995] [builder.py:2321]           [INFO]     | Sword & Sorcery Collection | ? | Dragonslayer (1981) (TMDb: 848)                                   |
[2022-11-16 18:22:54,007] [builder.py:2321]           [INFO]     | Sword & Sorcery Collection | ? | The NeverEnding Story III (1994) (TMDb: 27793)                    |
[2022-11-16 18:22:54,022] [builder.py:2321]           [INFO]     | Sword & Sorcery Collection | ? | Jabberwocky (1977) (TMDb: 11834)                                  |
[2022-11-16 18:22:54,033] [builder.py:2321]           [INFO]     | Sword & Sorcery Collection | ? | Beowulf & Grendel (2005) (TMDb: 5471)                             |
[2022-11-16 18:22:54,044] [builder.py:2321]           [INFO]     | Sword & Sorcery Collection | ? | Wizards (1977) (TMDb: 16220)                                      |
[2022-11-16 18:22:54,055] [builder.py:2321]           [INFO]     | Sword & Sorcery Collection | ? | Fire and Ice (1983) (TMDb: 15035)                                 |
[2022-11-16 18:22:54,067] [builder.py:2321]           [INFO]     | Sword & Sorcery Collection | ? | The Golden Voyage of Sinbad (1973) (TMDb: 17897)                  |
[2022-11-16 18:22:54,077] [builder.py:2321]           [INFO]     | Sword & Sorcery Collection | ? | Flesh + Blood (1985) (TMDb: 12775)                                |
[2022-11-16 18:22:54,088] [builder.py:2321]           [INFO]     | Sword & Sorcery Collection | ? | Forbidden Empire (2014) (TMDb: 208763)                            |
[2022-11-16 18:22:54,099] [builder.py:2321]           [INFO]     | Sword & Sorcery Collection | ? | Sinbad and the Eye of the Tiger (1977) (TMDb: 11940)              |
[2022-11-16 18:22:54,114] [builder.py:2321]           [INFO]     | Sword & Sorcery Collection | ? | The Scorpion King 4: Quest for Power (2015) (TMDb: 297291)        |
[2022-11-16 18:22:54,124] [builder.py:2321]           [INFO]     | Sword & Sorcery Collection | ? | Highlander: The Source (2007) (TMDb: 13360)                       |
[2022-11-16 18:22:54,140] [builder.py:2321]           [INFO]     | Sword & Sorcery Collection | ? | A Chinese Ghost Story (1987) (TMDb: 30421)                        |
[2022-11-16 18:22:54,152] [builder.py:2321]           [INFO]     | Sword & Sorcery Collection | ? | Hercules Reborn (2014) (TMDb: 277594)                             |
[2022-11-16 18:22:54,166] [builder.py:2321]           [INFO]     | Sword & Sorcery Collection | ? | The Land That Time Forgot (1974) (TMDb: 27085)                    |
[2022-11-16 18:22:54,176] [builder.py:2321]           [INFO]     | Sword & Sorcery Collection | ? | SAGA - Curse of the Shadow (2014) (TMDb: 198677)                  |
[2022-11-16 18:22:54,188] [builder.py:2321]           [INFO]     | Sword & Sorcery Collection | ? | The Flight of Dragons (1982) (TMDb: 27273)                        |
[2022-11-16 18:22:54,199] [builder.py:2321]           [INFO]     | Sword & Sorcery Collection | ? | Dungeons & Dragons: Wrath of the Dragon God (2005) (TMDb: 9288)   |
[2022-11-16 18:22:54,209] [builder.py:2321]           [INFO]     | Sword & Sorcery Collection | ? | Kull the Conqueror (1997) (TMDb: 17832)                           |
[2022-11-16 18:22:54,220] [builder.py:2321]           [INFO]     | Sword & Sorcery Collection | ? | The Return of the King (1980) (TMDb: 1361)                        |
[2022-11-16 18:22:54,231] [builder.py:2321]           [INFO]     | Sword & Sorcery Collection | ? | In the Name of the King 2: Two Worlds (2011) (TMDb: 80410)        |
[2022-11-16 18:22:54,242] [builder.py:2321]           [INFO]     | Sword & Sorcery Collection | ? | Sauna (2008) (TMDb: 16166)                                        |
[2022-11-16 18:22:54,253] [builder.py:2321]           [INFO]     | Sword & Sorcery Collection | ? | Dungeons & Dragons: The Book of Vile Darkness (2012) (TMDb: 135858) |
[2022-11-16 18:22:54,264] [builder.py:2321]           [INFO]     | Sword & Sorcery Collection | ? | Deathstalker (1983) (TMDb: 15895)                                 |
[2022-11-16 18:22:54,275] [builder.py:2321]           [INFO]     | Sword & Sorcery Collection | ? | The People That Time Forgot (1977) (TMDb: 27591)                  |
[2022-11-16 18:22:54,287] [builder.py:2321]           [INFO]     | Sword & Sorcery Collection | ? | Escape (2012) (TMDb: 136080)                                      |
[2022-11-16 18:22:54,297] [builder.py:2321]           [INFO]     | Sword & Sorcery Collection | ? | He-Man and She-Ra: The Secret of the Sword (1985) (TMDb: 19386)   |
[2022-11-16 18:22:54,309] [builder.py:2321]           [INFO]     | Sword & Sorcery Collection | ? | Dudes & Dragons (2015) (TMDb: 385232)                             |
[2022-11-16 18:22:54,326] [builder.py:2321]           [INFO]     | Sword & Sorcery Collection | ? | Hercules and the Amazon Women (1994) (TMDb: 37404)                |
[2022-11-16 18:22:54,339] [builder.py:2321]           [INFO]     | Sword & Sorcery Collection | ? | Gandahar (1987) (TMDb: 22500)                                     |
[2022-11-16 18:22:54,351] [builder.py:2321]           [INFO]     | Sword & Sorcery Collection | ? | Hercules in the Underworld (1994) (TMDb: 75834)                   |
[2022-11-16 18:22:54,368] [builder.py:2321]           [INFO]     | Sword & Sorcery Collection | ? | The Navigator: A Medieval Odyssey (1988) (TMDb: 34637)            |
[2022-11-16 18:22:54,379] [builder.py:2321]           [INFO]     | Sword & Sorcery Collection | ? | Dragonfyre (2013) (TMDb: 224003)                                  |
[2022-11-16 18:22:54,389] [builder.py:2321]           [INFO]     | Sword & Sorcery Collection | ? | Mio in the Land of Faraway (1987) (TMDb: 14499)                   |
[2022-11-16 18:22:54,401] [builder.py:2321]           [INFO]     | Sword & Sorcery Collection | ? | Hawk the Slayer (1980) (TMDb: 25628)                              |
[2022-11-16 18:22:54,412] [builder.py:2321]           [INFO]     | Sword & Sorcery Collection | ? | Minotaur (2006) (TMDb: 18870)                                     |
[2022-11-16 18:22:54,426] [builder.py:2321]           [INFO]     | Sword & Sorcery Collection | ? | George and the Dragon (2004) (TMDb: 5494)                         |
[2022-11-16 18:22:54,438] [builder.py:2321]           [INFO]     | Sword & Sorcery Collection | ? | Beastmaster 2: Through the Portal of Time (1991) (TMDb: 27549)    |
[2022-11-16 18:22:54,449] [builder.py:2321]           [INFO]     | Sword & Sorcery Collection | ? | Hercules and the Lost Kingdom (1994) (TMDb: 75826)                |
[2022-11-16 18:22:54,461] [builder.py:2321]           [INFO]     | Sword & Sorcery Collection | ? | Hercules in the Maze of the Minotaur (1994) (TMDb: 70811)         |
[2022-11-16 18:22:54,477] [builder.py:2321]           [INFO]     | Sword & Sorcery Collection | ? | Hercules and the Circle of Fire (1994) (TMDb: 75822)              |
[2022-11-16 18:22:54,501] [builder.py:2321]           [INFO]     | Sword & Sorcery Collection | ? | Dragonlance: Dragons Of Autumn Twilight (2008) (TMDb: 17031)      |
[2022-11-16 18:22:54,528] [builder.py:2321]           [INFO]     | Sword & Sorcery Collection | ? | He-Man and She-Ra: A Christmas Special (1985) (TMDb: 50063)       |
[2022-11-16 18:22:54,539] [builder.py:2321]           [INFO]     | Sword & Sorcery Collection | ? | Wolfhound of the Grey Dog Clan (2006) (TMDb: 13334)               |
[2022-11-16 18:22:54,550] [builder.py:2321]           [INFO]     | Sword & Sorcery Collection | ? | Warlords of Atlantis (1978) (TMDb: 30117)                         |
[2022-11-16 18:22:54,561] [builder.py:2321]           [INFO]     | Sword & Sorcery Collection | ? | The Crown and the Dragon (2013) (TMDb: 205939)                    |
[2022-11-16 18:22:54,580] [builder.py:2321]           [INFO]     | Sword & Sorcery Collection | ? | Fire and Ice: The Dragon Chronicles (2008) (TMDb: 16999)          |
[2022-11-16 18:22:54,600] [builder.py:2321]           [INFO]     | Sword & Sorcery Collection | ? | Sinbad: The Fifth Voyage (2014) (TMDb: 54415)                     |
[2022-11-16 18:22:54,616] [builder.py:2321]           [INFO]     | Sword & Sorcery Collection | ? | The Wild Hunt (2009) (TMDb: 44680)                                |
[2022-11-16 18:22:54,630] [builder.py:2321]           [INFO]     | Sword & Sorcery Collection | ? | The Dungeonmaster (1984) (TMDb: 27244)                            |
[2022-11-16 18:22:54,642] [builder.py:2321]           [INFO]     | Sword & Sorcery Collection | ? | Barbarian Queen (1985) (TMDb: 29903)                              |
[2022-11-16 18:22:54,653] [builder.py:2321]           [INFO]     | Sword & Sorcery Collection | ? | Yor, the Hunter from the Future (1983) (TMDb: 38219)              |
[2022-11-16 18:22:54,663] [builder.py:2321]           [INFO]     | Sword & Sorcery Collection | ? | Conquest (1983) (TMDb: 27232)                                     |
[2022-11-16 18:22:54,675] [builder.py:2321]           [INFO]     | Sword & Sorcery Collection | ? | Hercules and Xena - The Animated Movie: The Battle for Mount Olympus (1998) (TMDb: 53346) |
[2022-11-16 18:22:54,687] [builder.py:2321]           [INFO]     | Sword & Sorcery Collection | ? | Sinbad of the Seven Seas (1989) (TMDb: 44126)                     |
[2022-11-16 18:22:54,700] [builder.py:2321]           [INFO]     | Sword & Sorcery Collection | ? | The Arena (1974) (TMDb: 29039)                                    |
[2022-11-16 18:22:54,716] [builder.py:2321]           [INFO]     | Sword & Sorcery Collection | ? | The Old Fairy Tale: When the Sun Was God (2003) (TMDb: 35021)     |
[2022-11-16 18:22:54,728] [builder.py:2321]           [INFO]     | Sword & Sorcery Collection | ? | Midnight Chronicles (2008) (TMDb: 20880)                          |
[2022-11-16 18:22:54,740] [builder.py:2321]           [INFO]     | Sword & Sorcery Collection | ? | Sword of the Valiant: The Legend of Sir Gawain and the Green Knight (1984) (TMDb: 30584) |
[2022-11-16 18:22:54,751] [builder.py:2321]           [INFO]     | Sword & Sorcery Collection | ? | Merlin and the War of the Dragons (2008) (TMDb: 16923)            |
[2022-11-16 18:22:54,763] [builder.py:2321]           [INFO]     | Sword & Sorcery Collection | ? | The Warrior and the Sorceress (1984) (TMDb: 46500)                |
[2022-11-16 18:22:54,774] [builder.py:2321]           [INFO]     | Sword & Sorcery Collection | ? | Aladdin and the Death Lamp (2012) (TMDb: 132894)                  |
[2022-11-16 18:22:54,784] [builder.py:2321]           [INFO]     | Sword & Sorcery Collection | ? | Heart of the Warrior (1999) (TMDb: 39417)                         |
[2022-11-16 18:22:54,798] [builder.py:2321]           [INFO]     | Sword & Sorcery Collection | ? | Young Hercules (1998) (TMDb: 182532)                              |
[2022-11-16 18:22:54,827] [builder.py:2321]           [INFO]     | Sword & Sorcery Collection | ? | Arabian Adventure (1979) (TMDb: 82430)                            |
[2022-11-16 18:22:54,847] [builder.py:2321]           [INFO]     | Sword & Sorcery Collection | ? | She (1985) (TMDb: 47345)                                          |
[2022-11-16 18:22:54,858] [builder.py:2321]           [INFO]     | Sword & Sorcery Collection | ? | Merlin and the Book of Beasts (2009) (TMDb: 21358)                |
[2022-11-16 18:22:54,869] [builder.py:2321]           [INFO]     | Sword & Sorcery Collection | ? | The Sword in the Stone (1963) (TMDb: 9078)                        |
[2022-11-16 18:22:54,881] [builder.py:2321]           [INFO]     | Sword & Sorcery Collection | ? | Jason and the Argonauts (1963) (TMDb: 11533)                      |
[2022-11-16 18:22:54,892] [builder.py:2321]           [INFO]     | Sword & Sorcery Collection | ? | Hundra (1983) (TMDb: 48242)                                       |
[2022-11-16 18:22:54,904] [builder.py:2321]           [INFO]     | Sword & Sorcery Collection | ? | The 7th Voyage of Sinbad (1958) (TMDb: 15515)                     |
[2022-11-16 18:22:54,915] [builder.py:2321]           [INFO]     | Sword & Sorcery Collection | ? | Orochi, the Eight-Headed Dragon (1994) (TMDb: 155514)             |
[2022-11-16 18:22:54,926] [builder.py:2321]           [INFO]     | Sword & Sorcery Collection | ? | Shadow of the Sword (2005) (TMDb: 30800)                          |
[2022-11-16 18:22:54,938] [builder.py:2321]           [INFO]     | Sword & Sorcery Collection | ? | The Raven (1963) (TMDb: 29056)                                    |
[2022-11-16 18:22:54,949] [builder.py:2321]           [INFO]     | Sword & Sorcery Collection | ? | The Thief of Bagdad (1940) (TMDb: 12232)                          |
[2022-11-16 18:22:54,958] [builder.py:2321]           [INFO]     | Sword & Sorcery Collection | ? | Samson and Delilah (1949) (TMDb: 29993)                           |
[2022-11-16 18:22:54,970] [builder.py:2321]           [INFO]     | Sword & Sorcery Collection | ? | The Black Swan (1942) (TMDb: 29882)                               |
[2022-11-16 18:22:54,984] [builder.py:2321]           [INFO]     | Sword & Sorcery Collection | ? | Sinbad and the Minotaur (2011) (TMDb: 56652)                      |
[2022-11-16 18:22:54,997] [builder.py:2321]           [INFO]     | Sword & Sorcery Collection | ? | The Flame and the Arrow (1950) (TMDb: 32563)                      |
[2022-11-16 18:22:55,008] [builder.py:2321]           [INFO]     | Sword & Sorcery Collection | ? | Odysseus & the Isle of Mists (2008) (TMDb: 29220)                 |
[2022-11-16 18:22:55,031] [builder.py:2321]           [INFO]     | Sword & Sorcery Collection | ? | Beastmaster III: The Eye of Braxus (1996) (TMDb: 36291)           |
[2022-11-16 18:22:55,045] [builder.py:2321]           [INFO]     | Sword & Sorcery Collection | ? | Jack the Giant Killer (1962) (TMDb: 25360)                        |
[2022-11-16 18:22:55,061] [builder.py:2321]           [INFO]     | Sword & Sorcery Collection | ? | Black Plague (2002) (TMDb: 89591)                                 |
[2022-11-16 18:22:55,073] [builder.py:2321]           [INFO]     | Sword & Sorcery Collection | ? | Attack of the Gryphon (2007) (TMDb: 17997)                        |
[2022-11-16 18:22:55,089] [builder.py:2321]           [INFO]     | Sword & Sorcery Collection | ? | The Magic Sword (1962) (TMDb: 26643)                              |
[2022-11-16 18:22:55,101] [builder.py:2321]           [INFO]     | Sword & Sorcery Collection | ? | Deathstalker and the Warriors from Hell (1988) (TMDb: 47360)      |
[2022-11-16 18:22:55,111] [builder.py:2321]           [INFO]     | Sword & Sorcery Collection | ? | Hercules in the Haunted World (1961) (TMDb: 28058)                |
[2022-11-16 18:22:55,124] [builder.py:2321]           [INFO]     | Sword & Sorcery Collection | ? | Gor (1987) (TMDb: 86337)                                          |
[2022-11-16 18:22:55,139] [builder.py:2321]           [INFO]     | Sword & Sorcery Collection | ? | Deathstalker IV: Match of Titans (1991) (TMDb: 47363)             |
[2022-11-16 18:22:55,150] [builder.py:2321]           [INFO]     | Sword & Sorcery Collection | ? | The Blade Master (1982) (TMDb: 31264)                             |
[2022-11-16 18:22:55,162] [builder.py:2321]           [INFO]     | Sword & Sorcery Collection | ? | The Adventures of Hercules (1985) (TMDb: 30577)                   |
[2022-11-16 18:22:55,178] [builder.py:2321]           [INFO]     | Sword & Sorcery Collection | ? | Wizards of the Lost Kingdom (1985) (TMDb: 7234)                   |
[2022-11-16 18:22:55,190] [builder.py:2321]           [INFO]     | Sword & Sorcery Collection | ? | Amazons (1986) (TMDb: 48180)                                      |
[2022-11-16 18:22:55,201] [builder.py:2321]           [INFO]     | Sword & Sorcery Collection | ? | Dragon Crusaders (2011) (TMDb: 75507)                             |
[2022-11-16 18:22:55,213] [builder.py:2321]           [INFO]     | Sword & Sorcery Collection | ? | The Black Rose (1950) (TMDb: 44398)                               |
[2022-11-16 18:22:55,224] [builder.py:2321]           [INFO]     | Sword & Sorcery Collection | ? | Merlin: The Return (2000) (TMDb: 53105)                           |
[2022-11-16 18:22:55,236] [builder.py:2321]           [INFO]     | Sword & Sorcery Collection | ? | Cyclops (2008) (TMDb: 41550)                                      |
[2022-11-16 18:22:55,250] [builder.py:2321]           [INFO]     | Sword & Sorcery Collection | ? | Ironmaster (1983) (TMDb: 28678)                                   |
[2022-11-16 18:22:55,252] [builder.py:2321]           [INFO]     | Sword & Sorcery Collection | ? | The Wonderful World of the Brothers Grimm (1962) (TMDb: 28367)    |
[2022-11-16 18:22:55,262] [builder.py:2321]           [INFO]     | Sword & Sorcery Collection | ? | A Nymphoid Barbarian in Dinosaur Hell (1990) (TMDb: 31647)        |
[2022-11-16 18:22:55,271] [builder.py:2321]           [INFO]     | Sword & Sorcery Collection | ? | Dragonquest (2009) (TMDb: 16398)                                  |
[2022-11-16 18:22:55,287] [builder.py:2321]           [INFO]     | Sword & Sorcery Collection | ? | Tales of an Ancient Empire (2010) (TMDb: 47065)                   |
[2022-11-16 18:22:55,297] [builder.py:2321]           [INFO]     | Sword & Sorcery Collection | ? | The Magic Voyage of Sinbad (1953) (TMDb: 46997)                   |
[2022-11-16 18:22:55,309] [builder.py:2321]           [INFO]     | Sword & Sorcery Collection | ? | Captain Sindbad (1963) (TMDb: 41725)                              |
[2022-11-16 18:22:55,319] [builder.py:2321]           [INFO]     | Sword & Sorcery Collection | ? | Hellhounds (2009) (TMDb: 31847)                                   |
[2022-11-16 18:22:55,330] [builder.py:2321]           [INFO]     | Sword & Sorcery Collection | ? | Outlaw of Gor (1988) (TMDb: 31131)                                |
[2022-11-16 18:22:55,341] [builder.py:2321]           [INFO]     | Sword & Sorcery Collection | ? | Hercules Unchained (1959) (TMDb: 39402)                           |
[2022-11-16 18:22:55,352] [builder.py:2321]           [INFO]     | Sword & Sorcery Collection | ? | Journey to Promethea (2010) (TMDb: 48255)                         |
[2022-11-16 18:22:55,363] [builder.py:2321]           [INFO]     | Sword & Sorcery Collection | ? | The Loves of Hercules (1960) (TMDb: 56147)                        |
[2022-11-16 18:22:55,374] [builder.py:2321]           [INFO]     | Sword & Sorcery Collection | ? | Hercules Against the Moon Men (1964) (TMDb: 31396)                |
[2022-11-16 18:22:55,386] [builder.py:2321]           [INFO]     | Sword & Sorcery Collection | ? | The Sword and the Dragon (1956) (TMDb: 118153)                    |
[2022-11-16 18:22:55,408] [builder.py:2321]           [INFO]     | Sword & Sorcery Collection | ? | The Devil's Men (1976) (TMDb: 37904)                              |
[2022-11-16 18:22:55,419] [builder.py:2321]           [INFO]     | Sword & Sorcery Collection | ? | Dragonworld (1994) (TMDb: 125109)                                 |
[2022-11-16 18:22:55,430] [builder.py:2321]           [INFO]     | Sword & Sorcery Collection | ? | Throne of Fire (1983) (TMDb: 157394)                              |
[2022-11-16 18:22:55,441] [builder.py:2321]           [INFO]     | Sword & Sorcery Collection | ? | King Arthur, the Young Warlord (1975) (TMDb: 363980)              |
[2022-11-16 18:22:55,452] [builder.py:2321]           [INFO]     | Sword & Sorcery Collection | ? | Atlas Against the Cyclops (1961) (TMDb: 100545)                   |
[2022-11-16 18:22:55,463] [builder.py:2321]           [INFO]     | Sword & Sorcery Collection | ? | Dragonheart: Battle for the Heartfire (2017) (TMDb: 451644)       |
[2022-11-16 18:22:55,475] [builder.py:2321]           [INFO]     | Sword & Sorcery Collection | ? | Colossus of the Stone Age (1963) (TMDb: 197259)                   |
[2022-11-16 18:22:55,488] [builder.py:2321]           [INFO]     | Sword & Sorcery Collection | ? | The Conquest of Mycenae (1963) (TMDb: 187633)                     |
[2022-11-16 18:22:55,501] [builder.py:2321]           [INFO]     | Sword & Sorcery Collection | ? | The Golden Arrow (1962) (TMDb: 107228)                            |
[2022-11-16 18:22:55,512] [builder.py:2321]           [INFO]     | Sword & Sorcery Collection | ? | Messalina Against the Son of Hercules (1964) (TMDb: 134998)       |
[2022-11-16 18:22:55,524] [builder.py:2321]           [INFO]     | Sword & Sorcery Collection | ? | The Trojan Horse (1961) (TMDb: 146023)                            |
[2022-11-16 18:22:55,534] [builder.py:2321]           [INFO]     | Sword & Sorcery Collection | ? | Giants of Rome (1964) (TMDb: 113335)                              |
[2022-11-16 18:22:55,545] [builder.py:2321]           [INFO]     | Sword & Sorcery Collection | ? | Arthur the King (1985) (TMDb: 134542)                             |
[2022-11-16 18:22:55,556] [builder.py:2321]           [INFO]     | Sword & Sorcery Collection | ? | Goliath and the Dragon (1960) (TMDb: 43033)                       |
[2022-11-16 18:22:55,568] [builder.py:2321]           [INFO]     | Sword & Sorcery Collection | ? | The Devil's Sword (1983) (TMDb: 40104)                            |
[2022-11-16 18:22:55,581] [builder.py:2321]           [INFO]     | Sword & Sorcery Collection | ? | Warrior Angels (2002) (TMDb: 276684)                              |
[2022-11-16 18:22:55,592] [builder.py:2321]           [INFO]     | Sword & Sorcery Collection | ? | Time Barbarians (1990) (TMDb: 41370)                              |
[2022-11-16 18:22:55,603] [builder.py:2321]           [INFO]     | Sword & Sorcery Collection | ? | Knives of the Avenger (1966) (TMDb: 66087)                        |
[2022-11-16 18:22:55,619] [builder.py:2321]           [INFO]     | Sword & Sorcery Collection | ? | The Norseman (1978) (TMDb: 47956)                                 |
[2022-11-16 18:22:55,636] [builder.py:2321]           [INFO]     | Sword & Sorcery Collection | ? | Eye of the Eagle (1997) (TMDb: 76323)                             |
[2022-11-16 18:22:55,655] [builder.py:2321]           [INFO]     | Sword & Sorcery Collection | ? | Erik the Conqueror (1961) (TMDb: 88266)                           |
[2022-11-16 18:22:55,668] [builder.py:2321]           [INFO]     | Sword & Sorcery Collection | ? | Attack of the Normans (1962) (TMDb: 6614)                         |
[2022-11-16 18:22:55,681] [builder.py:2321]           [INFO]     | Sword & Sorcery Collection | ? | Rome Against Rome (1964) (TMDb: 295388)                           |
[2022-11-16 18:22:55,693] [builder.py:2321]           [INFO]     | Sword & Sorcery Collection | ? | Iron Warrior (1987) (TMDb: 48193)                                 |
[2022-11-16 18:22:55,704] [builder.py:2321]           [INFO]     | Sword & Sorcery Collection | ? | The Last of the Vikings (1961) (TMDb: 80625)                      |
[2022-11-16 18:22:55,714] [builder.py:2321]           [INFO]     | Sword & Sorcery Collection | ? | Three-Head Monster (1988) (TMDb: 104675)                          |
[2022-11-16 18:22:55,725] [builder.py:2321]           [INFO]     | Sword & Sorcery Collection | ? | Hearts and Armour (1983) (TMDb: 109279)                           |
[2022-11-16 18:22:55,737] [builder.py:2321]           [INFO]     | Sword & Sorcery Collection | ? | The Sword of the Barbarians (1982) (TMDb: 105242)                 |
[2022-11-16 18:22:55,758] [builder.py:2321]           [INFO]     | Sword & Sorcery Collection | ? | Djinn (2008) (TMDb: 41202)                                        |
[2022-11-16 18:22:55,769] [builder.py:2321]           [INFO]     | Sword & Sorcery Collection | ? | Dragon Dynasty (2006) (TMDb: 119468)                              |
[2022-11-16 18:22:55,780] [builder.py:2321]           [INFO]     | Sword & Sorcery Collection | ? | Quest of the Delta Knights (1993) (TMDb: 84633)                   |
[2022-11-16 18:22:55,791] [builder.py:2321]           [INFO]     | Sword & Sorcery Collection | ? | Max Magician and the Legend of the Rings (2002) (TMDb: 43408)     |
[2022-11-16 18:22:55,802] [builder.py:2321]           [INFO]     | Sword & Sorcery Collection | ? | Hercules the Avenger (1965) (TMDb: 135067)                        |
[2022-11-16 18:22:55,814] [builder.py:2321]           [INFO]     | Sword & Sorcery Collection | ? | Ultra Warrior (1990) (TMDb: 222334)                               |
[2022-11-16 18:22:55,829] [builder.py:2321]           [INFO]     | Sword & Sorcery Collection | ? | Son of Hercules vs. Medusa (1963) (TMDb: 224365)                  |
[2022-11-16 18:22:55,840] [builder.py:2321]           [INFO]     | Sword & Sorcery Collection | ? | Tunka, El Guerrero (1983) (TMDb: 76030)                           |
[2022-11-16 18:22:55,855] [builder.py:2321]           [INFO]     | Sword & Sorcery Collection | ? | My Son, the Hero (1962) (TMDb: 145472)                            |
[2022-11-16 18:22:55,876] [builder.py:2321]           [INFO]     | Sword & Sorcery Collection | ? | Ursus in the Land of Fire (1963) (TMDb: 256257)                   |
[2022-11-16 18:22:55,895] [builder.py:2321]           [INFO]     | Sword & Sorcery Collection | ? | The Lord of the Rings: The Fellowship of the Ring (2001) (TMDb: 120) |
[2022-11-16 18:22:55,905] [builder.py:2321]           [INFO]     | Sword & Sorcery Collection | ? | Harry Potter and the Half-Blood Prince (2009) (TMDb: 767)         |
[2022-11-16 18:22:55,916] [builder.py:2321]           [INFO]     | Sword & Sorcery Collection | ? | The Lord of the Rings: The Return of the King (2003) (TMDb: 122)  |
[2022-11-16 18:22:55,928] [builder.py:2321]           [INFO]     | Sword & Sorcery Collection | ? | Harry Potter and the Order of the Phoenix (2007) (TMDb: 675)      |
[2022-11-16 18:22:55,955] [builder.py:2321]           [INFO]     | Sword & Sorcery Collection | ? | Harry Potter and the Deathly Hallows: Part 1 (2010) (TMDb: 12444) |
[2022-11-16 18:22:55,965] [builder.py:2321]           [INFO]     | Sword & Sorcery Collection | ? | The Lord of the Rings: The Two Towers (2002) (TMDb: 121)          |
[2022-11-16 18:22:55,977] [builder.py:2321]           [INFO]     | Sword & Sorcery Collection | ? | The Princess Bride (1987) (TMDb: 2493)                            |
[2022-11-16 18:22:55,988] [builder.py:2321]           [INFO]     | Sword & Sorcery Collection | ? | Warcraft (2016) (TMDb: 68735)                                     |
[2022-11-16 18:22:56,000] [builder.py:2321]           [INFO]     | Sword & Sorcery Collection | ? | Krull (1983) (TMDb: 849)                                          |
[2022-11-16 18:22:56,011] [builder.py:2321]           [INFO]     | Sword & Sorcery Collection | ? | The Slave Merchants (1964) (TMDb: 84584)                          |
[2022-11-16 18:22:56,022] [builder.py:2321]           [INFO]     | Sword & Sorcery Collection | ? | King Arthur (2004) (TMDb: 9477)                                   |
[2022-11-16 18:22:56,033] [builder.py:2321]           [INFO]     | Sword & Sorcery Collection | ? | Deathstalker II (1987) (TMDb: 28218)                              |
[2022-11-16 18:22:56,044] [builder.py:2321]           [INFO]     | Sword & Sorcery Collection | ? | DragonHeart: A New Beginning (2000) (TMDb: 10473)                 |
[2022-11-16 18:22:56,056] [builder.py:2321]           [INFO]     | Sword & Sorcery Collection | ? | Erik the Viking (1989) (TMDb: 11828)                              |
[2022-11-16 18:22:56,066] [builder.py:2321]           [INFO]     | Sword & Sorcery Collection | ? | The Last Unicorn (1982) (TMDb: 10150)                             |
[2022-11-16 18:22:56,076] [builder.py:2321]           [INFO]     | Sword & Sorcery Collection | ? | Ring of the Nibelungs (2004) (TMDb: 11188)                        |
[2022-11-16 18:22:56,085] [builder.py:2321]           [INFO]     | Sword & Sorcery Collection | ? | In the Name of the King: A Dungeon Siege Tale (2007) (TMDb: 2312) |
[2022-11-16 18:22:56,098] [builder.py:2321]           [INFO]     | Sword & Sorcery Collection | ? | Prince of Persia: The Sands of Time (2010) (TMDb: 9543)           |
[2022-11-16 18:22:56,110] [builder.py:2321]           [INFO]     | Sword & Sorcery Collection | ? | The Witcher (2001) (TMDb: 57278)                                  |
[2022-11-16 18:22:56,122] [builder.py:2321]           [INFO]     | Sword & Sorcery Collection | ? | The Little Prince and the Eight-Headed Dragon (1963) (TMDb: 84480) |
[2022-11-16 18:22:56,132] [builder.py:2321]           [INFO]     | Sword & Sorcery Collection | ? | Highlander II: The Quickening (1991) (TMDb: 8010)                 |
[2022-11-16 18:22:56,146] [builder.py:2321]           [INFO]     | Sword & Sorcery Collection | ? | The Barbarians (1987) (TMDb: 27551)                               |
[2022-11-16 18:22:56,159] [builder.py:2321]           [INFO]     | Sword & Sorcery Collection | ? | Highlander: Endgame (2000) (TMDb: 12211)                          |
[2022-11-16 18:22:56,176] [builder.py:2321]           [INFO]     | Sword & Sorcery Collection | ? | Oz the Great and Powerful (2013) (TMDb: 68728)                    |
[2022-11-16 18:22:56,188] [builder.py:2321]           [INFO]     | Sword & Sorcery Collection | ? | The 13th Warrior (1999) (TMDb: 1911)                              |
[2022-11-16 18:22:56,200] [builder.py:2321]           [INFO]     | Sword & Sorcery Collection | ? | Willow (1988) (TMDb: 847)                                         |
[2022-11-16 18:22:56,217] [builder.py:2321]           [INFO]     | Sword & Sorcery Collection | ? | Hercules, Samson & Ulysses (1963) (TMDb: 44457)                   |
[2022-11-16 18:22:56,235] [builder.py:2321]           [INFO]     | Sword & Sorcery Collection | ? | The Sword and the Sorcerer (1982) (TMDb: 13945)                   |
[2022-11-16 18:22:56,253] [builder.py:2321]           [INFO]     | Sword & Sorcery Collection | ? | The Dark Crystal (1982) (TMDb: 11639)                             |
[2022-11-16 18:22:56,266] [builder.py:2321]           [INFO]     | Sword & Sorcery Collection | ? | The Name of the Rose (1986) (TMDb: 192)                           |
[2022-11-16 18:22:56,284] [builder.py:2321]           [INFO]     | Sword & Sorcery Collection | ? | Jack the Giant Slayer (2013) (TMDb: 81005)                        |
[2022-11-16 18:22:56,297] [builder.py:2321]           [INFO]     | Sword & Sorcery Collection | ? | Little Hercules (2009) (TMDb: 74178)                              |
[2022-11-16 18:22:56,309] [builder.py:2321]           [INFO]     | Sword & Sorcery Collection | ? | Dark Relic (2010) (TMDb: 45959)                                   |
[2022-11-16 18:22:56,320] [builder.py:2321]           [INFO]     | Sword & Sorcery Collection | ? | Cleopatra (1963) (TMDb: 8095)                                     |
[2022-11-16 18:22:56,331] [builder.py:2321]           [INFO]     | Sword & Sorcery Collection | ? | Avalon (1990) (TMDb: 2302)                                        |
[2022-11-16 18:22:56,341] [builder.py:2321]           [INFO]     | Sword & Sorcery Collection | ? | Knights of Badassdom (2013) (TMDb: 74461)                         |
[2022-11-16 18:22:56,352] [builder.py:2321]           [INFO]     | Sword & Sorcery Collection | ? | The Colossus of Rhodes (1961) (TMDb: 43020)                       |
[2022-11-16 18:22:56,365] [builder.py:2321]           [INFO]     | Sword & Sorcery Collection | ? | Sorceress (1982) (TMDb: 41889)                                    |
[2022-11-16 18:22:56,377] [builder.py:2321]           [INFO]     | Sword & Sorcery Collection | ? | Blood of Beasts (2005) (TMDb: 69351)                              |
[2022-11-16 18:22:56,388] [builder.py:2321]           [INFO]     | Sword & Sorcery Collection | ? | Hercules (1983) (TMDb: 26452)                                     |
[2022-11-16 18:22:56,400] [builder.py:2321]           [INFO]     | Sword & Sorcery Collection | ? | The Golden Compass (2007) (TMDb: 2268)                            |
[2022-11-16 18:22:56,411] [builder.py:2321]           [INFO]     | Sword & Sorcery Collection | ? | Jabberwock Dragon Siege (2011) (TMDb: 79190)                      |
[2022-11-16 18:22:56,423] [builder.py:2321]           [INFO]     | Sword & Sorcery Collection | ? | The Chronicles of Narnia: The Lion, the Witch and the Wardrobe (2005) (TMDb: 411) |
[2022-11-16 18:22:56,439] [builder.py:2321]           [INFO]     | Sword & Sorcery Collection | ? | Hercules Against the Barbarians (1964) (TMDb: 150218)             |
[2022-11-16 18:22:56,441] [builder.py:2321]           [INFO]     | Sword & Sorcery Collection | ? | Ursus (1961) (TMDb: 220881)                                       |
[2022-11-16 18:22:56,451] [builder.py:2321]           [INFO]     | Sword & Sorcery Collection | ? | The Saga of the Viking Women and Their Voyage to the Waters of the Great Sea Serpent (1957) (TMDb: 85854) |
[2022-11-16 18:22:56,462] [builder.py:2321]           [INFO]     | Sword & Sorcery Collection | ? | Steel Dawn (1987) (TMDb: 27786)                                   |
[2022-11-16 18:22:56,477] [builder.py:2321]           [INFO]     | Sword & Sorcery Collection | ? | Hercules and the Tyrants of Babylon (1964) (TMDb: 85347)          |
[2022-11-16 18:22:56,488] [builder.py:2321]           [INFO]     | Sword & Sorcery Collection | ? | Simbad e il califfo di Bagdad (1973) (TMDb: 317389)               |
[2022-11-16 18:22:56,499] [builder.py:2321]           [INFO]     | Sword & Sorcery Collection | ? | Pegasus Vs. Chimera (2012) (TMDb: 132890)                         |
[2022-11-16 18:22:56,510] [builder.py:2321]           [INFO]     | Sword & Sorcery Collection | ? | Wizards of the Demon Sword (1991) (TMDb: 29802)                   |
[2022-11-16 18:22:56,522] [builder.py:2321]           [INFO]     | Sword & Sorcery Collection | ? | Lancelot and Guinevere (1963) (TMDb: 42810)                       |
[2022-11-16 18:22:56,536] [builder.py:2321]           [INFO]     | Sword & Sorcery Collection | ? | The Littlest Viking (1989) (TMDb: 37566)                          |
[2022-11-16 18:22:56,547] [builder.py:2321]           [INFO]     | Sword & Sorcery Collection | ? | Grendel (2007) (TMDb: 72653)                                      |
[2022-11-16 18:22:56,559] [builder.py:2321]           [INFO]     | Sword & Sorcery Collection | ? | Barbarian (2003) (TMDb: 52265)                                    |
[2022-11-16 18:22:56,572] [builder.py:2321]           [INFO]     | Sword & Sorcery Collection | ? | Pendragon: Sword of His Father (2008) (TMDb: 52068)               |
[2022-11-16 18:22:56,582] [builder.py:2321]           [INFO]     | Sword & Sorcery Collection | ? | Ator IV: The Hobgoblin (1990) (TMDb: 5086)                        |
[2022-11-16 18:22:56,593] [builder.py:2321]           [INFO]     | Sword & Sorcery Collection | ? | The Archer: Fugitive from the Empire (1981) (TMDb: 73209)         |
[2022-11-16 18:22:56,604] [builder.py:2321]           [INFO]     | Sword & Sorcery Collection | ? | Hercules and the Princess of Troy (1965) (TMDb: 197260)           |
[2022-11-16 18:22:56,616] [builder.py:2321]           [INFO]     | Sword & Sorcery Collection | ? | The Black Arrow (1948) (TMDb: 283921)                             |
[2022-11-16 18:22:56,627] [builder.py:2321]           [INFO]     | Sword & Sorcery Collection | ? | The Avenger (1962) (TMDb: 194798)                                 |
[2022-11-16 18:22:56,649] [builder.py:2321]           [INFO]     | Sword & Sorcery Collection | ? | The Minotaur, the Wild Beast of Crete (1960) (TMDb: 142282)       |
[2022-11-16 18:22:56,677] [builder.py:2321]           [INFO]     | Sword & Sorcery Collection | ? | Ator, the Fighting Eagle (1982) (TMDb: 40075)                     |
[2022-11-16 18:22:56,690] [builder.py:2321]           [INFO]     | Sword & Sorcery Collection | ? | Warrior Queen (1987) (TMDb: 30484)                                |
[2022-11-16 18:22:56,702] [builder.py:2321]           [INFO]     | Sword & Sorcery Collection | ? | Lionheart (1987) (TMDb: 78028)                                    |
[2022-11-16 18:22:56,716] [builder.py:2321]           [INFO]     | Sword & Sorcery Collection | ? | Triumph of Maciste (1961) (TMDb: 165249)                          |
[2022-11-16 18:22:56,729] [builder.py:2321]           [INFO]     | Sword & Sorcery Collection | ? | Ursus in the Valley of the Lions (1961) (TMDb: 258370)            |
[2022-11-16 18:22:56,748] [builder.py:2321]           [INFO]     | Sword & Sorcery Collection | ? | Dragon's Rage (2012) (TMDb: 196799)                               |
[2022-11-16 18:22:56,758] [builder.py:2321]           [INFO]     | Sword & Sorcery Collection | ? | The One Warrior (2011) (TMDb: 87018)                              |
[2022-11-16 18:22:56,767] [builder.py:2321]           [INFO]     | Sword & Sorcery Collection | ? | Barbarian Queen II: The Empress Strikes Back (1990) (TMDb: 29904) |
[2022-11-16 18:22:56,788] [builder.py:2321]           [INFO]     | Sword & Sorcery Collection | ? | Metamorphoses (1978) (TMDb: 84493)                                |
[2022-11-16 18:22:56,799] [builder.py:2321]           [INFO]     | Sword & Sorcery Collection | ? | Faeries (1981) (TMDb: 91685)                                      |
[2022-11-16 18:22:56,815] [builder.py:2321]           [INFO]     | Sword & Sorcery Collection | ? | The Adventures of Sir Galahad (1949) (TMDb: 200661)               |
[2022-11-16 18:22:56,826] [builder.py:2321]           [INFO]     | Sword & Sorcery Collection | ? | Thor the Conqueror (1983) (TMDb: 183154)                          |
[2022-11-16 18:22:56,835] [builder.py:2321]           [INFO]     | Sword & Sorcery Collection | ? | Wizards of the Lost Kingdom II (1989) (TMDb: 7237)                |
[2022-11-16 18:22:56,845] [builder.py:2321]           [INFO]     | Sword & Sorcery Collection | ? | The Terror of Rome Against the Son of Hercules (1964) (TMDb: 76835) |
[2022-11-16 18:22:56,845] [builder.py:2326]           [INFO]     |                                                                                                    |
[2022-11-16 18:22:56,845] [builder.py:2327]           [INFO]     | 296 Movies Missing                                                                                 |
[2022-11-16 18:22:57,618] [builder.py:2527]           [INFO]     |                                                                                                    |
[2022-11-16 18:22:57,618] [builder.py:2528]           [INFO]     |========================== Updating Details of Sword & Sorcery Collection ==========================|
[2022-11-16 18:22:57,618] [builder.py:2529]           [INFO]     |                                                                                                    |
[2022-11-16 18:22:57,624] [builder.py:2595]           [INFO]     | Collection Metadata Edits                                                                          |
[2022-11-16 18:22:57,625] [util.py:174]               [DEBUG]    | 2 posters found:                                                                                   |
[2022-11-16 18:22:57,625] [util.py:176]               [DEBUG]    | Method: url_poster Poster: https://theposterdb.com/api/assets/213143                               |
[2022-11-16 18:22:57,625] [util.py:176]               [DEBUG]    | Method: asset_directory Poster: {'attribute': 'asset_directory', 'location': '/config/Halloween_Movies/Assets/Sword & Sorcery/poster.png', 'prefix': "Sword & Sorcery's ", 'is_poster': True, 'is_url': False, 'compare': 3358541, 'message': "Sword & Sorcery's poster to [File] /config/Halloween_Movies/Assets/Sword & Sorcery/poster.png"} |
[2022-11-16 18:22:57,626] [library.py:180]            [INFO]     | Detail: Sword & Sorcery's poster update not needed                                                 |
[2022-11-16 18:22:57,654] [builder.py:2686]           [INFO]     |                                                                                                    |
[2022-11-16 18:22:57,654] [builder.py:2687]           [INFO]     |================================ Sorting Sword & Sorcery Collection ================================|
[2022-11-16 18:22:57,655] [builder.py:2688]           [INFO]     |                                                                                                    |
[2022-11-16 18:22:57,695] [plex_meta_manager.py:736]  [INFO]     |                                                                                                    |
[2022-11-16 18:22:57,695] [plex_meta_manager.py:737]  [INFO]     |====================================================================================================|
[2022-11-16 18:22:57,695] [plex_meta_manager.py:737]  [INFO]     |                                Finished Sword & Sorcery Collection                                 |
[2022-11-16 18:22:57,695] [plex_meta_manager.py:737]  [INFO]     |                                    Collection Run Time: 0:00:05                                    |
[2022-11-16 18:22:57,696] [plex_meta_manager.py:737]  [INFO]     |====================================================================================================|
