[2022-11-17 00:44:24,646] [builder.py:193]            [INFO]     |====================================================================================================|
[2022-11-17 00:44:24,646] [builder.py:193]            [INFO]     |                       Ashok Amritraj (Producer) Collection in Marvel Movies                        |
[2022-11-17 00:44:24,646] [builder.py:193]            [INFO]     |====================================================================================================|
[2022-11-17 00:44:24,646] [builder.py:194]            [INFO]     |                                                                                                    |
[2022-11-17 00:44:24,647] [builder.py:199]            [INFO]     |================================ Building Definition From Templates ================================|
[2022-11-17 00:44:24,647] [builder.py:215]            [DEBUG]    |                                                                                                    |
[2022-11-17 00:44:24,647] [meta.py:210]               [DEBUG]    |====================================== Template smart_filter =======================================|
[2022-11-17 00:44:24,647] [meta.py:451]               [DEBUG]    |                                                                                                    |
[2022-11-17 00:44:24,653] [meta.py:210]               [DEBUG]    |======================================= Template translation =======================================|
[2022-11-17 00:44:24,653] [meta.py:451]               [DEBUG]    |                                                                                                    |
[2022-11-17 00:44:24,655] [meta.py:210]               [DEBUG]    |========================================= Template shared ==========================================|
[2022-11-17 00:44:24,656] [meta.py:451]               [DEBUG]    |                                                                                                    |
[2022-11-17 00:44:24,667] [meta.py:512]               [DEBUG]    |                                                                                                    |
[2022-11-17 00:44:24,668] [meta.py:513]               [DEBUG]    |==================================== Final Template Attributes =====================================|
[2022-11-17 00:44:24,668] [meta.py:514]               [DEBUG]    |                                                                                                    |
[2022-11-17 00:44:24,668] [meta.py:515]               [DEBUG]    | {'tmdb_person': ['Ashok Amritraj'], 'smart_filter': {'sort_by': 'title.asc', 'any': {'producer': 'tmdb'}}, 'summary': 'Movies produced by Ashok Amritraj.', 'name': 'Ashok Amritraj (Producer)', 'ignore_blank_results': True, 'collection_mode': 'hide', 'sort_title': '!19_Ashok Amritraj (Producer)', 'url_poster': 'https://raw.githubusercontent.com/meisnate12/Plex-Meta-Manager-Images/master/people/rainier/Ashok%20Amritraj.jpg'} |
[2022-11-17 00:44:24,668] [meta.py:516]               [DEBUG]    |                                                                                                    |
[2022-11-17 00:44:24,668] [builder.py:223]            [INFO]     |========================= Validating Ashok Amritraj (Producer) Attributes ==========================|
[2022-11-17 00:44:24,668] [builder.py:226]            [DEBUG]    |                                                                                                    |
[2022-11-17 00:44:24,668] [builder.py:227]            [DEBUG]    | Validating Method: name                                                                            |
[2022-11-17 00:44:24,668] [builder.py:230]            [DEBUG]    | Value: Ashok Amritraj (Producer)                                                                   |
[2022-11-17 00:44:24,668] [builder.py:502]            [DEBUG]    |                                                                                                    |
[2022-11-17 00:44:24,668] [builder.py:503]            [DEBUG]    | Validating Method: ignore_blank_results                                                            |
[2022-11-17 00:44:24,669] [builder.py:504]            [DEBUG]    | Value: True                                                                                        |
[2022-11-17 00:44:24,669] [builder.py:528]            [DEBUG]    |                                                                                                    |
[2022-11-17 00:44:24,669] [builder.py:529]            [DEBUG]    | Validating Method: tmdb_person                                                                     |
[2022-11-17 00:44:24,669] [builder.py:533]            [DEBUG]    | Value: ['Ashok Amritraj']                                                                          |
[2022-11-17 00:44:24,793] [builder.py:1784]           [INFO]     |                                                                                                    |
[2022-11-17 00:44:24,793] [builder.py:1785]           [INFO]     | Validating Method: smart_filter                                                                    |
[2022-11-17 00:44:24,793] [builder.py:1791]           [DEBUG]    | Value: {'sort_by': 'title.asc', 'any': {'producer': 'tmdb'}}                                       |
[2022-11-17 00:44:24,819] [builder.py:1978]           [DEBUG]    | Smart URL: ?type=1&sort=titleSort&push=1&producer=7270&pop=1                                       |
[2022-11-17 00:44:24,819] [builder.py:646]            [DEBUG]    |                                                                                                    |
[2022-11-17 00:44:24,819] [builder.py:650]            [DEBUG]    | Validating Method: label                                                                           |
[2022-11-17 00:44:24,819] [builder.py:651]            [DEBUG]    | Value: Top Producers                                                                               |
[2022-11-17 00:44:24,819] [builder.py:646]            [DEBUG]    |                                                                                                    |
[2022-11-17 00:44:24,820] [builder.py:650]            [DEBUG]    | Validating Method: summary                                                                         |
[2022-11-17 00:44:24,820] [builder.py:651]            [DEBUG]    | Value: Movies produced by Ashok Amritraj.                                                          |
[2022-11-17 00:44:24,820] [builder.py:646]            [DEBUG]    |                                                                                                    |
[2022-11-17 00:44:24,820] [builder.py:650]            [DEBUG]    | Validating Method: collection_mode                                                                 |
[2022-11-17 00:44:24,820] [builder.py:651]            [DEBUG]    | Value: hide                                                                                        |
[2022-11-17 00:44:24,820] [builder.py:646]            [DEBUG]    |                                                                                                    |
[2022-11-17 00:44:24,820] [builder.py:650]            [DEBUG]    | Validating Method: sort_title                                                                      |
[2022-11-17 00:44:24,820] [builder.py:651]            [DEBUG]    | Value: !19_Ashok Amritraj (Producer)                                                               |
[2022-11-17 00:44:24,820] [builder.py:646]            [DEBUG]    |                                                                                                    |
[2022-11-17 00:44:24,820] [builder.py:650]            [DEBUG]    | Validating Method: url_poster                                                                      |
[2022-11-17 00:44:24,821] [builder.py:651]            [DEBUG]    | Value: https://raw.githubusercontent.com/meisnate12/Plex-Meta-Manager-Images/master/people/rainier/Ashok%20Amritraj.jpg |
[2022-11-17 00:44:24,969] [builder.py:845]            [WARNING]  | Collection Warning: No Poster Found at https://raw.githubusercontent.com/meisnate12/Plex-Meta-Manager-Images/master/people/rainier/Ashok%20Amritraj.jpg |
[2022-11-17 00:44:24,973] [plex.py:835]               [DEBUG]    |                                                                                                    |
[2022-11-17 00:44:24,973] [plex.py:838]               [DEBUG]    | Looking for: Ashok Amritraj (Producer)                                                             |
[2022-11-17 00:44:24,973] [builder.py:814]            [INFO]     |                                                                                                    |
[2022-11-17 00:44:24,974] [builder.py:815]            [INFO]     | Validation Successful                                                                              |
[2022-11-17 00:44:24,974] [plex_meta_manager.py:594]  [INFO]     |                                                                                                    |
[2022-11-17 00:44:24,974] [plex_meta_manager.py:596]  [INFO]     |=========================== Running Ashok Amritraj (Producer) Collection ===========================|
[2022-11-17 00:44:24,974] [plex_meta_manager.py:602]  [INFO]     |                                                                                                    |
[2022-11-17 00:44:24,974] [plex_meta_manager.py:603]  [INFO]     | Smart Movie Filter                                                                                 |
                                                                 | Sort By: ['title.asc']
                                                                 | Filter:
                                                                 |   Match any of the following:
                                                                 |     Producer is Ashok Amritraj
[2022-11-17 00:44:24,984] [plex_meta_manager.py:652]  [INFO]     | 
[2022-11-17 00:44:24,984] [plex_meta_manager.py:653]  [INFO]     | Collection Minimum: 2 not met for Ashok Amritraj (Producer) Collection
[2022-11-17 00:44:24,985] [plex_meta_manager.py:736]  [INFO]     | 
[2022-11-17 00:44:24,985] [plex_meta_manager.py:737]  [INFO]     |====================================================================================================|
[2022-11-17 00:44:24,985] [plex_meta_manager.py:737]  [INFO]     |                           Finished Ashok Amritraj (Producer) Collection                            |
[2022-11-17 00:44:24,985] [plex_meta_manager.py:737]  [INFO]     |                                    Collection Run Time: 0:00:00                                    |
[2022-11-17 00:44:24,985] [plex_meta_manager.py:737]  [INFO]     |====================================================================================================|
