[2022-11-16 18:52:45,639] [builder.py:193]            [INFO]     |====================================================================================================|
[2022-11-16 18:52:45,639] [builder.py:193]            [INFO]     |                          Golden Globe 2000 Collection in Halloween Movies                          |
[2022-11-16 18:52:45,639] [builder.py:193]            [INFO]     |====================================================================================================|
[2022-11-16 18:52:45,639] [builder.py:194]            [INFO]     |                                                                                                    |
[2022-11-16 18:52:45,640] [builder.py:199]            [INFO]     |================================ Building Definition From Templates ================================|
[2022-11-16 18:52:45,640] [builder.py:215]            [DEBUG]    |                                                                                                    |
[2022-11-16 18:52:45,640] [meta.py:210]               [DEBUG]    |================================== Template use_year_collections ===================================|
[2022-11-16 18:52:45,641] [meta.py:451]               [DEBUG]    |                                                                                                    |
[2022-11-16 18:52:45,643] [meta.py:210]               [DEBUG]    |========================================== Template imdb ===========================================|
[2022-11-16 18:52:45,643] [meta.py:451]               [DEBUG]    |                                                                                                    |
[2022-11-16 18:52:45,646] [meta.py:210]               [DEBUG]    |======================================= Template translation =======================================|
[2022-11-16 18:52:45,647] [meta.py:451]               [DEBUG]    |                                                                                                    |
[2022-11-16 18:52:45,650] [meta.py:210]               [DEBUG]    |========================================= Template shared ==========================================|
[2022-11-16 18:52:45,652] [meta.py:451]               [DEBUG]    |                                                                                                    |
[2022-11-16 18:52:45,670] [meta.py:210]               [DEBUG]    |=========================================== Template arr ===========================================|
[2022-11-16 18:52:45,671] [meta.py:451]               [DEBUG]    |                                                                                                    |
[2022-11-16 18:52:45,685] [meta.py:210]               [DEBUG]    |========================================= Template custom ==========================================|
[2022-11-16 18:52:45,686] [meta.py:451]               [DEBUG]    |                                                                                                    |
[2022-11-16 18:52:45,693] [meta.py:512]               [DEBUG]    |                                                                                                    |
[2022-11-16 18:52:45,693] [meta.py:513]               [DEBUG]    |==================================== Final Template Attributes =====================================|
[2022-11-16 18:52:45,694] [meta.py:514]               [DEBUG]    |                                                                                                    |
[2022-11-16 18:52:45,694] [meta.py:515]               [DEBUG]    | {'imdb_list': 'https://www.imdb.com/search/title/?release_date=2000-01-01,2000-12-31&groups=golden_globe_winner&sort=moviemeter,asc', 'summary': '2000 Golden Globe Winners.', 'name': 'Golden Globe 2000', 'ignore_blank_results': True, 'collection_mode': 'hide', 'sort_title': '!16_Golden Globe 2000', 'url_poster': 'https://raw.githubusercontent.com/meisnate12/Plex-Meta-Manager-Images/master/award/golden/winner/2000.jpg', 'collection_order': 'custom', 'sync_mode': 'sync', 'cache_builders': 1} |
[2022-11-16 18:52:45,695] [meta.py:516]               [DEBUG]    |                                                                                                    |
[2022-11-16 18:52:45,695] [builder.py:223]            [INFO]     |============================= Validating Golden Globe 2000 Attributes ==============================|
[2022-11-16 18:52:45,695] [builder.py:226]            [DEBUG]    |                                                                                                    |
[2022-11-16 18:52:45,696] [builder.py:227]            [DEBUG]    | Validating Method: name                                                                            |
[2022-11-16 18:52:45,696] [builder.py:230]            [DEBUG]    | Value: Golden Globe 2000                                                                           |
[2022-11-16 18:52:45,697] [builder.py:502]            [DEBUG]    |                                                                                                    |
[2022-11-16 18:52:45,697] [builder.py:503]            [DEBUG]    | Validating Method: ignore_blank_results                                                            |
[2022-11-16 18:52:45,698] [builder.py:504]            [DEBUG]    | Value: True                                                                                        |
[2022-11-16 18:52:45,698] [builder.py:516]            [DEBUG]    |                                                                                                    |
[2022-11-16 18:52:45,698] [builder.py:517]            [DEBUG]    | Validating Method: sync_mode                                                                       |
[2022-11-16 18:52:45,698] [builder.py:521]            [DEBUG]    | Value: sync                                                                                        |
[2022-11-16 18:52:45,699] [builder.py:613]            [DEBUG]    |                                                                                                    |
[2022-11-16 18:52:45,699] [builder.py:614]            [DEBUG]    | Validating Method: collection_order                                                                |
[2022-11-16 18:52:45,699] [builder.py:615]            [DEBUG]    | Value: custom                                                                                      |
[2022-11-16 18:52:45,699] [builder.py:646]            [DEBUG]    |                                                                                                    |
[2022-11-16 18:52:45,699] [builder.py:650]            [DEBUG]    | Validating Method: label                                                                           |
[2022-11-16 18:52:45,700] [builder.py:651]            [DEBUG]    | Value: Golden Globes Awards                                                                        |
[2022-11-16 18:52:45,701] [builder.py:646]            [DEBUG]    |                                                                                                    |
[2022-11-16 18:52:45,701] [builder.py:650]            [DEBUG]    | Validating Method: imdb_list                                                                       |
[2022-11-16 18:52:45,702] [builder.py:651]            [DEBUG]    | Value: https://www.imdb.com/search/title/?release_date=2000-01-01,2000-12-31&groups=golden_globe_winner&sort=moviemeter,asc |
[2022-11-16 18:52:45,902] [builder.py:646]            [DEBUG]    |                                                                                                    |
[2022-11-16 18:52:45,904] [builder.py:650]            [DEBUG]    | Validating Method: summary                                                                         |
[2022-11-16 18:52:45,904] [builder.py:651]            [DEBUG]    | Value: 2000 Golden Globe Winners.                                                                  |
[2022-11-16 18:52:45,904] [builder.py:646]            [DEBUG]    |                                                                                                    |
[2022-11-16 18:52:45,905] [builder.py:650]            [DEBUG]    | Validating Method: collection_mode                                                                 |
[2022-11-16 18:52:45,905] [builder.py:651]            [DEBUG]    | Value: hide                                                                                        |
[2022-11-16 18:52:45,905] [builder.py:646]            [DEBUG]    |                                                                                                    |
[2022-11-16 18:52:45,905] [builder.py:650]            [DEBUG]    | Validating Method: sort_title                                                                      |
[2022-11-16 18:52:45,906] [builder.py:651]            [DEBUG]    | Value: !16_Golden Globe 2000                                                                       |
[2022-11-16 18:52:45,906] [builder.py:646]            [DEBUG]    |                                                                                                    |
[2022-11-16 18:52:45,906] [builder.py:650]            [DEBUG]    | Validating Method: url_poster                                                                      |
[2022-11-16 18:52:45,906] [builder.py:651]            [DEBUG]    | Value: https://raw.githubusercontent.com/meisnate12/Plex-Meta-Manager-Images/master/award/golden/winner/2000.jpg |
[2022-11-16 18:52:46,024] [builder.py:646]            [DEBUG]    |                                                                                                    |
[2022-11-16 18:52:46,025] [builder.py:650]            [DEBUG]    | Validating Method: cache_builders                                                                  |
[2022-11-16 18:52:46,025] [builder.py:651]            [DEBUG]    | Value: 1                                                                                           |
[2022-11-16 18:52:46,034] [plex.py:835]               [DEBUG]    |                                                                                                    |
[2022-11-16 18:52:46,035] [plex.py:838]               [DEBUG]    | Looking for: Golden Globe 2000                                                                     |
[2022-11-16 18:52:46,037] [builder.py:814]            [INFO]     |                                                                                                    |
[2022-11-16 18:52:46,037] [builder.py:815]            [INFO]     | Validation Successful                                                                              |
[2022-11-16 18:52:46,046] [plex_meta_manager.py:594]  [INFO]     |                                                                                                    |
[2022-11-16 18:52:46,049] [plex_meta_manager.py:596]  [INFO]     |=============================== Running Golden Globe 2000 Collection ===============================|
[2022-11-16 18:52:46,052] [plex_meta_manager.py:608]  [INFO]     |                                                                                                    |
[2022-11-16 18:52:46,052] [plex_meta_manager.py:609]  [INFO]     | Sync Mode: sync                                                                                    |
[2022-11-16 18:52:46,062] [plex_meta_manager.py:612]  [DEBUG]    |                                                                                                    |
[2022-11-16 18:52:46,064] [plex_meta_manager.py:613]  [DEBUG]    | Builder: imdb_list: {'url': 'https://www.imdb.com/search/title/?release_date=2000-01-01,2000-12-31&groups=golden_globe_winner&sort=moviemeter,asc', 'limit': 0} |
[2022-11-16 18:52:46,069] [plex_meta_manager.py:614]  [INFO]     |                                                                                                    |
[2022-11-16 18:52:46,073] [builder.py:1523]           [INFO]     | Builder: imdb_list loaded from Cache                                                               |
[2022-11-16 18:52:46,082] [builder.py:1574]           [DEBUG]    |                                                                                                    |
[2022-11-16 18:52:46,096] [builder.py:1575]           [DEBUG]    | 14 IDs Found                                                                                       |
[2022-11-16 18:52:46,098] [builder.py:1577]           [DEBUG]    |                                                                                                    |
[2022-11-16 18:52:46,151] [plex_meta_manager.py:711]  [WARNING]  | Collection Warning: No items found                                                                 |
[2022-11-16 18:52:46,151] [plex_meta_manager.py:736]  [INFO]     |                                                                                                    |
[2022-11-16 18:52:46,152] [plex_meta_manager.py:737]  [INFO]     |====================================================================================================|
[2022-11-16 18:52:46,152] [plex_meta_manager.py:737]  [INFO]     |                               Finished Golden Globe 2000 Collection                                |
[2022-11-16 18:52:46,152] [plex_meta_manager.py:737]  [INFO]     |                                    Collection Run Time: 0:00:00                                    |
[2022-11-16 18:52:46,152] [plex_meta_manager.py:737]  [INFO]     |====================================================================================================|
