[2022-11-17 03:15:53,331] [builder.py:193]            [INFO]     |====================================================================================================|
[2022-11-17 03:15:53,331] [builder.py:193]            [INFO]     |                               Louise Brealey Collection in TV Shows                                |
[2022-11-17 03:15:53,332] [builder.py:193]            [INFO]     |====================================================================================================|
[2022-11-17 03:15:53,332] [builder.py:194]            [INFO]     |                                                                                                    |
[2022-11-17 03:15:53,332] [builder.py:199]            [INFO]     |================================ Building Definition From Templates ================================|
[2022-11-17 03:15:53,332] [builder.py:215]            [DEBUG]    |                                                                                                    |
[2022-11-17 03:15:53,332] [meta.py:210]               [DEBUG]    |====================================== Template smart_filter =======================================|
[2022-11-17 03:15:53,333] [meta.py:451]               [DEBUG]    |                                                                                                    |
[2022-11-17 03:15:53,338] [meta.py:210]               [DEBUG]    |======================================= Template translation =======================================|
[2022-11-17 03:15:53,339] [meta.py:451]               [DEBUG]    |                                                                                                    |
[2022-11-17 03:15:53,342] [meta.py:210]               [DEBUG]    |========================================= Template shared ==========================================|
[2022-11-17 03:15:53,343] [meta.py:451]               [DEBUG]    |                                                                                                    |
[2022-11-17 03:15:53,367] [meta.py:512]               [DEBUG]    |                                                                                                    |
[2022-11-17 03:15:53,367] [meta.py:513]               [DEBUG]    |==================================== Final Template Attributes =====================================|
[2022-11-17 03:15:53,367] [meta.py:514]               [DEBUG]    |                                                                                                    |
[2022-11-17 03:15:53,367] [meta.py:515]               [DEBUG]    | {'tmdb_person': ['Louise Brealey'], 'smart_filter': {'sort_by': 'release.desc', 'any': {'actor': 'tmdb'}}, 'summary': 'Shows with Louise Brealey.', 'name': 'Louise Brealey', 'ignore_blank_results': True, 'collection_mode': 'hide', 'sort_title': '!17_Louise Brealey', 'url_poster': 'https://raw.githubusercontent.com/meisnate12/Plex-Meta-Manager-Images/master/people/rainier/Louise%20Brealey.jpg'} |
[2022-11-17 03:15:53,368] [meta.py:516]               [DEBUG]    |                                                                                                    |
[2022-11-17 03:15:53,368] [builder.py:223]            [INFO]     |=============================== Validating Louise Brealey Attributes ===============================|
[2022-11-17 03:15:53,369] [builder.py:226]            [DEBUG]    |                                                                                                    |
[2022-11-17 03:15:53,369] [builder.py:227]            [DEBUG]    | Validating Method: name                                                                            |
[2022-11-17 03:15:53,369] [builder.py:230]            [DEBUG]    | Value: Louise Brealey                                                                              |
[2022-11-17 03:15:53,369] [builder.py:502]            [DEBUG]    |                                                                                                    |
[2022-11-17 03:15:53,369] [builder.py:503]            [DEBUG]    | Validating Method: ignore_blank_results                                                            |
[2022-11-17 03:15:53,370] [builder.py:504]            [DEBUG]    | Value: True                                                                                        |
[2022-11-17 03:15:53,371] [builder.py:528]            [DEBUG]    |                                                                                                    |
[2022-11-17 03:15:53,371] [builder.py:529]            [DEBUG]    | Validating Method: tmdb_person                                                                     |
[2022-11-17 03:15:53,371] [builder.py:533]            [DEBUG]    | Value: ['Louise Brealey']                                                                          |
[2022-11-17 03:15:53,455] [builder.py:1784]           [INFO]     |                                                                                                    |
[2022-11-17 03:15:53,455] [builder.py:1785]           [INFO]     | Validating Method: smart_filter                                                                    |
[2022-11-17 03:15:53,455] [builder.py:1791]           [DEBUG]    | Value: {'sort_by': 'release.desc', 'any': {'actor': 'tmdb'}}                                       |
[2022-11-17 03:15:53,870] [builder.py:1978]           [DEBUG]    | Smart URL: ?type=2&sort=originallyAvailableAt%3Adesc&push=1&show.actor=66100&pop=1                 |
[2022-11-17 03:15:53,870] [builder.py:646]            [DEBUG]    |                                                                                                    |
[2022-11-17 03:15:53,870] [builder.py:650]            [DEBUG]    | Validating Method: label                                                                           |
[2022-11-17 03:15:53,870] [builder.py:651]            [DEBUG]    | Value: Top Actors                                                                                  |
[2022-11-17 03:15:53,870] [builder.py:646]            [DEBUG]    |                                                                                                    |
[2022-11-17 03:15:53,871] [builder.py:650]            [DEBUG]    | Validating Method: summary                                                                         |
[2022-11-17 03:15:53,871] [builder.py:651]            [DEBUG]    | Value: Shows with Louise Brealey.                                                                  |
[2022-11-17 03:15:53,871] [builder.py:646]            [DEBUG]    |                                                                                                    |
[2022-11-17 03:15:53,871] [builder.py:650]            [DEBUG]    | Validating Method: collection_mode                                                                 |
[2022-11-17 03:15:53,871] [builder.py:651]            [DEBUG]    | Value: hide                                                                                        |
[2022-11-17 03:15:53,871] [builder.py:646]            [DEBUG]    |                                                                                                    |
[2022-11-17 03:15:53,871] [builder.py:650]            [DEBUG]    | Validating Method: sort_title                                                                      |
[2022-11-17 03:15:53,871] [builder.py:651]            [DEBUG]    | Value: !17_Louise Brealey                                                                          |
[2022-11-17 03:15:53,871] [builder.py:646]            [DEBUG]    |                                                                                                    |
[2022-11-17 03:15:53,872] [builder.py:650]            [DEBUG]    | Validating Method: url_poster                                                                      |
[2022-11-17 03:15:53,872] [builder.py:651]            [DEBUG]    | Value: https://raw.githubusercontent.com/meisnate12/Plex-Meta-Manager-Images/master/people/rainier/Louise%20Brealey.jpg |
[2022-11-17 03:15:53,968] [builder.py:845]            [WARNING]  | Collection Warning: No Poster Found at https://raw.githubusercontent.com/meisnate12/Plex-Meta-Manager-Images/master/people/rainier/Louise%20Brealey.jpg |
[2022-11-17 03:15:53,972] [plex.py:835]               [DEBUG]    |                                                                                                    |
[2022-11-17 03:15:53,972] [plex.py:838]               [DEBUG]    | Looking for: Louise Brealey                                                                        |
[2022-11-17 03:15:53,972] [builder.py:814]            [INFO]     |                                                                                                    |
[2022-11-17 03:15:53,972] [builder.py:815]            [INFO]     | Validation Successful                                                                              |
[2022-11-17 03:15:53,973] [plex_meta_manager.py:594]  [INFO]     |                                                                                                    |
[2022-11-17 03:15:53,973] [plex_meta_manager.py:596]  [INFO]     |================================ Running Louise Brealey Collection =================================|
[2022-11-17 03:15:53,973] [plex_meta_manager.py:602]  [INFO]     |                                                                                                    |
[2022-11-17 03:15:53,973] [plex_meta_manager.py:603]  [INFO]     | Smart Show Filter                                                                                  |
                                                                 | Sort By: ['release.desc']
                                                                 | Filter:
                                                                 |   Match any of the following:
                                                                 |     Actor is Louise Brealey
[2022-11-17 03:15:54,002] [builder.py:2509]           [DEBUG]    | Smart Collection Created: ?type=2&sort=originallyAvailableAt%3Adesc&push=1&show.actor=66100&pop=1
[2022-11-17 03:15:54,009] [builder.py:2527]           [INFO]     | 
[2022-11-17 03:15:54,009] [builder.py:2528]           [INFO]     |========================== Updating Details of Louise Brealey Collection ===========================|
[2022-11-17 03:15:54,009] [builder.py:2529]           [INFO]     |                                                                                                    |
[2022-11-17 03:15:54,019] [builder.py:2595]           [INFO]     | Collection Metadata Edits                                                                          |
                                                                 | Summary (summary) | Shows with Louise Brealey.
                                                                 | Sort Title | !17_Louise Brealey
                                                                 | Label | +Top Actors, +PMM
[2022-11-17 03:15:55,854] [builder.py:2599]           [INFO]     | Details: have been updated
[2022-11-17 03:15:55,855] [builder.py:2603]           [INFO]     | 
[2022-11-17 03:15:57,273] [builder.py:2615]           [INFO]     | Collection Mode | hide
[2022-11-17 03:15:57,273] [util.py:174]               [DEBUG]    | 1 poster found:
[2022-11-17 03:15:57,274] [util.py:176]               [DEBUG]    | Method: tmdb_person Poster: https://image.tmdb.org/t/p/original/c7K2WWGZVA4tKWT0gBcPoLwmz3C.jpg
[2022-11-17 03:15:57,325] [library.py:178]            [INFO]     | Detail: tmdb_person updated poster to [URL] https://image.tmdb.org/t/p/original/c7K2WWGZVA4tKWT0gBcPoLwmz3C.jpg
[2022-11-17 03:15:57,359] [plex_meta_manager.py:736]  [INFO]     | 
[2022-11-17 03:15:57,359] [plex_meta_manager.py:737]  [INFO]     |====================================================================================================|
[2022-11-17 03:15:57,359] [plex_meta_manager.py:737]  [INFO]     |                                 Finished Louise Brealey Collection                                 |
[2022-11-17 03:15:57,359] [plex_meta_manager.py:737]  [INFO]     |                                    Collection Run Time: 0:00:04                                    |
[2022-11-17 03:15:57,359] [plex_meta_manager.py:737]  [INFO]     |====================================================================================================|
