[2022-11-16 22:17:05,073] [builder.py:193]            [INFO]     |====================================================================================================|
[2022-11-16 22:17:05,074] [builder.py:193]            [INFO]     |                          StevenLu Popular Movies Collection in Old Movies                          |
[2022-11-16 22:17:05,074] [builder.py:193]            [INFO]     |====================================================================================================|
[2022-11-16 22:17:05,074] [builder.py:194]            [INFO]     |                                                                                                    |
[2022-11-16 22:17:05,074] [builder.py:199]            [INFO]     |================================ Building Definition From Templates ================================|
[2022-11-16 22:17:05,074] [builder.py:215]            [DEBUG]    |                                                                                                    |
[2022-11-16 22:17:05,074] [meta.py:210]               [DEBUG]    |======================================= Template radarr_add ========================================|
[2022-11-16 22:17:05,074] [meta.py:451]               [DEBUG]    |                                                                                                    |
[2022-11-16 22:17:05,075] [meta.py:512]               [DEBUG]    |                                                                                                    |
[2022-11-16 22:17:05,075] [meta.py:513]               [DEBUG]    |==================================== Final Template Attributes =====================================|
[2022-11-16 22:17:05,076] [meta.py:514]               [DEBUG]    |                                                                                                    |
[2022-11-16 22:17:05,076] [meta.py:515]               [DEBUG]    | {'sync_mode': 'sync', 'radarr_add': True, 'radarr_search': True, 'build_collection': False}        |
[2022-11-16 22:17:05,076] [meta.py:516]               [DEBUG]    |                                                                                                    |
[2022-11-16 22:17:05,076] [builder.py:223]            [INFO]     |========================== Validating StevenLu Popular Movies Attributes ===========================|
[2022-11-16 22:17:05,076] [builder.py:495]            [DEBUG]    |                                                                                                    |
[2022-11-16 22:17:05,076] [builder.py:496]            [DEBUG]    | Validating Method: build_collection                                                                |
[2022-11-16 22:17:05,076] [builder.py:497]            [DEBUG]    | Value: False                                                                                       |
[2022-11-16 22:17:05,076] [builder.py:516]            [DEBUG]    |                                                                                                    |
[2022-11-16 22:17:05,076] [builder.py:517]            [DEBUG]    | Validating Method: sync_mode                                                                       |
[2022-11-16 22:17:05,076] [builder.py:521]            [DEBUG]    | Value: sync                                                                                        |
[2022-11-16 22:17:05,076] [builder.py:646]            [DEBUG]    |                                                                                                    |
[2022-11-16 22:17:05,076] [builder.py:650]            [DEBUG]    | Validating Method: stevenlu_popular                                                                |
[2022-11-16 22:17:05,077] [builder.py:651]            [DEBUG]    | Value: True                                                                                        |
[2022-11-16 22:17:05,077] [builder.py:646]            [DEBUG]    |                                                                                                    |
[2022-11-16 22:17:05,077] [plex.py:1372]              [WARNING]  | Collection Warning: radarr_add attribute will run as radarr_add_missing                            |
[2022-11-16 22:17:05,077] [builder.py:650]            [DEBUG]    | Validating Method: radarr_add                                                                      |
[2022-11-16 22:17:05,077] [builder.py:651]            [DEBUG]    | Value: True                                                                                        |
[2022-11-16 22:17:05,077] [builder.py:662]            [ERROR]    | Collection Error: radarr_add_missing requires Radarr to be configured                              |
[2022-11-16 22:17:05,077] [builder.py:646]            [DEBUG]    |                                                                                                    |
[2022-11-16 22:17:05,077] [builder.py:650]            [DEBUG]    | Validating Method: radarr_search                                                                   |
[2022-11-16 22:17:05,077] [builder.py:651]            [DEBUG]    | Value: True                                                                                        |
[2022-11-16 22:17:05,077] [builder.py:662]            [ERROR]    | Collection Error: radarr_search requires Radarr to be configured                                   |
[2022-11-16 22:17:05,077] [builder.py:814]            [INFO]     |                                                                                                    |
[2022-11-16 22:17:05,077] [builder.py:815]            [INFO]     | Validation Successful                                                                              |
[2022-11-16 22:17:05,078] [plex_meta_manager.py:594]  [INFO]     |                                                                                                    |
[2022-11-16 22:17:05,078] [plex_meta_manager.py:596]  [INFO]     |============================ Running StevenLu Popular Movies Collection ============================|
[2022-11-16 22:17:05,078] [plex_meta_manager.py:608]  [INFO]     |                                                                                                    |
[2022-11-16 22:17:05,078] [plex_meta_manager.py:609]  [INFO]     | Sync Mode: append                                                                                  |
[2022-11-16 22:17:05,078] [plex_meta_manager.py:612]  [DEBUG]    |                                                                                                    |
[2022-11-16 22:17:05,078] [plex_meta_manager.py:613]  [DEBUG]    | Builder: stevenlu_popular: True                                                                    |
[2022-11-16 22:17:05,078] [plex_meta_manager.py:614]  [INFO]     |                                                                                                    |
[2022-11-16 22:17:05,078] [reciperr.py:30]            [INFO]     | Processing StevenLu Movies                                                                         |
[2022-11-16 22:17:05,150] [builder.py:1574]           [DEBUG]    |                                                                                                    |
[2022-11-16 22:17:05,150] [builder.py:1575]           [DEBUG]    | 12 IDs Found                                                                                       |
[2022-11-16 22:17:05,150] [builder.py:1577]           [DEBUG]    |                                                                                                    |
[2022-11-16 22:17:05,158] [builder.py:2306]           [INFO]     |                                                                                                    |
[2022-11-16 22:17:05,158] [builder.py:2307]           [INFO]     |============================= Missing Movies from Library: Old Movies ==============================|
[2022-11-16 22:17:05,158] [builder.py:2308]           [INFO]     |                                                                                                    |
[2022-11-16 22:17:05,183] [builder.py:2321]           [INFO]     | StevenLu Popular Movies Collection | ? | Armageddon Time (2022) (TMDb: 615952)                     |
[2022-11-16 22:17:05,194] [builder.py:2321]           [INFO]     | StevenLu Popular Movies Collection | ? | The Banshees of Inisherin (2022) (TMDb: 674324)           |
[2022-11-16 22:17:05,204] [builder.py:2321]           [INFO]     | StevenLu Popular Movies Collection | ? | Ticket to Paradise (2022) (TMDb: 800939)                  |
[2022-11-16 22:17:05,213] [builder.py:2321]           [INFO]     | StevenLu Popular Movies Collection | ? | Halloween Ends (2022) (TMDb: 616820)                      |
[2022-11-16 22:17:05,227] [builder.py:2321]           [INFO]     | StevenLu Popular Movies Collection | ? | Bros (2022) (TMDb: 614939)                                |
[2022-11-16 22:17:05,238] [builder.py:2321]           [INFO]     | StevenLu Popular Movies Collection | ? | Smile (2022) (TMDb: 882598)                               |
[2022-11-16 22:17:05,255] [builder.py:2321]           [INFO]     | StevenLu Popular Movies Collection | ? | Don't Worry Darling (2022) (TMDb: 619730)                 |
[2022-11-16 22:17:05,265] [builder.py:2321]           [INFO]     | StevenLu Popular Movies Collection | ? | The Woman King (2022) (TMDb: 724495)                      |
[2022-11-16 22:17:05,277] [builder.py:2321]           [INFO]     | StevenLu Popular Movies Collection | ? | Clerks III (2022) (TMDb: 635891)                          |
[2022-11-16 22:17:05,286] [builder.py:2321]           [INFO]     | StevenLu Popular Movies Collection | ? | Barbarian (2022) (TMDb: 913290)                           |
[2022-11-16 22:17:05,296] [builder.py:2321]           [INFO]     | StevenLu Popular Movies Collection | ? | Brahmāstra Part One: Shiva (2022) (TMDb: 496331)          |
[2022-11-16 22:17:05,307] [builder.py:2321]           [INFO]     | StevenLu Popular Movies Collection | ? | Medieval (2022) (TMDb: 551271)                            |
[2022-11-16 22:17:05,307] [builder.py:2326]           [INFO]     |                                                                                                    |
[2022-11-16 22:17:05,307] [builder.py:2327]           [INFO]     | 12 Movies Missing                                                                                  |
[2022-11-16 22:17:08,768] [plex_meta_manager.py:736]  [INFO]     |                                                                                                    |
[2022-11-16 22:17:08,768] [plex_meta_manager.py:737]  [INFO]     |====================================================================================================|
[2022-11-16 22:17:08,768] [plex_meta_manager.py:737]  [INFO]     |                            Finished StevenLu Popular Movies Collection                             |
[2022-11-16 22:17:08,769] [plex_meta_manager.py:737]  [INFO]     |                                    Collection Run Time: 0:00:03                                    |
[2022-11-16 22:17:08,769] [plex_meta_manager.py:737]  [INFO]     |====================================================================================================|
