[2022-11-14 09:07:20,953] [builder.py:193]            [INFO]     |====================================================================================================|
[2022-11-14 09:07:20,953] [builder.py:193]            [INFO]     |                             Emmys 2021 Collection in Christmas Movies                              |
[2022-11-14 09:07:20,954] [builder.py:193]            [INFO]     |====================================================================================================|
[2022-11-14 09:07:20,954] [builder.py:194]            [INFO]     |                                                                                                    |
[2022-11-14 09:07:20,954] [builder.py:199]            [INFO]     |================================ Building Definition From Templates ================================|
[2022-11-14 09:07:20,954] [builder.py:215]            [DEBUG]    |                                                                                                    |
[2022-11-14 09:07:20,954] [meta.py:210]               [DEBUG]    |================================== Template use_year_collections ===================================|
[2022-11-14 09:07:20,955] [meta.py:451]               [DEBUG]    |                                                                                                    |
[2022-11-14 09:07:20,956] [meta.py:210]               [DEBUG]    |========================================== Template imdb ===========================================|
[2022-11-14 09:07:20,956] [meta.py:451]               [DEBUG]    |                                                                                                    |
[2022-11-14 09:07:20,958] [meta.py:210]               [DEBUG]    |========================================= Template shared ==========================================|
[2022-11-14 09:07:20,959] [meta.py:451]               [DEBUG]    |                                                                                                    |
[2022-11-14 09:07:20,970] [meta.py:210]               [DEBUG]    |=========================================== Template arr ===========================================|
[2022-11-14 09:07:20,971] [meta.py:451]               [DEBUG]    |                                                                                                    |
[2022-11-14 09:07:20,977] [meta.py:210]               [DEBUG]    |========================================= Template custom ==========================================|
[2022-11-14 09:07:20,977] [meta.py:451]               [DEBUG]    |                                                                                                    |
[2022-11-14 09:07:20,981] [meta.py:512]               [DEBUG]    |                                                                                                    |
[2022-11-14 09:07:20,981] [meta.py:513]               [DEBUG]    |==================================== Final Template Attributes =====================================|
[2022-11-14 09:07:20,981] [meta.py:514]               [DEBUG]    |                                                                                                    |
[2022-11-14 09:07:20,981] [meta.py:515]               [DEBUG]    | {'imdb_list': 'https://www.imdb.com/search/title/?release_date=2021-01-01,2021-12-31&groups=emmy_winner&sort=moviemeter,asc', 'ignore_blank_results': True, 'sort_title': '!16_Emmys 2021', 'url_poster': 'https://raw.githubusercontent.com/meisnate12/Plex-Meta-Manager-Images/master/award/emmys/winner/2021.jpg', 'collection_order': 'custom', 'sync_mode': 'sync', 'cache_builders': 1} |
[2022-11-14 09:07:20,981] [meta.py:516]               [DEBUG]    |                                                                                                    |
[2022-11-14 09:07:20,982] [builder.py:223]            [INFO]     |================================= Validating Emmys 2021 Attributes =================================|
[2022-11-14 09:07:20,982] [builder.py:502]            [DEBUG]    |                                                                                                    |
[2022-11-14 09:07:20,982] [builder.py:503]            [DEBUG]    | Validating Method: ignore_blank_results                                                            |
[2022-11-14 09:07:20,982] [builder.py:504]            [DEBUG]    | Value: True                                                                                        |
[2022-11-14 09:07:20,982] [builder.py:516]            [DEBUG]    |                                                                                                    |
[2022-11-14 09:07:20,982] [builder.py:517]            [DEBUG]    | Validating Method: sync_mode                                                                       |
[2022-11-14 09:07:20,982] [builder.py:521]            [DEBUG]    | Value: sync                                                                                        |
[2022-11-14 09:07:20,982] [builder.py:613]            [DEBUG]    |                                                                                                    |
[2022-11-14 09:07:20,982] [builder.py:614]            [DEBUG]    | Validating Method: collection_order                                                                |
[2022-11-14 09:07:20,982] [builder.py:615]            [DEBUG]    | Value: custom                                                                                      |
[2022-11-14 09:07:20,983] [builder.py:646]            [DEBUG]    |                                                                                                    |
[2022-11-14 09:07:20,983] [builder.py:650]            [DEBUG]    | Validating Method: label                                                                           |
[2022-11-14 09:07:20,983] [builder.py:651]            [DEBUG]    | Value: Emmy Awards                                                                                 |
[2022-11-14 09:07:20,983] [builder.py:646]            [DEBUG]    |                                                                                                    |
[2022-11-14 09:07:20,983] [builder.py:650]            [DEBUG]    | Validating Method: imdb_list                                                                       |
[2022-11-14 09:07:20,983] [builder.py:651]            [DEBUG]    | Value: https://www.imdb.com/search/title/?release_date=2021-01-01,2021-12-31&groups=emmy_winner&sort=moviemeter,asc |
[2022-11-14 09:07:21,220] [builder.py:646]            [DEBUG]    |                                                                                                    |
[2022-11-14 09:07:21,220] [builder.py:650]            [DEBUG]    | Validating Method: sort_title                                                                      |
[2022-11-14 09:07:21,221] [builder.py:651]            [DEBUG]    | Value: !16_Emmys 2021                                                                              |
[2022-11-14 09:07:21,221] [builder.py:646]            [DEBUG]    |                                                                                                    |
[2022-11-14 09:07:21,221] [builder.py:650]            [DEBUG]    | Validating Method: url_poster                                                                      |
[2022-11-14 09:07:21,221] [builder.py:651]            [DEBUG]    | Value: https://raw.githubusercontent.com/meisnate12/Plex-Meta-Manager-Images/master/award/emmys/winner/2021.jpg |
[2022-11-14 09:07:21,383] [builder.py:646]            [DEBUG]    |                                                                                                    |
[2022-11-14 09:07:21,384] [builder.py:650]            [DEBUG]    | Validating Method: cache_builders                                                                  |
[2022-11-14 09:07:21,384] [builder.py:651]            [DEBUG]    | Value: 1                                                                                           |
[2022-11-14 09:07:21,387] [plex.py:835]               [DEBUG]    |                                                                                                    |
[2022-11-14 09:07:21,387] [plex.py:838]               [DEBUG]    | Looking for: Emmys 2021                                                                            |
[2022-11-14 09:07:21,388] [builder.py:814]            [INFO]     |                                                                                                    |
[2022-11-14 09:07:21,388] [builder.py:815]            [INFO]     | Validation Successful                                                                              |
[2022-11-14 09:07:21,388] [plex_meta_manager.py:594]  [INFO]     |                                                                                                    |
[2022-11-14 09:07:21,388] [plex_meta_manager.py:596]  [INFO]     |================================== Running Emmys 2021 Collection ===================================|
[2022-11-14 09:07:21,388] [plex_meta_manager.py:608]  [INFO]     |                                                                                                    |
[2022-11-14 09:07:21,388] [plex_meta_manager.py:609]  [INFO]     | Sync Mode: sync                                                                                    |
[2022-11-14 09:07:21,388] [plex_meta_manager.py:612]  [DEBUG]    |                                                                                                    |
[2022-11-14 09:07:21,388] [plex_meta_manager.py:613]  [DEBUG]    | Builder: imdb_list: {'url': 'https://www.imdb.com/search/title/?release_date=2021-01-01,2021-12-31&groups=emmy_winner&sort=moviemeter,asc', 'limit': 0} |
[2022-11-14 09:07:21,388] [plex_meta_manager.py:614]  [INFO]     |                                                                                                    |
[2022-11-14 09:07:21,389] [imdb.py:202]               [INFO]     | Processing IMDb List: https://www.imdb.com/search/title/?release_date=2021-01-01,2021-12-31&groups=emmy_winner&sort=moviemeter,asc |
[2022-11-14 09:07:23,779] [builder.py:1574]           [DEBUG]    |                                                                                                    |
[2022-11-14 09:07:23,779] [builder.py:1575]           [DEBUG]    | 27 IDs Found                                                                                       |
[2022-11-14 09:07:23,779] [builder.py:1577]           [DEBUG]    |                                                                                                    |
[2022-11-14 09:07:23,848] [builder.py:1637]           [WARNING]  | Convert Error: No TMDb ID Found for IMDb ID: tt17500434                                            |
[2022-11-14 09:07:23,848] [plex_meta_manager.py:711]  [WARNING]  | Collection Warning: No items found                                                                 |
[2022-11-14 09:07:23,848] [plex_meta_manager.py:736]  [INFO]     |                                                                                                    |
[2022-11-14 09:07:23,848] [plex_meta_manager.py:737]  [INFO]     |====================================================================================================|
[2022-11-14 09:07:23,848] [plex_meta_manager.py:737]  [INFO]     |                                   Finished Emmys 2021 Collection                                   |
[2022-11-14 09:07:23,848] [plex_meta_manager.py:737]  [INFO]     |                                    Collection Run Time: 0:00:02                                    |
[2022-11-14 09:07:23,848] [plex_meta_manager.py:737]  [INFO]     |====================================================================================================|
