[2022-11-16 20:45:58,313] [builder.py:193]            [INFO]     |====================================================================================================|
[2022-11-16 20:45:58,313] [builder.py:193]            [INFO]     |                             TMDb On The Air Collection in Kids Movies                              |
[2022-11-16 20:45:58,313] [builder.py:193]            [INFO]     |====================================================================================================|
[2022-11-16 20:45:58,313] [builder.py:194]            [INFO]     |                                                                                                    |
[2022-11-16 20:45:58,314] [builder.py:199]            [INFO]     |================================ Building Definition From Templates ================================|
[2022-11-16 20:45:58,314] [builder.py:209]            [DEBUG]    |                                                                                                    |
[2022-11-16 20:45:58,314] [builder.py:210]            [DEBUG]    | Validating Method: variables                                                                       |
[2022-11-16 20:45:58,314] [builder.py:215]            [DEBUG]    |                                                                                                    |
[2022-11-16 20:45:58,314] [meta.py:210]               [DEBUG]    |========================================== Template tmdb ===========================================|
[2022-11-16 20:45:58,315] [meta.py:451]               [DEBUG]    |                                                                                                    |
[2022-11-16 20:45:58,316] [meta.py:210]               [DEBUG]    |========================================= Template shared ==========================================|
[2022-11-16 20:45:58,317] [meta.py:451]               [DEBUG]    |                                                                                                    |
[2022-11-16 20:45:58,331] [meta.py:210]               [DEBUG]    |=========================================== Template arr ===========================================|
[2022-11-16 20:45:58,332] [meta.py:451]               [DEBUG]    |                                                                                                    |
[2022-11-16 20:45:58,341] [meta.py:210]               [DEBUG]    |========================================= Template custom ==========================================|
[2022-11-16 20:45:58,342] [meta.py:451]               [DEBUG]    |                                                                                                    |
[2022-11-16 20:45:58,347] [meta.py:210]               [DEBUG]    |======================================= Template translation =======================================|
[2022-11-16 20:45:58,348] [meta.py:451]               [DEBUG]    |                                                                                                    |
[2022-11-16 20:45:58,352] [meta.py:512]               [DEBUG]    |                                                                                                    |
[2022-11-16 20:45:58,359] [meta.py:513]               [DEBUG]    |==================================== Final Template Attributes =====================================|
[2022-11-16 20:45:58,359] [meta.py:514]               [DEBUG]    |                                                                                                    |
[2022-11-16 20:45:58,359] [meta.py:515]               [DEBUG]    | {'tmdb_on_the_air': 100, 'allowed_library_types': ['show'], 'ignore_blank_results': True, 'collection_mode': 'hide', 'sort_title': '!01_TMDb On The Air', 'url_poster': 'https://raw.githubusercontent.com/meisnate12/Plex-Meta-Manager-Images/master/chart/TMDb%20On%20The%20Air.jpg', 'collection_order': 'custom', 'sync_mode': 'sync', 'cache_builders': 1, 'summary': 'A collection of shows that are still actively airing episodes.', 'name': 'TMDb On The Air'} |
[2022-11-16 20:45:58,359] [meta.py:516]               [DEBUG]    |                                                                                                    |
[2022-11-16 20:45:58,359] [builder.py:223]            [INFO]     |============================== Validating TMDb On The Air Attributes ===============================|
[2022-11-16 20:45:58,359] [builder.py:226]            [DEBUG]    |                                                                                                    |
[2022-11-16 20:45:58,359] [builder.py:227]            [DEBUG]    | Validating Method: name                                                                            |
[2022-11-16 20:45:58,360] [builder.py:230]            [DEBUG]    | Value: TMDb On The Air                                                                             |
[2022-11-16 20:45:58,360] [builder.py:236]            [DEBUG]    |                                                                                                    |
[2022-11-16 20:45:58,360] [builder.py:237]            [DEBUG]    | Validating Method: allowed_library_types                                                           |
[2022-11-16 20:45:58,360] [builder.py:240]            [DEBUG]    | Value: ['show']                                                                                    |
[2022-11-16 20:45:58,360] [plex_meta_manager.py:714]  [INFO]     | Skipped because allowed_library_types ['show'] doesn't match the library type: movie               |
[2022-11-16 20:45:58,360] [plex_meta_manager.py:736]  [INFO]     |                                                                                                    |
[2022-11-16 20:45:58,360] [plex_meta_manager.py:737]  [INFO]     |====================================================================================================|
[2022-11-16 20:45:58,360] [plex_meta_manager.py:737]  [INFO]     |                                Finished TMDb On The Air Collection                                 |
[2022-11-16 20:45:58,361] [plex_meta_manager.py:737]  [INFO]     |                                    Collection Run Time: 0:00:00                                    |
[2022-11-16 20:45:58,361] [plex_meta_manager.py:737]  [INFO]     |====================================================================================================|
