[2022-11-16 22:27:38,730] [builder.py:193]            [INFO]     |====================================================================================================|
[2022-11-16 22:27:38,730] [builder.py:193]            [INFO]     |                            Oscars Winners 2015 Collection in Old Movies                            |
[2022-11-16 22:27:38,731] [builder.py:193]            [INFO]     |====================================================================================================|
[2022-11-16 22:27:38,731] [builder.py:194]            [INFO]     |                                                                                                    |
[2022-11-16 22:27:38,731] [builder.py:199]            [INFO]     |================================ Building Definition From Templates ================================|
[2022-11-16 22:27:38,731] [builder.py:215]            [DEBUG]    |                                                                                                    |
[2022-11-16 22:27:38,731] [meta.py:210]               [DEBUG]    |================================== Template use_year_collections ===================================|
[2022-11-16 22:27:38,732] [meta.py:451]               [DEBUG]    |                                                                                                    |
[2022-11-16 22:27:38,733] [meta.py:210]               [DEBUG]    |========================================== Template imdb ===========================================|
[2022-11-16 22:27:38,733] [meta.py:451]               [DEBUG]    |                                                                                                    |
[2022-11-16 22:27:38,735] [meta.py:210]               [DEBUG]    |======================================= Template translation =======================================|
[2022-11-16 22:27:38,735] [meta.py:451]               [DEBUG]    |                                                                                                    |
[2022-11-16 22:27:38,738] [meta.py:210]               [DEBUG]    |========================================= Template shared ==========================================|
[2022-11-16 22:27:38,738] [meta.py:451]               [DEBUG]    |                                                                                                    |
[2022-11-16 22:27:38,752] [meta.py:210]               [DEBUG]    |=========================================== Template arr ===========================================|
[2022-11-16 22:27:38,753] [meta.py:451]               [DEBUG]    |                                                                                                    |
[2022-11-16 22:27:38,762] [meta.py:210]               [DEBUG]    |========================================= Template custom ==========================================|
[2022-11-16 22:27:38,763] [meta.py:451]               [DEBUG]    |                                                                                                    |
[2022-11-16 22:27:38,769] [meta.py:512]               [DEBUG]    |                                                                                                    |
[2022-11-16 22:27:38,769] [meta.py:513]               [DEBUG]    |==================================== Final Template Attributes =====================================|
[2022-11-16 22:27:38,769] [meta.py:514]               [DEBUG]    |                                                                                                    |
[2022-11-16 22:27:38,769] [meta.py:515]               [DEBUG]    | {'imdb_list': 'https://www.imdb.com/search/title/?release_date=2015-01-01,2015-12-31&groups=oscar_winner&sort=moviemeter,asc', 'summary': 'Academy Awards (Oscars) Winners for 2015.', 'name': 'Oscars Winners 2015', 'allowed_library_types': ['movie'], 'ignore_blank_results': True, 'collection_mode': 'hide', 'sort_title': '!16_Oscars Winners 2015', 'url_poster': 'https://raw.githubusercontent.com/meisnate12/Plex-Meta-Manager-Images/master/award/oscars/winner/2015.jpg', 'collection_order': 'custom', 'sync_mode': 'sync', 'cache_builders': 1} |
[2022-11-16 22:27:38,769] [meta.py:516]               [DEBUG]    |                                                                                                    |
[2022-11-16 22:27:38,769] [builder.py:223]            [INFO]     |============================ Validating Oscars Winners 2015 Attributes =============================|
[2022-11-16 22:27:38,770] [builder.py:226]            [DEBUG]    |                                                                                                    |
[2022-11-16 22:27:38,770] [builder.py:227]            [DEBUG]    | Validating Method: name                                                                            |
[2022-11-16 22:27:38,770] [builder.py:230]            [DEBUG]    | Value: Oscars Winners 2015                                                                         |
[2022-11-16 22:27:38,770] [builder.py:236]            [DEBUG]    |                                                                                                    |
[2022-11-16 22:27:38,770] [builder.py:237]            [DEBUG]    | Validating Method: allowed_library_types                                                           |
[2022-11-16 22:27:38,770] [builder.py:240]            [DEBUG]    | Value: ['movie']                                                                                   |
[2022-11-16 22:27:38,771] [builder.py:502]            [DEBUG]    |                                                                                                    |
[2022-11-16 22:27:38,771] [builder.py:503]            [DEBUG]    | Validating Method: ignore_blank_results                                                            |
[2022-11-16 22:27:38,771] [builder.py:504]            [DEBUG]    | Value: True                                                                                        |
[2022-11-16 22:27:38,771] [builder.py:516]            [DEBUG]    |                                                                                                    |
[2022-11-16 22:27:38,771] [builder.py:517]            [DEBUG]    | Validating Method: sync_mode                                                                       |
[2022-11-16 22:27:38,771] [builder.py:521]            [DEBUG]    | Value: sync                                                                                        |
[2022-11-16 22:27:38,772] [builder.py:613]            [DEBUG]    |                                                                                                    |
[2022-11-16 22:27:38,772] [builder.py:614]            [DEBUG]    | Validating Method: collection_order                                                                |
[2022-11-16 22:27:38,772] [builder.py:615]            [DEBUG]    | Value: custom                                                                                      |
[2022-11-16 22:27:38,772] [builder.py:646]            [DEBUG]    |                                                                                                    |
[2022-11-16 22:27:38,772] [builder.py:650]            [DEBUG]    | Validating Method: label                                                                           |
[2022-11-16 22:27:38,772] [builder.py:651]            [DEBUG]    | Value: Oscars Winners Awards                                                                       |
[2022-11-16 22:27:38,773] [builder.py:646]            [DEBUG]    |                                                                                                    |
[2022-11-16 22:27:38,773] [builder.py:650]            [DEBUG]    | Validating Method: imdb_list                                                                       |
[2022-11-16 22:27:38,773] [builder.py:651]            [DEBUG]    | Value: https://www.imdb.com/search/title/?release_date=2015-01-01,2015-12-31&groups=oscar_winner&sort=moviemeter,asc |
[2022-11-16 22:27:38,891] [builder.py:646]            [DEBUG]    |                                                                                                    |
[2022-11-16 22:27:38,893] [builder.py:650]            [DEBUG]    | Validating Method: summary                                                                         |
[2022-11-16 22:27:38,893] [builder.py:651]            [DEBUG]    | Value: Academy Awards (Oscars) Winners for 2015.                                                   |
[2022-11-16 22:27:38,893] [builder.py:646]            [DEBUG]    |                                                                                                    |
[2022-11-16 22:27:38,893] [builder.py:650]            [DEBUG]    | Validating Method: collection_mode                                                                 |
[2022-11-16 22:27:38,893] [builder.py:651]            [DEBUG]    | Value: hide                                                                                        |
[2022-11-16 22:27:38,893] [builder.py:646]            [DEBUG]    |                                                                                                    |
[2022-11-16 22:27:38,893] [builder.py:650]            [DEBUG]    | Validating Method: sort_title                                                                      |
[2022-11-16 22:27:38,893] [builder.py:651]            [DEBUG]    | Value: !16_Oscars Winners 2015                                                                     |
[2022-11-16 22:27:38,893] [builder.py:646]            [DEBUG]    |                                                                                                    |
[2022-11-16 22:27:38,894] [builder.py:650]            [DEBUG]    | Validating Method: url_poster                                                                      |
[2022-11-16 22:27:38,894] [builder.py:651]            [DEBUG]    | Value: https://raw.githubusercontent.com/meisnate12/Plex-Meta-Manager-Images/master/award/oscars/winner/2015.jpg |
[2022-11-16 22:27:39,013] [builder.py:646]            [DEBUG]    |                                                                                                    |
[2022-11-16 22:27:39,013] [builder.py:650]            [DEBUG]    | Validating Method: cache_builders                                                                  |
[2022-11-16 22:27:39,013] [builder.py:651]            [DEBUG]    | Value: 1                                                                                           |
[2022-11-16 22:27:39,019] [plex.py:835]               [DEBUG]    |                                                                                                    |
[2022-11-16 22:27:39,019] [plex.py:838]               [DEBUG]    | Looking for: Oscars Winners 2015                                                                   |
[2022-11-16 22:27:39,019] [builder.py:814]            [INFO]     |                                                                                                    |
[2022-11-16 22:27:39,019] [builder.py:815]            [INFO]     | Validation Successful                                                                              |
[2022-11-16 22:27:39,019] [plex_meta_manager.py:594]  [INFO]     |                                                                                                    |
[2022-11-16 22:27:39,019] [plex_meta_manager.py:596]  [INFO]     |============================== Running Oscars Winners 2015 Collection ==============================|
[2022-11-16 22:27:39,020] [plex_meta_manager.py:608]  [INFO]     |                                                                                                    |
[2022-11-16 22:27:39,020] [plex_meta_manager.py:609]  [INFO]     | Sync Mode: sync                                                                                    |
[2022-11-16 22:27:39,020] [plex_meta_manager.py:612]  [DEBUG]    |                                                                                                    |
[2022-11-16 22:27:39,020] [plex_meta_manager.py:613]  [DEBUG]    | Builder: imdb_list: {'url': 'https://www.imdb.com/search/title/?release_date=2015-01-01,2015-12-31&groups=oscar_winner&sort=moviemeter,asc', 'limit': 0} |
[2022-11-16 22:27:39,020] [plex_meta_manager.py:614]  [INFO]     |                                                                                                    |
[2022-11-16 22:27:39,021] [builder.py:1523]           [INFO]     | Builder: imdb_list loaded from Cache                                                               |
[2022-11-16 22:27:39,022] [builder.py:1574]           [DEBUG]    |                                                                                                    |
[2022-11-16 22:27:39,023] [builder.py:1575]           [DEBUG]    | 14 IDs Found                                                                                       |
[2022-11-16 22:27:39,023] [builder.py:1577]           [DEBUG]    |                                                                                                    |
[2022-11-16 22:27:39,030] [builder.py:2158]           [INFO]     |                                                                                                    |
[2022-11-16 22:27:39,031] [builder.py:2159]           [INFO]     |============================= Adding to Oscars Winners 2015 Collection =============================|
[2022-11-16 22:27:39,031] [builder.py:2160]           [INFO]     |                                                                                                    |
[2022-11-16 22:27:39,031] [builder.py:2174]           [INFO]     | 1/2 | Oscars Winners 2015 Collection | + | Mad Max: Fury Road (2015)                               |
[2022-11-16 22:27:39,144] [builder.py:2174]           [INFO]     | 2/2 | Oscars Winners 2015 Collection | + | Spectre (2015)                                          |
[2022-11-16 22:27:42,937] [builder.py:2194]           [INFO]     |                                                                                                    |
[2022-11-16 22:27:42,937] [builder.py:2196]           [INFO]     | 2 Movies Processed 2 Movies Added                                                                  |
[2022-11-16 22:27:42,937] [builder.py:2306]           [INFO]     |                                                                                                    |
[2022-11-16 22:27:42,937] [builder.py:2307]           [INFO]     |============================= Missing Movies from Library: Old Movies ==============================|
[2022-11-16 22:27:42,937] [builder.py:2308]           [INFO]     |                                                                                                    |
[2022-11-16 22:27:42,952] [builder.py:2321]           [INFO]     | Oscars Winners 2015 Collection | ? | The Big Short (2015) (TMDb: 318846)                           |
[2022-11-16 22:27:42,968] [builder.py:2321]           [INFO]     | Oscars Winners 2015 Collection | ? | The Hateful Eight (2015) (TMDb: 273248)                       |
[2022-11-16 22:27:42,979] [builder.py:2321]           [INFO]     | Oscars Winners 2015 Collection | ? | Inside Out (2015) (TMDb: 150540)                              |
[2022-11-16 22:27:42,989] [builder.py:2321]           [INFO]     | Oscars Winners 2015 Collection | ? | The Revenant (2015) (TMDb: 281957)                            |
[2022-11-16 22:27:42,999] [builder.py:2321]           [INFO]     | Oscars Winners 2015 Collection | ? | Room (2015) (TMDb: 264644)                                    |
[2022-11-16 22:27:43,002] [builder.py:2321]           [INFO]     | Oscars Winners 2015 Collection | ? | Spotlight (2015) (TMDb: 314365)                               |
[2022-11-16 22:27:43,013] [builder.py:2321]           [INFO]     | Oscars Winners 2015 Collection | ? | The Danish Girl (2015) (TMDb: 306819)                         |
[2022-11-16 22:27:43,025] [builder.py:2321]           [INFO]     | Oscars Winners 2015 Collection | ? | Bridge of Spies (2015) (TMDb: 296098)                         |
[2022-11-16 22:27:43,039] [builder.py:2321]           [INFO]     | Oscars Winners 2015 Collection | ? | Son of Saul (2015) (TMDb: 336050)                             |
[2022-11-16 22:27:43,050] [builder.py:2321]           [INFO]     | Oscars Winners 2015 Collection | ? | Amy (2015) (TMDb: 331781)                                     |
[2022-11-16 22:27:43,061] [builder.py:2321]           [INFO]     | Oscars Winners 2015 Collection | ? | Stutterer (2015) (TMDb: 369373)                               |
[2022-11-16 22:27:43,071] [builder.py:2321]           [INFO]     | Oscars Winners 2015 Collection | ? | A Girl in the River: The Price of Forgiveness (2015) (TMDb: 369364) |
[2022-11-16 22:27:43,071] [builder.py:2326]           [INFO]     |                                                                                                    |
[2022-11-16 22:27:43,072] [builder.py:2327]           [INFO]     | 12 Movies Missing                                                                                  |
[2022-11-16 22:27:46,603] [builder.py:2527]           [INFO]     |                                                                                                    |
[2022-11-16 22:27:46,604] [builder.py:2528]           [INFO]     |======================== Updating Details of Oscars Winners 2015 Collection ========================|
[2022-11-16 22:27:46,604] [builder.py:2529]           [INFO]     |                                                                                                    |
[2022-11-16 22:27:46,610] [builder.py:2595]           [INFO]     | Collection Metadata Edits                                                                          |
                                                                 | Summary (summary) | Academy Awards (Oscars) Winners for 2015.
                                                                 | Sort Title | !16_Oscars Winners 2015
                                                                 | Label | +Oscars Winners Awards, +PMM
[2022-11-16 22:27:48,254] [builder.py:2599]           [INFO]     | Details: have been updated
[2022-11-16 22:27:48,254] [builder.py:2603]           [INFO]     | 
[2022-11-16 22:27:49,708] [builder.py:2615]           [INFO]     | Collection Mode | hide
[2022-11-16 22:27:51,152] [builder.py:2629]           [INFO]     | Collection Order | custom
[2022-11-16 22:27:51,170] [plex.py:1203]              [WARNING]  | Asset Warning: Asset Directory Not Found and Created: config/Old_Movies/Assets/Oscars Winners 2015
[2022-11-16 22:27:51,170] [util.py:174]               [DEBUG]    | 1 poster found:
[2022-11-16 22:27:51,170] [util.py:176]               [DEBUG]    | Method: url_poster Poster: https://raw.githubusercontent.com/meisnate12/Plex-Meta-Manager-Images/master/award/oscars/winner/2015.jpg
[2022-11-16 22:27:51,446] [library.py:178]            [INFO]     | Detail: asset_directory updated Oscars Winners 2015's poster to [File] config/Old_Movies/Assets/Oscars Winners 2015/poster.jpg
[2022-11-16 22:27:51,512] [builder.py:2686]           [INFO]     | 
[2022-11-16 22:27:51,513] [builder.py:2687]           [INFO]     |============================== Sorting Oscars Winners 2015 Collection ==============================|
[2022-11-16 22:27:51,513] [builder.py:2688]           [INFO]     |                                                                                                    |
[2022-11-16 22:27:51,513] [builder.py:2704]           [INFO]     | Moving Mad Max: Fury Road (2015) to the beginning                                                  |
[2022-11-16 22:27:51,537] [builder.py:2704]           [INFO]     | Moving Spectre (2015) after Mad Max: Fury Road (2015)                                              |
[2022-11-16 22:27:51,560] [plex_meta_manager.py:736]  [INFO]     |                                                                                                    |
[2022-11-16 22:27:51,561] [plex_meta_manager.py:737]  [INFO]     |====================================================================================================|
[2022-11-16 22:27:51,561] [plex_meta_manager.py:737]  [INFO]     |                              Finished Oscars Winners 2015 Collection                               |
[2022-11-16 22:27:51,561] [plex_meta_manager.py:737]  [INFO]     |                                    Collection Run Time: 0:00:12                                    |
[2022-11-16 22:27:51,561] [plex_meta_manager.py:737]  [INFO]     |====================================================================================================|
