[2022-11-16 19:41:28,410] [builder.py:193]            [INFO]     |====================================================================================================|
[2022-11-16 19:41:28,411] [builder.py:193]            [INFO]     |                               Documentary Collection in Kids Movies                                |
[2022-11-16 19:41:28,411] [builder.py:193]            [INFO]     |====================================================================================================|
[2022-11-16 19:41:28,411] [builder.py:194]            [INFO]     |                                                                                                    |
[2022-11-16 19:41:28,412] [builder.py:199]            [INFO]     |================================ Building Definition From Templates ================================|
[2022-11-16 19:41:28,412] [builder.py:215]            [DEBUG]    |                                                                                                    |
[2022-11-16 19:41:28,412] [meta.py:210]               [DEBUG]    |========================================= Template Dynamic =========================================|
[2022-11-16 19:41:28,412] [meta.py:451]               [DEBUG]    |                                                                                                    |
[2022-11-16 19:41:28,415] [meta.py:512]               [DEBUG]    |                                                                                                    |
[2022-11-16 19:41:28,416] [meta.py:513]               [DEBUG]    |==================================== Final Template Attributes =====================================|
[2022-11-16 19:41:28,416] [meta.py:514]               [DEBUG]    |                                                                                                    |
[2022-11-16 19:41:28,416] [meta.py:515]               [DEBUG]    | {'smart_filter': {'all': {'genre': 'Documentary'}, 'sort_by': 'release.desc'}, 'url_poster': 'https://theposterdb.com/api/assets/213141', 'sort_title': '++++++++_Documentary', 'collection_mode': 'hide'} |
[2022-11-16 19:41:28,416] [meta.py:516]               [DEBUG]    |                                                                                                    |
[2022-11-16 19:41:28,417] [builder.py:223]            [INFO]     |================================ Validating Documentary Attributes =================================|
[2022-11-16 19:41:28,419] [builder.py:1784]           [INFO]     |                                                                                                    |
[2022-11-16 19:41:28,419] [builder.py:1785]           [INFO]     | Validating Method: smart_filter                                                                    |
[2022-11-16 19:41:28,420] [builder.py:1791]           [DEBUG]    | Value: {'all': {'genre': 'Documentary'}, 'sort_by': 'release.desc'}                                |
[2022-11-16 19:41:28,609] [builder.py:1978]           [DEBUG]    | Smart URL: ?type=1&sort=originallyAvailableAt%3Adesc&genre=62                                      |
[2022-11-16 19:41:28,609] [builder.py:646]            [DEBUG]    |                                                                                                    |
[2022-11-16 19:41:28,609] [builder.py:650]            [DEBUG]    | Validating Method: summary                                                                         |
[2022-11-16 19:41:28,609] [builder.py:651]            [DEBUG]    | Value: Documentary films are a non-fiction genre intended to document reality primarily for the purposes of instruction, education, or maintaining a historical record. |
[2022-11-16 19:41:28,610] [builder.py:646]            [DEBUG]    |                                                                                                    |
[2022-11-16 19:41:28,610] [builder.py:650]            [DEBUG]    | Validating Method: url_poster                                                                      |
[2022-11-16 19:41:28,610] [builder.py:651]            [DEBUG]    | Value: https://theposterdb.com/api/assets/213141                                                   |
[2022-11-16 19:41:29,346] [builder.py:646]            [DEBUG]    |                                                                                                    |
[2022-11-16 19:41:29,346] [builder.py:650]            [DEBUG]    | Validating Method: sort_title                                                                      |
[2022-11-16 19:41:29,346] [builder.py:651]            [DEBUG]    | Value: ++++++++_Documentary                                                                        |
[2022-11-16 19:41:29,346] [builder.py:646]            [DEBUG]    |                                                                                                    |
[2022-11-16 19:41:29,347] [builder.py:650]            [DEBUG]    | Validating Method: collection_mode                                                                 |
[2022-11-16 19:41:29,347] [builder.py:651]            [DEBUG]    | Value: hide                                                                                        |
[2022-11-16 19:41:29,361] [builder.py:814]            [INFO]     |                                                                                                    |
[2022-11-16 19:41:29,361] [builder.py:815]            [INFO]     | Validation Successful                                                                              |
[2022-11-16 19:41:29,362] [plex_meta_manager.py:594]  [INFO]     |                                                                                                    |
[2022-11-16 19:41:29,362] [plex_meta_manager.py:596]  [INFO]     |================================== Running Documentary Collection ==================================|
[2022-11-16 19:41:29,362] [plex_meta_manager.py:602]  [INFO]     |                                                                                                    |
[2022-11-16 19:41:29,362] [plex_meta_manager.py:603]  [INFO]     | Smart Movie Filter                                                                                 |
                                                                 | Sort By: ['release.desc']
                                                                 | Filter:
                                                                 |   Match all of the following:
                                                                 |     Genre is Documentary
[2022-11-16 19:41:29,376] [builder.py:2527]           [INFO]     | 
[2022-11-16 19:41:29,376] [builder.py:2528]           [INFO]     |============================ Updating Details of Documentary Collection ============================|
[2022-11-16 19:41:29,377] [builder.py:2529]           [INFO]     |                                                                                                    |
[2022-11-16 19:41:29,382] [builder.py:2595]           [INFO]     | Collection Metadata Edits                                                                          |
[2022-11-16 19:41:29,383] [util.py:174]               [DEBUG]    | 2 posters found:                                                                                   |
[2022-11-16 19:41:29,384] [util.py:176]               [DEBUG]    | Method: url_poster Poster: https://theposterdb.com/api/assets/213141                               |
[2022-11-16 19:41:29,384] [util.py:176]               [DEBUG]    | Method: asset_directory Poster: {'attribute': 'asset_directory', 'location': '/config/Kids_Movies/Assets/Documentary/poster.png', 'prefix': "Documentary's ", 'is_poster': True, 'is_url': False, 'compare': 2571721, 'message': "Documentary's poster to [File] /config/Kids_Movies/Assets/Documentary/poster.png"} |
[2022-11-16 19:41:29,385] [library.py:180]            [INFO]     | Detail: Documentary's poster update not needed                                                     |
[2022-11-16 19:41:29,395] [plex_meta_manager.py:736]  [INFO]     |                                                                                                    |
[2022-11-16 19:41:29,395] [plex_meta_manager.py:737]  [INFO]     |====================================================================================================|
[2022-11-16 19:41:29,396] [plex_meta_manager.py:737]  [INFO]     |                                  Finished Documentary Collection                                   |
[2022-11-16 19:41:29,396] [plex_meta_manager.py:737]  [INFO]     |                                    Collection Run Time: 0:00:01                                    |
[2022-11-16 19:41:29,396] [plex_meta_manager.py:737]  [INFO]     |====================================================================================================|
