[2022-11-17 08:56:15,130] [builder.py:193]            [INFO]     |====================================================================================================|
[2022-11-17 08:56:15,131] [builder.py:193]            [INFO]     |                             10's Movies Collection in Christmas Movies                             |
[2022-11-17 08:56:15,131] [builder.py:193]            [INFO]     |====================================================================================================|
[2022-11-17 08:56:15,132] [builder.py:194]            [INFO]     |                                                                                                    |
[2022-11-17 08:56:15,132] [builder.py:199]            [INFO]     |================================ Building Definition From Templates ================================|
[2022-11-17 08:56:15,133] [builder.py:223]            [INFO]     |================================ Validating 10's Movies Attributes =================================|
[2022-11-17 08:56:15,133] [builder.py:613]            [DEBUG]    |                                                                                                    |
[2022-11-17 08:56:15,133] [builder.py:614]            [DEBUG]    | Validating Method: collection_order                                                                |
[2022-11-17 08:56:15,134] [builder.py:615]            [DEBUG]    | Value: alpha                                                                                       |
[2022-11-17 08:56:15,134] [builder.py:646]            [DEBUG]    |                                                                                                    |
[2022-11-17 08:56:15,134] [builder.py:650]            [DEBUG]    | Validating Method: plex_search                                                                     |
[2022-11-17 08:56:15,134] [builder.py:651]            [DEBUG]    | Value: ordereddict([('decade', 2010)])                                                             |
[2022-11-17 08:56:15,135] [builder.py:646]            [DEBUG]    |                                                                                                    |
[2022-11-17 08:56:15,135] [builder.py:650]            [DEBUG]    | Validating Method: sort_title                                                                      |
[2022-11-17 08:56:15,135] [builder.py:651]            [DEBUG]    | Value: +++_Decade                                                                                  |
[2022-11-17 08:56:17,480] [builder.py:814]            [INFO]     |                                                                                                    |
[2022-11-17 08:56:17,481] [builder.py:815]            [INFO]     | Validation Successful                                                                              |
[2022-11-17 08:56:17,481] [plex_meta_manager.py:594]  [INFO]     |                                                                                                    |
[2022-11-17 08:56:17,481] [plex_meta_manager.py:596]  [INFO]     |================================== Running 10's Movies Collection ==================================|
[2022-11-17 08:56:17,483] [plex_meta_manager.py:608]  [INFO]     |                                                                                                    |
[2022-11-17 08:56:17,483] [plex_meta_manager.py:609]  [INFO]     | Sync Mode: append                                                                                  |
[2022-11-17 08:56:17,483] [plex_meta_manager.py:612]  [DEBUG]    |                                                                                                    |
[2022-11-17 08:56:17,483] [plex_meta_manager.py:613]  [DEBUG]    | Builder: plex_search: (1, "Plex Movie Search\nSort By: ['title.asc']\nFilter:\n  Match all of the following:\n    Match any of the following:\n      Decade is 2010", '?type=1&sort=titleSort&push=1&decade=2010&pop=1') |
[2022-11-17 08:56:17,483] [plex_meta_manager.py:614]  [INFO]     |                                                                                                    |
[2022-11-17 08:56:17,483] [plex.py:924]               [INFO]     | Processing Plex Movie Search                                                                       |
                                                                 | Sort By: ['title.asc']
                                                                 | Filter:
                                                                 |   Match all of the following:
                                                                 |     Match any of the following:
                                                                 |       Decade is 2010
[2022-11-17 08:56:19,616] [builder.py:1574]           [DEBUG]    | 
[2022-11-17 08:56:19,618] [builder.py:1575]           [DEBUG]    | 433 IDs Found
[2022-11-17 08:56:19,619] [builder.py:1577]           [DEBUG]    | 
[2022-11-17 08:56:19,999] [builder.py:2158]           [INFO]     | 
[2022-11-17 08:56:20,006] [builder.py:2159]           [INFO]     |================================= Adding to 10's Movies Collection =================================|
[2022-11-17 08:56:20,016] [builder.py:2160]           [INFO]     |                                                                                                    |
[2022-11-17 08:56:20,020] [builder.py:2174]           [INFO]     |   1/433 | 10's Movies Collection | = | 2nd Chance for Christmas (2019)                             |
[2022-11-17 08:56:20,020] [builder.py:2174]           [INFO]     |   2/433 | 10's Movies Collection | = | 3 Bears Christmas (2019)                                    |
[2022-11-17 08:56:20,021] [builder.py:2174]           [INFO]     |   3/433 | 10's Movies Collection | = | 3 Holiday Tails (2011)                                      |
[2022-11-17 08:56:20,021] [builder.py:2174]           [INFO]     |   4/433 | 10's Movies Collection | = | 12 Dates of Christmas (2011)                                |
[2022-11-17 08:56:20,022] [builder.py:2174]           [INFO]     |   5/433 | 10's Movies Collection | = | 12 Days of Giving (2017)                                    |
[2022-11-17 08:56:20,022] [builder.py:2174]           [INFO]     |   6/433 | 10's Movies Collection | = | The 12 Disasters of Christmas (2012)                        |
[2022-11-17 08:56:20,023] [builder.py:2174]           [INFO]     |   7/433 | 10's Movies Collection | = | 12 Dog Days Till Christmas (2014)                           |
[2022-11-17 08:56:20,023] [builder.py:2174]           [INFO]     |   8/433 | 10's Movies Collection | = | 12 Dogs of Christmas: Great Puppy Rescue (2012)             |
[2022-11-17 08:56:20,023] [builder.py:2174]           [INFO]     |   9/433 | 10's Movies Collection | = | 12 Gifts of Christmas (2015)                                |
[2022-11-17 08:56:20,023] [builder.py:2174]           [INFO]     |  10/433 | 10's Movies Collection | = | 12 Wishes of Christmas (2011)                               |
[2022-11-17 08:56:20,024] [builder.py:2174]           [INFO]     |  11/433 | 10's Movies Collection | = | 48 Christmas Wishes (2017)                                  |
[2022-11-17 08:56:20,024] [builder.py:2174]           [INFO]     |  12/433 | 10's Movies Collection | = | All About Christmas Eve (2012)                              |
[2022-11-17 08:56:20,024] [builder.py:2174]           [INFO]     |  13/433 | 10's Movies Collection | = | All American Christmas Carol (2013)                         |
[2022-11-17 08:56:20,024] [builder.py:2174]           [INFO]     |  14/433 | 10's Movies Collection | = | All I Want for Christmas (2013)                             |
[2022-11-17 08:56:20,025] [builder.py:2174]           [INFO]     |  15/433 | 10's Movies Collection | = | All I Want for Christmas Is You (2017)                      |
[2022-11-17 08:56:20,025] [builder.py:2174]           [INFO]     |  16/433 | 10's Movies Collection | = | All I Want Is Christmas (2012)                              |
[2022-11-17 08:56:20,026] [builder.py:2174]           [INFO]     |  17/433 | 10's Movies Collection | = | Almost Christmas (2016)                                     |
[2022-11-17 08:56:20,026] [builder.py:2174]           [INFO]     |  18/433 | 10's Movies Collection | = | Alone for Christmas (2013)                                  |
[2022-11-17 08:56:20,027] [builder.py:2174]           [INFO]     |  19/433 | 10's Movies Collection | = | Always and Forever Christmas (2019)                         |
[2022-11-17 08:56:20,027] [builder.py:2174]           [INFO]     |  20/433 | 10's Movies Collection | = | Angel of Christmas (2015)                                   |
[2022-11-17 08:56:20,028] [builder.py:2174]           [INFO]     |  21/433 | 10's Movies Collection | = | Angela's Christmas (2017)                                   |
[2022-11-17 08:56:20,029] [builder.py:2174]           [INFO]     |  22/433 | 10's Movies Collection | = | Annie Claus Is Coming to Town (2011)                        |
[2022-11-17 08:56:20,029] [builder.py:2174]           [INFO]     |  23/433 | 10's Movies Collection | = | Arthur Christmas (2011)                                     |
[2022-11-17 08:56:20,030] [builder.py:2174]           [INFO]     |  24/433 | 10's Movies Collection | = | Baby's First Christmas (2012)                               |
[2022-11-17 08:56:20,030] [builder.py:2174]           [INFO]     |  25/433 | 10's Movies Collection | = | Bad Moms (2016)                                             |
[2022-11-17 08:56:20,031] [builder.py:2174]           [INFO]     |  26/433 | 10's Movies Collection | = | A Bad Moms Christmas (2017)                                 |
[2022-11-17 08:56:20,034] [builder.py:2174]           [INFO]     |  27/433 | 10's Movies Collection | = | Bad Santa 2 (2016)                                          |
[2022-11-17 08:56:20,034] [builder.py:2174]           [INFO]     |  28/433 | 10's Movies Collection | = | Barbie: A Perfect Christmas (2011)                          |
[2022-11-17 08:56:20,035] [builder.py:2174]           [INFO]     |  29/433 | 10's Movies Collection | = | Beethoven's Christmas Adventure (2011)                      |
[2022-11-17 08:56:20,036] [builder.py:2174]           [INFO]     |  30/433 | 10's Movies Collection | = | A Belle for Christmas (2014)                                |
[2022-11-17 08:56:20,037] [builder.py:2174]           [INFO]     |  31/433 | 10's Movies Collection | = | Black Christmas (2019)                                      |
[2022-11-17 08:56:20,038] [builder.py:2174]           [INFO]     |  32/433 | 10's Movies Collection | = | A Blue Ridge Mountain Christmas (2019)                      |
[2022-11-17 08:56:20,039] [builder.py:2174]           [INFO]     |  33/433 | 10's Movies Collection | = | The Borrowed Christmas (2014)                               |
[2022-11-17 08:56:20,040] [builder.py:2174]           [INFO]     |  34/433 | 10's Movies Collection | = | A Bride for Christmas (2012)                                |
[2022-11-17 08:56:20,041] [builder.py:2174]           [INFO]     |  35/433 | 10's Movies Collection | = | Broadcasting Christmas (2016)                               |
[2022-11-17 08:56:20,043] [builder.py:2174]           [INFO]     |  36/433 | 10's Movies Collection | = | A Bulldog for Christmas (2013)                              |
[2022-11-17 08:56:20,044] [builder.py:2174]           [INFO]     |  37/433 | 10's Movies Collection | = | A Cadaver Christmas (2011)                                  |
[2022-11-17 08:56:20,045] [builder.py:2174]           [INFO]     |  38/433 | 10's Movies Collection | = | El Camino Christmas (2017)                                  |
[2022-11-17 08:56:20,046] [builder.py:2174]           [INFO]     |  39/433 | 10's Movies Collection | = | The Cat in the Hat Knows a Lot About Christmas! (2012)      |
[2022-11-17 08:56:20,048] [builder.py:2174]           [INFO]     |  40/433 | 10's Movies Collection | = | Catch a Christmas Star (2013)                               |
[2022-11-17 08:56:20,049] [builder.py:2174]           [INFO]     |  41/433 | 10's Movies Collection | = | Chandler Christmas Getaway (2018)                           |
[2022-11-17 08:56:20,049] [builder.py:2174]           [INFO]     |  42/433 | 10's Movies Collection | = | Charming Christmas (2015)                                   |
[2022-11-17 08:56:20,051] [builder.py:2174]           [INFO]     |  43/433 | 10's Movies Collection | = | Check Inn to Christmas (2019)                               |
[2022-11-17 08:56:20,052] [builder.py:2174]           [INFO]     |  44/433 | 10's Movies Collection | = | Cherished Memories: A Gift to Remember 2 (2019)             |
[2022-11-17 08:56:20,053] [builder.py:2174]           [INFO]     |  45/433 | 10's Movies Collection | = | Christmas 9 to 5 (2019)                                     |
[2022-11-17 08:56:20,053] [builder.py:2174]           [INFO]     |  46/433 | 10's Movies Collection | = | Christmas a la Mode (2019)                                  |
[2022-11-17 08:56:20,054] [builder.py:2174]           [INFO]     |  47/433 | 10's Movies Collection | = | Christmas Angel (2013)                                      |
[2022-11-17 08:56:20,055] [builder.py:2174]           [INFO]     |  48/433 | 10's Movies Collection | = | The Christmas Apron (2018)                                  |
[2022-11-17 08:56:20,056] [builder.py:2174]           [INFO]     |  49/433 | 10's Movies Collection | = | A Christmas Arrangement (2018)                              |
[2022-11-17 08:56:20,058] [builder.py:2174]           [INFO]     |  50/433 | 10's Movies Collection | = | Christmas at Cartwright's (2014)                            |
[2022-11-17 08:56:20,058] [builder.py:2174]           [INFO]     |  51/433 | 10's Movies Collection | = | Christmas at Graceland (2018)                               |
[2022-11-17 08:56:20,060] [builder.py:2174]           [INFO]     |  52/433 | 10's Movies Collection | = | Christmas at Grand Valley (2018)                            |
[2022-11-17 08:56:20,061] [builder.py:2174]           [INFO]     |  53/433 | 10's Movies Collection | = | Christmas at Holly Lodge (2017)                             |
[2022-11-17 08:56:20,062] [builder.py:2174]           [INFO]     |  54/433 | 10's Movies Collection | = | Christmas at Pemberley Manor (2018)                         |
[2022-11-17 08:56:20,063] [builder.py:2174]           [INFO]     |  55/433 | 10's Movies Collection | = | Christmas at the Palace (2018)                              |
[2022-11-17 08:56:20,064] [builder.py:2174]           [INFO]     |  56/433 | 10's Movies Collection | = | Christmas at the Plaza (2019)                               |
[2022-11-17 08:56:20,066] [builder.py:2174]           [INFO]     |  57/433 | 10's Movies Collection | = | Christmas Belle (2013)                                      |
[2022-11-17 08:56:20,068] [builder.py:2174]           [INFO]     |  58/433 | 10's Movies Collection | = | Christmas Bells Are Ringing (2018)                          |
[2022-11-17 08:56:20,070] [builder.py:2174]           [INFO]     |  59/433 | 10's Movies Collection | = | Christmas Bounty (2013)                                     |
[2022-11-17 08:56:20,071] [builder.py:2174]           [INFO]     |  60/433 | 10's Movies Collection | = | Christmas Break-In (2019)                                   |
[2022-11-17 08:56:20,073] [builder.py:2174]           [INFO]     |  61/433 | 10's Movies Collection | = | The Christmas Bunny (2010)                                  |
[2022-11-17 08:56:20,074] [builder.py:2174]           [INFO]     |  62/433 | 10's Movies Collection | = | The Christmas Cabin (2019)                                  |
[2022-11-17 08:56:20,076] [builder.py:2174]           [INFO]     |  63/433 | 10's Movies Collection | = | The Christmas Calendar (2017)                               |
[2022-11-17 08:56:20,077] [builder.py:2174]           [INFO]     |  64/433 | 10's Movies Collection | = | The Christmas Candle (2013)                                 |
[2022-11-17 08:56:20,078] [builder.py:2174]           [INFO]     |  65/433 | 10's Movies Collection | = | A Christmas Carol (2019)                                    |
[2022-11-17 08:56:20,080] [builder.py:2174]           [INFO]     |  66/433 | 10's Movies Collection | = | A Christmas Carol (2018)                                    |
[2022-11-17 08:56:20,081] [builder.py:2174]           [INFO]     |  67/433 | 10's Movies Collection | = | Christmas Catch (2018)                                      |
[2022-11-17 08:56:20,082] [builder.py:2174]           [INFO]     |  68/433 | 10's Movies Collection | = | The Christmas Chronicles (2018)                             |
[2022-11-17 08:56:20,083] [builder.py:2174]           [INFO]     |  69/433 | 10's Movies Collection | = | The Christmas Club (2019)                                   |
[2022-11-17 08:56:20,086] [builder.py:2174]           [INFO]     |  70/433 | 10's Movies Collection | = | The Christmas Colt (2013)                                   |
[2022-11-17 08:56:20,088] [builder.py:2174]           [INFO]     |  71/433 | 10's Movies Collection | = | Christmas Connection (2017)                                 |
[2022-11-17 08:56:20,089] [builder.py:2174]           [INFO]     |  72/433 | 10's Movies Collection | = | The Christmas Contract (2018)                               |
[2022-11-17 08:56:20,091] [builder.py:2174]           [INFO]     |  73/433 | 10's Movies Collection | = | Christmas Cookies (2016)                                    |
[2022-11-17 08:56:20,092] [builder.py:2174]           [INFO]     |  74/433 | 10's Movies Collection | = | The Christmas Cottage (2017)                                |
[2022-11-17 08:56:20,094] [builder.py:2174]           [INFO]     |  75/433 | 10's Movies Collection | = | Christmas Coupon (2019)                                     |
[2022-11-17 08:56:20,095] [builder.py:2174]           [INFO]     |  76/433 | 10's Movies Collection | = | A Christmas Cruise (2017)                                   |
[2022-11-17 08:56:20,096] [builder.py:2174]           [INFO]     |  77/433 | 10's Movies Collection | = | A Christmas Crush (2019)                                    |
[2022-11-17 08:56:20,098] [builder.py:2174]           [INFO]     |  78/433 | 10's Movies Collection | = | The Christmas Cure (2017)                                   |
[2022-11-17 08:56:20,100] [builder.py:2174]           [INFO]     |  79/433 | 10's Movies Collection | = | The Christmas Dragon (2014)                                 |
[2022-11-17 08:56:20,101] [builder.py:2174]           [INFO]     |  80/433 | 10's Movies Collection | = | A Christmas Duet (2019)                                     |
[2022-11-17 08:56:20,103] [builder.py:2174]           [INFO]     |  81/433 | 10's Movies Collection | = | Christmas Encore (2017)                                     |
[2022-11-17 08:56:20,105] [builder.py:2174]           [INFO]     |  82/433 | 10's Movies Collection | = | Christmas Eve (2015)                                        |
[2022-11-17 08:56:20,106] [builder.py:2174]           [INFO]     |  83/433 | 10's Movies Collection | = | A Christmas Eve Miracle (2015)                              |
[2022-11-17 08:56:20,108] [builder.py:2174]           [INFO]     |  84/433 | 10's Movies Collection | = | Christmas Everlasting (2018)                                |
[2022-11-17 08:56:20,109] [builder.py:2174]           [INFO]     |  85/433 | 10's Movies Collection | = | Christmas Festival of Ice (2017)                            |
[2022-11-17 08:56:20,111] [builder.py:2174]           [INFO]     |  86/433 | 10's Movies Collection | = | Christmas for a Dollar (2013)                               |
[2022-11-17 08:56:20,113] [builder.py:2174]           [INFO]     |  87/433 | 10's Movies Collection | = | A Christmas for the Books (2018)                            |
[2022-11-17 08:56:20,114] [builder.py:2174]           [INFO]     |  88/433 | 10's Movies Collection | = | Christmas Getaway (2017)                                    |
[2022-11-17 08:56:20,116] [builder.py:2174]           [INFO]     |  89/433 | 10's Movies Collection | = | The Christmas Gift (2015)                                   |
[2022-11-17 08:56:20,117] [builder.py:2174]           [INFO]     |  90/433 | 10's Movies Collection | = | Christmas Harmony (2018)                                    |
[2022-11-17 08:56:20,118] [builder.py:2174]           [INFO]     |  91/433 | 10's Movies Collection | = | Christmas Homecoming (2017)                                 |
[2022-11-17 08:56:20,120] [builder.py:2174]           [INFO]     |  92/433 | 10's Movies Collection | = | A Christmas Horror Story (2015)                             |
[2022-11-17 08:56:20,122] [builder.py:2174]           [INFO]     |  93/433 | 10's Movies Collection | = | Christmas Icetastrophe (2014)                               |
[2022-11-17 08:56:20,123] [builder.py:2174]           [INFO]     |  94/433 | 10's Movies Collection | = | Christmas in Angel Falls (2018)                             |
[2022-11-17 08:56:20,125] [builder.py:2174]           [INFO]     |  95/433 | 10's Movies Collection | = | Christmas in Conway (2013)                                  |
[2022-11-17 08:56:20,127] [builder.py:2174]           [INFO]     |  96/433 | 10's Movies Collection | = | Christmas in Evergreen (2017)                               |
[2022-11-17 08:56:20,128] [builder.py:2174]           [INFO]     |  97/433 | 10's Movies Collection | = | Christmas in Evergreen: Letters to Santa (2018)             |
[2022-11-17 08:56:20,130] [builder.py:2174]           [INFO]     |  98/433 | 10's Movies Collection | = | Christmas in Evergreen: Tidings of Joy (2019)               |
[2022-11-17 08:56:20,131] [builder.py:2174]           [INFO]     |  99/433 | 10's Movies Collection | = | Christmas in Homestead (2016)                               |
[2022-11-17 08:56:20,133] [builder.py:2174]           [INFO]     | 100/433 | 10's Movies Collection | = | Christmas in Love (2018)                                    |
[2022-11-17 08:56:20,134] [builder.py:2174]           [INFO]     | 101/433 | 10's Movies Collection | = | Christmas in Mississippi (2017)                             |
[2022-11-17 08:56:20,135] [builder.py:2174]           [INFO]     | 102/433 | 10's Movies Collection | = | Christmas in Montana (2019)                                 |
[2022-11-17 08:56:20,137] [builder.py:2174]           [INFO]     | 103/433 | 10's Movies Collection | = | Christmas in Paris (2019)                                   |
[2022-11-17 08:56:20,138] [builder.py:2174]           [INFO]     | 104/433 | 10's Movies Collection | = | A Christmas in Royal Fashion (2018)                         |
[2022-11-17 08:56:20,140] [builder.py:2174]           [INFO]     | 105/433 | 10's Movies Collection | = | A Christmas in Tennessee (2018)                             |
[2022-11-17 08:56:20,141] [builder.py:2174]           [INFO]     | 106/433 | 10's Movies Collection | = | Christmas in the Air (2017)                                 |
[2022-11-17 08:56:20,143] [builder.py:2174]           [INFO]     | 107/433 | 10's Movies Collection | = | Christmas in the City (2013)                                |
[2022-11-17 08:56:20,144] [builder.py:2174]           [INFO]     | 108/433 | 10's Movies Collection | = | Christmas in the Highlands (2019)                           |
[2022-11-17 08:56:20,146] [builder.py:2174]           [INFO]     | 109/433 | 10's Movies Collection | = | A Christmas in Vermont (2016)                               |
[2022-11-17 08:56:20,148] [builder.py:2174]           [INFO]     | 110/433 | 10's Movies Collection | = | Christmas Inheritance (2017)                                |
[2022-11-17 08:56:20,150] [builder.py:2174]           [INFO]     | 111/433 | 10's Movies Collection | = | Christmas Jars (2019)                                       |
[2022-11-17 08:56:20,152] [builder.py:2174]           [INFO]     | 112/433 | 10's Movies Collection | = | Christmas Joy (2018)                                        |
[2022-11-17 08:56:20,153] [builder.py:2174]           [INFO]     | 113/433 | 10's Movies Collection | = | A Christmas Kiss II (2014)                                  |
[2022-11-17 08:56:20,155] [builder.py:2174]           [INFO]     | 114/433 | 10's Movies Collection | = | Christmas Land (2015)                                       |
[2022-11-17 08:56:20,156] [builder.py:2174]           [INFO]     | 115/433 | 10's Movies Collection | = | Christmas List (2016)                                       |
[2022-11-17 08:56:20,158] [builder.py:2174]           [INFO]     | 116/433 | 10's Movies Collection | = | Christmas Lodge (2011)                                      |
[2022-11-17 08:56:20,160] [builder.py:2174]           [INFO]     | 117/433 | 10's Movies Collection | = | Christmas Lost and Found (2018)                             |
[2022-11-17 08:56:20,161] [builder.py:2174]           [INFO]     | 118/433 | 10's Movies Collection | = | Christmas Love Letter (2019)                                |
[2022-11-17 08:56:20,163] [builder.py:2174]           [INFO]     | 119/433 | 10's Movies Collection | = | A Christmas Love Story (2019)                               |
[2022-11-17 08:56:20,165] [builder.py:2174]           [INFO]     | 120/433 | 10's Movies Collection | = | Christmas Made to Order (2018)                              |
[2022-11-17 08:56:20,167] [builder.py:2174]           [INFO]     | 121/433 | 10's Movies Collection | = | Christmas Magic (2011)                                      |
[2022-11-17 08:56:20,168] [builder.py:2174]           [INFO]     | 122/433 | 10's Movies Collection | = | Christmas Mail (2010)                                       |
[2022-11-17 08:56:20,170] [builder.py:2174]           [INFO]     | 123/433 | 10's Movies Collection | = | Christmas Matchmakers (2019)                                |
[2022-11-17 08:56:20,172] [builder.py:2174]           [INFO]     | 124/433 | 10's Movies Collection | = | A Christmas Melody (2015)                                   |
[2022-11-17 08:56:20,173] [builder.py:2174]           [INFO]     | 125/433 | 10's Movies Collection | = | Christmas Miracle (2012)                                    |
[2022-11-17 08:56:20,175] [builder.py:2174]           [INFO]     | 126/433 | 10's Movies Collection | = | A Christmas Miracle (2019)                                  |
[2022-11-17 08:56:20,177] [builder.py:2174]           [INFO]     | 127/433 | 10's Movies Collection | = | A Christmas Movie Christmas (2019)                          |
[2022-11-17 08:56:20,179] [builder.py:2174]           [INFO]     | 128/433 | 10's Movies Collection | = | Christmas Next Door (2017)                                  |
[2022-11-17 08:56:20,180] [builder.py:2174]           [INFO]     | 129/433 | 10's Movies Collection | = | The Christmas Note (2015)                                   |
[2022-11-17 08:56:20,182] [builder.py:2174]           [INFO]     | 130/433 | 10's Movies Collection | = | Christmas on Holly Lane (2018)                              |
[2022-11-17 08:56:20,184] [builder.py:2174]           [INFO]     | 131/433 | 10's Movies Collection | = | Christmas on Honeysuckle Lane (2018)                        |
[2022-11-17 08:56:20,186] [builder.py:2174]           [INFO]     | 132/433 | 10's Movies Collection | = | Christmas on My Mind (2019)                                 |
[2022-11-17 08:56:20,187] [builder.py:2174]           [INFO]     | 133/433 | 10's Movies Collection | = | Christmas on the Bayou (2013)                               |
[2022-11-17 08:56:20,189] [builder.py:2174]           [INFO]     | 134/433 | 10's Movies Collection | = | Christmas on the Coast (2018)                               |
[2022-11-17 08:56:20,191] [builder.py:2174]           [INFO]     | 135/433 | 10's Movies Collection | = | Christmas on the Range (2019)                               |
[2022-11-17 08:56:20,193] [builder.py:2174]           [INFO]     | 136/433 | 10's Movies Collection | = | Christmas Oranges (2012)                                    |
[2022-11-17 08:56:20,194] [builder.py:2174]           [INFO]     | 137/433 | 10's Movies Collection | = | The Christmas Ornament (2013)                               |
[2022-11-17 08:56:20,196] [builder.py:2174]           [INFO]     | 138/433 | 10's Movies Collection | = | The Christmas Pact (2018)                                   |
[2022-11-17 08:56:20,198] [builder.py:2174]           [INFO]     | 139/433 | 10's Movies Collection | = | The Christmas Parade (2014)                                 |
[2022-11-17 08:56:20,200] [builder.py:2174]           [INFO]     | 140/433 | 10's Movies Collection | = | Christmas Pen Pals (2018)                                   |
[2022-11-17 08:56:20,202] [builder.py:2174]           [INFO]     | 141/433 | 10's Movies Collection | = | Christmas Perfection (2018)                                 |
[2022-11-17 08:56:20,203] [builder.py:2174]           [INFO]     | 142/433 | 10's Movies Collection | = | A Christmas Prince (2017)                                   |
[2022-11-17 08:56:20,205] [builder.py:2174]           [INFO]     | 143/433 | 10's Movies Collection | = | A Christmas Prince: The Royal Baby (2019)                   |
[2022-11-17 08:56:20,207] [builder.py:2174]           [INFO]     | 144/433 | 10's Movies Collection | = | A Christmas Prince: The Royal Wedding (2018)                |
[2022-11-17 08:56:20,209] [builder.py:2174]           [INFO]     | 145/433 | 10's Movies Collection | = | Christmas Princess (2017)                                   |
[2022-11-17 08:56:20,210] [builder.py:2174]           [INFO]     | 146/433 | 10's Movies Collection | = | A Christmas Princess (2019)                                 |
[2022-11-17 08:56:20,212] [builder.py:2174]           [INFO]     | 147/433 | 10's Movies Collection | = | The Christmas Project (2016)                                |
[2022-11-17 08:56:20,214] [builder.py:2174]           [INFO]     | 148/433 | 10's Movies Collection | = | Christmas Ranch (2016)                                      |
[2022-11-17 08:56:20,216] [builder.py:2174]           [INFO]     | 149/433 | 10's Movies Collection | = | A Christmas Recipe for Romance (2019)                       |
[2022-11-17 08:56:20,218] [builder.py:2174]           [INFO]     | 150/433 | 10's Movies Collection | = | Christmas Reservations (2019)                               |
[2022-11-17 08:56:20,219] [builder.py:2174]           [INFO]     | 151/433 | 10's Movies Collection | = | The Christmas Reunion (2016)                                |
[2022-11-17 08:56:20,221] [builder.py:2174]           [INFO]     | 152/433 | 10's Movies Collection | = | The Christmas Secret (2014)                                 |
[2022-11-17 08:56:20,222] [builder.py:2174]           [INFO]     | 153/433 | 10's Movies Collection | = | The Christmas Shepherd (2014)                               |
[2022-11-17 08:56:20,224] [builder.py:2174]           [INFO]     | 154/433 | 10's Movies Collection | = | A Christmas Snow (2010)                                     |
[2022-11-17 08:56:20,225] [builder.py:2174]           [INFO]     | 155/433 | 10's Movies Collection | = | A Christmas Solo (2017)                                     |
[2022-11-17 08:56:20,226] [builder.py:2174]           [INFO]     | 156/433 | 10's Movies Collection | = | Christmas Song (2014)                                       |
[2022-11-17 08:56:20,228] [builder.py:2174]           [INFO]     | 157/433 | 10's Movies Collection | = | Christmas Spirit (2012)                                     |
[2022-11-17 08:56:20,229] [builder.py:2174]           [INFO]     | 158/433 | 10's Movies Collection | = | The Christmas Spirit (2013)                                 |
[2022-11-17 08:56:20,230] [builder.py:2174]           [INFO]     | 159/433 | 10's Movies Collection | = | A Christmas Star (2015)                                     |
[2022-11-17 08:56:20,232] [builder.py:2174]           [INFO]     | 160/433 | 10's Movies Collection | = | A Christmas Story 2 (2012)                                  |
[2022-11-17 08:56:20,233] [builder.py:2174]           [INFO]     | 161/433 | 10's Movies Collection | = | A Christmas Story Live! (2017)                              |
[2022-11-17 08:56:20,234] [builder.py:2174]           [INFO]     | 162/433 | 10's Movies Collection | = | Christmas Survival (2018)                                   |
[2022-11-17 08:56:20,236] [builder.py:2174]           [INFO]     | 163/433 | 10's Movies Collection | = | The Christmas Swap (2016)                                   |
[2022-11-17 08:56:20,237] [builder.py:2174]           [INFO]     | 164/433 | 10's Movies Collection | = | The Christmas Switch (2014)                                 |
[2022-11-17 08:56:20,238] [builder.py:2174]           [INFO]     | 165/433 | 10's Movies Collection | = | A Christmas Switch (2018)                                   |
[2022-11-17 08:56:20,242] [builder.py:2174]           [INFO]     | 166/433 | 10's Movies Collection | = | A Christmas to Remember (2016)                              |
[2022-11-17 08:56:20,243] [builder.py:2174]           [INFO]     | 167/433 | 10's Movies Collection | = | Christmas Town (2019)                                       |
[2022-11-17 08:56:20,245] [builder.py:2174]           [INFO]     | 168/433 | 10's Movies Collection | = | The Christmas Train (2017)                                  |
[2022-11-17 08:56:20,246] [builder.py:2174]           [INFO]     | 169/433 | 10's Movies Collection | = | The Christmas Trap (2017)                                   |
[2022-11-17 08:56:20,247] [builder.py:2174]           [INFO]     | 170/433 | 10's Movies Collection | = | A Christmas Tree Miracle (2013)                             |
[2022-11-17 08:56:20,248] [builder.py:2174]           [INFO]     | 171/433 | 10's Movies Collection | = | Christmas Under the Stars (2019)                            |
[2022-11-17 08:56:20,250] [builder.py:2174]           [INFO]     | 172/433 | 10's Movies Collection | = | Christmas Under Wraps (2014)                                |
[2022-11-17 08:56:20,251] [builder.py:2174]           [INFO]     | 173/433 | 10's Movies Collection | = | A Christmas Wedding Date (2012)                             |
[2022-11-17 08:56:20,255] [builder.py:2174]           [INFO]     | 174/433 | 10's Movies Collection | = | Christmas Wedding Planner (2017)                            |
[2022-11-17 08:56:20,258] [builder.py:2174]           [INFO]     | 175/433 | 10's Movies Collection | = | Christmas Wedding Runaway (2019)                            |
[2022-11-17 08:56:20,260] [builder.py:2174]           [INFO]     | 176/433 | 10's Movies Collection | = | A Christmas Wedding Tail (2011)                             |
[2022-11-17 08:56:20,263] [builder.py:2174]           [INFO]     | 177/433 | 10's Movies Collection | = | A Christmas Winter Song (2019)                              |
[2022-11-17 08:56:20,268] [builder.py:2174]           [INFO]     | 178/433 | 10's Movies Collection | = | A Christmas Wish (2011)                                     |
[2022-11-17 08:56:20,270] [builder.py:2174]           [INFO]     | 179/433 | 10's Movies Collection | = | A Christmas Wish (2019)                                     |
[2022-11-17 08:56:20,273] [builder.py:2174]           [INFO]     | 180/433 | 10's Movies Collection | = | Christmas Wishes and Mistletoe Kisses (2019)                |
[2022-11-17 08:56:20,276] [builder.py:2174]           [INFO]     | 181/433 | 10's Movies Collection | = | Christmas with a Prince (2018)                              |
[2022-11-17 08:56:20,279] [builder.py:2174]           [INFO]     | 182/433 | 10's Movies Collection | = | Christmas with a Prince: Becoming Royal (2019)              |
[2022-11-17 08:56:20,281] [builder.py:2174]           [INFO]     | 183/433 | 10's Movies Collection | = | Christmas with a View (2018)                                |
[2022-11-17 08:56:20,284] [builder.py:2174]           [INFO]     | 184/433 | 10's Movies Collection | = | Christmas with Holly (2012)                                 |
[2022-11-17 08:56:20,286] [builder.py:2174]           [INFO]     | 185/433 | 10's Movies Collection | = | Christmas with the Andersons (2016)                         |
[2022-11-17 08:56:20,291] [builder.py:2174]           [INFO]     | 186/433 | 10's Movies Collection | = | Christmas with Tucker (2014)                                |
[2022-11-17 08:56:20,294] [builder.py:2174]           [INFO]     | 187/433 | 10's Movies Collection | = | Christmas Wonderland (2018)                                 |
[2022-11-17 08:56:20,297] [builder.py:2174]           [INFO]     | 188/433 | 10's Movies Collection | = | Christmas, Again (2014)                                     |
[2022-11-17 08:56:20,299] [builder.py:2174]           [INFO]     | 189/433 | 10's Movies Collection | = | A Cinderella Christmas (2016)                               |
[2022-11-17 08:56:20,300] [builder.py:2174]           [INFO]     | 190/433 | 10's Movies Collection | = | A Cinderella Story: Christmas Wish (2019)                   |
[2022-11-17 08:56:20,302] [builder.py:2174]           [INFO]     | 191/433 | 10's Movies Collection | = | A Cinderella Story: If the Shoe Fits (2016)                 |
[2022-11-17 08:56:20,311] [builder.py:2174]           [INFO]     | 192/433 | 10's Movies Collection | = | A Cinderella Story: Once Upon a Song (2011)                 |
[2022-11-17 08:56:20,317] [builder.py:2174]           [INFO]     | 193/433 | 10's Movies Collection | = | Click & Collect (2018)                                      |
[2022-11-17 08:56:20,319] [builder.py:2174]           [INFO]     | 194/433 | 10's Movies Collection | = | Coming Home for Christmas (2014)                            |
[2022-11-17 08:56:20,322] [builder.py:2174]           [INFO]     | 195/433 | 10's Movies Collection | = | Coming Home for Christmas (2017)                            |
[2022-11-17 08:56:20,325] [builder.py:2174]           [INFO]     | 196/433 | 10's Movies Collection | = | A Cookie Cutter Christmas (2014)                            |
[2022-11-17 08:56:20,327] [builder.py:2174]           [INFO]     | 197/433 | 10's Movies Collection | = | Crown for Christmas (2015)                                  |
[2022-11-17 08:56:20,329] [builder.py:2174]           [INFO]     | 198/433 | 10's Movies Collection | = | Cunk on Christmas (2016)                                    |
[2022-11-17 08:56:20,332] [builder.py:2174]           [INFO]     | 199/433 | 10's Movies Collection | = | Dear Santa (2011)                                           |
[2022-11-17 08:56:20,335] [builder.py:2174]           [INFO]     | 200/433 | 10's Movies Collection | = | A December Bride (2016)                                     |
[2022-11-17 08:56:20,339] [builder.py:2174]           [INFO]     | 201/433 | 10's Movies Collection | = | Defending Santa (2013)                                      |
[2022-11-17 08:56:20,343] [builder.py:2174]           [INFO]     | 202/433 | 10's Movies Collection | = | Delivering Christmas (2017)                                 |
[2022-11-17 08:56:20,346] [builder.py:2174]           [INFO]     | 203/433 | 10's Movies Collection | = | A Detour for Christmas (2017)                               |
[2022-11-17 08:56:20,349] [builder.py:2174]           [INFO]     | 204/433 | 10's Movies Collection | = | A Dog for Christmas (2015)                                  |
[2022-11-17 08:56:20,352] [builder.py:2174]           [INFO]     | 205/433 | 10's Movies Collection | = | A Dogwalker's Christmas Tale (2015)                         |
[2022-11-17 08:56:20,355] [builder.py:2174]           [INFO]     | 206/433 | 10's Movies Collection | = | A Dream of Christmas (2016)                                 |
[2022-11-17 08:56:20,357] [builder.py:2174]           [INFO]     | 207/433 | 10's Movies Collection | = | Elf: Buddy's Musical Christmas (2014)                       |
[2022-11-17 08:56:20,361] [builder.py:2174]           [INFO]     | 208/433 | 10's Movies Collection | = | An Elf's Story: The Elf on the Shelf (2011)                 |
[2022-11-17 08:56:20,363] [builder.py:2174]           [INFO]     | 209/433 | 10's Movies Collection | = | Elliot the Littlest Reindeer (2018)                         |
[2022-11-17 08:56:20,366] [builder.py:2174]           [INFO]     | 210/433 | 10's Movies Collection | = | An Enchanted (2019)                                         |
[2022-11-17 08:56:20,370] [builder.py:2174]           [INFO]     | 211/433 | 10's Movies Collection | = | Enchanted Animals: A Chihuahua to the Rescue (2018)         |
[2022-11-17 08:56:20,372] [builder.py:2174]           [INFO]     | 212/433 | 10's Movies Collection | = | Enchanted Christmas (2017)                                  |
[2022-11-17 08:56:20,376] [builder.py:2174]           [INFO]     | 213/433 | 10's Movies Collection | = | The Engagement Clause (2016)                                |
[2022-11-17 08:56:20,380] [builder.py:2174]           [INFO]     | 214/433 | 10's Movies Collection | = | Engaging Father Christmas (2017)                            |
[2022-11-17 08:56:20,384] [builder.py:2174]           [INFO]     | 215/433 | 10's Movies Collection | = | An Evergreen Christmas (2014)                               |
[2022-11-17 08:56:20,388] [builder.py:2174]           [INFO]     | 216/433 | 10's Movies Collection | = | Every Christmas Has a Story (2016)                          |
[2022-11-17 08:56:20,390] [builder.py:2174]           [INFO]     | 217/433 | 10's Movies Collection | = | Every Day Is Christmas (2018)                               |
[2022-11-17 08:56:20,393] [builder.py:2174]           [INFO]     | 218/433 | 10's Movies Collection | = | A Fairly Odd Christmas (2013)                               |
[2022-11-17 08:56:20,397] [builder.py:2174]           [INFO]     | 219/433 | 10's Movies Collection | = | Faith Filled Christmas (2017)                               |
[2022-11-17 08:56:20,399] [builder.py:2174]           [INFO]     | 220/433 | 10's Movies Collection | = | A Family Christmas Gift (2019)                              |
[2022-11-17 08:56:20,401] [builder.py:2174]           [INFO]     | 221/433 | 10's Movies Collection | = | Family for Christmas (2015)                                 |
[2022-11-17 08:56:20,406] [builder.py:2174]           [INFO]     | 222/433 | 10's Movies Collection | = | Farewell Mr. Kringle (2010)                                 |
[2022-11-17 08:56:20,410] [builder.py:2174]           [INFO]     | 223/433 | 10's Movies Collection | = | Finding Christmas (2013)                                    |
[2022-11-17 08:56:20,412] [builder.py:2174]           [INFO]     | 224/433 | 10's Movies Collection | = | Finding Father Christmas (2016)                             |
[2022-11-17 08:56:20,416] [builder.py:2174]           [INFO]     | 225/433 | 10's Movies Collection | = | Finding Mrs. Claus (2012)                                   |
[2022-11-17 08:56:20,419] [builder.py:2174]           [INFO]     | 226/433 | 10's Movies Collection | = | Finding Santa (2017)                                        |
[2022-11-17 08:56:20,422] [builder.py:2174]           [INFO]     | 227/433 | 10's Movies Collection | = | A Firehouse Christmas (2016)                                |
[2022-11-17 08:56:20,426] [builder.py:2174]           [INFO]     | 228/433 | 10's Movies Collection | = | The Fitzgerald Family Christmas (2012)                      |
[2022-11-17 08:56:20,428] [builder.py:2174]           [INFO]     | 229/433 | 10's Movies Collection | = | The Flight Before Christmas (2015)                          |
[2022-11-17 08:56:20,434] [builder.py:2174]           [INFO]     | 230/433 | 10's Movies Collection | = | Forever Christmas (2018)                                    |
[2022-11-17 08:56:20,440] [builder.py:2174]           [INFO]     | 231/433 | 10's Movies Collection | = | Four Christmases and a Wedding (2017)                       |
[2022-11-17 08:56:20,443] [builder.py:2174]           [INFO]     | 232/433 | 10's Movies Collection | = | Free Rein: The Twelve Neighs of Christmas (2018)            |
[2022-11-17 08:56:20,449] [builder.py:2174]           [INFO]     | 233/433 | 10's Movies Collection | = | A Frozen Christmas (2016)                                   |
[2022-11-17 08:56:20,452] [builder.py:2174]           [INFO]     | 234/433 | 10's Movies Collection | = | A Frozen Christmas 2 (2017)                                 |
[2022-11-17 08:56:20,454] [builder.py:2174]           [INFO]     | 235/433 | 10's Movies Collection | = | A Frozen Christmas 3 (2018)                                 |
[2022-11-17 08:56:20,469] [builder.py:2174]           [INFO]     | 236/433 | 10's Movies Collection | = | Get Santa (2014)                                            |
[2022-11-17 08:56:20,472] [builder.py:2174]           [INFO]     | 237/433 | 10's Movies Collection | = | A Gift for Christmas (2017)                                 |
[2022-11-17 08:56:20,475] [builder.py:2174]           [INFO]     | 238/433 | 10's Movies Collection | = | A Gift Wrapped Christmas (2015)                             |
[2022-11-17 08:56:20,478] [builder.py:2174]           [INFO]     | 239/433 | 10's Movies Collection | = | Girlfriends of Christmas Past (2016)                        |
[2022-11-17 08:56:20,480] [builder.py:2174]           [INFO]     | 240/433 | 10's Movies Collection | = | A Godwink Christmas (2018)                                  |
[2022-11-17 08:56:20,483] [builder.py:2174]           [INFO]     | 241/433 | 10's Movies Collection | = | Golden Winter (2012)                                        |
[2022-11-17 08:56:20,486] [builder.py:2174]           [INFO]     | 242/433 | 10's Movies Collection | = | Good Luck Charlie, It's Christmas! (2011)                   |
[2022-11-17 08:56:20,490] [builder.py:2174]           [INFO]     | 243/433 | 10's Movies Collection | = | The Grinch (2018)                                           |
[2022-11-17 08:56:20,492] [builder.py:2174]           [INFO]     | 244/433 | 10's Movies Collection | = | Hallmark Channel's Christmas Concert (2019)                 |
[2022-11-17 08:56:20,497] [builder.py:2174]           [INFO]     | 245/433 | 10's Movies Collection | = | Happy Christmas (2014)                                      |
[2022-11-17 08:56:20,499] [builder.py:2174]           [INFO]     | 246/433 | 10's Movies Collection | = | Hats Off to Christmas! (2014)                               |
[2022-11-17 08:56:20,501] [builder.py:2174]           [INFO]     | 247/433 | 10's Movies Collection | = | A Heartland Christmas (2010)                                |
[2022-11-17 08:56:20,503] [builder.py:2174]           [INFO]     | 248/433 | 10's Movies Collection | = | Hearts of Christmas (2016)                                  |
[2022-11-17 08:56:20,505] [builder.py:2174]           [INFO]     | 249/433 | 10's Movies Collection | = | A Heavenly Christmas (2016)                                 |
[2022-11-17 08:56:20,507] [builder.py:2174]           [INFO]     | 250/433 | 10's Movies Collection | = | Hercules Saves Christmas (2011)                             |
[2022-11-17 08:56:20,509] [builder.py:2174]           [INFO]     | 251/433 | 10's Movies Collection | = | Hitched for the Holidays (2012)                             |
[2022-11-17 08:56:20,535] [builder.py:2174]           [INFO]     | 252/433 | 10's Movies Collection | = | The Holiday Calendar (2018)                                 |
[2022-11-17 08:56:20,538] [builder.py:2174]           [INFO]     | 253/433 | 10's Movies Collection | = | Holiday Engagement (2011)                                   |
[2022-11-17 08:56:20,551] [builder.py:2174]           [INFO]     | 254/433 | 10's Movies Collection | = | Holiday Road Trip (2013)                                    |
[2022-11-17 08:56:20,553] [builder.py:2174]           [INFO]     | 255/433 | 10's Movies Collection | = | Holiday Rush (2019)                                         |
[2022-11-17 08:56:20,555] [builder.py:2174]           [INFO]     | 256/433 | 10's Movies Collection | = | Holly Star (2018)                                           |
[2022-11-17 08:56:20,557] [builder.py:2174]           [INFO]     | 257/433 | 10's Movies Collection | = | Home for Christmas Day (2017)                               |
[2022-11-17 08:56:20,559] [builder.py:2174]           [INFO]     | 258/433 | 10's Movies Collection | = | Homegrown Christmas (2018)                                  |
[2022-11-17 08:56:20,573] [builder.py:2174]           [INFO]     | 259/433 | 10's Movies Collection | = | Hometown Christmas (2018)                                   |
[2022-11-17 08:56:20,580] [builder.py:2174]           [INFO]     | 260/433 | 10's Movies Collection | = | Hope at Christmas (2018)                                    |
[2022-11-17 08:56:20,584] [builder.py:2174]           [INFO]     | 261/433 | 10's Movies Collection | = | A Husband for Christmas (2016)                              |
[2022-11-17 08:56:20,586] [builder.py:2174]           [INFO]     | 262/433 | 10's Movies Collection | = | I Am Santa Claus (2014)                                     |
[2022-11-17 08:56:20,592] [builder.py:2174]           [INFO]     | 263/433 | 10's Movies Collection | = | I'll Be Home for Christmas (2016)                           |
[2022-11-17 08:56:20,599] [builder.py:2174]           [INFO]     | 264/433 | 10's Movies Collection | = | I'll Be Next Door for Christmas (2018)                      |
[2022-11-17 08:56:20,604] [builder.py:2174]           [INFO]     | 265/433 | 10's Movies Collection | = | I'm Not Ready for Christmas (2015)                          |
[2022-11-17 08:56:20,610] [builder.py:2174]           [INFO]     | 266/433 | 10's Movies Collection | = | Ice Sculpture Christmas (2015)                              |
[2022-11-17 08:56:20,614] [builder.py:2174]           [INFO]     | 267/433 | 10's Movies Collection | = | It's Christmas, Carol! (2012)                               |
[2022-11-17 08:56:20,619] [builder.py:2174]           [INFO]     | 268/433 | 10's Movies Collection | = | It's Christmas, Eve (2018)                                  |
[2022-11-17 08:56:20,626] [builder.py:2174]           [INFO]     | 269/433 | 10's Movies Collection | = | Its a SpongeBob Christmas! (2012)                           |
[2022-11-17 08:56:20,630] [builder.py:2174]           [INFO]     | 270/433 | 10's Movies Collection | = | Jingle & Bell's Christmas Star (2012)                       |
[2022-11-17 08:56:20,636] [builder.py:2174]           [INFO]     | 271/433 | 10's Movies Collection | = | Jingle All the Way (2011)                                   |
[2022-11-17 08:56:20,642] [builder.py:2174]           [INFO]     | 272/433 | 10's Movies Collection | = | Jingle All the Way 2 (2014)                                 |
[2022-11-17 08:56:20,645] [builder.py:2174]           [INFO]     | 273/433 | 10's Movies Collection | = | Jingle Around the Clock (2018)                              |
[2022-11-17 08:56:20,648] [builder.py:2174]           [INFO]     | 274/433 | 10's Movies Collection | = | Jingle Belle (2018)                                         |
[2022-11-17 08:56:20,668] [builder.py:2174]           [INFO]     | 275/433 | 10's Movies Collection | = | Journey Back to Christmas (2016)                            |
[2022-11-17 08:56:20,679] [builder.py:2174]           [INFO]     | 276/433 | 10's Movies Collection | = | Journey to the Christmas Star (2012)                        |
[2022-11-17 08:56:20,681] [builder.py:2174]           [INFO]     | 277/433 | 10's Movies Collection | = | A Joyous Christmas (2017)                                   |
[2022-11-17 08:56:20,686] [builder.py:2174]           [INFO]     | 278/433 | 10's Movies Collection | = | Just in Time for Christmas (2015)                           |
[2022-11-17 08:56:20,696] [builder.py:2174]           [INFO]     | 279/433 | 10's Movies Collection | = | Kirk Cameron's Saving Christmas (2014)                      |
[2022-11-17 08:56:20,698] [builder.py:2174]           [INFO]     | 280/433 | 10's Movies Collection | = | A Kiss for Christmas (2011)                                 |
[2022-11-17 08:56:20,703] [builder.py:2174]           [INFO]     | 281/433 | 10's Movies Collection | = | Klaus (2019)                                                |
[2022-11-17 08:56:20,705] [builder.py:2174]           [INFO]     | 282/433 | 10's Movies Collection | = | The Knight Before Christmas (2019)                          |
[2022-11-17 08:56:20,710] [builder.py:2174]           [INFO]     | 283/433 | 10's Movies Collection | = | Krampus: The Christmas Devil (2013)                         |
[2022-11-17 08:56:20,713] [builder.py:2174]           [INFO]     | 284/433 | 10's Movies Collection | = | Krampus: The Devil Returns (2016)                           |
[2022-11-17 08:56:20,715] [builder.py:2174]           [INFO]     | 285/433 | 10's Movies Collection | = | Kristin's Christmas Past (2013)                             |
[2022-11-17 08:56:20,720] [builder.py:2174]           [INFO]     | 286/433 | 10's Movies Collection | = | Last Christmas (2019)                                       |
[2022-11-17 08:56:20,733] [builder.py:2174]           [INFO]     | 287/433 | 10's Movies Collection | = | The Least of These: A Christmas Story (2018)                |
[2022-11-17 08:56:20,736] [builder.py:2174]           [INFO]     | 288/433 | 10's Movies Collection | = | Let It Snow (2013)                                          |
[2022-11-17 08:56:20,741] [builder.py:2174]           [INFO]     | 289/433 | 10's Movies Collection | = | Let It Snow (2019)                                          |
[2022-11-17 08:56:20,744] [builder.py:2174]           [INFO]     | 290/433 | 10's Movies Collection | = | A Little Christmas Business (2013)                          |
[2022-11-17 08:56:20,752] [builder.py:2174]           [INFO]     | 291/433 | 10's Movies Collection | = | Looks Like Christmas (2016)                                 |
[2022-11-17 08:56:20,754] [builder.py:2174]           [INFO]     | 292/433 | 10's Movies Collection | = | Lost Christmas (2011)                                       |
[2022-11-17 08:56:20,756] [builder.py:2174]           [INFO]     | 293/433 | 10's Movies Collection | = | Love Always, Santa (2016)                                   |
[2022-11-17 08:56:20,764] [builder.py:2174]           [INFO]     | 294/433 | 10's Movies Collection | = | Love at the Christmas Table (2012)                          |
[2022-11-17 08:56:20,767] [builder.py:2174]           [INFO]     | 295/433 | 10's Movies Collection | = | Love You Like Christmas (2016)                              |
[2022-11-17 08:56:20,775] [builder.py:2174]           [INFO]     | 296/433 | 10's Movies Collection | = | Lucky Christmas (2011)                                      |
[2022-11-17 08:56:20,778] [builder.py:2174]           [INFO]     | 297/433 | 10's Movies Collection | = | A Madea Christmas (2013)                                    |
[2022-11-17 08:56:20,781] [builder.py:2174]           [INFO]     | 298/433 | 10's Movies Collection | = | A Magic Christmas (2014)                                    |
[2022-11-17 08:56:20,788] [builder.py:2174]           [INFO]     | 299/433 | 10's Movies Collection | = | Magical Christmas Ornaments (2017)                          |
[2022-11-17 08:56:20,791] [builder.py:2174]           [INFO]     | 300/433 | 10's Movies Collection | = | A Majestic Christmas (2018)                                 |
[2022-11-17 08:56:20,795] [builder.py:2174]           [INFO]     | 301/433 | 10's Movies Collection | = | The Man Who Invented Christmas (2017)                       |
[2022-11-17 08:56:20,800] [builder.py:2174]           [INFO]     | 302/433 | 10's Movies Collection | = | Mariah Carey's Merriest Christmas (2015)                    |
[2022-11-17 08:56:20,802] [builder.py:2174]           [INFO]     | 303/433 | 10's Movies Collection | = | Marry Me at Christmas (2017)                                |
[2022-11-17 08:56:20,804] [builder.py:2174]           [INFO]     | 304/433 | 10's Movies Collection | = | Marry Us for Christmas (2014)                               |
[2022-11-17 08:56:20,818] [builder.py:2174]           [INFO]     | 305/433 | 10's Movies Collection | = | Marrying Father Christmas (2018)                            |
[2022-11-17 08:56:20,820] [builder.py:2174]           [INFO]     | 306/433 | 10's Movies Collection | = | Matchmaker Christmas (2019)                                 |
[2022-11-17 08:56:20,827] [builder.py:2174]           [INFO]     | 307/433 | 10's Movies Collection | = | Mercy Christmas (2017)                                      |
[2022-11-17 08:56:20,829] [builder.py:2174]           [INFO]     | 308/433 | 10's Movies Collection | = | Merry & Bright (2019)                                       |
[2022-11-17 08:56:20,840] [builder.py:2174]           [INFO]     | 309/433 | 10's Movies Collection | = | A Merry Christmas Match (2019)                              |
[2022-11-17 08:56:20,842] [builder.py:2174]           [INFO]     | 310/433 | 10's Movies Collection | = | Merry Christmas, Baby (2016)                                |
[2022-11-17 08:56:20,844] [builder.py:2174]           [INFO]     | 311/433 | 10's Movies Collection | = | A Merry Friggin' Christmas (2014)                           |
[2022-11-17 08:56:20,852] [builder.py:2174]           [INFO]     | 312/433 | 10's Movies Collection | = | Merry Liddle Christmas (2019)                               |
[2022-11-17 08:56:20,855] [builder.py:2174]           [INFO]     | 313/433 | 10's Movies Collection | = | Merry Matrimony (2015)                                      |
[2022-11-17 08:56:20,857] [builder.py:2174]           [INFO]     | 314/433 | 10's Movies Collection | = | Mingle All the Way (2018)                                   |
[2022-11-17 08:56:20,859] [builder.py:2174]           [INFO]     | 315/433 | 10's Movies Collection | = | Miss Christmas (2017)                                       |
[2022-11-17 08:56:20,865] [builder.py:2174]           [INFO]     | 316/433 | 10's Movies Collection | = | The Mistletoe Inn (2017)                                    |
[2022-11-17 08:56:20,872] [builder.py:2174]           [INFO]     | 317/433 | 10's Movies Collection | = | The Mistletoe Promise (2016)                                |
[2022-11-17 08:56:20,882] [builder.py:2174]           [INFO]     | 318/433 | 10's Movies Collection | = | My Christmas Dream (2016)                                   |
[2022-11-17 08:56:20,884] [builder.py:2174]           [INFO]     | 319/433 | 10's Movies Collection | = | My Christmas Grandpa (2017)                                 |
[2022-11-17 08:56:20,886] [builder.py:2174]           [INFO]     | 320/433 | 10's Movies Collection | = | My Christmas Inn (2018)                                     |
[2022-11-17 08:56:20,888] [builder.py:2174]           [INFO]     | 321/433 | 10's Movies Collection | = | My Christmas Love (2016)                                    |
[2022-11-17 08:56:20,892] [builder.py:2174]           [INFO]     | 322/433 | 10's Movies Collection | = | My Christmas Prince (2017)                                  |
[2022-11-17 08:56:20,897] [builder.py:2174]           [INFO]     | 323/433 | 10's Movies Collection | = | A Nanny for Christmas (2010)                                |
[2022-11-17 08:56:20,905] [builder.py:2174]           [INFO]     | 324/433 | 10's Movies Collection | = | A New Christmas (2019)                                      |
[2022-11-17 08:56:20,908] [builder.py:2174]           [INFO]     | 325/433 | 10's Movies Collection | = | The Night Before (2015)                                     |
[2022-11-17 08:56:20,913] [builder.py:2174]           [INFO]     | 326/433 | 10's Movies Collection | = | The Night Before the Night Before Christmas (2010)          |
[2022-11-17 08:56:20,918] [builder.py:2174]           [INFO]     | 327/433 | 10's Movies Collection | = | The Nine Lives of Christmas (2014)                          |
[2022-11-17 08:56:20,922] [builder.py:2174]           [INFO]     | 328/433 | 10's Movies Collection | = | No Time Like Christmas (2019)                               |
[2022-11-17 08:56:20,926] [builder.py:2174]           [INFO]     | 329/433 | 10's Movies Collection | = | Northern Lights of Christmas (2018)                         |
[2022-11-17 08:56:20,930] [builder.py:2174]           [INFO]     | 330/433 | 10's Movies Collection | = | Northpole (2014)                                            |
[2022-11-17 08:56:20,935] [builder.py:2174]           [INFO]     | 331/433 | 10's Movies Collection | = | Northpole: Open for Christmas (2015)                        |
[2022-11-17 08:56:20,938] [builder.py:2174]           [INFO]     | 332/433 | 10's Movies Collection | = | Nostalgic Christmas (2019)                                  |
[2022-11-17 08:56:20,941] [builder.py:2174]           [INFO]     | 333/433 | 10's Movies Collection | = | November Christmas (2011)                                   |
[2022-11-17 08:56:20,945] [builder.py:2174]           [INFO]     | 334/433 | 10's Movies Collection | = | A Nutcracker Christmas (2016)                               |
[2022-11-17 08:56:20,948] [builder.py:2174]           [INFO]     | 335/433 | 10's Movies Collection | = | Office Christmas Party (2016)                               |
[2022-11-17 08:56:20,951] [builder.py:2174]           [INFO]     | 336/433 | 10's Movies Collection | = | Oh Christmas Tree! (2013)                                   |
[2022-11-17 08:56:20,954] [builder.py:2174]           [INFO]     | 337/433 | 10's Movies Collection | = | Oh Deer: It's Christmas (2018)                              |
[2022-11-17 08:56:20,956] [builder.py:2174]           [INFO]     | 338/433 | 10's Movies Collection | = | On Strike for Christmas (2010)                              |
[2022-11-17 08:56:20,959] [builder.py:2174]           [INFO]     | 339/433 | 10's Movies Collection | = | On the Twelfth Day of Christmas (2015)                      |
[2022-11-17 08:56:20,961] [builder.py:2174]           [INFO]     | 340/433 | 10's Movies Collection | = | Once Upon a Christmas Miracle (2018)                        |
[2022-11-17 08:56:20,964] [builder.py:2174]           [INFO]     | 341/433 | 10's Movies Collection | = | Once Upon a Holiday (2015)                                  |
[2022-11-17 08:56:20,975] [builder.py:2174]           [INFO]     | 342/433 | 10's Movies Collection | = | Once Upon a Sesame Street Christmas (2016)                  |
[2022-11-17 08:56:20,978] [builder.py:2174]           [INFO]     | 343/433 | 10's Movies Collection | = | One Christmas Eve (2015)                                    |
[2022-11-17 08:56:20,981] [builder.py:2174]           [INFO]     | 344/433 | 10's Movies Collection | = | One Christmas Wish (2015)                                   |
[2022-11-17 08:56:20,983] [builder.py:2174]           [INFO]     | 345/433 | 10's Movies Collection | = | Operation Christmas (2016)                                  |
[2022-11-17 08:56:20,986] [builder.py:2174]           [INFO]     | 346/433 | 10's Movies Collection | = | Operation Christmas List (2016)                             |
[2022-11-17 08:56:20,989] [builder.py:2174]           [INFO]     | 347/433 | 10's Movies Collection | = | A Perfect Christmas (2016)                                  |
[2022-11-17 08:56:20,992] [builder.py:2174]           [INFO]     | 348/433 | 10's Movies Collection | = | A Perfect Christmas List (2014)                             |
[2022-11-17 08:56:20,995] [builder.py:2174]           [INFO]     | 349/433 | 10's Movies Collection | = | The Perfect Christmas Present (2017)                        |
[2022-11-17 08:56:21,001] [builder.py:2174]           [INFO]     | 350/433 | 10's Movies Collection | = | Pete's Christmas (2013)                                     |
[2022-11-17 08:56:21,006] [builder.py:2174]           [INFO]     | 351/433 | 10's Movies Collection | = | Poinsettias for Christmas (2018)                            |
[2022-11-17 08:56:21,009] [builder.py:2174]           [INFO]     | 352/433 | 10's Movies Collection | = | A Pondemonium Christmas (2011)                              |
[2022-11-17 08:56:21,013] [builder.py:2174]           [INFO]     | 353/433 | 10's Movies Collection | = | Prep & Landing Stocking Stuffer: Operation: Secret Santa (2010) |
[2022-11-17 08:56:21,016] [builder.py:2174]           [INFO]     | 354/433 | 10's Movies Collection | = | Pride, Prejudice and Mistletoe (2018)                       |
[2022-11-17 08:56:21,019] [builder.py:2174]           [INFO]     | 355/433 | 10's Movies Collection | = | Prince of Peoria a Christmas Moose Miracle (2018)           |
[2022-11-17 08:56:21,021] [builder.py:2174]           [INFO]     | 356/433 | 10's Movies Collection | = | A Princess for Christmas (2011)                             |
[2022-11-17 08:56:21,024] [builder.py:2174]           [INFO]     | 357/433 | 10's Movies Collection | = | A Puppy for Christmas (2016)                                |
[2022-11-17 08:56:21,028] [builder.py:2174]           [INFO]     | 358/433 | 10's Movies Collection | = | Puppy Star Christmas (2018)                                 |
[2022-11-17 08:56:21,036] [builder.py:2174]           [INFO]     | 359/433 | 10's Movies Collection | = | Radio Christmas (2019)                                      |
[2022-11-17 08:56:21,041] [builder.py:2174]           [INFO]     | 360/433 | 10's Movies Collection | = | Random Acts of Christmas (2019)                             |
[2022-11-17 08:56:21,045] [builder.py:2174]           [INFO]     | 361/433 | 10's Movies Collection | = | Rare Exports: A Christmas Tale (2010)                       |
[2022-11-17 08:56:21,051] [builder.py:2174]           [INFO]     | 362/433 | 10's Movies Collection | = | Red Christmas (2016)                                        |
[2022-11-17 08:56:21,054] [builder.py:2174]           [INFO]     | 363/433 | 10's Movies Collection | = | Return to Christmas Creek (2018)                            |
[2022-11-17 08:56:21,061] [builder.py:2174]           [INFO]     | 364/433 | 10's Movies Collection | = | Reunited at Christmas (2018)                                |
[2022-11-17 08:56:21,064] [builder.py:2174]           [INFO]     | 365/433 | 10's Movies Collection | = | The Road Home for Christmas (2019)                          |
[2022-11-17 08:56:21,070] [builder.py:2174]           [INFO]     | 366/433 | 10's Movies Collection | = | Road to Christmas (2018)                                    |
[2022-11-17 08:56:21,074] [builder.py:2174]           [INFO]     | 367/433 | 10's Movies Collection | = | Rock and Roll Christmas (2019)                              |
[2022-11-17 08:56:21,077] [builder.py:2174]           [INFO]     | 368/433 | 10's Movies Collection | = | Rocky Mountain Christmas (2017)                             |
[2022-11-17 08:56:21,080] [builder.py:2174]           [INFO]     | 369/433 | 10's Movies Collection | = | Romance at Reindeer Lodge (2017)                            |
[2022-11-17 08:56:21,083] [builder.py:2174]           [INFO]     | 370/433 | 10's Movies Collection | = | The Rooftop Christmas Tree (2016)                           |
[2022-11-17 08:56:21,086] [builder.py:2174]           [INFO]     | 371/433 | 10's Movies Collection | = | A Rose for Christmas (2017)                                 |
[2022-11-17 08:56:21,089] [builder.py:2174]           [INFO]     | 372/433 | 10's Movies Collection | = | A Royal Christmas (2014)                                    |
[2022-11-17 08:56:21,092] [builder.py:2174]           [INFO]     | 373/433 | 10's Movies Collection | = | A Royal Christmas Ball (2017)                               |
[2022-11-17 08:56:21,094] [builder.py:2174]           [INFO]     | 374/433 | 10's Movies Collection | = | Royal Family Christmas (2015)                               |
[2022-11-17 08:56:21,097] [builder.py:2174]           [INFO]     | 375/433 | 10's Movies Collection | = | Runaway Christmas Bride (2017)                              |
[2022-11-17 08:56:21,100] [builder.py:2174]           [INFO]     | 376/433 | 10's Movies Collection | = | Same Time, Next Christmas (2019)                            |
[2022-11-17 08:56:21,103] [builder.py:2174]           [INFO]     | 377/433 | 10's Movies Collection | = | Santa Claws (2014)                                          |
[2022-11-17 08:56:21,106] [builder.py:2174]           [INFO]     | 378/433 | 10's Movies Collection | = | Santa Girl (2019)                                           |
[2022-11-17 08:56:21,110] [builder.py:2174]           [INFO]     | 379/433 | 10's Movies Collection | = | Santa Paws 2: The Santa Pups (2012)                         |
[2022-11-17 08:56:21,117] [builder.py:2174]           [INFO]     | 380/433 | 10's Movies Collection | = | Saving Christmas (2017)                                     |
[2022-11-17 08:56:21,121] [builder.py:2174]           [INFO]     | 381/433 | 10's Movies Collection | = | Saving Santa (2013)                                         |
[2022-11-17 08:56:21,124] [builder.py:2174]           [INFO]     | 382/433 | 10's Movies Collection | = | Scoot & Kassie's Christmas Adventure (2013)                 |
[2022-11-17 08:56:21,127] [builder.py:2174]           [INFO]     | 383/433 | 10's Movies Collection | = | Second Chance Christmas (2014)                              |
[2022-11-17 08:56:21,130] [builder.py:2174]           [INFO]     | 384/433 | 10's Movies Collection | = | A Secret Service Christmas (2014)                           |
[2022-11-17 08:56:21,133] [builder.py:2174]           [INFO]     | 385/433 | 10's Movies Collection | = | Sharing Christmas (2017)                                    |
[2022-11-17 08:56:21,136] [builder.py:2174]           [INFO]     | 386/433 | 10's Movies Collection | = | A Shoe Addict's Christmas (2018)                            |
[2022-11-17 08:56:21,150] [builder.py:2174]           [INFO]     | 387/433 | 10's Movies Collection | = | Signed, Sealed, Delivered for Christmas (2014)              |
[2022-11-17 08:56:21,153] [builder.py:2174]           [INFO]     | 388/433 | 10's Movies Collection | = | Sleigh Bells Ring (2016)                                    |
[2022-11-17 08:56:21,160] [builder.py:2174]           [INFO]     | 389/433 | 10's Movies Collection | = | Small Town Christmas (2018)                                 |
[2022-11-17 08:56:21,164] [builder.py:2174]           [INFO]     | 390/433 | 10's Movies Collection | = | A Snow Globe Christmas (2013)                               |
[2022-11-17 08:56:21,169] [builder.py:2174]           [INFO]     | 391/433 | 10's Movies Collection | = | Snowbound for Christmas (2019)                              |
[2022-11-17 08:56:21,175] [builder.py:2174]           [INFO]     | 392/433 | 10's Movies Collection | = | Snowed-Inn Christmas (2017)                                 |
[2022-11-17 08:56:21,181] [builder.py:2174]           [INFO]     | 393/433 | 10's Movies Collection | = | So This Is Christmas (2013)                                 |
[2022-11-17 08:56:21,184] [builder.py:2174]           [INFO]     | 394/433 | 10's Movies Collection | = | A Song for Christmas (2017)                                 |
[2022-11-17 08:56:21,187] [builder.py:2174]           [INFO]     | 395/433 | 10's Movies Collection | = | Sound of Christmas (2016)                                   |
[2022-11-17 08:56:21,191] [builder.py:2174]           [INFO]     | 396/433 | 10's Movies Collection | = | The Spirit of Christmas (2015)                              |
[2022-11-17 08:56:21,194] [builder.py:2174]           [INFO]     | 397/433 | 10's Movies Collection | = | Spirit Riding Free: Spirit of Christmas (2019)              |
[2022-11-17 08:56:21,200] [builder.py:2174]           [INFO]     | 398/433 | 10's Movies Collection | = | Staging Christmas (2019)                                    |
[2022-11-17 08:56:21,203] [builder.py:2174]           [INFO]     | 399/433 | 10's Movies Collection | = | A Star for Christmas (2013)                                 |
[2022-11-17 08:56:21,207] [builder.py:2174]           [INFO]     | 400/433 | 10's Movies Collection | = | A Stone Cold Christmas (2018)                               |
[2022-11-17 08:56:21,210] [builder.py:2174]           [INFO]     | 401/433 | 10's Movies Collection | = | A Storybook Christmas (2019)                                |
[2022-11-17 08:56:21,213] [builder.py:2174]           [INFO]     | 402/433 | 10's Movies Collection | = | A StoryBots Christmas (2017)                                |
[2022-11-17 08:56:21,216] [builder.py:2174]           [INFO]     | 403/433 | 10's Movies Collection | = | Streaming Wonderland: Puppies Crash Christmas (2017)        |
[2022-11-17 08:56:21,222] [builder.py:2174]           [INFO]     | 404/433 | 10's Movies Collection | = | A Street Cat Named Bob (2016)                               |
[2022-11-17 08:56:21,226] [builder.py:2174]           [INFO]     | 405/433 | 10's Movies Collection | = | Sweet Mountain Christmas (2019)                             |
[2022-11-17 08:56:21,232] [builder.py:2174]           [INFO]     | 406/433 | 10's Movies Collection | = | The Sweetest Christmas (2017)                               |
[2022-11-17 08:56:21,242] [builder.py:2174]           [INFO]     | 407/433 | 10's Movies Collection | = | Switched for Christmas (2017)                               |
[2022-11-17 08:56:21,245] [builder.py:2174]           [INFO]     | 408/433 | 10's Movies Collection | = | This Is Our Christmas (2018)                                |
[2022-11-17 08:56:21,248] [builder.py:2174]           [INFO]     | 409/433 | 10's Movies Collection | = | Time for Me to Come Home for Christmas (2018)               |
[2022-11-17 08:56:21,251] [builder.py:2174]           [INFO]     | 410/433 | 10's Movies Collection | = | Tiny Christmas (2017)                                       |
[2022-11-17 08:56:21,271] [builder.py:2174]           [INFO]     | 411/433 | 10's Movies Collection | = | The Town Christmas Forgot (2010)                            |
[2022-11-17 08:56:21,281] [builder.py:2174]           [INFO]     | 412/433 | 10's Movies Collection | = | Trading Christmas (2011)                                    |
[2022-11-17 08:56:21,284] [builder.py:2174]           [INFO]     | 413/433 | 10's Movies Collection | = | The Tree That Saved Christmas (2014)                        |
[2022-11-17 08:56:21,290] [builder.py:2174]           [INFO]     | 414/433 | 10's Movies Collection | = | The Truth About Christmas (2018)                            |
[2022-11-17 08:56:21,294] [builder.py:2174]           [INFO]     | 415/433 | 10's Movies Collection | = | The Twelve Trees of Christmas (2013)                        |
[2022-11-17 08:56:21,297] [builder.py:2174]           [INFO]     | 416/433 | 10's Movies Collection | = | A Twist of Christmas (2018)                                 |
[2022-11-17 08:56:21,301] [builder.py:2174]           [INFO]     | 417/433 | 10's Movies Collection | = | A Very Corgi Christmas (2019)                               |
[2022-11-17 08:56:21,309] [builder.py:2174]           [INFO]     | 418/433 | 10's Movies Collection | = | A Very Country Christmas (2017)                             |
[2022-11-17 08:56:21,312] [builder.py:2174]           [INFO]     | 419/433 | 10's Movies Collection | = | A Very Harold & Kumar Christmas (2011)                      |
[2022-11-17 08:56:21,315] [builder.py:2174]           [INFO]     | 420/433 | 10's Movies Collection | = | A Very Murray Christmas (2015)                              |
[2022-11-17 08:56:21,318] [builder.py:2174]           [INFO]     | 421/433 | 10's Movies Collection | = | A Very Nutty Christmas (2018)                               |
[2022-11-17 08:56:21,321] [builder.py:2174]           [INFO]     | 422/433 | 10's Movies Collection | = | A Very Vintage Christmas (2019)                             |
[2022-11-17 08:56:21,324] [builder.py:2174]           [INFO]     | 423/433 | 10's Movies Collection | = | A Veteran's Christmas (2018)                                |
[2022-11-17 08:56:21,327] [builder.py:2174]           [INFO]     | 424/433 | 10's Movies Collection | = | A Wedding for Christmas (2018)                              |
[2022-11-17 08:56:21,338] [builder.py:2174]           [INFO]     | 425/433 | 10's Movies Collection | = | Welcome to Christmas (2018)                                 |
[2022-11-17 08:56:21,350] [builder.py:2174]           [INFO]     | 426/433 | 10's Movies Collection | = | Wild Kratts: A Creature Christmas (2015)                    |
[2022-11-17 08:56:21,353] [builder.py:2174]           [INFO]     | 427/433 | 10's Movies Collection | = | Window Wonderland (2013)                                    |
[2022-11-17 08:56:21,361] [builder.py:2174]           [INFO]     | 428/433 | 10's Movies Collection | = | A Wish For Christmas (2016)                                 |
[2022-11-17 08:56:21,367] [builder.py:2174]           [INFO]     | 429/433 | 10's Movies Collection | = | Wish Upon a Christmas (2015)                                |
[2022-11-17 08:56:21,376] [builder.py:2174]           [INFO]     | 430/433 | 10's Movies Collection | = | With Love, Christmas (2017)                                 |
[2022-11-17 08:56:21,380] [builder.py:2174]           [INFO]     | 431/433 | 10's Movies Collection | = | Wrapped Up in Christmas (2017)                              |
[2022-11-17 08:56:21,388] [builder.py:2174]           [INFO]     | 432/433 | 10's Movies Collection | = | You Can't Fight Christmas (2017)                            |
[2022-11-17 08:56:21,395] [builder.py:2174]           [INFO]     | 433/433 | 10's Movies Collection | = | You Light Up My Christmas (2019)                            |
[2022-11-17 08:56:21,398] [builder.py:2194]           [INFO]     |                                                                                                    |
[2022-11-17 08:56:21,401] [builder.py:2196]           [INFO]     | 433 Movies Processed 0 Movies Added                                                                |
[2022-11-17 08:56:21,412] [builder.py:2527]           [INFO]     |                                                                                                    |
[2022-11-17 08:56:21,414] [builder.py:2528]           [INFO]     |============================ Updating Details of 10's Movies Collection ============================|
[2022-11-17 08:56:21,414] [builder.py:2529]           [INFO]     |                                                                                                    |
[2022-11-17 08:56:21,422] [builder.py:2595]           [INFO]     | Collection Metadata Edits                                                                          |
[2022-11-17 08:56:23,920] [plex_meta_manager.py:736]  [INFO]     |                                                                                                    |
[2022-11-17 08:56:23,925] [plex_meta_manager.py:737]  [INFO]     |====================================================================================================|
[2022-11-17 08:56:23,926] [plex_meta_manager.py:737]  [INFO]     |                                  Finished 10's Movies Collection                                   |
[2022-11-17 08:56:23,926] [plex_meta_manager.py:737]  [INFO]     |                                    Collection Run Time: 0:00:08                                    |
[2022-11-17 08:56:23,926] [plex_meta_manager.py:737]  [INFO]     |====================================================================================================|
