[2022-11-16 18:41:00,543] [builder.py:193]            [INFO]     |====================================================================================================|
[2022-11-16 18:41:00,543] [builder.py:193]            [INFO]     |                            The Conjuring Collection in Halloween Movies                            |
[2022-11-16 18:41:00,543] [builder.py:193]            [INFO]     |====================================================================================================|
[2022-11-16 18:41:00,544] [builder.py:194]            [INFO]     |                                                                                                    |
[2022-11-16 18:41:00,544] [builder.py:199]            [INFO]     |================================ Building Definition From Templates ================================|
[2022-11-16 18:41:00,544] [builder.py:215]            [DEBUG]    |                                                                                                    |
[2022-11-16 18:41:00,544] [meta.py:210]               [DEBUG]    |======================================= Template Collection ========================================|
[2022-11-16 18:41:00,544] [meta.py:451]               [DEBUG]    |                                                                                                    |
[2022-11-16 18:41:00,546] [meta.py:512]               [DEBUG]    |                                                                                                    |
[2022-11-16 18:41:00,546] [meta.py:513]               [DEBUG]    |==================================== Final Template Attributes =====================================|
[2022-11-16 18:41:00,546] [meta.py:514]               [DEBUG]    |                                                                                                    |
[2022-11-16 18:41:00,547] [meta.py:515]               [DEBUG]    | {'tmdb_collection': 313086, 'tmdb_summary': 313086, 'url_poster': 'https://theposterdb.com/api/assets/156081', 'sort_title': '+4_The Conjuring', 'sync_mode': 'sync', 'collection_order': 'release'} |
[2022-11-16 18:41:00,547] [meta.py:516]               [DEBUG]    |                                                                                                    |
[2022-11-16 18:41:00,547] [builder.py:223]            [INFO]     |=============================== Validating The Conjuring Attributes ================================|
[2022-11-16 18:41:00,547] [builder.py:516]            [DEBUG]    |                                                                                                    |
[2022-11-16 18:41:00,547] [builder.py:517]            [DEBUG]    | Validating Method: sync_mode                                                                       |
[2022-11-16 18:41:00,547] [builder.py:521]            [DEBUG]    | Value: sync                                                                                        |
[2022-11-16 18:41:00,547] [builder.py:613]            [DEBUG]    |                                                                                                    |
[2022-11-16 18:41:00,547] [builder.py:614]            [DEBUG]    | Validating Method: collection_order                                                                |
[2022-11-16 18:41:00,547] [builder.py:615]            [DEBUG]    | Value: release                                                                                     |
[2022-11-16 18:41:00,547] [builder.py:646]            [DEBUG]    |                                                                                                    |
[2022-11-16 18:41:00,547] [builder.py:650]            [DEBUG]    | Validating Method: tmdb_collection                                                                 |
[2022-11-16 18:41:00,548] [builder.py:651]            [DEBUG]    | Value: 313086                                                                                      |
[2022-11-16 18:41:00,555] [builder.py:646]            [DEBUG]    |                                                                                                    |
[2022-11-16 18:41:00,555] [builder.py:650]            [DEBUG]    | Validating Method: tmdb_summary                                                                    |
[2022-11-16 18:41:00,556] [builder.py:651]            [DEBUG]    | Value: 313086                                                                                      |
[2022-11-16 18:41:00,563] [builder.py:646]            [DEBUG]    |                                                                                                    |
[2022-11-16 18:41:00,564] [builder.py:650]            [DEBUG]    | Validating Method: url_poster                                                                      |
[2022-11-16 18:41:00,564] [builder.py:651]            [DEBUG]    | Value: https://theposterdb.com/api/assets/156081                                                   |
[2022-11-16 18:41:01,232] [builder.py:646]            [DEBUG]    |                                                                                                    |
[2022-11-16 18:41:01,232] [builder.py:650]            [DEBUG]    | Validating Method: sort_title                                                                      |
[2022-11-16 18:41:01,232] [builder.py:651]            [DEBUG]    | Value: +4_The Conjuring                                                                            |
[2022-11-16 18:41:01,273] [builder.py:814]            [INFO]     |                                                                                                    |
[2022-11-16 18:41:01,274] [builder.py:815]            [INFO]     | Validation Successful                                                                              |
[2022-11-16 18:41:01,274] [plex_meta_manager.py:594]  [INFO]     |                                                                                                    |
[2022-11-16 18:41:01,275] [plex_meta_manager.py:596]  [INFO]     |================================= Running The Conjuring Collection =================================|
[2022-11-16 18:41:01,275] [plex_meta_manager.py:608]  [INFO]     |                                                                                                    |
[2022-11-16 18:41:01,275] [plex_meta_manager.py:609]  [INFO]     | Sync Mode: sync                                                                                    |
[2022-11-16 18:41:01,275] [plex_meta_manager.py:612]  [DEBUG]    |                                                                                                    |
[2022-11-16 18:41:01,275] [plex_meta_manager.py:613]  [DEBUG]    | Builder: tmdb_collection: 313086                                                                   |
[2022-11-16 18:41:01,275] [plex_meta_manager.py:614]  [INFO]     |                                                                                                    |
[2022-11-16 18:41:01,284] [tmdb.py:389]               [INFO]     | Processing TMDb Collection: (313086) The Conjuring Collection (3 Items)                            |
[2022-11-16 18:41:01,284] [builder.py:1574]           [DEBUG]    |                                                                                                    |
[2022-11-16 18:41:01,284] [builder.py:1575]           [DEBUG]    | 3 IDs Found                                                                                        |
[2022-11-16 18:41:01,284] [builder.py:1577]           [DEBUG]    |                                                                                                    |
[2022-11-16 18:41:01,284] [builder.py:2158]           [INFO]     |                                                                                                    |
[2022-11-16 18:41:01,284] [builder.py:2159]           [INFO]     |================================ Adding to The Conjuring Collection ================================|
[2022-11-16 18:41:01,285] [builder.py:2160]           [INFO]     |                                                                                                    |
[2022-11-16 18:41:01,285] [builder.py:2174]           [INFO]     | 1/3 | The Conjuring Collection | = | The Conjuring (2013)                                          |
[2022-11-16 18:41:01,286] [builder.py:2174]           [INFO]     | 2/3 | The Conjuring Collection | = | The Conjuring 2 (2016)                                        |
[2022-11-16 18:41:01,286] [builder.py:2174]           [INFO]     | 3/3 | The Conjuring Collection | = | The Conjuring: The Devil Made Me Do It (2021)                 |
[2022-11-16 18:41:01,286] [builder.py:2194]           [INFO]     |                                                                                                    |
[2022-11-16 18:41:01,287] [builder.py:2196]           [INFO]     | 3 Movies Processed 0 Movies Added                                                                  |
[2022-11-16 18:41:01,296] [builder.py:2527]           [INFO]     |                                                                                                    |
[2022-11-16 18:41:01,297] [builder.py:2528]           [INFO]     |=========================== Updating Details of The Conjuring Collection ===========================|
[2022-11-16 18:41:01,297] [builder.py:2529]           [INFO]     |                                                                                                    |
[2022-11-16 18:41:01,319] [builder.py:2595]           [INFO]     | Collection Metadata Edits                                                                          |
[2022-11-16 18:41:01,328] [util.py:174]               [DEBUG]    | 2 posters found:                                                                                   |
[2022-11-16 18:41:01,328] [util.py:176]               [DEBUG]    | Method: url_poster Poster: https://theposterdb.com/api/assets/156081                               |
[2022-11-16 18:41:01,329] [util.py:176]               [DEBUG]    | Method: asset_directory Poster: {'attribute': 'asset_directory', 'location': '/config/Halloween_Movies/Assets/The Conjuring/poster.png', 'prefix': "The Conjuring's ", 'is_poster': True, 'is_url': False, 'compare': 4310742, 'message': "The Conjuring's poster to [File] /config/Halloween_Movies/Assets/The Conjuring/poster.png"} |
[2022-11-16 18:41:01,331] [library.py:180]            [INFO]     | Detail: The Conjuring's poster update not needed                                                   |
[2022-11-16 18:41:01,372] [plex_meta_manager.py:736]  [INFO]     |                                                                                                    |
[2022-11-16 18:41:01,372] [plex_meta_manager.py:737]  [INFO]     |====================================================================================================|
[2022-11-16 18:41:01,372] [plex_meta_manager.py:737]  [INFO]     |                                 Finished The Conjuring Collection                                  |
[2022-11-16 18:41:01,372] [plex_meta_manager.py:737]  [INFO]     |                                    Collection Run Time: 0:00:00                                    |
[2022-11-16 18:41:01,373] [plex_meta_manager.py:737]  [INFO]     |====================================================================================================|
