[2022-11-16 22:17:01,108] [builder.py:193]            [INFO]     |====================================================================================================|
[2022-11-16 22:17:01,108] [builder.py:193]            [INFO]     |                           Trakt Popular Movies Collection in Old Movies                            |
[2022-11-16 22:17:01,108] [builder.py:193]            [INFO]     |====================================================================================================|
[2022-11-16 22:17:01,108] [builder.py:194]            [INFO]     |                                                                                                    |
[2022-11-16 22:17:01,109] [builder.py:199]            [INFO]     |================================ Building Definition From Templates ================================|
[2022-11-16 22:17:01,109] [builder.py:215]            [DEBUG]    |                                                                                                    |
[2022-11-16 22:17:01,109] [meta.py:210]               [DEBUG]    |======================================= Template radarr_add ========================================|
[2022-11-16 22:17:01,109] [meta.py:451]               [DEBUG]    |                                                                                                    |
[2022-11-16 22:17:01,111] [meta.py:512]               [DEBUG]    |                                                                                                    |
[2022-11-16 22:17:01,111] [meta.py:513]               [DEBUG]    |==================================== Final Template Attributes =====================================|
[2022-11-16 22:17:01,111] [meta.py:514]               [DEBUG]    |                                                                                                    |
[2022-11-16 22:17:01,112] [meta.py:515]               [DEBUG]    | {'sync_mode': 'sync', 'radarr_add': True, 'radarr_search': True, 'build_collection': False}        |
[2022-11-16 22:17:01,112] [meta.py:516]               [DEBUG]    |                                                                                                    |
[2022-11-16 22:17:01,112] [builder.py:223]            [INFO]     |============================ Validating Trakt Popular Movies Attributes ============================|
[2022-11-16 22:17:01,112] [builder.py:495]            [DEBUG]    |                                                                                                    |
[2022-11-16 22:17:01,112] [builder.py:496]            [DEBUG]    | Validating Method: build_collection                                                                |
[2022-11-16 22:17:01,112] [builder.py:497]            [DEBUG]    | Value: False                                                                                       |
[2022-11-16 22:17:01,113] [builder.py:516]            [DEBUG]    |                                                                                                    |
[2022-11-16 22:17:01,113] [builder.py:517]            [DEBUG]    | Validating Method: sync_mode                                                                       |
[2022-11-16 22:17:01,113] [builder.py:521]            [DEBUG]    | Value: sync                                                                                        |
[2022-11-16 22:17:01,113] [builder.py:646]            [DEBUG]    |                                                                                                    |
[2022-11-16 22:17:01,113] [builder.py:650]            [DEBUG]    | Validating Method: trakt_popular                                                                   |
[2022-11-16 22:17:01,113] [builder.py:651]            [DEBUG]    | Value: 30                                                                                          |
[2022-11-16 22:17:01,113] [builder.py:1464]           [WARNING]  | Collection Warning: trakt_popular will run as trakt_chart                                          |
[2022-11-16 22:17:01,114] [builder.py:646]            [DEBUG]    |                                                                                                    |
[2022-11-16 22:17:01,114] [plex.py:1372]              [WARNING]  | Collection Warning: radarr_add attribute will run as radarr_add_missing                            |
[2022-11-16 22:17:01,114] [builder.py:650]            [DEBUG]    | Validating Method: radarr_add                                                                      |
[2022-11-16 22:17:01,114] [builder.py:651]            [DEBUG]    | Value: True                                                                                        |
[2022-11-16 22:17:01,114] [builder.py:662]            [ERROR]    | Collection Error: radarr_add_missing requires Radarr to be configured                              |
[2022-11-16 22:17:01,114] [builder.py:646]            [DEBUG]    |                                                                                                    |
[2022-11-16 22:17:01,115] [builder.py:650]            [DEBUG]    | Validating Method: radarr_search                                                                   |
[2022-11-16 22:17:01,115] [builder.py:651]            [DEBUG]    | Value: True                                                                                        |
[2022-11-16 22:17:01,115] [builder.py:662]            [ERROR]    | Collection Error: radarr_search requires Radarr to be configured                                   |
[2022-11-16 22:17:01,115] [builder.py:814]            [INFO]     |                                                                                                    |
[2022-11-16 22:17:01,115] [builder.py:815]            [INFO]     | Validation Successful                                                                              |
[2022-11-16 22:17:01,115] [plex_meta_manager.py:594]  [INFO]     |                                                                                                    |
[2022-11-16 22:17:01,115] [plex_meta_manager.py:596]  [INFO]     |============================= Running Trakt Popular Movies Collection ==============================|
[2022-11-16 22:17:01,116] [plex_meta_manager.py:608]  [INFO]     |                                                                                                    |
[2022-11-16 22:17:01,116] [plex_meta_manager.py:609]  [INFO]     | Sync Mode: append                                                                                  |
[2022-11-16 22:17:01,116] [plex_meta_manager.py:612]  [DEBUG]    |                                                                                                    |
[2022-11-16 22:17:01,116] [plex_meta_manager.py:613]  [DEBUG]    | Builder: trakt_chart: {'chart': 'popular', 'limit': 30, 'time_period': None}                       |
[2022-11-16 22:17:01,116] [plex_meta_manager.py:614]  [INFO]     |                                                                                                    |
[2022-11-16 22:17:01,116] [trakt.py:501]              [INFO]     | Processing Trakt Chart: 30 Popular Movies                                                          |
[2022-11-16 22:17:01,525] [builder.py:1574]           [DEBUG]    |                                                                                                    |
[2022-11-16 22:17:01,525] [builder.py:1575]           [DEBUG]    | 30 IDs Found                                                                                       |
[2022-11-16 22:17:01,525] [builder.py:1577]           [DEBUG]    |                                                                                                    |
[2022-11-16 22:17:01,526] [builder.py:2306]           [INFO]     |                                                                                                    |
[2022-11-16 22:17:01,526] [builder.py:2307]           [INFO]     |============================= Missing Movies from Library: Old Movies ==============================|
[2022-11-16 22:17:01,526] [builder.py:2308]           [INFO]     |                                                                                                    |
[2022-11-16 22:17:01,553] [builder.py:2321]           [INFO]     | Trakt Popular Movies Collection | ? | Deadpool (2016) (TMDb: 293660)                               |
[2022-11-16 22:17:01,568] [builder.py:2321]           [INFO]     | Trakt Popular Movies Collection | ? | Guardians of the Galaxy (2014) (TMDb: 118340)                |
[2022-11-16 22:17:01,580] [builder.py:2321]           [INFO]     | Trakt Popular Movies Collection | ? | Inception (2010) (TMDb: 27205)                               |
[2022-11-16 22:17:01,590] [builder.py:2321]           [INFO]     | Trakt Popular Movies Collection | ? | The Avengers (2012) (TMDb: 24428)                            |
[2022-11-16 22:17:01,603] [builder.py:2321]           [INFO]     | Trakt Popular Movies Collection | ? | Doctor Strange (2016) (TMDb: 284052)                         |
[2022-11-16 22:17:01,614] [builder.py:2321]           [INFO]     | Trakt Popular Movies Collection | ? | Guardians of the Galaxy Vol. 2 (2017) (TMDb: 283995)         |
[2022-11-16 22:17:01,625] [builder.py:2321]           [INFO]     | Trakt Popular Movies Collection | ? | Avengers: Infinity War (2018) (TMDb: 299536)                 |
[2022-11-16 22:17:01,636] [builder.py:2321]           [INFO]     | Trakt Popular Movies Collection | ? | Captain America: Civil War (2016) (TMDb: 271110)             |
[2022-11-16 22:17:01,647] [builder.py:2321]           [INFO]     | Trakt Popular Movies Collection | ? | Arrival (2016) (TMDb: 329865)                                |
[2022-11-16 22:17:01,658] [builder.py:2321]           [INFO]     | Trakt Popular Movies Collection | ? | Iron Man (2008) (TMDb: 1726)                                 |
[2022-11-16 22:17:01,674] [builder.py:2321]           [INFO]     | Trakt Popular Movies Collection | ? | Spider-Man: Homecoming (2017) (TMDb: 315635)                 |
[2022-11-16 22:17:01,683] [builder.py:2321]           [INFO]     | Trakt Popular Movies Collection | ? | Moana (2016) (TMDb: 277834)                                  |
[2022-11-16 22:17:01,696] [builder.py:2321]           [INFO]     | Trakt Popular Movies Collection | ? | Fight Club (1999) (TMDb: 550)                                |
[2022-11-16 22:17:01,707] [builder.py:2321]           [INFO]     | Trakt Popular Movies Collection | ? | Avengers: Endgame (2019) (TMDb: 299534)                      |
[2022-11-16 22:17:01,718] [builder.py:2321]           [INFO]     | Trakt Popular Movies Collection | ? | Frozen (2013) (TMDb: 109445)                                 |
[2022-11-16 22:17:01,728] [builder.py:2321]           [INFO]     | Trakt Popular Movies Collection | ? | The Wolf of Wall Street (2013) (TMDb: 106646)                |
[2022-11-16 22:17:01,728] [builder.py:2326]           [INFO]     |                                                                                                    |
[2022-11-16 22:17:01,728] [builder.py:2327]           [INFO]     | 16 Movies Missing                                                                                  |
[2022-11-16 22:17:05,072] [plex_meta_manager.py:736]  [INFO]     |                                                                                                    |
[2022-11-16 22:17:05,072] [plex_meta_manager.py:737]  [INFO]     |====================================================================================================|
[2022-11-16 22:17:05,073] [plex_meta_manager.py:737]  [INFO]     |                              Finished Trakt Popular Movies Collection                              |
[2022-11-16 22:17:05,073] [plex_meta_manager.py:737]  [INFO]     |                                    Collection Run Time: 0:00:03                                    |
[2022-11-16 22:17:05,073] [plex_meta_manager.py:737]  [INFO]     |====================================================================================================|
