[2022-11-25 15:42:43,194] [builder.py:193]            [INFO]     |====================================================================================================|
[2022-11-25 15:42:43,194] [builder.py:193]            [INFO]     |                                 Emmys 2017 Collection in TV Shows                                  |
[2022-11-25 15:42:43,195] [builder.py:193]            [INFO]     |====================================================================================================|
[2022-11-25 15:42:43,195] [builder.py:194]            [INFO]     |                                                                                                    |
[2022-11-25 15:42:43,195] [builder.py:199]            [INFO]     |================================ Building Definition From Templates ================================|
[2022-11-25 15:42:43,195] [builder.py:215]            [DEBUG]    |                                                                                                    |
[2022-11-25 15:42:43,195] [meta.py:210]               [DEBUG]    |================================== Template use_year_collections ===================================|
[2022-11-25 15:42:43,196] [meta.py:451]               [DEBUG]    |                                                                                                    |
[2022-11-25 15:42:43,198] [meta.py:210]               [DEBUG]    |========================================== Template imdb ===========================================|
[2022-11-25 15:42:43,199] [meta.py:451]               [DEBUG]    |                                                                                                    |
[2022-11-25 15:42:43,202] [meta.py:210]               [DEBUG]    |========================================= Template shared ==========================================|
[2022-11-25 15:42:43,203] [meta.py:451]               [DEBUG]    |                                                                                                    |
[2022-11-25 15:42:43,225] [meta.py:210]               [DEBUG]    |=========================================== Template arr ===========================================|
[2022-11-25 15:42:43,227] [meta.py:451]               [DEBUG]    |                                                                                                    |
[2022-11-25 15:42:43,239] [meta.py:210]               [DEBUG]    |========================================= Template custom ==========================================|
[2022-11-25 15:42:43,239] [meta.py:451]               [DEBUG]    |                                                                                                    |
[2022-11-25 15:42:43,245] [meta.py:512]               [DEBUG]    |                                                                                                    |
[2022-11-25 15:42:43,248] [meta.py:513]               [DEBUG]    |==================================== Final Template Attributes =====================================|
[2022-11-25 15:42:43,248] [meta.py:514]               [DEBUG]    |                                                                                                    |
[2022-11-25 15:42:43,248] [meta.py:515]               [DEBUG]    | {'imdb_list': 'https://www.imdb.com/search/title/?release_date=2017-01-01,2017-12-31&groups=emmy_winner&sort=moviemeter,asc', 'ignore_blank_results': True, 'sort_title': '!16_Emmys 2017', 'url_poster': 'https://raw.githubusercontent.com/meisnate12/Plex-Meta-Manager-Images/master/award/emmys/winner/2017.jpg', 'collection_order': 'custom', 'sync_mode': 'sync', 'cache_builders': 1} |
[2022-11-25 15:42:43,248] [meta.py:516]               [DEBUG]    |                                                                                                    |
[2022-11-25 15:42:43,248] [builder.py:223]            [INFO]     |================================= Validating Emmys 2017 Attributes =================================|
[2022-11-25 15:42:43,248] [builder.py:502]            [DEBUG]    |                                                                                                    |
[2022-11-25 15:42:43,248] [builder.py:503]            [DEBUG]    | Validating Method: ignore_blank_results                                                            |
[2022-11-25 15:42:43,249] [builder.py:504]            [DEBUG]    | Value: True                                                                                        |
[2022-11-25 15:42:43,249] [builder.py:516]            [DEBUG]    |                                                                                                    |
[2022-11-25 15:42:43,249] [builder.py:517]            [DEBUG]    | Validating Method: sync_mode                                                                       |
[2022-11-25 15:42:43,249] [builder.py:521]            [DEBUG]    | Value: sync                                                                                        |
[2022-11-25 15:42:43,249] [builder.py:613]            [DEBUG]    |                                                                                                    |
[2022-11-25 15:42:43,249] [builder.py:614]            [DEBUG]    | Validating Method: collection_order                                                                |
[2022-11-25 15:42:43,249] [builder.py:615]            [DEBUG]    | Value: custom                                                                                      |
[2022-11-25 15:42:43,250] [builder.py:646]            [DEBUG]    |                                                                                                    |
[2022-11-25 15:42:43,250] [builder.py:650]            [DEBUG]    | Validating Method: label                                                                           |
[2022-11-25 15:42:43,250] [builder.py:651]            [DEBUG]    | Value: Emmy Awards                                                                                 |
[2022-11-25 15:42:43,250] [builder.py:646]            [DEBUG]    |                                                                                                    |
[2022-11-25 15:42:43,250] [builder.py:650]            [DEBUG]    | Validating Method: imdb_list                                                                       |
[2022-11-25 15:42:43,251] [builder.py:651]            [DEBUG]    | Value: https://www.imdb.com/search/title/?release_date=2017-01-01,2017-12-31&groups=emmy_winner&sort=moviemeter,asc |
[2022-11-25 15:42:43,549] [builder.py:646]            [DEBUG]    |                                                                                                    |
[2022-11-25 15:42:43,551] [builder.py:650]            [DEBUG]    | Validating Method: sort_title                                                                      |
[2022-11-25 15:42:43,551] [builder.py:651]            [DEBUG]    | Value: !16_Emmys 2017                                                                              |
[2022-11-25 15:42:43,552] [builder.py:646]            [DEBUG]    |                                                                                                    |
[2022-11-25 15:42:43,552] [builder.py:650]            [DEBUG]    | Validating Method: url_poster                                                                      |
[2022-11-25 15:42:43,553] [builder.py:651]            [DEBUG]    | Value: https://raw.githubusercontent.com/meisnate12/Plex-Meta-Manager-Images/master/award/emmys/winner/2017.jpg |
[2022-11-25 15:42:43,669] [builder.py:646]            [DEBUG]    |                                                                                                    |
[2022-11-25 15:42:43,669] [builder.py:650]            [DEBUG]    | Validating Method: cache_builders                                                                  |
[2022-11-25 15:42:43,670] [builder.py:651]            [DEBUG]    | Value: 1                                                                                           |
[2022-11-25 15:42:43,708] [builder.py:814]            [INFO]     |                                                                                                    |
[2022-11-25 15:42:43,708] [builder.py:815]            [INFO]     | Validation Successful                                                                              |
[2022-11-25 15:42:43,708] [plex_meta_manager.py:594]  [INFO]     |                                                                                                    |
[2022-11-25 15:42:43,708] [plex_meta_manager.py:596]  [INFO]     |================================== Running Emmys 2017 Collection ===================================|
[2022-11-25 15:42:43,708] [plex_meta_manager.py:608]  [INFO]     |                                                                                                    |
[2022-11-25 15:42:43,709] [plex_meta_manager.py:609]  [INFO]     | Sync Mode: sync                                                                                    |
[2022-11-25 15:42:43,709] [plex_meta_manager.py:612]  [DEBUG]    |                                                                                                    |
[2022-11-25 15:42:43,709] [plex_meta_manager.py:613]  [DEBUG]    | Builder: imdb_list: {'url': 'https://www.imdb.com/search/title/?release_date=2017-01-01,2017-12-31&groups=emmy_winner&sort=moviemeter,asc', 'limit': 0} |
[2022-11-25 15:42:43,709] [plex_meta_manager.py:614]  [INFO]     |                                                                                                    |
[2022-11-25 15:42:43,711] [builder.py:1523]           [INFO]     | Builder: imdb_list loaded from Cache                                                               |
[2022-11-25 15:42:43,717] [builder.py:1574]           [DEBUG]    |                                                                                                    |
[2022-11-25 15:42:43,717] [builder.py:1575]           [DEBUG]    | 36 IDs Found                                                                                       |
[2022-11-25 15:42:43,717] [builder.py:1577]           [DEBUG]    |                                                                                                    |
[2022-11-25 15:42:43,765] [builder.py:1637]           [WARNING]  | Convert Error: No TMDb ID Found for IMDb ID: tt5850440                                             |
[2022-11-25 15:42:43,776] [builder.py:1637]           [WARNING]  | Convert Error: No TMDb ID Found for IMDb ID: tt7149678                                             |
[2022-11-25 15:42:43,784] [builder.py:1637]           [WARNING]  | Convert Error: No TMDb ID Found for IMDb ID: tt6886518                                             |
[2022-11-25 15:42:43,793] [builder.py:1637]           [WARNING]  | Convert Error: No TMDb ID Found for IMDb ID: tt10655258                                            |
[2022-11-25 15:42:43,802] [builder.py:1637]           [WARNING]  | Convert Error: No TMDb ID Found for IMDb ID: tt6393222                                             |
[2022-11-25 15:42:43,812] [builder.py:1637]           [WARNING]  | Convert Error: No TMDb ID Found for IMDb ID: tt7374730                                             |
[2022-11-25 15:42:43,820] [builder.py:1637]           [WARNING]  | Convert Error: No TMDb ID Found for IMDb ID: tt6966978                                             |
[2022-11-25 15:42:43,829] [builder.py:1637]           [WARNING]  | Convert Error: No TMDb ID Found for IMDb ID: tt7600690                                             |
[2022-11-25 15:42:43,829] [builder.py:2158]           [INFO]     |                                                                                                    |
[2022-11-25 15:42:43,829] [builder.py:2159]           [INFO]     |================================= Adding to Emmys 2017 Collection ==================================|
[2022-11-25 15:42:43,829] [builder.py:2160]           [INFO]     |                                                                                                    |
[2022-11-25 15:42:43,830] [builder.py:2174]           [INFO]     | 1/2 | Emmys 2017 Collection | = | Ozark                                                            |
[2022-11-25 15:42:43,830] [builder.py:2174]           [INFO]     | 2/2 | Emmys 2017 Collection | = | Star Trek: Discovery                                             |
[2022-11-25 15:42:43,830] [builder.py:2194]           [INFO]     |                                                                                                    |
[2022-11-25 15:42:43,830] [builder.py:2196]           [INFO]     | 2 Shows Processed 0 Shows Added                                                                    |
[2022-11-25 15:42:43,830] [builder.py:2306]           [INFO]     |                                                                                                    |
[2022-11-25 15:42:43,830] [builder.py:2307]           [INFO]     |============================== Missing Movies from Library: TV Shows ===============================|
[2022-11-25 15:42:43,830] [builder.py:2308]           [INFO]     |                                                                                                    |
[2022-11-25 15:42:43,868] [builder.py:2321]           [INFO]     | Emmys 2017 Collection | ? | Five Came Back (2017) (TMDb: 449758)                                   |
[2022-11-25 15:42:43,886] [builder.py:2321]           [INFO]     | Emmys 2017 Collection | ? | Hey Arnold! The Jungle Movie (2017) (TMDb: 439058)                     |
[2022-11-25 15:42:43,898] [builder.py:2321]           [INFO]     | Emmys 2017 Collection | ? | Jane (2017) (TMDb: 470819)                                             |
[2022-11-25 15:42:43,911] [builder.py:2321]           [INFO]     | Emmys 2017 Collection | ? | Strong Island (2017) (TMDb: 428612)                                    |
[2022-11-25 15:42:43,931] [builder.py:2321]           [INFO]     | Emmys 2017 Collection | ? | LA 92 (2017) (TMDb: 450875)                                            |
[2022-11-25 15:42:43,941] [builder.py:2321]           [INFO]     | Emmys 2017 Collection | ? | Dave Chappelle: Equanimity (2017) (TMDb: 488223)                       |
[2022-11-25 15:42:43,952] [builder.py:2321]           [INFO]     | Emmys 2017 Collection | ? | Wasted! The Story of Food Waste (2017) (TMDb: 453974)                  |
[2022-11-25 15:42:43,964] [builder.py:2321]           [INFO]     | Emmys 2017 Collection | ? | Dropping The Soap (2017) (TMDb: 748473)                                |
[2022-11-25 15:42:43,977] [builder.py:2321]           [INFO]     | Emmys 2017 Collection | ? | March of the Penguins 2: The Next Step (2017) (TMDb: 405931)           |
[2022-11-25 15:42:43,994] [builder.py:2321]           [INFO]     | Emmys 2017 Collection | ? | Sesame Street: The Magical Wand Chase (2017) (TMDb: 540480)            |
[2022-11-25 15:42:44,006] [builder.py:2325]           [INFO]     | Emmys 2017 Collection | X | The People's House: Inside the White House with Barack and Michelle Obama (TMDb: 817402) |
[2022-11-25 15:42:44,023] [builder.py:2321]           [INFO]     | Emmys 2017 Collection | ? | Carpool Karaoke Primetime Special 2017 (2017) (TMDb: 540485)           |
[2022-11-25 15:42:44,023] [builder.py:2326]           [INFO]     |                                                                                                    |
[2022-11-25 15:42:44,023] [builder.py:2327]           [INFO]     | 11 Movies Missing                                                                                  |
[2022-11-25 15:42:45,961] [builder.py:2352]           [INFO]     |                                                                                                    |
[2022-11-25 15:42:45,961] [builder.py:2353]           [INFO]     |============================== Missing Shows from Library: Emmys 2017 ==============================|
[2022-11-25 15:42:45,961] [builder.py:2354]           [INFO]     |                                                                                                    |
[2022-11-25 15:42:46,023] [builder.py:2366]           [INFO]     | Emmys 2017 Collection | ? | The Handmaid's Tale (TVDb: 321239)                                     |
[2022-11-25 15:42:46,058] [builder.py:2366]           [INFO]     | Emmys 2017 Collection | ? | Big Mouth (TVDb: 331431)                                               |
[2022-11-25 15:42:46,091] [builder.py:2366]           [INFO]     | Emmys 2017 Collection | ? | The Marvelous Mrs. Maisel (TVDb: 326791)                               |
[2022-11-25 15:42:46,113] [builder.py:2366]           [INFO]     | Emmys 2017 Collection | ? | Big Little Lies (TVDb: 305719)                                         |
[2022-11-25 15:42:46,128] [builder.py:2366]           [INFO]     | Emmys 2017 Collection | ? | Godless (TVDb: 333801)                                                 |
[2022-11-25 15:42:46,152] [builder.py:2366]           [INFO]     | Emmys 2017 Collection | ? | Feud (TVDb: 322466)                                                    |
[2022-11-25 15:42:46,177] [builder.py:2366]           [INFO]     | Emmys 2017 Collection | ? | GLOW (TVDb: 324835)                                                    |
[2022-11-25 15:42:46,203] [builder.py:2366]           [INFO]     | Emmys 2017 Collection | ? | Counterpart (TVDb: 337302)                                             |
[2022-11-25 15:42:46,236] [builder.py:2366]           [INFO]     | Emmys 2017 Collection | ? | One Day at a Time (2017) (TVDb: 318363)                                |
[2022-11-25 15:42:46,264] [builder.py:2366]           [INFO]     | Emmys 2017 Collection | ? | Genius (2017) (TVDb: 322399)                                           |
[2022-11-25 15:42:46,300] [builder.py:2366]           [INFO]     | Emmys 2017 Collection | ? | Blue Planet II (TVDb: 330942)                                          |
[2022-11-25 15:42:46,430] [builder.py:2366]           [INFO]     | Emmys 2017 Collection | ? | World of Dance (TVDb: 325623)                                          |
[2022-11-25 15:42:46,562] [builder.py:2366]           [INFO]     | Emmys 2017 Collection | ? | Better Call Saul: Employee Training (TVDb: 365403)                     |
[2022-11-25 15:42:46,594] [builder.py:2366]           [INFO]     | Emmys 2017 Collection | ? | Carpool Karaoke: The Series (TVDb: 332954)                             |
[2022-11-25 15:42:46,594] [builder.py:2371]           [INFO]     |                                                                                                    |
[2022-11-25 15:42:46,594] [builder.py:2372]           [INFO]     | 14 Shows Missing                                                                                   |
[2022-11-25 15:42:47,506] [sonarr.py:70]              [INFO]     |                                                                                                    |
[2022-11-25 15:42:47,506] [sonarr.py:71]              [INFO]     |===================================== Adding Missing to Sonarr =====================================|
[2022-11-25 15:42:47,507] [sonarr.py:72]              [DEBUG]    |                                                                                                    |
[2022-11-25 15:42:47,507] [sonarr.py:73]              [DEBUG]    | Sonarr Adds: [321239, 331431, 326791, 305719, 333801, 322466, 324835, 337302, 318363, 322399, 330942, 325623, 365403, 332954] |
[2022-11-25 15:43:12,084] [sonarr.py:170]             [INFO]     |                                                                                                    |
[2022-11-25 15:43:12,084] [sonarr.py:186]             [INFO]     | Skipped: In Cache | 321239                                                                         |
[2022-11-25 15:43:12,084] [sonarr.py:186]             [INFO]     | Skipped: In Cache | 331431                                                                         |
[2022-11-25 15:43:12,085] [sonarr.py:186]             [INFO]     | Skipped: In Cache | 326791                                                                         |
[2022-11-25 15:43:12,085] [sonarr.py:186]             [INFO]     | Skipped: In Cache | 305719                                                                         |
[2022-11-25 15:43:12,085] [sonarr.py:186]             [INFO]     | Skipped: In Cache | 333801                                                                         |
[2022-11-25 15:43:12,085] [sonarr.py:186]             [INFO]     | Skipped: In Cache | 322466                                                                         |
[2022-11-25 15:43:12,085] [sonarr.py:186]             [INFO]     | Skipped: In Cache | 324835                                                                         |
[2022-11-25 15:43:12,085] [sonarr.py:186]             [INFO]     | Skipped: In Cache | 337302                                                                         |
[2022-11-25 15:43:12,085] [sonarr.py:186]             [INFO]     | Skipped: In Cache | 318363                                                                         |
[2022-11-25 15:43:12,085] [sonarr.py:186]             [INFO]     | Skipped: In Cache | 322399                                                                         |
[2022-11-25 15:43:12,085] [sonarr.py:186]             [INFO]     | Skipped: In Cache | 330942                                                                         |
[2022-11-25 15:43:12,085] [sonarr.py:186]             [INFO]     | Skipped: In Cache | 325623                                                                         |
[2022-11-25 15:43:12,085] [sonarr.py:186]             [INFO]     | Skipped: In Cache | 365403                                                                         |
[2022-11-25 15:43:12,085] [sonarr.py:186]             [INFO]     | Skipped: In Cache | 332954                                                                         |
[2022-11-25 15:43:12,085] [sonarr.py:187]             [INFO]     | 14 Series already exist in Sonarr                                                                  |
[2022-11-25 15:43:12,156] [builder.py:2527]           [INFO]     |                                                                                                    |
[2022-11-25 15:43:12,156] [builder.py:2528]           [INFO]     |============================ Updating Details of Emmys 2017 Collection =============================|
[2022-11-25 15:43:12,157] [builder.py:2529]           [INFO]     |                                                                                                    |
[2022-11-25 15:43:12,164] [builder.py:2595]           [INFO]     | Collection Metadata Edits                                                                          |
[2022-11-25 15:43:12,164] [util.py:174]               [DEBUG]    | 1 poster found:                                                                                    |
[2022-11-25 15:43:12,164] [util.py:176]               [DEBUG]    | Method: url_poster Poster: https://raw.githubusercontent.com/meisnate12/Plex-Meta-Manager-Images/master/award/emmys/winner/2017.jpg |
[2022-11-25 15:43:12,165] [library.py:180]            [INFO]     | Detail: poster update not needed                                                                   |
[2022-11-25 15:43:12,215] [builder.py:2686]           [INFO]     |                                                                                                    |
[2022-11-25 15:43:12,215] [builder.py:2687]           [INFO]     |================================== Sorting Emmys 2017 Collection ===================================|
[2022-11-25 15:43:12,216] [builder.py:2688]           [INFO]     |                                                                                                    |
[2022-11-25 15:43:12,216] [plex_meta_manager.py:736]  [INFO]     |                                                                                                    |
[2022-11-25 15:43:12,216] [plex_meta_manager.py:737]  [INFO]     |====================================================================================================|
[2022-11-25 15:43:12,216] [plex_meta_manager.py:737]  [INFO]     |                                   Finished Emmys 2017 Collection                                   |
[2022-11-25 15:43:12,216] [plex_meta_manager.py:737]  [INFO]     |                                    Collection Run Time: 0:00:29                                    |
[2022-11-25 15:43:12,216] [plex_meta_manager.py:737]  [INFO]     |====================================================================================================|
