[2022-11-16 23:50:18,019] [builder.py:193]            [INFO]     |====================================================================================================|
[2022-11-16 23:50:18,019] [builder.py:193]            [INFO]     |                             Trakt Recommended Collection in New Movies                             |
[2022-11-16 23:50:18,019] [builder.py:193]            [INFO]     |====================================================================================================|
[2022-11-16 23:50:18,019] [builder.py:194]            [INFO]     |                                                                                                    |
[2022-11-16 23:50:18,020] [builder.py:199]            [INFO]     |================================ Building Definition From Templates ================================|
[2022-11-16 23:50:18,020] [builder.py:209]            [DEBUG]    |                                                                                                    |
[2022-11-16 23:50:18,020] [builder.py:210]            [DEBUG]    | Validating Method: variables                                                                       |
[2022-11-16 23:50:18,020] [builder.py:215]            [DEBUG]    |                                                                                                    |
[2022-11-16 23:50:18,020] [meta.py:210]               [DEBUG]    |========================================== Template trakt ==========================================|
[2022-11-16 23:50:18,020] [meta.py:451]               [DEBUG]    |                                                                                                    |
[2022-11-16 23:50:18,023] [meta.py:210]               [DEBUG]    |========================================= Template shared ==========================================|
[2022-11-16 23:50:18,024] [meta.py:451]               [DEBUG]    |                                                                                                    |
[2022-11-16 23:50:18,035] [meta.py:210]               [DEBUG]    |=========================================== Template arr ===========================================|
[2022-11-16 23:50:18,036] [meta.py:451]               [DEBUG]    |                                                                                                    |
[2022-11-16 23:50:18,042] [meta.py:210]               [DEBUG]    |========================================= Template custom ==========================================|
[2022-11-16 23:50:18,042] [meta.py:451]               [DEBUG]    |                                                                                                    |
[2022-11-16 23:50:18,047] [meta.py:210]               [DEBUG]    |======================================= Template translation =======================================|
[2022-11-16 23:50:18,048] [meta.py:451]               [DEBUG]    |                                                                                                    |
[2022-11-16 23:50:18,051] [meta.py:512]               [DEBUG]    |                                                                                                    |
[2022-11-16 23:50:18,051] [meta.py:513]               [DEBUG]    |==================================== Final Template Attributes =====================================|
[2022-11-16 23:50:18,051] [meta.py:514]               [DEBUG]    |                                                                                                    |
[2022-11-16 23:50:18,052] [meta.py:515]               [DEBUG]    | {'trakt_chart': {'chart': 'recommended', 'limit': 100}, 'ignore_blank_results': True, 'collection_mode': 'hide', 'sort_title': '!01_Trakt Recommended', 'url_poster': 'https://raw.githubusercontent.com/meisnate12/Plex-Meta-Manager-Images/master/chart/Trakt%20Recommended.jpg', 'collection_order': 'custom', 'sync_mode': 'sync', 'cache_builders': 1, 'summary': "A collection of Trakt's Weekly Trakt Recommended List.", 'name': 'Trakt Recommended'} |
[2022-11-16 23:50:18,052] [meta.py:516]               [DEBUG]    |                                                                                                    |
[2022-11-16 23:50:18,052] [builder.py:223]            [INFO]     |============================= Validating Trakt Recommended Attributes ==============================|
[2022-11-16 23:50:18,052] [builder.py:226]            [DEBUG]    |                                                                                                    |
[2022-11-16 23:50:18,052] [builder.py:227]            [DEBUG]    | Validating Method: name                                                                            |
[2022-11-16 23:50:18,052] [builder.py:230]            [DEBUG]    | Value: Trakt Recommended                                                                           |
[2022-11-16 23:50:18,052] [builder.py:502]            [DEBUG]    |                                                                                                    |
[2022-11-16 23:50:18,052] [builder.py:503]            [DEBUG]    | Validating Method: ignore_blank_results                                                            |
[2022-11-16 23:50:18,052] [builder.py:504]            [DEBUG]    | Value: True                                                                                        |
[2022-11-16 23:50:18,053] [builder.py:516]            [DEBUG]    |                                                                                                    |
[2022-11-16 23:50:18,053] [builder.py:517]            [DEBUG]    | Validating Method: sync_mode                                                                       |
[2022-11-16 23:50:18,053] [builder.py:521]            [DEBUG]    | Value: sync                                                                                        |
[2022-11-16 23:50:18,053] [builder.py:613]            [DEBUG]    |                                                                                                    |
[2022-11-16 23:50:18,053] [builder.py:614]            [DEBUG]    | Validating Method: collection_order                                                                |
[2022-11-16 23:50:18,053] [builder.py:615]            [DEBUG]    | Value: custom                                                                                      |
[2022-11-16 23:50:18,053] [builder.py:646]            [DEBUG]    |                                                                                                    |
[2022-11-16 23:50:18,053] [builder.py:650]            [DEBUG]    | Validating Method: trakt_chart                                                                     |
[2022-11-16 23:50:18,054] [builder.py:651]            [DEBUG]    | Value: {'chart': 'recommended', 'limit': 100}                                                      |
[2022-11-16 23:50:18,054] [builder.py:646]            [DEBUG]    |                                                                                                    |
[2022-11-16 23:50:18,054] [builder.py:650]            [DEBUG]    | Validating Method: collection_mode                                                                 |
[2022-11-16 23:50:18,054] [builder.py:651]            [DEBUG]    | Value: hide                                                                                        |
[2022-11-16 23:50:18,054] [builder.py:646]            [DEBUG]    |                                                                                                    |
[2022-11-16 23:50:18,054] [builder.py:650]            [DEBUG]    | Validating Method: sort_title                                                                      |
[2022-11-16 23:50:18,054] [builder.py:651]            [DEBUG]    | Value: !01_Trakt Recommended                                                                       |
[2022-11-16 23:50:18,054] [builder.py:646]            [DEBUG]    |                                                                                                    |
[2022-11-16 23:50:18,055] [builder.py:650]            [DEBUG]    | Validating Method: url_poster                                                                      |
[2022-11-16 23:50:18,055] [builder.py:651]            [DEBUG]    | Value: https://raw.githubusercontent.com/meisnate12/Plex-Meta-Manager-Images/master/chart/Trakt%20Recommended.jpg |
[2022-11-16 23:50:18,185] [builder.py:646]            [DEBUG]    |                                                                                                    |
[2022-11-16 23:50:18,185] [builder.py:650]            [DEBUG]    | Validating Method: cache_builders                                                                  |
[2022-11-16 23:50:18,185] [builder.py:651]            [DEBUG]    | Value: 1                                                                                           |
[2022-11-16 23:50:18,186] [builder.py:646]            [DEBUG]    |                                                                                                    |
[2022-11-16 23:50:18,186] [builder.py:650]            [DEBUG]    | Validating Method: summary                                                                         |
[2022-11-16 23:50:18,186] [builder.py:651]            [DEBUG]    | Value: A collection of Trakt's Weekly Trakt Recommended List.                                      |
[2022-11-16 23:50:18,230] [builder.py:814]            [INFO]     |                                                                                                    |
[2022-11-16 23:50:18,230] [builder.py:815]            [INFO]     | Validation Successful                                                                              |
[2022-11-16 23:50:18,230] [plex_meta_manager.py:594]  [INFO]     |                                                                                                    |
[2022-11-16 23:50:18,231] [plex_meta_manager.py:596]  [INFO]     |=============================== Running Trakt Recommended Collection ===============================|
[2022-11-16 23:50:18,231] [plex_meta_manager.py:608]  [INFO]     |                                                                                                    |
[2022-11-16 23:50:18,231] [plex_meta_manager.py:609]  [INFO]     | Sync Mode: sync                                                                                    |
[2022-11-16 23:50:18,231] [plex_meta_manager.py:612]  [DEBUG]    |                                                                                                    |
[2022-11-16 23:50:18,231] [plex_meta_manager.py:613]  [DEBUG]    | Builder: trakt_chart: {'chart': 'recommended', 'limit': 100, 'time_period': None}                  |
[2022-11-16 23:50:18,231] [plex_meta_manager.py:614]  [INFO]     |                                                                                                    |
[2022-11-16 23:50:18,232] [builder.py:1523]           [INFO]     | Builder: trakt_chart loaded from Cache                                                             |
[2022-11-16 23:50:18,233] [builder.py:1574]           [DEBUG]    |                                                                                                    |
[2022-11-16 23:50:18,234] [builder.py:1575]           [DEBUG]    | 100 IDs Found                                                                                      |
[2022-11-16 23:50:18,234] [builder.py:1577]           [DEBUG]    |                                                                                                    |
[2022-11-16 23:50:18,234] [builder.py:2158]           [INFO]     |                                                                                                    |
[2022-11-16 23:50:18,234] [builder.py:2159]           [INFO]     |============================== Adding to Trakt Recommended Collection ==============================|
[2022-11-16 23:50:18,235] [builder.py:2160]           [INFO]     |                                                                                                    |
[2022-11-16 23:50:18,235] [builder.py:2174]           [INFO]     |  1/11 | Trakt Recommended Collection | = | Enola Holmes 2 (2022)                                   |
[2022-11-16 23:50:18,235] [builder.py:2174]           [INFO]     |  2/11 | Trakt Recommended Collection | = | Top Gun: Maverick (2022)                                |
[2022-11-16 23:50:18,235] [builder.py:2174]           [INFO]     |  3/11 | Trakt Recommended Collection | = | The Batman (2022)                                       |
[2022-11-16 23:50:18,235] [builder.py:2174]           [INFO]     |  4/11 | Trakt Recommended Collection | = | Bullet Train (2022)                                     |
[2022-11-16 23:50:18,235] [builder.py:2174]           [INFO]     |  5/11 | Trakt Recommended Collection | + | Don't Worry Darling (2022)                              |
[2022-11-16 23:50:18,327] [builder.py:2174]           [INFO]     |  6/11 | Trakt Recommended Collection | = | The Woman King (2022)                                   |
[2022-11-16 23:50:18,327] [builder.py:2174]           [INFO]     |  7/11 | Trakt Recommended Collection | = | Prey (2022)                                             |
[2022-11-16 23:50:18,328] [builder.py:2174]           [INFO]     |  8/11 | Trakt Recommended Collection | = | See How They Run (2022)                                 |
[2022-11-16 23:50:18,328] [builder.py:2174]           [INFO]     |  9/11 | Trakt Recommended Collection | + | Amsterdam (2022)                                        |
[2022-11-16 23:50:18,395] [builder.py:2174]           [INFO]     | 10/11 | Trakt Recommended Collection | = | R.I.P.D. 2: Rise of the Damned (2022)                   |
[2022-11-16 23:50:18,396] [builder.py:2174]           [INFO]     | 11/11 | Trakt Recommended Collection | = | Ticket to Paradise (2022)                               |
[2022-11-16 23:50:21,862] [builder.py:2194]           [INFO]     |                                                                                                    |
[2022-11-16 23:50:21,862] [builder.py:2196]           [INFO]     | 11 Movies Processed 2 Movies Added                                                                 |
[2022-11-16 23:50:21,862] [builder.py:2204]           [INFO]     |                                                                                                    |
[2022-11-16 23:50:21,863] [builder.py:2205]           [INFO]     |============================ Removed from Trakt Recommended Collection =============================|
[2022-11-16 23:50:21,863] [builder.py:2206]           [INFO]     |                                                                                                    |
[2022-11-16 23:50:21,863] [builder.py:2211]           [INFO]     | 1/3 | Trakt Recommended Collection | - | The Outfit (2022)                                         |
[2022-11-16 23:50:23,747] [builder.py:2211]           [INFO]     | 2/3 | Trakt Recommended Collection | - | The Good Nurse (2022)                                     |
[2022-11-16 23:50:25,822] [builder.py:2211]           [INFO]     | 3/3 | Trakt Recommended Collection | - | On the Line (2022)                                        |
[2022-11-16 23:50:33,366] [builder.py:2223]           [INFO]     |                                                                                                    |
[2022-11-16 23:50:33,366] [builder.py:2224]           [INFO]     | 3 Movie Removed                                                                                    |
[2022-11-16 23:50:33,366] [builder.py:2306]           [INFO]     |                                                                                                    |
[2022-11-16 23:50:33,367] [builder.py:2307]           [INFO]     |============================= Missing Movies from Library: New Movies ==============================|
[2022-11-16 23:50:33,367] [builder.py:2308]           [INFO]     |                                                                                                    |
[2022-11-16 23:50:33,380] [builder.py:2321]           [INFO]     | Trakt Recommended Collection | ? | Black Panther: Wakanda Forever (2022) (TMDb: 505642)            |
[2022-11-16 23:50:33,391] [builder.py:2321]           [INFO]     | Trakt Recommended Collection | ? | Black Adam (2022) (TMDb: 436270)                                |
[2022-11-16 23:50:33,403] [builder.py:2321]           [INFO]     | Trakt Recommended Collection | ? | Weird: The Al Yankovic Story (2022) (TMDb: 928344)              |
[2022-11-16 23:50:33,414] [builder.py:2321]           [INFO]     | Trakt Recommended Collection | ? | Guardians of the Galaxy (2014) (TMDb: 118340)                   |
[2022-11-16 23:50:33,425] [builder.py:2321]           [INFO]     | Trakt Recommended Collection | ? | Interstellar (2014) (TMDb: 157336)                              |
[2022-11-16 23:50:33,441] [builder.py:2321]           [INFO]     | Trakt Recommended Collection | ? | All Quiet on the Western Front (2022) (TMDb: 49046)             |
[2022-11-16 23:50:33,453] [builder.py:2321]           [INFO]     | Trakt Recommended Collection | ? | Smile (2022) (TMDb: 882598)                                     |
[2022-11-16 23:50:33,464] [builder.py:2321]           [INFO]     | Trakt Recommended Collection | ? | Everything Everywhere All at Once (2022) (TMDb: 545611)         |
[2022-11-16 23:50:33,475] [builder.py:2321]           [INFO]     | Trakt Recommended Collection | ? | Deadpool (2016) (TMDb: 293660)                                  |
[2022-11-16 23:50:33,487] [builder.py:2321]           [INFO]     | Trakt Recommended Collection | ? | Pulp Fiction (1994) (TMDb: 680)                                 |
[2022-11-16 23:50:33,499] [builder.py:2321]           [INFO]     | Trakt Recommended Collection | ? | Parasite (2019) (TMDb: 496243)                                  |
[2022-11-16 23:50:33,511] [builder.py:2321]           [INFO]     | Trakt Recommended Collection | ? | The Martian (2015) (TMDb: 286217)                               |
[2022-11-16 23:50:33,522] [builder.py:2321]           [INFO]     | Trakt Recommended Collection | ? | The Matrix (1999) (TMDb: 603)                                   |
[2022-11-16 23:50:33,533] [builder.py:2321]           [INFO]     | Trakt Recommended Collection | ? | Ex Machina (2015) (TMDb: 264660)                                |
[2022-11-16 23:50:33,560] [builder.py:2321]           [INFO]     | Trakt Recommended Collection | ? | The Lord of the Rings: The Fellowship of the Ring (2001) (TMDb: 120) |
[2022-11-16 23:50:33,572] [builder.py:2321]           [INFO]     | Trakt Recommended Collection | ? | The Shawshank Redemption (1994) (TMDb: 278)                     |
[2022-11-16 23:50:33,584] [builder.py:2321]           [INFO]     | Trakt Recommended Collection | ? | 12 Angry Men (1957) (TMDb: 389)                                 |
[2022-11-16 23:50:33,610] [builder.py:2321]           [INFO]     | Trakt Recommended Collection | ? | Blade Runner 2049 (2017) (TMDb: 335984)                         |
[2022-11-16 23:50:33,623] [builder.py:2321]           [INFO]     | Trakt Recommended Collection | ? | V for Vendetta (2006) (TMDb: 752)                               |
[2022-11-16 23:50:33,635] [builder.py:2321]           [INFO]     | Trakt Recommended Collection | ? | The Truman Show (1998) (TMDb: 37165)                            |
[2022-11-16 23:50:33,649] [builder.py:2321]           [INFO]     | Trakt Recommended Collection | ? | Rogue One: A Star Wars Story (2016) (TMDb: 330459)              |
[2022-11-16 23:50:33,661] [builder.py:2321]           [INFO]     | Trakt Recommended Collection | ? | Knives Out (2019) (TMDb: 546554)                                |
[2022-11-16 23:50:33,673] [builder.py:2321]           [INFO]     | Trakt Recommended Collection | ? | Reservoir Dogs (1992) (TMDb: 500)                               |
[2022-11-16 23:50:33,684] [builder.py:2321]           [INFO]     | Trakt Recommended Collection | ? | Back to the Future (1985) (TMDb: 105)                           |
[2022-11-16 23:50:33,700] [builder.py:2321]           [INFO]     | Trakt Recommended Collection | ? | Edge of Tomorrow (2014) (TMDb: 137113)                          |
[2022-11-16 23:50:33,710] [builder.py:2321]           [INFO]     | Trakt Recommended Collection | ? | Fight Club (1999) (TMDb: 550)                                   |
[2022-11-16 23:50:33,726] [builder.py:2321]           [INFO]     | Trakt Recommended Collection | ? | Star Wars (1977) (TMDb: 11)                                     |
[2022-11-16 23:50:33,742] [builder.py:2321]           [INFO]     | Trakt Recommended Collection | ? | Memento (2000) (TMDb: 77)                                       |
[2022-11-16 23:50:33,754] [builder.py:2321]           [INFO]     | Trakt Recommended Collection | ? | WALL·E (2008) (TMDb: 10681)                                     |
[2022-11-16 23:50:33,775] [builder.py:2321]           [INFO]     | Trakt Recommended Collection | ? | Dunkirk (2017) (TMDb: 374720)                                   |
[2022-11-16 23:50:33,787] [builder.py:2321]           [INFO]     | Trakt Recommended Collection | ? | Inside Out (2015) (TMDb: 150540)                                |
[2022-11-16 23:50:33,799] [builder.py:2321]           [INFO]     | Trakt Recommended Collection | ? | Harry Potter and the Philosopher's Stone (2001) (TMDb: 671)     |
[2022-11-16 23:50:33,817] [builder.py:2321]           [INFO]     | Trakt Recommended Collection | ? | Down To The Bone (2009) (TMDb: 965164)                          |
[2022-11-16 23:50:33,834] [builder.py:2321]           [INFO]     | Trakt Recommended Collection | ? | The Addams Family (1991) (TMDb: 2907)                           |
[2022-11-16 23:50:33,854] [builder.py:2321]           [INFO]     | Trakt Recommended Collection | ? | Addams Family Values (1993) (TMDb: 2758)                        |
[2022-11-16 23:50:33,867] [builder.py:2321]           [INFO]     | Trakt Recommended Collection | ? | Ghost in the Shell (1995) (TMDb: 9323)                          |
[2022-11-16 23:50:33,879] [builder.py:2321]           [INFO]     | Trakt Recommended Collection | ? | Howl's Moving Castle (2004) (TMDb: 4935)                        |
[2022-11-16 23:50:33,892] [builder.py:2321]           [INFO]     | Trakt Recommended Collection | ? | Indiana Jones and the Last Crusade (1989) (TMDb: 89)            |
[2022-11-16 23:50:33,903] [builder.py:2321]           [INFO]     | Trakt Recommended Collection | ? | The Gentlemen (2019) (TMDb: 522627)                             |
[2022-11-16 23:50:33,914] [builder.py:2321]           [INFO]     | Trakt Recommended Collection | ? | Spirited Away (2001) (TMDb: 129)                                |
[2022-11-16 23:50:33,924] [builder.py:2321]           [INFO]     | Trakt Recommended Collection | ? | What We Do in the Shadows (2014) (TMDb: 246741)                 |
[2022-11-16 23:50:33,935] [builder.py:2321]           [INFO]     | Trakt Recommended Collection | ? | The Lord of the Rings: The Two Towers (2002) (TMDb: 121)        |
[2022-11-16 23:50:33,947] [builder.py:2321]           [INFO]     | Trakt Recommended Collection | ? | Stand by Me (1986) (TMDb: 235)                                  |
[2022-11-16 23:50:33,958] [builder.py:2321]           [INFO]     | Trakt Recommended Collection | ? | Snatch (2000) (TMDb: 107)                                       |
[2022-11-16 23:50:33,973] [builder.py:2321]           [INFO]     | Trakt Recommended Collection | ? | Raiders of the Lost Ark (1981) (TMDb: 85)                       |
[2022-11-16 23:50:33,986] [builder.py:2321]           [INFO]     | Trakt Recommended Collection | ? | The Green Mile (1999) (TMDb: 497)                               |
[2022-11-16 23:50:34,002] [builder.py:2321]           [INFO]     | Trakt Recommended Collection | ? | Se7en (1995) (TMDb: 807)                                        |
[2022-11-16 23:50:34,014] [builder.py:2321]           [INFO]     | Trakt Recommended Collection | ? | Mr. Nobody (2009) (TMDb: 31011)                                 |
[2022-11-16 23:50:34,025] [builder.py:2321]           [INFO]     | Trakt Recommended Collection | ? | Joker (2019) (TMDb: 475557)                                     |
[2022-11-16 23:50:34,037] [builder.py:2321]           [INFO]     | Trakt Recommended Collection | ? | The Dark Knight (2008) (TMDb: 155)                              |
[2022-11-16 23:50:34,048] [builder.py:2321]           [INFO]     | Trakt Recommended Collection | ? | Get Out (2017) (TMDb: 419430)                                   |
[2022-11-16 23:50:34,060] [builder.py:2321]           [INFO]     | Trakt Recommended Collection | ? | Doctor Strange (2016) (TMDb: 284052)                            |
[2022-11-16 23:50:34,074] [builder.py:2321]           [INFO]     | Trakt Recommended Collection | ? | Turning Red (2022) (TMDb: 508947)                               |
[2022-11-16 23:50:34,083] [builder.py:2321]           [INFO]     | Trakt Recommended Collection | ? | Nobody (2021) (TMDb: 615457)                                    |
[2022-11-16 23:50:34,095] [builder.py:2321]           [INFO]     | Trakt Recommended Collection | ? | The Lord of the Rings: The Return of the King (2003) (TMDb: 122) |
[2022-11-16 23:50:34,105] [builder.py:2321]           [INFO]     | Trakt Recommended Collection | ? | The Godfather (1972) (TMDb: 238)                                |
[2022-11-16 23:50:34,117] [builder.py:2321]           [INFO]     | Trakt Recommended Collection | ? | Coco (2017) (TMDb: 354912)                                      |
[2022-11-16 23:50:34,129] [builder.py:2321]           [INFO]     | Trakt Recommended Collection | ? | Ghostbusters (1984) (TMDb: 620)                                 |
[2022-11-16 23:50:34,140] [builder.py:2321]           [INFO]     | Trakt Recommended Collection | ? | Top Gun (1986) (TMDb: 744)                                      |
[2022-11-16 23:50:34,151] [builder.py:2321]           [INFO]     | Trakt Recommended Collection | ? | Dune (2021) (TMDb: 438631)                                      |
[2022-11-16 23:50:34,160] [builder.py:2321]           [INFO]     | Trakt Recommended Collection | ? | Zack Snyder's Justice League (2021) (TMDb: 791373)              |
[2022-11-16 23:50:34,171] [builder.py:2321]           [INFO]     | Trakt Recommended Collection | ? | John Wick (2014) (TMDb: 245891)                                 |
[2022-11-16 23:50:34,182] [builder.py:2321]           [INFO]     | Trakt Recommended Collection | ? | Deadpool 2 (2018) (TMDb: 383498)                                |
[2022-11-16 23:50:34,193] [builder.py:2321]           [INFO]     | Trakt Recommended Collection | ? | Hereditary (2018) (TMDb: 493922)                                |
[2022-11-16 23:50:34,203] [builder.py:2321]           [INFO]     | Trakt Recommended Collection | ? | Arrival (2016) (TMDb: 329865)                                   |
[2022-11-16 23:50:34,215] [builder.py:2321]           [INFO]     | Trakt Recommended Collection | ? | Saving Private Ryan (1998) (TMDb: 857)                          |
[2022-11-16 23:50:34,233] [builder.py:2321]           [INFO]     | Trakt Recommended Collection | ? | Barbarian (2022) (TMDb: 913290)                                 |
[2022-11-16 23:50:34,243] [builder.py:2321]           [INFO]     | Trakt Recommended Collection | ? | Black Panther (2018) (TMDb: 284054)                             |
[2022-11-16 23:50:34,253] [builder.py:2321]           [INFO]     | Trakt Recommended Collection | ? | Catopolis (2022) (TMDb: 984824)                                 |
[2022-11-16 23:50:34,265] [builder.py:2321]           [INFO]     | Trakt Recommended Collection | ? | Oscar Wilde's the Nightingale and the Rose (2015) (TMDb: 380831) |
[2022-11-16 23:50:34,276] [builder.py:2321]           [INFO]     | Trakt Recommended Collection | ? | Yùl and the Snake (2015) (TMDb: 392353)                         |
[2022-11-16 23:50:34,291] [builder.py:2321]           [INFO]     | Trakt Recommended Collection | ? | Female Wars: The Reason for Women (2017) (TMDb: 688877)         |
[2022-11-16 23:50:34,306] [builder.py:2321]           [INFO]     | Trakt Recommended Collection | ? | Comedy Central Roast of Roseanne (2012) (TMDb: 329690)          |
[2022-11-16 23:50:34,318] [builder.py:2321]           [INFO]     | Trakt Recommended Collection | ? | Togo (2019) (TMDb: 606856)                                      |
[2022-11-16 23:50:34,328] [builder.py:2321]           [INFO]     | Trakt Recommended Collection | ? | Thir13en Ghosts (2001) (TMDb: 9378)                             |
[2022-11-16 23:50:34,349] [builder.py:2321]           [INFO]     | Trakt Recommended Collection | ? | The Seventh Seal (1957) (TMDb: 490)                             |
[2022-11-16 23:50:34,364] [builder.py:2321]           [INFO]     | Trakt Recommended Collection | ? | Dr. Strangelove or: How I Learned to Stop Worrying and Love the Bomb (1964) (TMDb: 935) |
[2022-11-16 23:50:34,375] [builder.py:2321]           [INFO]     | Trakt Recommended Collection | ? | Bödőcs Tibor: Kolera a Vackor Csoportban (2022) (TMDb: 956306)  |
[2022-11-16 23:50:34,385] [builder.py:2321]           [INFO]     | Trakt Recommended Collection | ? | The Hunt (2020) (TMDb: 514847)                                  |
[2022-11-16 23:50:34,403] [builder.py:2321]           [INFO]     | Trakt Recommended Collection | ? | Mad Max: Fury Road (2015) (TMDb: 76341)                         |
[2022-11-16 23:50:34,416] [builder.py:2321]           [INFO]     | Trakt Recommended Collection | ? | Ford v Ferrari (2019) (TMDb: 359724)                            |
[2022-11-16 23:50:34,428] [builder.py:2321]           [INFO]     | Trakt Recommended Collection | ? | Highlander (1986) (TMDb: 8009)                                  |
[2022-11-16 23:50:34,439] [builder.py:2321]           [INFO]     | Trakt Recommended Collection | ? | Kung Fu Hustle (2004) (TMDb: 9470)                              |
[2022-11-16 23:50:34,449] [builder.py:2321]           [INFO]     | Trakt Recommended Collection | ? | Groundhog Day (1993) (TMDb: 137)                                |
[2022-11-16 23:50:34,461] [builder.py:2321]           [INFO]     | Trakt Recommended Collection | ? | Constantine (2005) (TMDb: 561)                                  |
[2022-11-16 23:50:34,476] [builder.py:2321]           [INFO]     | Trakt Recommended Collection | ? | Rush (2013) (TMDb: 96721)                                       |
[2022-11-16 23:50:34,487] [builder.py:2321]           [INFO]     | Trakt Recommended Collection | ? | Dead Poets Society (1989) (TMDb: 207)                           |
[2022-11-16 23:50:34,498] [builder.py:2321]           [INFO]     | Trakt Recommended Collection | ? | CODA (2021) (TMDb: 776503)                                      |
[2022-11-16 23:50:34,518] [builder.py:2321]           [INFO]     | Trakt Recommended Collection | ? | Oldboy (2003) (TMDb: 670)                                       |
[2022-11-16 23:50:34,518] [builder.py:2326]           [INFO]     |                                                                                                    |
[2022-11-16 23:50:34,519] [builder.py:2327]           [INFO]     | 89 Movies Missing                                                                                  |
[2022-11-16 23:50:38,063] [builder.py:2527]           [INFO]     |                                                                                                    |
[2022-11-16 23:50:38,063] [builder.py:2528]           [INFO]     |========================= Updating Details of Trakt Recommended Collection =========================|
[2022-11-16 23:50:38,064] [builder.py:2529]           [INFO]     |                                                                                                    |
[2022-11-16 23:50:38,071] [builder.py:2595]           [INFO]     | Collection Metadata Edits                                                                          |
[2022-11-16 23:50:39,574] [builder.py:2615]           [INFO]     | Collection Mode | hide                                                                             |
[2022-11-16 23:50:39,575] [util.py:174]               [DEBUG]    | 2 posters found:                                                                                   |
[2022-11-16 23:50:39,576] [util.py:176]               [DEBUG]    | Method: url_poster Poster: https://raw.githubusercontent.com/meisnate12/Plex-Meta-Manager-Images/master/chart/Trakt%20Recommended.jpg |
[2022-11-16 23:50:39,576] [util.py:176]               [DEBUG]    | Method: asset_directory Poster: {'attribute': 'asset_directory', 'location': '/config/New_Movies/Assets/Trakt Recommended/poster.jpg', 'prefix': "Trakt Recommended's ", 'is_poster': True, 'is_url': False, 'compare': 273985, 'message': "Trakt Recommended's poster to [File] /config/New_Movies/Assets/Trakt Recommended/poster.jpg"} |
[2022-11-16 23:50:39,577] [library.py:180]            [INFO]     | Detail: Trakt Recommended's poster update not needed                                               |
[2022-11-16 23:50:39,621] [builder.py:2686]           [INFO]     |                                                                                                    |
[2022-11-16 23:50:39,621] [builder.py:2687]           [INFO]     |=============================== Sorting Trakt Recommended Collection ===============================|
[2022-11-16 23:50:39,621] [builder.py:2688]           [INFO]     |                                                                                                    |
[2022-11-16 23:50:39,622] [builder.py:2704]           [INFO]     | Moving Enola Holmes 2 (2022) to the beginning                                                      |
[2022-11-16 23:50:39,643] [builder.py:2704]           [INFO]     | Moving Top Gun: Maverick (2022) after Enola Holmes 2 (2022)                                        |
[2022-11-16 23:50:39,666] [builder.py:2704]           [INFO]     | Moving Don't Worry Darling (2022) after Bullet Train (2022)                                        |
[2022-11-16 23:50:39,688] [builder.py:2704]           [INFO]     | Moving The Woman King (2022) after Don't Worry Darling (2022)                                      |
[2022-11-16 23:50:39,709] [builder.py:2704]           [INFO]     | Moving Prey (2022) after The Woman King (2022)                                                     |
[2022-11-16 23:50:39,730] [builder.py:2704]           [INFO]     | Moving See How They Run (2022) after Prey (2022)                                                   |
[2022-11-16 23:50:39,749] [builder.py:2704]           [INFO]     | Moving Amsterdam (2022) after See How They Run (2022)                                              |
[2022-11-16 23:50:39,769] [builder.py:2704]           [INFO]     | Moving R.I.P.D. 2: Rise of the Damned (2022) after Amsterdam (2022)                                |
[2022-11-16 23:50:39,792] [plex_meta_manager.py:736]  [INFO]     |                                                                                                    |
[2022-11-16 23:50:39,793] [plex_meta_manager.py:737]  [INFO]     |====================================================================================================|
[2022-11-16 23:50:39,793] [plex_meta_manager.py:737]  [INFO]     |                               Finished Trakt Recommended Collection                                |
[2022-11-16 23:50:39,793] [plex_meta_manager.py:737]  [INFO]     |                                    Collection Run Time: 0:00:21                                    |
[2022-11-16 23:50:39,793] [plex_meta_manager.py:737]  [INFO]     |====================================================================================================|
